2018-10-15 10:10:28,025 [1] DEBUG DefaultBootstrap - The server instance LISTServer has been created!
2018-10-15 10:10:28,139 [1] DEBUG LISTServer - The command 11105(ListBLL.Logic.AgentGetGroupInfo) has been discovered
2018-10-15 10:10:28,139 [1] DEBUG LISTServer - The command 11107(ListBLL.Logic.AgentGroupUsersManager) has been discovered
2018-10-15 10:10:28,139 [1] DEBUG LISTServer - The command 11110(ListBLL.Logic.AgentSignIn) has been discovered
2018-10-15 10:10:28,139 [1] DEBUG LISTServer - The command 11060(ListBLL.Logic.ApplyRecord) has been discovered
2018-10-15 10:10:28,140 [1] DEBUG LISTServer - The command 11040(ListBLL.Logic.ApplyToJoin) has been discovered
2018-10-15 10:10:28,140 [1] DEBUG LISTServer - The command 11070(ListBLL.Logic.ChangeApplyStatus) has been discovered
2018-10-15 10:10:28,140 [1] DEBUG LISTServer - The command 11103(ListBLL.Logic.CreateGroup) has been discovered
2018-10-15 10:10:28,140 [1] DEBUG LISTServer - The command 11109(ListBLL.Logic.DeleteGroup) has been discovered
2018-10-15 10:10:28,140 [1] DEBUG LISTServer - The command 19005(ListBLL.Logic.Feedback) has been discovered
2018-10-15 10:10:28,140 [1] DEBUG LISTServer - The command 11020(ListBLL.Logic.GameOperation) has been discovered
2018-10-15 10:10:28,140 [1] DEBUG LISTServer - The command 11030(ListBLL.Logic.GetGroupInfo) has been discovered
2018-10-15 10:10:28,140 [1] DEBUG LISTServer - The command 11032(ListBLL.Logic.GetGroupInfoByGroupID) has been discovered
2018-10-15 10:10:28,140 [1] DEBUG LISTServer - The command 11034(ListBLL.Logic.GetGroupUserInfoByGroupID) has been discovered
2018-10-15 10:10:28,140 [1] DEBUG LISTServer - The command 11022(ListBLL.Logic.GetRoomCard) has been discovered
2018-10-15 10:10:28,140 [1] DEBUG LISTServer - The command 11050(ListBLL.Logic.GroupUsersManager) has been discovered
2018-10-15 10:10:28,140 [1] DEBUG LISTServer - The command 10001(ListBLL.Logic.Heartbeat) has been discovered
2018-10-15 10:10:28,140 [1] DEBUG LISTServer - The command 11080(ListBLL.Logic.LobbyInfo) has been discovered
2018-10-15 10:10:28,140 [1] DEBUG LISTServer - The command 11001(ListBLL.Logic.Login) has been discovered
2018-10-15 10:10:28,140 [1] DEBUG LISTServer - The command 11003(ListBLL.Logic.LoginPW) has been discovered
2018-10-15 10:10:28,140 [1] DEBUG LISTServer - The command 11101(ListBLL.Logic.Package) has been discovered
2018-10-15 10:10:28,140 [1] DEBUG LISTServer - The command 11090(ListBLL.Logic.QuitGroup) has been discovered
2018-10-15 10:10:28,140 [1] DEBUG LISTServer - The command 11108(ListBLL.Logic.SearchPlayer) has been discovered
2018-10-15 10:10:28,140 [1] DEBUG LISTServer - The command 19003(ListBLL.Logic.UserGamePlaybackLogic) has been discovered
2018-10-15 10:10:28,140 [1] DEBUG LISTServer - The command 19001(ListBLL.Logic.UserRecordLogic) has been discovered
2018-10-15 10:10:28,151 [1] DEBUG DefaultBootstrap - The server instance LISTServer has been initialized!
2018-10-15 10:10:28,588 [1] DEBUG DefaultBootstrap - The PerformanceMonitor has been initialized!
2018-10-15 10:10:28,588 [1] DEBUG DefaultBootstrap - The Bootstrap has been initialized!
2018-10-15 10:10:28,606 [1] DEBUG LISTServer - Listener (0.0.0.0:2018) was started
2018-10-15 10:10:28,609 [1] DEBUG DefaultBootstrap - The PerformanceMonitor has been started!
2018-10-15 10:10:50,241 [7] DEBUG LISTServer - 登陆sssionID--------dd09d104-c445-4e08-80ca-fb4d6876ee59
2018-10-15 10:10:50,241 [7] DEBUG LISTServer - 登录游戏----------2018/10/15 星期一 10:10:50
2018-10-15 10:10:50,748 [7] DEBUG LISTServer - 登录用户openid:823f4baf8343776d987bc4f5459e151ad7551855|昵称:测试用户823----------2018/10/15 星期一 10:10:50
2018-10-15 10:10:52,141 [7] DEBUG LISTServer - 登录游戏成功----------2018/10/15 星期一 10:10:52
2018-10-15 10:17:21,003 [1] DEBUG DefaultBootstrap - The server instance LISTServer has been created!
2018-10-15 10:17:21,121 [1] DEBUG LISTServer - The command 11105(ListBLL.Logic.AgentGetGroupInfo) has been discovered
2018-10-15 10:17:21,121 [1] DEBUG LISTServer - The command 11107(ListBLL.Logic.AgentGroupUsersManager) has been discovered
2018-10-15 10:17:21,121 [1] DEBUG LISTServer - The command 11110(ListBLL.Logic.AgentSignIn) has been discovered
2018-10-15 10:17:21,121 [1] DEBUG LISTServer - The command 11060(ListBLL.Logic.ApplyRecord) has been discovered
2018-10-15 10:17:21,121 [1] DEBUG LISTServer - The command 11040(ListBLL.Logic.ApplyToJoin) has been discovered
2018-10-15 10:17:21,121 [1] DEBUG LISTServer - The command 11070(ListBLL.Logic.ChangeApplyStatus) has been discovered
2018-10-15 10:17:21,121 [1] DEBUG LISTServer - The command 11103(ListBLL.Logic.CreateGroup) has been discovered
2018-10-15 10:17:21,121 [1] DEBUG LISTServer - The command 11109(ListBLL.Logic.DeleteGroup) has been discovered
2018-10-15 10:17:21,121 [1] DEBUG LISTServer - The command 19005(ListBLL.Logic.Feedback) has been discovered
2018-10-15 10:17:21,121 [1] DEBUG LISTServer - The command 11020(ListBLL.Logic.GameOperation) has been discovered
2018-10-15 10:17:21,121 [1] DEBUG LISTServer - The command 11030(ListBLL.Logic.GetGroupInfo) has been discovered
2018-10-15 10:17:21,121 [1] DEBUG LISTServer - The command 11032(ListBLL.Logic.GetGroupInfoByGroupID) has been discovered
2018-10-15 10:17:21,121 [1] DEBUG LISTServer - The command 11034(ListBLL.Logic.GetGroupUserInfoByGroupID) has been discovered
2018-10-15 10:17:21,121 [1] DEBUG LISTServer - The command 11022(ListBLL.Logic.GetRoomCard) has been discovered
2018-10-15 10:17:21,121 [1] DEBUG LISTServer - The command 11050(ListBLL.Logic.GroupUsersManager) has been discovered
2018-10-15 10:17:21,121 [1] DEBUG LISTServer - The command 10001(ListBLL.Logic.Heartbeat) has been discovered
2018-10-15 10:17:21,122 [1] DEBUG LISTServer - The command 11080(ListBLL.Logic.LobbyInfo) has been discovered
2018-10-15 10:17:21,122 [1] DEBUG LISTServer - The command 11001(ListBLL.Logic.Login) has been discovered
2018-10-15 10:17:21,122 [1] DEBUG LISTServer - The command 11003(ListBLL.Logic.LoginPW) has been discovered
2018-10-15 10:17:21,122 [1] DEBUG LISTServer - The command 11101(ListBLL.Logic.Package) has been discovered
2018-10-15 10:17:21,122 [1] DEBUG LISTServer - The command 11090(ListBLL.Logic.QuitGroup) has been discovered
2018-10-15 10:17:21,122 [1] DEBUG LISTServer - The command 11108(ListBLL.Logic.SearchPlayer) has been discovered
2018-10-15 10:17:21,122 [1] DEBUG LISTServer - The command 19003(ListBLL.Logic.UserGamePlaybackLogic) has been discovered
2018-10-15 10:17:21,122 [1] DEBUG LISTServer - The command 19001(ListBLL.Logic.UserRecordLogic) has been discovered
2018-10-15 10:17:21,133 [1] DEBUG DefaultBootstrap - The server instance LISTServer has been initialized!
2018-10-15 10:17:21,640 [1] DEBUG DefaultBootstrap - The PerformanceMonitor has been initialized!
2018-10-15 10:17:21,640 [1] DEBUG DefaultBootstrap - The Bootstrap has been initialized!
2018-10-15 10:17:21,658 [1] DEBUG LISTServer - Listener (0.0.0.0:2018) was started
2018-10-15 10:17:21,662 [1] DEBUG DefaultBootstrap - The PerformanceMonitor has been started!
