2018-10-15 10:10:28,676 Performance - ---------------------------------------------------
CPU Usage: 0.00%, Physical Memory Usage: 41,099,264.00, Total Thread Count: 24
AvailableWorkingThreads: 2046, AvailableCompletionPortThreads: 1000
MaxWorkingThreads: 2047, MaxCompletionPortThreads: 1000
LISTServer ----------------------------------
Started Time: 2018/10/15 星期一 10:10:28
Is Running: True
Total Connections: 0
Maximum Allowed Connection Number: 1000
Total Handled Requests: 0
Request Handling Speed (#/second): 0
Avialable Sending Queue Items: 256
Total Sending Queue Items: 256

2018-10-15 10:11:28,669 Performance - ---------------------------------------------------
CPU Usage: 0.25%, Physical Memory Usage: 71,536,640.00, Total Thread Count: 31
AvailableWorkingThreads: 2046, AvailableCompletionPortThreads: 1000
MaxWorkingThreads: 2047, MaxCompletionPortThreads: 1000
LISTServer ----------------------------------
Started Time: 2018/10/15 星期一 10:10:28
Is Running: True
Total Connections: 0
Maximum Allowed Connection Number: 1000
Total Handled Requests: 13
Request Handling Speed (#/second): 0
Avialable Sending Queue Items: 256
Total Sending Queue Items: 256

2018-10-15 10:17:21,735 Performance - ---------------------------------------------------
CPU Usage: 0.00%, Physical Memory Usage: 39,403,520.00, Total Thread Count: 30
AvailableWorkingThreads: 2046, AvailableCompletionPortThreads: 1000
MaxWorkingThreads: 2047, MaxCompletionPortThreads: 1000
LISTServer ----------------------------------
Started Time: 2018/10/15 星期一 10:17:21
Is Running: True
Total Connections: 0
Maximum Allowed Connection Number: 1000
Total Handled Requests: 0
Request Handling Speed (#/second): 0
Avialable Sending Queue Items: 256
Total Sending Queue Items: 256

