2017-12-26 17:57:45,722 [1] DEBUG DefaultBootstrap - The server instance LISTServer has been created!
2017-12-26 17:57:46,180 [1] DEBUG LISTServer - The command 11105(ListBLL.Logic.AgentGetGroupInfo) has been discovered
2017-12-26 17:57:46,181 [1] DEBUG LISTServer - The command 11107(ListBLL.Logic.AgentGroupUsersManager) has been discovered
2017-12-26 17:57:46,181 [1] DEBUG LISTServer - The command 11060(ListBLL.Logic.ApplyRecord) has been discovered
2017-12-26 17:57:46,181 [1] DEBUG LISTServer - The command 11040(ListBLL.Logic.ApplyToJoin) has been discovered
2017-12-26 17:57:46,181 [1] DEBUG LISTServer - The command 11070(ListBLL.Logic.ChangeApplyStatus) has been discovered
2017-12-26 17:57:46,181 [1] DEBUG LISTServer - The command 11103(ListBLL.Logic.CreateGroup) has been discovered
2017-12-26 17:57:46,181 [1] DEBUG LISTServer - The command 11109(ListBLL.Logic.DeleteGroup) has been discovered
2017-12-26 17:57:46,182 [1] DEBUG LISTServer - The command 19005(ListBLL.Logic.Feedback) has been discovered
2017-12-26 17:57:46,182 [1] DEBUG LISTServer - The command 11020(ListBLL.Logic.GameOperation) has been discovered
2017-12-26 17:57:46,182 [1] DEBUG LISTServer - The command 11030(ListBLL.Logic.GetGroupInfo) has been discovered
2017-12-26 17:57:46,182 [1] DEBUG LISTServer - The command 11022(ListBLL.Logic.GetRoomCard) has been discovered
2017-12-26 17:57:46,182 [1] DEBUG LISTServer - The command 11050(ListBLL.Logic.GroupUsersManager) has been discovered
2017-12-26 17:57:46,182 [1] DEBUG LISTServer - The command 10001(ListBLL.Logic.Heartbeat) has been discovered
2017-12-26 17:57:46,182 [1] DEBUG LISTServer - The command 11080(ListBLL.Logic.LobbyInfo) has been discovered
2017-12-26 17:57:46,182 [1] DEBUG LISTServer - The command 11001(ListBLL.Logic.Login) has been discovered
2017-12-26 17:57:46,182 [1] DEBUG LISTServer - The command 11101(ListBLL.Logic.Package) has been discovered
2017-12-26 17:57:46,182 [1] DEBUG LISTServer - The command 11090(ListBLL.Logic.QuitGroup) has been discovered
2017-12-26 17:57:46,182 [1] DEBUG LISTServer - The command 11108(ListBLL.Logic.SearchPlayer) has been discovered
2017-12-26 17:57:46,182 [1] DEBUG LISTServer - The command 19003(ListBLL.Logic.UserGamePlaybackLogic) has been discovered
2017-12-26 17:57:46,183 [1] DEBUG LISTServer - The command 19001(ListBLL.Logic.UserRecordLogic) has been discovered
2017-12-26 17:57:46,202 [1] DEBUG DefaultBootstrap - The server instance LISTServer has been initialized!
2017-12-26 17:57:47,016 [1] DEBUG DefaultBootstrap - The PerformanceMonitor has been initialized!
2017-12-26 17:57:47,016 [1] DEBUG DefaultBootstrap - The Bootstrap has been initialized!
2017-12-26 17:57:47,055 [1] DEBUG LISTServer - Listener (0.0.0.0:2018) was started
2017-12-26 17:57:47,059 [1] DEBUG DefaultBootstrap - The PerformanceMonitor has been started!
2017-12-26 17:59:14,290 [8] DEBUG LISTServer - 登陆sssionID--------a5d3de67-cdd7-427b-859c-6e9dcceafae7
2017-12-26 17:59:14,290 [8] DEBUG LISTServer - 登录游戏----------2017/12/26 17:59:14
2017-12-26 17:59:15,539 [8] DEBUG LISTServer - 登录用户openid:71990|昵称:压测用户71990----------2017/12/26 17:59:15
2017-12-26 17:59:28,981 [8] DEBUG LISTServer - 登录游戏成功----------2017/12/26 17:59:28
2017-12-26 18:00:04,671 [18] DEBUG LISTServer - 登陆sssionID--------dfe24faa-fb8f-4800-9bfd-591bde7ba9e4
2017-12-26 18:00:04,671 [18] DEBUG LISTServer - 登录游戏----------2017/12/26 18:00:04
2017-12-26 18:00:04,671 [8] DEBUG LISTServer - 登陆sssionID--------3b197583-ac0d-43a3-92fa-6e7ff85a1fad
2017-12-26 18:00:04,671 [8] DEBUG LISTServer - 登录游戏----------2017/12/26 18:00:04
2017-12-26 18:00:04,767 [18] DEBUG LISTServer - 登录用户openid:65184|昵称:压测用户65184----------2017/12/26 18:00:04
2017-12-26 18:00:04,862 [8] DEBUG LISTServer - 登录用户openid:65184|昵称:压测用户65184----------2017/12/26 18:00:04
2017-12-26 18:00:05,291 [18] DEBUG LISTServer - 登录游戏成功----------2017/12/26 18:00:05
2017-12-26 18:00:05,456 [8] DEBUG LISTServer - 登录游戏成功----------2017/12/26 18:00:05
2017-12-26 18:00:50,221 [8] DEBUG LISTServer - 登陆sssionID--------8ad3499c-11a5-4f76-aff2-e21dc5d8ca04
2017-12-26 18:00:50,221 [8] DEBUG LISTServer - 登录游戏----------2017/12/26 18:00:50
2017-12-26 18:00:50,458 [8] DEBUG LISTServer - 登录用户openid:16564|昵称:压测用户16564----------2017/12/26 18:00:50
2017-12-26 18:00:51,148 [8] DEBUG LISTServer - 登录游戏成功----------2017/12/26 18:00:51
2017-12-26 18:00:51,352 [38] DEBUG LISTServer - 登陆sssionID--------5ef7f786-2e77-457b-bb36-d8654dcfa95d
2017-12-26 18:00:51,352 [38] DEBUG LISTServer - 登录游戏----------2017/12/26 18:00:51
2017-12-26 18:00:51,684 [38] DEBUG LISTServer - 登录用户openid:82127|昵称:压测用户82127----------2017/12/26 18:00:51
2017-12-26 18:00:52,744 [38] DEBUG LISTServer - 登录游戏成功----------2017/12/26 18:00:52
2017-12-26 18:01:19,526 [40] DEBUG LISTServer - 登陆sssionID--------b6f3c075-e72b-4eca-b1bf-30e8cfc80070
2017-12-26 18:01:19,526 [40] DEBUG LISTServer - 登录游戏----------2017/12/26 18:01:19
2017-12-26 18:01:19,715 [40] DEBUG LISTServer - 登录用户openid:46337|昵称:压测用户46337----------2017/12/26 18:01:19
2017-12-26 18:01:20,372 [40] DEBUG LISTServer - 登录游戏成功----------2017/12/26 18:01:20
2017-12-26 18:01:21,504 [18] DEBUG LISTServer - 登陆sssionID--------1c46e915-b961-4b9b-8074-8b6d098ad323
2017-12-26 18:01:21,504 [18] DEBUG LISTServer - 登录游戏----------2017/12/26 18:01:21
2017-12-26 18:01:21,667 [18] DEBUG LISTServer - 登录用户openid:90601|昵称:压测用户90601----------2017/12/26 18:01:21
2017-12-26 18:01:22,277 [18] DEBUG LISTServer - 登录游戏成功----------2017/12/26 18:01:22
2017-12-26 18:01:35,849 [40] DEBUG LISTServer - 登陆sssionID--------53da62e6-b861-4e34-9c59-38007a2d1b5f
2017-12-26 18:01:35,849 [40] DEBUG LISTServer - 登录游戏----------2017/12/26 18:01:35
2017-12-26 18:01:36,036 [40] DEBUG LISTServer - 登录用户openid:75510|昵称:压测用户75510----------2017/12/26 18:01:36
2017-12-26 18:01:36,758 [40] DEBUG LISTServer - 登录游戏成功----------2017/12/26 18:01:36
2017-12-26 18:01:39,186 [40] DEBUG LISTServer - 登陆sssionID--------ebec45f4-ebb9-46db-8a3e-e5c4fdfe99b0
2017-12-26 18:01:39,186 [40] DEBUG LISTServer - 登录游戏----------2017/12/26 18:01:39
2017-12-26 18:01:39,366 [40] DEBUG LISTServer - 登录用户openid:27615|昵称:压测用户27615----------2017/12/26 18:01:39
2017-12-26 18:01:40,156 [40] DEBUG LISTServer - 登录游戏成功----------2017/12/26 18:01:40
2017-12-26 18:01:43,979 [8] DEBUG LISTServer - 登陆sssionID--------a3387704-8469-4a68-ac5d-67e816d99c8a
2017-12-26 18:01:43,979 [8] DEBUG LISTServer - 登录游戏----------2017/12/26 18:01:43
2017-12-26 18:01:44,206 [8] DEBUG LISTServer - 登录用户openid:66588|昵称:压测用户66588----------2017/12/26 18:01:44
2017-12-26 18:01:44,903 [8] DEBUG LISTServer - 登录游戏成功----------2017/12/26 18:01:44
2017-12-26 18:02:04,429 [8] DEBUG LISTServer - 登陆sssionID--------cb26c2ca-4d98-4e4c-9495-cd96b1e393e4
2017-12-26 18:02:04,429 [8] DEBUG LISTServer - 登录游戏----------2017/12/26 18:02:04
2017-12-26 18:02:04,618 [8] DEBUG LISTServer - 登录用户openid:63867|昵称:压测用户63867----------2017/12/26 18:02:04
2017-12-26 18:02:05,223 [8] DEBUG LISTServer - 登录游戏成功----------2017/12/26 18:02:05
2017-12-26 18:03:30,177 [8] DEBUG LISTServer - 登陆sssionID--------62c86cfa-92bc-4b6e-848b-c359f3e23b78
2017-12-26 18:03:30,177 [8] DEBUG LISTServer - 登录游戏----------2017/12/26 18:03:30
2017-12-26 18:03:32,984 [8] DEBUG LISTServer - 登录用户openid:91652|昵称:压测用户91652----------2017/12/26 18:03:32
2017-12-26 18:03:49,158 [436] DEBUG LISTServer - 登陆sssionID--------686ceffa-30a5-44f6-a1bf-cff749127688
2017-12-26 18:03:49,158 [436] DEBUG LISTServer - 登录游戏----------2017/12/26 18:03:49
2017-12-26 18:04:08,708 [436] DEBUG LISTServer - 登录用户openid:82142|昵称:压测用户82142----------2017/12/26 18:04:08
2017-12-26 18:04:09,450 [436] DEBUG LISTServer - 登录游戏成功----------2017/12/26 18:04:09
2017-12-26 18:04:57,553 [1] DEBUG DefaultBootstrap - The server instance LISTServer has been created!
2017-12-26 18:04:57,686 [1] DEBUG LISTServer - The command 11105(ListBLL.Logic.AgentGetGroupInfo) has been discovered
2017-12-26 18:04:57,686 [1] DEBUG LISTServer - The command 11107(ListBLL.Logic.AgentGroupUsersManager) has been discovered
2017-12-26 18:04:57,686 [1] DEBUG LISTServer - The command 11060(ListBLL.Logic.ApplyRecord) has been discovered
2017-12-26 18:04:57,686 [1] DEBUG LISTServer - The command 11040(ListBLL.Logic.ApplyToJoin) has been discovered
2017-12-26 18:04:57,686 [1] DEBUG LISTServer - The command 11070(ListBLL.Logic.ChangeApplyStatus) has been discovered
2017-12-26 18:04:57,687 [1] DEBUG LISTServer - The command 11103(ListBLL.Logic.CreateGroup) has been discovered
2017-12-26 18:04:57,687 [1] DEBUG LISTServer - The command 11109(ListBLL.Logic.DeleteGroup) has been discovered
2017-12-26 18:04:57,687 [1] DEBUG LISTServer - The command 19005(ListBLL.Logic.Feedback) has been discovered
2017-12-26 18:04:57,687 [1] DEBUG LISTServer - The command 11020(ListBLL.Logic.GameOperation) has been discovered
2017-12-26 18:04:57,687 [1] DEBUG LISTServer - The command 11030(ListBLL.Logic.GetGroupInfo) has been discovered
2017-12-26 18:04:57,687 [1] DEBUG LISTServer - The command 11022(ListBLL.Logic.GetRoomCard) has been discovered
2017-12-26 18:04:57,687 [1] DEBUG LISTServer - The command 11050(ListBLL.Logic.GroupUsersManager) has been discovered
2017-12-26 18:04:57,687 [1] DEBUG LISTServer - The command 10001(ListBLL.Logic.Heartbeat) has been discovered
2017-12-26 18:04:57,687 [1] DEBUG LISTServer - The command 11080(ListBLL.Logic.LobbyInfo) has been discovered
2017-12-26 18:04:57,687 [1] DEBUG LISTServer - The command 11001(ListBLL.Logic.Login) has been discovered
2017-12-26 18:04:57,687 [1] DEBUG LISTServer - The command 11101(ListBLL.Logic.Package) has been discovered
2017-12-26 18:04:57,687 [1] DEBUG LISTServer - The command 11090(ListBLL.Logic.QuitGroup) has been discovered
2017-12-26 18:04:57,687 [1] DEBUG LISTServer - The command 11108(ListBLL.Logic.SearchPlayer) has been discovered
2017-12-26 18:04:57,687 [1] DEBUG LISTServer - The command 19003(ListBLL.Logic.UserGamePlaybackLogic) has been discovered
2017-12-26 18:04:57,688 [1] DEBUG LISTServer - The command 19001(ListBLL.Logic.UserRecordLogic) has been discovered
2017-12-26 18:04:57,702 [1] DEBUG DefaultBootstrap - The server instance LISTServer has been initialized!
2017-12-26 18:04:58,804 [1] DEBUG DefaultBootstrap - The PerformanceMonitor has been initialized!
2017-12-26 18:04:58,804 [1] DEBUG DefaultBootstrap - The Bootstrap has been initialized!
2017-12-26 18:04:58,827 [1] DEBUG LISTServer - Listener (0.0.0.0:2018) was started
2017-12-26 18:04:58,830 [1] DEBUG DefaultBootstrap - The PerformanceMonitor has been started!
2017-12-26 18:05:08,828 [13] DEBUG LISTServer - 登陆sssionID--------40060185-e480-4094-b633-b040bfdb92f7
2017-12-26 18:05:08,828 [13] DEBUG LISTServer - 登录游戏----------2017/12/26 18:05:08
2017-12-26 18:05:09,552 [13] DEBUG LISTServer - 登录用户openid:11499|昵称:压测用户11499----------2017/12/26 18:05:09
2017-12-26 18:05:10,328 [13] DEBUG LISTServer - 登录游戏成功----------2017/12/26 18:05:10
2017-12-26 18:05:18,442 [7] DEBUG LISTServer - 登陆sssionID--------5997686a-cde4-4346-a848-3f6f331f8741
2017-12-26 18:05:18,442 [7] DEBUG LISTServer - 登录游戏----------2017/12/26 18:05:18
2017-12-26 18:05:18,653 [7] DEBUG LISTServer - 登录用户openid:34282|昵称:压测用户34282----------2017/12/26 18:05:18
2017-12-26 18:05:19,178 [7] DEBUG LISTServer - 登录游戏成功----------2017/12/26 18:05:19
