2017-09-23 10:22:22,025 [1] DEBUG DefaultBootstrap - The server instance LISTServer has been created!
2017-09-23 10:22:22,150 [1] DEBUG LISTServer - The command 11020(ListBLL.Logic.GameOperation) has been discovered
2017-09-23 10:22:22,150 [1] DEBUG LISTServer - The command 10001(ListBLL.Logic.Heartbeat) has been discovered
2017-09-23 10:22:22,150 [1] DEBUG LISTServer - The command 11001(ListBLL.Logic.Login) has been discovered
2017-09-23 10:22:22,150 [1] DEBUG LISTServer - The command 19003(ListBLL.Logic.UserGamePlaybackLogic) has been discovered
2017-09-23 10:22:22,150 [1] DEBUG LISTServer - The command 19001(ListBLL.Logic.UserRecordLogic) has been discovered
2017-09-23 10:22:22,150 [1] DEBUG DefaultBootstrap - The server instance LISTServer has been initialized!
2017-09-23 10:22:22,837 [1] DEBUG DefaultBootstrap - The PerformanceMonitor has been initialized!
2017-09-23 10:22:22,837 [1] DEBUG DefaultBootstrap - The Bootstrap has been initialized!
2017-09-23 10:22:22,853 [1] DEBUG LISTServer - Listener (0.0.0.0:2018) was started
2017-09-23 10:22:22,853 [1] DEBUG DefaultBootstrap - The PerformanceMonitor has been started!
2017-09-23 10:27:15,698 [10] DEBUG LISTServer - 登陆sssionID--------9372e22e-99ed-4585-81fe-0f3f6e8c49be
2017-09-23 10:27:15,698 [10] DEBUG LISTServer - 登录游戏----------2017/9/23 10:27:15
2017-09-23 10:27:16,901 [10] DEBUG LISTServer - 登录用户openid:13cdd4e572743f204c3335c7376a4711|昵称:测试用户13c----------2017/9/23 10:27:16
2017-09-23 10:27:18,104 [10] DEBUG LISTServer - 登录游戏成功----------2017/9/23 10:27:18
2017-09-23 10:31:08,785 [8] DEBUG LISTServer - 登陆sssionID--------f3a6f4ab-d397-4881-a0da-bf571783fba3
2017-09-23 10:31:08,785 [8] DEBUG LISTServer - 登录游戏----------2017/9/23 10:31:08
2017-09-23 10:31:09,160 [8] DEBUG LISTServer - 登录用户openid:17da9228849df8ed9400ca4e907dca8c776081ad|昵称:测试用户17d----------2017/9/23 10:31:09
2017-09-23 10:31:09,801 [8] DEBUG LISTServer - 登录游戏成功----------2017/9/23 10:31:09
2017-09-23 10:32:09,698 [10] DEBUG LISTServer - 登陆sssionID--------a614887a-92a9-429d-968c-26a27955d60a
2017-09-23 10:32:09,698 [10] DEBUG LISTServer - 登录游戏----------2017/9/23 10:32:09
2017-09-23 10:32:09,870 [10] DEBUG LISTServer - 登录用户openid:17da9228849df8ed9400ca4e907dca8c776081ad|昵称:测试用户17d----------2017/9/23 10:32:09
2017-09-23 10:32:10,354 [10] DEBUG LISTServer - 登录游戏成功,当前对象存在----------2017/9/23 10:32:10
2017-09-23 10:33:12,252 [8] DEBUG LISTServer - 登陆sssionID--------1677a394-0e4b-4066-b7f1-628fd6f66542
2017-09-23 10:33:12,252 [8] DEBUG LISTServer - 登录游戏----------2017/9/23 10:33:12
2017-09-23 10:33:12,626 [8] DEBUG LISTServer - 登录用户openid:17da9228849df8ed9400ca4e907dca8c776081ad|昵称:测试用户17d----------2017/9/23 10:33:12
2017-09-23 10:33:13,345 [8] DEBUG LISTServer - 登录游戏成功,当前对象存在----------2017/9/23 10:33:13
2017-09-23 10:38:50,850 [10] DEBUG LISTServer - 登陆sssionID--------f18d9dcc-929f-4b02-8952-5e090d6397af
2017-09-23 10:38:50,850 [10] DEBUG LISTServer - 登录游戏----------2017/9/23 10:38:50
2017-09-23 10:38:51,210 [10] DEBUG LISTServer - 登录用户openid:17da9228849df8ed9400ca4e907dca8c776081ad|昵称:测试用户17d----------2017/9/23 10:38:51
2017-09-23 10:38:51,960 [10] DEBUG LISTServer - 登录游戏成功,当前对象存在----------2017/9/23 10:38:51
2017-09-23 11:00:53,696 [9] DEBUG LISTServer - 登陆sssionID--------0ee0aadd-5e13-4d85-b239-e85482a5ab64
2017-09-23 11:00:53,696 [9] DEBUG LISTServer - 登录游戏----------2017/9/23 11:00:53
2017-09-23 11:00:55,056 [9] DEBUG LISTServer - 登录用户openid:17da9228849df8ed9400ca4e907dca8c776081ad|昵称:测试用户17d----------2017/9/23 11:00:55
2017-09-23 11:00:56,071 [9] DEBUG LISTServer - 登录游戏成功,当前对象存在----------2017/9/23 11:00:56
2017-09-23 11:12:51,738 [8] DEBUG LISTServer - 登陆sssionID--------cc749773-e23f-4a63-b74f-6fc301df6a68
2017-09-23 11:12:51,738 [8] DEBUG LISTServer - 登录游戏----------2017/9/23 11:12:51
2017-09-23 11:12:52,051 [8] DEBUG LISTServer - 登录用户openid:17da9228849df8ed9400ca4e907dca8c776081ad|昵称:测试用户17d----------2017/9/23 11:12:52
2017-09-23 11:12:52,707 [8] DEBUG LISTServer - 登录游戏成功,当前对象存在----------2017/9/23 11:12:52
2017-09-23 11:19:04,776 [9] DEBUG LISTServer - 登陆sssionID--------689d21b2-69f9-47f8-bc83-c47cd360d489
2017-09-23 11:19:04,776 [9] DEBUG LISTServer - 登录游戏----------2017/9/23 11:19:04
2017-09-23 11:19:05,276 [9] DEBUG LISTServer - 登录用户openid:17da9228849df8ed9400ca4e907dca8c776081ad|昵称:测试用户17d----------2017/9/23 11:19:05
2017-09-23 11:19:06,151 [9] DEBUG LISTServer - 登录游戏成功,当前对象存在----------2017/9/23 11:19:06
2017-09-23 11:24:13,084 [8] DEBUG LISTServer - 登陆sssionID--------efad20e0-ac54-49f6-9077-f83d02c46588
2017-09-23 11:24:13,084 [8] DEBUG LISTServer - 登录游戏----------2017/9/23 11:24:13
2017-09-23 11:24:13,475 [8] DEBUG LISTServer - 登录用户openid:13cdd4e572743f204c3335c7376a4711|昵称:测试用户13c----------2017/9/23 11:24:13
2017-09-23 11:24:14,209 [8] DEBUG LISTServer - 登录游戏成功,当前对象存在----------2017/9/23 11:24:14
2017-09-23 11:51:37,714 [59] DEBUG LISTServer - 登陆sssionID--------f8865915-f6aa-45fb-a3b3-8e11876e73ec
2017-09-23 11:51:37,714 [59] DEBUG LISTServer - 登录游戏----------2017/9/23 11:51:37
2017-09-23 11:51:38,183 [59] DEBUG LISTServer - 登录用户openid:17da9228849df8ed9400ca4e907dca8c776081ad|昵称:测试用户17d----------2017/9/23 11:51:38
2017-09-23 11:51:39,698 [59] DEBUG LISTServer - 登录游戏成功,当前对象存在----------2017/9/23 11:51:39
2017-09-23 11:55:16,460 [10] DEBUG LISTServer - 登陆sssionID--------31c87346-4823-4df8-bde3-318cdbb382df
2017-09-23 11:55:16,460 [10] DEBUG LISTServer - 登录游戏----------2017/9/23 11:55:16
2017-09-23 11:55:21,539 [10] DEBUG LISTServer - 登录用户openid:13cdd4e572743f204c3335c7376a4711|昵称:测试用户13c----------2017/9/23 11:55:21
2017-09-23 11:55:23,992 [10] DEBUG LISTServer - 登录游戏成功,当前对象存在----------2017/9/23 11:55:23
2017-09-23 11:55:29,743 [59] DEBUG LISTServer - 登陆sssionID--------fce48b3b-21c4-4867-bdde-ac29f2a09d8c
2017-09-23 11:55:29,743 [59] DEBUG LISTServer - 登录游戏----------2017/9/23 11:55:29
2017-09-23 11:55:30,071 [59] DEBUG LISTServer - 登录用户openid:ef2110d6b36f7eca009a60551ab3db1f|昵称:测试用户ef2----------2017/9/23 11:55:30
2017-09-23 11:55:31,696 [59] DEBUG LISTServer - 登录游戏成功----------2017/9/23 11:55:31
2017-09-23 11:58:24,749 [10] DEBUG LISTServer - 登陆sssionID--------0186cec3-1843-4a8d-901c-edd738ce8a8d
2017-09-23 11:58:24,749 [10] DEBUG LISTServer - 登录游戏----------2017/9/23 11:58:24
2017-09-23 11:58:25,140 [10] DEBUG LISTServer - 登录用户openid:13cdd4e572743f204c3335c7376a4711|昵称:测试用户13c----------2017/9/23 11:58:25
2017-09-23 11:58:25,812 [10] DEBUG LISTServer - 登录游戏成功,当前对象存在----------2017/9/23 11:58:25
2017-09-23 12:00:44,038 [9] DEBUG LISTServer - 登陆sssionID--------7708d700-8ebc-4767-b23c-1aa70f3acf46
2017-09-23 12:00:44,038 [9] DEBUG LISTServer - 登录游戏----------2017/9/23 12:00:44
2017-09-23 12:00:44,460 [9] DEBUG LISTServer - 登录用户openid:17da9228849df8ed9400ca4e907dca8c776081ad|昵称:测试用户17d----------2017/9/23 12:00:44
2017-09-23 12:00:45,225 [9] DEBUG LISTServer - 登录游戏成功,当前对象存在----------2017/9/23 12:00:45
2017-09-23 12:01:57,421 [9] DEBUG LISTServer - 登陆sssionID--------8fc2c05d-916b-4efd-a62d-c263139651fa
2017-09-23 12:01:57,421 [9] DEBUG LISTServer - 登录游戏----------2017/9/23 12:01:57
2017-09-23 12:01:57,671 [9] DEBUG LISTServer - 登录用户openid:9697486827159f30f5cab73bbab97a1b56966c2a|昵称:测试用户969----------2017/9/23 12:01:57
2017-09-23 12:01:58,296 [9] DEBUG LISTServer - 登录游戏成功----------2017/9/23 12:01:58
2017-09-23 12:02:23,268 [49] DEBUG LISTServer - 登陆sssionID--------ea665bbe-02bf-4afa-bb32-f3c1c165084d
2017-09-23 12:02:23,268 [49] DEBUG LISTServer - 登录游戏----------2017/9/23 12:02:23
2017-09-23 12:02:23,518 [49] DEBUG LISTServer - 登录用户openid:17da9228849df8ed9400ca4e907dca8c776081ad|昵称:测试用户17d----------2017/9/23 12:02:23
2017-09-23 12:02:24,174 [49] DEBUG LISTServer - 登录游戏成功,当前对象存在----------2017/9/23 12:02:24
2017-09-23 12:03:49,732 [10] DEBUG LISTServer - 登陆sssionID--------da4104dc-a5dd-409b-95f5-d095797408c0
2017-09-23 12:03:49,732 [10] DEBUG LISTServer - 登录游戏----------2017/9/23 12:03:49
2017-09-23 12:03:50,075 [10] DEBUG LISTServer - 登录用户openid:9697486827159f30f5cab73bbab97a1b56966c2a|昵称:测试用户969----------2017/9/23 12:03:50
2017-09-23 12:03:50,763 [10] DEBUG LISTServer - 登录游戏成功,当前对象存在----------2017/9/23 12:03:50
2017-09-23 12:06:13,438 [10] DEBUG LISTServer - 登陆sssionID--------b72a3d1a-735e-4812-87c0-71004b0850ed
2017-09-23 12:06:13,438 [10] DEBUG LISTServer - 登录游戏----------2017/9/23 12:06:13
2017-09-23 12:06:13,750 [10] DEBUG LISTServer - 登录用户openid:9697486827159f30f5cab73bbab97a1b56966c2a|昵称:测试用户969----------2017/9/23 12:06:13
2017-09-23 12:06:14,563 [10] DEBUG LISTServer - 登录游戏成功,当前对象存在----------2017/9/23 12:06:14
2017-09-23 12:11:56,167 [10] DEBUG LISTServer - 登陆sssionID--------b1e03e05-90b9-4a57-8c3c-2c70aaaa9586
2017-09-23 12:11:56,167 [10] DEBUG LISTServer - 登录游戏----------2017/9/23 12:11:56
2017-09-23 12:11:56,573 [10] DEBUG LISTServer - 登录用户openid:9697486827159f30f5cab73bbab97a1b56966c2a|昵称:测试用户969----------2017/9/23 12:11:56
2017-09-23 12:11:57,261 [10] DEBUG LISTServer - 登录游戏成功,当前对象存在----------2017/9/23 12:11:57
2017-09-23 12:12:28,140 [10] DEBUG LISTServer - 登陆sssionID--------e732c7c9-8dec-4d28-9966-9ae92ab41577
2017-09-23 12:12:28,140 [10] DEBUG LISTServer - 登录游戏----------2017/9/23 12:12:28
2017-09-23 12:12:28,280 [10] DEBUG LISTServer - 登录用户openid:9697486827159f30f5cab73bbab97a1b56966c2a|昵称:测试用户969----------2017/9/23 12:12:28
2017-09-23 12:12:28,936 [10] DEBUG LISTServer - 登录游戏成功,当前对象存在----------2017/9/23 12:12:28
2017-09-23 12:13:03,659 [9] DEBUG LISTServer - 登陆sssionID--------9f1342f8-437c-4f4f-b215-b185f477586c
2017-09-23 12:13:03,659 [9] DEBUG LISTServer - 登录游戏----------2017/9/23 12:13:03
2017-09-23 12:13:03,800 [9] DEBUG LISTServer - 登录用户openid:9697486827159f30f5cab73bbab97a1b56966c2a|昵称:测试用户969----------2017/9/23 12:13:03
2017-09-23 12:13:04,565 [9] DEBUG LISTServer - 登录游戏成功,当前对象存在----------2017/9/23 12:13:04
2017-09-23 12:32:19,803 [86] DEBUG LISTServer - 登陆sssionID--------277225d9-c7b3-4030-b892-6873bfc76c3d
2017-09-23 12:32:19,803 [86] DEBUG LISTServer - 登录游戏----------2017/9/23 12:32:19
2017-09-23 12:32:20,193 [86] DEBUG LISTServer - 登录用户openid:9697486827159f30f5cab73bbab97a1b56966c2a|昵称:测试用户969----------2017/9/23 12:32:20
2017-09-23 12:32:20,912 [86] DEBUG LISTServer - 登录游戏成功,当前对象存在----------2017/9/23 12:32:20
2017-09-23 12:34:34,772 [9] DEBUG LISTServer - 登陆sssionID--------d2a45fed-2691-47bc-b245-c3ada19287da
2017-09-23 12:34:34,772 [9] DEBUG LISTServer - 登录游戏----------2017/9/23 12:34:34
2017-09-23 12:34:35,210 [9] DEBUG LISTServer - 登录用户openid:9697486827159f30f5cab73bbab97a1b56966c2a|昵称:测试用户969----------2017/9/23 12:34:35
2017-09-23 12:34:35,773 [9] DEBUG LISTServer - 登录游戏成功,当前对象存在----------2017/9/23 12:34:35
2017-09-23 12:36:18,169 [9] DEBUG LISTServer - 登陆sssionID--------8496dc7f-745e-4838-a801-b42b22d546f3
2017-09-23 12:36:18,169 [9] DEBUG LISTServer - 登录游戏----------2017/9/23 12:36:18
2017-09-23 12:36:18,654 [9] DEBUG LISTServer - 登录用户openid:9697486827159f30f5cab73bbab97a1b56966c2a|昵称:测试用户969----------2017/9/23 12:36:18
2017-09-23 12:36:19,326 [9] DEBUG LISTServer - 登录游戏成功,当前对象存在----------2017/9/23 12:36:19
2017-09-23 12:39:32,695 [10] DEBUG LISTServer - 登陆sssionID--------d127353e-edec-42ed-8541-975913f5aa52
2017-09-23 12:39:32,695 [10] DEBUG LISTServer - 登录游戏----------2017/9/23 12:39:32
2017-09-23 12:39:33,101 [10] DEBUG LISTServer - 登录用户openid:9697486827159f30f5cab73bbab97a1b56966c2a|昵称:测试用户969----------2017/9/23 12:39:33
2017-09-23 12:39:33,758 [10] DEBUG LISTServer - 登录游戏成功,当前对象存在----------2017/9/23 12:39:33
2017-09-23 12:40:35,974 [10] DEBUG LISTServer - 登陆sssionID--------dfcf2673-8910-43f2-b57f-af844ef8cd04
2017-09-23 12:40:35,974 [10] DEBUG LISTServer - 登录游戏----------2017/9/23 12:40:35
2017-09-23 12:40:36,239 [10] DEBUG LISTServer - 登录用户openid:9697486827159f30f5cab73bbab97a1b56966c2a|昵称:测试用户969----------2017/9/23 12:40:36
2017-09-23 12:40:36,771 [10] DEBUG LISTServer - 登录游戏成功,当前对象存在----------2017/9/23 12:40:36
2017-09-23 12:45:05,937 [10] DEBUG LISTServer - 登陆sssionID--------78355d0f-ee79-4386-aa62-9979d86b0cad
2017-09-23 12:45:05,937 [10] DEBUG LISTServer - 登录游戏----------2017/9/23 12:45:05
2017-09-23 12:45:06,250 [10] DEBUG LISTServer - 登录用户openid:9697486827159f30f5cab73bbab97a1b56966c2a|昵称:测试用户969----------2017/9/23 12:45:06
2017-09-23 12:45:06,906 [10] DEBUG LISTServer - 登录游戏成功,当前对象存在----------2017/9/23 12:45:06
2017-09-23 12:45:14,376 [74] DEBUG LISTServer - 登陆sssionID--------75b0019d-4adf-4cb2-b319-6ccc0e496da8
2017-09-23 12:45:14,376 [74] DEBUG LISTServer - 登录游戏----------2017/9/23 12:45:14
2017-09-23 12:45:14,501 [74] DEBUG LISTServer - 登录用户openid:17da9228849df8ed9400ca4e907dca8c776081ad|昵称:测试用户17d----------2017/9/23 12:45:14
2017-09-23 12:45:15,079 [74] DEBUG LISTServer - 登录游戏成功,当前对象存在----------2017/9/23 12:45:15
2017-09-23 12:46:57,242 [1] DEBUG DefaultBootstrap - The server instance LISTServer has been created!
2017-09-23 12:46:57,445 [1] DEBUG LISTServer - The command 11020(ListBLL.Logic.GameOperation) has been discovered
2017-09-23 12:46:57,445 [1] DEBUG LISTServer - The command 10001(ListBLL.Logic.Heartbeat) has been discovered
2017-09-23 12:46:57,445 [1] DEBUG LISTServer - The command 11001(ListBLL.Logic.Login) has been discovered
2017-09-23 12:46:57,445 [1] DEBUG LISTServer - The command 19003(ListBLL.Logic.UserGamePlaybackLogic) has been discovered
2017-09-23 12:46:57,445 [1] DEBUG LISTServer - The command 19001(ListBLL.Logic.UserRecordLogic) has been discovered
2017-09-23 12:46:57,460 [1] DEBUG DefaultBootstrap - The server instance LISTServer has been initialized!
2017-09-23 12:46:58,148 [1] DEBUG DefaultBootstrap - The PerformanceMonitor has been initialized!
2017-09-23 12:46:58,148 [1] DEBUG DefaultBootstrap - The Bootstrap has been initialized!
2017-09-23 12:46:58,164 [1] DEBUG LISTServer - Listener (0.0.0.0:2018) was started
2017-09-23 12:46:58,179 [1] DEBUG DefaultBootstrap - The PerformanceMonitor has been started!
2017-09-23 12:47:24,823 [7] DEBUG LISTServer - 登陆sssionID--------7467780e-49a2-4155-b716-101dd7e319d6
2017-09-23 12:47:24,823 [7] DEBUG LISTServer - 登录游戏----------2017/9/23 12:47:24
2017-09-23 12:47:25,885 [7] DEBUG LISTServer - 登录用户openid:9697486827159f30f5cab73bbab97a1b56966c2a|昵称:测试用户969----------2017/9/23 12:47:25
2017-09-23 12:47:27,682 [7] DEBUG LISTServer - 登录游戏成功----------2017/9/23 12:47:27
2017-09-23 12:52:15,855 [9] DEBUG LISTServer - 登陆sssionID--------a45575f5-4782-4ff0-9973-70bc47ab0a19
2017-09-23 12:52:15,855 [9] DEBUG LISTServer - 登录游戏----------2017/9/23 12:52:15
2017-09-23 12:52:16,214 [9] DEBUG LISTServer - 登录用户openid:9697486827159f30f5cab73bbab97a1b56966c2a|昵称:测试用户969----------2017/9/23 12:52:16
2017-09-23 12:52:16,808 [9] DEBUG LISTServer - 登录游戏成功,当前对象存在----------2017/9/23 12:52:16
2017-09-23 12:54:40,339 [9] DEBUG LISTServer - 登陆sssionID--------8ad08fb0-b891-40dd-a6b2-8bdc419ae742
2017-09-23 12:54:40,339 [9] DEBUG LISTServer - 登录游戏----------2017/9/23 12:54:40
2017-09-23 12:54:40,636 [9] DEBUG LISTServer - 登录用户openid:9697486827159f30f5cab73bbab97a1b56966c2a|昵称:测试用户969----------2017/9/23 12:54:40
2017-09-23 12:54:41,417 [9] DEBUG LISTServer - 登录游戏成功,当前对象存在----------2017/9/23 12:54:41
2017-09-23 13:18:13,659 [8] DEBUG LISTServer - 登陆sssionID--------257626bf-43c4-4513-a678-2d1eff2bb2d3
2017-09-23 13:18:13,659 [8] DEBUG LISTServer - 登录游戏----------2017/9/23 13:18:13
2017-09-23 13:18:14,128 [8] DEBUG LISTServer - 登录用户openid:9697486827159f30f5cab73bbab97a1b56966c2a|昵称:测试用户969----------2017/9/23 13:18:14
2017-09-23 13:18:15,081 [8] DEBUG LISTServer - 登录游戏成功,当前对象存在----------2017/9/23 13:18:15
2017-09-23 13:18:35,255 [7] DEBUG LISTServer - 登陆sssionID--------0e220cee-4c7c-4e40-96f7-0da8ba583fc3
2017-09-23 13:18:35,255 [7] DEBUG LISTServer - 登录游戏----------2017/9/23 13:18:35
2017-09-23 13:18:35,411 [7] DEBUG LISTServer - 登录用户openid:17da9228849df8ed9400ca4e907dca8c776081ad|昵称:测试用户17d----------2017/9/23 13:18:35
2017-09-23 13:18:35,911 [7] DEBUG LISTServer - 登录游戏成功----------2017/9/23 13:18:35
2017-09-23 13:26:16,616 [8] DEBUG LISTServer - 登陆sssionID--------fc5c66fd-3816-4872-b293-f18213b0f02e
2017-09-23 13:26:16,616 [8] DEBUG LISTServer - 登录游戏----------2017/9/23 13:26:16
2017-09-23 13:26:17,052 [8] DEBUG LISTServer - 登录用户openid:9697486827159f30f5cab73bbab97a1b56966c2a|昵称:测试用户969----------2017/9/23 13:26:17
2017-09-23 13:26:18,124 [8] DEBUG LISTServer - 登录游戏成功,当前对象存在----------2017/9/23 13:26:18
2017-09-23 13:26:19,622 [7] DEBUG LISTServer - 登陆sssionID--------6d541dee-56f0-4181-a995-24a116037e64
2017-09-23 13:26:19,622 [7] DEBUG LISTServer - 登录游戏----------2017/9/23 13:26:19
2017-09-23 13:26:19,770 [7] DEBUG LISTServer - 登录用户openid:17da9228849df8ed9400ca4e907dca8c776081ad|昵称:测试用户17d----------2017/9/23 13:26:19
2017-09-23 13:26:20,890 [7] DEBUG LISTServer - 登录游戏成功,当前对象存在----------2017/9/23 13:26:20
2017-09-23 13:46:36,773 [8] DEBUG LISTServer - 登陆sssionID--------fe2e0fe8-a815-4bcc-a998-11e1f2629aa7
2017-09-23 13:46:36,773 [8] DEBUG LISTServer - 登录游戏----------2017/9/23 13:46:36
2017-09-23 13:46:37,195 [8] DEBUG LISTServer - 登录用户openid:17da9228849df8ed9400ca4e907dca8c776081ad|昵称:测试用户17d----------2017/9/23 13:46:37
2017-09-23 13:46:41,207 [8] DEBUG LISTServer - 登录游戏成功,当前对象存在----------2017/9/23 13:46:41
2017-09-23 13:51:17,865 [8] DEBUG LISTServer - 登陆sssionID--------cfb51e8b-c327-46fc-991f-7aae9f1a3f85
2017-09-23 13:51:17,865 [8] DEBUG LISTServer - 登录游戏----------2017/9/23 13:51:17
2017-09-23 13:51:18,322 [8] DEBUG LISTServer - 登录用户openid:17da9228849df8ed9400ca4e907dca8c776081ad|昵称:测试用户17d----------2017/9/23 13:51:18
2017-09-23 13:51:19,140 [51] DEBUG LISTServer - 登陆sssionID--------5cd8de64-5a80-4ca3-bf35-2f1dbfc22246
2017-09-23 13:51:19,140 [51] DEBUG LISTServer - 登录游戏----------2017/9/23 13:51:19
2017-09-23 13:51:19,331 [51] DEBUG LISTServer - 登录用户openid:9697486827159f30f5cab73bbab97a1b56966c2a|昵称:测试用户969----------2017/9/23 13:51:19
2017-09-23 13:51:19,442 [8] DEBUG LISTServer - 登录游戏成功,当前对象存在----------2017/9/23 13:51:19
2017-09-23 13:51:20,261 [51] DEBUG LISTServer - 登录游戏成功,当前对象存在----------2017/9/23 13:51:20
2017-09-23 14:00:38,465 [51] DEBUG LISTServer - 登陆sssionID--------cbba7950-c006-4d9f-9ab6-ba72175e2433
2017-09-23 14:00:38,465 [51] DEBUG LISTServer - 登录游戏----------2017/9/23 14:00:38
2017-09-23 14:00:38,696 [8] DEBUG LISTServer - 登陆sssionID--------25010503-54ca-4c94-bc74-13711b242af9
2017-09-23 14:00:38,696 [8] DEBUG LISTServer - 登录游戏----------2017/9/23 14:00:38
2017-09-23 14:00:38,909 [51] DEBUG LISTServer - 登录用户openid:17da9228849df8ed9400ca4e907dca8c776081ad|昵称:测试用户17d----------2017/9/23 14:00:38
2017-09-23 14:00:38,969 [8] DEBUG LISTServer - 登录用户openid:9697486827159f30f5cab73bbab97a1b56966c2a|昵称:测试用户969----------2017/9/23 14:00:38
2017-09-23 14:00:39,881 [51] DEBUG LISTServer - 登录游戏成功,当前对象存在----------2017/9/23 14:00:39
2017-09-23 14:00:39,988 [8] DEBUG LISTServer - 登录游戏成功,当前对象存在----------2017/9/23 14:00:39
2017-09-23 14:02:43,270 [9] DEBUG LISTServer - 登陆sssionID--------02364a6f-71f4-46e6-9954-03f58f0ba1ea
2017-09-23 14:02:43,270 [9] DEBUG LISTServer - 登录游戏----------2017/9/23 14:02:43
2017-09-23 14:02:43,600 [9] DEBUG LISTServer - 登录用户openid:9697486827159f30f5cab73bbab97a1b56966c2a|昵称:测试用户969----------2017/9/23 14:02:43
2017-09-23 14:02:44,598 [9] DEBUG LISTServer - 登录游戏成功,当前对象存在----------2017/9/23 14:02:44
2017-09-23 14:02:45,258 [51] DEBUG LISTServer - 登陆sssionID--------bc4be5f3-fe43-449c-a48c-403ddf5d91ed
2017-09-23 14:02:45,258 [51] DEBUG LISTServer - 登录游戏----------2017/9/23 14:02:45
2017-09-23 14:02:45,410 [51] DEBUG LISTServer - 登录用户openid:17da9228849df8ed9400ca4e907dca8c776081ad|昵称:测试用户17d----------2017/9/23 14:02:45
2017-09-23 14:02:46,341 [51] DEBUG LISTServer - 登录游戏成功,当前对象存在----------2017/9/23 14:02:46
2017-09-23 14:03:23,962 [7] DEBUG LISTServer - 登陆sssionID--------f1b10c83-906b-452b-a705-31e288acbfce
2017-09-23 14:03:23,962 [7] DEBUG LISTServer - 登录游戏----------2017/9/23 14:03:23
2017-09-23 14:03:24,118 [7] DEBUG LISTServer - 登录用户openid:17da9228849df8ed9400ca4e907dca8c776081ad|昵称:测试用户17d----------2017/9/23 14:03:24
2017-09-23 14:03:24,726 [7] DEBUG LISTServer - 登录游戏成功,当前对象存在----------2017/9/23 14:03:24
2017-09-23 14:13:02,868 [51] DEBUG LISTServer - 登陆sssionID--------720f1b57-15b4-4f35-a138-c003314fb09f
2017-09-23 14:13:02,868 [51] DEBUG LISTServer - 登录游戏----------2017/9/23 14:13:02
2017-09-23 14:13:03,300 [51] DEBUG LISTServer - 登录用户openid:9697486827159f30f5cab73bbab97a1b56966c2a|昵称:测试用户969----------2017/9/23 14:13:03
2017-09-23 14:13:03,933 [51] DEBUG LISTServer - 登录游戏成功,当前对象存在----------2017/9/23 14:13:03
2017-09-23 14:16:28,650 [9] DEBUG LISTServer - 登陆sssionID--------864d6ad2-0773-4a0e-906a-a1b239746fed
2017-09-23 14:16:28,650 [9] DEBUG LISTServer - 登录游戏----------2017/9/23 14:16:28
2017-09-23 14:16:29,055 [9] DEBUG LISTServer - 登录用户openid:17da9228849df8ed9400ca4e907dca8c776081ad|昵称:测试用户17d----------2017/9/23 14:16:29
2017-09-23 14:16:29,610 [9] DEBUG LISTServer - 登录游戏成功,当前对象存在----------2017/9/23 14:16:29
2017-09-23 14:17:22,161 [8] DEBUG LISTServer - 登陆sssionID--------cd67e246-6751-4c25-b333-51453a44c42e
2017-09-23 14:17:22,161 [8] DEBUG LISTServer - 登录游戏----------2017/9/23 14:17:22
2017-09-23 14:17:22,380 [8] DEBUG LISTServer - 登录用户openid:9697486827159f30f5cab73bbab97a1b56966c2a|昵称:测试用户969----------2017/9/23 14:17:22
2017-09-23 14:17:22,974 [8] DEBUG LISTServer - 登录游戏成功,当前对象存在----------2017/9/23 14:17:22
2017-09-23 14:19:09,612 [9] DEBUG LISTServer - 登陆sssionID--------bc182cc7-1e94-4272-aa0a-e998b8bdd5cf
2017-09-23 14:19:09,612 [9] DEBUG LISTServer - 登录游戏----------2017/9/23 14:19:09
2017-09-23 14:19:09,956 [9] DEBUG LISTServer - 登录用户openid:9697486827159f30f5cab73bbab97a1b56966c2a|昵称:测试用户969----------2017/9/23 14:19:09
2017-09-23 14:19:10,566 [9] DEBUG LISTServer - 登录游戏成功,当前对象存在----------2017/9/23 14:19:10
2017-09-23 14:47:10,607 [9] DEBUG LISTServer - 登陆sssionID--------a522e49c-e39a-42c9-b690-a46291134882
2017-09-23 14:47:10,607 [9] DEBUG LISTServer - 登录游戏----------2017/9/23 14:47:10
2017-09-23 14:47:11,034 [9] DEBUG LISTServer - 登录用户openid:17da9228849df8ed9400ca4e907dca8c776081ad|昵称:测试用户17d----------2017/9/23 14:47:11
2017-09-23 14:47:12,327 [9] DEBUG LISTServer - 登录游戏成功,当前对象存在----------2017/9/23 14:47:12
2017-09-23 14:47:16,236 [51] DEBUG LISTServer - 登陆sssionID--------99cd873c-7f84-48d3-9ea6-a83e5ff91b9d
2017-09-23 14:47:16,236 [51] DEBUG LISTServer - 登录游戏----------2017/9/23 14:47:16
2017-09-23 14:47:16,376 [51] DEBUG LISTServer - 登录用户openid:9697486827159f30f5cab73bbab97a1b56966c2a|昵称:测试用户969----------2017/9/23 14:47:16
2017-09-23 14:47:17,267 [51] DEBUG LISTServer - 登录游戏成功,当前对象存在----------2017/9/23 14:47:17
2017-09-23 14:53:40,242 [7] DEBUG LISTServer - 登陆sssionID--------16edd377-a4ec-482c-9f40-8d4b3ea0ada4
2017-09-23 14:53:40,242 [7] DEBUG LISTServer - 登录游戏----------2017/9/23 14:53:40
2017-09-23 14:53:40,745 [7] DEBUG LISTServer - 登录用户openid:17da9228849df8ed9400ca4e907dca8c776081ad|昵称:测试用户17d----------2017/9/23 14:53:40
2017-09-23 14:53:41,798 [7] DEBUG LISTServer - 登录游戏成功,当前对象存在----------2017/9/23 14:53:41
2017-09-23 14:54:19,702 [7] DEBUG LISTServer - 登陆sssionID--------a5820ec1-9ca8-420a-a4d5-0c4737d365a1
2017-09-23 14:54:19,702 [7] DEBUG LISTServer - 登录游戏----------2017/9/23 14:54:19
2017-09-23 14:54:19,891 [7] DEBUG LISTServer - 登录用户openid:9697486827159f30f5cab73bbab97a1b56966c2a|昵称:测试用户969----------2017/9/23 14:54:19
2017-09-23 14:54:20,680 [7] DEBUG LISTServer - 登录游戏成功,当前对象存在----------2017/9/23 14:54:20
2017-09-23 15:00:27,307 [9] DEBUG LISTServer - 登陆sssionID--------cf773491-93f2-40f0-a962-e8194950f7cd
2017-09-23 15:00:27,307 [9] DEBUG LISTServer - 登录游戏----------2017/9/23 15:00:27
2017-09-23 15:00:27,734 [9] DEBUG LISTServer - 登录用户openid:9697486827159f30f5cab73bbab97a1b56966c2a|昵称:测试用户969----------2017/9/23 15:00:27
2017-09-23 15:00:28,428 [9] DEBUG LISTServer - 登录游戏成功,当前对象存在----------2017/9/23 15:00:28
2017-09-23 15:02:07,925 [9] DEBUG LISTServer - 登陆sssionID--------80777a5b-7c55-47dc-9efc-475173004274
2017-09-23 15:02:07,925 [9] DEBUG LISTServer - 登录游戏----------2017/9/23 15:02:07
2017-09-23 15:02:08,357 [9] DEBUG LISTServer - 登录用户openid:9697486827159f30f5cab73bbab97a1b56966c2a|昵称:测试用户969----------2017/9/23 15:02:08
2017-09-23 15:02:09,029 [9] DEBUG LISTServer - 登录游戏成功,当前对象存在----------2017/9/23 15:02:09
2017-09-23 15:03:29,512 [9] DEBUG LISTServer - 登陆sssionID--------402dbdda-fcf7-4701-9fdb-c0fbd564e826
2017-09-23 15:03:29,512 [9] DEBUG LISTServer - 登录游戏----------2017/9/23 15:03:29
2017-09-23 15:03:29,816 [9] DEBUG LISTServer - 登录用户openid:9697486827159f30f5cab73bbab97a1b56966c2a|昵称:测试用户969----------2017/9/23 15:03:29
2017-09-23 15:03:30,392 [9] DEBUG LISTServer - 登录游戏成功,当前对象存在----------2017/9/23 15:03:30
2017-09-23 15:08:18,154 [51] DEBUG LISTServer - 登陆sssionID--------002b358b-a515-464a-87d7-954094cf9a9e
2017-09-23 15:08:18,154 [51] DEBUG LISTServer - 登录游戏----------2017/9/23 15:08:18
2017-09-23 15:08:18,467 [51] DEBUG LISTServer - 登录用户openid:9697486827159f30f5cab73bbab97a1b56966c2a|昵称:测试用户969----------2017/9/23 15:08:18
2017-09-23 15:08:19,130 [51] DEBUG LISTServer - 登录游戏成功,当前对象存在----------2017/9/23 15:08:19
2017-09-23 15:11:31,407 [8] DEBUG LISTServer - 登陆sssionID--------c515406a-471a-48a5-927d-b37eca43b01d
2017-09-23 15:11:31,407 [8] DEBUG LISTServer - 登录游戏----------2017/9/23 15:11:31
2017-09-23 15:11:31,746 [8] DEBUG LISTServer - 登录用户openid:17da9228849df8ed9400ca4e907dca8c776081ad|昵称:测试用户17d----------2017/9/23 15:11:31
2017-09-23 15:11:32,388 [8] DEBUG LISTServer - 登录游戏成功,当前对象存在----------2017/9/23 15:11:32
2017-09-23 15:13:00,914 [7] DEBUG LISTServer - 登陆sssionID--------6db3ead9-f07f-49ad-8d0d-af8987e902e4
2017-09-23 15:13:00,914 [7] DEBUG LISTServer - 登录游戏----------2017/9/23 15:13:00
2017-09-23 15:13:01,102 [7] DEBUG LISTServer - 登录用户openid:9697486827159f30f5cab73bbab97a1b56966c2a|昵称:测试用户969----------2017/9/23 15:13:01
2017-09-23 15:13:01,774 [7] DEBUG LISTServer - 登录游戏成功,当前对象存在----------2017/9/23 15:13:01
2017-09-23 15:19:42,458 [51] DEBUG LISTServer - 登陆sssionID--------4f2f779d-c367-4c2e-9f1d-711e68e27bd2
2017-09-23 15:19:42,459 [51] DEBUG LISTServer - 登录游戏----------2017/9/23 15:19:42
2017-09-23 15:19:42,800 [51] DEBUG LISTServer - 登录用户openid:17da9228849df8ed9400ca4e907dca8c776081ad|昵称:测试用户17d----------2017/9/23 15:19:42
2017-09-23 15:19:43,533 [51] DEBUG LISTServer - 登录游戏成功,当前对象存在----------2017/9/23 15:19:43
2017-09-23 15:22:58,242 [8] DEBUG LISTServer - 登陆sssionID--------52a2640b-41a2-44f2-b6c5-e38e3024904f
2017-09-23 15:22:58,242 [8] DEBUG LISTServer - 登录游戏----------2017/9/23 15:22:58
2017-09-23 15:22:58,579 [8] DEBUG LISTServer - 登录用户openid:ef2110d6b36f7eca009a60551ab3db1f|昵称:测试用户ef2----------2017/9/23 15:22:58
2017-09-23 15:22:59,314 [8] DEBUG LISTServer - 登录游戏成功----------2017/9/23 15:22:59
2017-09-23 15:23:38,194 [7] DEBUG LISTServer - 登陆sssionID--------e682feb6-48c8-4836-807c-2a62206639f2
2017-09-23 15:23:38,194 [7] DEBUG LISTServer - 登录游戏----------2017/9/23 15:23:38
2017-09-23 15:23:38,345 [7] DEBUG LISTServer - 登录用户openid:56de59c92137862db80d942259702f67|昵称:测试用户56d----------2017/9/23 15:23:38
2017-09-23 15:23:39,042 [7] DEBUG LISTServer - 登录游戏成功----------2017/9/23 15:23:39
2017-09-23 15:28:14,708 [7] DEBUG LISTServer - 登陆sssionID--------c190293b-82ce-40c7-a42c-52084fbcc77a
2017-09-23 15:28:14,708 [7] DEBUG LISTServer - 登录游戏----------2017/9/23 15:28:14
2017-09-23 15:28:15,057 [7] DEBUG LISTServer - 登录用户openid:89f5ef72e82d130fda1ec076c054b52d|昵称:测试用户89f----------2017/9/23 15:28:15
2017-09-23 15:28:15,723 [7] DEBUG LISTServer - 登录游戏成功----------2017/9/23 15:28:15
2017-09-23 15:29:21,852 [9] DEBUG LISTServer - 登陆sssionID--------dedeca8f-14b2-4f19-b487-2669fd0f8ee0
2017-09-23 15:29:21,852 [9] DEBUG LISTServer - 登录游戏----------2017/9/23 15:29:21
2017-09-23 15:29:22,122 [9] DEBUG LISTServer - 登录用户openid:56de59c92137862db80d942259702f67|昵称:测试用户56d----------2017/9/23 15:29:22
2017-09-23 15:29:22,843 [9] DEBUG LISTServer - 登录游戏成功,当前对象存在----------2017/9/23 15:29:22
2017-09-23 15:30:17,311 [7] DEBUG LISTServer - 登陆sssionID--------b362b3b7-6726-41b0-a0be-ef5ccc130ab3
2017-09-23 15:30:17,311 [7] DEBUG LISTServer - 登录游戏----------2017/9/23 15:30:17
2017-09-23 15:30:17,567 [7] DEBUG LISTServer - 登录用户openid:56de59c92137862db80d942259702f67|昵称:测试用户56d----------2017/9/23 15:30:17
2017-09-23 15:30:17,714 [7] DEBUG LISTServer - 登录游戏失败,当前对象存在----------2017/9/23 15:30:17
2017-09-23 15:30:17,714 [7] DEBUG LISTServer - sssionID--------b362b3b7-6726-41b0-a0be-ef5ccc130ab3
2017-09-23 15:30:19,706 [20] DEBUG LISTServer - 登陆sssionID--------b362b3b7-6726-41b0-a0be-ef5ccc130ab3
2017-09-23 15:30:19,706 [20] DEBUG LISTServer - 登录游戏----------2017/9/23 15:30:19
2017-09-23 15:30:19,892 [20] DEBUG LISTServer - 登录用户openid:56de59c92137862db80d942259702f67|昵称:测试用户56d----------2017/9/23 15:30:19
2017-09-23 15:30:20,071 [20] DEBUG LISTServer - 登录游戏失败,当前对象存在----------2017/9/23 15:30:20
2017-09-23 15:30:20,071 [20] DEBUG LISTServer - sssionID--------b362b3b7-6726-41b0-a0be-ef5ccc130ab3
2017-09-23 15:30:22,309 [9] DEBUG LISTServer - 登陆sssionID--------088f0e9a-798e-4b09-a06d-6857ca592ed2
2017-09-23 15:30:22,309 [9] DEBUG LISTServer - 登录游戏----------2017/9/23 15:30:22
2017-09-23 15:30:22,496 [9] DEBUG LISTServer - 登录用户openid:89f5ef72e82d130fda1ec076c054b52d|昵称:测试用户89f----------2017/9/23 15:30:22
2017-09-23 15:30:23,022 [9] DEBUG LISTServer - 登录游戏成功,当前对象存在----------2017/9/23 15:30:23
2017-09-23 15:30:58,407 [8] DEBUG LISTServer - 登陆sssionID--------051bf92b-330a-4de7-9b2a-52b4c15ae0aa
2017-09-23 15:30:58,407 [8] DEBUG LISTServer - 登录游戏----------2017/9/23 15:30:58
2017-09-23 15:30:58,616 [8] DEBUG LISTServer - 登录用户openid:56de59c92137862db80d942259702f67|昵称:测试用户56d----------2017/9/23 15:30:58
2017-09-23 15:30:58,738 [8] DEBUG LISTServer - 登录游戏失败,当前对象存在----------2017/9/23 15:30:58
2017-09-23 15:30:58,738 [8] DEBUG LISTServer - sssionID--------051bf92b-330a-4de7-9b2a-52b4c15ae0aa
2017-09-23 15:31:04,375 [9] DEBUG LISTServer - 登陆sssionID--------051bf92b-330a-4de7-9b2a-52b4c15ae0aa
2017-09-23 15:31:04,375 [9] DEBUG LISTServer - 登录游戏----------2017/9/23 15:31:04
2017-09-23 15:31:04,603 [9] DEBUG LISTServer - 登录用户openid:56de59c92137862db80d942259702f67|昵称:测试用户56d----------2017/9/23 15:31:04
2017-09-23 15:31:04,870 [9] DEBUG LISTServer - 登录游戏失败,当前对象存在----------2017/9/23 15:31:04
2017-09-23 15:31:04,870 [9] DEBUG LISTServer - sssionID--------051bf92b-330a-4de7-9b2a-52b4c15ae0aa
2017-09-23 15:31:06,756 [20] DEBUG LISTServer - 登陆sssionID--------051bf92b-330a-4de7-9b2a-52b4c15ae0aa
2017-09-23 15:31:06,756 [20] DEBUG LISTServer - 登录游戏----------2017/9/23 15:31:06
2017-09-23 15:31:06,941 [20] DEBUG LISTServer - 登录用户openid:56de59c92137862db80d942259702f67|昵称:测试用户56d----------2017/9/23 15:31:06
2017-09-23 15:31:07,068 [20] DEBUG LISTServer - 登录游戏失败,当前对象存在----------2017/9/23 15:31:07
2017-09-23 15:31:07,068 [20] DEBUG LISTServer - sssionID--------051bf92b-330a-4de7-9b2a-52b4c15ae0aa
2017-09-23 15:32:58,386 [20] DEBUG LISTServer - 登陆sssionID--------051bf92b-330a-4de7-9b2a-52b4c15ae0aa
2017-09-23 15:32:58,386 [20] DEBUG LISTServer - 登录游戏----------2017/9/23 15:32:58
2017-09-23 15:32:58,736 [20] DEBUG LISTServer - 登录用户openid:56de59c92137862db80d942259702f67|昵称:测试用户56d----------2017/9/23 15:32:58
2017-09-23 15:32:58,885 [20] DEBUG LISTServer - 登录游戏失败,当前对象存在----------2017/9/23 15:32:58
2017-09-23 15:32:58,885 [20] DEBUG LISTServer - sssionID--------051bf92b-330a-4de7-9b2a-52b4c15ae0aa
2017-09-23 15:33:00,482 [8] DEBUG LISTServer - 登陆sssionID--------051bf92b-330a-4de7-9b2a-52b4c15ae0aa
2017-09-23 15:33:00,482 [8] DEBUG LISTServer - 登录游戏----------2017/9/23 15:33:00
2017-09-23 15:33:00,624 [8] DEBUG LISTServer - 登录用户openid:56de59c92137862db80d942259702f67|昵称:测试用户56d----------2017/9/23 15:33:00
2017-09-23 15:33:00,776 [8] DEBUG LISTServer - 登录游戏失败,当前对象存在----------2017/9/23 15:33:00
2017-09-23 15:33:00,776 [8] DEBUG LISTServer - sssionID--------051bf92b-330a-4de7-9b2a-52b4c15ae0aa
2017-09-23 15:33:11,156 [9] DEBUG LISTServer - 登陆sssionID--------59cb6e4c-aec1-4413-8e99-08a6bf8d7645
2017-09-23 15:33:11,156 [9] DEBUG LISTServer - 登录游戏----------2017/9/23 15:33:11
2017-09-23 15:33:11,299 [9] DEBUG LISTServer - 登录用户openid:2d4cd2d7753b0f3660fe5547e7011e9b|昵称:测试用户2d4----------2017/9/23 15:33:11
2017-09-23 15:33:11,890 [9] DEBUG LISTServer - 登录游戏成功----------2017/9/23 15:33:11
2017-09-23 15:33:13,513 [8] DEBUG LISTServer - 登陆sssionID--------051bf92b-330a-4de7-9b2a-52b4c15ae0aa
2017-09-23 15:33:13,513 [8] DEBUG LISTServer - 登录游戏----------2017/9/23 15:33:13
2017-09-23 15:33:13,665 [8] DEBUG LISTServer - 登录用户openid:56de59c92137862db80d942259702f67|昵称:测试用户56d----------2017/9/23 15:33:13
2017-09-23 15:33:13,900 [8] DEBUG LISTServer - 登录游戏失败,当前对象存在----------2017/9/23 15:33:13
2017-09-23 15:33:13,900 [8] DEBUG LISTServer - sssionID--------051bf92b-330a-4de7-9b2a-52b4c15ae0aa
2017-09-23 15:39:32,797 [9] DEBUG LISTServer - 登陆sssionID--------6f03cb2f-ab2f-4452-9ad8-2f319ce4a612
2017-09-23 15:39:32,797 [9] DEBUG LISTServer - 登录游戏----------2017/9/23 15:39:32
2017-09-23 15:39:33,289 [9] DEBUG LISTServer - 登录用户openid:2d4cd2d7753b0f3660fe5547e7011e9b|昵称:测试用户2d4----------2017/9/23 15:39:33
2017-09-23 15:39:34,021 [9] DEBUG LISTServer - 登录游戏成功,当前对象存在----------2017/9/23 15:39:34
2017-09-23 15:40:18,232 [7] DEBUG LISTServer - 登陆sssionID--------10282475-73ad-4a3f-8377-570982ba1d68
2017-09-23 15:40:18,232 [7] DEBUG LISTServer - 登录游戏----------2017/9/23 15:40:18
2017-09-23 15:40:18,456 [7] DEBUG LISTServer - 登录用户openid:17da9228849df8ed9400ca4e907dca8c776081ad|昵称:测试用户17d----------2017/9/23 15:40:18
2017-09-23 15:40:19,199 [7] DEBUG LISTServer - 登录游戏成功,当前对象存在----------2017/9/23 15:40:19
2017-09-23 15:41:04,898 [20] DEBUG LISTServer - 登陆sssionID--------cc579a4e-0be8-438e-ac6f-705b571d2faf
2017-09-23 15:41:04,898 [20] DEBUG LISTServer - 登录游戏----------2017/9/23 15:41:04
2017-09-23 15:41:05,135 [20] DEBUG LISTServer - 登录用户openid:9697486827159f30f5cab73bbab97a1b56966c2a|昵称:测试用户969----------2017/9/23 15:41:05
2017-09-23 15:41:05,816 [20] DEBUG LISTServer - 登录游戏成功,当前对象存在----------2017/9/23 15:41:05
2017-09-23 15:52:12,690 [7] DEBUG LISTServer - 登陆sssionID--------f53cd79e-d9bf-4381-afaa-9b444fa135f5
2017-09-23 15:52:12,690 [7] DEBUG LISTServer - 登录游戏----------2017/9/23 15:52:12
2017-09-23 15:52:13,041 [7] DEBUG LISTServer - 登录用户openid:9697486827159f30f5cab73bbab97a1b56966c2a|昵称:测试用户969----------2017/9/23 15:52:13
2017-09-23 15:52:13,641 [7] DEBUG LISTServer - 登录游戏成功,当前对象存在----------2017/9/23 15:52:13
2017-09-23 15:52:43,041 [8] DEBUG LISTServer - 登陆sssionID--------1dfc0e5e-b963-4a9d-b8ca-c1e010b9419f
2017-09-23 15:52:43,041 [8] DEBUG LISTServer - 登录游戏----------2017/9/23 15:52:43
2017-09-23 15:52:43,176 [8] DEBUG LISTServer - 登录用户openid:9697486827159f30f5cab73bbab97a1b56966c2a|昵称:测试用户969----------2017/9/23 15:52:43
2017-09-23 15:52:43,730 [8] DEBUG LISTServer - 登录游戏成功,当前对象存在----------2017/9/23 15:52:43
2017-09-23 16:18:42,839 [52] DEBUG LISTServer - 登陆sssionID--------b4fef786-3eaf-4706-97d0-1ffdfe45876e
2017-09-23 16:18:42,839 [52] DEBUG LISTServer - 登录游戏----------2017/9/23 16:18:42
2017-09-23 16:18:43,203 [52] DEBUG LISTServer - 登录用户openid:9697486827159f30f5cab73bbab97a1b56966c2a|昵称:测试用户969----------2017/9/23 16:18:43
2017-09-23 16:18:44,337 [52] DEBUG LISTServer - 登录游戏成功,当前对象存在----------2017/9/23 16:18:44
2017-09-23 16:19:05,084 [46] DEBUG LISTServer - 登陆sssionID--------3b99cd22-aae6-4ab8-a18a-31a795938efb
2017-09-23 16:19:05,084 [46] DEBUG LISTServer - 登录游戏----------2017/9/23 16:19:05
2017-09-23 16:19:05,229 [46] DEBUG LISTServer - 登录用户openid:17da9228849df8ed9400ca4e907dca8c776081ad|昵称:测试用户17d----------2017/9/23 16:19:05
2017-09-23 16:19:05,797 [46] DEBUG LISTServer - 登录游戏成功,当前对象存在----------2017/9/23 16:19:05
2017-09-23 16:22:44,548 [7] DEBUG LISTServer - 登陆sssionID--------57e26382-3421-4849-abdf-270f6986e6f2
2017-09-23 16:22:44,548 [7] DEBUG LISTServer - 登录游戏----------2017/9/23 16:22:44
2017-09-23 16:22:44,848 [7] DEBUG LISTServer - 登录用户openid:9697486827159f30f5cab73bbab97a1b56966c2a|昵称:测试用户969----------2017/9/23 16:22:44
2017-09-23 16:22:45,490 [7] DEBUG LISTServer - 登录游戏成功,当前对象存在----------2017/9/23 16:22:45
2017-09-23 16:27:57,435 [8] DEBUG LISTServer - 登陆sssionID--------a4f8652a-dec1-40f8-9502-9a24045e5620
2017-09-23 16:27:57,435 [8] DEBUG LISTServer - 登录游戏----------2017/9/23 16:27:57
2017-09-23 16:27:57,759 [8] DEBUG LISTServer - 登录用户openid:9697486827159f30f5cab73bbab97a1b56966c2a|昵称:测试用户969----------2017/9/23 16:27:57
2017-09-23 16:27:58,351 [8] DEBUG LISTServer - 登录游戏成功,当前对象存在----------2017/9/23 16:27:58
2017-09-23 16:30:40,162 [46] DEBUG LISTServer - 登陆sssionID--------5b2e359f-2af9-4168-8f04-e78980da5d70
2017-09-23 16:30:40,162 [46] DEBUG LISTServer - 登录游戏----------2017/9/23 16:30:40
2017-09-23 16:30:40,603 [46] DEBUG LISTServer - 登录用户openid:9697486827159f30f5cab73bbab97a1b56966c2a|昵称:测试用户969----------2017/9/23 16:30:40
2017-09-23 16:30:41,344 [46] DEBUG LISTServer - 登录游戏成功,当前对象存在----------2017/9/23 16:30:41
2017-09-23 16:33:59,160 [7] DEBUG LISTServer - 登陆sssionID--------ee097f88-aa34-4bac-a4c7-35050be09106
2017-09-23 16:33:59,160 [7] DEBUG LISTServer - 登录游戏----------2017/9/23 16:33:59
2017-09-23 16:33:59,472 [7] DEBUG LISTServer - 登录用户openid:17da9228849df8ed9400ca4e907dca8c776081ad|昵称:测试用户17d----------2017/9/23 16:33:59
2017-09-23 16:34:00,213 [7] DEBUG LISTServer - 登录游戏成功,当前对象存在----------2017/9/23 16:34:00
2017-09-23 16:34:17,526 [7] DEBUG LISTServer - 登陆sssionID--------de209ea2-64aa-429a-8f45-5757ab650d82
2017-09-23 16:34:17,526 [7] DEBUG LISTServer - 登录游戏----------2017/9/23 16:34:17
2017-09-23 16:34:17,657 [7] DEBUG LISTServer - 登录用户openid:9697486827159f30f5cab73bbab97a1b56966c2a|昵称:测试用户969----------2017/9/23 16:34:17
2017-09-23 16:34:18,199 [7] DEBUG LISTServer - 登录游戏成功,当前对象存在----------2017/9/23 16:34:18
2017-09-23 16:36:24,414 [46] DEBUG LISTServer - 登陆sssionID--------660d9ddb-67e1-4979-8a68-82c7f6c08a7a
2017-09-23 16:36:24,414 [46] DEBUG LISTServer - 登录游戏----------2017/9/23 16:36:24
2017-09-23 16:36:24,765 [46] DEBUG LISTServer - 登录用户openid:17da9228849df8ed9400ca4e907dca8c776081ad|昵称:测试用户17d----------2017/9/23 16:36:24
2017-09-23 16:36:25,828 [46] DEBUG LISTServer - 登录游戏成功,当前对象存在----------2017/9/23 16:36:25
2017-09-23 16:36:42,142 [20] DEBUG LISTServer - 登陆sssionID--------b0548a24-d3a5-4dd2-8768-fae3102b2670
2017-09-23 16:36:42,142 [20] DEBUG LISTServer - 登录游戏----------2017/9/23 16:36:42
2017-09-23 16:36:42,281 [20] DEBUG LISTServer - 登录用户openid:9697486827159f30f5cab73bbab97a1b56966c2a|昵称:测试用户969----------2017/9/23 16:36:42
2017-09-23 16:36:43,179 [20] DEBUG LISTServer - 登录游戏成功,当前对象存在----------2017/9/23 16:36:43
2017-09-23 16:38:58,510 [46] DEBUG LISTServer - 登陆sssionID--------9f9ef758-6870-4a3d-8c12-4fa4194298b4
2017-09-23 16:38:58,510 [46] DEBUG LISTServer - 登录游戏----------2017/9/23 16:38:58
2017-09-23 16:38:58,853 [46] DEBUG LISTServer - 登录用户openid:9697486827159f30f5cab73bbab97a1b56966c2a|昵称:测试用户969----------2017/9/23 16:38:58
2017-09-23 16:38:59,682 [46] DEBUG LISTServer - 登录游戏成功,当前对象存在----------2017/9/23 16:38:59
2017-09-23 16:44:23,122 [46] DEBUG LISTServer - 登陆sssionID--------ae46e999-78d7-4dc9-8f4b-df13e95d675a
2017-09-23 16:44:23,122 [46] DEBUG LISTServer - 登录游戏----------2017/9/23 16:44:23
2017-09-23 16:44:28,630 [46] DEBUG LISTServer - 登录用户openid:2d4cd2d7753b0f3660fe5547e7011e9b|昵称:测试用户2d4----------2017/9/23 16:44:28
2017-09-23 16:45:15,096 [46] DEBUG LISTServer - 登陆sssionID--------639b6807-107f-4c6d-a88f-30fdca4c8154
2017-09-23 16:45:15,096 [46] DEBUG LISTServer - 登录游戏----------2017/9/23 16:45:15
2017-09-23 16:45:15,348 [46] DEBUG LISTServer - 登录用户openid:ef2110d6b36f7eca009a60551ab3db1f|昵称:测试用户ef2----------2017/9/23 16:45:15
2017-09-23 16:45:15,984 [46] DEBUG LISTServer - 登录游戏成功,当前对象存在----------2017/9/23 16:45:15
2017-09-23 16:49:03,972 [8] DEBUG LISTServer - 登陆sssionID--------23e78132-618b-4aa8-b444-dc08a4ff9532
2017-09-23 16:49:03,972 [8] DEBUG LISTServer - 登录游戏----------2017/9/23 16:49:03
2017-09-23 16:49:04,422 [8] DEBUG LISTServer - 登录用户openid:17da9228849df8ed9400ca4e907dca8c776081ad|昵称:测试用户17d----------2017/9/23 16:49:04
2017-09-23 16:49:05,636 [8] DEBUG LISTServer - 登录游戏成功,当前对象存在----------2017/9/23 16:49:05
2017-09-23 16:50:05,267 [36] DEBUG LISTServer - 登陆sssionID--------b7608a1a-0c36-4b73-a2e1-c2ca15212491
2017-09-23 16:50:05,267 [36] DEBUG LISTServer - 登录游戏----------2017/9/23 16:50:05
2017-09-23 16:50:29,634 [36] DEBUG LISTServer - 登录用户openid:9697486827159f30f5cab73bbab97a1b56966c2a|昵称:测试用户969----------2017/9/23 16:50:29
2017-09-23 16:50:41,421 [36] DEBUG LISTServer - 登录游戏成功,当前对象存在----------2017/9/23 16:50:41
2017-09-23 16:50:58,036 [46] DEBUG LISTServer - 登陆sssionID--------5475d6bf-fe57-442b-9eb6-51edc542821d
2017-09-23 16:50:58,036 [46] DEBUG LISTServer - 登录游戏----------2017/9/23 16:50:58
2017-09-23 16:50:58,274 [46] DEBUG LISTServer - 登录用户openid:9697486827159f30f5cab73bbab97a1b56966c2a|昵称:测试用户969----------2017/9/23 16:50:58
2017-09-23 16:50:59,336 [46] DEBUG LISTServer - 登录游戏成功,当前对象存在----------2017/9/23 16:50:59
2017-09-23 16:54:30,588 [36] DEBUG LISTServer - 登陆sssionID--------d6a4869c-fb4b-400a-aaa7-24323e591c3b
2017-09-23 16:54:30,588 [36] DEBUG LISTServer - 登录游戏----------2017/9/23 16:54:30
2017-09-23 16:54:30,945 [36] DEBUG LISTServer - 登录用户openid:17da9228849df8ed9400ca4e907dca8c776081ad|昵称:测试用户17d----------2017/9/23 16:54:30
2017-09-23 16:54:31,727 [36] DEBUG LISTServer - 登录游戏成功,当前对象存在----------2017/9/23 16:54:31
2017-09-23 16:56:51,615 [46] DEBUG LISTServer - 登陆sssionID--------b29912ae-8be3-4302-b31d-5331f3f12236
2017-09-23 16:56:51,615 [46] DEBUG LISTServer - 登录游戏----------2017/9/23 16:56:51
2017-09-23 16:56:52,085 [46] DEBUG LISTServer - 登录用户openid:17da9228849df8ed9400ca4e907dca8c776081ad|昵称:测试用户17d----------2017/9/23 16:56:52
2017-09-23 16:56:52,800 [46] DEBUG LISTServer - 登录游戏成功,当前对象存在----------2017/9/23 16:56:52
2017-09-23 16:57:22,135 [63] DEBUG LISTServer - 登陆sssionID--------850f0d09-3ee3-4e5e-b983-7496a35220a9
2017-09-23 16:57:22,135 [63] DEBUG LISTServer - 登录游戏----------2017/9/23 16:57:22
2017-09-23 16:57:22,368 [63] DEBUG LISTServer - 登录用户openid:9697486827159f30f5cab73bbab97a1b56966c2a|昵称:测试用户969----------2017/9/23 16:57:22
2017-09-23 16:57:23,049 [63] DEBUG LISTServer - 登录游戏成功,当前对象存在----------2017/9/23 16:57:23
2017-09-23 17:21:35,334 [36] DEBUG LISTServer - 登陆sssionID--------434ae599-485d-43c3-8ec6-c703ac904aaa
2017-09-23 17:21:35,334 [36] DEBUG LISTServer - 登录游戏----------2017/9/23 17:21:35
2017-09-23 17:21:35,706 [36] DEBUG LISTServer - 登录用户openid:9697486827159f30f5cab73bbab97a1b56966c2a|昵称:测试用户969----------2017/9/23 17:21:35
2017-09-23 17:21:36,697 [36] DEBUG LISTServer - 登录游戏成功,当前对象存在----------2017/9/23 17:21:36
2017-09-23 17:22:02,142 [63] DEBUG LISTServer - 登陆sssionID--------855a2aef-191f-4d0d-8cad-ce2c3332bf61
2017-09-23 17:22:02,142 [63] DEBUG LISTServer - 登录游戏----------2017/9/23 17:22:02
2017-09-23 17:22:02,296 [63] DEBUG LISTServer - 登录用户openid:9697486827159f30f5cab73bbab97a1b56966c2a|昵称:测试用户969----------2017/9/23 17:22:02
2017-09-23 17:22:02,866 [63] DEBUG LISTServer - 登录游戏成功,当前对象存在----------2017/9/23 17:22:02
2017-09-23 17:22:59,143 [63] DEBUG LISTServer - 登陆sssionID--------06790175-3723-4385-8ca6-b79503ffe67b
2017-09-23 17:22:59,143 [63] DEBUG LISTServer - 登录游戏----------2017/9/23 17:22:59
2017-09-23 17:22:59,336 [63] DEBUG LISTServer - 登录用户openid:9697486827159f30f5cab73bbab97a1b56966c2a|昵称:测试用户969----------2017/9/23 17:22:59
2017-09-23 17:23:00,015 [63] DEBUG LISTServer - 登录游戏成功,当前对象存在----------2017/9/23 17:23:00
2017-09-23 17:33:43,398 [8] DEBUG LISTServer - 登陆sssionID--------ebea0def-ec99-4ff1-b525-42063b4ede0e
2017-09-23 17:33:43,398 [8] DEBUG LISTServer - 登录游戏----------2017/9/23 17:33:43
2017-09-23 17:33:43,871 [8] DEBUG LISTServer - 登录用户openid:9697486827159f30f5cab73bbab97a1b56966c2a|昵称:测试用户969----------2017/9/23 17:33:43
2017-09-23 17:33:44,484 [8] DEBUG LISTServer - 登录游戏成功,当前对象存在----------2017/9/23 17:33:44
2017-09-23 17:42:34,382 [36] DEBUG LISTServer - 登陆sssionID--------a25ff21a-bc75-4ff4-a301-f9bb612e4504
2017-09-23 17:42:34,382 [36] DEBUG LISTServer - 登录游戏----------2017/9/23 17:42:34
2017-09-23 17:42:34,872 [36] DEBUG LISTServer - 登录用户openid:9697486827159f30f5cab73bbab97a1b56966c2a|昵称:测试用户969----------2017/9/23 17:42:34
2017-09-23 17:42:35,617 [36] DEBUG LISTServer - 登录游戏成功,当前对象存在----------2017/9/23 17:42:35
2017-09-23 17:43:58,351 [36] DEBUG LISTServer - 登陆sssionID--------121766cb-9e76-4f98-a6d3-011512209700
2017-09-23 17:43:58,351 [36] DEBUG LISTServer - 登录游戏----------2017/9/23 17:43:58
2017-09-23 17:43:58,625 [36] DEBUG LISTServer - 登录用户openid:17da9228849df8ed9400ca4e907dca8c776081ad|昵称:测试用户17d----------2017/9/23 17:43:58
2017-09-23 17:43:59,286 [36] DEBUG LISTServer - 登录游戏成功,当前对象存在----------2017/9/23 17:43:59
2017-09-23 17:47:52,896 [63] DEBUG LISTServer - 登陆sssionID--------9cd5cf1b-6e85-47f5-bdbe-0c337d3500f5
2017-09-23 17:47:52,896 [63] DEBUG LISTServer - 登录游戏----------2017/9/23 17:47:52
2017-09-23 17:47:53,256 [63] DEBUG LISTServer - 登录用户openid:17da9228849df8ed9400ca4e907dca8c776081ad|昵称:测试用户17d----------2017/9/23 17:47:53
2017-09-23 17:47:53,936 [63] DEBUG LISTServer - 登录游戏成功,当前对象存在----------2017/9/23 17:47:53
2017-09-23 17:47:57,505 [63] DEBUG LISTServer - 登陆sssionID--------d82c84b0-a6cc-4c2e-94ca-60dd731fce25
2017-09-23 17:47:57,505 [63] DEBUG LISTServer - 登录游戏----------2017/9/23 17:47:57
2017-09-23 17:47:57,648 [63] DEBUG LISTServer - 登录用户openid:9697486827159f30f5cab73bbab97a1b56966c2a|昵称:测试用户969----------2017/9/23 17:47:57
2017-09-23 17:47:58,160 [63] DEBUG LISTServer - 登录游戏成功,当前对象存在----------2017/9/23 17:47:58
