2017-12-28 12:05:44,834 [1] DEBUG DefaultBootstrap - The server instance LISTServer has been created!
2017-12-28 12:05:45,475 [1] DEBUG LISTServer - The command 11105(ListBLL.Logic.AgentGetGroupInfo) has been discovered
2017-12-28 12:05:45,475 [1] DEBUG LISTServer - The command 11107(ListBLL.Logic.AgentGroupUsersManager) has been discovered
2017-12-28 12:05:45,475 [1] DEBUG LISTServer - The command 11060(ListBLL.Logic.ApplyRecord) has been discovered
2017-12-28 12:05:45,475 [1] DEBUG LISTServer - The command 11040(ListBLL.Logic.ApplyToJoin) has been discovered
2017-12-28 12:05:45,475 [1] DEBUG LISTServer - The command 11070(ListBLL.Logic.ChangeApplyStatus) has been discovered
2017-12-28 12:05:45,475 [1] DEBUG LISTServer - The command 11103(ListBLL.Logic.CreateGroup) has been discovered
2017-12-28 12:05:45,475 [1] DEBUG LISTServer - The command 11109(ListBLL.Logic.DeleteGroup) has been discovered
2017-12-28 12:05:45,475 [1] DEBUG LISTServer - The command 19005(ListBLL.Logic.Feedback) has been discovered
2017-12-28 12:05:45,475 [1] DEBUG LISTServer - The command 11020(ListBLL.Logic.GameOperation) has been discovered
2017-12-28 12:05:45,475 [1] DEBUG LISTServer - The command 11030(ListBLL.Logic.GetGroupInfo) has been discovered
2017-12-28 12:05:45,475 [1] DEBUG LISTServer - The command 11022(ListBLL.Logic.GetRoomCard) has been discovered
2017-12-28 12:05:45,475 [1] DEBUG LISTServer - The command 11050(ListBLL.Logic.GroupUsersManager) has been discovered
2017-12-28 12:05:45,475 [1] DEBUG LISTServer - The command 10001(ListBLL.Logic.Heartbeat) has been discovered
2017-12-28 12:05:45,475 [1] DEBUG LISTServer - The command 11080(ListBLL.Logic.LobbyInfo) has been discovered
2017-12-28 12:05:45,491 [1] DEBUG LISTServer - The command 11001(ListBLL.Logic.Login) has been discovered
2017-12-28 12:05:45,491 [1] DEBUG LISTServer - The command 11101(ListBLL.Logic.Package) has been discovered
2017-12-28 12:05:45,491 [1] DEBUG LISTServer - The command 11090(ListBLL.Logic.QuitGroup) has been discovered
2017-12-28 12:05:45,491 [1] DEBUG LISTServer - The command 11108(ListBLL.Logic.SearchPlayer) has been discovered
2017-12-28 12:05:45,491 [1] DEBUG LISTServer - The command 19003(ListBLL.Logic.UserGamePlaybackLogic) has been discovered
2017-12-28 12:05:45,491 [1] DEBUG LISTServer - The command 19001(ListBLL.Logic.UserRecordLogic) has been discovered
2017-12-28 12:05:45,491 [1] DEBUG DefaultBootstrap - The server instance LISTServer has been initialized!
2017-12-28 12:05:46,882 [1] DEBUG DefaultBootstrap - The PerformanceMonitor has been initialized!
2017-12-28 12:05:46,882 [1] DEBUG DefaultBootstrap - The Bootstrap has been initialized!
2017-12-28 12:05:46,929 [1] DEBUG LISTServer - Listener (0.0.0.0:2018) was started
2017-12-28 12:05:46,945 [1] DEBUG DefaultBootstrap - The PerformanceMonitor has been started!
2017-12-28 12:06:35,502 [4] DEBUG LISTServer - 登陆sssionID--------ae6c1795-7889-407f-9b83-ac6c5c45dfb6
2017-12-28 12:06:35,502 [4] DEBUG LISTServer - 登录游戏----------2017/12/28 12:06:35
2017-12-28 12:06:36,580 [4] DEBUG LISTServer - 登录用户openid:3474819|昵称:压测用户3474819----------2017/12/28 12:06:36
2017-12-28 12:06:38,568 [8] DEBUG LISTServer - 登陆sssionID--------8e12b330-699f-4a6d-a9ab-00b24eccc808
2017-12-28 12:06:38,568 [8] DEBUG LISTServer - 登录游戏----------2017/12/28 12:06:38
2017-12-28 12:06:38,763 [8] DEBUG LISTServer - 登录用户openid:902090|昵称:压测用户902090----------2017/12/28 12:06:38
2017-12-28 12:06:41,160 [8] DEBUG LISTServer - 登录游戏成功----------2017/12/28 12:06:41
2017-12-28 12:06:41,738 [8] DEBUG LISTServer - 登陆sssionID--------d160b7e6-5d3f-43e8-825d-2b0bdfefd295
2017-12-28 12:06:41,738 [8] DEBUG LISTServer - 登录游戏----------2017/12/28 12:06:41
2017-12-28 12:06:42,176 [8] DEBUG LISTServer - 登录用户openid:8645005|昵称:压测用户8645005----------2017/12/28 12:06:42
2017-12-28 12:06:44,868 [4] DEBUG LISTServer - 登录游戏成功----------2017/12/28 12:06:44
2017-12-28 12:06:45,940 [8] DEBUG LISTServer - 登录游戏成功----------2017/12/28 12:06:45
2017-12-28 12:06:48,589 [4] DEBUG LISTServer - 登陆sssionID--------c3ce47ec-ce00-4358-8dff-f783edb14ad4
2017-12-28 12:06:48,589 [4] DEBUG LISTServer - 登录游戏----------2017/12/28 12:06:48
2017-12-28 12:06:48,799 [4] DEBUG LISTServer - 登录用户openid:5134185|昵称:压测用户5134185----------2017/12/28 12:06:48
2017-12-28 12:06:48,893 [17] DEBUG LISTServer - 登陆sssionID--------747b0101-12e0-4d10-866e-58cd33359abb
2017-12-28 12:06:48,893 [17] DEBUG LISTServer - 登录游戏----------2017/12/28 12:06:48
2017-12-28 12:06:49,049 [17] DEBUG LISTServer - 登录用户openid:7860591|昵称:压测用户7860591----------2017/12/28 12:06:49
2017-12-28 12:06:50,743 [4] DEBUG LISTServer - 登录游戏成功----------2017/12/28 12:06:50
2017-12-28 12:06:50,789 [17] DEBUG LISTServer - 登录游戏成功----------2017/12/28 12:06:50
2017-12-28 12:08:41,899 [8] DEBUG LISTServer - 登陆sssionID--------552e3a5a-b526-4319-8bd6-f97c1affd8e2
2017-12-28 12:08:41,899 [8] DEBUG LISTServer - 登录游戏----------2017/12/28 12:08:41
2017-12-28 12:08:42,243 [8] DEBUG LISTServer - 登录用户openid:4005523|昵称:压测用户4005523----------2017/12/28 12:08:42
2017-12-28 12:08:43,545 [8] DEBUG LISTServer - 登录游戏成功----------2017/12/28 12:08:43
2017-12-28 12:08:43,942 [67] DEBUG LISTServer - 登陆sssionID--------e5e85f71-6f4f-4f66-8991-b62170899fbb
2017-12-28 12:08:43,942 [67] DEBUG LISTServer - 登录游戏----------2017/12/28 12:08:43
2017-12-28 12:08:44,255 [67] DEBUG LISTServer - 登录用户openid:3552|昵称:压测用户3552----------2017/12/28 12:08:44
2017-12-28 12:08:45,044 [67] DEBUG LISTServer - 登录游戏成功----------2017/12/28 12:08:45
2017-12-28 12:08:46,463 [63] DEBUG LISTServer - 登陆sssionID--------e57af1b3-2f07-455a-9f4e-238c3e343c86
2017-12-28 12:08:46,463 [63] DEBUG LISTServer - 登录游戏----------2017/12/28 12:08:46
2017-12-28 12:08:46,463 [84] DEBUG LISTServer - 登陆sssionID--------2699e668-0d69-4909-9b4b-56586dddfaf3
2017-12-28 12:08:46,463 [84] DEBUG LISTServer - 登录游戏----------2017/12/28 12:08:46
2017-12-28 12:08:46,783 [63] DEBUG LISTServer - 登录用户openid:6699691|昵称:压测用户6699691----------2017/12/28 12:08:46
2017-12-28 12:08:46,783 [84] DEBUG LISTServer - 登录用户openid:4224457|昵称:压测用户4224457----------2017/12/28 12:08:46
2017-12-28 12:08:47,877 [63] DEBUG LISTServer - 登录游戏成功----------2017/12/28 12:08:47
2017-12-28 12:08:48,237 [84] DEBUG LISTServer - 登录游戏成功----------2017/12/28 12:08:48
2017-12-28 12:08:48,995 [96] DEBUG LISTServer - 登陆sssionID--------cc714e0d-7153-4f28-9be2-e3cb15e5e64b
2017-12-28 12:08:48,995 [96] DEBUG LISTServer - 登录游戏----------2017/12/28 12:08:48
2017-12-28 12:08:49,057 [67] DEBUG LISTServer - 登陆sssionID--------05819a2f-b4af-44fe-8a6b-2f6a6c07508d
2017-12-28 12:08:49,057 [67] DEBUG LISTServer - 登录游戏----------2017/12/28 12:08:49
2017-12-28 12:08:49,214 [67] DEBUG LISTServer - 登录用户openid:5937106|昵称:压测用户5937106----------2017/12/28 12:08:49
2017-12-28 12:08:49,339 [63] DEBUG LISTServer - 登陆sssionID--------a770ac07-afdd-4358-b94a-0d355ed2c1ae
2017-12-28 12:08:49,339 [63] DEBUG LISTServer - 登录游戏----------2017/12/28 12:08:49
2017-12-28 12:08:49,448 [63] DEBUG LISTServer - 登录用户openid:15526|昵称:压测用户15526----------2017/12/28 12:08:49
2017-12-28 12:08:49,448 [96] DEBUG LISTServer - 登录用户openid:2872444|昵称:压测用户2872444----------2017/12/28 12:08:49
2017-12-28 12:08:50,007 [96] DEBUG LISTServer - 登录游戏成功----------2017/12/28 12:08:50
2017-12-28 12:08:50,038 [67] DEBUG LISTServer - 登录游戏成功----------2017/12/28 12:08:50
2017-12-28 12:08:50,757 [63] DEBUG LISTServer - 登录游戏成功----------2017/12/28 12:08:50
2017-12-28 12:08:51,794 [115] DEBUG LISTServer - 登陆sssionID--------d2bb2ca3-10df-429d-883e-ae7cc72b3739
2017-12-28 12:08:51,794 [115] DEBUG LISTServer - 登录游戏----------2017/12/28 12:08:51
2017-12-28 12:08:52,075 [115] DEBUG LISTServer - 登录用户openid:5108482|昵称:压测用户5108482----------2017/12/28 12:08:52
2017-12-28 12:08:52,232 [8] DEBUG LISTServer - 登陆sssionID--------bcbff9f9-2c2c-457d-b497-d58ee701d912
2017-12-28 12:08:52,232 [8] DEBUG LISTServer - 登录游戏----------2017/12/28 12:08:52
2017-12-28 12:08:52,450 [8] DEBUG LISTServer - 登录用户openid:3680023|昵称:压测用户3680023----------2017/12/28 12:08:52
2017-12-28 12:08:52,560 [115] DEBUG LISTServer - 登录游戏成功----------2017/12/28 12:08:52
2017-12-28 12:08:52,864 [8] DEBUG LISTServer - 登录游戏成功----------2017/12/28 12:08:52
2017-12-28 12:08:53,899 [115] DEBUG LISTServer - 登陆sssionID--------19367ff4-6886-4b2b-95f1-f05c6f26f203
2017-12-28 12:08:53,899 [115] DEBUG LISTServer - 登录游戏----------2017/12/28 12:08:53
2017-12-28 12:08:54,102 [115] DEBUG LISTServer - 登录用户openid:4694561|昵称:压测用户4694561----------2017/12/28 12:08:54
2017-12-28 12:08:54,749 [115] DEBUG LISTServer - 登录游戏成功----------2017/12/28 12:08:54
2017-12-28 12:08:56,825 [63] DEBUG LISTServer - 登陆sssionID--------e49d7e60-5855-4459-a6de-84e3ba9483b2
2017-12-28 12:08:56,825 [63] DEBUG LISTServer - 登录游戏----------2017/12/28 12:08:56
2017-12-28 12:08:57,038 [63] DEBUG LISTServer - 登录用户openid:9962241|昵称:压测用户9962241----------2017/12/28 12:08:57
2017-12-28 12:08:57,697 [63] DEBUG LISTServer - 登录游戏成功----------2017/12/28 12:08:57
2017-12-28 12:09:04,883 [97] DEBUG LISTServer - 登陆sssionID--------47fba308-ccf9-487e-8d2c-61ee403d8058
2017-12-28 12:09:04,883 [97] DEBUG LISTServer - 登录游戏----------2017/12/28 12:09:04
2017-12-28 12:09:05,211 [97] DEBUG LISTServer - 登录用户openid:4303021|昵称:压测用户4303021----------2017/12/28 12:09:05
2017-12-28 12:09:05,984 [97] DEBUG LISTServer - 登录游戏成功----------2017/12/28 12:09:05
2017-12-28 12:09:08,262 [115] DEBUG LISTServer - 登陆sssionID--------6b1455ee-8c5f-4a20-bf92-4c26a9d33389
2017-12-28 12:09:08,262 [115] DEBUG LISTServer - 登录游戏----------2017/12/28 12:09:08
2017-12-28 12:09:08,481 [115] DEBUG LISTServer - 登录用户openid:9745424|昵称:压测用户9745424----------2017/12/28 12:09:08
2017-12-28 12:09:09,093 [115] DEBUG LISTServer - 登录游戏成功----------2017/12/28 12:09:09
2017-12-28 12:09:10,241 [140] DEBUG LISTServer - 登陆sssionID--------0c9db9e7-8165-453f-b27b-bcb0aee87dc3
2017-12-28 12:09:10,241 [140] DEBUG LISTServer - 登录游戏----------2017/12/28 12:09:10
2017-12-28 12:09:10,547 [140] DEBUG LISTServer - 登录用户openid:4663659|昵称:压测用户4663659----------2017/12/28 12:09:10
2017-12-28 12:09:11,152 [140] DEBUG LISTServer - 登录游戏成功----------2017/12/28 12:09:11
2017-12-28 12:43:37,858 [63] DEBUG LISTServer - 登陆sssionID--------b8794bdc-454d-4002-b9a5-c5c01e8b3cd4
2017-12-28 12:43:37,858 [63] DEBUG LISTServer - 登录游戏----------2017/12/28 12:43:37
2017-12-28 12:43:38,280 [63] DEBUG LISTServer - 登录用户openid:6627106|昵称:压测用户6627106----------2017/12/28 12:43:38
2017-12-28 12:43:39,046 [63] DEBUG LISTServer - 登录游戏成功----------2017/12/28 12:43:39
2017-12-28 12:43:40,638 [204] DEBUG LISTServer - 登陆sssionID--------c439aab7-3898-416a-849a-448110645f39
2017-12-28 12:43:40,638 [204] DEBUG LISTServer - 登录游戏----------2017/12/28 12:43:40
2017-12-28 12:43:40,841 [204] DEBUG LISTServer - 登录用户openid:2451195|昵称:压测用户2451195----------2017/12/28 12:43:40
2017-12-28 12:43:41,529 [204] DEBUG LISTServer - 登录游戏成功----------2017/12/28 12:43:41
2017-12-28 12:43:43,418 [63] DEBUG LISTServer - 登陆sssionID--------cee7d47d-9529-4a49-9f8e-526fd201ecbb
2017-12-28 12:43:43,418 [63] DEBUG LISTServer - 登录游戏----------2017/12/28 12:43:43
2017-12-28 12:43:43,637 [63] DEBUG LISTServer - 登录用户openid:1099182|昵称:压测用户1099182----------2017/12/28 12:43:43
2017-12-28 12:43:44,168 [63] DEBUG LISTServer - 登录游戏成功----------2017/12/28 12:43:44
2017-12-28 12:45:02,105 [167] DEBUG LISTServer - 登陆sssionID--------9aee0af4-288c-4667-b88f-9a6b8c7b55a8
2017-12-28 12:45:02,105 [167] DEBUG LISTServer - 登录游戏----------2017/12/28 12:45:02
2017-12-28 12:45:02,320 [167] DEBUG LISTServer - 登录用户openid:3542361|昵称:压测用户3542361----------2017/12/28 12:45:02
2017-12-28 12:45:02,824 [167] DEBUG LISTServer - 登录游戏成功----------2017/12/28 12:45:02
2017-12-28 12:45:04,519 [63] DEBUG LISTServer - 登陆sssionID--------1f948c19-8356-4506-9bcc-f7309d5da8ef
2017-12-28 12:45:04,519 [63] DEBUG LISTServer - 登录游戏----------2017/12/28 12:45:04
2017-12-28 12:45:04,770 [63] DEBUG LISTServer - 登录用户openid:2746756|昵称:压测用户2746756----------2017/12/28 12:45:04
2017-12-28 12:45:05,426 [63] DEBUG LISTServer - 登录游戏成功----------2017/12/28 12:45:05
2017-12-28 12:46:24,976 [63] DEBUG LISTServer - 登陆sssionID--------93147291-baa3-42bb-87e8-60bd11b97f36
2017-12-28 12:46:24,976 [63] DEBUG LISTServer - 登录游戏----------2017/12/28 12:46:24
2017-12-28 12:46:25,212 [63] DEBUG LISTServer - 登录用户openid:3521495|昵称:压测用户3521495----------2017/12/28 12:46:25
2017-12-28 12:46:25,793 [63] DEBUG LISTServer - 登录游戏成功----------2017/12/28 12:46:25
2017-12-28 12:46:26,804 [140] DEBUG LISTServer - 登陆sssionID--------3e63c529-d1d2-4ceb-9da1-0c65b9387a99
2017-12-28 12:46:26,804 [140] DEBUG LISTServer - 登录游戏----------2017/12/28 12:46:26
2017-12-28 12:46:27,000 [140] DEBUG LISTServer - 登录用户openid:9519523|昵称:压测用户9519523----------2017/12/28 12:46:27
2017-12-28 12:46:27,682 [140] DEBUG LISTServer - 登录游戏成功----------2017/12/28 12:46:27
2017-12-28 12:46:52,724 [63] DEBUG LISTServer - 登陆sssionID--------f106d8d9-fdce-45f9-bf55-1fd19b6b2160
2017-12-28 12:46:52,724 [63] DEBUG LISTServer - 登录游戏----------2017/12/28 12:46:52
2017-12-28 12:46:52,981 [63] DEBUG LISTServer - 登录用户openid:2609468|昵称:压测用户2609468----------2017/12/28 12:46:52
2017-12-28 12:46:53,822 [63] DEBUG LISTServer - 登录游戏成功----------2017/12/28 12:46:53
2017-12-28 12:47:06,274 [141] DEBUG LISTServer - 登陆sssionID--------0413f346-1eb3-46d2-af06-de4c13be50a0
2017-12-28 12:47:06,274 [141] DEBUG LISTServer - 登录游戏----------2017/12/28 12:47:06
2017-12-28 12:47:06,542 [141] DEBUG LISTServer - 登录用户openid:3930578|昵称:压测用户3930578----------2017/12/28 12:47:06
2017-12-28 12:47:07,143 [141] DEBUG LISTServer - 登录游戏成功----------2017/12/28 12:47:07
2017-12-28 12:47:26,766 [63] DEBUG LISTServer - 登陆sssionID--------c58c0238-0977-482b-9314-1a2743b9c535
2017-12-28 12:47:26,766 [63] DEBUG LISTServer - 登录游戏----------2017/12/28 12:47:26
2017-12-28 12:47:26,979 [63] DEBUG LISTServer - 登录用户openid:2756190|昵称:压测用户2756190----------2017/12/28 12:47:26
2017-12-28 12:47:27,616 [63] DEBUG LISTServer - 登录游戏成功----------2017/12/28 12:47:27
2017-12-28 12:47:41,413 [141] DEBUG LISTServer - 登陆sssionID--------cff18429-c47a-4b44-8616-a822a8b77f1e
2017-12-28 12:47:41,414 [141] DEBUG LISTServer - 登录游戏----------2017/12/28 12:47:41
2017-12-28 12:47:41,637 [141] DEBUG LISTServer - 登录用户openid:5822187|昵称:压测用户5822187----------2017/12/28 12:47:41
2017-12-28 12:47:42,336 [141] DEBUG LISTServer - 登录游戏成功----------2017/12/28 12:47:42
2017-12-28 12:47:42,502 [160] DEBUG LISTServer - 登陆sssionID--------777f29c5-f135-40e6-8ee9-74bf4c520fd2
2017-12-28 12:47:42,502 [160] DEBUG LISTServer - 登录游戏----------2017/12/28 12:47:42
2017-12-28 12:47:42,823 [160] DEBUG LISTServer - 登录用户openid:1155125|昵称:压测用户1155125----------2017/12/28 12:47:42
2017-12-28 12:47:44,064 [160] DEBUG LISTServer - 登录游戏成功----------2017/12/28 12:47:44
2017-12-28 12:48:03,098 [63] DEBUG LISTServer - 登陆sssionID--------d3e0f403-47ba-46ee-a897-9819f95c9e36
2017-12-28 12:48:03,098 [63] DEBUG LISTServer - 登录游戏----------2017/12/28 12:48:03
2017-12-28 12:48:03,421 [63] DEBUG LISTServer - 登录用户openid:5836278|昵称:压测用户5836278----------2017/12/28 12:48:03
2017-12-28 12:48:04,370 [63] DEBUG LISTServer - 登录游戏成功----------2017/12/28 12:48:04
2017-12-28 13:34:43,949 [122] DEBUG LISTServer - 登陆sssionID--------50a4b042-756f-45f1-a271-9d4c1c197414
2017-12-28 13:34:43,949 [122] DEBUG LISTServer - 登录游戏----------2017/12/28 13:34:43
2017-12-28 13:34:44,247 [122] DEBUG LISTServer - 登录用户openid:5331685|昵称:压测用户5331685----------2017/12/28 13:34:44
2017-12-28 13:34:45,330 [122] DEBUG LISTServer - 登录游戏成功----------2017/12/28 13:34:45
2017-12-28 13:34:48,134 [122] DEBUG LISTServer - 登陆sssionID--------81179ef7-ecce-4525-8c6d-995170dddff1
2017-12-28 13:34:48,135 [122] DEBUG LISTServer - 登录游戏----------2017/12/28 13:34:48
2017-12-28 13:34:48,507 [122] DEBUG LISTServer - 登录用户openid:8930925|昵称:压测用户8930925----------2017/12/28 13:34:48
2017-12-28 13:34:49,152 [122] DEBUG LISTServer - 登录游戏成功----------2017/12/28 13:34:49
2017-12-28 13:35:08,753 [122] DEBUG LISTServer - 登陆sssionID--------53b2fae0-4ac6-42c5-a0e9-cfc604ca135d
2017-12-28 13:35:08,753 [122] DEBUG LISTServer - 登录游戏----------2017/12/28 13:35:08
2017-12-28 13:35:08,968 [122] DEBUG LISTServer - 登录用户openid:4724895|昵称:压测用户4724895----------2017/12/28 13:35:08
2017-12-28 13:35:09,693 [122] DEBUG LISTServer - 登录游戏成功----------2017/12/28 13:35:09
2017-12-28 13:35:11,177 [118] DEBUG LISTServer - 登陆sssionID--------ea823868-2813-4ffc-a449-6386b6ffac1e
2017-12-28 13:35:11,177 [118] DEBUG LISTServer - 登录游戏----------2017/12/28 13:35:11
2017-12-28 13:35:11,436 [118] DEBUG LISTServer - 登录用户openid:2293088|昵称:压测用户2293088----------2017/12/28 13:35:11
2017-12-28 13:35:14,326 [118] DEBUG LISTServer - 登录游戏成功----------2017/12/28 13:35:14
2017-12-28 13:35:50,502 [63] DEBUG LISTServer - 登陆sssionID--------df6b7573-b18d-4d4c-a747-919750b2ca00
2017-12-28 13:35:50,502 [63] DEBUG LISTServer - 登录游戏----------2017/12/28 13:35:50
2017-12-28 13:35:51,017 [63] DEBUG LISTServer - 登录用户openid:9697486827159f30f5cab73bbab97a1b56966c2a|昵称:测试用户969----------2017/12/28 13:35:51
2017-12-28 13:35:53,783 [63] DEBUG LISTServer - 登录游戏成功----------2017/12/28 13:35:53
2017-12-28 13:35:53,783 [63] DEBUG LISTServer - 新登录用户openid:9697486827159f30f5cab73bbab97a1b56966c2a
2017-12-28 13:36:43,240 [63] DEBUG LISTServer - 登陆sssionID--------75df8cb8-6880-4caa-8ec1-e0993c509a69
2017-12-28 13:36:43,240 [63] DEBUG LISTServer - 登录游戏----------2017/12/28 13:36:43
2017-12-28 13:36:43,486 [63] DEBUG LISTServer - 登录用户openid:3058754|昵称:压测用户3058754----------2017/12/28 13:36:43
2017-12-28 13:36:44,112 [63] DEBUG LISTServer - 登录游戏成功----------2017/12/28 13:36:44
2017-12-28 13:36:45,201 [63] DEBUG LISTServer - 登陆sssionID--------c48c3a58-8811-4883-a366-30ca121afe69
2017-12-28 13:36:45,201 [63] DEBUG LISTServer - 登录游戏----------2017/12/28 13:36:45
2017-12-28 13:36:45,408 [63] DEBUG LISTServer - 登录用户openid:4040273|昵称:压测用户4040273----------2017/12/28 13:36:45
2017-12-28 13:36:46,002 [63] DEBUG LISTServer - 登录游戏成功----------2017/12/28 13:36:46
2017-12-28 13:36:49,453 [184] DEBUG LISTServer - 登陆sssionID--------20e8e608-10eb-4f4a-ab67-24d2e94777b6
2017-12-28 13:36:49,453 [184] DEBUG LISTServer - 登录游戏----------2017/12/28 13:36:49
2017-12-28 13:36:49,667 [184] DEBUG LISTServer - 登录用户openid:7116125|昵称:压测用户7116125----------2017/12/28 13:36:49
2017-12-28 13:36:50,241 [184] DEBUG LISTServer - 登录游戏成功----------2017/12/28 13:36:50
2017-12-28 13:36:51,194 [184] DEBUG LISTServer - 登陆sssionID--------443e6503-50a3-4749-8db3-c208575dbb58
2017-12-28 13:36:51,194 [184] DEBUG LISTServer - 登录游戏----------2017/12/28 13:36:51
2017-12-28 13:36:51,450 [184] DEBUG LISTServer - 登录用户openid:1195327|昵称:压测用户1195327----------2017/12/28 13:36:51
2017-12-28 13:36:52,300 [184] DEBUG LISTServer - 登录游戏成功----------2017/12/28 13:36:52
2017-12-28 13:36:54,464 [200] DEBUG LISTServer - 登陆sssionID--------3f5388ad-6cc2-409a-99c0-3611db803e01
2017-12-28 13:36:54,464 [200] DEBUG LISTServer - 登录游戏----------2017/12/28 13:36:54
2017-12-28 13:36:54,686 [200] DEBUG LISTServer - 登录用户openid:8381834|昵称:压测用户8381834----------2017/12/28 13:36:54
2017-12-28 13:36:55,373 [200] DEBUG LISTServer - 登录游戏成功----------2017/12/28 13:36:55
2017-12-28 13:36:56,373 [200] DEBUG LISTServer - 登陆sssionID--------946d9638-9d8b-4abe-b402-812ac128c2f5
2017-12-28 13:36:56,374 [200] DEBUG LISTServer - 登录游戏----------2017/12/28 13:36:56
2017-12-28 13:36:56,567 [200] DEBUG LISTServer - 登录用户openid:9396373|昵称:压测用户9396373----------2017/12/28 13:36:56
2017-12-28 13:36:57,192 [200] DEBUG LISTServer - 登录游戏成功----------2017/12/28 13:36:57
2017-12-28 13:37:12,951 [196] DEBUG LISTServer - 登陆sssionID--------0638377b-26cf-4cb6-a270-a270f4b380ec
2017-12-28 13:37:12,951 [196] DEBUG LISTServer - 登录游戏----------2017/12/28 13:37:12
2017-12-28 13:37:13,117 [196] DEBUG LISTServer - 登录用户openid:9697486827159f30f5cab73bbab97a1b56966c2a|昵称:测试用户969----------2017/12/28 13:37:13
2017-12-28 13:37:13,197 [196] DEBUG LISTServer - 登录游戏成功,当前对象存在----------2017/12/28 13:37:13
2017-12-28 13:37:13,921 [196] DEBUG LISTServer - 登录游戏成功,当前对象存在----------2017/12/28 13:37:13
2017-12-28 13:37:31,448 [200] DEBUG LISTServer - 登陆sssionID--------b1190bce-781d-4f28-a5c9-56e9fe397540
2017-12-28 13:37:31,448 [200] DEBUG LISTServer - 登录游戏----------2017/12/28 13:37:31
2017-12-28 13:37:31,586 [200] DEBUG LISTServer - 登录用户openid:cb02228dfbbc35594d8f3b7bdaa129cfedd86e9d|昵称:测试用户cb0----------2017/12/28 13:37:31
2017-12-28 13:37:32,099 [200] DEBUG LISTServer - 登录游戏成功----------2017/12/28 13:37:32
2017-12-28 13:37:32,099 [200] DEBUG LISTServer - 新登录用户openid:cb02228dfbbc35594d8f3b7bdaa129cfedd86e9d
2017-12-28 13:42:13,145 [133] DEBUG LISTServer - 登陆sssionID--------d331b87d-fd0d-4852-bf66-c5ac87688083
2017-12-28 13:42:13,145 [133] DEBUG LISTServer - 登录游戏----------2017/12/28 13:42:13
2017-12-28 13:42:16,977 [133] DEBUG LISTServer - 登录用户openid:4708987|昵称:压测用户4708987----------2017/12/28 13:42:16
2017-12-28 13:42:17,991 [133] DEBUG LISTServer - 登录游戏成功----------2017/12/28 13:42:17
2017-12-28 13:42:19,800 [135] DEBUG LISTServer - 登陆sssionID--------c1a3c534-b484-4d45-a1d0-711966a9f95c
2017-12-28 13:42:19,800 [135] DEBUG LISTServer - 登录游戏----------2017/12/28 13:42:19
2017-12-28 13:42:20,125 [135] DEBUG LISTServer - 登录用户openid:1384081|昵称:压测用户1384081----------2017/12/28 13:42:20
2017-12-28 13:42:21,505 [135] DEBUG LISTServer - 登录游戏成功----------2017/12/28 13:42:21
2017-12-28 13:47:35,430 [63] DEBUG LISTServer - 登陆sssionID--------7a4a81da-63cd-4572-a344-a58f93db8485
2017-12-28 13:47:35,430 [63] DEBUG LISTServer - 登录游戏----------2017/12/28 13:47:35
2017-12-28 13:47:38,096 [63] DEBUG LISTServer - 登录用户openid:9697486827159f30f5cab73bbab97a1b56966c2a|昵称:测试用户969----------2017/12/28 13:47:38
2017-12-28 13:47:38,984 [63] DEBUG LISTServer - 登录游戏成功,当前对象存在----------2017/12/28 13:47:38
2017-12-28 13:47:40,295 [164] DEBUG LISTServer - 登陆sssionID--------6ecd0882-2c52-4971-b33e-079314e9d77d
2017-12-28 13:47:40,295 [164] DEBUG LISTServer - 登录游戏----------2017/12/28 13:47:40
2017-12-28 13:47:44,878 [164] DEBUG LISTServer - 登录用户openid:cb02228dfbbc35594d8f3b7bdaa129cfedd86e9d|昵称:测试用户cb0----------2017/12/28 13:47:44
2017-12-28 13:47:46,741 [164] DEBUG LISTServer - 登录游戏成功,当前对象存在----------2017/12/28 13:47:46
2017-12-28 13:47:47,738 [63] DEBUG LISTServer - 登录游戏成功,当前对象存在----------2017/12/28 13:47:47
2017-12-28 13:47:54,289 [164] DEBUG LISTServer - 登录游戏成功,当前对象存在----------2017/12/28 13:47:54
2017-12-28 13:57:05,728 [157] DEBUG LISTServer - 登陆sssionID--------05b4a0fd-5f1d-461d-8fd4-80b6aeb9dd28
2017-12-28 13:57:05,728 [157] DEBUG LISTServer - 登录游戏----------2017/12/28 13:57:05
2017-12-28 13:57:06,092 [157] DEBUG LISTServer - 登录用户openid:cb02228dfbbc35594d8f3b7bdaa129cfedd86e9d|昵称:测试用户cb0----------2017/12/28 13:57:06
2017-12-28 13:57:06,212 [157] DEBUG LISTServer - 登录游戏成功,当前对象存在----------2017/12/28 13:57:06
2017-12-28 13:57:07,006 [157] DEBUG LISTServer - 登录游戏成功,当前对象存在----------2017/12/28 13:57:07
2017-12-28 13:58:24,792 [63] DEBUG LISTServer - 登陆sssionID--------fa842aa8-d690-4aa4-b725-0c4a8b469f02
2017-12-28 13:58:24,792 [63] DEBUG LISTServer - 登录游戏----------2017/12/28 13:58:24
2017-12-28 13:58:24,971 [63] DEBUG LISTServer - 登录用户openid:9697486827159f30f5cab73bbab97a1b56966c2a|昵称:测试用户969----------2017/12/28 13:58:24
2017-12-28 13:58:25,091 [63] DEBUG LISTServer - 登录游戏成功,当前对象存在----------2017/12/28 13:58:25
2017-12-28 13:58:25,936 [63] DEBUG LISTServer - 登录游戏成功,当前对象存在----------2017/12/28 13:58:25
2017-12-28 14:04:07,370 [63] DEBUG LISTServer - 登陆sssionID--------69f9d305-ae73-42bb-aecb-a21ebc2b9496
2017-12-28 14:04:07,371 [63] DEBUG LISTServer - 登录游戏----------2017/12/28 14:04:07
2017-12-28 14:04:07,626 [63] DEBUG LISTServer - 登录用户openid:cb02228dfbbc35594d8f3b7bdaa129cfedd86e9d|昵称:测试用户cb0----------2017/12/28 14:04:07
2017-12-28 14:04:07,698 [63] DEBUG LISTServer - 登录游戏成功,当前对象存在----------2017/12/28 14:04:07
2017-12-28 14:04:09,021 [63] DEBUG LISTServer - System.Net.Sockets.SocketException (0x80004005): 由于目标计算机积极拒绝，无法连接。 192.168.2.54:2013
   在 System.Net.Sockets.Socket.DoConnect(EndPoint endPointSnapshot, SocketAddress socketAddress)
   在 System.Net.Sockets.Socket.Connect(EndPoint remoteEP)
   在 ListBLL.common.RedisUtility.GetServerIP(String serverName, Int32 messageNum, GameSession session, Int32 status, String openid, String unionid, Boolean cutover, Int32 roomID, Int32 roomAddStatus) 位置 D:\工作\ZH_LIST_MJ\list_mj\ListBLL\common\RedisUtility.cs:行号 83
2017-12-28 14:04:09,230 [63] DEBUG LISTServer - 登录游戏成功,当前对象存在----------2017/12/28 14:04:09
2017-12-28 14:04:56,931 [63] DEBUG LISTServer - 登陆sssionID--------3837e5cd-c50e-4540-b86e-c2264867923e
2017-12-28 14:04:56,931 [63] DEBUG LISTServer - 登录游戏----------2017/12/28 14:04:56
2017-12-28 14:04:57,066 [63] DEBUG LISTServer - 登录用户openid:9697486827159f30f5cab73bbab97a1b56966c2a|昵称:测试用户969----------2017/12/28 14:04:57
2017-12-28 14:04:57,129 [63] DEBUG LISTServer - 登录游戏成功,当前对象存在----------2017/12/28 14:04:57
2017-12-28 14:04:57,741 [63] DEBUG LISTServer - 登录游戏成功,当前对象存在----------2017/12/28 14:04:57
2017-12-28 14:11:27,649 [157] DEBUG LISTServer - 登陆sssionID--------d6346f8b-5bf8-4631-8d0e-a8feb67f855d
2017-12-28 14:11:27,649 [157] DEBUG LISTServer - 登录游戏----------2017/12/28 14:11:27
2017-12-28 14:11:28,000 [157] DEBUG LISTServer - 登录用户openid:cb02228dfbbc35594d8f3b7bdaa129cfedd86e9d|昵称:测试用户cb0----------2017/12/28 14:11:28
2017-12-28 14:11:28,070 [157] DEBUG LISTServer - 登录游戏成功,当前对象存在----------2017/12/28 14:11:28
2017-12-28 14:11:29,365 [157] DEBUG LISTServer - 登录游戏成功,当前对象存在----------2017/12/28 14:11:29
2017-12-28 14:11:55,579 [157] DEBUG LISTServer - 登陆sssionID--------52c77ff9-a8a3-4f04-94bb-6f2469c40b93
2017-12-28 14:11:55,579 [157] DEBUG LISTServer - 登录游戏----------2017/12/28 14:11:55
2017-12-28 14:11:55,719 [157] DEBUG LISTServer - 登录用户openid:9697486827159f30f5cab73bbab97a1b56966c2a|昵称:测试用户969----------2017/12/28 14:11:55
2017-12-28 14:11:55,789 [157] DEBUG LISTServer - 登录游戏成功,当前对象存在----------2017/12/28 14:11:55
2017-12-28 14:11:56,185 [157] DEBUG LISTServer - 登录游戏成功,当前对象存在----------2017/12/28 14:11:56
2017-12-28 14:12:41,782 [1] DEBUG DefaultBootstrap - The server instance LISTServer has been created!
2017-12-28 14:12:42,290 [1] DEBUG LISTServer - The command 11105(ListBLL.Logic.AgentGetGroupInfo) has been discovered
2017-12-28 14:12:42,291 [1] DEBUG LISTServer - The command 11107(ListBLL.Logic.AgentGroupUsersManager) has been discovered
2017-12-28 14:12:42,291 [1] DEBUG LISTServer - The command 11060(ListBLL.Logic.ApplyRecord) has been discovered
2017-12-28 14:12:42,291 [1] DEBUG LISTServer - The command 11040(ListBLL.Logic.ApplyToJoin) has been discovered
2017-12-28 14:12:42,291 [1] DEBUG LISTServer - The command 11070(ListBLL.Logic.ChangeApplyStatus) has been discovered
2017-12-28 14:12:42,291 [1] DEBUG LISTServer - The command 11103(ListBLL.Logic.CreateGroup) has been discovered
2017-12-28 14:12:42,291 [1] DEBUG LISTServer - The command 11109(ListBLL.Logic.DeleteGroup) has been discovered
2017-12-28 14:12:42,291 [1] DEBUG LISTServer - The command 19005(ListBLL.Logic.Feedback) has been discovered
2017-12-28 14:12:42,291 [1] DEBUG LISTServer - The command 11020(ListBLL.Logic.GameOperation) has been discovered
2017-12-28 14:12:42,291 [1] DEBUG LISTServer - The command 11030(ListBLL.Logic.GetGroupInfo) has been discovered
2017-12-28 14:12:42,291 [1] DEBUG LISTServer - The command 11022(ListBLL.Logic.GetRoomCard) has been discovered
2017-12-28 14:12:42,292 [1] DEBUG LISTServer - The command 11050(ListBLL.Logic.GroupUsersManager) has been discovered
2017-12-28 14:12:42,292 [1] DEBUG LISTServer - The command 10001(ListBLL.Logic.Heartbeat) has been discovered
2017-12-28 14:12:42,292 [1] DEBUG LISTServer - The command 11080(ListBLL.Logic.LobbyInfo) has been discovered
2017-12-28 14:12:42,292 [1] DEBUG LISTServer - The command 11001(ListBLL.Logic.Login) has been discovered
2017-12-28 14:12:42,292 [1] DEBUG LISTServer - The command 11101(ListBLL.Logic.Package) has been discovered
2017-12-28 14:12:42,292 [1] DEBUG LISTServer - The command 11090(ListBLL.Logic.QuitGroup) has been discovered
2017-12-28 14:12:42,292 [1] DEBUG LISTServer - The command 11108(ListBLL.Logic.SearchPlayer) has been discovered
2017-12-28 14:12:42,292 [1] DEBUG LISTServer - The command 19003(ListBLL.Logic.UserGamePlaybackLogic) has been discovered
2017-12-28 14:12:42,292 [1] DEBUG LISTServer - The command 19001(ListBLL.Logic.UserRecordLogic) has been discovered
2017-12-28 14:12:42,312 [1] DEBUG DefaultBootstrap - The server instance LISTServer has been initialized!
2017-12-28 14:12:43,276 [1] DEBUG DefaultBootstrap - The PerformanceMonitor has been initialized!
2017-12-28 14:12:43,276 [1] DEBUG DefaultBootstrap - The Bootstrap has been initialized!
2017-12-28 14:12:43,298 [1] DEBUG LISTServer - Listener (0.0.0.0:2018) was started
2017-12-28 14:12:43,306 [1] DEBUG DefaultBootstrap - The PerformanceMonitor has been started!
2017-12-28 14:46:25,961 [11] DEBUG LISTServer - 登陆sssionID--------d8427c93-d551-422e-ad5d-a77a57941f5a
2017-12-28 14:46:25,961 [11] DEBUG LISTServer - 登录游戏----------2017/12/28 14:46:25
2017-12-28 14:46:26,655 [11] DEBUG LISTServer - 登录用户openid:eb2904533f025147da58326b404e50d6|昵称:测试用户eb2----------2017/12/28 14:46:26
2017-12-28 14:46:27,257 [12] DEBUG LISTServer - 登陆sssionID--------ea6fe1ac-f4a4-4977-97c6-efe1df5256f3
2017-12-28 14:46:27,257 [12] DEBUG LISTServer - 登录游戏----------2017/12/28 14:46:27
2017-12-28 14:46:27,595 [12] DEBUG LISTServer - 登录用户openid:9b2944cdf162ca7c468bf2b136b4a80e|昵称:测试用户9b2----------2017/12/28 14:46:27
2017-12-28 14:46:27,752 [11] DEBUG LISTServer - 登录游戏成功----------2017/12/28 14:46:27
2017-12-28 14:46:28,278 [12] DEBUG LISTServer - 登录游戏成功----------2017/12/28 14:46:28
2017-12-28 15:01:38,475 [1] DEBUG DefaultBootstrap - The server instance LISTServer has been created!
2017-12-28 15:01:38,613 [1] DEBUG LISTServer - The command 11105(ListBLL.Logic.AgentGetGroupInfo) has been discovered
2017-12-28 15:01:38,613 [1] DEBUG LISTServer - The command 11107(ListBLL.Logic.AgentGroupUsersManager) has been discovered
2017-12-28 15:01:38,613 [1] DEBUG LISTServer - The command 11060(ListBLL.Logic.ApplyRecord) has been discovered
2017-12-28 15:01:38,613 [1] DEBUG LISTServer - The command 11040(ListBLL.Logic.ApplyToJoin) has been discovered
2017-12-28 15:01:38,613 [1] DEBUG LISTServer - The command 11070(ListBLL.Logic.ChangeApplyStatus) has been discovered
2017-12-28 15:01:38,613 [1] DEBUG LISTServer - The command 11103(ListBLL.Logic.CreateGroup) has been discovered
2017-12-28 15:01:38,613 [1] DEBUG LISTServer - The command 11109(ListBLL.Logic.DeleteGroup) has been discovered
2017-12-28 15:01:38,613 [1] DEBUG LISTServer - The command 19005(ListBLL.Logic.Feedback) has been discovered
2017-12-28 15:01:38,614 [1] DEBUG LISTServer - The command 11020(ListBLL.Logic.GameOperation) has been discovered
2017-12-28 15:01:38,614 [1] DEBUG LISTServer - The command 11030(ListBLL.Logic.GetGroupInfo) has been discovered
2017-12-28 15:01:38,614 [1] DEBUG LISTServer - The command 11022(ListBLL.Logic.GetRoomCard) has been discovered
2017-12-28 15:01:38,614 [1] DEBUG LISTServer - The command 11050(ListBLL.Logic.GroupUsersManager) has been discovered
2017-12-28 15:01:38,614 [1] DEBUG LISTServer - The command 10001(ListBLL.Logic.Heartbeat) has been discovered
2017-12-28 15:01:38,614 [1] DEBUG LISTServer - The command 11080(ListBLL.Logic.LobbyInfo) has been discovered
2017-12-28 15:01:38,614 [1] DEBUG LISTServer - The command 11001(ListBLL.Logic.Login) has been discovered
2017-12-28 15:01:38,614 [1] DEBUG LISTServer - The command 11101(ListBLL.Logic.Package) has been discovered
2017-12-28 15:01:38,614 [1] DEBUG LISTServer - The command 11090(ListBLL.Logic.QuitGroup) has been discovered
2017-12-28 15:01:38,614 [1] DEBUG LISTServer - The command 11108(ListBLL.Logic.SearchPlayer) has been discovered
2017-12-28 15:01:38,614 [1] DEBUG LISTServer - The command 19003(ListBLL.Logic.UserGamePlaybackLogic) has been discovered
2017-12-28 15:01:38,614 [1] DEBUG LISTServer - The command 19001(ListBLL.Logic.UserRecordLogic) has been discovered
2017-12-28 15:01:38,629 [1] DEBUG DefaultBootstrap - The server instance LISTServer has been initialized!
2017-12-28 15:01:39,284 [1] DEBUG DefaultBootstrap - The PerformanceMonitor has been initialized!
2017-12-28 15:01:39,284 [1] DEBUG DefaultBootstrap - The Bootstrap has been initialized!
2017-12-28 15:01:39,308 [1] DEBUG LISTServer - Listener (0.0.0.0:2018) was started
2017-12-28 15:01:39,312 [1] DEBUG DefaultBootstrap - The PerformanceMonitor has been started!
2017-12-28 15:10:35,831 [1] DEBUG DefaultBootstrap - The server instance LISTServer has been created!
2017-12-28 15:10:36,073 [1] DEBUG LISTServer - The command 11105(ListBLL.Logic.AgentGetGroupInfo) has been discovered
2017-12-28 15:10:36,074 [1] DEBUG LISTServer - The command 11107(ListBLL.Logic.AgentGroupUsersManager) has been discovered
2017-12-28 15:10:36,074 [1] DEBUG LISTServer - The command 11060(ListBLL.Logic.ApplyRecord) has been discovered
2017-12-28 15:10:36,074 [1] DEBUG LISTServer - The command 11040(ListBLL.Logic.ApplyToJoin) has been discovered
2017-12-28 15:10:36,074 [1] DEBUG LISTServer - The command 11070(ListBLL.Logic.ChangeApplyStatus) has been discovered
2017-12-28 15:10:36,074 [1] DEBUG LISTServer - The command 11103(ListBLL.Logic.CreateGroup) has been discovered
2017-12-28 15:10:36,074 [1] DEBUG LISTServer - The command 11109(ListBLL.Logic.DeleteGroup) has been discovered
2017-12-28 15:10:36,075 [1] DEBUG LISTServer - The command 19005(ListBLL.Logic.Feedback) has been discovered
2017-12-28 15:10:36,075 [1] DEBUG LISTServer - The command 11020(ListBLL.Logic.GameOperation) has been discovered
2017-12-28 15:10:36,075 [1] DEBUG LISTServer - The command 11030(ListBLL.Logic.GetGroupInfo) has been discovered
2017-12-28 15:10:36,075 [1] DEBUG LISTServer - The command 11022(ListBLL.Logic.GetRoomCard) has been discovered
2017-12-28 15:10:36,075 [1] DEBUG LISTServer - The command 11050(ListBLL.Logic.GroupUsersManager) has been discovered
2017-12-28 15:10:36,075 [1] DEBUG LISTServer - The command 10001(ListBLL.Logic.Heartbeat) has been discovered
2017-12-28 15:10:36,075 [1] DEBUG LISTServer - The command 11080(ListBLL.Logic.LobbyInfo) has been discovered
2017-12-28 15:10:36,075 [1] DEBUG LISTServer - The command 11001(ListBLL.Logic.Login) has been discovered
2017-12-28 15:10:36,075 [1] DEBUG LISTServer - The command 11101(ListBLL.Logic.Package) has been discovered
2017-12-28 15:10:36,075 [1] DEBUG LISTServer - The command 11090(ListBLL.Logic.QuitGroup) has been discovered
2017-12-28 15:10:36,075 [1] DEBUG LISTServer - The command 11108(ListBLL.Logic.SearchPlayer) has been discovered
2017-12-28 15:10:36,075 [1] DEBUG LISTServer - The command 19003(ListBLL.Logic.UserGamePlaybackLogic) has been discovered
2017-12-28 15:10:36,076 [1] DEBUG LISTServer - The command 19001(ListBLL.Logic.UserRecordLogic) has been discovered
2017-12-28 15:10:36,092 [1] DEBUG DefaultBootstrap - The server instance LISTServer has been initialized!
2017-12-28 15:10:37,156 [1] DEBUG DefaultBootstrap - The PerformanceMonitor has been initialized!
2017-12-28 15:10:37,156 [1] DEBUG DefaultBootstrap - The Bootstrap has been initialized!
2017-12-28 15:10:37,184 [1] DEBUG LISTServer - Listener (0.0.0.0:2018) was started
2017-12-28 15:10:37,188 [1] DEBUG DefaultBootstrap - The PerformanceMonitor has been started!
2017-12-28 15:13:44,794 [16] DEBUG LISTServer - 登陆sssionID--------8fbfa1dc-4d61-4f24-af9c-32dd7cf6bd32
2017-12-28 15:13:44,794 [16] DEBUG LISTServer - 登录游戏----------2017/12/28 15:13:44
2017-12-28 15:13:45,500 [16] DEBUG LISTServer - 登录用户openid:cb02228dfbbc35594d8f3b7bdaa129cfedd86e9d|昵称:测试用户cb0----------2017/12/28 15:13:45
2017-12-28 15:13:46,506 [16] DEBUG LISTServer - 登录游戏成功----------2017/12/28 15:13:46
2017-12-28 15:13:46,506 [16] DEBUG LISTServer - 新登录用户openid:cb02228dfbbc35594d8f3b7bdaa129cfedd86e9d
2017-12-28 15:21:16,006 [13] DEBUG LISTServer - 登陆sssionID--------d50a2c9f-9bde-4a48-a877-e5c34326df68
2017-12-28 15:21:16,006 [13] DEBUG LISTServer - 登录游戏----------2017/12/28 15:21:16
2017-12-28 15:21:16,399 [13] DEBUG LISTServer - 登录用户openid:9697486827159f30f5cab73bbab97a1b56966c2a|昵称:测试用户969----------2017/12/28 15:21:16
2017-12-28 15:21:20,510 [13] DEBUG LISTServer - 登录游戏成功----------2017/12/28 15:21:20
2017-12-28 15:21:20,510 [13] DEBUG LISTServer - 新登录用户openid:9697486827159f30f5cab73bbab97a1b56966c2a
2017-12-28 15:23:28,065 [7] DEBUG LISTServer - 登陆sssionID--------97b2b4bf-0090-4838-baf7-fc67b712c338
2017-12-28 15:23:28,065 [7] DEBUG LISTServer - 登录游戏----------2017/12/28 15:23:28
2017-12-28 15:23:28,235 [7] DEBUG LISTServer - 登录用户openid:9697486827159f30f5cab73bbab97a1b56966c2a|昵称:测试用户969----------2017/12/28 15:23:28
2017-12-28 15:23:28,293 [7] DEBUG LISTServer - 登录游戏成功,当前对象存在----------2017/12/28 15:23:28
2017-12-28 15:23:28,685 [7] DEBUG LISTServer - 登录游戏成功,当前对象存在----------2017/12/28 15:23:28
2017-12-28 15:36:49,935 [32] DEBUG LISTServer - 登陆sssionID--------0e90563e-d1a3-4332-950a-85a18a3a9b3f
2017-12-28 15:36:49,935 [32] DEBUG LISTServer - 登录游戏----------2017/12/28 15:36:49
2017-12-28 15:36:50,259 [32] DEBUG LISTServer - 登录用户openid:9697486827159f30f5cab73bbab97a1b56966c2a|昵称:测试用户969----------2017/12/28 15:36:50
2017-12-28 15:36:50,361 [32] DEBUG LISTServer - 登录游戏成功,当前对象存在----------2017/12/28 15:36:50
2017-12-28 15:36:50,692 [32] DEBUG LISTServer - 登录游戏成功,当前对象存在----------2017/12/28 15:36:50
2017-12-28 15:40:43,170 [7] DEBUG LISTServer - 登陆sssionID--------cbb4177e-1ef8-49a0-956c-17c7f3512b73
2017-12-28 15:40:43,172 [7] DEBUG LISTServer - 登录游戏----------2017/12/28 15:40:43
2017-12-28 15:40:43,296 [7] DEBUG LISTServer - 登录用户openid:9697486827159f30f5cab73bbab97a1b56966c2a|昵称:测试用户969----------2017/12/28 15:40:43
2017-12-28 15:40:43,409 [7] DEBUG LISTServer - 登录游戏成功,当前对象存在----------2017/12/28 15:40:43
2017-12-28 15:40:43,853 [7] DEBUG LISTServer - 登录游戏成功,当前对象存在----------2017/12/28 15:40:43
2017-12-28 15:54:20,817 [7] DEBUG LISTServer - 登陆sssionID--------56621c77-7366-4b15-916e-92588f5c8eb8
2017-12-28 15:54:20,817 [7] DEBUG LISTServer - 登录游戏----------2017/12/28 15:54:20
2017-12-28 15:54:21,235 [7] DEBUG LISTServer - 登录用户openid:9697486827159f30f5cab73bbab97a1b56966c2a|昵称:测试用户969----------2017/12/28 15:54:21
2017-12-28 15:54:21,313 [7] DEBUG LISTServer - 登录游戏成功,当前对象存在----------2017/12/28 15:54:21
2017-12-28 15:54:21,758 [7] DEBUG LISTServer - 登录游戏成功,当前对象存在----------2017/12/28 15:54:21
2017-12-28 15:56:00,451 [7] DEBUG LISTServer - 登陆sssionID--------50bf6d26-dfb9-4a96-bb39-f4cda005ead1
2017-12-28 15:56:00,451 [7] DEBUG LISTServer - 登录游戏----------2017/12/28 15:56:00
2017-12-28 15:56:00,624 [7] DEBUG LISTServer - 登录用户openid:9697486827159f30f5cab73bbab97a1b56966c2a|昵称:测试用户969----------2017/12/28 15:56:00
2017-12-28 15:56:00,714 [7] DEBUG LISTServer - 登录游戏成功,当前对象存在----------2017/12/28 15:56:00
2017-12-28 15:56:01,068 [7] DEBUG LISTServer - 登录游戏成功,当前对象存在----------2017/12/28 15:56:01
2017-12-28 15:58:25,918 [7] DEBUG LISTServer - 登陆sssionID--------8238b8b6-ab2b-4a43-9741-51e0989482d3
2017-12-28 15:58:25,918 [7] DEBUG LISTServer - 登录游戏----------2017/12/28 15:58:25
2017-12-28 15:58:26,171 [7] DEBUG LISTServer - 登录用户openid:9697486827159f30f5cab73bbab97a1b56966c2a|昵称:测试用户969----------2017/12/28 15:58:26
2017-12-28 15:58:26,212 [7] DEBUG LISTServer - 登录游戏成功,当前对象存在----------2017/12/28 15:58:26
2017-12-28 15:58:26,476 [7] DEBUG LISTServer - 登录游戏成功,当前对象存在----------2017/12/28 15:58:26
2017-12-28 16:00:12,476 [7] DEBUG LISTServer - 登陆sssionID--------eadff852-b1e0-4cad-8c14-6480ac986468
2017-12-28 16:00:12,476 [7] DEBUG LISTServer - 登录游戏----------2017/12/28 16:00:12
2017-12-28 16:00:12,682 [7] DEBUG LISTServer - 登录用户openid:9697486827159f30f5cab73bbab97a1b56966c2a|昵称:测试用户969----------2017/12/28 16:00:12
2017-12-28 16:00:12,766 [7] DEBUG LISTServer - 登录游戏成功,当前对象存在----------2017/12/28 16:00:12
2017-12-28 16:00:13,192 [7] DEBUG LISTServer - 登录游戏成功,当前对象存在----------2017/12/28 16:00:13
2017-12-28 16:03:04,701 [22] DEBUG LISTServer - 登陆sssionID--------fc06827f-5525-4bcf-81d7-f6c19715c9bd
2017-12-28 16:03:04,701 [22] DEBUG LISTServer - 登录游戏----------2017/12/28 16:03:04
2017-12-28 16:03:04,908 [22] DEBUG LISTServer - 登录用户openid:9697486827159f30f5cab73bbab97a1b56966c2a|昵称:测试用户969----------2017/12/28 16:03:04
2017-12-28 16:03:05,049 [22] DEBUG LISTServer - 登录游戏成功,当前对象存在----------2017/12/28 16:03:05
2017-12-28 16:03:05,642 [22] DEBUG LISTServer - 登录游戏成功,当前对象存在----------2017/12/28 16:03:05
2017-12-28 16:06:32,288 [7] DEBUG LISTServer - 登陆sssionID--------eacd75aa-6668-47c5-8a38-207277f7e008
2017-12-28 16:06:32,288 [7] DEBUG LISTServer - 登录游戏----------2017/12/28 16:06:32
2017-12-28 16:06:32,446 [7] DEBUG LISTServer - 登录用户openid:9697486827159f30f5cab73bbab97a1b56966c2a|昵称:测试用户969----------2017/12/28 16:06:32
2017-12-28 16:06:32,816 [7] DEBUG LISTServer - 登录游戏成功,当前对象存在----------2017/12/28 16:06:32
2017-12-28 16:06:34,913 [7] DEBUG LISTServer - 登录游戏成功,当前对象存在----------2017/12/28 16:06:34
2017-12-28 16:10:20,864 [7] DEBUG LISTServer - 登陆sssionID--------f5996327-82ff-4881-99c7-4ccd612e37d4
2017-12-28 16:10:20,864 [7] DEBUG LISTServer - 登录游戏----------2017/12/28 16:10:20
2017-12-28 16:10:21,041 [7] DEBUG LISTServer - 登录用户openid:9697486827159f30f5cab73bbab97a1b56966c2a|昵称:测试用户969----------2017/12/28 16:10:21
2017-12-28 16:10:21,112 [7] DEBUG LISTServer - 登录游戏成功,当前对象存在----------2017/12/28 16:10:21
2017-12-28 16:10:21,488 [7] DEBUG LISTServer - 登录游戏成功,当前对象存在----------2017/12/28 16:10:21
2017-12-28 16:13:20,870 [21] DEBUG LISTServer - 登陆sssionID--------a679105c-4d34-4dfa-a13d-d2e8b435f16f
2017-12-28 16:13:20,870 [21] DEBUG LISTServer - 登录游戏----------2017/12/28 16:13:20
2017-12-28 16:13:21,430 [21] DEBUG LISTServer - 登录用户openid:9697486827159f30f5cab73bbab97a1b56966c2a|昵称:测试用户969----------2017/12/28 16:13:21
2017-12-28 16:13:21,850 [21] DEBUG LISTServer - 登录游戏成功,当前对象存在----------2017/12/28 16:13:21
2017-12-28 16:13:22,617 [21] DEBUG LISTServer - 登录游戏成功,当前对象存在----------2017/12/28 16:13:22
2017-12-28 16:14:12,284 [7] DEBUG LISTServer - 登陆sssionID--------deaaabe0-9eb1-4dd5-9432-4ddf13d23604
2017-12-28 16:14:12,284 [7] DEBUG LISTServer - 登录游戏----------2017/12/28 16:14:12
2017-12-28 16:14:12,419 [7] DEBUG LISTServer - 登录用户openid:cb02228dfbbc35594d8f3b7bdaa129cfedd86e9d|昵称:测试用户cb0----------2017/12/28 16:14:12
2017-12-28 16:14:12,504 [7] DEBUG LISTServer - 登录游戏成功,当前对象存在----------2017/12/28 16:14:12
2017-12-28 16:14:12,872 [7] DEBUG LISTServer - 登录游戏成功,当前对象存在----------2017/12/28 16:14:12
2017-12-28 16:16:01,991 [7] DEBUG LISTServer - 登陆sssionID--------8e0e7675-415e-42ee-86e5-bd4c8f623392
2017-12-28 16:16:01,991 [7] DEBUG LISTServer - 登录游戏----------2017/12/28 16:16:01
2017-12-28 16:16:02,341 [7] DEBUG LISTServer - 登录用户openid:9697486827159f30f5cab73bbab97a1b56966c2a|昵称:测试用户969----------2017/12/28 16:16:02
2017-12-28 16:16:02,466 [7] DEBUG LISTServer - 登录游戏成功,当前对象存在----------2017/12/28 16:16:02
2017-12-28 16:16:03,651 [7] DEBUG LISTServer - 登录游戏成功,当前对象存在----------2017/12/28 16:16:03
2017-12-28 16:16:10,066 [40] DEBUG LISTServer - 登陆sssionID--------d9c5d1e1-7ff3-4a56-90b6-ecb1b4a05dc6
2017-12-28 16:16:10,066 [40] DEBUG LISTServer - 登录游戏----------2017/12/28 16:16:10
2017-12-28 16:16:10,354 [40] DEBUG LISTServer - 登录用户openid:cb02228dfbbc35594d8f3b7bdaa129cfedd86e9d|昵称:测试用户cb0----------2017/12/28 16:16:10
2017-12-28 16:16:10,484 [40] DEBUG LISTServer - 登录游戏成功,当前对象存在----------2017/12/28 16:16:10
2017-12-28 16:16:11,341 [40] DEBUG LISTServer - 登录游戏成功,当前对象存在----------2017/12/28 16:16:11
2017-12-28 16:23:08,127 [7] DEBUG LISTServer - 登陆sssionID--------79e5b859-e564-46d7-a506-733b008eefef
2017-12-28 16:23:08,127 [7] DEBUG LISTServer - 登录游戏----------2017/12/28 16:23:08
2017-12-28 16:23:09,154 [7] DEBUG LISTServer - 登录用户openid:cb02228dfbbc35594d8f3b7bdaa129cfedd86e9d|昵称:测试用户cb0----------2017/12/28 16:23:09
2017-12-28 16:23:09,222 [7] DEBUG LISTServer - 登录游戏成功,当前对象存在----------2017/12/28 16:23:09
2017-12-28 16:23:09,876 [7] DEBUG LISTServer - 登录游戏成功,当前对象存在----------2017/12/28 16:23:09
2017-12-28 16:23:14,085 [7] DEBUG LISTServer - 登陆sssionID--------5f8f4430-de15-4058-95de-ca716e6350d0
2017-12-28 16:23:14,085 [7] DEBUG LISTServer - 登录游戏----------2017/12/28 16:23:14
2017-12-28 16:23:14,224 [7] DEBUG LISTServer - 登录用户openid:9697486827159f30f5cab73bbab97a1b56966c2a|昵称:测试用户969----------2017/12/28 16:23:14
2017-12-28 16:23:14,302 [7] DEBUG LISTServer - 登录游戏成功,当前对象存在----------2017/12/28 16:23:14
2017-12-28 16:23:14,856 [7] DEBUG LISTServer - 登录游戏成功,当前对象存在----------2017/12/28 16:23:14
2017-12-28 16:36:19,321 [7] DEBUG LISTServer - 登陆sssionID--------5262e1c5-2ef2-4dc2-920c-9e11356c8908
2017-12-28 16:36:19,321 [7] DEBUG LISTServer - 登录游戏----------2017/12/28 16:36:19
2017-12-28 16:36:19,570 [7] DEBUG LISTServer - 登录用户openid:9697486827159f30f5cab73bbab97a1b56966c2a|昵称:测试用户969----------2017/12/28 16:36:19
2017-12-28 16:36:19,610 [7] DEBUG LISTServer - 登录游戏成功,当前对象存在----------2017/12/28 16:36:19
2017-12-28 16:36:20,096 [7] DEBUG LISTServer - 登录游戏成功,当前对象存在----------2017/12/28 16:36:20
2017-12-28 16:36:59,020 [17] DEBUG LISTServer - 登陆sssionID--------2dd4a46b-414e-4b04-992e-141239a5ded1
2017-12-28 16:36:59,020 [17] DEBUG LISTServer - 登录游戏----------2017/12/28 16:36:59
2017-12-28 16:36:59,251 [17] DEBUG LISTServer - 登录用户openid:cb02228dfbbc35594d8f3b7bdaa129cfedd86e9d|昵称:测试用户cb0----------2017/12/28 16:36:59
2017-12-28 16:36:59,394 [17] DEBUG LISTServer - 登录游戏成功,当前对象存在----------2017/12/28 16:36:59
2017-12-28 16:37:00,265 [17] DEBUG LISTServer - 登录游戏成功,当前对象存在----------2017/12/28 16:37:00
2017-12-28 16:43:16,503 [23] DEBUG LISTServer - 登陆sssionID--------aa90faa1-7c49-4ad3-bb27-4cdb83cbc3ce
2017-12-28 16:43:16,503 [23] DEBUG LISTServer - 登录游戏----------2017/12/28 16:43:16
2017-12-28 16:43:16,665 [23] DEBUG LISTServer - 登录用户openid:9697486827159f30f5cab73bbab97a1b56966c2a|昵称:测试用户969----------2017/12/28 16:43:16
2017-12-28 16:43:16,737 [23] DEBUG LISTServer - 登录游戏成功,当前对象存在----------2017/12/28 16:43:16
2017-12-28 16:43:17,360 [23] DEBUG LISTServer - 登录游戏成功,当前对象存在----------2017/12/28 16:43:17
2017-12-28 16:44:47,791 [23] DEBUG LISTServer - 登陆sssionID--------e24d7e96-e7e8-4f47-a833-fb4dfdbdd656
2017-12-28 16:44:47,791 [23] DEBUG LISTServer - 登录游戏----------2017/12/28 16:44:47
2017-12-28 16:44:47,933 [23] DEBUG LISTServer - 登录用户openid:9697486827159f30f5cab73bbab97a1b56966c2a|昵称:测试用户969----------2017/12/28 16:44:47
2017-12-28 16:44:48,016 [23] DEBUG LISTServer - 登录游戏成功,当前对象存在----------2017/12/28 16:44:48
2017-12-28 16:44:48,397 [23] DEBUG LISTServer - 登录游戏成功,当前对象存在----------2017/12/28 16:44:48
2017-12-28 16:52:14,426 [84] DEBUG LISTServer - 登陆sssionID--------797d7027-c5a2-4ca0-9e97-fdf43483834c
2017-12-28 16:52:14,426 [84] DEBUG LISTServer - 登录游戏----------2017/12/28 16:52:14
2017-12-28 16:52:14,587 [84] DEBUG LISTServer - 登录用户openid:9697486827159f30f5cab73bbab97a1b56966c2a|昵称:测试用户969----------2017/12/28 16:52:14
2017-12-28 16:52:14,668 [84] DEBUG LISTServer - 登录游戏成功,当前对象存在----------2017/12/28 16:52:14
2017-12-28 16:52:15,021 [84] DEBUG LISTServer - 登录游戏成功,当前对象存在----------2017/12/28 16:52:15
2017-12-28 17:59:27,381 [1] DEBUG DefaultBootstrap - The server instance LISTServer has been created!
2017-12-28 17:59:27,730 [1] DEBUG LISTServer - The command 11105(ListBLL.Logic.AgentGetGroupInfo) has been discovered
2017-12-28 17:59:27,730 [1] DEBUG LISTServer - The command 11107(ListBLL.Logic.AgentGroupUsersManager) has been discovered
2017-12-28 17:59:27,730 [1] DEBUG LISTServer - The command 11060(ListBLL.Logic.ApplyRecord) has been discovered
2017-12-28 17:59:27,730 [1] DEBUG LISTServer - The command 11040(ListBLL.Logic.ApplyToJoin) has been discovered
2017-12-28 17:59:27,730 [1] DEBUG LISTServer - The command 11070(ListBLL.Logic.ChangeApplyStatus) has been discovered
2017-12-28 17:59:27,731 [1] DEBUG LISTServer - The command 11103(ListBLL.Logic.CreateGroup) has been discovered
2017-12-28 17:59:27,731 [1] DEBUG LISTServer - The command 11109(ListBLL.Logic.DeleteGroup) has been discovered
2017-12-28 17:59:27,731 [1] DEBUG LISTServer - The command 19005(ListBLL.Logic.Feedback) has been discovered
2017-12-28 17:59:27,731 [1] DEBUG LISTServer - The command 11020(ListBLL.Logic.GameOperation) has been discovered
2017-12-28 17:59:27,731 [1] DEBUG LISTServer - The command 11030(ListBLL.Logic.GetGroupInfo) has been discovered
2017-12-28 17:59:27,731 [1] DEBUG LISTServer - The command 11022(ListBLL.Logic.GetRoomCard) has been discovered
2017-12-28 17:59:27,731 [1] DEBUG LISTServer - The command 11050(ListBLL.Logic.GroupUsersManager) has been discovered
2017-12-28 17:59:27,731 [1] DEBUG LISTServer - The command 10001(ListBLL.Logic.Heartbeat) has been discovered
2017-12-28 17:59:27,731 [1] DEBUG LISTServer - The command 11080(ListBLL.Logic.LobbyInfo) has been discovered
2017-12-28 17:59:27,731 [1] DEBUG LISTServer - The command 11001(ListBLL.Logic.Login) has been discovered
2017-12-28 17:59:27,731 [1] DEBUG LISTServer - The command 11101(ListBLL.Logic.Package) has been discovered
2017-12-28 17:59:27,731 [1] DEBUG LISTServer - The command 11090(ListBLL.Logic.QuitGroup) has been discovered
2017-12-28 17:59:27,731 [1] DEBUG LISTServer - The command 11108(ListBLL.Logic.SearchPlayer) has been discovered
2017-12-28 17:59:27,732 [1] DEBUG LISTServer - The command 19003(ListBLL.Logic.UserGamePlaybackLogic) has been discovered
2017-12-28 17:59:27,732 [1] DEBUG LISTServer - The command 19001(ListBLL.Logic.UserRecordLogic) has been discovered
2017-12-28 17:59:27,745 [1] DEBUG DefaultBootstrap - The server instance LISTServer has been initialized!
2017-12-28 17:59:28,792 [1] DEBUG DefaultBootstrap - The PerformanceMonitor has been initialized!
2017-12-28 17:59:28,792 [1] DEBUG DefaultBootstrap - The Bootstrap has been initialized!
2017-12-28 17:59:28,815 [1] DEBUG LISTServer - Listener (0.0.0.0:2018) was started
2017-12-28 17:59:28,819 [1] DEBUG DefaultBootstrap - The PerformanceMonitor has been started!
2017-12-28 18:01:04,169 [14] DEBUG LISTServer - 登陆sssionID--------aa4e71e8-50e8-416c-8a2b-c173ea1c3283
2017-12-28 18:01:04,169 [14] DEBUG LISTServer - 登录游戏----------2017/12/28 18:01:04
2017-12-28 18:01:04,932 [14] DEBUG LISTServer - 登录用户openid:9697486827159f30f5cab73bbab97a1b56966c2a|昵称:测试用户969----------2017/12/28 18:01:04
2017-12-28 18:01:05,907 [14] DEBUG LISTServer - 登录游戏成功----------2017/12/28 18:01:05
2017-12-28 18:01:05,907 [14] DEBUG LISTServer - 新登录用户openid:9697486827159f30f5cab73bbab97a1b56966c2a
2017-12-28 18:01:57,018 [7] DEBUG LISTServer - 登陆sssionID--------165da4b2-b674-45e5-9117-994b09a801cb
2017-12-28 18:01:57,018 [7] DEBUG LISTServer - 登录游戏----------2017/12/28 18:01:57
2017-12-28 18:01:57,181 [7] DEBUG LISTServer - 登录用户openid:cb02228dfbbc35594d8f3b7bdaa129cfedd86e9d|昵称:测试用户cb0----------2017/12/28 18:01:57
2017-12-28 18:01:57,946 [7] DEBUG LISTServer - 登录游戏成功----------2017/12/28 18:01:57
2017-12-28 18:01:57,946 [7] DEBUG LISTServer - 新登录用户openid:cb02228dfbbc35594d8f3b7bdaa129cfedd86e9d
2017-12-28 18:03:14,325 [7] DEBUG LISTServer - 登陆sssionID--------de37b1fe-bb63-4e4a-9b88-026c91a51e69
2017-12-28 18:03:14,325 [7] DEBUG LISTServer - 登录游戏----------2017/12/28 18:03:14
2017-12-28 18:03:14,532 [7] DEBUG LISTServer - 登录用户openid:cb02228dfbbc35594d8f3b7bdaa129cfedd86e9d|昵称:测试用户cb0----------2017/12/28 18:03:14
2017-12-28 18:03:14,613 [7] DEBUG LISTServer - 登录游戏成功,当前对象存在----------2017/12/28 18:03:14
2017-12-28 18:03:15,271 [7] DEBUG LISTServer - 登录游戏成功,当前对象存在----------2017/12/28 18:03:15
2017-12-28 18:05:01,066 [37] DEBUG LISTServer - 登陆sssionID--------02452e6a-c4ee-494f-b261-9d6ad5ea2332
2017-12-28 18:05:01,066 [37] DEBUG LISTServer - 登录游戏----------2017/12/28 18:05:01
2017-12-28 18:05:01,230 [37] DEBUG LISTServer - 登录用户openid:cb02228dfbbc35594d8f3b7bdaa129cfedd86e9d|昵称:测试用户cb0----------2017/12/28 18:05:01
2017-12-28 18:05:01,290 [37] DEBUG LISTServer - 登录游戏成功,当前对象存在----------2017/12/28 18:05:01
2017-12-28 18:05:01,642 [37] DEBUG LISTServer - 登录游戏成功,当前对象存在----------2017/12/28 18:05:01
2017-12-28 18:08:36,640 [14] DEBUG LISTServer - 登陆sssionID--------75bb9e3e-ed34-457d-b007-1f0fa0f09aa5
2017-12-28 18:08:36,640 [14] DEBUG LISTServer - 登录游戏----------2017/12/28 18:08:36
2017-12-28 18:08:36,776 [14] DEBUG LISTServer - 登录用户openid:9697486827159f30f5cab73bbab97a1b56966c2a|昵称:测试用户969----------2017/12/28 18:08:36
2017-12-28 18:08:36,847 [14] DEBUG LISTServer - 登录游戏成功,当前对象存在----------2017/12/28 18:08:36
2017-12-28 18:08:37,184 [14] DEBUG LISTServer - 登录游戏成功,当前对象存在----------2017/12/28 18:08:37
2017-12-28 18:17:33,959 [7] DEBUG LISTServer - 登陆sssionID--------e6d8948d-3a02-4989-b506-2c5c1444eac0
2017-12-28 18:17:34,790 [7] DEBUG LISTServer - 登录游戏----------2017/12/28 18:17:34
2017-12-28 18:17:48,828 [7] DEBUG LISTServer - 登录用户openid:cb02228dfbbc35594d8f3b7bdaa129cfedd86e9d|昵称:测试用户cb0----------2017/12/28 18:17:48
2017-12-28 18:17:48,900 [7] DEBUG LISTServer - 登录游戏成功,当前对象存在----------2017/12/28 18:17:48
2017-12-28 18:17:50,722 [7] DEBUG LISTServer - 登录游戏成功,当前对象存在----------2017/12/28 18:17:50
2017-12-28 18:20:47,077 [7] DEBUG LISTServer - 登陆sssionID--------035732c1-68ce-48fa-b880-1d52194acecc
2017-12-28 18:20:47,077 [7] DEBUG LISTServer - 登录游戏----------2017/12/28 18:20:47
2017-12-28 18:20:47,093 [67] DEBUG LISTServer - 登陆sssionID--------0c2f5149-312a-42b8-8676-95722c7f3f26
2017-12-28 18:20:47,093 [67] DEBUG LISTServer - 登录游戏----------2017/12/28 18:20:47
2017-12-28 18:20:47,201 [7] DEBUG LISTServer - 登录用户openid:cb02228dfbbc35594d8f3b7bdaa129cfedd86e9d|昵称:测试用户cb0----------2017/12/28 18:20:47
2017-12-28 18:20:47,268 [7] DEBUG LISTServer - 登录游戏成功,当前对象存在----------2017/12/28 18:20:47
2017-12-28 18:20:47,348 [67] DEBUG LISTServer - 登录用户openid:cb02228dfbbc35594d8f3b7bdaa129cfedd86e9d|昵称:测试用户cb0----------2017/12/28 18:20:47
2017-12-28 18:20:47,437 [67] DEBUG LISTServer - 登录游戏失败,当前对象存在----------2017/12/28 18:20:47
2017-12-28 18:20:47,437 [67] DEBUG LISTServer - sssionID--------0c2f5149-312a-42b8-8676-95722c7f3f26
2017-12-28 18:20:47,995 [7] DEBUG LISTServer - 登录游戏成功,当前对象存在----------2017/12/28 18:20:47
2017-12-28 18:21:20,411 [69] DEBUG LISTServer - 登陆sssionID--------46783d65-db3b-4ba0-96f4-81382c76c576
2017-12-28 18:21:20,411 [69] DEBUG LISTServer - 登录游戏----------2017/12/28 18:21:20
2017-12-28 18:21:20,598 [69] DEBUG LISTServer - 登录用户openid:cb02228dfbbc35594d8f3b7bdaa129cfedd86e9d|昵称:测试用户cb0----------2017/12/28 18:21:20
2017-12-28 18:21:20,688 [69] DEBUG LISTServer - 登录游戏成功,当前对象存在----------2017/12/28 18:21:20
2017-12-28 18:21:21,034 [69] DEBUG LISTServer - 登录游戏成功,当前对象存在----------2017/12/28 18:21:21
2017-12-28 18:24:06,109 [59] DEBUG LISTServer - 登陆sssionID--------c1d951ef-1e20-46e6-8a6d-5f9829e5a0b0
2017-12-28 18:24:06,109 [59] DEBUG LISTServer - 登录游戏----------2017/12/28 18:24:06
2017-12-28 18:24:06,253 [59] DEBUG LISTServer - 登录用户openid:cb02228dfbbc35594d8f3b7bdaa129cfedd86e9d|昵称:测试用户cb0----------2017/12/28 18:24:06
2017-12-28 18:24:06,316 [59] DEBUG LISTServer - 登录游戏成功,当前对象存在----------2017/12/28 18:24:06
2017-12-28 18:24:06,656 [59] DEBUG LISTServer - 登录游戏成功,当前对象存在----------2017/12/28 18:24:06
2017-12-28 18:25:08,817 [7] DEBUG LISTServer - 登陆sssionID--------da82056e-be90-495d-90d3-ca6579f15d18
2017-12-28 18:25:08,817 [7] DEBUG LISTServer - 登录游戏----------2017/12/28 18:25:08
2017-12-28 18:25:10,526 [7] DEBUG LISTServer - 登录用户openid:cb02228dfbbc35594d8f3b7bdaa129cfedd86e9d|昵称:测试用户cb0----------2017/12/28 18:25:10
2017-12-28 18:25:10,634 [7] DEBUG LISTServer - 登录游戏成功,当前对象存在----------2017/12/28 18:25:10
2017-12-28 18:25:11,037 [7] DEBUG LISTServer - 登录游戏成功,当前对象存在----------2017/12/28 18:25:11
2017-12-28 18:29:30,374 [44] DEBUG LISTServer - 登陆sssionID--------24fcdc33-4526-4015-b136-517d00203371
2017-12-28 18:29:30,374 [44] DEBUG LISTServer - 登录游戏----------2017/12/28 18:29:30
2017-12-28 18:29:30,660 [44] DEBUG LISTServer - 登录用户openid:cb02228dfbbc35594d8f3b7bdaa129cfedd86e9d|昵称:测试用户cb0----------2017/12/28 18:29:30
2017-12-28 18:29:30,773 [44] DEBUG LISTServer - 登录游戏成功,当前对象存在----------2017/12/28 18:29:30
2017-12-28 18:29:31,194 [44] DEBUG LISTServer - 登录游戏成功,当前对象存在----------2017/12/28 18:29:31
