2017-12-05 10:07:47,840 [1] DEBUG DefaultBootstrap - The server instance LISTServer has been created!
2017-12-05 10:07:48,168 [1] DEBUG LISTServer - The command 11060(ListBLL.Logic.ApplyRecord) has been discovered
2017-12-05 10:07:48,168 [1] DEBUG LISTServer - The command 11040(ListBLL.Logic.ApplyToJoin) has been discovered
2017-12-05 10:07:48,168 [1] DEBUG LISTServer - The command 11070(ListBLL.Logic.ChangeApplyStatus) has been discovered
2017-12-05 10:07:48,168 [1] DEBUG LISTServer - The command 19005(ListBLL.Logic.Feedback) has been discovered
2017-12-05 10:07:48,168 [1] DEBUG LISTServer - The command 11020(ListBLL.Logic.GameOperation) has been discovered
2017-12-05 10:07:48,168 [1] DEBUG LISTServer - The command 11030(ListBLL.Logic.GetGroupInfo) has been discovered
2017-12-05 10:07:48,168 [1] DEBUG LISTServer - The command 11050(ListBLL.Logic.GroupUsersManager) has been discovered
2017-12-05 10:07:48,168 [1] DEBUG LISTServer - The command 10001(ListBLL.Logic.Heartbeat) has been discovered
2017-12-05 10:07:48,168 [1] DEBUG LISTServer - The command 11080(ListBLL.Logic.LobbyInfo) has been discovered
2017-12-05 10:07:48,168 [1] DEBUG LISTServer - The command 11001(ListBLL.Logic.Login) has been discovered
2017-12-05 10:07:48,168 [1] DEBUG LISTServer - The command 19003(ListBLL.Logic.UserGamePlaybackLogic) has been discovered
2017-12-05 10:07:48,168 [1] DEBUG LISTServer - The command 19001(ListBLL.Logic.UserRecordLogic) has been discovered
2017-12-05 10:07:48,183 [1] DEBUG DefaultBootstrap - The server instance LISTServer has been initialized!
2017-12-05 10:07:49,022 [1] DEBUG DefaultBootstrap - The PerformanceMonitor has been initialized!
2017-12-05 10:07:49,022 [1] DEBUG DefaultBootstrap - The Bootstrap has been initialized!
2017-12-05 10:07:49,049 [1] DEBUG LISTServer - Listener (0.0.0.0:2018) was started
2017-12-05 10:07:49,053 [1] DEBUG DefaultBootstrap - The PerformanceMonitor has been started!
2017-12-05 10:08:18,023 [12] DEBUG LISTServer - 登陆sssionID--------a18c4b40-8b1f-416b-89bc-fdbfb1e5fa95
2017-12-05 10:08:18,023 [12] DEBUG LISTServer - 登录游戏----------2017/12/5 10:08:18
2017-12-05 10:08:18,679 [12] DEBUG LISTServer - 登录用户openid:cb02228dfbbc35594d8f3b7bdaa129cfedd86e9d|昵称:测试用户cb0----------2017/12/5 10:08:18
2017-12-05 10:08:43,634 [12] DEBUG LISTServer - 登录游戏成功----------2017/12/5 10:08:43
2017-12-05 10:08:43,634 [12] DEBUG LISTServer - 新登录用户openid:cb02228dfbbc35594d8f3b7bdaa129cfedd86e9d
