2017-10-14 10:36:49,179 [1] DEBUG DefaultBootstrap - The server instance LISTServer has been created!
2017-10-14 10:36:49,352 [1] DEBUG LISTServer - The command 11020(ListBLL.Logic.GameOperation) has been discovered
2017-10-14 10:36:49,352 [1] DEBUG LISTServer - The command 10001(ListBLL.Logic.Heartbeat) has been discovered
2017-10-14 10:36:49,352 [1] DEBUG LISTServer - The command 11001(ListBLL.Logic.Login) has been discovered
2017-10-14 10:36:49,352 [1] DEBUG LISTServer - The command 19003(ListBLL.Logic.UserGamePlaybackLogic) has been discovered
2017-10-14 10:36:49,352 [1] DEBUG LISTServer - The command 19001(ListBLL.Logic.UserRecordLogic) has been discovered
2017-10-14 10:36:49,367 [1] DEBUG DefaultBootstrap - The server instance LISTServer has been initialized!
2017-10-14 10:36:50,039 [1] DEBUG DefaultBootstrap - The PerformanceMonitor has been initialized!
2017-10-14 10:36:50,039 [1] DEBUG DefaultBootstrap - The Bootstrap has been initialized!
2017-10-14 10:36:50,055 [1] DEBUG LISTServer - Listener (0.0.0.0:2018) was started
2017-10-14 10:36:50,055 [1] DEBUG DefaultBootstrap - The PerformanceMonitor has been started!
2017-10-14 10:43:16,209 [14] DEBUG LISTServer - 登陆sssionID--------894d6173-eb31-4ab0-b0f1-ae2e41a7b6ed
2017-10-14 10:43:16,209 [14] DEBUG LISTServer - 登录游戏----------2017/10/14 10:43:16
2017-10-14 10:43:17,537 [14] DEBUG LISTServer - 登录用户openid:9697486827159f30f5cab73bbab97a1b56966c2a|昵称:测试用户969----------2017/10/14 10:43:17
2017-10-14 10:43:17,709 [13] DEBUG LISTServer - 登陆sssionID--------8a5ffc16-711a-4a2d-abe7-9e4acbaf3b9b
2017-10-14 10:43:17,709 [13] DEBUG LISTServer - 登录游戏----------2017/10/14 10:43:17
2017-10-14 10:43:18,100 [13] DEBUG LISTServer - 登录用户openid:86789951e7dc18474e9c8b01f2157591|昵称:测试用户867----------2017/10/14 10:43:18
2017-10-14 10:43:19,897 [13] DEBUG LISTServer - 登录游戏成功----------2017/10/14 10:43:19
2017-10-14 10:43:19,975 [14] DEBUG LISTServer - 登录游戏成功----------2017/10/14 10:43:19
2017-10-14 10:55:20,452 [12] DEBUG LISTServer - 登陆sssionID--------0a855cae-ffb3-44ba-9c0b-d5adde355f17
2017-10-14 10:55:20,452 [12] DEBUG LISTServer - 登录游戏----------2017/10/14 10:55:20
2017-10-14 10:55:20,982 [12] DEBUG LISTServer - 登录用户openid:9697486827159f30f5cab73bbab97a1b56966c2a|昵称:测试用户969----------2017/10/14 10:55:20
2017-10-14 10:55:22,032 [12] DEBUG LISTServer - 登录游戏成功,当前对象存在----------2017/10/14 10:55:22
2017-10-14 10:55:24,105 [20] DEBUG LISTServer - 登陆sssionID--------c0fdf458-9a7a-4548-9faa-12a3072d06bd
2017-10-14 10:55:24,105 [20] DEBUG LISTServer - 登录游戏----------2017/10/14 10:55:24
2017-10-14 10:55:24,353 [20] DEBUG LISTServer - 登录用户openid:86789951e7dc18474e9c8b01f2157591|昵称:测试用户867----------2017/10/14 10:55:24
2017-10-14 10:55:25,469 [20] DEBUG LISTServer - 登录游戏成功,当前对象存在----------2017/10/14 10:55:25
2017-10-14 11:06:37,028 [12] DEBUG LISTServer - 登陆sssionID--------b44a9011-a130-4001-a607-fed438596cf5
2017-10-14 11:06:37,028 [12] DEBUG LISTServer - 登录游戏----------2017/10/14 11:06:37
2017-10-14 11:06:37,397 [12] DEBUG LISTServer - 登录用户openid:9697486827159f30f5cab73bbab97a1b56966c2a|昵称:测试用户969----------2017/10/14 11:06:37
2017-10-14 11:06:38,592 [12] DEBUG LISTServer - 登录游戏成功,当前对象存在----------2017/10/14 11:06:38
2017-10-14 11:06:44,199 [13] DEBUG LISTServer - 登陆sssionID--------0f2122c1-003e-4205-9b44-6976422b977a
2017-10-14 11:06:44,199 [13] DEBUG LISTServer - 登录游戏----------2017/10/14 11:06:44
2017-10-14 11:06:44,371 [13] DEBUG LISTServer - 登录用户openid:86789951e7dc18474e9c8b01f2157591|昵称:测试用户867----------2017/10/14 11:06:44
2017-10-14 11:06:45,518 [13] DEBUG LISTServer - 登录游戏成功,当前对象存在----------2017/10/14 11:06:45
2017-10-14 11:14:10,623 [20] DEBUG LISTServer - 登陆sssionID--------0ca06b03-da69-4128-b6a2-ee1ddd92843a
2017-10-14 11:14:10,623 [20] DEBUG LISTServer - 登录游戏----------2017/10/14 11:14:10
2017-10-14 11:14:10,982 [20] DEBUG LISTServer - 登录用户openid:86789951e7dc18474e9c8b01f2157591|昵称:测试用户867----------2017/10/14 11:14:10
2017-10-14 11:14:12,333 [20] DEBUG LISTServer - 登录游戏成功,当前对象存在----------2017/10/14 11:14:12
2017-10-14 11:14:22,247 [20] DEBUG LISTServer - 登陆sssionID--------5cc2937c-6374-49f8-99c0-dadf844bdc3b
2017-10-14 11:14:22,247 [20] DEBUG LISTServer - 登录游戏----------2017/10/14 11:14:22
2017-10-14 11:14:22,397 [20] DEBUG LISTServer - 登录用户openid:9697486827159f30f5cab73bbab97a1b56966c2a|昵称:测试用户969----------2017/10/14 11:14:22
2017-10-14 11:14:23,695 [20] DEBUG LISTServer - 登录游戏成功,当前对象存在----------2017/10/14 11:14:23
2017-10-14 11:26:34,628 [13] DEBUG LISTServer - 登陆sssionID--------c685630a-8107-4b39-8082-3c8078d615e5
2017-10-14 11:26:34,628 [13] DEBUG LISTServer - 登录游戏----------2017/10/14 11:26:34
2017-10-14 11:26:35,260 [13] DEBUG LISTServer - 登录用户openid:9697486827159f30f5cab73bbab97a1b56966c2a|昵称:测试用户969----------2017/10/14 11:26:35
2017-10-14 11:26:36,840 [13] DEBUG LISTServer - 登录游戏成功,当前对象存在----------2017/10/14 11:26:36
2017-10-14 11:26:44,058 [12] DEBUG LISTServer - 登陆sssionID--------0023c79f-bafc-4956-9ee0-836664ef589d
2017-10-14 11:26:44,058 [12] DEBUG LISTServer - 登录游戏----------2017/10/14 11:26:44
2017-10-14 11:26:44,310 [12] DEBUG LISTServer - 登录用户openid:86789951e7dc18474e9c8b01f2157591|昵称:测试用户867----------2017/10/14 11:26:44
2017-10-14 11:26:45,658 [12] DEBUG LISTServer - 登录游戏成功,当前对象存在----------2017/10/14 11:26:45
2017-10-14 11:40:10,330 [12] DEBUG LISTServer - 登陆sssionID--------9a58df10-2f7d-49fd-911d-42775540e03b
2017-10-14 11:40:10,330 [12] DEBUG LISTServer - 登录游戏----------2017/10/14 11:40:10
2017-10-14 11:40:10,815 [12] DEBUG LISTServer - 登录用户openid:9697486827159f30f5cab73bbab97a1b56966c2a|昵称:测试用户969----------2017/10/14 11:40:10
2017-10-14 11:40:11,546 [12] DEBUG LISTServer - 登录游戏成功,当前对象存在----------2017/10/14 11:40:11
2017-10-14 11:40:42,650 [12] DEBUG LISTServer - 登陆sssionID--------d7a8f34c-40cd-4cd8-9c80-b6ae5f39ac39
2017-10-14 11:40:42,650 [12] DEBUG LISTServer - 登录游戏----------2017/10/14 11:40:42
2017-10-14 11:40:42,915 [12] DEBUG LISTServer - 登录用户openid:9697486827159f30f5cab73bbab97a1b56966c2a|昵称:测试用户969----------2017/10/14 11:40:42
2017-10-14 11:40:43,712 [12] DEBUG LISTServer - 登录游戏成功,当前对象存在----------2017/10/14 11:40:43
2017-10-14 11:41:56,147 [34] DEBUG LISTServer - 登陆sssionID--------d69ed031-ea4f-4c10-b66b-3e46268ea47a
2017-10-14 11:41:56,147 [34] DEBUG LISTServer - 登录游戏----------2017/10/14 11:41:56
2017-10-14 11:41:56,334 [34] DEBUG LISTServer - 登录用户openid:9697486827159f30f5cab73bbab97a1b56966c2a|昵称:测试用户969----------2017/10/14 11:41:56
2017-10-14 11:41:56,866 [34] DEBUG LISTServer - 登录游戏成功,当前对象存在----------2017/10/14 11:41:56
2017-10-14 11:42:30,884 [20] DEBUG LISTServer - 登陆sssionID--------a96f2315-a65b-4120-870c-57e31e0bba54
2017-10-14 11:42:30,884 [20] DEBUG LISTServer - 登录游戏----------2017/10/14 11:42:30
2017-10-14 11:42:31,103 [20] DEBUG LISTServer - 登录用户openid:9697486827159f30f5cab73bbab97a1b56966c2a|昵称:测试用户969----------2017/10/14 11:42:31
2017-10-14 11:42:31,853 [20] DEBUG LISTServer - 登录游戏成功,当前对象存在----------2017/10/14 11:42:31
2017-10-14 11:42:54,012 [20] DEBUG LISTServer - 登陆sssionID--------28dfb49a-f87b-408a-be6c-609ae64fea0d
2017-10-14 11:42:54,012 [20] DEBUG LISTServer - 登录游戏----------2017/10/14 11:42:54
2017-10-14 11:42:54,168 [20] DEBUG LISTServer - 登录用户openid:9697486827159f30f5cab73bbab97a1b56966c2a|昵称:测试用户969----------2017/10/14 11:42:54
2017-10-14 11:42:54,731 [20] DEBUG LISTServer - 登录游戏成功,当前对象存在----------2017/10/14 11:42:54
2017-10-14 11:43:45,281 [13] DEBUG LISTServer - 登陆sssionID--------0745b202-17ce-412e-8984-3ab4b08fbdc3
2017-10-14 11:43:45,281 [13] DEBUG LISTServer - 登录游戏----------2017/10/14 11:43:45
2017-10-14 11:43:45,421 [13] DEBUG LISTServer - 登录用户openid:9697486827159f30f5cab73bbab97a1b56966c2a|昵称:测试用户969----------2017/10/14 11:43:45
2017-10-14 11:43:46,203 [13] DEBUG LISTServer - 登录游戏成功,当前对象存在----------2017/10/14 11:43:46
2017-10-14 11:44:51,550 [20] DEBUG LISTServer - 登陆sssionID--------84b06628-5220-4ed9-8a4c-20a8db658424
2017-10-14 11:44:51,550 [20] DEBUG LISTServer - 登录游戏----------2017/10/14 11:44:51
2017-10-14 11:44:51,886 [20] DEBUG LISTServer - 登录用户openid:9697486827159f30f5cab73bbab97a1b56966c2a|昵称:测试用户969----------2017/10/14 11:44:51
2017-10-14 11:44:52,652 [20] DEBUG LISTServer - 登录游戏成功,当前对象存在----------2017/10/14 11:44:52
2017-10-14 11:45:42,461 [13] DEBUG LISTServer - 登陆sssionID--------9199b8d4-dd4c-439d-96be-756024c6a620
2017-10-14 11:45:42,461 [13] DEBUG LISTServer - 登录游戏----------2017/10/14 11:45:42
2017-10-14 11:45:42,680 [13] DEBUG LISTServer - 登录用户openid:9697486827159f30f5cab73bbab97a1b56966c2a|昵称:测试用户969----------2017/10/14 11:45:42
2017-10-14 11:45:43,430 [13] DEBUG LISTServer - 登录游戏成功,当前对象存在----------2017/10/14 11:45:43
2017-10-14 11:47:01,511 [34] DEBUG LISTServer - 登陆sssionID--------7d7c9f13-0cd2-4436-b9ac-e040bda5d9df
2017-10-14 11:47:01,511 [34] DEBUG LISTServer - 登录游戏----------2017/10/14 11:47:01
2017-10-14 11:47:01,823 [34] DEBUG LISTServer - 登录用户openid:9697486827159f30f5cab73bbab97a1b56966c2a|昵称:测试用户969----------2017/10/14 11:47:01
2017-10-14 11:47:02,558 [34] DEBUG LISTServer - 登录游戏成功,当前对象存在----------2017/10/14 11:47:02
2017-10-14 11:47:25,375 [13] DEBUG LISTServer - 登陆sssionID--------8d1e422f-7fcf-48f1-8190-67a848656b1b
2017-10-14 11:47:25,375 [13] DEBUG LISTServer - 登录游戏----------2017/10/14 11:47:25
2017-10-14 11:47:25,531 [13] DEBUG LISTServer - 登录用户openid:9697486827159f30f5cab73bbab97a1b56966c2a|昵称:测试用户969----------2017/10/14 11:47:25
2017-10-14 11:47:26,312 [13] DEBUG LISTServer - 登录游戏成功,当前对象存在----------2017/10/14 11:47:26
2017-10-14 11:56:45,445 [34] DEBUG LISTServer - 登陆sssionID--------8b801ca2-050c-4955-996f-d4cdad50b451
2017-10-14 11:56:45,445 [34] DEBUG LISTServer - 登录游戏----------2017/10/14 11:56:45
2017-10-14 11:56:45,773 [34] DEBUG LISTServer - 登录用户openid:9697486827159f30f5cab73bbab97a1b56966c2a|昵称:测试用户969----------2017/10/14 11:56:45
2017-10-14 11:56:46,523 [34] DEBUG LISTServer - 登录游戏成功,当前对象存在----------2017/10/14 11:56:46
2017-10-14 12:04:03,038 [12] DEBUG LISTServer - 登陆sssionID--------d5913f57-a2e7-4484-921f-fe0e13bf54a3
2017-10-14 12:04:03,038 [12] DEBUG LISTServer - 登录游戏----------2017/10/14 12:04:03
2017-10-14 12:04:03,626 [12] DEBUG LISTServer - 登录用户openid:9697486827159f30f5cab73bbab97a1b56966c2a|昵称:测试用户969----------2017/10/14 12:04:03
2017-10-14 12:04:04,598 [12] DEBUG LISTServer - 登录游戏成功,当前对象存在----------2017/10/14 12:04:04
2017-10-14 12:17:29,874 [4] DEBUG LISTServer - 登陆sssionID--------d18e98c9-172d-4727-b81c-a6fd80fabc0e
2017-10-14 12:17:29,874 [4] DEBUG LISTServer - 登录游戏----------2017/10/14 12:17:29
2017-10-14 12:17:30,438 [4] DEBUG LISTServer - 登录用户openid:9697486827159f30f5cab73bbab97a1b56966c2a|昵称:测试用户969----------2017/10/14 12:17:30
2017-10-14 12:17:31,573 [4] DEBUG LISTServer - 登录游戏成功,当前对象存在----------2017/10/14 12:17:31
2017-10-14 13:44:15,622 [4] DEBUG LISTServer - 登陆sssionID--------0ba192ae-6ff5-4bd4-ae61-e98b2cd99a34
2017-10-14 13:44:15,622 [4] DEBUG LISTServer - 登录游戏----------2017/10/14 13:44:15
2017-10-14 13:44:16,229 [4] DEBUG LISTServer - 登录用户openid:9697486827159f30f5cab73bbab97a1b56966c2a|昵称:测试用户969----------2017/10/14 13:44:16
2017-10-14 13:44:17,523 [4] DEBUG LISTServer - 登录游戏成功,当前对象存在----------2017/10/14 13:44:17
2017-10-14 13:48:04,673 [4] DEBUG LISTServer - 登陆sssionID--------fca96313-6903-49a6-b647-d21a3f6647b2
2017-10-14 13:48:04,673 [4] DEBUG LISTServer - 登录游戏----------2017/10/14 13:48:04
2017-10-14 13:48:05,131 [4] DEBUG LISTServer - 登录用户openid:9697486827159f30f5cab73bbab97a1b56966c2a|昵称:测试用户969----------2017/10/14 13:48:05
2017-10-14 13:48:06,006 [4] DEBUG LISTServer - 登录游戏成功,当前对象存在----------2017/10/14 13:48:06
2017-10-14 13:53:05,641 [12] DEBUG LISTServer - 登陆sssionID--------e920b953-2f56-4255-9040-df317cea484d
2017-10-14 13:53:05,641 [12] DEBUG LISTServer - 登录游戏----------2017/10/14 13:53:05
2017-10-14 13:53:06,036 [12] DEBUG LISTServer - 登录用户openid:9697486827159f30f5cab73bbab97a1b56966c2a|昵称:测试用户969----------2017/10/14 13:53:06
2017-10-14 13:53:06,592 [12] DEBUG LISTServer - 登录游戏成功,当前对象存在----------2017/10/14 13:53:06
2017-10-14 13:54:35,820 [13] DEBUG LISTServer - 登陆sssionID--------304100f6-30b8-4c3f-91b4-b649f9b16b62
2017-10-14 13:54:35,820 [13] DEBUG LISTServer - 登录游戏----------2017/10/14 13:54:35
2017-10-14 13:54:36,100 [13] DEBUG LISTServer - 登录用户openid:9697486827159f30f5cab73bbab97a1b56966c2a|昵称:测试用户969----------2017/10/14 13:54:36
2017-10-14 13:54:36,997 [13] DEBUG LISTServer - 登录游戏成功,当前对象存在----------2017/10/14 13:54:36
2017-10-14 13:56:22,889 [4] DEBUG LISTServer - 登陆sssionID--------e322b6e6-ef15-4b4c-bafc-a89dcfafe281
2017-10-14 13:56:22,889 [4] DEBUG LISTServer - 登录游戏----------2017/10/14 13:56:22
2017-10-14 13:56:23,202 [4] DEBUG LISTServer - 登录用户openid:9697486827159f30f5cab73bbab97a1b56966c2a|昵称:测试用户969----------2017/10/14 13:56:23
2017-10-14 13:56:24,206 [4] DEBUG LISTServer - 登录游戏成功,当前对象存在----------2017/10/14 13:56:24
2017-10-14 14:01:37,052 [12] DEBUG LISTServer - 登陆sssionID--------d2cc2c50-69ad-4bc7-bfcb-41fabeb848c1
2017-10-14 14:01:37,052 [12] DEBUG LISTServer - 登录游戏----------2017/10/14 14:01:37
2017-10-14 14:01:37,391 [12] DEBUG LISTServer - 登录用户openid:9697486827159f30f5cab73bbab97a1b56966c2a|昵称:测试用户969----------2017/10/14 14:01:37
2017-10-14 14:01:38,310 [12] DEBUG LISTServer - 登录游戏成功,当前对象存在----------2017/10/14 14:01:38
2017-10-14 14:02:48,238 [13] DEBUG LISTServer - 登陆sssionID--------7ef19a87-c81e-4f93-a265-13c2fbe7d9cc
2017-10-14 14:02:48,238 [13] DEBUG LISTServer - 登录游戏----------2017/10/14 14:02:48
2017-10-14 14:02:48,450 [13] DEBUG LISTServer - 登录用户openid:9697486827159f30f5cab73bbab97a1b56966c2a|昵称:测试用户969----------2017/10/14 14:02:48
2017-10-14 14:02:49,108 [13] DEBUG LISTServer - 登录游戏成功,当前对象存在----------2017/10/14 14:02:49
2017-10-14 14:03:39,865 [34] DEBUG LISTServer - 登陆sssionID--------75e39be8-0184-4a98-b1e8-76b86542968a
2017-10-14 14:03:39,865 [34] DEBUG LISTServer - 登录游戏----------2017/10/14 14:03:39
2017-10-14 14:03:40,113 [34] DEBUG LISTServer - 登录用户openid:9697486827159f30f5cab73bbab97a1b56966c2a|昵称:测试用户969----------2017/10/14 14:03:40
2017-10-14 14:03:41,053 [34] DEBUG LISTServer - 登录游戏成功,当前对象存在----------2017/10/14 14:03:41
2017-10-14 14:12:31,478 [4] DEBUG LISTServer - 登陆sssionID--------d42d9445-74c0-4e4b-938d-1e25a6810da6
2017-10-14 14:12:31,478 [4] DEBUG LISTServer - 登录游戏----------2017/10/14 14:12:31
2017-10-14 14:12:31,810 [4] DEBUG LISTServer - 登录用户openid:9697486827159f30f5cab73bbab97a1b56966c2a|昵称:测试用户969----------2017/10/14 14:12:31
2017-10-14 14:12:33,042 [4] DEBUG LISTServer - 登录游戏成功,当前对象存在----------2017/10/14 14:12:33
2017-10-14 14:16:08,742 [13] DEBUG LISTServer - 登陆sssionID--------2cef8fcc-3fb6-4dc0-9031-2bf15493c403
2017-10-14 14:16:08,742 [13] DEBUG LISTServer - 登录游戏----------2017/10/14 14:16:08
2017-10-14 14:16:09,284 [13] DEBUG LISTServer - 登录用户openid:86789951e7dc18474e9c8b01f2157591|昵称:测试用户867----------2017/10/14 14:16:09
2017-10-14 14:16:10,296 [13] DEBUG LISTServer - 登录游戏成功,当前对象存在----------2017/10/14 14:16:10
2017-10-14 14:16:16,883 [13] DEBUG LISTServer - 登陆sssionID--------04c6549f-a09d-496f-8da2-c204590c5f23
2017-10-14 14:16:16,883 [13] DEBUG LISTServer - 登录游戏----------2017/10/14 14:16:16
2017-10-14 14:16:17,123 [13] DEBUG LISTServer - 登录用户openid:9697486827159f30f5cab73bbab97a1b56966c2a|昵称:测试用户969----------2017/10/14 14:16:17
2017-10-14 14:16:17,990 [13] DEBUG LISTServer - 登录游戏成功,当前对象存在----------2017/10/14 14:16:17
2017-10-14 14:52:15,554 [12] DEBUG LISTServer - 登陆sssionID--------fe01903e-9554-45cf-8513-bbae02099880
2017-10-14 14:52:15,554 [12] DEBUG LISTServer - 登录游戏----------2017/10/14 14:52:15
2017-10-14 14:52:16,265 [12] DEBUG LISTServer - 登录用户openid:9697486827159f30f5cab73bbab97a1b56966c2a|昵称:测试用户969----------2017/10/14 14:52:16
2017-10-14 14:52:17,952 [12] DEBUG LISTServer - 登录游戏成功,当前对象存在----------2017/10/14 14:52:17
2017-10-14 14:52:21,741 [12] DEBUG LISTServer - 登陆sssionID--------628bd8be-d2db-45f7-becf-32c0012c83f6
2017-10-14 14:52:21,741 [12] DEBUG LISTServer - 登录游戏----------2017/10/14 14:52:21
2017-10-14 14:52:21,992 [12] DEBUG LISTServer - 登录用户openid:86789951e7dc18474e9c8b01f2157591|昵称:测试用户867----------2017/10/14 14:52:21
2017-10-14 14:52:23,200 [12] DEBUG LISTServer - 登录游戏成功,当前对象存在----------2017/10/14 14:52:23
2017-10-14 15:22:45,542 [34] DEBUG LISTServer - 登陆sssionID--------ccd9ae1b-ff09-4cca-9fb2-44fef3888afa
2017-10-14 15:22:45,542 [34] DEBUG LISTServer - 登录游戏----------2017/10/14 15:22:45
2017-10-14 15:22:46,175 [34] DEBUG LISTServer - 登录用户openid:86789951e7dc18474e9c8b01f2157591|昵称:测试用户867----------2017/10/14 15:22:46
2017-10-14 15:22:47,578 [34] DEBUG LISTServer - 登录游戏成功,当前对象存在----------2017/10/14 15:22:47
2017-10-14 15:23:00,358 [34] DEBUG LISTServer - 登陆sssionID--------b5997c09-2d05-4512-91cb-6adc2e6ae495
2017-10-14 15:23:00,358 [34] DEBUG LISTServer - 登录游戏----------2017/10/14 15:23:00
2017-10-14 15:23:00,602 [34] DEBUG LISTServer - 登录用户openid:9697486827159f30f5cab73bbab97a1b56966c2a|昵称:测试用户969----------2017/10/14 15:23:00
2017-10-14 15:23:01,832 [34] DEBUG LISTServer - 登录游戏成功,当前对象存在----------2017/10/14 15:23:01
2017-10-14 16:13:35,293 [34] DEBUG LISTServer - 登陆sssionID--------d4e60761-6e79-4460-a9b0-fc7b268cadb1
2017-10-14 16:13:35,293 [34] DEBUG LISTServer - 登录游戏----------2017/10/14 16:13:35
2017-10-14 16:13:35,960 [34] DEBUG LISTServer - 登录用户openid:86789951e7dc18474e9c8b01f2157591|昵称:测试用户867----------2017/10/14 16:13:35
2017-10-14 16:13:37,446 [34] DEBUG LISTServer - 登录游戏成功,当前对象存在----------2017/10/14 16:13:37
2017-10-14 16:14:48,237 [13] DEBUG LISTServer - 登陆sssionID--------69cdb562-3604-4a8d-9e2c-488e0dbb9456
2017-10-14 16:14:48,237 [13] DEBUG LISTServer - 登录游戏----------2017/10/14 16:14:48
2017-10-14 16:14:48,498 [13] DEBUG LISTServer - 登录用户openid:86789951e7dc18474e9c8b01f2157591|昵称:测试用户867----------2017/10/14 16:14:48
2017-10-14 16:14:49,261 [13] DEBUG LISTServer - 登录游戏成功,当前对象存在----------2017/10/14 16:14:49
2017-10-14 16:19:53,818 [34] DEBUG LISTServer - 登陆sssionID--------1f7abe59-7910-4a45-862c-9b8262d779f7
2017-10-14 16:19:53,818 [34] DEBUG LISTServer - 登录游戏----------2017/10/14 16:19:53
2017-10-14 16:19:54,290 [34] DEBUG LISTServer - 登录用户openid:9697486827159f30f5cab73bbab97a1b56966c2a|昵称:测试用户969----------2017/10/14 16:19:54
2017-10-14 16:19:55,085 [34] DEBUG LISTServer - 登录游戏成功,当前对象存在----------2017/10/14 16:19:55
2017-10-14 16:26:02,392 [12] DEBUG LISTServer - 登陆sssionID--------fb2751e4-556a-44a6-b3c5-787da0f51efa
2017-10-14 16:26:02,392 [12] DEBUG LISTServer - 登录游戏----------2017/10/14 16:26:02
2017-10-14 16:26:02,854 [12] DEBUG LISTServer - 登录用户openid:9697486827159f30f5cab73bbab97a1b56966c2a|昵称:测试用户969----------2017/10/14 16:26:02
2017-10-14 16:26:03,567 [12] DEBUG LISTServer - 登录游戏成功,当前对象存在----------2017/10/14 16:26:03
2017-10-14 16:26:29,732 [12] DEBUG LISTServer - 登陆sssionID--------0f695e60-7caf-49c8-849f-9b91d4ac5eb9
2017-10-14 16:26:29,732 [12] DEBUG LISTServer - 登录游戏----------2017/10/14 16:26:29
2017-10-14 16:26:29,879 [12] DEBUG LISTServer - 登录用户openid:86789951e7dc18474e9c8b01f2157591|昵称:测试用户867----------2017/10/14 16:26:29
2017-10-14 16:26:30,190 [12] DEBUG LISTServer - 登录游戏失败,当前对象存在----------2017/10/14 16:26:30
2017-10-14 16:26:30,190 [12] DEBUG LISTServer - sssionID--------0f695e60-7caf-49c8-849f-9b91d4ac5eb9
2017-10-14 16:26:33,180 [13] DEBUG LISTServer - 登陆sssionID--------0f695e60-7caf-49c8-849f-9b91d4ac5eb9
2017-10-14 16:26:33,180 [13] DEBUG LISTServer - 登录游戏----------2017/10/14 16:26:33
2017-10-14 16:26:33,333 [13] DEBUG LISTServer - 登录用户openid:86789951e7dc18474e9c8b01f2157591|昵称:测试用户867----------2017/10/14 16:26:33
2017-10-14 16:26:33,594 [13] DEBUG LISTServer - 登录游戏失败,当前对象存在----------2017/10/14 16:26:33
2017-10-14 16:26:33,594 [13] DEBUG LISTServer - sssionID--------0f695e60-7caf-49c8-849f-9b91d4ac5eb9
2017-10-14 16:26:50,140 [34] DEBUG LISTServer - 登陆sssionID--------a34e00ad-fa44-40b1-bd28-a37ff169e412
2017-10-14 16:26:50,140 [34] DEBUG LISTServer - 登录游戏----------2017/10/14 16:26:50
2017-10-14 16:26:50,285 [34] DEBUG LISTServer - 登录用户openid:86789951e7dc18474e9c8b01f2157591|昵称:测试用户867----------2017/10/14 16:26:50
2017-10-14 16:26:50,411 [34] DEBUG LISTServer - 登录游戏失败,当前对象存在----------2017/10/14 16:26:50
2017-10-14 16:26:50,411 [34] DEBUG LISTServer - sssionID--------a34e00ad-fa44-40b1-bd28-a37ff169e412
2017-10-14 16:27:01,635 [13] DEBUG LISTServer - 登陆sssionID--------38cc290d-4fcb-4120-ba54-d0350b01dc52
2017-10-14 16:27:01,635 [13] DEBUG LISTServer - 登录游戏----------2017/10/14 16:27:01
2017-10-14 16:27:01,775 [13] DEBUG LISTServer - 登录用户openid:9697486827159f30f5cab73bbab97a1b56966c2a|昵称:测试用户969----------2017/10/14 16:27:01
2017-10-14 16:27:02,534 [13] DEBUG LISTServer - 登录游戏成功,当前对象存在----------2017/10/14 16:27:02
2017-10-14 16:27:18,787 [13] DEBUG LISTServer - 登陆sssionID--------3d165478-7639-4e4f-8ace-bfaaa7459a7d
2017-10-14 16:27:18,787 [13] DEBUG LISTServer - 登录游戏----------2017/10/14 16:27:18
2017-10-14 16:27:18,925 [13] DEBUG LISTServer - 登录用户openid:86789951e7dc18474e9c8b01f2157591|昵称:测试用户867----------2017/10/14 16:27:18
2017-10-14 16:27:19,078 [13] DEBUG LISTServer - 登录游戏失败,当前对象存在----------2017/10/14 16:27:19
2017-10-14 16:27:19,078 [13] DEBUG LISTServer - sssionID--------3d165478-7639-4e4f-8ace-bfaaa7459a7d
2017-10-14 16:30:11,539 [34] DEBUG LISTServer - 登陆sssionID--------5152d18c-4e61-4bc9-8023-8e1728148286
2017-10-14 16:30:11,539 [34] DEBUG LISTServer - 登录游戏----------2017/10/14 16:30:11
2017-10-14 16:30:11,911 [34] DEBUG LISTServer - 登录用户openid:86789951e7dc18474e9c8b01f2157591|昵称:测试用户867----------2017/10/14 16:30:11
2017-10-14 16:30:12,143 [34] DEBUG LISTServer - 登录游戏失败,当前对象存在----------2017/10/14 16:30:12
2017-10-14 16:30:12,144 [34] DEBUG LISTServer - sssionID--------5152d18c-4e61-4bc9-8023-8e1728148286
2017-10-14 16:30:15,750 [12] DEBUG LISTServer - 登陆sssionID--------5152d18c-4e61-4bc9-8023-8e1728148286
2017-10-14 16:30:15,750 [12] DEBUG LISTServer - 登录游戏----------2017/10/14 16:30:15
2017-10-14 16:30:15,909 [12] DEBUG LISTServer - 登录用户openid:86789951e7dc18474e9c8b01f2157591|昵称:测试用户867----------2017/10/14 16:30:15
2017-10-14 16:30:16,063 [12] DEBUG LISTServer - 登录游戏失败,当前对象存在----------2017/10/14 16:30:16
2017-10-14 16:30:16,063 [12] DEBUG LISTServer - sssionID--------5152d18c-4e61-4bc9-8023-8e1728148286
2017-10-14 16:30:24,352 [34] DEBUG LISTServer - 登陆sssionID--------5152d18c-4e61-4bc9-8023-8e1728148286
2017-10-14 16:30:24,352 [34] DEBUG LISTServer - 登录游戏----------2017/10/14 16:30:24
2017-10-14 16:30:24,520 [34] DEBUG LISTServer - 登录用户openid:86789951e7dc18474e9c8b01f2157591|昵称:测试用户867----------2017/10/14 16:30:24
2017-10-14 16:30:24,659 [34] DEBUG LISTServer - 登录游戏失败,当前对象存在----------2017/10/14 16:30:24
2017-10-14 16:30:24,659 [34] DEBUG LISTServer - sssionID--------5152d18c-4e61-4bc9-8023-8e1728148286
2017-10-14 16:31:58,028 [34] DEBUG LISTServer - 登陆sssionID--------0934e21e-beb7-4570-b951-cbe4f6c818ff
2017-10-14 16:31:58,028 [34] DEBUG LISTServer - 登录游戏----------2017/10/14 16:31:58
2017-10-14 16:31:58,253 [34] DEBUG LISTServer - 登录用户openid:2be4087248667baee875b4dd4e4e388e|昵称:测试用户2be----------2017/10/14 16:31:58
2017-10-14 16:31:58,874 [34] DEBUG LISTServer - 登录游戏成功----------2017/10/14 16:31:58
2017-10-14 16:47:47,422 [42] DEBUG LISTServer - 登陆sssionID--------77725aba-4f45-4f4a-9a6f-32e95831b0fb
2017-10-14 16:47:47,422 [42] DEBUG LISTServer - 登录游戏----------2017/10/14 16:47:47
2017-10-14 16:47:48,028 [42] DEBUG LISTServer - 登录用户openid:9697486827159f30f5cab73bbab97a1b56966c2a|昵称:测试用户969----------2017/10/14 16:47:48
2017-10-14 16:47:49,507 [42] DEBUG LISTServer - 登录游戏成功,当前对象存在----------2017/10/14 16:47:49
2017-10-14 16:47:50,510 [13] DEBUG LISTServer - 登陆sssionID--------14ac0b84-c01d-4755-8273-9b5ed4918e2d
2017-10-14 16:47:50,510 [13] DEBUG LISTServer - 登录游戏----------2017/10/14 16:47:50
2017-10-14 16:47:50,736 [13] DEBUG LISTServer - 登录用户openid:2be4087248667baee875b4dd4e4e388e|昵称:测试用户2be----------2017/10/14 16:47:50
2017-10-14 16:47:52,242 [13] DEBUG LISTServer - 登录游戏成功,当前对象存在----------2017/10/14 16:47:52
2017-10-14 16:56:25,506 [12] DEBUG LISTServer - 登陆sssionID--------12e9995a-40c7-49d0-b1cf-5a2f8ab39b6c
2017-10-14 16:56:25,506 [12] DEBUG LISTServer - 登录游戏----------2017/10/14 16:56:25
2017-10-14 16:56:25,943 [12] DEBUG LISTServer - 登录用户openid:9697486827159f30f5cab73bbab97a1b56966c2a|昵称:测试用户969----------2017/10/14 16:56:25
2017-10-14 16:56:27,108 [12] DEBUG LISTServer - 登录游戏成功,当前对象存在----------2017/10/14 16:56:27
2017-10-14 16:56:29,206 [12] DEBUG LISTServer - 登陆sssionID--------a197c6a7-daee-4830-ac7a-4e954fe5327e
2017-10-14 16:56:29,206 [12] DEBUG LISTServer - 登录游戏----------2017/10/14 16:56:29
2017-10-14 16:56:29,437 [12] DEBUG LISTServer - 登录用户openid:2be4087248667baee875b4dd4e4e388e|昵称:测试用户2be----------2017/10/14 16:56:29
2017-10-14 16:56:30,715 [12] DEBUG LISTServer - 登录游戏成功,当前对象存在----------2017/10/14 16:56:30
2017-10-14 17:48:43,004 [12] DEBUG LISTServer - 登陆sssionID--------bb9e2803-aa32-461c-87d6-3a1bd4a214fa
2017-10-14 17:48:43,004 [12] DEBUG LISTServer - 登录游戏----------2017/10/14 17:48:43
2017-10-14 17:48:43,510 [12] DEBUG LISTServer - 登录用户openid:2be4087248667baee875b4dd4e4e388e|昵称:测试用户2be----------2017/10/14 17:48:43
2017-10-14 17:48:45,303 [12] DEBUG LISTServer - 登录游戏成功,当前对象存在----------2017/10/14 17:48:45
2017-10-14 17:48:55,176 [34] DEBUG LISTServer - 登陆sssionID--------5e8213b1-f76b-495c-a9ba-4910ca0d15da
2017-10-14 17:48:55,176 [34] DEBUG LISTServer - 登录游戏----------2017/10/14 17:48:55
2017-10-14 17:48:55,410 [34] DEBUG LISTServer - 登录用户openid:9697486827159f30f5cab73bbab97a1b56966c2a|昵称:测试用户969----------2017/10/14 17:48:55
2017-10-14 17:48:56,508 [34] DEBUG LISTServer - 登录游戏成功,当前对象存在----------2017/10/14 17:48:56
2017-10-14 17:53:18,448 [13] DEBUG LISTServer - 登陆sssionID--------17c1ab23-214e-4b80-8844-66a89063d83e
2017-10-14 17:53:18,448 [13] DEBUG LISTServer - 登录游戏----------2017/10/14 17:53:18
2017-10-14 17:53:18,948 [13] DEBUG LISTServer - 登录用户openid:9697486827159f30f5cab73bbab97a1b56966c2a|昵称:测试用户969----------2017/10/14 17:53:18
2017-10-14 17:53:19,668 [13] DEBUG LISTServer - 登录游戏成功,当前对象存在----------2017/10/14 17:53:19
