2018-01-03 17:46:23,152 [1] DEBUG DefaultBootstrap - The server instance LISTServer has been created!
2018-01-03 17:46:23,604 [1] DEBUG LISTServer - The command 11105(ListBLL.Logic.AgentGetGroupInfo) has been discovered
2018-01-03 17:46:23,604 [1] DEBUG LISTServer - The command 11107(ListBLL.Logic.AgentGroupUsersManager) has been discovered
2018-01-03 17:46:23,605 [1] DEBUG LISTServer - The command 11110(ListBLL.Logic.AgentSignIn) has been discovered
2018-01-03 17:46:23,605 [1] DEBUG LISTServer - The command 11060(ListBLL.Logic.ApplyRecord) has been discovered
2018-01-03 17:46:23,605 [1] DEBUG LISTServer - The command 11040(ListBLL.Logic.ApplyToJoin) has been discovered
2018-01-03 17:46:23,605 [1] DEBUG LISTServer - The command 11070(ListBLL.Logic.ChangeApplyStatus) has been discovered
2018-01-03 17:46:23,605 [1] DEBUG LISTServer - The command 11103(ListBLL.Logic.CreateGroup) has been discovered
2018-01-03 17:46:23,605 [1] DEBUG LISTServer - The command 11109(ListBLL.Logic.DeleteGroup) has been discovered
2018-01-03 17:46:23,605 [1] DEBUG LISTServer - The command 19005(ListBLL.Logic.Feedback) has been discovered
2018-01-03 17:46:23,605 [1] DEBUG LISTServer - The command 11020(ListBLL.Logic.GameOperation) has been discovered
2018-01-03 17:46:23,605 [1] DEBUG LISTServer - The command 11030(ListBLL.Logic.GetGroupInfo) has been discovered
2018-01-03 17:46:23,606 [1] DEBUG LISTServer - The command 11022(ListBLL.Logic.GetRoomCard) has been discovered
2018-01-03 17:46:23,606 [1] DEBUG LISTServer - The command 11050(ListBLL.Logic.GroupUsersManager) has been discovered
2018-01-03 17:46:23,606 [1] DEBUG LISTServer - The command 10001(ListBLL.Logic.Heartbeat) has been discovered
2018-01-03 17:46:23,606 [1] DEBUG LISTServer - The command 11080(ListBLL.Logic.LobbyInfo) has been discovered
2018-01-03 17:46:23,606 [1] DEBUG LISTServer - The command 11001(ListBLL.Logic.Login) has been discovered
2018-01-03 17:46:23,606 [1] DEBUG LISTServer - The command 11101(ListBLL.Logic.Package) has been discovered
2018-01-03 17:46:23,606 [1] DEBUG LISTServer - The command 11090(ListBLL.Logic.QuitGroup) has been discovered
2018-01-03 17:46:23,606 [1] DEBUG LISTServer - The command 11108(ListBLL.Logic.SearchPlayer) has been discovered
2018-01-03 17:46:23,606 [1] DEBUG LISTServer - The command 19003(ListBLL.Logic.UserGamePlaybackLogic) has been discovered
2018-01-03 17:46:23,606 [1] DEBUG LISTServer - The command 19001(ListBLL.Logic.UserRecordLogic) has been discovered
2018-01-03 17:46:23,620 [1] DEBUG DefaultBootstrap - The server instance LISTServer has been initialized!
2018-01-03 17:46:24,723 [1] DEBUG DefaultBootstrap - The PerformanceMonitor has been initialized!
2018-01-03 17:46:24,723 [1] DEBUG DefaultBootstrap - The Bootstrap has been initialized!
2018-01-03 17:46:24,748 [1] DEBUG LISTServer - Listener (0.0.0.0:2018) was started
2018-01-03 17:46:24,753 [1] DEBUG DefaultBootstrap - The PerformanceMonitor has been started!
2018-01-03 17:46:34,688 [8] DEBUG LISTServer - 登陆sssionID--------8063f125-f288-439d-9d11-5bd0f90d9c49
2018-01-03 17:46:34,688 [8] DEBUG LISTServer - 登录游戏----------2018/1/3 17:46:34
2018-01-03 17:46:37,291 [8] DEBUG LISTServer - 登录用户openid:81360|昵称:压测用户81360----------2018/1/3 17:46:37
2018-01-03 17:46:38,274 [8] DEBUG LISTServer - 登录游戏成功----------2018/1/3 17:46:38
2018-01-03 17:47:03,976 [8] DEBUG LISTServer - 登陆sssionID--------298a9cd3-e049-46f4-b621-97a278adf98d
2018-01-03 17:47:03,976 [8] DEBUG LISTServer - 登录游戏----------2018/1/3 17:47:03
2018-01-03 17:47:04,347 [8] DEBUG LISTServer - 登录用户openid:38997|昵称:压测用户38997----------2018/1/3 17:47:04
2018-01-03 17:47:04,835 [8] DEBUG LISTServer - 登录游戏成功----------2018/1/3 17:47:04
2018-01-03 17:50:07,928 [8] DEBUG LISTServer - 登陆sssionID--------88bf5291-2712-454a-95eb-ae7b4c1ad5b2
2018-01-03 17:50:07,928 [8] DEBUG LISTServer - 登录游戏----------2018/1/3 17:50:07
2018-01-03 17:50:08,322 [8] DEBUG LISTServer - 登录用户openid:66910|昵称:压测用户66910----------2018/1/3 17:50:08
2018-01-03 17:50:08,782 [8] DEBUG LISTServer - 登录游戏成功----------2018/1/3 17:50:08
2018-01-03 17:50:13,073 [8] DEBUG LISTServer - 登陆sssionID--------f1ccf0cc-0b96-4b35-92f2-e62224fd2a04
2018-01-03 17:50:13,073 [8] DEBUG LISTServer - 登录游戏----------2018/1/3 17:50:13
2018-01-03 17:50:13,381 [8] DEBUG LISTServer - 登录用户openid:43169|昵称:压测用户43169----------2018/1/3 17:50:13
2018-01-03 17:50:13,934 [8] DEBUG LISTServer - 登录游戏成功----------2018/1/3 17:50:13
2018-01-03 17:50:48,437 [8] DEBUG LISTServer - 登陆sssionID--------e90a1bf3-428c-4b40-ac2c-99fe3cf59b14
2018-01-03 17:50:48,437 [8] DEBUG LISTServer - 登录游戏----------2018/1/3 17:50:48
2018-01-03 17:50:48,661 [8] DEBUG LISTServer - 登录用户openid:61766|昵称:压测用户61766----------2018/1/3 17:50:48
2018-01-03 17:50:49,143 [8] DEBUG LISTServer - 登录游戏成功----------2018/1/3 17:50:49
2018-01-03 17:50:59,629 [8] DEBUG LISTServer - 登陆sssionID--------c6017aee-eefd-47fe-9e99-063a589210d1
2018-01-03 17:50:59,629 [8] DEBUG LISTServer - 登录游戏----------2018/1/3 17:50:59
2018-01-03 17:50:59,888 [8] DEBUG LISTServer - 登录用户openid:90534|昵称:压测用户90534----------2018/1/3 17:50:59
2018-01-03 17:51:00,331 [8] DEBUG LISTServer - 登录游戏成功----------2018/1/3 17:51:00
2018-01-03 17:52:34,315 [8] DEBUG LISTServer - 登陆sssionID--------c5a78df0-f1e7-4969-824a-0f9656469725
2018-01-03 17:52:34,315 [8] DEBUG LISTServer - 登录游戏----------2018/1/3 17:52:34
2018-01-03 17:52:34,614 [8] DEBUG LISTServer - 登录用户openid:41978|昵称:压测用户41978----------2018/1/3 17:52:34
2018-01-03 17:52:35,101 [8] DEBUG LISTServer - 登录游戏成功----------2018/1/3 17:52:35
2018-01-03 17:52:38,954 [72] DEBUG LISTServer - 登陆sssionID--------f7abeb5e-a988-44ec-bcc2-ec449d6d33e7
2018-01-03 17:52:38,954 [72] DEBUG LISTServer - 登录游戏----------2018/1/3 17:52:38
2018-01-03 17:52:39,196 [72] DEBUG LISTServer - 登录用户openid:42079|昵称:压测用户42079----------2018/1/3 17:52:39
2018-01-03 17:52:39,826 [72] DEBUG LISTServer - 登录游戏成功----------2018/1/3 17:52:39
