2017-10-30 14:49:18,375 [1] DEBUG DefaultBootstrap - The server instance LISTServer has been created!
2017-10-30 14:49:18,544 [1] DEBUG LISTServer - The command 19005(ListBLL.Logic.Feedback) has been discovered
2017-10-30 14:49:18,544 [1] DEBUG LISTServer - The command 11020(ListBLL.Logic.GameOperation) has been discovered
2017-10-30 14:49:18,544 [1] DEBUG LISTServer - The command 10001(ListBLL.Logic.Heartbeat) has been discovered
2017-10-30 14:49:18,544 [1] DEBUG LISTServer - The command 11001(ListBLL.Logic.Login) has been discovered
2017-10-30 14:49:18,545 [1] DEBUG LISTServer - The command 19003(ListBLL.Logic.UserGamePlaybackLogic) has been discovered
2017-10-30 14:49:18,545 [1] DEBUG LISTServer - The command 19001(ListBLL.Logic.UserRecordLogic) has been discovered
2017-10-30 14:49:18,560 [1] DEBUG DefaultBootstrap - The server instance LISTServer has been initialized!
2017-10-30 14:49:19,496 [1] DEBUG DefaultBootstrap - The PerformanceMonitor has been initialized!
2017-10-30 14:49:19,496 [1] DEBUG DefaultBootstrap - The Bootstrap has been initialized!
2017-10-30 14:49:19,510 [1] DEBUG LISTServer - Listener (0.0.0.0:2018) was started
2017-10-30 14:49:19,510 [1] DEBUG DefaultBootstrap - The PerformanceMonitor has been started!
2017-10-30 14:50:26,030 [18] DEBUG LISTServer - 登陆sssionID--------8ed446af-1bf9-4257-abe4-c4888f8c7ca6
2017-10-30 14:50:31,121 [18] DEBUG LISTServer - 登录游戏----------2017/10/30 14:50:31
2017-10-30 14:58:29,241 [18] DEBUG LISTServer - 登陆sssionID--------9aec7ea7-eda5-41d5-9fb0-ecb2157ed666
2017-10-30 14:58:29,241 [18] DEBUG LISTServer - 登录游戏----------2017/10/30 14:58:29
2017-10-30 15:17:46,464 [8] DEBUG LISTServer - 登陆sssionID--------2745bef7-dc17-4e50-8a4a-5123e262368e
2017-10-30 15:17:47,109 [8] DEBUG LISTServer - 登录游戏----------2017/10/30 15:17:47
2017-10-30 15:17:53,123 [8] DEBUG LISTServer - 登录用户openid:d034588c6ec5e255f9ab0bf73dbcf90e77614c76|昵称:测试用户d03----------2017/10/30 15:17:53
2017-10-30 15:17:57,490 [8] DEBUG LISTServer - 登录游戏成功----------2017/10/30 15:17:57
2017-10-30 15:37:01,480 [20] DEBUG LISTServer - 登陆sssionID--------0a586394-5f54-405c-b30b-85136d8c1492
2017-10-30 15:37:01,480 [20] DEBUG LISTServer - 登录游戏----------2017/10/30 15:37:01
2017-10-30 15:37:04,793 [20] DEBUG LISTServer - 登录用户openid:C706B02E-C316-5CAF-BD77-E2AD7590BFF2|昵称:测试用户C70----------2017/10/30 15:37:04
2017-10-30 15:37:05,613 [20] DEBUG LISTServer - 登录游戏成功----------2017/10/30 15:37:05
2017-10-30 15:40:31,849 [25] DEBUG LISTServer - 登陆sssionID--------b1f10eb8-14e9-45bf-aa63-63398aab30c3
2017-10-30 15:40:31,849 [25] DEBUG LISTServer - 登录游戏----------2017/10/30 15:40:31
2017-10-30 15:40:31,966 [25] DEBUG LISTServer - 登录用户openid:C706B02E-C316-5CAF-BD77-E2AD7590BFF2|昵称:测试用户C70----------2017/10/30 15:40:31
2017-10-30 15:40:32,221 [25] DEBUG LISTServer - 登录游戏成功,当前对象存在----------2017/10/30 15:40:32
2017-10-30 15:40:32,674 [25] DEBUG LISTServer - 登录游戏成功,当前对象存在----------2017/10/30 15:40:32
