2017-09-20 10:09:18,988 [1] DEBUG DefaultBootstrap - The server instance LISTServer has been created!
2017-09-20 10:09:19,113 [1] DEBUG LISTServer - The command 11020(ListBLL.Logic.GameOperation) has been discovered
2017-09-20 10:09:19,113 [1] DEBUG LISTServer - The command 10001(ListBLL.Logic.Heartbeat) has been discovered
2017-09-20 10:09:19,113 [1] DEBUG LISTServer - The command 11001(ListBLL.Logic.Login) has been discovered
2017-09-20 10:09:19,113 [1] DEBUG LISTServer - The command 19003(ListBLL.Logic.UserGamePlaybackLogic) has been discovered
2017-09-20 10:09:19,113 [1] DEBUG LISTServer - The command 19001(ListBLL.Logic.UserRecordLogic) has been discovered
2017-09-20 10:09:19,128 [1] DEBUG DefaultBootstrap - The server instance LISTServer has been initialized!
2017-09-20 10:09:19,738 [1] DEBUG DefaultBootstrap - The PerformanceMonitor has been initialized!
2017-09-20 10:09:19,738 [1] DEBUG DefaultBootstrap - The Bootstrap has been initialized!
2017-09-20 10:09:19,753 [1] DEBUG LISTServer - Listener (0.0.0.0:2018) was started
2017-09-20 10:09:19,753 [1] DEBUG DefaultBootstrap - The PerformanceMonitor has been started!
2017-09-20 10:16:17,425 [8] DEBUG LISTServer - 登陆sssionID--------899cdc4e-f423-4219-9915-77e89c00e0f6
2017-09-20 10:16:17,425 [8] DEBUG LISTServer - 登录游戏----------2017/9/20 10:16:17
2017-09-20 10:16:19,148 [8] DEBUG LISTServer - 登录用户openid:17da9228849df8ed9400ca4e907dca8c776081ad|昵称:测试用户----------2017/9/20 10:16:19
2017-09-20 10:16:21,048 [8] DEBUG LISTServer - 登录游戏成功----------2017/9/20 10:16:21
2017-09-20 10:17:17,546 [10] DEBUG LISTServer - 登陆sssionID--------1105e8c0-8b81-4cf4-be8c-211df08f22ab
2017-09-20 10:17:17,546 [10] DEBUG LISTServer - 登录游戏----------2017/9/20 10:17:17
2017-09-20 10:17:17,921 [10] DEBUG LISTServer - 登录用户openid:17da9228849df8ed9400ca4e907dca8c776081ad|昵称:测试用户----------2017/9/20 10:17:17
2017-09-20 10:17:18,701 [10] DEBUG LISTServer - 登录游戏成功,当前对象存在----------2017/9/20 10:17:18
2017-09-20 10:18:03,445 [8] DEBUG LISTServer - 登陆sssionID--------e1b6022c-27b2-4412-b474-ed0b8c3cff2d
2017-09-20 10:18:03,445 [8] DEBUG LISTServer - 登录游戏----------2017/9/20 10:18:03
2017-09-20 10:18:03,789 [8] DEBUG LISTServer - 登录用户openid:17da9228849df8ed9400ca4e907dca8c776081ad|昵称:测试用户a9228849df8ed9400ca4e907dca8c776081ad----------2017/9/20 10:18:03
2017-09-20 10:18:04,453 [8] DEBUG LISTServer - 登录游戏成功,当前对象存在----------2017/9/20 10:18:04
2017-09-20 10:20:05,229 [19] DEBUG LISTServer - 登陆sssionID--------e20a09ec-9629-43f0-baa1-ddd1674f3404
2017-09-20 10:20:05,229 [19] DEBUG LISTServer - 登录游戏----------2017/9/20 10:20:05
2017-09-20 10:20:06,057 [19] DEBUG LISTServer - 登录用户openid:17da9228849df8ed9400ca4e907dca8c776081ad|昵称:测试用户17d----------2017/9/20 10:20:06
2017-09-20 10:20:06,674 [19] DEBUG LISTServer - 登录游戏成功,当前对象存在----------2017/9/20 10:20:06
2017-09-20 10:21:24,507 [19] DEBUG LISTServer - 登陆sssionID--------a4f62f6d-b04f-4401-a5c2-4010074beb38
2017-09-20 10:21:24,507 [19] DEBUG LISTServer - 登录游戏----------2017/9/20 10:21:24
2017-09-20 10:21:25,039 [19] DEBUG LISTServer - 登录用户openid:瑶哥大帅逼|昵称:瑶哥大帅逼----------2017/9/20 10:21:25
2017-09-20 10:21:25,851 [19] DEBUG LISTServer - 登录游戏成功----------2017/9/20 10:21:25
2017-09-20 10:25:12,596 [9] DEBUG LISTServer - 登陆sssionID--------c68d9e5c-da45-435d-9bf8-62b9bd93dfb7
2017-09-20 10:25:12,596 [9] DEBUG LISTServer - 登录游戏----------2017/9/20 10:25:12
2017-09-20 10:25:13,293 [9] DEBUG LISTServer - 登录用户openid:17da9228849df8ed9400ca4e907dca8c776081ad|昵称:测试用户17d----------2017/9/20 10:25:13
2017-09-20 10:25:13,966 [9] DEBUG LISTServer - 登录游戏成功,当前对象存在----------2017/9/20 10:25:13
2017-09-20 10:25:37,529 [8] DEBUG LISTServer - 登陆sssionID--------c19ab929-1483-4164-9eee-7ee55e4a7a81
2017-09-20 10:25:37,529 [8] DEBUG LISTServer - 登录游戏----------2017/9/20 10:25:37
2017-09-20 10:25:37,777 [8] DEBUG LISTServer - 登录用户openid:ba9888ce2db1bd530ba845f3283b7b0a|昵称:测试用户ba9----------2017/9/20 10:25:37
2017-09-20 10:25:38,338 [8] DEBUG LISTServer - 登录游戏成功----------2017/9/20 10:25:38
2017-09-20 10:44:28,995 [9] DEBUG LISTServer - 登陆sssionID--------ef726b09-78f4-4e7d-9a3a-bbc460aceb62
2017-09-20 10:44:28,995 [9] DEBUG LISTServer - 登录游戏----------2017/9/20 10:44:28
2017-09-20 10:44:29,480 [9] DEBUG LISTServer - 登录用户openid:db35bab6-0190-463c-878b-95dd7ed3a920|昵称:db35bab6-0190-463c-878b-95dd7ed3a920----------2017/9/20 10:44:29
2017-09-20 10:44:30,136 [9] DEBUG LISTServer - 登录游戏成功----------2017/9/20 10:44:30
2017-09-20 11:04:05,038 [4] DEBUG LISTServer - 登陆sssionID--------f0dfee50-69bc-4ba8-b489-085e1162e22b
2017-09-20 11:04:05,038 [4] DEBUG LISTServer - 登录游戏----------2017/9/20 11:04:05
2017-09-20 11:04:06,851 [4] DEBUG LISTServer - 登录用户openid:ef5c1e08-65a7-4f78-835b-2660a714abcd|昵称:ef5c1e08-65a7-4f78-835b-2660a714abcd----------2017/9/20 11:04:06
2017-09-20 11:04:17,976 [4] DEBUG LISTServer - 登录游戏成功----------2017/9/20 11:04:17
2017-09-20 11:04:34,029 [4] DEBUG LISTServer - 登陆sssionID--------ad93bf04-7d61-428d-b9f2-2a4a59081dd2
2017-09-20 11:04:34,029 [4] DEBUG LISTServer - 登录游戏----------2017/9/20 11:04:34
2017-09-20 11:04:34,216 [4] DEBUG LISTServer - 登录用户openid:e0655ffe-2074-4de0-889d-8abecfcaa3ef|昵称:e0655ffe-2074-4de0-889d-8abecfcaa3ef----------2017/9/20 11:04:34
2017-09-20 11:04:35,201 [4] DEBUG LISTServer - 登录游戏成功----------2017/9/20 11:04:35
2017-09-20 11:05:38,406 [8] DEBUG LISTServer - 登陆sssionID--------c6881045-7582-4289-b699-12324daf7709
2017-09-20 11:05:38,406 [8] DEBUG LISTServer - 登录游戏----------2017/9/20 11:05:38
2017-09-20 11:05:38,781 [8] DEBUG LISTServer - 登录用户openid:d33aadab-d203-4e31-962f-348b387a0d26|昵称:d33aadab-d203-4e31-962f-348b387a0d26----------2017/9/20 11:05:38
2017-09-20 11:06:01,788 [8] DEBUG LISTServer - 登陆sssionID--------b919858a-b5e5-424d-8c3a-bc647ab49c35
2017-09-20 11:06:01,788 [8] DEBUG LISTServer - 登录游戏----------2017/9/20 11:06:01
2017-09-20 11:06:24,050 [8] DEBUG LISTServer - 登录用户openid:19cf3181-48fd-445e-9f3c-6a67bd52ea49|昵称:19cf3181-48fd-445e-9f3c-6a67bd52ea49----------2017/9/20 11:06:24
2017-09-20 11:06:29,784 [8] DEBUG LISTServer - 登录游戏成功----------2017/9/20 11:06:29
2017-09-20 11:13:26,842 [8] DEBUG LISTServer - 登陆sssionID--------3b67fce6-bd34-45e2-bde8-d1dd92b86804
2017-09-20 11:13:26,842 [8] DEBUG LISTServer - 登录游戏----------2017/9/20 11:13:26
2017-09-20 11:13:27,306 [8] DEBUG LISTServer - 登录用户openid:acd26857-c0f9-4aa8-b47b-855bfba36625|昵称:acd26857-c0f9-4aa8-b47b-855bfba36625----------2017/9/20 11:13:27
2017-09-20 11:13:27,898 [8] DEBUG LISTServer - 登录游戏成功----------2017/9/20 11:13:27
2017-09-20 11:19:56,940 [10] DEBUG LISTServer - 登陆sssionID--------39026703-d976-4716-862b-01b5a22c6f33
2017-09-20 11:19:56,940 [10] DEBUG LISTServer - 登录游戏----------2017/9/20 11:19:56
2017-09-20 11:19:57,444 [10] DEBUG LISTServer - 登录用户openid:db10deb0-9a03-4d42-b8b0-a46265d8371d|昵称:db10deb0-9a03-4d42-b8b0-a46265d8371d----------2017/9/20 11:19:57
2017-09-20 11:19:58,268 [10] DEBUG LISTServer - 登录游戏成功----------2017/9/20 11:19:58
2017-09-20 11:26:05,975 [19] DEBUG LISTServer - 登陆sssionID--------e2391d04-43d5-42cb-b856-20f434081186
2017-09-20 11:26:05,975 [19] DEBUG LISTServer - 登录游戏----------2017/9/20 11:26:05
2017-09-20 11:26:06,467 [19] DEBUG LISTServer - 登录用户openid:ef2110d6b36f7eca009a60551ab3db1f|昵称:ef2110d6b36f7eca009a60551ab3db1f----------2017/9/20 11:26:06
2017-09-20 11:26:07,227 [19] DEBUG LISTServer - 登录游戏成功----------2017/9/20 11:26:07
2017-09-20 11:26:31,255 [19] DEBUG LISTServer - 登陆sssionID--------f3d9c4a2-729b-42dc-8df4-31edcdd65b17
2017-09-20 11:26:31,255 [19] DEBUG LISTServer - 登录游戏----------2017/9/20 11:26:31
2017-09-20 11:26:31,335 [19] DEBUG LISTServer - 登录用户openid:ef2110d6b36f7eca009a60551ab3db1f|昵称:ef2110d6b36f7eca009a60551ab3db1f----------2017/9/20 11:26:31
2017-09-20 11:26:32,005 [19] DEBUG LISTServer - 登录游戏成功,当前对象存在----------2017/9/20 11:26:32
2017-09-20 11:27:08,487 [10] DEBUG LISTServer - 登陆sssionID--------3442f8f9-7fb9-4b4c-a3cf-fcdfb593fce4
2017-09-20 11:27:08,488 [10] DEBUG LISTServer - 登录游戏----------2017/9/20 11:27:08
2017-09-20 11:27:08,569 [10] DEBUG LISTServer - 登录用户openid:ef2110d6b36f7eca009a60551ab3db1f|昵称:ef2110d6b36f7eca009a60551ab3db1f----------2017/9/20 11:27:08
2017-09-20 11:27:09,170 [10] DEBUG LISTServer - 登录游戏成功,当前对象存在----------2017/9/20 11:27:09
2017-09-20 11:30:27,788 [10] DEBUG LISTServer - 登陆sssionID--------97528670-c8e0-44d9-95cc-6780239db2ba
2017-09-20 11:30:27,788 [10] DEBUG LISTServer - 登录游戏----------2017/9/20 11:30:27
2017-09-20 11:30:28,090 [10] DEBUG LISTServer - 登录用户openid:9697486827159f30f5cab73bbab97a1b56966c2a|昵称:9697486827159f30f5cab73bbab97a1b56966c2a----------2017/9/20 11:30:28
2017-09-20 11:30:28,777 [10] DEBUG LISTServer - 登录游戏成功----------2017/9/20 11:30:28
2017-09-20 11:35:21,360 [79] DEBUG LISTServer - 登陆sssionID--------15a6e497-7e5b-4737-a268-f1ac34585c75
2017-09-20 11:35:21,360 [79] DEBUG LISTServer - 登录游戏----------2017/9/20 11:35:21
2017-09-20 11:35:22,126 [79] DEBUG LISTServer - 登录用户openid:ef2110d6b36f7eca009a60551ab3db1f|昵称:ef2110d6b36f7eca009a60551ab3db1f----------2017/9/20 11:35:22
2017-09-20 11:35:22,982 [79] DEBUG LISTServer - 登录游戏成功,当前对象存在----------2017/9/20 11:35:22
2017-09-20 11:35:33,395 [19] DEBUG LISTServer - 登陆sssionID--------99c60d02-4809-4c27-aba7-d90bfc63eb37
2017-09-20 11:35:33,395 [19] DEBUG LISTServer - 登录游戏----------2017/9/20 11:35:33
2017-09-20 11:35:33,566 [19] DEBUG LISTServer - 登录用户openid:9697486827159f30f5cab73bbab97a1b56966c2a|昵称:9697486827159f30f5cab73bbab97a1b56966c2a----------2017/9/20 11:35:33
2017-09-20 11:35:34,607 [19] DEBUG LISTServer - 登录游戏成功,当前对象存在----------2017/9/20 11:35:34
2017-09-20 11:42:30,255 [19] DEBUG LISTServer - 登陆sssionID--------03e6dc59-96ac-495d-b0b6-20863cbe824b
2017-09-20 11:42:30,255 [19] DEBUG LISTServer - 登录游戏----------2017/9/20 11:42:30
2017-09-20 11:42:30,630 [19] DEBUG LISTServer - 登录用户openid:ef2110d6b36f7eca009a60551ab3db1f|昵称:ef2110d6b36f7eca009a60551ab3db1f----------2017/9/20 11:42:30
2017-09-20 11:42:31,875 [19] DEBUG LISTServer - 登录游戏成功,当前对象存在----------2017/9/20 11:42:31
2017-09-20 11:42:36,833 [19] DEBUG LISTServer - 登陆sssionID--------b5c693f7-ea0b-4dc1-89f5-9f1f75c39586
2017-09-20 11:42:36,833 [19] DEBUG LISTServer - 登录游戏----------2017/9/20 11:42:36
2017-09-20 11:42:36,974 [19] DEBUG LISTServer - 登录用户openid:9697486827159f30f5cab73bbab97a1b56966c2a|昵称:9697486827159f30f5cab73bbab97a1b56966c2a----------2017/9/20 11:42:36
2017-09-20 11:42:38,010 [19] DEBUG LISTServer - 登录游戏成功,当前对象存在----------2017/9/20 11:42:38
2017-09-20 11:45:00,982 [10] DEBUG LISTServer - 登陆sssionID--------88dc21c2-212d-4be7-a75a-d4e39cc3edc1
2017-09-20 11:45:00,982 [10] DEBUG LISTServer - 登录游戏----------2017/9/20 11:45:00
2017-09-20 11:45:01,326 [10] DEBUG LISTServer - 登录用户openid:9697486827159f30f5cab73bbab97a1b56966c2a|昵称:9697486827159f30f5cab73bbab97a1b56966c2a----------2017/9/20 11:45:01
2017-09-20 11:45:01,951 [10] DEBUG LISTServer - 登录游戏成功,当前对象存在----------2017/9/20 11:45:01
2017-09-20 11:52:55,666 [10] DEBUG LISTServer - 登陆sssionID--------fc07034a-97d9-4889-9b59-69bff2474514
2017-09-20 11:52:55,666 [10] DEBUG LISTServer - 登录游戏----------2017/9/20 11:52:55
2017-09-20 11:52:56,472 [10] DEBUG LISTServer - 登录用户openid:9697486827159f30f5cab73bbab97a1b56966c2a|昵称:9697486827159f30f5cab73bbab97a1b56966c2a----------2017/9/20 11:52:56
2017-09-20 11:52:57,181 [10] DEBUG LISTServer - 登录游戏成功,当前对象存在----------2017/9/20 11:52:57
2017-09-20 11:53:43,766 [19] DEBUG LISTServer - 登陆sssionID--------a9cf9152-ba33-4228-9711-d889cb22bc2c
2017-09-20 11:53:43,766 [19] DEBUG LISTServer - 登录游戏----------2017/9/20 11:53:43
2017-09-20 11:53:43,860 [19] DEBUG LISTServer - 登录用户openid:9697486827159f30f5cab73bbab97a1b56966c2a|昵称:9697486827159f30f5cab73bbab97a1b56966c2a----------2017/9/20 11:53:43
2017-09-20 11:53:44,470 [19] DEBUG LISTServer - 登录游戏成功,当前对象存在----------2017/9/20 11:53:44
2017-09-20 12:00:22,209 [8] DEBUG LISTServer - 登陆sssionID--------a41c7b11-b5fe-41f2-9135-c8ff9107d9df
2017-09-20 12:00:22,209 [8] DEBUG LISTServer - 登录游戏----------2017/9/20 12:00:22
2017-09-20 12:00:22,458 [8] DEBUG LISTServer - 登录用户openid:9697486827159f30f5cab73bbab97a1b56966c2a|昵称:9697486827159f30f5cab73bbab97a1b56966c2a----------2017/9/20 12:00:22
2017-09-20 12:00:22,771 [10] DEBUG LISTServer - 登陆sssionID--------55c7aacf-c4cd-4674-ac02-954ac59788d0
2017-09-20 12:00:22,771 [10] DEBUG LISTServer - 登录游戏----------2017/9/20 12:00:22
2017-09-20 12:00:22,849 [10] DEBUG LISTServer - 登录用户openid:ef2110d6b36f7eca009a60551ab3db1f|昵称:ef2110d6b36f7eca009a60551ab3db1f----------2017/9/20 12:00:22
2017-09-20 12:00:23,121 [8] DEBUG LISTServer - 登录游戏成功,当前对象存在----------2017/9/20 12:00:23
2017-09-20 12:00:23,527 [10] DEBUG LISTServer - 登录游戏成功,当前对象存在----------2017/9/20 12:00:23
2017-09-20 13:37:51,476 [19] DEBUG LISTServer - 登陆sssionID--------620945cb-48da-411a-96d9-f59954173563
2017-09-20 13:37:51,476 [19] DEBUG LISTServer - 登录游戏----------2017/9/20 13:37:51
2017-09-20 13:37:52,257 [19] DEBUG LISTServer - 登录用户openid:ef2110d6b36f7eca009a60551ab3db1f|昵称:ef2110d6b36f7eca009a60551ab3db1f----------2017/9/20 13:37:52
2017-09-20 13:37:53,847 [19] DEBUG LISTServer - 登录游戏成功,当前对象存在----------2017/9/20 13:37:53
2017-09-20 13:38:22,887 [19] DEBUG LISTServer - 登陆sssionID--------b767c4c8-5441-4589-93a9-331f99739b4c
2017-09-20 13:38:22,888 [19] DEBUG LISTServer - 登录游戏----------2017/9/20 13:38:22
2017-09-20 13:38:23,064 [19] DEBUG LISTServer - 登录用户openid:9697486827159f30f5cab73bbab97a1b56966c2a|昵称:9697486827159f30f5cab73bbab97a1b56966c2a----------2017/9/20 13:38:23
2017-09-20 13:38:23,981 [19] DEBUG LISTServer - 登录游戏成功,当前对象存在----------2017/9/20 13:38:23
2017-09-20 13:38:54,828 [19] DEBUG LISTServer - 登陆sssionID--------c3ec1683-0546-4f9d-9301-d73eb2f32d3c
2017-09-20 13:38:54,828 [19] DEBUG LISTServer - 登录游戏----------2017/9/20 13:38:54
2017-09-20 13:38:54,996 [19] DEBUG LISTServer - 登录用户openid:ef2110d6b36f7eca009a60551ab3db1f|昵称:ef2110d6b36f7eca009a60551ab3db1f----------2017/9/20 13:38:54
2017-09-20 13:38:55,665 [19] DEBUG LISTServer - 登录游戏成功,当前对象存在----------2017/9/20 13:38:55
2017-09-20 13:41:59,658 [19] DEBUG LISTServer - 登陆sssionID--------48d8fbdd-fe40-4d6c-8f09-fb1886d99fee
2017-09-20 13:41:59,658 [19] DEBUG LISTServer - 登录游戏----------2017/9/20 13:41:59
2017-09-20 13:41:59,974 [19] DEBUG LISTServer - 登录用户openid:9697486827159f30f5cab73bbab97a1b56966c2a|昵称:9697486827159f30f5cab73bbab97a1b56966c2a----------2017/9/20 13:41:59
2017-09-20 13:42:00,551 [19] DEBUG LISTServer - 登录游戏成功,当前对象存在----------2017/9/20 13:42:00
2017-09-20 13:44:25,362 [19] DEBUG LISTServer - 登陆sssionID--------2446441c-218e-4a1d-9f48-fb358d4c8035
2017-09-20 13:44:25,362 [19] DEBUG LISTServer - 登录游戏----------2017/9/20 13:44:25
2017-09-20 13:44:25,679 [19] DEBUG LISTServer - 登录用户openid:9697486827159f30f5cab73bbab97a1b56966c2a|昵称:9697486827159f30f5cab73bbab97a1b56966c2a----------2017/9/20 13:44:25
2017-09-20 13:44:26,328 [19] DEBUG LISTServer - 登录游戏成功,当前对象存在----------2017/9/20 13:44:26
2017-09-20 13:44:58,190 [10] DEBUG LISTServer - 登陆sssionID--------6640b342-ec21-4e7e-995b-141b9900520d
2017-09-20 13:44:58,190 [10] DEBUG LISTServer - 登录游戏----------2017/9/20 13:44:58
2017-09-20 13:44:58,281 [10] DEBUG LISTServer - 登录用户openid:9697486827159f30f5cab73bbab97a1b56966c2a|昵称:9697486827159f30f5cab73bbab97a1b56966c2a----------2017/9/20 13:44:58
2017-09-20 13:44:59,010 [10] DEBUG LISTServer - 登录游戏成功,当前对象存在----------2017/9/20 13:44:59
2017-09-20 13:45:40,948 [19] DEBUG LISTServer - 登陆sssionID--------ecf5c822-e3b1-4357-b9f8-202f758cf079
2017-09-20 13:45:40,948 [19] DEBUG LISTServer - 登录游戏----------2017/9/20 13:45:40
2017-09-20 13:45:41,025 [19] DEBUG LISTServer - 登录用户openid:9697486827159f30f5cab73bbab97a1b56966c2a|昵称:9697486827159f30f5cab73bbab97a1b56966c2a----------2017/9/20 13:45:41
2017-09-20 13:45:41,671 [19] DEBUG LISTServer - 登录游戏成功,当前对象存在----------2017/9/20 13:45:41
2017-09-20 13:47:28,915 [79] DEBUG LISTServer - 登陆sssionID--------5687acbf-8d04-46fc-b102-bec8bfa92047
2017-09-20 13:47:28,915 [79] DEBUG LISTServer - 登录游戏----------2017/9/20 13:47:28
2017-09-20 13:47:29,356 [79] DEBUG LISTServer - 登录用户openid:9697486827159f30f5cab73bbab97a1b56966c2a|昵称:9697486827159f30f5cab73bbab97a1b56966c2a----------2017/9/20 13:47:29
2017-09-20 13:47:30,042 [79] DEBUG LISTServer - 登录游戏成功,当前对象存在----------2017/9/20 13:47:30
2017-09-20 13:48:19,732 [19] DEBUG LISTServer - 登陆sssionID--------ce5815a7-b6a4-4142-9de2-304e720e8138
2017-09-20 13:48:19,732 [19] DEBUG LISTServer - 登录游戏----------2017/9/20 13:48:19
2017-09-20 13:48:19,810 [19] DEBUG LISTServer - 登录用户openid:9697486827159f30f5cab73bbab97a1b56966c2a|昵称:9697486827159f30f5cab73bbab97a1b56966c2a----------2017/9/20 13:48:19
2017-09-20 13:48:20,385 [19] DEBUG LISTServer - 登录游戏成功,当前对象存在----------2017/9/20 13:48:20
2017-09-20 13:50:27,131 [59] DEBUG LISTServer - 登陆sssionID--------2da37760-9bbe-418b-8aeb-656a4aca8db3
2017-09-20 13:50:27,131 [59] DEBUG LISTServer - 登录游戏----------2017/9/20 13:50:27
2017-09-20 13:50:27,442 [59] DEBUG LISTServer - 登录用户openid:9697486827159f30f5cab73bbab97a1b56966c2a|昵称:9697486827159f30f5cab73bbab97a1b56966c2a----------2017/9/20 13:50:27
2017-09-20 13:50:28,284 [59] DEBUG LISTServer - 登录游戏成功,当前对象存在----------2017/9/20 13:50:28
2017-09-20 13:51:52,539 [59] DEBUG LISTServer - 登陆sssionID--------75bb0d44-915b-41b9-af9e-7ce2fd803dbf
2017-09-20 13:51:52,539 [59] DEBUG LISTServer - 登录游戏----------2017/9/20 13:51:52
2017-09-20 13:51:52,759 [59] DEBUG LISTServer - 登录用户openid:9697486827159f30f5cab73bbab97a1b56966c2a|昵称:9697486827159f30f5cab73bbab97a1b56966c2a----------2017/9/20 13:51:52
2017-09-20 13:51:53,419 [59] DEBUG LISTServer - 登录游戏成功,当前对象存在----------2017/9/20 13:51:53
2017-09-20 13:52:54,698 [79] DEBUG LISTServer - 登陆sssionID--------11adca63-b8ad-48b7-8739-5f403b1ab0ac
2017-09-20 13:52:54,698 [79] DEBUG LISTServer - 登录游戏----------2017/9/20 13:52:54
2017-09-20 13:52:54,954 [79] DEBUG LISTServer - 登录用户openid:9697486827159f30f5cab73bbab97a1b56966c2a|昵称:9697486827159f30f5cab73bbab97a1b56966c2a----------2017/9/20 13:52:54
2017-09-20 13:52:55,709 [79] DEBUG LISTServer - 登录游戏成功,当前对象存在----------2017/9/20 13:52:55
2017-09-20 14:05:31,695 [19] DEBUG LISTServer - 登陆sssionID--------207913a6-e199-4b85-8e9c-5a4febbf4fed
2017-09-20 14:05:31,695 [19] DEBUG LISTServer - 登录游戏----------2017/9/20 14:05:31
2017-09-20 14:05:32,099 [19] DEBUG LISTServer - 登录用户openid:9697486827159f30f5cab73bbab97a1b56966c2a|昵称:9697486827159f30f5cab73bbab97a1b56966c2a----------2017/9/20 14:05:32
2017-09-20 14:05:32,821 [19] DEBUG LISTServer - 登录游戏成功,当前对象存在----------2017/9/20 14:05:32
2017-09-20 14:06:01,298 [10] DEBUG LISTServer - 登陆sssionID--------e13b4ed4-e718-496d-a663-ce22a8d26bc4
2017-09-20 14:06:01,298 [10] DEBUG LISTServer - 登录游戏----------2017/9/20 14:06:01
2017-09-20 14:06:01,398 [10] DEBUG LISTServer - 登录用户openid:9697486827159f30f5cab73bbab97a1b56966c2a|昵称:9697486827159f30f5cab73bbab97a1b56966c2a----------2017/9/20 14:06:01
2017-09-20 14:06:02,072 [10] DEBUG LISTServer - 登录游戏成功,当前对象存在----------2017/9/20 14:06:02
2017-09-20 14:14:05,905 [19] DEBUG LISTServer - 登陆sssionID--------7f50960e-a623-40c9-bdcd-c7d3436e454d
2017-09-20 14:14:05,905 [19] DEBUG LISTServer - 登录游戏----------2017/9/20 14:14:05
2017-09-20 14:14:06,619 [19] DEBUG LISTServer - 登录用户openid:9697486827159f30f5cab73bbab97a1b56966c2a|昵称:9697486827159f30f5cab73bbab97a1b56966c2a----------2017/9/20 14:14:06
2017-09-20 14:14:07,684 [19] DEBUG LISTServer - 登录游戏成功,当前对象存在----------2017/9/20 14:14:07
2017-09-20 14:14:16,824 [59] DEBUG LISTServer - 登陆sssionID--------89c54019-74b7-446f-a1f6-8e79f992ed59
2017-09-20 14:14:16,824 [59] DEBUG LISTServer - 登录游戏----------2017/9/20 14:14:16
2017-09-20 14:14:16,992 [59] DEBUG LISTServer - 登录用户openid:ef2110d6b36f7eca009a60551ab3db1f|昵称:ef2110d6b36f7eca009a60551ab3db1f----------2017/9/20 14:14:16
2017-09-20 14:14:17,932 [59] DEBUG LISTServer - 登录游戏成功,当前对象存在----------2017/9/20 14:14:17
2017-09-20 14:17:44,899 [79] DEBUG LISTServer - 登陆sssionID--------a3252fdf-d2f3-4f10-802e-bace9cca7ff7
2017-09-20 14:17:44,899 [79] DEBUG LISTServer - 登录游戏----------2017/9/20 14:17:44
2017-09-20 14:17:45,315 [79] DEBUG LISTServer - 登录用户openid:9697486827159f30f5cab73bbab97a1b56966c2a|昵称:9697486827159f30f5cab73bbab97a1b56966c2a----------2017/9/20 14:17:45
2017-09-20 14:17:45,910 [79] DEBUG LISTServer - 登录游戏成功,当前对象存在----------2017/9/20 14:17:45
2017-09-20 14:17:59,556 [59] DEBUG LISTServer - 登陆sssionID--------4d029631-fc56-489c-86cb-a17c421a203c
2017-09-20 14:17:59,556 [59] DEBUG LISTServer - 登录游戏----------2017/9/20 14:17:59
2017-09-20 14:17:59,722 [59] DEBUG LISTServer - 登录用户openid:ef2110d6b36f7eca009a60551ab3db1f|昵称:ef2110d6b36f7eca009a60551ab3db1f----------2017/9/20 14:17:59
2017-09-20 14:18:00,391 [59] DEBUG LISTServer - 登录游戏成功,当前对象存在----------2017/9/20 14:18:00
2017-09-20 14:21:58,747 [59] DEBUG LISTServer - 登陆sssionID--------b9dc730e-e049-4179-acfd-f0ee6e530bc0
2017-09-20 14:21:58,747 [59] DEBUG LISTServer - 登录游戏----------2017/9/20 14:21:58
2017-09-20 14:21:59,086 [59] DEBUG LISTServer - 登录用户openid:9697486827159f30f5cab73bbab97a1b56966c2a|昵称:9697486827159f30f5cab73bbab97a1b56966c2a----------2017/9/20 14:21:59
2017-09-20 14:21:59,754 [59] DEBUG LISTServer - 登录游戏成功,当前对象存在----------2017/9/20 14:21:59
2017-09-20 14:22:30,686 [79] DEBUG LISTServer - 登陆sssionID--------73e94cfd-da93-48fe-8a3e-2b1d6b7cfb96
2017-09-20 14:22:30,686 [79] DEBUG LISTServer - 登录游戏----------2017/9/20 14:22:30
2017-09-20 14:22:30,760 [79] DEBUG LISTServer - 登录用户openid:ef2110d6b36f7eca009a60551ab3db1f|昵称:ef2110d6b36f7eca009a60551ab3db1f----------2017/9/20 14:22:30
2017-09-20 14:22:31,373 [79] DEBUG LISTServer - 登录游戏成功,当前对象存在----------2017/9/20 14:22:31
2017-09-20 14:23:19,738 [59] DEBUG LISTServer - 登陆sssionID--------eefcb218-7b1f-4682-bd5f-a7de992f3c45
2017-09-20 14:23:19,738 [59] DEBUG LISTServer - 登录游戏----------2017/9/20 14:23:19
2017-09-20 14:23:19,815 [59] DEBUG LISTServer - 登录用户openid:9697486827159f30f5cab73bbab97a1b56966c2a|昵称:9697486827159f30f5cab73bbab97a1b56966c2a----------2017/9/20 14:23:19
2017-09-20 14:23:20,459 [59] DEBUG LISTServer - 登录游戏成功,当前对象存在----------2017/9/20 14:23:20
2017-09-20 14:24:21,952 [79] DEBUG LISTServer - 登陆sssionID--------9e18f9dd-9e71-442e-8ba6-685bd8b4dbdd
2017-09-20 14:24:21,952 [79] DEBUG LISTServer - 登录游戏----------2017/9/20 14:24:21
2017-09-20 14:24:22,250 [79] DEBUG LISTServer - 登录用户openid:ef2110d6b36f7eca009a60551ab3db1f|昵称:ef2110d6b36f7eca009a60551ab3db1f----------2017/9/20 14:24:22
2017-09-20 14:24:22,852 [79] DEBUG LISTServer - 登录游戏成功,当前对象存在----------2017/9/20 14:24:22
2017-09-20 14:32:32,226 [79] DEBUG LISTServer - 登陆sssionID--------c4f75118-9aca-45bc-9e3c-8fe7f53170c4
2017-09-20 14:32:32,226 [79] DEBUG LISTServer - 登录游戏----------2017/9/20 14:32:32
2017-09-20 14:32:32,641 [79] DEBUG LISTServer - 登录用户openid:9697486827159f30f5cab73bbab97a1b56966c2a|昵称:9697486827159f30f5cab73bbab97a1b56966c2a----------2017/9/20 14:32:32
2017-09-20 14:32:33,505 [79] DEBUG LISTServer - 登录游戏成功,当前对象存在----------2017/9/20 14:32:33
2017-09-20 14:35:27,494 [10] DEBUG LISTServer - 登陆sssionID--------0bcf743a-4269-4e83-9bb8-8db46c3e54f9
2017-09-20 14:35:27,494 [10] DEBUG LISTServer - 登录游戏----------2017/9/20 14:35:27
2017-09-20 14:35:27,838 [10] DEBUG LISTServer - 登录用户openid:9697486827159f30f5cab73bbab97a1b56966c2a|昵称:9697486827159f30f5cab73bbab97a1b56966c2a----------2017/9/20 14:35:27
2017-09-20 14:35:28,523 [10] DEBUG LISTServer - 登录游戏成功,当前对象存在----------2017/9/20 14:35:28
2017-09-20 14:38:22,038 [79] DEBUG LISTServer - 登陆sssionID--------03f96d8d-0fe2-423d-93ec-6223f02008b1
2017-09-20 14:38:22,038 [79] DEBUG LISTServer - 登录游戏----------2017/9/20 14:38:22
2017-09-20 14:38:22,284 [79] DEBUG LISTServer - 登录用户openid:9697486827159f30f5cab73bbab97a1b56966c2a|昵称:9697486827159f30f5cab73bbab97a1b56966c2a----------2017/9/20 14:38:22
2017-09-20 14:38:22,900 [79] DEBUG LISTServer - 登录游戏成功,当前对象存在----------2017/9/20 14:38:22
2017-09-20 14:50:12,139 [65] DEBUG LISTServer - 登陆sssionID--------33c24f65-a872-4c86-a52a-d38d884968a6
2017-09-20 14:50:12,139 [65] DEBUG LISTServer - 登录游戏----------2017/9/20 14:50:12
2017-09-20 14:50:12,723 [65] DEBUG LISTServer - 登录用户openid:9697486827159f30f5cab73bbab97a1b56966c2a|昵称:9697486827159f30f5cab73bbab97a1b56966c2a----------2017/9/20 14:50:12
2017-09-20 14:50:13,866 [65] DEBUG LISTServer - 登录游戏成功,当前对象存在----------2017/9/20 14:50:13
2017-09-20 14:55:33,884 [65] DEBUG LISTServer - 登陆sssionID--------2f53bf39-194e-4e55-ac77-0d5cec0ece90
2017-09-20 14:55:33,884 [65] DEBUG LISTServer - 登录游戏----------2017/9/20 14:55:33
2017-09-20 14:55:34,307 [65] DEBUG LISTServer - 登录用户openid:9697486827159f30f5cab73bbab97a1b56966c2a|昵称:9697486827159f30f5cab73bbab97a1b56966c2a----------2017/9/20 14:55:34
2017-09-20 14:55:35,265 [65] DEBUG LISTServer - 登录游戏成功,当前对象存在----------2017/9/20 14:55:35
2017-09-20 14:58:24,738 [19] DEBUG LISTServer - 登陆sssionID--------1d1a1697-0892-4a0c-bf15-20e5506b9c61
2017-09-20 14:58:24,738 [19] DEBUG LISTServer - 登录游戏----------2017/9/20 14:58:24
2017-09-20 14:58:25,136 [19] DEBUG LISTServer - 登录用户openid:9697486827159f30f5cab73bbab97a1b56966c2a|昵称:9697486827159f30f5cab73bbab97a1b56966c2a----------2017/9/20 14:58:25
2017-09-20 14:58:25,696 [19] DEBUG LISTServer - 登录游戏成功,当前对象存在----------2017/9/20 14:58:25
2017-09-20 15:03:53,596 [59] DEBUG LISTServer - 登陆sssionID--------8cc76120-85c7-409a-afd2-f5ccd0c1ab6d
2017-09-20 15:03:53,596 [59] DEBUG LISTServer - 登录游戏----------2017/9/20 15:03:53
2017-09-20 15:03:54,020 [59] DEBUG LISTServer - 登录用户openid:9697486827159f30f5cab73bbab97a1b56966c2a|昵称:9697486827159f30f5cab73bbab97a1b56966c2a----------2017/9/20 15:03:54
2017-09-20 15:03:54,719 [59] DEBUG LISTServer - 登录游戏成功,当前对象存在----------2017/9/20 15:03:54
2017-09-20 15:04:42,890 [65] DEBUG LISTServer - 登陆sssionID--------7d4ebab1-6014-4aa0-8615-1164af3392ec
2017-09-20 15:04:42,890 [65] DEBUG LISTServer - 登录游戏----------2017/9/20 15:04:42
2017-09-20 15:04:42,950 [65] DEBUG LISTServer - 登录用户openid:9697486827159f30f5cab73bbab97a1b56966c2a|昵称:9697486827159f30f5cab73bbab97a1b56966c2a----------2017/9/20 15:04:42
2017-09-20 15:04:43,608 [65] DEBUG LISTServer - 登录游戏成功,当前对象存在----------2017/9/20 15:04:43
2017-09-20 15:17:19,849 [59] DEBUG LISTServer - 登陆sssionID--------a39e12f2-3429-4231-9c96-a0f0ba1255ea
2017-09-20 15:17:19,849 [59] DEBUG LISTServer - 登录游戏----------2017/9/20 15:17:19
2017-09-20 15:17:20,211 [59] DEBUG LISTServer - 登录用户openid:9697486827159f30f5cab73bbab97a1b56966c2a|昵称:9697486827159f30f5cab73bbab97a1b56966c2a----------2017/9/20 15:17:20
2017-09-20 15:17:20,999 [59] DEBUG LISTServer - 登录游戏成功,当前对象存在----------2017/9/20 15:17:20
2017-09-20 15:19:24,542 [65] DEBUG LISTServer - 登陆sssionID--------8af5092f-ac7a-4327-82c9-a4e09f440c89
2017-09-20 15:19:24,542 [65] DEBUG LISTServer - 登录游戏----------2017/9/20 15:19:24
2017-09-20 15:19:24,924 [65] DEBUG LISTServer - 登录用户openid:9697486827159f30f5cab73bbab97a1b56966c2a|昵称:9697486827159f30f5cab73bbab97a1b56966c2a----------2017/9/20 15:19:24
2017-09-20 15:19:25,519 [65] DEBUG LISTServer - 登录游戏成功,当前对象存在----------2017/9/20 15:19:25
2017-09-20 15:23:40,402 [59] DEBUG LISTServer - 登陆sssionID--------bc8b4aa8-76ef-41ac-984d-7c2031df37b5
2017-09-20 15:23:40,402 [59] DEBUG LISTServer - 登录游戏----------2017/9/20 15:23:40
2017-09-20 15:23:40,851 [59] DEBUG LISTServer - 登录用户openid:ef2110d6b36f7eca009a60551ab3db1f|昵称:ef2110d6b36f7eca009a60551ab3db1f----------2017/9/20 15:23:40
2017-09-20 15:23:41,492 [59] DEBUG LISTServer - 登录游戏成功,当前对象存在----------2017/9/20 15:23:41
2017-09-20 15:28:36,011 [59] DEBUG LISTServer - 登陆sssionID--------88492dde-adad-4da1-b495-09624815112f
2017-09-20 15:28:36,011 [59] DEBUG LISTServer - 登录游戏----------2017/9/20 15:28:36
2017-09-20 15:28:36,721 [59] DEBUG LISTServer - 登录用户openid:ef2110d6b36f7eca009a60551ab3db1f|昵称:ef2110d6b36f7eca009a60551ab3db1f----------2017/9/20 15:28:36
2017-09-20 15:28:37,837 [59] DEBUG LISTServer - 登录游戏成功,当前对象存在----------2017/9/20 15:28:37
2017-09-20 15:30:36,240 [57] DEBUG LISTServer - 登陆sssionID--------f39328c6-f939-4b83-9394-9f846b09661c
2017-09-20 15:30:36,240 [57] DEBUG LISTServer - 登录游戏----------2017/9/20 15:30:36
2017-09-20 15:30:36,631 [57] DEBUG LISTServer - 登录用户openid:9697486827159f30f5cab73bbab97a1b56966c2a|昵称:9697486827159f30f5cab73bbab97a1b56966c2a----------2017/9/20 15:30:36
2017-09-20 15:30:37,505 [57] DEBUG LISTServer - 登录游戏成功,当前对象存在----------2017/9/20 15:30:37
2017-09-20 15:33:14,778 [65] DEBUG LISTServer - 登陆sssionID--------6a9ab60e-0532-4605-94ca-13d4416131b8
2017-09-20 15:33:14,778 [65] DEBUG LISTServer - 登录游戏----------2017/9/20 15:33:14
2017-09-20 15:33:15,223 [65] DEBUG LISTServer - 登录用户openid:9697486827159f30f5cab73bbab97a1b56966c2a|昵称:9697486827159f30f5cab73bbab97a1b56966c2a----------2017/9/20 15:33:15
2017-09-20 15:33:15,871 [65] DEBUG LISTServer - 登录游戏成功,当前对象存在----------2017/9/20 15:33:15
2017-09-20 15:34:12,274 [65] DEBUG LISTServer - 登陆sssionID--------8ceb3f33-4358-4a78-ba0f-74cc329f973e
2017-09-20 15:34:12,274 [65] DEBUG LISTServer - 登录游戏----------2017/9/20 15:34:12
2017-09-20 15:34:12,447 [65] DEBUG LISTServer - 登录用户openid:9697486827159f30f5cab73bbab97a1b56966c2a|昵称:9697486827159f30f5cab73bbab97a1b56966c2a----------2017/9/20 15:34:12
2017-09-20 15:34:13,147 [65] DEBUG LISTServer - 登录游戏成功,当前对象存在----------2017/9/20 15:34:13
2017-09-20 15:34:25,588 [10] DEBUG LISTServer - 登陆sssionID--------80ba719d-c557-4edf-b97f-ce9d431fb514
2017-09-20 15:34:25,588 [10] DEBUG LISTServer - 登录游戏----------2017/9/20 15:34:25
2017-09-20 15:34:25,665 [10] DEBUG LISTServer - 登录用户openid:9697486827159f30f5cab73bbab97a1b56966c2a|昵称:9697486827159f30f5cab73bbab97a1b56966c2a----------2017/9/20 15:34:25
2017-09-20 15:34:26,248 [10] DEBUG LISTServer - 登录游戏成功,当前对象存在----------2017/9/20 15:34:26
2017-09-20 15:37:24,772 [10] DEBUG LISTServer - 登陆sssionID--------a02d598b-1e77-45e0-80f0-daa91f367b4e
2017-09-20 15:37:24,772 [10] DEBUG LISTServer - 登录游戏----------2017/9/20 15:37:24
2017-09-20 15:37:25,016 [10] DEBUG LISTServer - 登录用户openid:9697486827159f30f5cab73bbab97a1b56966c2a|昵称:9697486827159f30f5cab73bbab97a1b56966c2a----------2017/9/20 15:37:25
2017-09-20 15:37:25,691 [10] DEBUG LISTServer - 登录游戏成功,当前对象存在----------2017/9/20 15:37:25
2017-09-20 15:38:49,683 [19] DEBUG LISTServer - 登陆sssionID--------37eae115-e6a1-4a87-b521-b9ca8ace1322
2017-09-20 15:38:49,683 [19] DEBUG LISTServer - 登录游戏----------2017/9/20 15:38:49
2017-09-20 15:38:49,981 [19] DEBUG LISTServer - 登录用户openid:9697486827159f30f5cab73bbab97a1b56966c2a|昵称:9697486827159f30f5cab73bbab97a1b56966c2a----------2017/9/20 15:38:49
2017-09-20 15:38:50,832 [19] DEBUG LISTServer - 登录游戏成功,当前对象存在----------2017/9/20 15:38:50
2017-09-20 15:49:47,045 [10] DEBUG LISTServer - 登陆sssionID--------8eb67381-b66b-4f54-af6b-0e6e9a0a554b
2017-09-20 15:49:47,045 [10] DEBUG LISTServer - 登录游戏----------2017/9/20 15:49:47
2017-09-20 15:49:47,373 [10] DEBUG LISTServer - 登录用户openid:9697486827159f30f5cab73bbab97a1b56966c2a|昵称:9697486827159f30f5cab73bbab97a1b56966c2a----------2017/9/20 15:49:47
2017-09-20 15:49:48,159 [10] DEBUG LISTServer - 登录游戏成功,当前对象存在----------2017/9/20 15:49:48
2017-09-20 16:00:24,430 [10] DEBUG LISTServer - 登陆sssionID--------5d21cd41-4f6f-4c49-97f3-32166b5075c6
2017-09-20 16:00:24,430 [10] DEBUG LISTServer - 登录游戏----------2017/9/20 16:00:24
2017-09-20 16:00:25,064 [10] DEBUG LISTServer - 登录用户openid:17da9228849df8ed9400ca4e907dca8c776081ad|昵称:测试用户17d----------2017/9/20 16:00:25
2017-09-20 16:00:26,322 [10] DEBUG LISTServer - 登录游戏成功,当前对象存在----------2017/9/20 16:00:26
2017-09-20 16:03:26,195 [10] DEBUG LISTServer - 登陆sssionID--------e4818f8c-0487-4b05-a35d-b6214ddd175b
2017-09-20 16:03:26,195 [10] DEBUG LISTServer - 登录游戏----------2017/9/20 16:03:26
2017-09-20 16:03:26,611 [10] DEBUG LISTServer - 登录用户openid:9697486827159f30f5cab73bbab97a1b56966c2a|昵称:9697486827159f30f5cab73bbab97a1b56966c2a----------2017/9/20 16:03:26
2017-09-20 16:03:27,432 [10] DEBUG LISTServer - 登录游戏成功,当前对象存在----------2017/9/20 16:03:27
2017-09-20 16:03:28,492 [19] DEBUG LISTServer - 登陆sssionID--------76ae00fb-1fb4-4c94-8993-13a73aa44a3a
2017-09-20 16:03:28,492 [19] DEBUG LISTServer - 登录游戏----------2017/9/20 16:03:28
2017-09-20 16:03:28,646 [19] DEBUG LISTServer - 登录用户openid:ef2110d6b36f7eca009a60551ab3db1f|昵称:ef2110d6b36f7eca009a60551ab3db1f----------2017/9/20 16:03:28
2017-09-20 16:03:29,262 [19] DEBUG LISTServer - 登录游戏成功,当前对象存在----------2017/9/20 16:03:29
2017-09-20 16:03:32,556 [10] DEBUG LISTServer - 登陆sssionID--------f152f5ae-0c06-4bbc-b28a-f7d1458cbff1
2017-09-20 16:03:32,556 [10] DEBUG LISTServer - 登录游戏----------2017/9/20 16:03:32
2017-09-20 16:03:51,241 [65] DEBUG LISTServer - 登陆sssionID--------3e50f888-260d-4b88-a9f8-9a7087281cb2
2017-09-20 16:03:51,241 [65] DEBUG LISTServer - 登录游戏----------2017/9/20 16:03:51
2017-09-20 16:04:38,685 [19] DEBUG LISTServer - 登陆sssionID--------3469274f-4aa6-4e23-92b9-ddcb60642aac
2017-09-20 16:04:38,685 [19] DEBUG LISTServer - 登录游戏----------2017/9/20 16:04:38
2017-09-20 16:05:45,589 [10] DEBUG LISTServer - 登陆sssionID--------2a837bf6-397e-4a4f-8281-88d7ccc03481
2017-09-20 16:05:45,589 [10] DEBUG LISTServer - 登录游戏----------2017/9/20 16:05:45
2017-09-20 16:06:26,721 [65] DEBUG LISTServer - 登陆sssionID--------d8b47584-7047-451e-95c8-45ab564f0d88
2017-09-20 16:06:26,721 [65] DEBUG LISTServer - 登录游戏----------2017/9/20 16:06:26
2017-09-20 16:06:42,366 [19] DEBUG LISTServer - 登陆sssionID--------d1f2759f-5a64-4327-baa9-7c15fc8d20cb
2017-09-20 16:06:42,366 [19] DEBUG LISTServer - 登录游戏----------2017/9/20 16:06:42
2017-09-20 16:06:42,910 [34] DEBUG LISTServer - 登陆sssionID--------128bb266-d2a3-4446-b9da-ed244f52b0c4
2017-09-20 16:06:42,910 [34] DEBUG LISTServer - 登录游戏----------2017/9/20 16:06:42
2017-09-20 16:06:43,389 [19] DEBUG LISTServer - 登录用户openid:ba9888ce2db1bd530ba845f3283b7b0a|昵称:测试用户ba9----------2017/9/20 16:06:43
2017-09-20 16:06:43,516 [34] DEBUG LISTServer - 登录用户openid:9697486827159f30f5cab73bbab97a1b56966c2a|昵称:9697486827159f30f5cab73bbab97a1b56966c2a----------2017/9/20 16:06:43
2017-09-20 16:06:44,172 [19] DEBUG LISTServer - 登录游戏成功,当前对象存在----------2017/9/20 16:06:44
2017-09-20 16:06:44,278 [34] DEBUG LISTServer - 登录游戏成功,当前对象存在----------2017/9/20 16:06:44
2017-09-20 16:09:46,219 [34] DEBUG LISTServer - 登陆sssionID--------a7e5fe85-0dd7-4264-a565-033e363f06f9
2017-09-20 16:09:46,219 [34] DEBUG LISTServer - 登录游戏----------2017/9/20 16:09:46
2017-09-20 16:11:27,306 [10] DEBUG LISTServer - 登陆sssionID--------4d602b26-dd39-451f-9506-51d258da0877
2017-09-20 16:11:27,306 [10] DEBUG LISTServer - 登录游戏----------2017/9/20 16:11:27
2017-09-20 16:12:10,170 [19] DEBUG LISTServer - 登陆sssionID--------04d8bb3b-347b-435b-b6e2-7994b260a6b7
2017-09-20 16:12:10,171 [19] DEBUG LISTServer - 登录游戏----------2017/9/20 16:12:10
2017-09-20 16:12:10,582 [19] DEBUG LISTServer - 登录用户openid:ba9888ce2db1bd530ba845f3283b7b0a|昵称:ba9888ce2db1bd530ba845f3283b7b0a----------2017/9/20 16:12:10
2017-09-20 16:12:11,342 [19] DEBUG LISTServer - 登录游戏成功----------2017/9/20 16:12:11
2017-09-20 16:14:14,698 [10] DEBUG LISTServer - 登陆sssionID--------a9dd2c2a-8a9c-41d5-851e-365c4ae196b7
2017-09-20 16:14:14,698 [10] DEBUG LISTServer - 登录游戏----------2017/9/20 16:14:14
2017-09-20 16:14:15,060 [10] DEBUG LISTServer - 登录用户openid:ef2110d6b36f7eca009a60551ab3db1f|昵称:ef2110d6b36f7eca009a60551ab3db1f----------2017/9/20 16:14:15
2017-09-20 16:14:15,896 [10] DEBUG LISTServer - 登录游戏成功,当前对象存在----------2017/9/20 16:14:15
2017-09-20 16:28:59,548 [34] DEBUG LISTServer - 登陆sssionID--------1baee292-522d-46b8-baee-8533f26206f5
2017-09-20 16:28:59,548 [34] DEBUG LISTServer - 登录游戏----------2017/9/20 16:28:59
2017-09-20 16:29:00,013 [34] DEBUG LISTServer - 登录用户openid:9697486827159f30f5cab73bbab97a1b56966c2a|昵称:9697486827159f30f5cab73bbab97a1b56966c2a----------2017/9/20 16:29:00
2017-09-20 16:29:00,587 [19] DEBUG LISTServer - 登陆sssionID--------31dbe29e-78c8-40cf-b757-d12856e9d79d
2017-09-20 16:29:00,587 [19] DEBUG LISTServer - 登录游戏----------2017/9/20 16:29:00
2017-09-20 16:29:00,641 [19] DEBUG LISTServer - 登录用户openid:ef2110d6b36f7eca009a60551ab3db1f|昵称:ef2110d6b36f7eca009a60551ab3db1f----------2017/9/20 16:29:00
2017-09-20 16:29:00,724 [34] DEBUG LISTServer - 登录游戏成功,当前对象存在----------2017/9/20 16:29:00
2017-09-20 16:29:01,477 [19] DEBUG LISTServer - 登录游戏成功,当前对象存在----------2017/9/20 16:29:01
2017-09-20 16:42:50,213 [10] DEBUG LISTServer - 登陆sssionID--------5007cb92-5dd0-434c-9133-c18fc6aa9507
2017-09-20 16:42:50,213 [10] DEBUG LISTServer - 登录游戏----------2017/9/20 16:42:50
2017-09-20 16:42:55,009 [10] DEBUG LISTServer - 登录用户openid:9697486827159f30f5cab73bbab97a1b56966c2a|昵称:9697486827159f30f5cab73bbab97a1b56966c2a----------2017/9/20 16:42:55
2017-09-20 16:42:56,187 [10] DEBUG LISTServer - 登录游戏成功,当前对象存在----------2017/9/20 16:42:56
2017-09-20 16:48:16,994 [34] DEBUG LISTServer - 登陆sssionID--------1d3c506a-c39b-4c95-95c1-605caa909625
2017-09-20 16:48:16,994 [34] DEBUG LISTServer - 登录游戏----------2017/9/20 16:48:16
2017-09-20 16:48:17,449 [34] DEBUG LISTServer - 登录用户openid:ef2110d6b36f7eca009a60551ab3db1f|昵称:ef2110d6b36f7eca009a60551ab3db1f----------2017/9/20 16:48:17
2017-09-20 16:48:18,308 [34] DEBUG LISTServer - 登录游戏成功,当前对象存在----------2017/9/20 16:48:18
2017-09-20 16:52:31,550 [19] DEBUG LISTServer - 登陆sssionID--------c76fcb9f-e561-4390-97d8-7ec0b9c33546
2017-09-20 16:52:31,550 [19] DEBUG LISTServer - 登录游戏----------2017/9/20 16:52:31
2017-09-20 16:52:31,966 [19] DEBUG LISTServer - 登录用户openid:ba9888ce2db1bd530ba845f3283b7b0a|昵称:ba9888ce2db1bd530ba845f3283b7b0a----------2017/9/20 16:52:31
2017-09-20 16:52:32,767 [19] DEBUG LISTServer - 登录游戏成功,当前对象存在----------2017/9/20 16:52:32
2017-09-20 16:52:42,203 [19] DEBUG LISTServer - 登陆sssionID--------e205d5da-a81f-4106-b60d-5a9ea1957e95
2017-09-20 16:52:42,204 [19] DEBUG LISTServer - 登录游戏----------2017/9/20 16:52:42
2017-09-20 16:52:42,356 [19] DEBUG LISTServer - 登录用户openid:9697486827159f30f5cab73bbab97a1b56966c2a|昵称:9697486827159f30f5cab73bbab97a1b56966c2a----------2017/9/20 16:52:42
2017-09-20 16:52:42,914 [19] DEBUG LISTServer - 登录游戏成功,当前对象存在----------2017/9/20 16:52:42
2017-09-20 17:14:12,812 [65] DEBUG LISTServer - 登陆sssionID--------28f3740a-241e-4b32-af4e-98d5233ddb8d
2017-09-20 17:14:12,812 [65] DEBUG LISTServer - 登录游戏----------2017/9/20 17:14:12
2017-09-20 17:14:13,182 [65] DEBUG LISTServer - 登录用户openid:ef2110d6b36f7eca009a60551ab3db1f|昵称:ef2110d6b36f7eca009a60551ab3db1f----------2017/9/20 17:14:13
2017-09-20 17:14:14,481 [65] DEBUG LISTServer - 登录游戏成功,当前对象存在----------2017/9/20 17:14:14
2017-09-20 17:15:17,473 [65] DEBUG LISTServer - 登陆sssionID--------eba9c74e-b07c-4453-b9d3-9d350e4f42ff
2017-09-20 17:15:17,474 [65] DEBUG LISTServer - 登录游戏----------2017/9/20 17:15:17
2017-09-20 17:15:17,823 [65] DEBUG LISTServer - 登录用户openid:ba9888ce2db1bd530ba845f3283b7b0a|昵称:ba9888ce2db1bd530ba845f3283b7b0a----------2017/9/20 17:15:17
2017-09-20 17:15:18,480 [65] DEBUG LISTServer - 登录游戏成功,当前对象存在----------2017/9/20 17:15:18
2017-09-20 17:18:03,076 [34] DEBUG LISTServer - 登陆sssionID--------c6a75b6b-ad43-449b-9b83-2f856c460302
2017-09-20 17:18:03,076 [34] DEBUG LISTServer - 登录游戏----------2017/9/20 17:18:03
2017-09-20 17:20:12,681 [34] DEBUG LISTServer - 登陆sssionID--------570a5312-cc51-4f4e-84c0-89908f44d665
2017-09-20 17:20:12,681 [34] DEBUG LISTServer - 登录游戏----------2017/9/20 17:20:12
2017-09-20 17:20:13,189 [34] DEBUG LISTServer - 登录用户openid:9697486827159f30f5cab73bbab97a1b56966c2a|昵称:9697486827159f30f5cab73bbab97a1b56966c2a----------2017/9/20 17:20:13
2017-09-20 17:20:13,343 [34] DEBUG LISTServer - 登录游戏失败,当前对象存在----------2017/9/20 17:20:13
2017-09-20 17:20:13,343 [34] DEBUG LISTServer - sssionID--------570a5312-cc51-4f4e-84c0-89908f44d665
2017-09-20 17:20:55,054 [10] DEBUG LISTServer - 登陆sssionID--------01000beb-057e-434a-b7af-2b82550f907d
2017-09-20 17:20:55,054 [10] DEBUG LISTServer - 登录游戏----------2017/9/20 17:20:55
2017-09-20 17:20:55,127 [10] DEBUG LISTServer - 登录用户openid:9697486827159f30f5cab73bbab97a1b56966c2a|昵称:9697486827159f30f5cab73bbab97a1b56966c2a----------2017/9/20 17:20:55
2017-09-20 17:20:55,303 [10] DEBUG LISTServer - 登录游戏失败,当前对象存在----------2017/9/20 17:20:55
2017-09-20 17:20:55,303 [10] DEBUG LISTServer - sssionID--------01000beb-057e-434a-b7af-2b82550f907d
2017-09-20 17:21:19,416 [65] DEBUG LISTServer - 登陆sssionID--------ad10d0ef-88ac-49cb-a58c-f1ca25285e7d
2017-09-20 17:21:19,416 [65] DEBUG LISTServer - 登录游戏----------2017/9/20 17:21:19
2017-09-20 17:21:19,508 [65] DEBUG LISTServer - 登录用户openid:9697486827159f30f5cab73bbab97a1b56966c2a|昵称:9697486827159f30f5cab73bbab97a1b56966c2a----------2017/9/20 17:21:19
2017-09-20 17:21:19,635 [65] DEBUG LISTServer - 登录游戏失败,当前对象存在----------2017/9/20 17:21:19
2017-09-20 17:21:19,635 [65] DEBUG LISTServer - sssionID--------ad10d0ef-88ac-49cb-a58c-f1ca25285e7d
2017-09-20 17:22:21,235 [34] DEBUG LISTServer - 登陆sssionID--------1c1e6dd9-5f41-49ed-8845-9578c283a0d0
2017-09-20 17:22:21,235 [34] DEBUG LISTServer - 登录游戏----------2017/9/20 17:22:21
2017-09-20 17:22:21,642 [34] DEBUG LISTServer - 登录用户openid:9697486827159f30f5cab73bbab97a1b56966c2a|昵称:9697486827159f30f5cab73bbab97a1b56966c2a----------2017/9/20 17:22:21
2017-09-20 17:22:21,790 [34] DEBUG LISTServer - 登录游戏失败,当前对象存在----------2017/9/20 17:22:21
2017-09-20 17:22:21,790 [34] DEBUG LISTServer - sssionID--------1c1e6dd9-5f41-49ed-8845-9578c283a0d0
2017-09-20 17:24:07,599 [65] DEBUG LISTServer - 登陆sssionID--------ed67e942-a71b-4ab2-a0a6-de13035d6593
2017-09-20 17:24:07,599 [65] DEBUG LISTServer - 登录游戏----------2017/9/20 17:24:07
2017-09-20 17:24:08,073 [65] DEBUG LISTServer - 登录用户openid:9697486827159f30f5cab73bbab97a1b56966c2a|昵称:9697486827159f30f5cab73bbab97a1b56966c2a----------2017/9/20 17:24:08
2017-09-20 17:24:08,308 [65] DEBUG LISTServer - 登录游戏失败,当前对象存在----------2017/9/20 17:24:08
2017-09-20 17:24:08,308 [65] DEBUG LISTServer - sssionID--------ed67e942-a71b-4ab2-a0a6-de13035d6593
2017-09-20 17:25:51,855 [19] DEBUG LISTServer - 登陆sssionID--------5739c711-18a7-424a-a597-869f4b4a60a2
2017-09-20 17:25:51,855 [19] DEBUG LISTServer - 登录游戏----------2017/9/20 17:25:51
2017-09-20 17:25:52,378 [19] DEBUG LISTServer - 登录用户openid:09697486827159f30f5cab73bbab97a1b56966c2a|昵称:09697486827159f30f5cab73bbab97a1b56966c2a----------2017/9/20 17:25:52
2017-09-20 17:25:53,258 [19] DEBUG LISTServer - 登录游戏成功----------2017/9/20 17:25:53
2017-09-20 17:47:18,385 [34] DEBUG LISTServer - 登陆sssionID--------4eea7774-2d23-4a4b-a09d-b2fdb449d34f
2017-09-20 17:47:18,385 [34] DEBUG LISTServer - 登录游戏----------2017/9/20 17:47:18
2017-09-20 17:47:18,709 [34] DEBUG LISTServer - 登录用户openid:09697486827159f30f5cab73bbab97a1b56966c2a|昵称:09697486827159f30f5cab73bbab97a1b56966c2a----------2017/9/20 17:47:18
2017-09-20 17:47:19,766 [34] DEBUG LISTServer - 登录游戏成功,当前对象存在----------2017/9/20 17:47:19
2017-09-20 17:53:45,038 [65] DEBUG LISTServer - 登陆sssionID--------796f19f6-5248-40eb-978c-e38b8d99ac01
2017-09-20 17:53:45,038 [65] DEBUG LISTServer - 登录游戏----------2017/9/20 17:53:45
2017-09-20 17:53:45,648 [65] DEBUG LISTServer - 登录用户openid:09697486827159f30f5cab73bbab97a1b56966c2a|昵称:09697486827159f30f5cab73bbab97a1b56966c2a----------2017/9/20 17:53:45
2017-09-20 17:53:46,645 [65] DEBUG LISTServer - 登录游戏成功,当前对象存在----------2017/9/20 17:53:46
2017-09-20 17:56:16,985 [34] DEBUG LISTServer - 登陆sssionID--------e5e69855-6af7-4f1e-ba6b-752769b1c125
2017-09-20 17:56:16,985 [34] DEBUG LISTServer - 登录游戏----------2017/9/20 17:56:16
2017-09-20 17:56:17,578 [34] DEBUG LISTServer - 登录用户openid:09697486827159f30f5cab73bbab97a1b56966c2a|昵称:09697486827159f30f5cab73bbab97a1b56966c2a----------2017/9/20 17:56:17
2017-09-20 17:56:18,463 [34] DEBUG LISTServer - 登录游戏成功,当前对象存在----------2017/9/20 17:56:18
2017-09-20 17:58:31,851 [10] DEBUG LISTServer - 登陆sssionID--------43361c8f-3ec1-438e-9f99-626c946b5a07
2017-09-20 17:58:31,851 [10] DEBUG LISTServer - 登录游戏----------2017/9/20 17:58:31
2017-09-20 17:58:32,247 [10] DEBUG LISTServer - 登录用户openid:09697486827159f30f5cab73bbab97a1b56966c2a|昵称:09697486827159f30f5cab73bbab97a1b56966c2a----------2017/9/20 17:58:32
2017-09-20 17:58:32,887 [10] DEBUG LISTServer - 登录游戏成功,当前对象存在----------2017/9/20 17:58:32
2017-09-20 18:10:29,769 [34] DEBUG LISTServer - 登陆sssionID--------9c17949e-185e-4bf8-95ff-ff9e80c0cd33
2017-09-20 18:10:29,769 [34] DEBUG LISTServer - 登录游戏----------2017/9/20 18:10:29
2017-09-20 18:10:30,303 [34] DEBUG LISTServer - 登录用户openid:09697486827159f30f5cab73bbab97a1b56966c2a|昵称:09697486827159f30f5cab73bbab97a1b56966c2a----------2017/9/20 18:10:30
2017-09-20 18:10:30,961 [34] DEBUG LISTServer - 登录游戏成功,当前对象存在----------2017/9/20 18:10:30
2017-09-20 18:12:00,264 [65] DEBUG LISTServer - 登陆sssionID--------e37408b8-548b-439a-bb4a-d78b96d174e5
2017-09-20 18:12:00,264 [65] DEBUG LISTServer - 登录游戏----------2017/9/20 18:12:00
2017-09-20 18:12:00,474 [65] DEBUG LISTServer - 登录用户openid:ef2110d6b36f7eca009a60551ab3db1f|昵称:ef2110d6b36f7eca009a60551ab3db1f----------2017/9/20 18:12:00
2017-09-20 18:12:01,212 [65] DEBUG LISTServer - 登录游戏成功,当前对象存在----------2017/9/20 18:12:01
2017-09-20 18:15:52,215 [19] DEBUG LISTServer - 登陆sssionID--------c2c6e3f6-a001-4ebc-a86a-ee26b2fb69c6
2017-09-20 18:15:52,215 [19] DEBUG LISTServer - 登录游戏----------2017/9/20 18:15:52
2017-09-20 18:15:52,585 [19] DEBUG LISTServer - 登录用户openid:09697486827159f30f5cab73bbab97a1b56966c2a|昵称:09697486827159f30f5cab73bbab97a1b56966c2a----------2017/9/20 18:15:52
2017-09-20 18:15:53,260 [19] DEBUG LISTServer - 登录游戏成功,当前对象存在----------2017/9/20 18:15:53
2017-09-20 18:20:01,005 [65] DEBUG LISTServer - 登陆sssionID--------3ca5f41e-7de6-4570-b2a4-5958ad4cd8e3
2017-09-20 18:20:01,005 [65] DEBUG LISTServer - 登录游戏----------2017/9/20 18:20:01
2017-09-20 18:20:01,339 [65] DEBUG LISTServer - 登录用户openid:09697486827159f30f5cab73bbab97a1b56966c2a|昵称:09697486827159f30f5cab73bbab97a1b56966c2a----------2017/9/20 18:20:01
2017-09-20 18:20:02,071 [65] DEBUG LISTServer - 登录游戏成功,当前对象存在----------2017/9/20 18:20:02
2017-09-20 18:23:07,467 [10] DEBUG LISTServer - 登陆sssionID--------7abab66f-4938-4907-85a5-6c8cbf5beac2
2017-09-20 18:23:07,467 [10] DEBUG LISTServer - 登录游戏----------2017/9/20 18:23:07
2017-09-20 18:23:07,914 [10] DEBUG LISTServer - 登录用户openid:ef2110d6b36f7eca009a60551ab3db1f|昵称:ef2110d6b36f7eca009a60551ab3db1f----------2017/9/20 18:23:07
2017-09-20 18:23:08,774 [10] DEBUG LISTServer - 登录游戏成功,当前对象存在----------2017/9/20 18:23:08
2017-09-20 18:25:06,233 [19] DEBUG LISTServer - 登陆sssionID--------71ee98ee-b6fa-48c4-a7b9-34bdb9c9eb4d
2017-09-20 18:25:06,233 [19] DEBUG LISTServer - 登录游戏----------2017/9/20 18:25:06
2017-09-20 18:25:06,897 [19] DEBUG LISTServer - 登录用户openid:09697486827159f30f5cab73bbab97a1b56966c2a|昵称:09697486827159f30f5cab73bbab97a1b56966c2a----------2017/9/20 18:25:06
2017-09-20 18:25:08,083 [19] DEBUG LISTServer - 登录游戏成功,当前对象存在----------2017/9/20 18:25:08
2017-09-20 18:26:02,912 [65] DEBUG LISTServer - 登陆sssionID--------0373bcbe-f99d-4de3-8046-aff18721b0d4
2017-09-20 18:26:02,912 [65] DEBUG LISTServer - 登录游戏----------2017/9/20 18:26:02
2017-09-20 18:26:03,070 [65] DEBUG LISTServer - 登录用户openid:09697486827159f30f5cab73bbab97a1b56966c2a|昵称:09697486827159f30f5cab73bbab97a1b56966c2a----------2017/9/20 18:26:03
2017-09-20 18:26:04,034 [65] DEBUG LISTServer - 登录游戏成功,当前对象存在----------2017/9/20 18:26:04
2017-09-20 18:26:41,517 [19] DEBUG LISTServer - 登陆sssionID--------e871462a-7a25-4fbe-877f-0430972619a0
2017-09-20 18:26:41,517 [19] DEBUG LISTServer - 登录游戏----------2017/9/20 18:26:41
2017-09-20 18:26:41,672 [19] DEBUG LISTServer - 登录用户openid:09697486827159f30f5cab73bbab97a1b56966c2a|昵称:09697486827159f30f5cab73bbab97a1b56966c2a----------2017/9/20 18:26:41
2017-09-20 18:26:42,303 [19] DEBUG LISTServer - 登录游戏成功,当前对象存在----------2017/9/20 18:26:42
2017-09-20 18:29:45,707 [34] DEBUG LISTServer - 登陆sssionID--------e3443ce9-47ca-47e1-8cb4-4aac66945f83
2017-09-20 18:29:45,707 [34] DEBUG LISTServer - 登录游戏----------2017/9/20 18:29:45
2017-09-20 18:29:46,293 [34] DEBUG LISTServer - 登录用户openid:09697486827159f30f5cab73bbab97a1b56966c2a|昵称:09697486827159f30f5cab73bbab97a1b56966c2a----------2017/9/20 18:29:46
2017-09-20 18:29:46,922 [34] DEBUG LISTServer - 登录游戏成功,当前对象存在----------2017/9/20 18:29:46
2017-09-20 18:32:10,258 [34] DEBUG LISTServer - 登陆sssionID--------8d958a98-ffac-4251-afd2-9f306ed0b479
2017-09-20 18:32:10,258 [34] DEBUG LISTServer - 登录游戏----------2017/9/20 18:32:10
2017-09-20 18:32:10,681 [34] DEBUG LISTServer - 登录用户openid:09697486827159f30f5cab73bbab97a1b56966c2a|昵称:09697486827159f30f5cab73bbab97a1b56966c2a----------2017/9/20 18:32:10
2017-09-20 18:32:11,517 [34] DEBUG LISTServer - 登录游戏成功,当前对象存在----------2017/9/20 18:32:11
2017-09-20 18:33:08,165 [34] DEBUG LISTServer - 登陆sssionID--------f447b728-0046-464e-bc67-320f7b68aa95
2017-09-20 18:33:08,165 [34] DEBUG LISTServer - 登录游戏----------2017/9/20 18:33:08
2017-09-20 18:33:12,459 [34] DEBUG LISTServer - 登录用户openid:09697486827159f30f5cab73bbab97a1b56966c2a|昵称:09697486827159f30f5cab73bbab97a1b56966c2a----------2017/9/20 18:33:12
2017-09-20 18:33:13,231 [34] DEBUG LISTServer - 登录游戏成功,当前对象存在----------2017/9/20 18:33:13
2017-09-20 18:36:31,003 [10] DEBUG LISTServer - 登陆sssionID--------33cb1538-0866-4a22-9119-e7d31db4a28b
2017-09-20 18:36:31,003 [10] DEBUG LISTServer - 登录游戏----------2017/9/20 18:36:31
2017-09-20 18:36:31,318 [10] DEBUG LISTServer - 登录用户openid:09697486827159f30f5cab73bbab97a1b56966c2a|昵称:09697486827159f30f5cab73bbab97a1b56966c2a----------2017/9/20 18:36:31
2017-09-20 18:36:32,029 [10] DEBUG LISTServer - 登录游戏成功,当前对象存在----------2017/9/20 18:36:32
2017-09-20 18:37:04,250 [10] DEBUG LISTServer - 登陆sssionID--------fc412f4f-2619-443a-93e9-46d2babe40cb
2017-09-20 18:37:04,250 [10] DEBUG LISTServer - 登录游戏----------2017/9/20 18:37:04
2017-09-20 18:37:04,312 [10] DEBUG LISTServer - 登录用户openid:09697486827159f30f5cab73bbab97a1b56966c2a|昵称:09697486827159f30f5cab73bbab97a1b56966c2a----------2017/9/20 18:37:04
2017-09-20 18:37:04,904 [10] DEBUG LISTServer - 登录游戏成功,当前对象存在----------2017/9/20 18:37:04
2017-09-20 18:38:41,647 [10] DEBUG LISTServer - 登陆sssionID--------236e0822-6f97-4568-8072-201b1a618ccf
2017-09-20 18:38:41,648 [10] DEBUG LISTServer - 登录游戏----------2017/9/20 18:38:41
2017-09-20 18:38:42,053 [10] DEBUG LISTServer - 登录用户openid:09697486827159f30f5cab73bbab97a1b56966c2a|昵称:09697486827159f30f5cab73bbab97a1b56966c2a----------2017/9/20 18:38:42
2017-09-20 18:38:42,604 [10] DEBUG LISTServer - 登录游戏成功,当前对象存在----------2017/9/20 18:38:42
2017-09-20 18:40:34,683 [10] DEBUG LISTServer - 登陆sssionID--------c2603e66-4760-4d54-b1f9-1eb46225c236
2017-09-20 18:40:34,683 [10] DEBUG LISTServer - 登录游戏----------2017/9/20 18:40:34
2017-09-20 18:40:35,098 [10] DEBUG LISTServer - 登录用户openid:09697486827159f30f5cab73bbab97a1b56966c2a|昵称:09697486827159f30f5cab73bbab97a1b56966c2a----------2017/9/20 18:40:35
2017-09-20 18:40:35,884 [10] DEBUG LISTServer - 登录游戏成功,当前对象存在----------2017/9/20 18:40:35
2017-09-20 18:41:37,519 [19] DEBUG LISTServer - 登陆sssionID--------6d7ac41b-3d5b-4e0f-8e4d-509fe198f637
2017-09-20 18:41:37,519 [19] DEBUG LISTServer - 登录游戏----------2017/9/20 18:41:37
2017-09-20 18:41:37,702 [19] DEBUG LISTServer - 登录用户openid:09697486827159f30f5cab73bbab97a1b56966c2a|昵称:09697486827159f30f5cab73bbab97a1b56966c2a----------2017/9/20 18:41:37
2017-09-20 18:41:38,524 [19] DEBUG LISTServer - 登录游戏成功,当前对象存在----------2017/9/20 18:41:38
2017-09-20 18:46:09,510 [19] DEBUG LISTServer - 登陆sssionID--------e1e5e698-31f4-4499-b32f-ab3aaf982639
2017-09-20 18:46:09,510 [19] DEBUG LISTServer - 登录游戏----------2017/9/20 18:46:09
2017-09-20 18:46:09,860 [19] DEBUG LISTServer - 登录用户openid:09697486827159f30f5cab73bbab97a1b56966c2a|昵称:09697486827159f30f5cab73bbab97a1b56966c2a----------2017/9/20 18:46:09
2017-09-20 18:46:10,457 [19] DEBUG LISTServer - 登录游戏成功,当前对象存在----------2017/9/20 18:46:10
2017-09-20 19:04:36,389 [9] DEBUG LISTServer - 登陆sssionID--------178fa0d4-c246-4b4e-9367-d5013bdb2311
2017-09-20 19:04:36,389 [9] DEBUG LISTServer - 登录游戏----------2017/9/20 19:04:36
2017-09-20 19:04:37,060 [9] DEBUG LISTServer - 登录用户openid:09697486827159f30f5cab73bbab97a1b56966c2a|昵称:09697486827159f30f5cab73bbab97a1b56966c2a----------2017/9/20 19:04:37
2017-09-20 19:04:38,103 [9] DEBUG LISTServer - 登录游戏成功,当前对象存在----------2017/9/20 19:04:38
2017-09-20 19:10:21,978 [9] DEBUG LISTServer - 登陆sssionID--------c541f5d7-1764-45c5-8e22-45d03e2d2740
2017-09-20 19:10:21,978 [9] DEBUG LISTServer - 登录游戏----------2017/9/20 19:10:21
2017-09-20 19:10:22,475 [9] DEBUG LISTServer - 登录用户openid:09697486827159f30f5cab73bbab97a1b56966c2a|昵称:09697486827159f30f5cab73bbab97a1b56966c2a----------2017/9/20 19:10:22
2017-09-20 19:10:23,396 [9] DEBUG LISTServer - 登录游戏成功,当前对象存在----------2017/9/20 19:10:23
2017-09-20 19:13:24,270 [19] DEBUG LISTServer - 登陆sssionID--------89c40080-04e8-436c-83a5-7b62ab202517
2017-09-20 19:13:24,270 [19] DEBUG LISTServer - 登录游戏----------2017/9/20 19:13:24
2017-09-20 19:13:24,687 [19] DEBUG LISTServer - 登录用户openid:ef2110d6b36f7eca009a60551ab3db1f|昵称:ef2110d6b36f7eca009a60551ab3db1f----------2017/9/20 19:13:24
2017-09-20 19:13:25,384 [19] DEBUG LISTServer - 登录游戏成功,当前对象存在----------2017/9/20 19:13:25
2017-09-20 19:16:21,457 [34] DEBUG LISTServer - 登陆sssionID--------6623d133-1063-405d-b2fc-89addec75bc4
2017-09-20 19:16:21,457 [34] DEBUG LISTServer - 登录游戏----------2017/9/20 19:16:21
2017-09-20 19:16:21,857 [34] DEBUG LISTServer - 登录用户openid:09697486827159f30f5cab73bbab97a1b56966c2a|昵称:09697486827159f30f5cab73bbab97a1b56966c2a----------2017/9/20 19:16:21
2017-09-20 19:16:22,527 [34] DEBUG LISTServer - 登录游戏成功,当前对象存在----------2017/9/20 19:16:22
2017-09-20 19:20:05,403 [19] DEBUG LISTServer - 登陆sssionID--------64ac4f92-c525-44be-997e-3d1358aeb532
2017-09-20 19:20:05,403 [19] DEBUG LISTServer - 登录游戏----------2017/9/20 19:20:05
2017-09-20 19:20:05,845 [19] DEBUG LISTServer - 登录用户openid:09697486827159f30f5cab73bbab97a1b56966c2a|昵称:09697486827159f30f5cab73bbab97a1b56966c2a----------2017/9/20 19:20:05
2017-09-20 19:20:06,598 [19] DEBUG LISTServer - 登录游戏成功,当前对象存在----------2017/9/20 19:20:06
2017-09-20 19:21:09,858 [34] DEBUG LISTServer - 登陆sssionID--------212a763c-c368-4acd-ab4e-ee0c6cf31e2b
2017-09-20 19:21:09,858 [34] DEBUG LISTServer - 登录游戏----------2017/9/20 19:21:09
2017-09-20 19:21:10,161 [34] DEBUG LISTServer - 登录用户openid:09697486827159f30f5cab73bbab97a1b56966c2a|昵称:09697486827159f30f5cab73bbab97a1b56966c2a----------2017/9/20 19:21:10
2017-09-20 19:21:10,873 [34] DEBUG LISTServer - 登录游戏成功,当前对象存在----------2017/9/20 19:21:10
2017-09-20 19:22:21,722 [9] DEBUG LISTServer - 登陆sssionID--------190421a9-03db-439e-a703-b8229ff4a5da
2017-09-20 19:22:21,722 [9] DEBUG LISTServer - 登录游戏----------2017/9/20 19:22:21
2017-09-20 19:22:22,083 [9] DEBUG LISTServer - 登录用户openid:09697486827159f30f5cab73bbab97a1b56966c2a|昵称:09697486827159f30f5cab73bbab97a1b56966c2a----------2017/9/20 19:22:22
2017-09-20 19:22:22,761 [9] DEBUG LISTServer - 登录游戏成功,当前对象存在----------2017/9/20 19:22:22
