2017-10-27 11:01:32,405 [1] DEBUG DefaultBootstrap - The server instance LISTServer has been created!
2017-10-27 11:01:32,504 [1] DEBUG LISTServer - The command 19005(ListBLL.Logic.Feedback) has been discovered
2017-10-27 11:01:32,504 [1] DEBUG LISTServer - The command 11020(ListBLL.Logic.GameOperation) has been discovered
2017-10-27 11:01:32,504 [1] DEBUG LISTServer - The command 10001(ListBLL.Logic.Heartbeat) has been discovered
2017-10-27 11:01:32,504 [1] DEBUG LISTServer - The command 11001(ListBLL.Logic.Login) has been discovered
2017-10-27 11:01:32,504 [1] DEBUG LISTServer - The command 19003(ListBLL.Logic.UserGamePlaybackLogic) has been discovered
2017-10-27 11:01:32,504 [1] DEBUG LISTServer - The command 19001(ListBLL.Logic.UserRecordLogic) has been discovered
2017-10-27 11:01:32,522 [1] DEBUG DefaultBootstrap - The server instance LISTServer has been initialized!
2017-10-27 11:01:33,989 [1] DEBUG DefaultBootstrap - The PerformanceMonitor has been initialized!
2017-10-27 11:01:33,989 [1] DEBUG DefaultBootstrap - The Bootstrap has been initialized!
2017-10-27 11:01:34,005 [1] DEBUG LISTServer - Listener (0.0.0.0:2018) was started
2017-10-27 11:01:34,005 [1] DEBUG DefaultBootstrap - The PerformanceMonitor has been started!
2017-10-27 11:01:37,777 [12] DEBUG LISTServer - 登陆sssionID--------da6b5fe0-fa8e-4ed7-9749-c46c31af066c
2017-10-27 11:01:37,777 [12] DEBUG LISTServer - 登录游戏----------2017/10/27 11:01:37
2017-10-27 11:01:38,355 [12] DEBUG LISTServer - 登录用户openid:9697486827159f30f5cab73bbab97a1b56966c2a|昵称:测试用户969----------2017/10/27 11:01:38
2017-10-27 11:01:39,189 [12] DEBUG LISTServer - 登录游戏成功----------2017/10/27 11:01:39
2017-10-27 11:34:31,162 [1] DEBUG DefaultBootstrap - The server instance LISTServer has been created!
2017-10-27 11:34:31,255 [1] DEBUG LISTServer - The command 19005(ListBLL.Logic.Feedback) has been discovered
2017-10-27 11:34:31,255 [1] DEBUG LISTServer - The command 11020(ListBLL.Logic.GameOperation) has been discovered
2017-10-27 11:34:31,255 [1] DEBUG LISTServer - The command 10001(ListBLL.Logic.Heartbeat) has been discovered
2017-10-27 11:34:31,255 [1] DEBUG LISTServer - The command 11001(ListBLL.Logic.Login) has been discovered
2017-10-27 11:34:31,255 [1] DEBUG LISTServer - The command 19003(ListBLL.Logic.UserGamePlaybackLogic) has been discovered
2017-10-27 11:34:31,255 [1] DEBUG LISTServer - The command 19001(ListBLL.Logic.UserRecordLogic) has been discovered
2017-10-27 11:34:31,271 [1] DEBUG DefaultBootstrap - The server instance LISTServer has been initialized!
2017-10-27 11:34:32,200 [1] DEBUG DefaultBootstrap - The PerformanceMonitor has been initialized!
2017-10-27 11:34:32,200 [1] DEBUG DefaultBootstrap - The Bootstrap has been initialized!
2017-10-27 11:34:32,215 [1] DEBUG LISTServer - Listener (0.0.0.0:2018) was started
2017-10-27 11:34:32,215 [1] DEBUG DefaultBootstrap - The PerformanceMonitor has been started!
2017-10-27 11:38:48,226 [13] DEBUG LISTServer - 登陆sssionID--------99098f3d-a2e5-4b2f-8bb7-9f1473b7eca3
2017-10-27 11:38:48,226 [13] DEBUG LISTServer - 登录游戏----------2017/10/27 11:38:48
2017-10-27 11:38:48,705 [13] DEBUG LISTServer - 登录用户openid:9697486827159f30f5cab73bbab97a1b56966c2a|昵称:测试用户969----------2017/10/27 11:38:48
2017-10-27 11:38:49,517 [13] DEBUG LISTServer - 登录游戏成功----------2017/10/27 11:38:49
2017-10-27 11:38:49,517 [13] DEBUG LISTServer - 新登录用户openid:9697486827159f30f5cab73bbab97a1b56966c2a
2017-10-27 11:38:52,014 [14] DEBUG LISTServer - 登陆sssionID--------96f8dc03-1c56-41c7-941d-41b5bfb369f3
2017-10-27 11:38:52,014 [14] DEBUG LISTServer - 登录游戏----------2017/10/27 11:38:52
2017-10-27 11:38:52,092 [14] DEBUG LISTServer - 登录用户openid:2be4087248667baee875b4dd4e4e388e|昵称:测试用户2be----------2017/10/27 11:38:52
2017-10-27 11:38:52,613 [14] DEBUG LISTServer - 登录游戏成功----------2017/10/27 11:38:52
2017-10-27 11:38:52,613 [14] DEBUG LISTServer - 新登录用户openid:2be4087248667baee875b4dd4e4e388e
2017-10-27 11:39:27,408 [12] DEBUG LISTServer - 登陆sssionID--------73613e07-f1a6-4471-828f-1caba4f36864
2017-10-27 11:39:27,408 [12] DEBUG LISTServer - 登录游戏----------2017/10/27 11:39:27
2017-10-27 11:39:27,627 [12] DEBUG LISTServer - 登录用户openid:9697486827159f30f5cab73bbab97a1b56966c2a|昵称:测试用户969----------2017/10/27 11:39:27
2017-10-27 11:39:27,893 [12] DEBUG LISTServer - 登录游戏成功,当前对象存在----------2017/10/27 11:39:27
2017-10-27 11:40:12,941 [14] DEBUG LISTServer - 登陆sssionID--------b3ef2ab5-6b3e-4600-aec5-ff28550c4288
2017-10-27 11:40:13,759 [14] DEBUG LISTServer - 登录游戏----------2017/10/27 11:40:13
2017-10-27 11:40:20,108 [14] DEBUG LISTServer - 登录用户openid:9697486827159f30f5cab73bbab97a1b56966c2a|昵称:测试用户969----------2017/10/27 11:40:20
2017-10-27 11:40:26,485 [14] DEBUG LISTServer - 登录游戏成功,当前对象存在----------2017/10/27 11:40:26
2017-10-27 11:41:06,088 [34] DEBUG LISTServer - 登陆sssionID--------559cf348-be81-45bb-b56f-4b376c30e7d8
2017-10-27 11:41:06,088 [34] DEBUG LISTServer - 登录游戏----------2017/10/27 11:41:06
2017-10-27 11:41:10,077 [34] DEBUG LISTServer - 登录用户openid:9697486827159f30f5cab73bbab97a1b56966c2a|昵称:测试用户969----------2017/10/27 11:41:10
2017-10-27 11:41:14,739 [34] DEBUG LISTServer - 登录游戏成功,当前对象存在----------2017/10/27 11:41:14
2017-10-27 11:42:09,096 [1] DEBUG DefaultBootstrap - The server instance LISTServer has been created!
2017-10-27 11:42:09,182 [1] DEBUG LISTServer - The command 19005(ListBLL.Logic.Feedback) has been discovered
2017-10-27 11:42:09,182 [1] DEBUG LISTServer - The command 11020(ListBLL.Logic.GameOperation) has been discovered
2017-10-27 11:42:09,182 [1] DEBUG LISTServer - The command 10001(ListBLL.Logic.Heartbeat) has been discovered
2017-10-27 11:42:09,182 [1] DEBUG LISTServer - The command 11001(ListBLL.Logic.Login) has been discovered
2017-10-27 11:42:09,182 [1] DEBUG LISTServer - The command 19003(ListBLL.Logic.UserGamePlaybackLogic) has been discovered
2017-10-27 11:42:09,182 [1] DEBUG LISTServer - The command 19001(ListBLL.Logic.UserRecordLogic) has been discovered
2017-10-27 11:42:09,196 [1] DEBUG DefaultBootstrap - The server instance LISTServer has been initialized!
2017-10-27 11:42:10,114 [1] DEBUG DefaultBootstrap - The PerformanceMonitor has been initialized!
2017-10-27 11:42:10,114 [1] DEBUG DefaultBootstrap - The Bootstrap has been initialized!
2017-10-27 11:42:10,124 [1] DEBUG LISTServer - Listener (0.0.0.0:2018) was started
2017-10-27 11:42:10,127 [1] DEBUG DefaultBootstrap - The PerformanceMonitor has been started!
2017-10-27 11:42:32,792 [12] DEBUG LISTServer - 登陆sssionID--------8d1659d5-d832-409a-8dfd-fb26c55c9b22
2017-10-27 11:42:32,792 [12] DEBUG LISTServer - 登录游戏----------2017/10/27 11:42:32
2017-10-27 11:42:33,213 [12] DEBUG LISTServer - 登录用户openid:9697486827159f30f5cab73bbab97a1b56966c2a|昵称:测试用户969----------2017/10/27 11:42:33
2017-10-27 11:42:34,248 [12] DEBUG LISTServer - 登录游戏成功----------2017/10/27 11:42:34
2017-10-27 11:42:34,248 [12] DEBUG LISTServer - 新登录用户openid:9697486827159f30f5cab73bbab97a1b56966c2a
2017-10-27 11:42:36,702 [12] DEBUG LISTServer - 登陆sssionID--------0236b5b3-5efd-4b14-9c75-b6ca38f3f8ab
2017-10-27 11:42:36,702 [12] DEBUG LISTServer - 登录游戏----------2017/10/27 11:42:36
2017-10-27 11:42:36,740 [12] DEBUG LISTServer - 登录用户openid:2be4087248667baee875b4dd4e4e388e|昵称:测试用户2be----------2017/10/27 11:42:36
2017-10-27 11:42:37,292 [12] DEBUG LISTServer - 登录游戏成功----------2017/10/27 11:42:37
2017-10-27 11:42:37,292 [12] DEBUG LISTServer - 新登录用户openid:2be4087248667baee875b4dd4e4e388e
2017-10-27 11:46:41,422 [12] DEBUG LISTServer - 登陆sssionID--------d7bf1515-0b60-4293-9f47-eb6f11492078
2017-10-27 11:46:41,422 [12] DEBUG LISTServer - 登录游戏----------2017/10/27 11:46:41
2017-10-27 11:46:41,491 [12] DEBUG LISTServer - 登录用户openid:9697486827159f30f5cab73bbab97a1b56966c2a|昵称:测试用户969----------2017/10/27 11:46:41
2017-10-27 11:46:41,678 [12] DEBUG LISTServer - 登录游戏成功,当前对象存在----------2017/10/27 11:46:41
2017-10-27 11:46:42,102 [12] DEBUG LISTServer - 登录游戏成功,当前对象存在----------2017/10/27 11:46:42
2017-10-27 11:54:18,485 [26] DEBUG LISTServer - 登陆sssionID--------18046cc6-46cc-4874-9ddb-7777a9402dfc
2017-10-27 11:54:18,485 [26] DEBUG LISTServer - 登录游戏----------2017/10/27 11:54:18
2017-10-27 11:54:18,650 [26] DEBUG LISTServer - 登录用户openid:9697486827159f30f5cab73bbab97a1b56966c2a|昵称:测试用户969----------2017/10/27 11:54:18
2017-10-27 11:54:18,815 [26] DEBUG LISTServer - 登录游戏成功,当前对象存在----------2017/10/27 11:54:18
2017-10-27 11:54:19,195 [26] DEBUG LISTServer - 登录游戏成功,当前对象存在----------2017/10/27 11:54:19
2017-10-27 11:58:21,035 [14] DEBUG LISTServer - 登陆sssionID--------9a7d8829-09df-474b-baa5-aea866a16e07
2017-10-27 11:58:21,036 [14] DEBUG LISTServer - 登录游戏----------2017/10/27 11:58:21
2017-10-27 11:58:21,118 [14] DEBUG LISTServer - 登录用户openid:2be4087248667baee875b4dd4e4e388e|昵称:测试用户2be----------2017/10/27 11:58:21
2017-10-27 11:58:21,339 [14] DEBUG LISTServer - 登录游戏成功,当前对象存在----------2017/10/27 11:58:21
2017-10-27 11:58:21,804 [14] DEBUG LISTServer - 登录游戏成功,当前对象存在----------2017/10/27 11:58:21
2017-10-27 12:02:15,920 [12] DEBUG LISTServer - 登陆sssionID--------9a8cc402-72b3-4a5d-b510-4da7e75a67c3
2017-10-27 12:02:15,920 [12] DEBUG LISTServer - 登录游戏----------2017/10/27 12:02:15
2017-10-27 12:02:15,952 [12] DEBUG LISTServer - 登录用户openid:9697486827159f30f5cab73bbab97a1b56966c2a|昵称:测试用户969----------2017/10/27 12:02:15
2017-10-27 12:02:16,128 [12] DEBUG LISTServer - 登录游戏成功,当前对象存在----------2017/10/27 12:02:16
2017-10-27 12:02:16,476 [12] DEBUG LISTServer - 登录游戏成功,当前对象存在----------2017/10/27 12:02:16
2017-10-27 12:02:29,192 [26] DEBUG LISTServer - 登陆sssionID--------392b3989-cf1c-4c9b-89d8-f4ab1551ca64
2017-10-27 12:02:29,193 [26] DEBUG LISTServer - 登录游戏----------2017/10/27 12:02:29
2017-10-27 12:02:29,233 [26] DEBUG LISTServer - 登录用户openid:2be4087248667baee875b4dd4e4e388e|昵称:测试用户2be----------2017/10/27 12:02:29
2017-10-27 12:02:29,446 [26] DEBUG LISTServer - 登录游戏成功,当前对象存在----------2017/10/27 12:02:29
2017-10-27 12:02:29,841 [26] DEBUG LISTServer - 登录游戏成功,当前对象存在----------2017/10/27 12:02:29
2017-10-27 13:50:35,709 [14] DEBUG LISTServer - 登陆sssionID--------cca1143d-eb81-41d6-9277-e092396ff4d1
2017-10-27 13:50:35,709 [14] DEBUG LISTServer - 登录游戏----------2017/10/27 13:50:35
2017-10-27 13:50:35,894 [14] DEBUG LISTServer - 登录用户openid:2be4087248667baee875b4dd4e4e388e|昵称:测试用户2be----------2017/10/27 13:50:35
2017-10-27 13:50:36,064 [14] DEBUG LISTServer - 登录游戏成功,当前对象存在----------2017/10/27 13:50:36
2017-10-27 13:50:36,402 [14] DEBUG LISTServer - 登录游戏成功,当前对象存在----------2017/10/27 13:50:36
2017-10-27 13:57:07,200 [14] DEBUG LISTServer - 登陆sssionID--------7c2287c5-e418-4919-947b-042531da8bb1
2017-10-27 13:57:07,200 [14] DEBUG LISTServer - 登录游戏----------2017/10/27 13:57:07
2017-10-27 13:57:07,279 [14] DEBUG LISTServer - 登录用户openid:9697486827159f30f5cab73bbab97a1b56966c2a|昵称:测试用户969----------2017/10/27 13:57:07
2017-10-27 13:57:07,499 [14] DEBUG LISTServer - 登录游戏成功,当前对象存在----------2017/10/27 13:57:07
2017-10-27 13:57:07,885 [14] DEBUG LISTServer - 登录游戏成功,当前对象存在----------2017/10/27 13:57:07
2017-10-27 13:57:55,021 [12] DEBUG LISTServer - 登陆sssionID--------8cd0fce9-2ea9-4531-ac9b-23b6e14ee470
2017-10-27 13:57:55,021 [12] DEBUG LISTServer - 登录游戏----------2017/10/27 13:57:55
2017-10-27 13:57:55,097 [12] DEBUG LISTServer - 登录用户openid:9697486827159f30f5cab73bbab97a1b56966c2a|昵称:测试用户969----------2017/10/27 13:57:55
2017-10-27 13:57:55,298 [12] DEBUG LISTServer - 登录游戏成功,当前对象存在----------2017/10/27 13:57:55
2017-10-27 13:57:55,688 [12] DEBUG LISTServer - 登录游戏成功,当前对象存在----------2017/10/27 13:57:55
2017-10-27 13:58:19,965 [12] DEBUG LISTServer - 登陆sssionID--------6033cff9-4e48-40c4-b5c9-cb117ddf1167
2017-10-27 13:58:19,965 [12] DEBUG LISTServer - 登录游戏----------2017/10/27 13:58:19
2017-10-27 13:58:20,340 [12] DEBUG LISTServer - 登录用户openid:9697486827159f30f5cab73bbab97a1b56966c2a|昵称:测试用户969----------2017/10/27 13:58:20
2017-10-27 13:58:20,572 [12] DEBUG LISTServer - 登录游戏成功,当前对象存在----------2017/10/27 13:58:20
2017-10-27 13:58:20,932 [12] DEBUG LISTServer - 登录游戏成功,当前对象存在----------2017/10/27 13:58:20
2017-10-27 13:58:47,865 [12] DEBUG LISTServer - 登陆sssionID--------baf55a7e-bb83-421b-a2e3-a87ddddbcd65
2017-10-27 13:58:47,865 [12] DEBUG LISTServer - 登录游戏----------2017/10/27 13:58:47
2017-10-27 13:58:47,914 [12] DEBUG LISTServer - 登录用户openid:9697486827159f30f5cab73bbab97a1b56966c2a|昵称:测试用户969----------2017/10/27 13:58:47
2017-10-27 13:58:48,189 [12] DEBUG LISTServer - 登录游戏成功,当前对象存在----------2017/10/27 13:58:48
2017-10-27 13:58:48,626 [12] DEBUG LISTServer - 登录游戏成功,当前对象存在----------2017/10/27 13:58:48
2017-10-27 14:01:04,055 [14] DEBUG LISTServer - 登陆sssionID--------3eaac2b0-d733-437d-940c-c0e2c60abe91
2017-10-27 14:01:04,055 [14] DEBUG LISTServer - 登录游戏----------2017/10/27 14:01:04
2017-10-27 14:01:04,184 [14] DEBUG LISTServer - 登录用户openid:9697486827159f30f5cab73bbab97a1b56966c2a|昵称:测试用户969----------2017/10/27 14:01:04
2017-10-27 14:01:04,354 [14] DEBUG LISTServer - 登录游戏成功,当前对象存在----------2017/10/27 14:01:04
2017-10-27 14:01:04,716 [14] DEBUG LISTServer - 登录游戏成功,当前对象存在----------2017/10/27 14:01:04
2017-10-27 14:11:25,045 [7] DEBUG LISTServer - 登陆sssionID--------e02da6d5-48c5-424c-b89a-05306a132aa2
2017-10-27 14:11:25,045 [7] DEBUG LISTServer - 登录游戏----------2017/10/27 14:11:25
2017-10-27 14:11:25,167 [7] DEBUG LISTServer - 登录用户openid:9697486827159f30f5cab73bbab97a1b56966c2a|昵称:测试用户969----------2017/10/27 14:11:25
2017-10-27 14:11:25,363 [7] DEBUG LISTServer - 登录游戏成功,当前对象存在----------2017/10/27 14:11:25
2017-10-27 14:11:25,780 [7] DEBUG LISTServer - 登录游戏成功,当前对象存在----------2017/10/27 14:11:25
2017-10-27 14:14:18,273 [12] DEBUG LISTServer - 登陆sssionID--------4d47c569-1d4c-4836-a3db-b6dcfbbe0e5f
2017-10-27 14:14:18,273 [12] DEBUG LISTServer - 登录游戏----------2017/10/27 14:14:18
2017-10-27 14:14:19,130 [12] DEBUG LISTServer - 登录用户openid:9697486827159f30f5cab73bbab97a1b56966c2a|昵称:测试用户969----------2017/10/27 14:14:19
2017-10-27 14:14:19,701 [12] DEBUG LISTServer - 登录游戏成功,当前对象存在----------2017/10/27 14:14:19
2017-10-27 14:14:22,141 [12] DEBUG LISTServer - 登录游戏成功,当前对象存在----------2017/10/27 14:14:22
2017-10-27 14:41:43,136 [12] DEBUG LISTServer - 登陆sssionID--------46d96a1e-4d7e-4501-ab4e-03e8887060fa
2017-10-27 14:41:43,136 [12] DEBUG LISTServer - 登录游戏----------2017/10/27 14:41:43
2017-10-27 14:41:43,569 [12] DEBUG LISTServer - 登录用户openid:9697486827159f30f5cab73bbab97a1b56966c2a|昵称:测试用户969----------2017/10/27 14:41:43
2017-10-27 14:41:43,825 [12] DEBUG LISTServer - 登录游戏成功,当前对象存在----------2017/10/27 14:41:43
2017-10-27 14:41:44,559 [12] DEBUG LISTServer - 登录游戏成功,当前对象存在----------2017/10/27 14:41:44
2017-10-27 14:42:01,708 [14] DEBUG LISTServer - 登陆sssionID--------cffbde9b-bc0f-4c6b-9b18-355fcbf6be47
2017-10-27 14:42:01,708 [14] DEBUG LISTServer - 登录游戏----------2017/10/27 14:42:01
2017-10-27 14:42:01,852 [14] DEBUG LISTServer - 登录用户openid:9697486827159f30f5cab73bbab97a1b56966c2a|昵称:测试用户969----------2017/10/27 14:42:01
2017-10-27 14:42:02,517 [14] DEBUG LISTServer - 登录游戏成功,当前对象存在----------2017/10/27 14:42:02
2017-10-27 14:42:03,543 [14] DEBUG LISTServer - 登录游戏成功,当前对象存在----------2017/10/27 14:42:03
