2017-10-12 09:49:59,701 [84] DEBUG LISTServer - 登陆sssionID--------48bb5ca5-25b9-439d-a423-361bc2d64d78
2017-10-12 09:49:59,726 [84] DEBUG LISTServer - 登录游戏----------2017/10/12 9:49:59
2017-10-12 09:51:08,362 [32] DEBUG LISTServer - 登陆sssionID--------92d1c4a2-7715-419c-bb21-7e4b32a17d68
2017-10-12 09:51:08,362 [32] DEBUG LISTServer - 登录游戏----------2017/10/12 9:51:08
2017-10-12 09:53:05,996 [33] DEBUG LISTServer - 登陆sssionID--------ac2d2462-be85-4935-9c97-20ff8f3b5e76
2017-10-12 09:53:05,996 [33] DEBUG LISTServer - 登录游戏----------2017/10/12 9:53:05
2017-10-12 09:53:07,078 [33] DEBUG LISTServer - 登录用户openid:9697486827159f30f5cab73bbab97a1b56966c2a|昵称:测试用户969----------2017/10/12 9:53:07
2017-10-12 09:53:08,317 [33] DEBUG LISTServer - 登录游戏成功----------2017/10/12 9:53:08
2017-10-12 09:53:13,506 [32] DEBUG LISTServer - 登陆sssionID--------369df157-afff-484e-b479-54ac45121646
2017-10-12 09:53:13,506 [32] DEBUG LISTServer - 登录游戏----------2017/10/12 9:53:13
2017-10-12 09:53:13,776 [32] DEBUG LISTServer - 登录用户openid:2be4087248667baee875b4dd4e4e388e|昵称:测试用户2be----------2017/10/12 9:53:13
2017-10-12 09:53:14,481 [32] DEBUG LISTServer - 登录游戏成功----------2017/10/12 9:53:14
2017-10-12 10:07:39,884 [32] DEBUG LISTServer - 登陆sssionID--------d3e0ffe9-9f3d-4e9d-b147-8d4dbb5b537a
2017-10-12 10:07:39,884 [32] DEBUG LISTServer - 登录游戏----------2017/10/12 10:07:39
2017-10-12 10:07:40,471 [32] DEBUG LISTServer - 登录用户openid:56de59c92137862db80d942259702f67|昵称:测试用户56d----------2017/10/12 10:07:40
2017-10-12 10:07:41,173 [32] DEBUG LISTServer - 登录游戏成功,当前对象存在----------2017/10/12 10:07:41
2017-10-12 10:09:09,267 [49] DEBUG LISTServer - 登陆sssionID--------6c9dad35-fe80-4c46-b85d-8b35e8307243
2017-10-12 10:09:09,267 [49] DEBUG LISTServer - 登录游戏----------2017/10/12 10:09:09
2017-10-12 10:09:09,524 [49] DEBUG LISTServer - 登录用户openid:9697486827159f30f5cab73bbab97a1b56966c2a|昵称:测试用户969----------2017/10/12 10:09:09
2017-10-12 10:09:10,155 [49] DEBUG LISTServer - 登录游戏成功,当前对象存在----------2017/10/12 10:09:10
2017-10-12 10:09:36,060 [33] DEBUG LISTServer - 登陆sssionID--------3a4bbf68-0623-4486-8e22-e52549c34258
2017-10-12 10:09:36,060 [33] DEBUG LISTServer - 登录游戏----------2017/10/12 10:09:36
2017-10-12 10:09:36,217 [33] DEBUG LISTServer - 登录用户openid:17da9228849df8ed9400ca4e907dca8c776081ad|昵称:测试用户17d----------2017/10/12 10:09:36
2017-10-12 10:09:36,840 [33] DEBUG LISTServer - 登录游戏成功,当前对象存在----------2017/10/12 10:09:36
2017-10-12 10:35:36,558 [73] DEBUG LISTServer - 登陆sssionID--------ed644cb8-5c32-4385-a3d2-3f28f7db36c5
2017-10-12 10:35:36,558 [73] DEBUG LISTServer - 登录游戏----------2017/10/12 10:35:36
2017-10-12 10:35:37,288 [73] DEBUG LISTServer - 登录用户openid:9697486827159f30f5cab73bbab97a1b56966c2a|昵称:测试用户969----------2017/10/12 10:35:37
2017-10-12 10:35:38,469 [73] DEBUG LISTServer - 登录游戏成功,当前对象存在----------2017/10/12 10:35:38
2017-10-12 10:36:19,201 [32] DEBUG LISTServer - 登陆sssionID--------afb91483-ef13-4bd0-abcb-d22f0aaabe17
2017-10-12 10:36:19,201 [32] DEBUG LISTServer - 登录游戏----------2017/10/12 10:36:19
2017-10-12 10:36:19,485 [32] DEBUG LISTServer - 登录用户openid:2be4087248667baee875b4dd4e4e388e|昵称:测试用户2be----------2017/10/12 10:36:19
2017-10-12 10:36:20,286 [32] DEBUG LISTServer - 登录游戏成功,当前对象存在----------2017/10/12 10:36:20
2017-10-12 10:54:18,475 [32] DEBUG LISTServer - 登陆sssionID--------6b9d4e34-7453-4b42-a0d4-38341cfdb011
2017-10-12 10:54:18,475 [32] DEBUG LISTServer - 登录游戏----------2017/10/12 10:54:18
2017-10-12 10:54:19,067 [32] DEBUG LISTServer - 登录用户openid:ef2110d6b36f7eca009a60551ab3db1f|昵称:测试用户ef2----------2017/10/12 10:54:19
2017-10-12 10:54:19,699 [32] DEBUG LISTServer - 登录游戏成功,当前对象存在----------2017/10/12 10:54:19
2017-10-12 10:54:24,117 [84] DEBUG LISTServer - 登陆sssionID--------4849e4b2-648a-4235-8b82-bb474f037dd5
2017-10-12 10:54:24,117 [84] DEBUG LISTServer - 登录游戏----------2017/10/12 10:54:24
2017-10-12 10:54:24,389 [84] DEBUG LISTServer - 登录用户openid:89f5ef72e82d130fda1ec076c054b52d|昵称:测试用户89f----------2017/10/12 10:54:24
2017-10-12 10:54:24,968 [84] DEBUG LISTServer - 登录游戏成功,当前对象存在----------2017/10/12 10:54:24
2017-10-12 10:54:35,677 [73] DEBUG LISTServer - 登陆sssionID--------1a577792-3b2b-4945-9542-a8d9a312042d
2017-10-12 10:54:35,677 [73] DEBUG LISTServer - 登录游戏----------2017/10/12 10:54:35
2017-10-12 10:54:35,866 [73] DEBUG LISTServer - 登录用户openid:56de59c92137862db80d942259702f67|昵称:测试用户56d----------2017/10/12 10:54:35
2017-10-12 10:54:36,509 [73] DEBUG LISTServer - 登录游戏成功,当前对象存在----------2017/10/12 10:54:36
2017-10-12 11:01:56,875 [84] DEBUG LISTServer - 登陆sssionID--------136ce77b-6a21-4a64-afb0-6176fdb50be1
2017-10-12 11:01:56,875 [84] DEBUG LISTServer - 登录游戏----------2017/10/12 11:01:56
2017-10-12 11:01:57,316 [84] DEBUG LISTServer - 登录用户openid:17da9228849df8ed9400ca4e907dca8c776081ad|昵称:测试用户17d----------2017/10/12 11:01:57
2017-10-12 11:01:57,940 [84] DEBUG LISTServer - 登录游戏成功,当前对象存在----------2017/10/12 11:01:57
2017-10-12 11:03:49,894 [73] DEBUG LISTServer - 登陆sssionID--------7e8d5690-08b0-46b0-b4bc-933429ebe782
2017-10-12 11:03:49,894 [73] DEBUG LISTServer - 登录游戏----------2017/10/12 11:03:49
2017-10-12 11:03:50,214 [73] DEBUG LISTServer - 登录用户openid:89f5ef72e82d130fda1ec076c054b52d|昵称:测试用户89f----------2017/10/12 11:03:50
2017-10-12 11:03:50,810 [73] DEBUG LISTServer - 登录游戏成功,当前对象存在----------2017/10/12 11:03:50
2017-10-12 11:03:50,851 [73] DEBUG LISTServer - 登陆sssionID--------a1a55e22-dbaa-4d6a-9d2f-e95a52712dc8
2017-10-12 11:03:50,851 [73] DEBUG LISTServer - 登录游戏----------2017/10/12 11:03:50
2017-10-12 11:03:50,991 [73] DEBUG LISTServer - 登录用户openid:ef2110d6b36f7eca009a60551ab3db1f|昵称:测试用户ef2----------2017/10/12 11:03:50
2017-10-12 11:03:51,626 [73] DEBUG LISTServer - 登录游戏成功----------2017/10/12 11:03:51
2017-10-12 11:24:47,914 [73] DEBUG LISTServer - 登陆sssionID--------63b0b0e5-61dd-4b88-9851-0e052b9f0a54
2017-10-12 11:24:47,914 [73] DEBUG LISTServer - 登录游戏----------2017/10/12 11:24:47
2017-10-12 11:24:48,528 [73] DEBUG LISTServer - 登录用户openid:ef2110d6b36f7eca009a60551ab3db1f|昵称:测试用户ef2----------2017/10/12 11:24:48
2017-10-12 11:24:50,022 [73] DEBUG LISTServer - System.Net.Sockets.SocketException (0x80004005): 由于目标计算机积极拒绝，无法连接。 192.168.2.54:2013
   在 System.Net.Sockets.Socket.DoConnect(EndPoint endPointSnapshot, SocketAddress socketAddress)
   在 System.Net.Sockets.Socket.Connect(EndPoint remoteEP)
   在 ListBLL.common.RedisUtility.GetServerIP(String serverName, Int32 messageNum, GameSession session, Int32 status, String openid, String unionid, Boolean cutover, Int32 roomID, Int32 roomAddStatus) 位置 D:\工作\ZH_LIST_MJ\list_mj\ListBLL\common\RedisUtility.cs:行号 83
2017-10-12 11:24:50,754 [73] DEBUG LISTServer - 登录游戏成功,当前对象存在----------2017/10/12 11:24:50
2017-10-12 11:27:01,778 [33] DEBUG LISTServer - 登陆sssionID--------eaef079c-3905-44b1-9f2c-36724c76e4a2
2017-10-12 11:27:01,778 [33] DEBUG LISTServer - 登录游戏----------2017/10/12 11:27:01
2017-10-12 11:27:02,305 [33] DEBUG LISTServer - 登录用户openid:9697486827159f30f5cab73bbab97a1b56966c2a|昵称:测试用户969----------2017/10/12 11:27:02
2017-10-12 11:27:03,336 [33] DEBUG LISTServer - 登录游戏成功,当前对象存在----------2017/10/12 11:27:03
2017-10-12 11:27:12,077 [84] DEBUG LISTServer - 登陆sssionID--------b16f3d92-fc72-4735-bb0b-4d66d19f33c7
2017-10-12 11:27:12,077 [84] DEBUG LISTServer - 登录游戏----------2017/10/12 11:27:12
2017-10-12 11:27:12,293 [84] DEBUG LISTServer - 登录用户openid:2be4087248667baee875b4dd4e4e388e|昵称:测试用户2be----------2017/10/12 11:27:12
2017-10-12 11:27:13,126 [84] DEBUG LISTServer - 登录游戏成功,当前对象存在----------2017/10/12 11:27:13
2017-10-12 13:44:15,861 [26] DEBUG LISTServer - 登陆sssionID--------5be43a92-5fe0-4ea2-ae32-1bed78e2c487
2017-10-12 13:44:15,861 [26] DEBUG LISTServer - 登录游戏----------2017/10/12 13:44:15
2017-10-12 13:44:16,558 [26] DEBUG LISTServer - 登录用户openid:9697486827159f30f5cab73bbab97a1b56966c2a|昵称:测试用户969----------2017/10/12 13:44:16
2017-10-12 13:44:17,768 [26] DEBUG LISTServer - 登录游戏成功,当前对象存在----------2017/10/12 13:44:17
2017-10-12 13:45:01,945 [26] DEBUG LISTServer - 登陆sssionID--------b7597757-3202-49d6-956d-d659229b9bf7
2017-10-12 13:45:01,945 [26] DEBUG LISTServer - 登录游戏----------2017/10/12 13:45:01
2017-10-12 13:45:02,164 [26] DEBUG LISTServer - 登录用户openid:2be4087248667baee875b4dd4e4e388e|昵称:测试用户2be----------2017/10/12 13:45:02
2017-10-12 13:45:02,964 [26] DEBUG LISTServer - 登录游戏成功,当前对象存在----------2017/10/12 13:45:02
2017-10-12 13:53:37,757 [32] DEBUG LISTServer - 登陆sssionID--------2c98aa72-7a44-4c9e-baca-c41c782f67e2
2017-10-12 13:53:37,757 [32] DEBUG LISTServer - 登录游戏----------2017/10/12 13:53:37
2017-10-12 13:53:38,383 [32] DEBUG LISTServer - 登录用户openid:17da9228849df8ed9400ca4e907dca8c776081ad|昵称:测试用户17d----------2017/10/12 13:53:38
2017-10-12 13:53:39,033 [32] DEBUG LISTServer - 登录游戏成功,当前对象存在----------2017/10/12 13:53:39
2017-10-12 14:02:44,707 [42] DEBUG LISTServer - 登陆sssionID--------102ee8e6-7434-422f-a306-7e160be39b9b
2017-10-12 14:02:44,707 [42] DEBUG LISTServer - 登录游戏----------2017/10/12 14:02:44
2017-10-12 14:02:45,181 [42] DEBUG LISTServer - 登录用户openid:sfsfws|昵称:测试用户sfs----------2017/10/12 14:02:45
2017-10-12 14:02:45,822 [42] DEBUG LISTServer - 登录游戏成功----------2017/10/12 14:02:45
2017-10-12 14:05:13,516 [32] DEBUG LISTServer - 登陆sssionID--------1d9a3f1e-78ea-4f81-9458-f68981c988cf
2017-10-12 14:05:13,516 [32] DEBUG LISTServer - 登录游戏----------2017/10/12 14:05:13
2017-10-12 14:05:13,902 [32] DEBUG LISTServer - 登录用户openid:17da9228849df8ed9400ca4e907dca8c776081ad|昵称:测试用户17d----------2017/10/12 14:05:13
2017-10-12 14:05:14,527 [32] DEBUG LISTServer - 登录游戏成功,当前对象存在----------2017/10/12 14:05:14
2017-10-12 14:05:54,233 [42] DEBUG LISTServer - 登陆sssionID--------50036cd0-b32f-499d-847c-049f29c9a982
2017-10-12 14:05:54,233 [42] DEBUG LISTServer - 登录游戏----------2017/10/12 14:05:54
2017-10-12 14:05:54,405 [42] DEBUG LISTServer - 登录用户openid:9697486827159f30f5cab73bbab97a1b56966c2a|昵称:测试用户969----------2017/10/12 14:05:54
2017-10-12 14:05:55,030 [42] DEBUG LISTServer - 登录游戏成功,当前对象存在----------2017/10/12 14:05:55
2017-10-12 14:06:10,649 [32] DEBUG LISTServer - 登陆sssionID--------76c6efd5-934a-44d8-bc0c-da477f5fedf3
2017-10-12 14:06:10,649 [32] DEBUG LISTServer - 登录游戏----------2017/10/12 14:06:10
2017-10-12 14:06:11,229 [32] DEBUG LISTServer - 登录用户openid:2be4087248667baee875b4dd4e4e388e|昵称:测试用户2be----------2017/10/12 14:06:11
2017-10-12 14:06:11,852 [32] DEBUG LISTServer - 登录游戏成功,当前对象存在----------2017/10/12 14:06:11
2017-10-12 14:06:27,497 [32] DEBUG LISTServer - 登陆sssionID--------f1f34a76-12aa-4e33-87bc-176312bbd0e3
2017-10-12 14:06:27,497 [32] DEBUG LISTServer - 登录游戏----------2017/10/12 14:06:27
2017-10-12 14:06:27,654 [32] DEBUG LISTServer - 登录用户openid:ba9888ce2db1bd530ba845f3283b7b0a|昵称:测试用户ba9----------2017/10/12 14:06:27
2017-10-12 14:06:28,220 [32] DEBUG LISTServer - 登录游戏成功----------2017/10/12 14:06:28
2017-10-12 14:51:15,779 [42] DEBUG LISTServer - 登陆sssionID--------b9853bcb-1a81-4006-a7de-ff75a70066ce
2017-10-12 14:51:15,779 [42] DEBUG LISTServer - 登录游戏----------2017/10/12 14:51:15
2017-10-12 14:51:16,354 [42] DEBUG LISTServer - 登录用户openid:17da9228849df8ed9400ca4e907dca8c776081ad|昵称:测试用户17d----------2017/10/12 14:51:16
2017-10-12 14:51:17,627 [42] DEBUG LISTServer - 登录游戏成功,当前对象存在----------2017/10/12 14:51:17
2017-10-12 16:12:30,329 [32] DEBUG LISTServer - 登陆sssionID--------1bea5427-f030-4130-8b83-7bebe69e0cd9
2017-10-12 16:12:30,329 [32] DEBUG LISTServer - 登录游戏----------2017/10/12 16:12:30
2017-10-12 16:12:30,870 [32] DEBUG LISTServer - 登录用户openid:9697486827159f30f5cab73bbab97a1b56966c2a|昵称:测试用户969----------2017/10/12 16:12:30
2017-10-12 16:12:32,284 [32] DEBUG LISTServer - 登录游戏成功,当前对象存在----------2017/10/12 16:12:32
2017-10-12 16:12:37,098 [42] DEBUG LISTServer - 登陆sssionID--------053dfd53-9930-4bb7-b1ec-8b0252abd5a5
2017-10-12 16:12:37,098 [42] DEBUG LISTServer - 登录游戏----------2017/10/12 16:12:37
2017-10-12 16:12:37,337 [42] DEBUG LISTServer - 登录用户openid:2be4087248667baee875b4dd4e4e388e|昵称:测试用户2be----------2017/10/12 16:12:37
2017-10-12 16:12:38,404 [42] DEBUG LISTServer - 登录游戏成功,当前对象存在----------2017/10/12 16:12:38
2017-10-12 16:26:33,114 [47] DEBUG LISTServer - 登陆sssionID--------e8519cc4-6ccc-41c2-acbb-58f127766f79
2017-10-12 16:26:33,114 [47] DEBUG LISTServer - 登录游戏----------2017/10/12 16:26:33
2017-10-12 16:26:33,575 [47] DEBUG LISTServer - 登录用户openid:9697486827159f30f5cab73bbab97a1b56966c2a|昵称:测试用户969----------2017/10/12 16:26:33
2017-10-12 16:26:34,329 [57] DEBUG LISTServer - 登陆sssionID--------f44d6fb2-dae5-40a0-8792-5d9f319c5f6b
2017-10-12 16:26:34,329 [57] DEBUG LISTServer - 登录游戏----------2017/10/12 16:26:34
2017-10-12 16:26:34,558 [57] DEBUG LISTServer - 登录用户openid:2be4087248667baee875b4dd4e4e388e|昵称:测试用户2be----------2017/10/12 16:26:34
2017-10-12 16:26:34,607 [47] DEBUG LISTServer - 登录游戏成功,当前对象存在----------2017/10/12 16:26:34
2017-10-12 16:26:35,468 [57] DEBUG LISTServer - 登录游戏成功,当前对象存在----------2017/10/12 16:26:35
2017-10-12 16:27:07,383 [42] DEBUG LISTServer - 登陆sssionID--------db40640e-c447-4447-bf4a-7ba1f791c59c
2017-10-12 16:27:07,383 [42] DEBUG LISTServer - 登录游戏----------2017/10/12 16:27:07
2017-10-12 16:27:07,536 [42] DEBUG LISTServer - 登录用户openid:9697486827159f30f5cab73bbab97a1b56966c2a|昵称:测试用户969----------2017/10/12 16:27:07
2017-10-12 16:27:08,138 [42] DEBUG LISTServer - 登录游戏成功,当前对象存在----------2017/10/12 16:27:08
2017-10-12 16:36:19,941 [42] DEBUG LISTServer - 登陆sssionID--------3b64ec6b-98cf-42b1-a9dc-54e76e3255af
2017-10-12 16:36:19,941 [42] DEBUG LISTServer - 登录游戏----------2017/10/12 16:36:19
2017-10-12 16:36:20,292 [42] DEBUG LISTServer - 登录用户openid:2be4087248667baee875b4dd4e4e388e|昵称:测试用户2be----------2017/10/12 16:36:20
2017-10-12 16:36:20,942 [42] DEBUG LISTServer - 登录游戏成功,当前对象存在----------2017/10/12 16:36:20
2017-10-12 16:36:22,978 [32] DEBUG LISTServer - 登陆sssionID--------a50eccef-f7fd-414f-994c-09cca8b870fc
2017-10-12 16:36:22,978 [32] DEBUG LISTServer - 登录游戏----------2017/10/12 16:36:22
2017-10-12 16:36:23,129 [32] DEBUG LISTServer - 登录用户openid:9697486827159f30f5cab73bbab97a1b56966c2a|昵称:测试用户969----------2017/10/12 16:36:23
2017-10-12 16:36:23,748 [32] DEBUG LISTServer - 登录游戏成功,当前对象存在----------2017/10/12 16:36:23
2017-10-12 16:41:07,006 [47] DEBUG LISTServer - 登陆sssionID--------79777a2c-e632-4590-8863-2966e9e43497
2017-10-12 16:41:07,006 [47] DEBUG LISTServer - 登录游戏----------2017/10/12 16:41:07
2017-10-12 16:41:07,469 [47] DEBUG LISTServer - 登录用户openid:89f5ef72e82d130fda1ec076c054b52d|昵称:测试用户89f----------2017/10/12 16:41:07
2017-10-12 16:41:08,131 [47] DEBUG LISTServer - 登录游戏成功----------2017/10/12 16:41:08
2017-10-12 16:41:39,764 [32] DEBUG LISTServer - 登陆sssionID--------b5cd1d5f-82a5-47c2-b9ca-52571d3b18c8
2017-10-12 16:41:39,764 [32] DEBUG LISTServer - 登录游戏----------2017/10/12 16:41:39
2017-10-12 16:41:39,921 [32] DEBUG LISTServer - 登录用户openid:9697486827159f30f5cab73bbab97a1b56966c2a|昵称:测试用户969----------2017/10/12 16:41:39
2017-10-12 16:41:40,440 [32] DEBUG LISTServer - 登录游戏成功,当前对象存在----------2017/10/12 16:41:40
2017-10-12 16:53:58,050 [57] DEBUG LISTServer - 登陆sssionID--------27549d16-1c10-4165-ba2b-05a3a36ee7b2
2017-10-12 16:53:58,050 [57] DEBUG LISTServer - 登录游戏----------2017/10/12 16:53:58
2017-10-12 16:53:58,715 [57] DEBUG LISTServer - 登录用户openid:9697486827159f30f5cab73bbab97a1b56966c2a|昵称:测试用户969----------2017/10/12 16:53:58
2017-10-12 16:54:00,699 [57] DEBUG LISTServer - 登录游戏成功,当前对象存在----------2017/10/12 16:54:00
2017-10-12 16:54:01,934 [32] DEBUG LISTServer - 登陆sssionID--------34eedc82-0451-430e-96a5-8622d9b6d886
2017-10-12 16:54:01,934 [32] DEBUG LISTServer - 登录游戏----------2017/10/12 16:54:01
2017-10-12 16:54:02,155 [32] DEBUG LISTServer - 登录用户openid:2be4087248667baee875b4dd4e4e388e|昵称:测试用户2be----------2017/10/12 16:54:02
2017-10-12 16:54:03,278 [32] DEBUG LISTServer - 登录游戏成功,当前对象存在----------2017/10/12 16:54:03
2017-10-12 17:04:17,704 [57] DEBUG LISTServer - 登陆sssionID--------a5569c9f-bdff-4b31-a486-1f1d46eea122
2017-10-12 17:04:17,704 [57] DEBUG LISTServer - 登录游戏----------2017/10/12 17:04:17
2017-10-12 17:04:18,138 [57] DEBUG LISTServer - 登录用户openid:9697486827159f30f5cab73bbab97a1b56966c2a|昵称:测试用户969----------2017/10/12 17:04:18
2017-10-12 17:04:18,895 [57] DEBUG LISTServer - 登录游戏成功,当前对象存在----------2017/10/12 17:04:18
2017-10-12 17:06:26,441 [57] DEBUG LISTServer - 登陆sssionID--------4fb15bec-539b-487d-9d28-e6abc93c5237
2017-10-12 17:06:26,441 [57] DEBUG LISTServer - 登录游戏----------2017/10/12 17:06:26
2017-10-12 17:06:26,830 [57] DEBUG LISTServer - 登录用户openid:2be4087248667baee875b4dd4e4e388e|昵称:测试用户2be----------2017/10/12 17:06:26
2017-10-12 17:06:27,441 [57] DEBUG LISTServer - 登录游戏成功,当前对象存在----------2017/10/12 17:06:27
2017-10-12 17:07:29,635 [27] DEBUG LISTServer - 登陆sssionID--------0e16171f-38fe-4da3-b646-7c3a13b07880
2017-10-12 17:07:29,635 [27] DEBUG LISTServer - 登录游戏----------2017/10/12 17:07:29
2017-10-12 17:07:30,200 [27] DEBUG LISTServer - 登录用户openid:9697486827159f30f5cab73bbab97a1b56966c2a|昵称:测试用户969----------2017/10/12 17:07:30
2017-10-12 17:07:33,283 [27] DEBUG LISTServer - 登录游戏成功,当前对象存在----------2017/10/12 17:07:33
2017-10-12 17:07:39,694 [25] DEBUG LISTServer - 登陆sssionID--------1c2ccbde-7fc7-4814-a169-99eb1ce7b5a3
2017-10-12 17:07:39,694 [25] DEBUG LISTServer - 登录游戏----------2017/10/12 17:07:39
2017-10-12 17:07:40,137 [25] DEBUG LISTServer - 登录用户openid:9697486827159f30f5cab73bbab97a1b56966c2a|昵称:测试用户969----------2017/10/12 17:07:40
2017-10-12 17:07:42,120 [25] DEBUG LISTServer - 登录游戏成功,当前对象存在----------2017/10/12 17:07:42
2017-10-12 17:16:31,920 [25] DEBUG LISTServer - 登陆sssionID--------2eb55d60-68aa-4833-af30-653e03a0e6af
2017-10-12 17:16:31,920 [25] DEBUG LISTServer - 登录游戏----------2017/10/12 17:16:31
2017-10-12 17:16:32,310 [25] DEBUG LISTServer - 登录用户openid:9697486827159f30f5cab73bbab97a1b56966c2a|昵称:测试用户969----------2017/10/12 17:16:32
2017-10-12 17:16:33,066 [25] DEBUG LISTServer - 登录游戏成功,当前对象存在----------2017/10/12 17:16:33
