2018-01-15 14:17:03,870 [1] DEBUG DefaultBootstrap - The server instance LISTServer has been created!
2018-01-15 14:17:04,361 [1] DEBUG LISTServer - The command 11105(ListBLL.Logic.AgentGetGroupInfo) has been discovered
2018-01-15 14:17:04,361 [1] DEBUG LISTServer - The command 11107(ListBLL.Logic.AgentGroupUsersManager) has been discovered
2018-01-15 14:17:04,362 [1] DEBUG LISTServer - The command 11110(ListBLL.Logic.AgentSignIn) has been discovered
2018-01-15 14:17:04,362 [1] DEBUG LISTServer - The command 11060(ListBLL.Logic.ApplyRecord) has been discovered
2018-01-15 14:17:04,362 [1] DEBUG LISTServer - The command 11040(ListBLL.Logic.ApplyToJoin) has been discovered
2018-01-15 14:17:04,362 [1] DEBUG LISTServer - The command 11070(ListBLL.Logic.ChangeApplyStatus) has been discovered
2018-01-15 14:17:04,362 [1] DEBUG LISTServer - The command 11103(ListBLL.Logic.CreateGroup) has been discovered
2018-01-15 14:17:04,362 [1] DEBUG LISTServer - The command 11109(ListBLL.Logic.DeleteGroup) has been discovered
2018-01-15 14:17:04,362 [1] DEBUG LISTServer - The command 19005(ListBLL.Logic.Feedback) has been discovered
2018-01-15 14:17:04,363 [1] DEBUG LISTServer - The command 11020(ListBLL.Logic.GameOperation) has been discovered
2018-01-15 14:17:04,363 [1] DEBUG LISTServer - The command 11030(ListBLL.Logic.GetGroupInfo) has been discovered
2018-01-15 14:17:04,363 [1] DEBUG LISTServer - The command 11032(ListBLL.Logic.GetGroupInfoByGroupID) has been discovered
2018-01-15 14:17:04,363 [1] DEBUG LISTServer - The command 11034(ListBLL.Logic.GetGroupUserInfoByGroupID) has been discovered
2018-01-15 14:17:04,363 [1] DEBUG LISTServer - The command 11022(ListBLL.Logic.GetRoomCard) has been discovered
2018-01-15 14:17:04,363 [1] DEBUG LISTServer - The command 11050(ListBLL.Logic.GroupUsersManager) has been discovered
2018-01-15 14:17:04,363 [1] DEBUG LISTServer - The command 10001(ListBLL.Logic.Heartbeat) has been discovered
2018-01-15 14:17:04,363 [1] DEBUG LISTServer - The command 11080(ListBLL.Logic.LobbyInfo) has been discovered
2018-01-15 14:17:04,363 [1] DEBUG LISTServer - The command 11001(ListBLL.Logic.Login) has been discovered
2018-01-15 14:17:04,363 [1] DEBUG LISTServer - The command 11101(ListBLL.Logic.Package) has been discovered
2018-01-15 14:17:04,363 [1] DEBUG LISTServer - The command 11090(ListBLL.Logic.QuitGroup) has been discovered
2018-01-15 14:17:04,363 [1] DEBUG LISTServer - The command 11108(ListBLL.Logic.SearchPlayer) has been discovered
2018-01-15 14:17:04,363 [1] DEBUG LISTServer - The command 19003(ListBLL.Logic.UserGamePlaybackLogic) has been discovered
2018-01-15 14:17:04,364 [1] DEBUG LISTServer - The command 19001(ListBLL.Logic.UserRecordLogic) has been discovered
2018-01-15 14:17:04,380 [1] DEBUG DefaultBootstrap - The server instance LISTServer has been initialized!
2018-01-15 14:17:05,543 [1] DEBUG DefaultBootstrap - The PerformanceMonitor has been initialized!
2018-01-15 14:17:05,543 [1] DEBUG DefaultBootstrap - The Bootstrap has been initialized!
2018-01-15 14:17:05,578 [1] DEBUG LISTServer - Listener (0.0.0.0:2018) was started
2018-01-15 14:17:05,583 [1] DEBUG DefaultBootstrap - The PerformanceMonitor has been started!
2018-01-15 14:22:06,895 [13] DEBUG LISTServer - 登陆sssionID--------2458a354-4aee-4f3e-aa1d-095f640dc7ab
2018-01-15 14:22:06,895 [13] DEBUG LISTServer - 登录游戏----------2018/1/15 14:22:06
2018-01-15 14:22:08,063 [13] DEBUG LISTServer - 登录用户openid:9697486827159f30f5cab73bbab97a1b56966c2a|昵称:测试用户969----------2018/1/15 14:22:08
2018-01-15 14:22:09,860 [13] DEBUG LISTServer - 登录游戏成功----------2018/1/15 14:22:09
2018-01-15 14:22:09,860 [13] DEBUG LISTServer - 新登录用户openid:9697486827159f30f5cab73bbab97a1b56966c2a
2018-01-15 14:24:33,988 [13] DEBUG LISTServer - 登陆sssionID--------3aa11fba-61f6-480a-a4cb-7246ba021be0
2018-01-15 14:24:33,988 [13] DEBUG LISTServer - 登录游戏----------2018/1/15 14:24:33
2018-01-15 14:24:34,416 [13] DEBUG LISTServer - 登录用户openid:9697486827159f30f5cab73bbab97a1b56966c2a|昵称:测试用户969----------2018/1/15 14:24:34
2018-01-15 14:24:34,420 [13] DEBUG LISTServer - 登录游戏成功,当前对象存在----------2018/1/15 14:24:34
2018-01-15 14:24:34,806 [13] DEBUG LISTServer - 登录游戏成功,当前对象存在----------2018/1/15 14:24:34
2018-01-15 14:26:05,226 [13] DEBUG LISTServer - 登陆sssionID--------bfa460e9-63eb-4044-b222-de46a08c9fb2
2018-01-15 14:26:05,226 [13] DEBUG LISTServer - 登录游戏----------2018/1/15 14:26:05
2018-01-15 14:26:05,503 [13] DEBUG LISTServer - 登录用户openid:9697486827159f30f5cab73bbab97a1b56966c2a|昵称:测试用户969----------2018/1/15 14:26:05
2018-01-15 14:26:05,517 [13] DEBUG LISTServer - 登录游戏成功,当前对象存在----------2018/1/15 14:26:05
2018-01-15 14:26:05,757 [13] DEBUG LISTServer - 登录游戏成功,当前对象存在----------2018/1/15 14:26:05
2018-01-15 14:27:51,883 [13] DEBUG LISTServer - 登陆sssionID--------261b8e8c-7ece-4ca4-a87d-bca950383e89
2018-01-15 14:27:51,883 [13] DEBUG LISTServer - 登录游戏----------2018/1/15 14:27:51
2018-01-15 14:27:52,125 [13] DEBUG LISTServer - 登录用户openid:cb02228dfbbc35594d8f3b7bdaa129cfedd86e9d|昵称:测试用户cb0----------2018/1/15 14:27:52
2018-01-15 14:27:52,325 [13] DEBUG LISTServer - 登录游戏成功----------2018/1/15 14:27:52
2018-01-15 14:29:03,066 [21] DEBUG LISTServer - 登陆sssionID--------df2dbad5-dbb5-4900-97b0-98261084a9e6
2018-01-15 14:29:03,066 [21] DEBUG LISTServer - 登录游戏----------2018/1/15 14:29:03
2018-01-15 14:29:03,484 [21] DEBUG LISTServer - 登录用户openid:9697486827159f30f5cab73bbab97a1b56966c2a|昵称:测试用户969----------2018/1/15 14:29:03
2018-01-15 14:29:03,487 [21] DEBUG LISTServer - 登录游戏成功,当前对象存在----------2018/1/15 14:29:03
2018-01-15 14:29:03,681 [21] DEBUG LISTServer - 登录游戏成功,当前对象存在----------2018/1/15 14:29:03
2018-01-15 14:31:09,068 [20] DEBUG LISTServer - 登陆sssionID--------cfec1319-7684-4bdc-a5d6-4fa37669bcfd
2018-01-15 14:31:09,068 [20] DEBUG LISTServer - 登录游戏----------2018/1/15 14:31:09
2018-01-15 14:34:51,907 [13] DEBUG LISTServer - 登陆sssionID--------d41c0abc-31de-4006-bc15-0df052ca66f4
2018-01-15 14:34:51,907 [13] DEBUG LISTServer - 登录游戏----------2018/1/15 14:34:51
2018-01-15 14:34:52,260 [13] DEBUG LISTServer - 登录用户openid:cb02228dfbbc35594d8f3b7bdaa129cfedd86e9d|昵称:测试用户cb0----------2018/1/15 14:34:52
2018-01-15 14:34:52,263 [13] DEBUG LISTServer - 登录游戏成功,当前对象存在----------2018/1/15 14:34:52
2018-01-15 14:34:52,459 [13] DEBUG LISTServer - 登录游戏成功,当前对象存在----------2018/1/15 14:34:52
2018-01-15 14:35:34,022 [3] DEBUG LISTServer - 登陆sssionID--------52451950-6e20-4431-9c2e-df981e6d283c
2018-01-15 14:35:34,022 [3] DEBUG LISTServer - 登录游戏----------2018/1/15 14:35:34
2018-01-15 14:35:34,225 [3] DEBUG LISTServer - 登录用户openid:9697486827159f30f5cab73bbab97a1b56966c2a|昵称:测试用户969----------2018/1/15 14:35:34
2018-01-15 14:35:34,228 [3] DEBUG LISTServer - 登录游戏成功,当前对象存在----------2018/1/15 14:35:34
2018-01-15 14:35:34,413 [3] DEBUG LISTServer - 登录游戏成功,当前对象存在----------2018/1/15 14:35:34
2018-01-15 14:37:18,538 [3] DEBUG LISTServer - 登陆sssionID--------8be5d9fe-736b-4ce0-bb78-ac464e4736ac
2018-01-15 14:37:18,538 [3] DEBUG LISTServer - 登录游戏----------2018/1/15 14:37:18
2018-01-15 14:37:18,727 [3] DEBUG LISTServer - 登录用户openid:9697486827159f30f5cab73bbab97a1b56966c2a|昵称:测试用户969----------2018/1/15 14:37:18
2018-01-15 14:37:18,730 [3] DEBUG LISTServer - 登录游戏成功,当前对象存在----------2018/1/15 14:37:18
2018-01-15 14:37:18,926 [3] DEBUG LISTServer - 登录游戏成功,当前对象存在----------2018/1/15 14:37:18
2018-01-15 14:41:44,190 [13] DEBUG LISTServer - 登陆sssionID--------b70bc10a-9197-468d-98da-02eaa6b7e8e6
2018-01-15 14:41:44,190 [13] DEBUG LISTServer - 登录游戏----------2018/1/15 14:41:44
2018-01-15 14:41:44,442 [13] DEBUG LISTServer - 登录用户openid:9697486827159f30f5cab73bbab97a1b56966c2a|昵称:测试用户969----------2018/1/15 14:41:44
2018-01-15 14:41:44,445 [13] DEBUG LISTServer - 登录游戏成功,当前对象存在----------2018/1/15 14:41:44
2018-01-15 14:41:44,691 [13] DEBUG LISTServer - 登录游戏成功,当前对象存在----------2018/1/15 14:41:44
2018-01-15 14:42:39,903 [20] DEBUG LISTServer - 登陆sssionID--------48fd41f5-5b6b-4ffc-9659-e98fc59a8b35
2018-01-15 14:42:39,903 [20] DEBUG LISTServer - 登录游戏----------2018/1/15 14:42:39
2018-01-15 14:42:40,071 [20] DEBUG LISTServer - 登录用户openid:9697486827159f30f5cab73bbab97a1b56966c2a|昵称:测试用户969----------2018/1/15 14:42:40
2018-01-15 14:42:40,074 [20] DEBUG LISTServer - 登录游戏成功,当前对象存在----------2018/1/15 14:42:40
2018-01-15 14:42:40,243 [20] DEBUG LISTServer - 登录游戏成功,当前对象存在----------2018/1/15 14:42:40
2018-01-15 14:45:19,186 [1] DEBUG DefaultBootstrap - The server instance LISTServer has been created!
2018-01-15 14:45:19,341 [1] DEBUG LISTServer - The command 11105(ListBLL.Logic.AgentGetGroupInfo) has been discovered
2018-01-15 14:45:19,341 [1] DEBUG LISTServer - The command 11107(ListBLL.Logic.AgentGroupUsersManager) has been discovered
2018-01-15 14:45:19,341 [1] DEBUG LISTServer - The command 11110(ListBLL.Logic.AgentSignIn) has been discovered
2018-01-15 14:45:19,341 [1] DEBUG LISTServer - The command 11060(ListBLL.Logic.ApplyRecord) has been discovered
2018-01-15 14:45:19,341 [1] DEBUG LISTServer - The command 11040(ListBLL.Logic.ApplyToJoin) has been discovered
2018-01-15 14:45:19,341 [1] DEBUG LISTServer - The command 11070(ListBLL.Logic.ChangeApplyStatus) has been discovered
2018-01-15 14:45:19,341 [1] DEBUG LISTServer - The command 11103(ListBLL.Logic.CreateGroup) has been discovered
2018-01-15 14:45:19,341 [1] DEBUG LISTServer - The command 11109(ListBLL.Logic.DeleteGroup) has been discovered
2018-01-15 14:45:19,341 [1] DEBUG LISTServer - The command 19005(ListBLL.Logic.Feedback) has been discovered
2018-01-15 14:45:19,341 [1] DEBUG LISTServer - The command 11020(ListBLL.Logic.GameOperation) has been discovered
2018-01-15 14:45:19,341 [1] DEBUG LISTServer - The command 11030(ListBLL.Logic.GetGroupInfo) has been discovered
2018-01-15 14:45:19,342 [1] DEBUG LISTServer - The command 11032(ListBLL.Logic.GetGroupInfoByGroupID) has been discovered
2018-01-15 14:45:19,342 [1] DEBUG LISTServer - The command 11034(ListBLL.Logic.GetGroupUserInfoByGroupID) has been discovered
2018-01-15 14:45:19,342 [1] DEBUG LISTServer - The command 11022(ListBLL.Logic.GetRoomCard) has been discovered
2018-01-15 14:45:19,342 [1] DEBUG LISTServer - The command 11050(ListBLL.Logic.GroupUsersManager) has been discovered
2018-01-15 14:45:19,342 [1] DEBUG LISTServer - The command 10001(ListBLL.Logic.Heartbeat) has been discovered
2018-01-15 14:45:19,342 [1] DEBUG LISTServer - The command 11080(ListBLL.Logic.LobbyInfo) has been discovered
2018-01-15 14:45:19,342 [1] DEBUG LISTServer - The command 11001(ListBLL.Logic.Login) has been discovered
2018-01-15 14:45:19,342 [1] DEBUG LISTServer - The command 11101(ListBLL.Logic.Package) has been discovered
2018-01-15 14:45:19,342 [1] DEBUG LISTServer - The command 11090(ListBLL.Logic.QuitGroup) has been discovered
2018-01-15 14:45:19,342 [1] DEBUG LISTServer - The command 11108(ListBLL.Logic.SearchPlayer) has been discovered
2018-01-15 14:45:19,343 [1] DEBUG LISTServer - The command 19003(ListBLL.Logic.UserGamePlaybackLogic) has been discovered
2018-01-15 14:45:19,343 [1] DEBUG LISTServer - The command 19001(ListBLL.Logic.UserRecordLogic) has been discovered
2018-01-15 14:45:19,356 [1] DEBUG DefaultBootstrap - The server instance LISTServer has been initialized!
2018-01-15 14:45:20,647 [1] DEBUG DefaultBootstrap - The PerformanceMonitor has been initialized!
2018-01-15 14:45:20,647 [1] DEBUG DefaultBootstrap - The Bootstrap has been initialized!
2018-01-15 14:45:20,676 [1] DEBUG LISTServer - Listener (0.0.0.0:2018) was started
2018-01-15 14:45:20,680 [1] DEBUG DefaultBootstrap - The PerformanceMonitor has been started!
2018-01-15 14:46:01,411 [7] DEBUG LISTServer - 登陆sssionID--------d8a479fd-fa8c-496e-b2b7-6c7fa416d252
2018-01-15 14:46:01,411 [7] DEBUG LISTServer - 登录游戏----------2018/1/15 14:46:01
2018-01-15 14:46:02,414 [7] DEBUG LISTServer - 登录用户openid:cb02228dfbbc35594d8f3b7bdaa129cfedd86e9d|昵称:测试用户cb0----------2018/1/15 14:46:02
2018-01-15 14:46:02,988 [7] DEBUG LISTServer - 登录游戏成功----------2018/1/15 14:46:02
2018-01-15 14:46:02,988 [7] DEBUG LISTServer - 新登录用户openid:cb02228dfbbc35594d8f3b7bdaa129cfedd86e9d
2018-01-15 14:47:39,010 [14] DEBUG LISTServer - 登陆sssionID--------317d5d99-d019-4d2c-95bb-53315610fe4a
2018-01-15 14:47:39,010 [14] DEBUG LISTServer - 登录游戏----------2018/1/15 14:47:39
2018-01-15 14:47:40,604 [14] DEBUG LISTServer - 登录用户openid:9697486827159f30f5cab73bbab97a1b56966c2a|昵称:测试用户969----------2018/1/15 14:47:40
2018-01-15 14:47:41,110 [14] DEBUG LISTServer - 登录游戏成功----------2018/1/15 14:47:41
2018-01-15 14:47:41,110 [14] DEBUG LISTServer - 新登录用户openid:9697486827159f30f5cab73bbab97a1b56966c2a
2018-01-15 14:52:59,738 [16] DEBUG LISTServer - 登陆sssionID--------6dec48e9-73fd-41d0-9b28-23d3d409622e
2018-01-15 14:52:59,738 [16] DEBUG LISTServer - 登录游戏----------2018/1/15 14:52:59
2018-01-15 14:53:00,137 [16] DEBUG LISTServer - 登录用户openid:9697486827159f30f5cab73bbab97a1b56966c2a|昵称:测试用户969----------2018/1/15 14:53:00
2018-01-15 14:53:00,163 [16] DEBUG LISTServer - 登录游戏成功,当前对象存在----------2018/1/15 14:53:00
2018-01-15 14:53:00,362 [16] DEBUG LISTServer - 登录游戏成功,当前对象存在----------2018/1/15 14:53:00
2018-01-15 14:53:16,036 [16] DEBUG LISTServer - 登陆sssionID--------09dc6c55-308b-4c7a-b73e-ee0fe6a495ad
2018-01-15 14:53:16,036 [16] DEBUG LISTServer - 登录游戏----------2018/1/15 14:53:16
2018-01-15 14:53:16,288 [16] DEBUG LISTServer - 登录用户openid:9697486827159f30f5cab73bbab97a1b56966c2a|昵称:测试用户969----------2018/1/15 14:53:16
2018-01-15 14:53:16,292 [16] DEBUG LISTServer - 登录游戏成功,当前对象存在----------2018/1/15 14:53:16
2018-01-15 14:53:16,584 [16] DEBUG LISTServer - 登录游戏成功,当前对象存在----------2018/1/15 14:53:16
2018-01-15 14:53:56,820 [7] DEBUG LISTServer - 登陆sssionID--------274aed3e-2b1c-468c-bca9-92e85593880d
2018-01-15 14:53:56,820 [7] DEBUG LISTServer - 登录游戏----------2018/1/15 14:53:56
2018-01-15 14:53:56,999 [7] DEBUG LISTServer - 登录用户openid:9697486827159f30f5cab73bbab97a1b56966c2a|昵称:测试用户969----------2018/1/15 14:53:56
2018-01-15 14:53:57,004 [7] DEBUG LISTServer - 登录游戏成功,当前对象存在----------2018/1/15 14:53:57
2018-01-15 14:53:57,225 [7] DEBUG LISTServer - 登录游戏成功,当前对象存在----------2018/1/15 14:53:57
2018-01-15 14:54:53,622 [27] DEBUG LISTServer - 登陆sssionID--------1001e5ea-7054-4a2f-bad7-d077bbb9f31d
2018-01-15 14:54:53,622 [27] DEBUG LISTServer - 登录游戏----------2018/1/15 14:54:53
2018-01-15 14:54:53,837 [27] DEBUG LISTServer - 登录用户openid:9697486827159f30f5cab73bbab97a1b56966c2a|昵称:测试用户969----------2018/1/15 14:54:53
2018-01-15 14:54:53,844 [27] DEBUG LISTServer - 登录游戏成功,当前对象存在----------2018/1/15 14:54:53
2018-01-15 14:54:54,529 [27] DEBUG LISTServer - 登录游戏成功,当前对象存在----------2018/1/15 14:54:54
2018-01-15 14:56:56,118 [14] DEBUG LISTServer - 登陆sssionID--------1c35268a-9093-4430-b80b-98cf72a4be33
2018-01-15 14:56:56,118 [14] DEBUG LISTServer - 登录游戏----------2018/1/15 14:56:56
2018-01-15 14:56:56,375 [14] DEBUG LISTServer - 登录用户openid:9697486827159f30f5cab73bbab97a1b56966c2a|昵称:测试用户969----------2018/1/15 14:56:56
2018-01-15 14:56:56,379 [14] DEBUG LISTServer - 登录游戏成功,当前对象存在----------2018/1/15 14:56:56
2018-01-15 14:56:56,628 [14] DEBUG LISTServer - 登录游戏成功,当前对象存在----------2018/1/15 14:56:56
2018-01-15 14:58:57,901 [27] DEBUG LISTServer - 登陆sssionID--------987ac734-63cd-42b7-a82f-7a39525b3eb6
2018-01-15 14:58:57,901 [27] DEBUG LISTServer - 登录游戏----------2018/1/15 14:58:57
2018-01-15 14:58:58,395 [27] DEBUG LISTServer - 登录用户openid:9697486827159f30f5cab73bbab97a1b56966c2a|昵称:测试用户969----------2018/1/15 14:58:58
2018-01-15 14:58:58,399 [27] DEBUG LISTServer - 登录游戏成功,当前对象存在----------2018/1/15 14:58:58
2018-01-15 14:58:58,639 [27] DEBUG LISTServer - 登录游戏成功,当前对象存在----------2018/1/15 14:58:58
2018-01-15 14:59:57,025 [27] DEBUG LISTServer - 登陆sssionID--------53221139-bc82-442b-a064-fb081b2524f0
2018-01-15 14:59:57,025 [27] DEBUG LISTServer - 登录游戏----------2018/1/15 14:59:57
2018-01-15 14:59:57,251 [27] DEBUG LISTServer - 登录用户openid:9697486827159f30f5cab73bbab97a1b56966c2a|昵称:测试用户969----------2018/1/15 14:59:57
2018-01-15 14:59:57,260 [27] DEBUG LISTServer - 登录游戏成功,当前对象存在----------2018/1/15 14:59:57
2018-01-15 14:59:57,494 [27] DEBUG LISTServer - 登录游戏成功,当前对象存在----------2018/1/15 14:59:57
2018-01-15 15:02:26,814 [14] DEBUG LISTServer - 登陆sssionID--------0222edb7-bc27-4991-a48a-d4359497a4b3
2018-01-15 15:02:26,814 [14] DEBUG LISTServer - 登录游戏----------2018/1/15 15:02:26
2018-01-15 15:02:27,109 [14] DEBUG LISTServer - 登录用户openid:9697486827159f30f5cab73bbab97a1b56966c2a|昵称:测试用户969----------2018/1/15 15:02:27
2018-01-15 15:02:27,113 [14] DEBUG LISTServer - 登录游戏成功,当前对象存在----------2018/1/15 15:02:27
2018-01-15 15:02:27,279 [14] DEBUG LISTServer - 登录游戏成功,当前对象存在----------2018/1/15 15:02:27
2018-01-15 15:02:35,425 [16] DEBUG LISTServer - 登陆sssionID--------ee5acb47-f5fc-4a2e-9039-7c71c878d59b
2018-01-15 15:02:35,426 [16] DEBUG LISTServer - 登录游戏----------2018/1/15 15:02:35
2018-01-15 15:02:35,606 [16] DEBUG LISTServer - 登录用户openid:cb02228dfbbc35594d8f3b7bdaa129cfedd86e9d|昵称:测试用户cb0----------2018/1/15 15:02:35
2018-01-15 15:02:35,611 [16] DEBUG LISTServer - 登录游戏成功,当前对象存在----------2018/1/15 15:02:35
2018-01-15 15:02:35,793 [16] DEBUG LISTServer - 登录游戏成功,当前对象存在----------2018/1/15 15:02:35
2018-01-15 15:05:51,259 [14] DEBUG LISTServer - 登陆sssionID--------72a69e69-83ab-4176-bc73-8f0b6250f8ff
2018-01-15 15:05:51,259 [14] DEBUG LISTServer - 登录游戏----------2018/1/15 15:05:51
2018-01-15 15:05:51,526 [14] DEBUG LISTServer - 登录用户openid:9697486827159f30f5cab73bbab97a1b56966c2a|昵称:测试用户969----------2018/1/15 15:05:51
2018-01-15 15:05:51,596 [14] DEBUG LISTServer - 登录游戏成功,当前对象存在----------2018/1/15 15:05:51
2018-01-15 15:05:51,989 [14] DEBUG LISTServer - 登录游戏成功,当前对象存在----------2018/1/15 15:05:51
2018-01-15 15:06:11,827 [27] DEBUG LISTServer - 登陆sssionID--------5fe36cbc-8867-4561-9cfa-4d448aa54d66
2018-01-15 15:06:11,828 [27] DEBUG LISTServer - 登录游戏----------2018/1/15 15:06:11
2018-01-15 15:06:12,002 [27] DEBUG LISTServer - 登录用户openid:9697486827159f30f5cab73bbab97a1b56966c2a|昵称:测试用户969----------2018/1/15 15:06:12
2018-01-15 15:06:12,008 [27] DEBUG LISTServer - 登录游戏失败,当前对象存在----------2018/1/15 15:06:12
2018-01-15 15:06:12,008 [27] DEBUG LISTServer - sssionID--------5fe36cbc-8867-4561-9cfa-4d448aa54d66
2018-01-15 15:06:13,479 [14] DEBUG LISTServer - 登陆sssionID--------5fe36cbc-8867-4561-9cfa-4d448aa54d66
2018-01-15 15:06:13,479 [14] DEBUG LISTServer - 登录游戏----------2018/1/15 15:06:13
2018-01-15 15:06:13,642 [14] DEBUG LISTServer - 登录用户openid:9697486827159f30f5cab73bbab97a1b56966c2a|昵称:测试用户969----------2018/1/15 15:06:13
2018-01-15 15:06:13,646 [14] DEBUG LISTServer - 登录游戏失败,当前对象存在----------2018/1/15 15:06:13
2018-01-15 15:06:13,646 [14] DEBUG LISTServer - sssionID--------5fe36cbc-8867-4561-9cfa-4d448aa54d66
2018-01-15 15:06:22,097 [14] DEBUG LISTServer - 登陆sssionID--------8d140ac6-8024-4806-97ca-56892476951d
2018-01-15 15:06:22,097 [14] DEBUG LISTServer - 登录游戏----------2018/1/15 15:06:22
2018-01-15 15:06:22,259 [14] DEBUG LISTServer - 登录用户openid:9697486827159f30f5cab73bbab97a1b56966c2a|昵称:测试用户969----------2018/1/15 15:06:22
2018-01-15 15:06:22,262 [14] DEBUG LISTServer - 登录游戏成功,当前对象存在----------2018/1/15 15:06:22
2018-01-15 15:06:22,467 [14] DEBUG LISTServer - 登录游戏成功,当前对象存在----------2018/1/15 15:06:22
2018-01-15 15:06:59,945 [27] DEBUG LISTServer - 登陆sssionID--------ded5447c-388f-459f-ae1b-d73a428700cc
2018-01-15 15:06:59,945 [27] DEBUG LISTServer - 登录游戏----------2018/1/15 15:06:59
2018-01-15 15:07:02,063 [27] DEBUG LISTServer - 登录用户openid:9697486827159f30f5cab73bbab97a1b56966c2a|昵称:测试用户969----------2018/1/15 15:07:02
2018-01-15 15:07:02,074 [27] DEBUG LISTServer - 登录游戏成功,当前对象存在----------2018/1/15 15:07:02
2018-01-15 15:07:02,267 [27] DEBUG LISTServer - 登录游戏成功,当前对象存在----------2018/1/15 15:07:02
2018-01-15 15:07:53,523 [14] DEBUG LISTServer - 登陆sssionID--------bfcba39a-62f3-4d43-8019-a491a1c065de
2018-01-15 15:07:53,524 [14] DEBUG LISTServer - 登录游戏----------2018/1/15 15:07:53
2018-01-15 15:07:53,701 [14] DEBUG LISTServer - 登录用户openid:9697486827159f30f5cab73bbab97a1b56966c2a|昵称:测试用户969----------2018/1/15 15:07:53
2018-01-15 15:07:53,704 [14] DEBUG LISTServer - 登录游戏成功,当前对象存在----------2018/1/15 15:07:53
2018-01-15 15:07:53,865 [14] DEBUG LISTServer - 登录游戏成功,当前对象存在----------2018/1/15 15:07:53
2018-01-15 15:12:06,953 [27] DEBUG LISTServer - 登陆sssionID--------ff2e9add-963c-42a8-92ce-21855203afe8
2018-01-15 15:12:06,953 [27] DEBUG LISTServer - 登录游戏----------2018/1/15 15:12:06
2018-01-15 15:12:07,188 [27] DEBUG LISTServer - 登录用户openid:9697486827159f30f5cab73bbab97a1b56966c2a|昵称:测试用户969----------2018/1/15 15:12:07
2018-01-15 15:12:07,191 [27] DEBUG LISTServer - 登录游戏成功,当前对象存在----------2018/1/15 15:12:07
2018-01-15 15:12:07,362 [27] DEBUG LISTServer - 登录游戏成功,当前对象存在----------2018/1/15 15:12:07
2018-01-15 15:13:52,138 [16] DEBUG LISTServer - 登陆sssionID--------c6410030-01d6-4f19-9c5b-a4f134bb52b3
2018-01-15 15:13:52,138 [16] DEBUG LISTServer - 登录游戏----------2018/1/15 15:13:52
2018-01-15 15:13:52,654 [16] DEBUG LISTServer - 登录用户openid:9697486827159f30f5cab73bbab97a1b56966c2a|昵称:测试用户969----------2018/1/15 15:13:52
2018-01-15 15:13:52,659 [16] DEBUG LISTServer - 登录游戏成功,当前对象存在----------2018/1/15 15:13:52
2018-01-15 15:13:53,032 [16] DEBUG LISTServer - 登录游戏成功,当前对象存在----------2018/1/15 15:13:53
2018-01-15 15:16:20,251 [16] DEBUG LISTServer - 登陆sssionID--------ac0158f6-8aeb-4ffc-b380-1f5745e575f4
2018-01-15 15:16:20,251 [16] DEBUG LISTServer - 登录游戏----------2018/1/15 15:16:20
2018-01-15 15:16:20,486 [16] DEBUG LISTServer - 登录用户openid:9697486827159f30f5cab73bbab97a1b56966c2a|昵称:测试用户969----------2018/1/15 15:16:20
2018-01-15 15:16:20,491 [16] DEBUG LISTServer - 登录游戏成功,当前对象存在----------2018/1/15 15:16:20
2018-01-15 15:16:20,686 [16] DEBUG LISTServer - 登录游戏成功,当前对象存在----------2018/1/15 15:16:20
2018-01-15 15:18:49,505 [14] DEBUG LISTServer - 登陆sssionID--------aad89225-90d8-4ea4-a8f3-3ee618ae967f
2018-01-15 15:18:49,506 [14] DEBUG LISTServer - 登录游戏----------2018/1/15 15:18:49
2018-01-15 15:18:49,754 [14] DEBUG LISTServer - 登录用户openid:9697486827159f30f5cab73bbab97a1b56966c2a|昵称:测试用户969----------2018/1/15 15:18:49
2018-01-15 15:18:49,759 [14] DEBUG LISTServer - 登录游戏成功,当前对象存在----------2018/1/15 15:18:49
2018-01-15 15:18:49,933 [14] DEBUG LISTServer - 登录游戏成功,当前对象存在----------2018/1/15 15:18:49
2018-01-15 15:18:54,132 [16] DEBUG LISTServer - 登陆sssionID--------24f997e6-634b-4d81-af3c-4db689b72f9f
2018-01-15 15:18:54,132 [16] DEBUG LISTServer - 登录游戏----------2018/1/15 15:18:54
2018-01-15 15:18:54,320 [16] DEBUG LISTServer - 登录用户openid:cb02228dfbbc35594d8f3b7bdaa129cfedd86e9d|昵称:测试用户cb0----------2018/1/15 15:18:54
2018-01-15 15:18:54,324 [16] DEBUG LISTServer - 登录游戏成功,当前对象存在----------2018/1/15 15:18:54
2018-01-15 15:18:54,528 [16] DEBUG LISTServer - 登录游戏成功,当前对象存在----------2018/1/15 15:18:54
2018-01-15 15:24:11,389 [16] DEBUG LISTServer - 登陆sssionID--------df64434f-6649-4503-9847-2c63f9de6d0e
2018-01-15 15:24:11,389 [16] DEBUG LISTServer - 登录游戏----------2018/1/15 15:24:11
2018-01-15 15:24:11,662 [16] DEBUG LISTServer - 登录用户openid:9697486827159f30f5cab73bbab97a1b56966c2a|昵称:测试用户969----------2018/1/15 15:24:11
2018-01-15 15:24:11,666 [16] DEBUG LISTServer - 登录游戏成功,当前对象存在----------2018/1/15 15:24:11
2018-01-15 15:24:11,827 [16] DEBUG LISTServer - 登录游戏成功,当前对象存在----------2018/1/15 15:24:11
2018-01-15 15:32:44,959 [21] DEBUG LISTServer - 登陆sssionID--------f18e3178-6409-4982-9a7b-36e1b445002a
2018-01-15 15:32:44,959 [21] DEBUG LISTServer - 登录游戏----------2018/1/15 15:32:44
2018-01-15 15:32:45,438 [21] DEBUG LISTServer - 登录用户openid:9697486827159f30f5cab73bbab97a1b56966c2a|昵称:测试用户969----------2018/1/15 15:32:45
2018-01-15 15:32:45,441 [21] DEBUG LISTServer - 登录游戏成功,当前对象存在----------2018/1/15 15:32:45
2018-01-15 15:32:45,661 [21] DEBUG LISTServer - 登录游戏成功,当前对象存在----------2018/1/15 15:32:45
2018-01-15 15:34:54,865 [21] DEBUG LISTServer - 登陆sssionID--------6455d127-3835-4010-a46a-3b98026f4ff2
2018-01-15 15:34:54,866 [21] DEBUG LISTServer - 登录游戏----------2018/1/15 15:34:54
2018-01-15 15:34:55,072 [21] DEBUG LISTServer - 登录用户openid:cb02228dfbbc35594d8f3b7bdaa129cfedd86e9d|昵称:测试用户cb0----------2018/1/15 15:34:55
2018-01-15 15:34:55,074 [21] DEBUG LISTServer - 登录游戏成功,当前对象存在----------2018/1/15 15:34:55
2018-01-15 15:34:55,226 [21] DEBUG LISTServer - 登录游戏成功,当前对象存在----------2018/1/15 15:34:55
2018-01-15 15:35:16,388 [7] DEBUG LISTServer - 用户退出不存在朋友圈 关闭连接
2018-01-15 15:35:32,126 [14] DEBUG LISTServer - 用户退出不存在朋友圈 关闭连接
2018-01-15 15:35:41,940 [27] DEBUG LISTServer - 用户退出不存在朋友圈 关闭连接
2018-01-15 15:36:38,084 [7] DEBUG LISTServer - 用户退出不存在朋友圈 关闭连接
2018-01-15 15:37:13,145 [27] DEBUG LISTServer - 用户退出不存在朋友圈 关闭连接
2018-01-15 15:39:07,619 [21] DEBUG LISTServer - 用户退出不存在朋友圈 关闭连接
2018-01-15 15:41:37,464 [23] DEBUG LISTServer - 登陆sssionID--------b12bd262-6353-413d-a4f1-218ba6aca38e
2018-01-15 15:41:37,464 [23] DEBUG LISTServer - 登录游戏----------2018/1/15 15:41:37
2018-01-15 15:41:37,707 [23] DEBUG LISTServer - 登录用户openid:9697486827159f30f5cab73bbab97a1b56966c2a|昵称:测试用户969----------2018/1/15 15:41:37
2018-01-15 15:41:37,710 [23] DEBUG LISTServer - 登录游戏成功,当前对象存在----------2018/1/15 15:41:37
2018-01-15 15:41:37,890 [23] DEBUG LISTServer - 登录游戏成功,当前对象存在----------2018/1/15 15:41:37
2018-01-15 15:43:25,569 [23] DEBUG LISTServer - 登陆sssionID--------dd23ff16-3dbe-4c05-9ca6-d33c9e05b338
2018-01-15 15:43:25,569 [23] DEBUG LISTServer - 登录游戏----------2018/1/15 15:43:25
2018-01-15 15:43:25,845 [23] DEBUG LISTServer - 登录用户openid:9697486827159f30f5cab73bbab97a1b56966c2a|昵称:测试用户969----------2018/1/15 15:43:25
2018-01-15 15:43:25,850 [23] DEBUG LISTServer - 登录游戏成功,当前对象存在----------2018/1/15 15:43:25
2018-01-15 15:43:26,001 [23] DEBUG LISTServer - 登录游戏成功,当前对象存在----------2018/1/15 15:43:26
2018-01-15 15:44:28,447 [21] DEBUG LISTServer - 登陆sssionID--------f8a115ce-f670-4737-9533-0eb8130a5378
2018-01-15 15:44:28,447 [21] DEBUG LISTServer - 登录游戏----------2018/1/15 15:44:28
2018-01-15 15:44:28,784 [21] DEBUG LISTServer - 登录用户openid:cb02228dfbbc35594d8f3b7bdaa129cfedd86e9d|昵称:测试用户cb0----------2018/1/15 15:44:28
2018-01-15 15:44:28,791 [21] DEBUG LISTServer - 登录游戏成功,当前对象存在----------2018/1/15 15:44:28
2018-01-15 15:44:29,041 [21] DEBUG LISTServer - 登录游戏成功,当前对象存在----------2018/1/15 15:44:29
2018-01-15 15:45:15,209 [21] DEBUG LISTServer - 登陆sssionID--------28bb619f-329d-464a-8f2e-d70c75821671
2018-01-15 15:45:15,209 [21] DEBUG LISTServer - 登录游戏----------2018/1/15 15:45:15
2018-01-15 15:45:15,385 [21] DEBUG LISTServer - 登录用户openid:9697486827159f30f5cab73bbab97a1b56966c2a|昵称:测试用户969----------2018/1/15 15:45:15
2018-01-15 15:45:15,390 [21] DEBUG LISTServer - 登录游戏成功,当前对象存在----------2018/1/15 15:45:15
2018-01-15 15:45:15,543 [21] DEBUG LISTServer - 登录游戏成功,当前对象存在----------2018/1/15 15:45:15
2018-01-15 15:45:32,628 [17] DEBUG LISTServer - 登陆sssionID--------c37ab427-f60e-4f0a-9ca3-de48e73d7a31
2018-01-15 15:45:32,628 [17] DEBUG LISTServer - 登录游戏----------2018/1/15 15:45:32
2018-01-15 15:45:32,785 [17] DEBUG LISTServer - 登录用户openid:cb02228dfbbc35594d8f3b7bdaa129cfedd86e9d|昵称:测试用户cb0----------2018/1/15 15:45:32
2018-01-15 15:45:32,788 [17] DEBUG LISTServer - 登录游戏成功,当前对象存在----------2018/1/15 15:45:32
2018-01-15 15:45:32,928 [17] DEBUG LISTServer - 登录游戏成功,当前对象存在----------2018/1/15 15:45:32
2018-01-15 15:47:12,660 [27] DEBUG LISTServer - 用户退出不存在朋友圈 关闭连接
2018-01-15 15:48:02,365 [21] DEBUG LISTServer - 登陆sssionID--------eff6d3db-0844-4f69-976a-57a2ae49a0a5
2018-01-15 15:48:02,365 [21] DEBUG LISTServer - 登录游戏----------2018/1/15 15:48:02
2018-01-15 15:48:02,610 [21] DEBUG LISTServer - 登录用户openid:9697486827159f30f5cab73bbab97a1b56966c2a|昵称:测试用户969----------2018/1/15 15:48:02
2018-01-15 15:48:02,617 [21] DEBUG LISTServer - 登录游戏成功,当前对象存在----------2018/1/15 15:48:02
2018-01-15 15:48:02,794 [21] DEBUG LISTServer - 登录游戏成功,当前对象存在----------2018/1/15 15:48:02
2018-01-15 15:48:43,347 [14] DEBUG LISTServer - 登陆sssionID--------3b8a8afd-094b-476c-bbcf-4c48e867f530
2018-01-15 15:48:43,347 [14] DEBUG LISTServer - 登录游戏----------2018/1/15 15:48:43
2018-01-15 15:48:43,531 [14] DEBUG LISTServer - 登录用户openid:9697486827159f30f5cab73bbab97a1b56966c2a|昵称:测试用户969----------2018/1/15 15:48:43
2018-01-15 15:48:43,537 [14] DEBUG LISTServer - 登录游戏成功,当前对象存在----------2018/1/15 15:48:43
2018-01-15 15:48:43,706 [14] DEBUG LISTServer - 登录游戏成功,当前对象存在----------2018/1/15 15:48:43
2018-01-15 15:49:27,307 [14] DEBUG LISTServer - 登陆sssionID--------72dea0ab-7f09-4efd-9ab8-e3b17f93311e
2018-01-15 15:49:27,307 [14] DEBUG LISTServer - 登录游戏----------2018/1/15 15:49:27
2018-01-15 15:49:27,490 [14] DEBUG LISTServer - 登录用户openid:cb02228dfbbc35594d8f3b7bdaa129cfedd86e9d|昵称:测试用户cb0----------2018/1/15 15:49:27
2018-01-15 15:49:27,494 [14] DEBUG LISTServer - 登录游戏成功,当前对象存在----------2018/1/15 15:49:27
2018-01-15 15:49:27,632 [14] DEBUG LISTServer - 登录游戏成功,当前对象存在----------2018/1/15 15:49:27
2018-01-15 15:54:44,376 [27] DEBUG LISTServer - 登陆sssionID--------6a9d38d4-5155-41d6-a126-7eb15e75403a
2018-01-15 15:54:44,376 [27] DEBUG LISTServer - 登录游戏----------2018/1/15 15:54:44
2018-01-15 15:54:44,689 [27] DEBUG LISTServer - 登录用户openid:9697486827159f30f5cab73bbab97a1b56966c2a|昵称:测试用户969----------2018/1/15 15:54:44
2018-01-15 15:54:44,693 [27] DEBUG LISTServer - 登录游戏成功,当前对象存在----------2018/1/15 15:54:44
2018-01-15 15:54:44,869 [27] DEBUG LISTServer - 登录游戏成功,当前对象存在----------2018/1/15 15:54:44
2018-01-15 17:05:30,761 [34] DEBUG LISTServer - 登陆sssionID--------325b72e5-369a-4c5b-bf64-25d874df30ab
2018-01-15 17:05:30,765 [34] DEBUG LISTServer - 登录游戏----------2018/1/15 17:05:30
2018-01-15 17:05:32,267 [34] DEBUG LISTServer - 登录用户openid:9697486827159f30f5cab73bbab97a1b56966c2a|昵称:测试用户969----------2018/1/15 17:05:32
2018-01-15 17:08:38,809 [25] DEBUG LISTServer - 登陆sssionID--------74f8587f-a79b-482b-bd6a-6767538a2469
2018-01-15 17:08:38,809 [25] DEBUG LISTServer - 登录游戏----------2018/1/15 17:08:38
2018-01-15 17:08:39,054 [25] DEBUG LISTServer - 登录用户openid:9697486827159f30f5cab73bbab97a1b56966c2a|昵称:测试用户969----------2018/1/15 17:08:39
2018-01-15 17:08:39,059 [25] DEBUG LISTServer - 登录游戏成功,当前对象存在----------2018/1/15 17:08:39
2018-01-15 17:08:39,258 [25] DEBUG LISTServer - 登录游戏成功,当前对象存在----------2018/1/15 17:08:39
2018-01-15 17:10:02,861 [30] DEBUG LISTServer - 登陆sssionID--------09a9bd69-9f5f-43eb-94c6-eebfa8004562
2018-01-15 17:10:02,861 [30] DEBUG LISTServer - 登录游戏----------2018/1/15 17:10:02
2018-01-15 17:10:03,166 [30] DEBUG LISTServer - 登录用户openid:cb02228dfbbc35594d8f3b7bdaa129cfedd86e9d|昵称:测试用户cb0----------2018/1/15 17:10:03
2018-01-15 17:10:03,174 [30] DEBUG LISTServer - 登录游戏成功,当前对象存在----------2018/1/15 17:10:03
2018-01-15 17:10:03,372 [30] DEBUG LISTServer - 登录游戏成功,当前对象存在----------2018/1/15 17:10:03
2018-01-15 17:11:06,016 [25] DEBUG LISTServer - 用户退出不存在朋友圈 关闭连接
2018-01-15 17:11:06,020 [24] DEBUG LISTServer - 登陆sssionID--------49ecb521-ac60-4bf9-a564-cc51d95eea28
2018-01-15 17:11:06,020 [24] DEBUG LISTServer - 登录游戏----------2018/1/15 17:11:06
2018-01-15 17:11:06,170 [24] DEBUG LISTServer - 登录用户openid:9697486827159f30f5cab73bbab97a1b56966c2a|昵称:测试用户969----------2018/1/15 17:11:06
2018-01-15 17:11:06,174 [24] DEBUG LISTServer - 登录游戏成功,当前对象存在----------2018/1/15 17:11:06
2018-01-15 17:11:06,335 [24] DEBUG LISTServer - 登录游戏成功,当前对象存在----------2018/1/15 17:11:06
2018-01-15 17:13:23,981 [12] DEBUG LISTServer - 登陆sssionID--------0005a726-7f42-4e14-a9ef-b517e3e707d7
2018-01-15 17:13:23,981 [12] DEBUG LISTServer - 登录游戏----------2018/1/15 17:13:23
2018-01-15 17:13:24,258 [12] DEBUG LISTServer - 登录用户openid:9697486827159f30f5cab73bbab97a1b56966c2a|昵称:测试用户969----------2018/1/15 17:13:24
2018-01-15 17:13:24,261 [12] DEBUG LISTServer - 登录游戏成功,当前对象存在----------2018/1/15 17:13:24
2018-01-15 17:13:24,442 [12] DEBUG LISTServer - 登录游戏成功,当前对象存在----------2018/1/15 17:13:24
2018-01-15 17:16:03,794 [3] DEBUG LISTServer - 登陆sssionID--------72cf793e-795c-48dc-bce3-a882698fffdf
2018-01-15 17:16:03,794 [3] DEBUG LISTServer - 登录游戏----------2018/1/15 17:16:03
2018-01-15 17:16:04,020 [3] DEBUG LISTServer - 登录用户openid:cb02228dfbbc35594d8f3b7bdaa129cfedd86e9d|昵称:测试用户cb0----------2018/1/15 17:16:04
2018-01-15 17:16:04,023 [3] DEBUG LISTServer - 登录游戏成功,当前对象存在----------2018/1/15 17:16:04
2018-01-15 17:16:04,182 [3] DEBUG LISTServer - 登录游戏成功,当前对象存在----------2018/1/15 17:16:04
2018-01-15 17:18:45,328 [14] DEBUG LISTServer - 登陆sssionID--------287f02a5-3f58-49cd-b941-cac4665fedf9
2018-01-15 17:18:45,329 [14] DEBUG LISTServer - 登录游戏----------2018/1/15 17:18:45
2018-01-15 17:18:45,504 [14] DEBUG LISTServer - 登录用户openid:9697486827159f30f5cab73bbab97a1b56966c2a|昵称:测试用户969----------2018/1/15 17:18:45
2018-01-15 17:18:45,512 [14] DEBUG LISTServer - 登录游戏成功,当前对象存在----------2018/1/15 17:18:45
2018-01-15 17:18:45,691 [14] DEBUG LISTServer - 登录游戏成功,当前对象存在----------2018/1/15 17:18:45
2018-01-15 17:23:40,094 [1] DEBUG DefaultBootstrap - The server instance LISTServer has been created!
2018-01-15 17:23:40,240 [1] DEBUG LISTServer - The command 11105(ListBLL.Logic.AgentGetGroupInfo) has been discovered
2018-01-15 17:23:40,240 [1] DEBUG LISTServer - The command 11107(ListBLL.Logic.AgentGroupUsersManager) has been discovered
2018-01-15 17:23:40,240 [1] DEBUG LISTServer - The command 11110(ListBLL.Logic.AgentSignIn) has been discovered
2018-01-15 17:23:40,240 [1] DEBUG LISTServer - The command 11060(ListBLL.Logic.ApplyRecord) has been discovered
2018-01-15 17:23:40,240 [1] DEBUG LISTServer - The command 11040(ListBLL.Logic.ApplyToJoin) has been discovered
2018-01-15 17:23:40,240 [1] DEBUG LISTServer - The command 11070(ListBLL.Logic.ChangeApplyStatus) has been discovered
2018-01-15 17:23:40,240 [1] DEBUG LISTServer - The command 11103(ListBLL.Logic.CreateGroup) has been discovered
2018-01-15 17:23:40,240 [1] DEBUG LISTServer - The command 11109(ListBLL.Logic.DeleteGroup) has been discovered
2018-01-15 17:23:40,240 [1] DEBUG LISTServer - The command 19005(ListBLL.Logic.Feedback) has been discovered
2018-01-15 17:23:40,240 [1] DEBUG LISTServer - The command 11020(ListBLL.Logic.GameOperation) has been discovered
2018-01-15 17:23:40,240 [1] DEBUG LISTServer - The command 11030(ListBLL.Logic.GetGroupInfo) has been discovered
2018-01-15 17:23:40,240 [1] DEBUG LISTServer - The command 11032(ListBLL.Logic.GetGroupInfoByGroupID) has been discovered
2018-01-15 17:23:40,240 [1] DEBUG LISTServer - The command 11034(ListBLL.Logic.GetGroupUserInfoByGroupID) has been discovered
2018-01-15 17:23:40,241 [1] DEBUG LISTServer - The command 11022(ListBLL.Logic.GetRoomCard) has been discovered
2018-01-15 17:23:40,241 [1] DEBUG LISTServer - The command 11050(ListBLL.Logic.GroupUsersManager) has been discovered
2018-01-15 17:23:40,241 [1] DEBUG LISTServer - The command 10001(ListBLL.Logic.Heartbeat) has been discovered
2018-01-15 17:23:40,241 [1] DEBUG LISTServer - The command 11080(ListBLL.Logic.LobbyInfo) has been discovered
2018-01-15 17:23:40,241 [1] DEBUG LISTServer - The command 11001(ListBLL.Logic.Login) has been discovered
2018-01-15 17:23:40,241 [1] DEBUG LISTServer - The command 11101(ListBLL.Logic.Package) has been discovered
2018-01-15 17:23:40,241 [1] DEBUG LISTServer - The command 11090(ListBLL.Logic.QuitGroup) has been discovered
2018-01-15 17:23:40,241 [1] DEBUG LISTServer - The command 11108(ListBLL.Logic.SearchPlayer) has been discovered
2018-01-15 17:23:40,242 [1] DEBUG LISTServer - The command 19003(ListBLL.Logic.UserGamePlaybackLogic) has been discovered
2018-01-15 17:23:40,242 [1] DEBUG LISTServer - The command 19001(ListBLL.Logic.UserRecordLogic) has been discovered
2018-01-15 17:23:40,255 [1] DEBUG DefaultBootstrap - The server instance LISTServer has been initialized!
2018-01-15 17:23:41,358 [1] DEBUG DefaultBootstrap - The PerformanceMonitor has been initialized!
2018-01-15 17:23:41,358 [1] DEBUG DefaultBootstrap - The Bootstrap has been initialized!
2018-01-15 17:23:41,378 [1] DEBUG LISTServer - Listener (0.0.0.0:2018) was started
2018-01-15 17:23:41,382 [1] DEBUG DefaultBootstrap - The PerformanceMonitor has been started!
2018-01-15 17:23:54,845 [12] DEBUG LISTServer - 登陆sssionID--------88b09c2b-b85d-4556-adfd-e17a04e3e10e
2018-01-15 17:23:54,845 [12] DEBUG LISTServer - 登录游戏----------2018/1/15 17:23:54
2018-01-15 17:23:55,561 [12] DEBUG LISTServer - 登录用户openid:cb02228dfbbc35594d8f3b7bdaa129cfedd86e9d|昵称:测试用户cb0----------2018/1/15 17:23:55
2018-01-15 17:23:56,062 [12] DEBUG LISTServer - 登录游戏成功----------2018/1/15 17:23:56
2018-01-15 17:23:56,062 [12] DEBUG LISTServer - 新登录用户openid:cb02228dfbbc35594d8f3b7bdaa129cfedd86e9d
2018-01-15 17:24:04,367 [7] DEBUG LISTServer - 登陆sssionID--------e724aa5d-6afa-44d9-864a-c7c87fdc5140
2018-01-15 17:24:04,367 [7] DEBUG LISTServer - 登录游戏----------2018/1/15 17:24:04
2018-01-15 17:24:04,550 [7] DEBUG LISTServer - 登录用户openid:9697486827159f30f5cab73bbab97a1b56966c2a|昵称:测试用户969----------2018/1/15 17:24:04
2018-01-15 17:24:04,733 [7] DEBUG LISTServer - 登录游戏成功----------2018/1/15 17:24:04
2018-01-15 17:24:04,733 [7] DEBUG LISTServer - 新登录用户openid:9697486827159f30f5cab73bbab97a1b56966c2a
2018-01-15 17:28:59,641 [12] DEBUG LISTServer - 登陆sssionID--------8a57e9e4-2a2f-494d-a28d-01c3d9e392e3
2018-01-15 17:28:59,641 [12] DEBUG LISTServer - 登录游戏----------2018/1/15 17:28:59
2018-01-15 17:28:59,917 [12] DEBUG LISTServer - 登录用户openid:9697486827159f30f5cab73bbab97a1b56966c2a|昵称:测试用户969----------2018/1/15 17:28:59
2018-01-15 17:28:59,922 [12] DEBUG LISTServer - 登录游戏成功,当前对象存在----------2018/1/15 17:28:59
2018-01-15 17:29:00,082 [12] DEBUG LISTServer - 登录游戏成功,当前对象存在----------2018/1/15 17:29:00
2018-01-15 17:30:10,430 [12] DEBUG LISTServer - 登陆sssionID--------3bd09678-0dd0-4821-9c3f-8ddaaad6f40d
2018-01-15 17:30:10,430 [12] DEBUG LISTServer - 登录游戏----------2018/1/15 17:30:10
2018-01-15 17:30:10,647 [12] DEBUG LISTServer - 登录用户openid:9697486827159f30f5cab73bbab97a1b56966c2a|昵称:测试用户969----------2018/1/15 17:30:10
2018-01-15 17:30:10,651 [12] DEBUG LISTServer - 登录游戏成功,当前对象存在----------2018/1/15 17:30:10
2018-01-15 17:30:10,796 [12] DEBUG LISTServer - 登录游戏成功,当前对象存在----------2018/1/15 17:30:10
2018-01-15 17:37:33,277 [1] DEBUG DefaultBootstrap - The server instance LISTServer has been created!
2018-01-15 17:37:33,419 [1] DEBUG LISTServer - The command 11105(ListBLL.Logic.AgentGetGroupInfo) has been discovered
2018-01-15 17:37:33,419 [1] DEBUG LISTServer - The command 11107(ListBLL.Logic.AgentGroupUsersManager) has been discovered
2018-01-15 17:37:33,419 [1] DEBUG LISTServer - The command 11110(ListBLL.Logic.AgentSignIn) has been discovered
2018-01-15 17:37:33,419 [1] DEBUG LISTServer - The command 11060(ListBLL.Logic.ApplyRecord) has been discovered
2018-01-15 17:37:33,419 [1] DEBUG LISTServer - The command 11040(ListBLL.Logic.ApplyToJoin) has been discovered
2018-01-15 17:37:33,419 [1] DEBUG LISTServer - The command 11070(ListBLL.Logic.ChangeApplyStatus) has been discovered
2018-01-15 17:37:33,419 [1] DEBUG LISTServer - The command 11103(ListBLL.Logic.CreateGroup) has been discovered
2018-01-15 17:37:33,419 [1] DEBUG LISTServer - The command 11109(ListBLL.Logic.DeleteGroup) has been discovered
2018-01-15 17:37:33,419 [1] DEBUG LISTServer - The command 19005(ListBLL.Logic.Feedback) has been discovered
2018-01-15 17:37:33,419 [1] DEBUG LISTServer - The command 11020(ListBLL.Logic.GameOperation) has been discovered
2018-01-15 17:37:33,419 [1] DEBUG LISTServer - The command 11030(ListBLL.Logic.GetGroupInfo) has been discovered
2018-01-15 17:37:33,420 [1] DEBUG LISTServer - The command 11032(ListBLL.Logic.GetGroupInfoByGroupID) has been discovered
2018-01-15 17:37:33,420 [1] DEBUG LISTServer - The command 11034(ListBLL.Logic.GetGroupUserInfoByGroupID) has been discovered
2018-01-15 17:37:33,420 [1] DEBUG LISTServer - The command 11022(ListBLL.Logic.GetRoomCard) has been discovered
2018-01-15 17:37:33,420 [1] DEBUG LISTServer - The command 11050(ListBLL.Logic.GroupUsersManager) has been discovered
2018-01-15 17:37:33,420 [1] DEBUG LISTServer - The command 10001(ListBLL.Logic.Heartbeat) has been discovered
2018-01-15 17:37:33,420 [1] DEBUG LISTServer - The command 11080(ListBLL.Logic.LobbyInfo) has been discovered
2018-01-15 17:37:33,420 [1] DEBUG LISTServer - The command 11001(ListBLL.Logic.Login) has been discovered
2018-01-15 17:37:33,420 [1] DEBUG LISTServer - The command 11101(ListBLL.Logic.Package) has been discovered
2018-01-15 17:37:33,420 [1] DEBUG LISTServer - The command 11090(ListBLL.Logic.QuitGroup) has been discovered
2018-01-15 17:37:33,420 [1] DEBUG LISTServer - The command 11108(ListBLL.Logic.SearchPlayer) has been discovered
2018-01-15 17:37:33,420 [1] DEBUG LISTServer - The command 19003(ListBLL.Logic.UserGamePlaybackLogic) has been discovered
2018-01-15 17:37:33,420 [1] DEBUG LISTServer - The command 19001(ListBLL.Logic.UserRecordLogic) has been discovered
2018-01-15 17:37:33,434 [1] DEBUG DefaultBootstrap - The server instance LISTServer has been initialized!
2018-01-15 17:37:34,543 [1] DEBUG DefaultBootstrap - The PerformanceMonitor has been initialized!
2018-01-15 17:37:34,543 [1] DEBUG DefaultBootstrap - The Bootstrap has been initialized!
2018-01-15 17:37:34,565 [1] DEBUG LISTServer - Listener (0.0.0.0:2018) was started
2018-01-15 17:37:34,569 [1] DEBUG DefaultBootstrap - The PerformanceMonitor has been started!
2018-01-15 17:37:45,924 [7] DEBUG LISTServer - 登陆sssionID--------f3027351-2f74-4488-a5f1-2eb0efe9159f
2018-01-15 17:37:45,924 [7] DEBUG LISTServer - 登录游戏----------2018/1/15 17:37:45
2018-01-15 17:37:46,582 [7] DEBUG LISTServer - 登录用户openid:9697486827159f30f5cab73bbab97a1b56966c2a|昵称:测试用户969----------2018/1/15 17:37:46
2018-01-15 17:37:46,885 [7] DEBUG LISTServer - 登录游戏成功----------2018/1/15 17:37:46
2018-01-15 17:37:46,885 [7] DEBUG LISTServer - 新登录用户openid:9697486827159f30f5cab73bbab97a1b56966c2a
2018-01-15 17:37:48,856 [13] DEBUG LISTServer - 登陆sssionID--------a183365d-faf8-4a57-8a3f-c08f3ecd8c73
2018-01-15 17:37:48,856 [13] DEBUG LISTServer - 登录游戏----------2018/1/15 17:37:48
2018-01-15 17:37:49,054 [13] DEBUG LISTServer - 登录用户openid:cb02228dfbbc35594d8f3b7bdaa129cfedd86e9d|昵称:测试用户cb0----------2018/1/15 17:37:49
2018-01-15 17:37:49,238 [13] DEBUG LISTServer - 登录游戏成功----------2018/1/15 17:37:49
2018-01-15 17:37:49,238 [13] DEBUG LISTServer - 新登录用户openid:cb02228dfbbc35594d8f3b7bdaa129cfedd86e9d
2018-01-15 17:55:35,593 [1] DEBUG DefaultBootstrap - The server instance LISTServer has been created!
2018-01-15 17:55:35,754 [1] DEBUG LISTServer - The command 11105(ListBLL.Logic.AgentGetGroupInfo) has been discovered
2018-01-15 17:55:35,754 [1] DEBUG LISTServer - The command 11107(ListBLL.Logic.AgentGroupUsersManager) has been discovered
2018-01-15 17:55:35,754 [1] DEBUG LISTServer - The command 11110(ListBLL.Logic.AgentSignIn) has been discovered
2018-01-15 17:55:35,754 [1] DEBUG LISTServer - The command 11060(ListBLL.Logic.ApplyRecord) has been discovered
2018-01-15 17:55:35,755 [1] DEBUG LISTServer - The command 11040(ListBLL.Logic.ApplyToJoin) has been discovered
2018-01-15 17:55:35,755 [1] DEBUG LISTServer - The command 11070(ListBLL.Logic.ChangeApplyStatus) has been discovered
2018-01-15 17:55:35,755 [1] DEBUG LISTServer - The command 11103(ListBLL.Logic.CreateGroup) has been discovered
2018-01-15 17:55:35,755 [1] DEBUG LISTServer - The command 11109(ListBLL.Logic.DeleteGroup) has been discovered
2018-01-15 17:55:35,755 [1] DEBUG LISTServer - The command 19005(ListBLL.Logic.Feedback) has been discovered
2018-01-15 17:55:35,755 [1] DEBUG LISTServer - The command 11020(ListBLL.Logic.GameOperation) has been discovered
2018-01-15 17:55:35,755 [1] DEBUG LISTServer - The command 11030(ListBLL.Logic.GetGroupInfo) has been discovered
2018-01-15 17:55:35,755 [1] DEBUG LISTServer - The command 11032(ListBLL.Logic.GetGroupInfoByGroupID) has been discovered
2018-01-15 17:55:35,756 [1] DEBUG LISTServer - The command 11034(ListBLL.Logic.GetGroupUserInfoByGroupID) has been discovered
2018-01-15 17:55:35,756 [1] DEBUG LISTServer - The command 11022(ListBLL.Logic.GetRoomCard) has been discovered
2018-01-15 17:55:35,756 [1] DEBUG LISTServer - The command 11050(ListBLL.Logic.GroupUsersManager) has been discovered
2018-01-15 17:55:35,756 [1] DEBUG LISTServer - The command 10001(ListBLL.Logic.Heartbeat) has been discovered
2018-01-15 17:55:35,756 [1] DEBUG LISTServer - The command 11080(ListBLL.Logic.LobbyInfo) has been discovered
2018-01-15 17:55:35,756 [1] DEBUG LISTServer - The command 11001(ListBLL.Logic.Login) has been discovered
2018-01-15 17:55:35,756 [1] DEBUG LISTServer - The command 11101(ListBLL.Logic.Package) has been discovered
2018-01-15 17:55:35,756 [1] DEBUG LISTServer - The command 11090(ListBLL.Logic.QuitGroup) has been discovered
2018-01-15 17:55:35,756 [1] DEBUG LISTServer - The command 11108(ListBLL.Logic.SearchPlayer) has been discovered
2018-01-15 17:55:35,756 [1] DEBUG LISTServer - The command 19003(ListBLL.Logic.UserGamePlaybackLogic) has been discovered
2018-01-15 17:55:35,756 [1] DEBUG LISTServer - The command 19001(ListBLL.Logic.UserRecordLogic) has been discovered
2018-01-15 17:55:35,770 [1] DEBUG DefaultBootstrap - The server instance LISTServer has been initialized!
2018-01-15 17:55:36,895 [1] DEBUG DefaultBootstrap - The PerformanceMonitor has been initialized!
2018-01-15 17:55:36,895 [1] DEBUG DefaultBootstrap - The Bootstrap has been initialized!
2018-01-15 17:55:36,916 [1] DEBUG LISTServer - Listener (0.0.0.0:2018) was started
2018-01-15 17:55:36,920 [1] DEBUG DefaultBootstrap - The PerformanceMonitor has been started!
2018-01-15 17:55:38,037 [13] DEBUG LISTServer - 登陆sssionID--------c9874427-d0ac-4806-9060-430cb583811f
2018-01-15 17:55:38,037 [13] DEBUG LISTServer - 登录游戏----------2018/1/15 17:55:38
2018-01-15 17:55:40,114 [13] DEBUG LISTServer - 登录用户openid:cb02228dfbbc35594d8f3b7bdaa129cfedd86e9d|昵称:测试用户cb0----------2018/1/15 17:55:40
2018-01-15 17:55:41,336 [13] DEBUG LISTServer - 登录游戏成功----------2018/1/15 17:55:41
2018-01-15 17:55:41,336 [13] DEBUG LISTServer - 新登录用户openid:cb02228dfbbc35594d8f3b7bdaa129cfedd86e9d
2018-01-15 17:55:48,907 [13] DEBUG LISTServer - 登陆sssionID--------cb33565e-e160-435a-80fd-f897e381d26e
2018-01-15 17:55:48,907 [13] DEBUG LISTServer - 登录游戏----------2018/1/15 17:55:48
2018-01-15 17:55:49,444 [13] DEBUG LISTServer - 登录用户openid:cb02228dfbbc35594d8f3b7bdaa129cfedd86e9d|昵称:测试用户cb0----------2018/1/15 17:55:49
2018-01-15 17:55:49,521 [13] DEBUG LISTServer - 登录游戏成功,当前对象存在----------2018/1/15 17:55:49
2018-01-15 17:55:50,159 [13] DEBUG LISTServer - 登录游戏成功,当前对象存在----------2018/1/15 17:55:50
2018-01-15 17:56:17,816 [13] DEBUG LISTServer - 登陆sssionID--------ca4e9898-4013-4e34-a51d-b235b3ae44aa
2018-01-15 17:56:17,816 [13] DEBUG LISTServer - 登录游戏----------2018/1/15 17:56:17
2018-01-15 17:56:18,201 [13] DEBUG LISTServer - 登录用户openid:9697486827159f30f5cab73bbab97a1b56966c2a|昵称:测试用户969----------2018/1/15 17:56:18
2018-01-15 17:56:19,132 [13] DEBUG LISTServer - 登录游戏成功----------2018/1/15 17:56:19
2018-01-15 17:56:19,132 [13] DEBUG LISTServer - 新登录用户openid:9697486827159f30f5cab73bbab97a1b56966c2a
2018-01-15 18:07:41,351 [26] DEBUG LISTServer - 登陆sssionID--------168f16d7-90c4-4f34-bf2d-906ac1f35e6c
2018-01-15 18:07:41,351 [26] DEBUG LISTServer - 登录游戏----------2018/1/15 18:07:41
2018-01-15 18:07:41,513 [26] DEBUG LISTServer - 登录用户openid:9697486827159f30f5cab73bbab97a1b56966c2a|昵称:测试用户969----------2018/1/15 18:07:41
2018-01-15 18:07:41,517 [26] DEBUG LISTServer - 登录游戏成功,当前对象存在----------2018/1/15 18:07:41
2018-01-15 18:07:41,679 [26] DEBUG LISTServer - 登录游戏成功,当前对象存在----------2018/1/15 18:07:41
