2017-10-23 10:25:18,876 [1] DEBUG DefaultBootstrap - The server instance LISTServer has been created!
2017-10-23 10:25:18,986 [1] DEBUG LISTServer - The command 11020(ListBLL.Logic.GameOperation) has been discovered
2017-10-23 10:25:18,986 [1] DEBUG LISTServer - The command 10001(ListBLL.Logic.Heartbeat) has been discovered
2017-10-23 10:25:18,986 [1] DEBUG LISTServer - The command 11001(ListBLL.Logic.Login) has been discovered
2017-10-23 10:25:18,986 [1] DEBUG LISTServer - The command 19003(ListBLL.Logic.UserGamePlaybackLogic) has been discovered
2017-10-23 10:25:18,986 [1] DEBUG LISTServer - The command 19001(ListBLL.Logic.UserRecordLogic) has been discovered
2017-10-23 10:25:19,001 [1] DEBUG DefaultBootstrap - The server instance LISTServer has been initialized!
2017-10-23 10:25:19,924 [1] DEBUG DefaultBootstrap - The PerformanceMonitor has been initialized!
2017-10-23 10:25:19,924 [1] DEBUG DefaultBootstrap - The Bootstrap has been initialized!
2017-10-23 10:25:19,955 [1] DEBUG LISTServer - Listener (0.0.0.0:2018) was started
2017-10-23 10:25:19,955 [1] DEBUG DefaultBootstrap - The PerformanceMonitor has been started!
2017-10-23 10:28:29,388 [14] DEBUG LISTServer - 登陆sssionID--------5e4c3aea-588e-4f9d-97ac-77a388456afd
2017-10-23 10:28:29,388 [14] DEBUG LISTServer - 登录游戏----------2017/10/23 10:28:29
2017-10-23 10:28:29,940 [14] DEBUG LISTServer - 登录用户openid:9697486827159f30f5cab73bbab97a1b56966c2a|昵称:测试用户969----------2017/10/23 10:28:29
2017-10-23 10:28:31,080 [14] DEBUG LISTServer - 登录游戏成功----------2017/10/23 10:28:31
2017-10-23 10:28:42,935 [14] DEBUG LISTServer - 登陆sssionID--------dd905d33-8b45-476d-8a75-7b559fb05a6e
2017-10-23 10:28:42,935 [14] DEBUG LISTServer - 登录游戏----------2017/10/23 10:28:42
2017-10-23 10:28:42,998 [14] DEBUG LISTServer - 登录用户openid:2be4087248667baee875b4dd4e4e388e|昵称:测试用户2be----------2017/10/23 10:28:42
2017-10-23 10:28:43,560 [14] DEBUG LISTServer - 登录游戏成功----------2017/10/23 10:28:43
2017-10-23 10:35:08,609 [13] DEBUG LISTServer - 登陆sssionID--------fd6a2159-12c6-4a73-973d-8101d864eab0
2017-10-23 10:35:08,609 [13] DEBUG LISTServer - 登录游戏----------2017/10/23 10:35:08
2017-10-23 10:35:08,733 [13] DEBUG LISTServer - 登录用户openid:167a444356f68ae620bfb654d20de742|昵称:测试用户167----------2017/10/23 10:35:08
2017-10-23 10:35:09,312 [13] DEBUG LISTServer - 登录游戏成功----------2017/10/23 10:35:09
2017-10-23 10:35:57,693 [13] DEBUG LISTServer - 登陆sssionID--------9c182932-2f8c-4ffb-ad1b-8fb615e87501
2017-10-23 10:35:57,693 [13] DEBUG LISTServer - 登录游戏----------2017/10/23 10:35:57
2017-10-23 10:35:57,724 [13] DEBUG LISTServer - 登录用户openid:9697486827159f30f5cab73bbab97a1b56966c2a|昵称:测试用户969----------2017/10/23 10:35:57
2017-10-23 10:38:54,188 [13] DEBUG LISTServer - 登录游戏成功,当前对象存在----------2017/10/23 10:38:54
2017-10-23 10:43:08,878 [13] DEBUG LISTServer - 登陆sssionID--------85d8f1d7-3f13-453a-a32f-85650aac659d
2017-10-23 10:43:08,878 [13] DEBUG LISTServer - 登录游戏----------2017/10/23 10:43:08
2017-10-23 10:43:08,921 [13] DEBUG LISTServer - 登录用户openid:9697486827159f30f5cab73bbab97a1b56966c2a|昵称:测试用户969----------2017/10/23 10:43:08
2017-10-23 10:43:09,461 [13] DEBUG LISTServer - 登录游戏失败,当前对象存在----------2017/10/23 10:43:09
2017-10-23 10:43:09,461 [13] DEBUG LISTServer - sssionID--------85d8f1d7-3f13-453a-a32f-85650aac659d
2017-10-23 10:43:22,363 [60] DEBUG LISTServer - 登陆sssionID--------85d8f1d7-3f13-453a-a32f-85650aac659d
2017-10-23 10:43:22,363 [60] DEBUG LISTServer - 登录游戏----------2017/10/23 10:43:22
2017-10-23 10:43:22,428 [60] DEBUG LISTServer - 登录用户openid:9697486827159f30f5cab73bbab97a1b56966c2a|昵称:测试用户969----------2017/10/23 10:43:22
2017-10-23 10:43:22,728 [60] DEBUG LISTServer - 登录游戏失败,当前对象存在----------2017/10/23 10:43:22
2017-10-23 10:43:22,728 [60] DEBUG LISTServer - sssionID--------85d8f1d7-3f13-453a-a32f-85650aac659d
2017-10-23 10:43:39,278 [12] DEBUG LISTServer - 登陆sssionID--------85d8f1d7-3f13-453a-a32f-85650aac659d
2017-10-23 10:43:39,278 [12] DEBUG LISTServer - 登录游戏----------2017/10/23 10:43:39
2017-10-23 10:43:39,326 [12] DEBUG LISTServer - 登录用户openid:9697486827159f30f5cab73bbab97a1b56966c2a|昵称:测试用户969----------2017/10/23 10:43:39
2017-10-23 10:43:39,497 [12] DEBUG LISTServer - 登录游戏失败,当前对象存在----------2017/10/23 10:43:39
2017-10-23 10:43:39,497 [12] DEBUG LISTServer - sssionID--------85d8f1d7-3f13-453a-a32f-85650aac659d
2017-10-23 10:44:12,354 [60] DEBUG LISTServer - 登陆sssionID--------85d8f1d7-3f13-453a-a32f-85650aac659d
2017-10-23 10:44:13,536 [60] DEBUG LISTServer - 登录游戏----------2017/10/23 10:44:13
2017-10-23 10:44:25,263 [60] DEBUG LISTServer - 登录用户openid:9697486827159f30f5cab73bbab97a1b56966c2a|昵称:测试用户969----------2017/10/23 10:44:25
2017-10-23 10:44:49,275 [60] DEBUG LISTServer - 登录游戏失败,当前对象存在----------2017/10/23 10:44:49
2017-10-23 10:44:49,690 [60] DEBUG LISTServer - sssionID--------85d8f1d7-3f13-453a-a32f-85650aac659d
2017-10-23 10:46:11,527 [13] DEBUG LISTServer - 登陆sssionID--------0968289a-8093-4a55-8e9e-67b338364810
2017-10-23 10:46:12,167 [13] DEBUG LISTServer - 登录游戏----------2017/10/23 10:46:12
2017-10-23 10:46:20,473 [13] DEBUG LISTServer - 登录用户openid:9697486827159f30f5cab73bbab97a1b56966c2a|昵称:测试用户969----------2017/10/23 10:46:20
2017-10-23 10:46:42,641 [13] DEBUG LISTServer - 登录游戏失败,当前对象存在----------2017/10/23 10:46:42
2017-10-23 10:46:42,641 [13] DEBUG LISTServer - sssionID--------0968289a-8093-4a55-8e9e-67b338364810
2017-10-23 10:47:51,983 [17] DEBUG LISTServer - 登陆sssionID--------2455472e-4e78-4b47-b04f-1fc680400e0d
2017-10-23 10:47:52,766 [17] DEBUG LISTServer - 登录游戏----------2017/10/23 10:47:52
2017-10-23 10:48:00,261 [17] DEBUG LISTServer - 登录用户openid:9697486827159f30f5cab73bbab97a1b56966c2a|昵称:测试用户969----------2017/10/23 10:48:00
2017-10-23 10:49:01,077 [17] DEBUG LISTServer - 登录游戏成功,当前对象存在----------2017/10/23 10:49:01
2017-10-23 10:52:35,291 [13] DEBUG LISTServer - 登陆sssionID--------5b19b62b-293d-4878-a724-9506d4645d6a
2017-10-23 10:52:36,002 [13] DEBUG LISTServer - 登录游戏----------2017/10/23 10:52:36
2017-10-23 10:52:42,102 [13] DEBUG LISTServer - 登录用户openid:9697486827159f30f5cab73bbab97a1b56966c2a|昵称:测试用户969----------2017/10/23 10:52:42
2017-10-23 10:52:51,624 [13] DEBUG LISTServer - 登录游戏成功,当前对象存在----------2017/10/23 10:52:51
2017-10-23 11:00:59,889 [13] DEBUG LISTServer - 登陆sssionID--------45d30e9f-f6fb-4009-a513-f606acf215d8
2017-10-23 11:00:59,889 [13] DEBUG LISTServer - 登录游戏----------2017/10/23 11:00:59
2017-10-23 11:00:59,982 [13] DEBUG LISTServer - 登录用户openid:9697486827159f30f5cab73bbab97a1b56966c2a|昵称:测试用户969----------2017/10/23 11:00:59
2017-10-23 11:01:00,612 [13] DEBUG LISTServer - 登录游戏成功----------2017/10/23 11:01:00
2017-10-23 11:03:01,849 [29] DEBUG LISTServer - 登陆sssionID--------3ec09831-6dc3-49cf-bc76-b663f4684a87
2017-10-23 11:03:01,849 [29] DEBUG LISTServer - 登录游戏----------2017/10/23 11:03:01
2017-10-23 11:03:01,900 [29] DEBUG LISTServer - 登录用户openid:2be4087248667baee875b4dd4e4e388e|昵称:测试用户2be----------2017/10/23 11:03:01
2017-10-23 11:03:02,608 [29] DEBUG LISTServer - 登录游戏成功----------2017/10/23 11:03:02
2017-10-23 11:05:18,166 [34] DEBUG LISTServer - 登陆sssionID--------87549cca-2dba-4af4-95c1-df1b1d43666b
2017-10-23 11:05:18,166 [34] DEBUG LISTServer - 登录游戏----------2017/10/23 11:05:18
2017-10-23 11:05:18,360 [34] DEBUG LISTServer - 登录用户openid:9697486827159f30f5cab73bbab97a1b56966c2a|昵称:测试用户969----------2017/10/23 11:05:18
2017-10-23 11:05:21,267 [34] DEBUG LISTServer - 登录游戏成功,当前对象存在----------2017/10/23 11:05:21
2017-10-23 11:06:09,333 [29] DEBUG LISTServer - 登陆sssionID--------de3b037e-4e5a-4f77-a25d-7efab888cbbd
2017-10-23 11:06:09,334 [29] DEBUG LISTServer - 登录游戏----------2017/10/23 11:06:09
2017-10-23 11:06:09,391 [29] DEBUG LISTServer - 登录用户openid:167a444356f68ae620bfb654d20de742|昵称:测试用户167----------2017/10/23 11:06:09
2017-10-23 11:06:57,977 [18] DEBUG LISTServer - 登陆sssionID--------4fd97d32-cb05-4abb-8990-f49d595de2b5
2017-10-23 11:06:57,977 [18] DEBUG LISTServer - 登录游戏----------2017/10/23 11:06:57
2017-10-23 11:06:58,009 [18] DEBUG LISTServer - 登录用户openid:167a444356f68ae620bfb654d20de742|昵称:测试用户167----------2017/10/23 11:06:58
2017-10-23 11:06:58,565 [18] DEBUG LISTServer - 登录游戏成功,当前对象存在----------2017/10/23 11:06:58
2017-10-23 11:08:52,240 [25] DEBUG LISTServer - 登陆sssionID--------a038190a-ff34-417c-93fa-1f806d210d82
2017-10-23 11:08:53,222 [25] DEBUG LISTServer - 登录游戏----------2017/10/23 11:08:53
2017-10-23 11:09:00,273 [25] DEBUG LISTServer - 登录用户openid:167a444356f68ae620bfb654d20de742|昵称:测试用户167----------2017/10/23 11:09:00
2017-10-23 11:10:00,654 [29] DEBUG LISTServer - 登陆sssionID--------f47bb680-f74c-42b0-8eb4-0851cdad7d1a
2017-10-23 11:10:01,738 [29] DEBUG LISTServer - 登录游戏----------2017/10/23 11:10:01
2017-10-23 11:10:09,251 [29] DEBUG LISTServer - 登录用户openid:167a444356f68ae620bfb654d20de742|昵称:测试用户167----------2017/10/23 11:10:09
2017-10-23 11:11:12,997 [29] DEBUG LISTServer - 登录游戏成功,当前对象存在----------2017/10/23 11:11:12
2017-10-23 11:12:28,644 [18] DEBUG LISTServer - 登陆sssionID--------625fbb80-4023-4491-81fd-8dc77fe38628
2017-10-23 11:12:28,644 [18] DEBUG LISTServer - 登录游戏----------2017/10/23 11:12:28
2017-10-23 11:12:28,929 [18] DEBUG LISTServer - 登录用户openid:9697486827159f30f5cab73bbab97a1b56966c2a|昵称:测试用户969----------2017/10/23 11:12:28
2017-10-23 11:12:38,162 [18] DEBUG LISTServer - 登录游戏成功,当前对象存在----------2017/10/23 11:12:38
2017-10-23 11:12:47,751 [18] DEBUG LISTServer - 登陆sssionID--------7e6155e6-a6c4-4bfd-b271-1e09848e1250
2017-10-23 11:12:47,751 [18] DEBUG LISTServer - 登录游戏----------2017/10/23 11:12:47
2017-10-23 11:12:47,846 [18] DEBUG LISTServer - 登录用户openid:167a444356f68ae620bfb654d20de742|昵称:测试用户167----------2017/10/23 11:12:47
2017-10-23 11:12:48,436 [18] DEBUG LISTServer - 登录游戏成功,当前对象存在----------2017/10/23 11:12:48
2017-10-23 11:13:07,479 [33] DEBUG LISTServer - 登陆sssionID--------f8a7cc5a-4bcd-411c-8638-f397c4c9168a
2017-10-23 11:13:07,479 [33] DEBUG LISTServer - 登录游戏----------2017/10/23 11:13:07
2017-10-23 11:13:07,541 [33] DEBUG LISTServer - 登录用户openid:2be4087248667baee875b4dd4e4e388e|昵称:测试用户2be----------2017/10/23 11:13:07
2017-10-23 11:13:08,585 [33] DEBUG LISTServer - 登录游戏成功,当前对象存在----------2017/10/23 11:13:08
2017-10-23 11:14:27,410 [18] DEBUG LISTServer - 登陆sssionID--------bbc3fcba-c4f7-458f-ac19-048356461856
2017-10-23 11:14:27,410 [18] DEBUG LISTServer - 登录游戏----------2017/10/23 11:14:27
2017-10-23 11:14:27,450 [18] DEBUG LISTServer - 登录用户openid:9697486827159f30f5cab73bbab97a1b56966c2a|昵称:测试用户969----------2017/10/23 11:14:27
2017-10-23 11:14:28,079 [18] DEBUG LISTServer - 登录游戏成功,当前对象存在----------2017/10/23 11:14:28
2017-10-23 11:15:01,346 [49] DEBUG LISTServer - 登陆sssionID--------9a0fc5f6-1904-40a0-940c-764db50925ff
2017-10-23 11:15:01,346 [49] DEBUG LISTServer - 登录游戏----------2017/10/23 11:15:01
2017-10-23 11:15:01,449 [49] DEBUG LISTServer - 登录用户openid:9697486827159f30f5cab73bbab97a1b56966c2a|昵称:测试用户969----------2017/10/23 11:15:01
2017-10-23 11:15:02,120 [49] DEBUG LISTServer - 登录游戏成功,当前对象存在----------2017/10/23 11:15:02
2017-10-23 11:17:07,462 [18] DEBUG LISTServer - 登陆sssionID--------a38ceb00-3927-4495-9655-cd6ae9de26b5
2017-10-23 11:17:07,462 [18] DEBUG LISTServer - 登录游戏----------2017/10/23 11:17:07
2017-10-23 11:17:07,508 [18] DEBUG LISTServer - 登录用户openid:9697486827159f30f5cab73bbab97a1b56966c2a|昵称:测试用户969----------2017/10/23 11:17:07
2017-10-23 11:17:08,078 [18] DEBUG LISTServer - 登录游戏成功,当前对象存在----------2017/10/23 11:17:08
2017-10-23 11:18:20,193 [49] DEBUG LISTServer - 登陆sssionID--------019a1f0f-44ba-495e-a0ff-4feadd8492b7
2017-10-23 11:18:20,193 [49] DEBUG LISTServer - 登录游戏----------2017/10/23 11:18:20
2017-10-23 11:18:20,234 [49] DEBUG LISTServer - 登录用户openid:9697486827159f30f5cab73bbab97a1b56966c2a|昵称:测试用户969----------2017/10/23 11:18:20
2017-10-23 11:18:20,793 [49] DEBUG LISTServer - 登录游戏成功,当前对象存在----------2017/10/23 11:18:20
2017-10-23 11:18:47,052 [33] DEBUG LISTServer - 登陆sssionID--------2545abd0-4c8e-4976-b5ad-e02f38e8871b
2017-10-23 11:18:47,052 [33] DEBUG LISTServer - 登录游戏----------2017/10/23 11:18:47
2017-10-23 11:18:47,107 [33] DEBUG LISTServer - 登录用户openid:2be4087248667baee875b4dd4e4e388e|昵称:测试用户2be----------2017/10/23 11:18:47
2017-10-23 11:18:47,702 [33] DEBUG LISTServer - 登录游戏成功,当前对象存在----------2017/10/23 11:18:47
2017-10-23 11:22:46,043 [49] DEBUG LISTServer - 登陆sssionID--------c7462dda-5209-48d1-95fa-7e249f24f37b
2017-10-23 11:22:46,044 [49] DEBUG LISTServer - 登录游戏----------2017/10/23 11:22:46
2017-10-23 11:22:46,073 [49] DEBUG LISTServer - 登录用户openid:9697486827159f30f5cab73bbab97a1b56966c2a|昵称:测试用户969----------2017/10/23 11:22:46
2017-10-23 11:22:46,720 [49] DEBUG LISTServer - 登录游戏成功,当前对象存在----------2017/10/23 11:22:46
2017-10-23 11:23:46,552 [29] DEBUG LISTServer - 登陆sssionID--------ef2e6b5b-56aa-42e3-9af4-b01f6a8d86c6
2017-10-23 11:23:46,552 [29] DEBUG LISTServer - 登录游戏----------2017/10/23 11:23:46
2017-10-23 11:23:46,653 [29] DEBUG LISTServer - 登录用户openid:9697486827159f30f5cab73bbab97a1b56966c2a|昵称:测试用户969----------2017/10/23 11:23:46
2017-10-23 11:23:47,329 [29] DEBUG LISTServer - 登录游戏成功,当前对象存在----------2017/10/23 11:23:47
2017-10-23 11:25:10,298 [29] DEBUG LISTServer - 登陆sssionID--------e5705287-118b-47ac-86bc-5e3b541e7052
2017-10-23 11:25:10,298 [29] DEBUG LISTServer - 登录游戏----------2017/10/23 11:25:10
2017-10-23 11:25:10,487 [29] DEBUG LISTServer - 登录用户openid:9697486827159f30f5cab73bbab97a1b56966c2a|昵称:测试用户969----------2017/10/23 11:25:10
2017-10-23 11:25:10,666 [29] DEBUG LISTServer - 登录游戏失败,当前对象存在----------2017/10/23 11:25:10
2017-10-23 11:25:10,666 [29] DEBUG LISTServer - sssionID--------e5705287-118b-47ac-86bc-5e3b541e7052
2017-10-23 11:25:14,976 [33] DEBUG LISTServer - 登陆sssionID--------e5705287-118b-47ac-86bc-5e3b541e7052
2017-10-23 11:25:14,977 [33] DEBUG LISTServer - 登录游戏----------2017/10/23 11:25:14
2017-10-23 11:25:15,026 [33] DEBUG LISTServer - 登录用户openid:9697486827159f30f5cab73bbab97a1b56966c2a|昵称:测试用户969----------2017/10/23 11:25:15
2017-10-23 11:25:15,189 [33] DEBUG LISTServer - 登录游戏失败,当前对象存在----------2017/10/23 11:25:15
2017-10-23 11:25:15,189 [33] DEBUG LISTServer - sssionID--------e5705287-118b-47ac-86bc-5e3b541e7052
2017-10-23 11:25:15,865 [33] DEBUG LISTServer - 登陆sssionID--------e5705287-118b-47ac-86bc-5e3b541e7052
2017-10-23 11:25:15,866 [33] DEBUG LISTServer - 登录游戏----------2017/10/23 11:25:15
2017-10-23 11:25:15,901 [33] DEBUG LISTServer - 登录用户openid:9697486827159f30f5cab73bbab97a1b56966c2a|昵称:测试用户969----------2017/10/23 11:25:15
2017-10-23 11:25:16,076 [33] DEBUG LISTServer - 登录游戏失败,当前对象存在----------2017/10/23 11:25:16
2017-10-23 11:25:16,076 [33] DEBUG LISTServer - sssionID--------e5705287-118b-47ac-86bc-5e3b541e7052
2017-10-23 11:25:25,368 [49] DEBUG LISTServer - 登陆sssionID--------0357923e-9862-4ce4-891e-d0e81dc01538
2017-10-23 11:25:25,368 [49] DEBUG LISTServer - 登录游戏----------2017/10/23 11:25:25
2017-10-23 11:25:25,398 [49] DEBUG LISTServer - 登录用户openid:9697486827159f30f5cab73bbab97a1b56966c2a|昵称:测试用户969----------2017/10/23 11:25:25
2017-10-23 11:25:25,573 [49] DEBUG LISTServer - 登录游戏失败,当前对象存在----------2017/10/23 11:25:25
2017-10-23 11:25:25,573 [49] DEBUG LISTServer - sssionID--------0357923e-9862-4ce4-891e-d0e81dc01538
2017-10-23 11:25:27,692 [29] DEBUG LISTServer - 登陆sssionID--------0357923e-9862-4ce4-891e-d0e81dc01538
2017-10-23 11:25:27,692 [29] DEBUG LISTServer - 登录游戏----------2017/10/23 11:25:27
2017-10-23 11:25:27,748 [29] DEBUG LISTServer - 登录用户openid:9697486827159f30f5cab73bbab97a1b56966c2a|昵称:测试用户969----------2017/10/23 11:25:27
2017-10-23 11:25:27,926 [29] DEBUG LISTServer - 登录游戏失败,当前对象存在----------2017/10/23 11:25:27
2017-10-23 11:25:27,926 [29] DEBUG LISTServer - sssionID--------0357923e-9862-4ce4-891e-d0e81dc01538
2017-10-23 11:25:30,974 [33] DEBUG LISTServer - 登陆sssionID--------0357923e-9862-4ce4-891e-d0e81dc01538
2017-10-23 11:25:30,974 [33] DEBUG LISTServer - 登录游戏----------2017/10/23 11:25:30
2017-10-23 11:25:31,064 [33] DEBUG LISTServer - 登录用户openid:9697486827159f30f5cab73bbab97a1b56966c2a|昵称:测试用户969----------2017/10/23 11:25:31
2017-10-23 11:25:31,292 [33] DEBUG LISTServer - 登录游戏失败,当前对象存在----------2017/10/23 11:25:31
2017-10-23 11:25:31,292 [33] DEBUG LISTServer - sssionID--------0357923e-9862-4ce4-891e-d0e81dc01538
2017-10-23 11:25:34,461 [33] DEBUG LISTServer - 登陆sssionID--------0357923e-9862-4ce4-891e-d0e81dc01538
2017-10-23 11:25:34,461 [33] DEBUG LISTServer - 登录游戏----------2017/10/23 11:25:34
2017-10-23 11:25:34,517 [33] DEBUG LISTServer - 登录用户openid:9697486827159f30f5cab73bbab97a1b56966c2a|昵称:测试用户969----------2017/10/23 11:25:34
2017-10-23 11:25:34,708 [33] DEBUG LISTServer - 登录游戏失败,当前对象存在----------2017/10/23 11:25:34
2017-10-23 11:25:34,708 [33] DEBUG LISTServer - sssionID--------0357923e-9862-4ce4-891e-d0e81dc01538
2017-10-23 11:25:36,025 [29] DEBUG LISTServer - 登陆sssionID--------0357923e-9862-4ce4-891e-d0e81dc01538
2017-10-23 11:25:36,025 [29] DEBUG LISTServer - 登录游戏----------2017/10/23 11:25:36
2017-10-23 11:25:36,062 [29] DEBUG LISTServer - 登录用户openid:9697486827159f30f5cab73bbab97a1b56966c2a|昵称:测试用户969----------2017/10/23 11:25:36
2017-10-23 11:25:36,291 [29] DEBUG LISTServer - 登录游戏失败,当前对象存在----------2017/10/23 11:25:36
2017-10-23 11:25:36,291 [29] DEBUG LISTServer - sssionID--------0357923e-9862-4ce4-891e-d0e81dc01538
2017-10-23 11:25:50,350 [33] DEBUG LISTServer - 登陆sssionID--------0357923e-9862-4ce4-891e-d0e81dc01538
2017-10-23 11:25:50,350 [33] DEBUG LISTServer - 登录游戏----------2017/10/23 11:25:50
2017-10-23 11:25:50,389 [33] DEBUG LISTServer - 登录用户openid:9697486827159f30f5cab73bbab97a1b56966c2a|昵称:测试用户969----------2017/10/23 11:25:50
2017-10-23 11:25:50,588 [33] DEBUG LISTServer - 登录游戏失败,当前对象存在----------2017/10/23 11:25:50
2017-10-23 11:25:50,588 [33] DEBUG LISTServer - sssionID--------0357923e-9862-4ce4-891e-d0e81dc01538
2017-10-23 11:26:34,391 [33] DEBUG LISTServer - 登陆sssionID--------72511bbf-0c2d-4097-a14b-ff6464f8571c
2017-10-23 11:26:34,391 [33] DEBUG LISTServer - 登录游戏----------2017/10/23 11:26:34
2017-10-23 11:26:34,790 [33] DEBUG LISTServer - 登录用户openid:9697486827159f30f5cab73bbab97a1b56966c2a|昵称:测试用户969----------2017/10/23 11:26:34
2017-10-23 11:26:35,037 [33] DEBUG LISTServer - 登录游戏失败,当前对象存在----------2017/10/23 11:26:35
2017-10-23 11:26:35,037 [33] DEBUG LISTServer - sssionID--------72511bbf-0c2d-4097-a14b-ff6464f8571c
2017-10-23 11:26:43,297 [18] DEBUG LISTServer - 登陆sssionID--------72511bbf-0c2d-4097-a14b-ff6464f8571c
2017-10-23 11:26:43,297 [18] DEBUG LISTServer - 登录游戏----------2017/10/23 11:26:43
2017-10-23 11:26:43,342 [18] DEBUG LISTServer - 登录用户openid:9697486827159f30f5cab73bbab97a1b56966c2a|昵称:测试用户969----------2017/10/23 11:26:43
2017-10-23 11:26:46,551 [18] DEBUG LISTServer - 登录游戏失败,当前对象存在----------2017/10/23 11:26:46
2017-10-23 11:26:46,551 [18] DEBUG LISTServer - sssionID--------72511bbf-0c2d-4097-a14b-ff6464f8571c
2017-10-23 11:30:17,601 [29] DEBUG LISTServer - 登陆sssionID--------fe76cc6d-acdd-410b-bab8-453d6cb1d5db
2017-10-23 11:30:17,601 [29] DEBUG LISTServer - 登录游戏----------2017/10/23 11:30:17
2017-10-23 11:30:18,040 [29] DEBUG LISTServer - 登录用户openid:9697486827159f30f5cab73bbab97a1b56966c2a|昵称:测试用户969----------2017/10/23 11:30:18
2017-10-23 11:30:18,268 [29] DEBUG LISTServer - 登录游戏失败,当前对象存在----------2017/10/23 11:30:18
2017-10-23 11:30:18,268 [29] DEBUG LISTServer - sssionID--------fe76cc6d-acdd-410b-bab8-453d6cb1d5db
2017-10-23 11:30:51,579 [18] DEBUG LISTServer - 登陆sssionID--------fe76cc6d-acdd-410b-bab8-453d6cb1d5db
2017-10-23 11:30:51,579 [18] DEBUG LISTServer - 登录游戏----------2017/10/23 11:30:51
2017-10-23 11:30:51,638 [18] DEBUG LISTServer - 登录用户openid:9697486827159f30f5cab73bbab97a1b56966c2a|昵称:测试用户969----------2017/10/23 11:30:51
2017-10-23 11:30:53,001 [18] DEBUG LISTServer - 登录游戏失败,当前对象存在----------2017/10/23 11:30:53
2017-10-23 11:30:53,001 [18] DEBUG LISTServer - sssionID--------fe76cc6d-acdd-410b-bab8-453d6cb1d5db
2017-10-23 11:33:18,062 [29] DEBUG LISTServer - 登陆sssionID--------fe76cc6d-acdd-410b-bab8-453d6cb1d5db
2017-10-23 11:33:18,062 [29] DEBUG LISTServer - 登录游戏----------2017/10/23 11:33:18
2017-10-23 11:33:18,127 [29] DEBUG LISTServer - 登录用户openid:9697486827159f30f5cab73bbab97a1b56966c2a|昵称:测试用户969----------2017/10/23 11:33:18
2017-10-23 11:33:18,369 [29] DEBUG LISTServer - 登录游戏失败,当前对象存在----------2017/10/23 11:33:18
2017-10-23 11:33:18,369 [29] DEBUG LISTServer - sssionID--------fe76cc6d-acdd-410b-bab8-453d6cb1d5db
2017-10-23 11:53:20,787 [29] DEBUG LISTServer - 登陆sssionID--------6adc5e19-a15c-40f7-9603-ae35252ebe88
2017-10-23 11:53:20,788 [29] DEBUG LISTServer - 登录游戏----------2017/10/23 11:53:20
2017-10-23 11:53:20,889 [29] DEBUG LISTServer - 登录用户openid:2be4087248667baee875b4dd4e4e388e|昵称:测试用户2be----------2017/10/23 11:53:20
2017-10-23 11:53:21,560 [29] DEBUG LISTServer - 登录游戏成功,当前对象存在----------2017/10/23 11:53:21
2017-10-23 11:54:40,198 [49] DEBUG LISTServer - 登陆sssionID--------11da79f0-46f9-444f-8b4e-929983cb63e8
2017-10-23 11:54:40,198 [49] DEBUG LISTServer - 登录游戏----------2017/10/23 11:54:40
2017-10-23 11:54:40,228 [49] DEBUG LISTServer - 登录用户openid:9697486827159f30f5cab73bbab97a1b56966c2a|昵称:测试用户969----------2017/10/23 11:54:40
2017-10-23 11:54:40,758 [49] DEBUG LISTServer - 登录游戏成功,当前对象存在----------2017/10/23 11:54:40
2017-10-23 11:57:12,917 [49] DEBUG LISTServer - 登陆sssionID--------87d27b21-6ab4-498a-85cf-21bb9dbab40a
2017-10-23 11:57:12,917 [49] DEBUG LISTServer - 登录游戏----------2017/10/23 11:57:12
2017-10-23 11:57:12,993 [49] DEBUG LISTServer - 登录用户openid:9697486827159f30f5cab73bbab97a1b56966c2a|昵称:测试用户969----------2017/10/23 11:57:12
2017-10-23 11:57:13,642 [49] DEBUG LISTServer - 登录游戏成功,当前对象存在----------2017/10/23 11:57:13
2017-10-23 11:58:32,419 [29] DEBUG LISTServer - 登陆sssionID--------3cbdfeac-d808-4fc3-89c8-1a1900774267
2017-10-23 11:58:32,419 [29] DEBUG LISTServer - 登录游戏----------2017/10/23 11:58:32
2017-10-23 11:58:32,752 [29] DEBUG LISTServer - 登录用户openid:9697486827159f30f5cab73bbab97a1b56966c2a|昵称:测试用户969----------2017/10/23 11:58:32
2017-10-23 11:58:38,489 [29] DEBUG LISTServer - 登录游戏成功,当前对象存在----------2017/10/23 11:58:38
2017-10-23 15:41:15,837 [1] DEBUG DefaultBootstrap - The server instance LISTServer has been created!
2017-10-23 15:41:16,041 [1] DEBUG LISTServer - The command 11020(ListBLL.Logic.GameOperation) has been discovered
2017-10-23 15:41:16,042 [1] DEBUG LISTServer - The command 10001(ListBLL.Logic.Heartbeat) has been discovered
2017-10-23 15:41:16,042 [1] DEBUG LISTServer - The command 11001(ListBLL.Logic.Login) has been discovered
2017-10-23 15:41:16,042 [1] DEBUG LISTServer - The command 19003(ListBLL.Logic.UserGamePlaybackLogic) has been discovered
2017-10-23 15:41:16,042 [1] DEBUG LISTServer - The command 19001(ListBLL.Logic.UserRecordLogic) has been discovered
2017-10-23 15:41:16,054 [1] DEBUG DefaultBootstrap - The server instance LISTServer has been initialized!
2017-10-23 15:41:16,749 [1] DEBUG DefaultBootstrap - The PerformanceMonitor has been initialized!
2017-10-23 15:41:16,749 [1] DEBUG DefaultBootstrap - The Bootstrap has been initialized!
2017-10-23 15:41:16,770 [1] DEBUG LISTServer - Listener (0.0.0.0:2018) was started
2017-10-23 15:41:16,792 [1] DEBUG DefaultBootstrap - The PerformanceMonitor has been started!
2017-10-23 15:41:47,115 [9] DEBUG LISTServer - 登陆sssionID--------c084a14d-acab-4bfc-88ad-52fdfdf19e79
2017-10-23 15:41:47,116 [9] DEBUG LISTServer - 登录游戏----------2017/10/23 15:41:47
2017-10-23 15:41:48,036 [9] DEBUG LISTServer - 登录用户openid:56de59c92137862db80d942259702f67|昵称:测试用户56d----------2017/10/23 15:41:48
2017-10-23 15:41:49,526 [9] DEBUG LISTServer - 登录游戏成功----------2017/10/23 15:41:49
2017-10-23 15:51:09,675 [9] DEBUG LISTServer - 登陆sssionID--------037c6457-483a-4d67-8823-747e71b38637
2017-10-23 15:51:09,675 [9] DEBUG LISTServer - 登录游戏----------2017/10/23 15:51:09
2017-10-23 15:51:09,850 [9] DEBUG LISTServer - 登录用户openid:ee2c400e8dc0aa2767b297295f6721e40e98c7c1|昵称:测试用户ee2----------2017/10/23 15:51:09
2017-10-23 15:51:10,996 [9] DEBUG LISTServer - 登录游戏成功----------2017/10/23 15:51:10
2017-10-23 15:52:18,857 [7] DEBUG LISTServer - 登陆sssionID--------6298d711-8cf5-4eae-a3e6-b197eb0ab397
2017-10-23 15:52:18,857 [7] DEBUG LISTServer - 登录游戏----------2017/10/23 15:52:18
2017-10-23 15:52:18,937 [7] DEBUG LISTServer - 登录用户openid:ee2c400e8dc0aa2767b297295f6721e40e98c7c1|昵称:测试用户ee2----------2017/10/23 15:52:18
2017-10-23 15:52:19,989 [7] DEBUG LISTServer - 登录游戏成功,当前对象存在----------2017/10/23 15:52:19
2017-10-23 15:59:23,054 [3] DEBUG LISTServer - 登陆sssionID--------b2b161b6-0b57-44af-a55b-9aa1742b965d
2017-10-23 15:59:23,054 [3] DEBUG LISTServer - 登录游戏----------2017/10/23 15:59:23
2017-10-23 15:59:23,914 [3] DEBUG LISTServer - 登录用户openid:9697486827159f30f5cab73bbab97a1b56966c2a|昵称:测试用户969----------2017/10/23 15:59:23
2017-10-23 15:59:24,520 [3] DEBUG LISTServer - 登录游戏成功----------2017/10/23 15:59:24
2017-10-23 16:05:17,067 [7] DEBUG LISTServer - 登陆sssionID--------e1512d53-d545-468b-a8ab-07e3c5db4e44
2017-10-23 16:05:17,067 [7] DEBUG LISTServer - 登录游戏----------2017/10/23 16:05:17
2017-10-23 16:05:17,225 [7] DEBUG LISTServer - 登录用户openid:ee2c400e8dc0aa2767b297295f6721e40e98c7c1|昵称:测试用户ee2----------2017/10/23 16:05:17
2017-10-23 16:05:18,174 [7] DEBUG LISTServer - 登录游戏成功,当前对象存在----------2017/10/23 16:05:18
2017-10-23 16:05:36,597 [8] DEBUG LISTServer - 登陆sssionID--------15693cb4-afcc-4465-b2cf-20cecc473a86
2017-10-23 16:05:36,598 [8] DEBUG LISTServer - 登录游戏----------2017/10/23 16:05:36
2017-10-23 16:05:36,687 [8] DEBUG LISTServer - 登录用户openid:9697486827159f30f5cab73bbab97a1b56966c2a|昵称:测试用户969----------2017/10/23 16:05:36
2017-10-23 16:05:37,730 [8] DEBUG LISTServer - 登录游戏成功,当前对象存在----------2017/10/23 16:05:37
2017-10-23 16:10:05,850 [8] DEBUG LISTServer - 登陆sssionID--------7a670f34-09e5-48a7-8a22-1e556c48554a
2017-10-23 16:10:05,850 [8] DEBUG LISTServer - 登录游戏----------2017/10/23 16:10:05
2017-10-23 16:10:06,001 [8] DEBUG LISTServer - 登录用户openid:ee2c400e8dc0aa2767b297295f6721e40e98c7c1|昵称:测试用户ee2----------2017/10/23 16:10:06
2017-10-23 16:10:07,452 [8] DEBUG LISTServer - 登录游戏成功,当前对象存在----------2017/10/23 16:10:07
2017-10-23 16:10:12,228 [7] DEBUG LISTServer - 登陆sssionID--------12120204-2a07-48c5-89b4-153882d51544
2017-10-23 16:10:12,228 [7] DEBUG LISTServer - 登录游戏----------2017/10/23 16:10:12
2017-10-23 16:10:12,574 [7] DEBUG LISTServer - 登录用户openid:9697486827159f30f5cab73bbab97a1b56966c2a|昵称:测试用户969----------2017/10/23 16:10:12
2017-10-23 16:10:15,448 [7] DEBUG LISTServer - 登录游戏成功,当前对象存在----------2017/10/23 16:10:15
2017-10-23 16:12:02,837 [27] DEBUG LISTServer - 登陆sssionID--------20071178-2acb-4e0f-a6f9-c03e63ec1e04
2017-10-23 16:12:02,837 [27] DEBUG LISTServer - 登录游戏----------2017/10/23 16:12:02
2017-10-23 16:12:03,038 [27] DEBUG LISTServer - 登录用户openid:9697486827159f30f5cab73bbab97a1b56966c2a|昵称:测试用户969----------2017/10/23 16:12:03
2017-10-23 16:12:04,321 [27] DEBUG LISTServer - 登录游戏成功,当前对象存在----------2017/10/23 16:12:04
2017-10-23 16:14:34,754 [8] DEBUG LISTServer - 登陆sssionID--------036025dc-d264-436f-b09b-33d7a8fcc0ce
2017-10-23 16:14:34,754 [8] DEBUG LISTServer - 登录游戏----------2017/10/23 16:14:34
2017-10-23 16:14:35,854 [8] DEBUG LISTServer - 登录用户openid:9697486827159f30f5cab73bbab97a1b56966c2a|昵称:测试用户969----------2017/10/23 16:14:35
2017-10-23 16:14:48,145 [8] DEBUG LISTServer - 登录游戏成功,当前对象存在----------2017/10/23 16:14:48
2017-10-23 16:19:29,967 [7] DEBUG LISTServer - 登陆sssionID--------5efa38e7-9aad-4ecb-8044-8246f6bbde28
2017-10-23 16:19:29,967 [7] DEBUG LISTServer - 登录游戏----------2017/10/23 16:19:29
2017-10-23 16:19:30,394 [7] DEBUG LISTServer - 登录用户openid:9697486827159f30f5cab73bbab97a1b56966c2a|昵称:测试用户969----------2017/10/23 16:19:30
2017-10-23 16:19:31,580 [7] DEBUG LISTServer - 登录游戏成功,当前对象存在----------2017/10/23 16:19:31
2017-10-23 16:19:58,782 [8] DEBUG LISTServer - 登陆sssionID--------57302fef-84a3-4bc4-81f7-ffe0ad5b0c8a
2017-10-23 16:19:58,782 [8] DEBUG LISTServer - 登录游戏----------2017/10/23 16:19:58
2017-10-23 16:19:58,848 [8] DEBUG LISTServer - 登录用户openid:9697486827159f30f5cab73bbab97a1b56966c2a|昵称:测试用户969----------2017/10/23 16:19:58
2017-10-23 16:19:59,535 [8] DEBUG LISTServer - 登录游戏成功,当前对象存在----------2017/10/23 16:19:59
2017-10-23 16:30:55,169 [35] DEBUG LISTServer - 登陆sssionID--------db9d416b-3fd0-42bb-a357-9e00572c1a08
2017-10-23 16:30:55,169 [35] DEBUG LISTServer - 登录游戏----------2017/10/23 16:30:55
2017-10-23 16:30:55,384 [35] DEBUG LISTServer - 登录用户openid:9697486827159f30f5cab73bbab97a1b56966c2a|昵称:测试用户969----------2017/10/23 16:30:55
2017-10-23 16:30:57,246 [35] DEBUG LISTServer - 登录游戏成功,当前对象存在----------2017/10/23 16:30:57
2017-10-23 16:31:02,877 [35] DEBUG LISTServer - 登陆sssionID--------377e6726-e046-4fdc-a3b4-43d5609ac2e0
2017-10-23 16:31:02,877 [35] DEBUG LISTServer - 登录游戏----------2017/10/23 16:31:02
2017-10-23 16:31:03,234 [35] DEBUG LISTServer - 登录用户openid:ee2c400e8dc0aa2767b297295f6721e40e98c7c1|昵称:测试用户ee2----------2017/10/23 16:31:03
2017-10-23 16:31:04,193 [35] DEBUG LISTServer - 登录游戏成功,当前对象存在----------2017/10/23 16:31:04
2017-10-23 16:32:28,585 [7] DEBUG LISTServer - 登陆sssionID--------d98a5c66-fa6a-40b5-8ae7-6fe91a2b99cc
2017-10-23 16:32:28,585 [7] DEBUG LISTServer - 登录游戏----------2017/10/23 16:32:28
2017-10-23 16:32:28,699 [7] DEBUG LISTServer - 登录用户openid:ee2c400e8dc0aa2767b297295f6721e40e98c7c1|昵称:测试用户ee2----------2017/10/23 16:32:28
2017-10-23 16:32:29,438 [7] DEBUG LISTServer - 登录游戏成功,当前对象存在----------2017/10/23 16:32:29
2017-10-23 16:36:42,640 [7] DEBUG LISTServer - 登陆sssionID--------113fa66f-df0c-4148-9f60-3fc15ebfbb75
2017-10-23 16:36:42,640 [7] DEBUG LISTServer - 登录游戏----------2017/10/23 16:36:42
2017-10-23 16:36:43,223 [7] DEBUG LISTServer - 登录用户openid:ee2c400e8dc0aa2767b297295f6721e40e98c7c1|昵称:测试用户ee2----------2017/10/23 16:36:43
2017-10-23 16:36:44,059 [7] DEBUG LISTServer - 登录游戏成功,当前对象存在----------2017/10/23 16:36:44
2017-10-23 16:47:14,308 [8] DEBUG LISTServer - 登陆sssionID--------336620c8-394c-4056-b3be-a301115b90f0
2017-10-23 16:47:14,308 [8] DEBUG LISTServer - 登录游戏----------2017/10/23 16:47:14
2017-10-23 16:47:14,522 [8] DEBUG LISTServer - 登录用户openid:9697486827159f30f5cab73bbab97a1b56966c2a|昵称:测试用户969----------2017/10/23 16:47:14
2017-10-23 16:47:15,706 [8] DEBUG LISTServer - 登录游戏成功,当前对象存在----------2017/10/23 16:47:15
2017-10-23 16:47:54,429 [8] DEBUG LISTServer - 登陆sssionID--------c8ae2caa-14a6-4357-a043-5060fbc7b1ab
2017-10-23 16:47:54,429 [8] DEBUG LISTServer - 登录游戏----------2017/10/23 16:47:54
2017-10-23 16:47:54,495 [8] DEBUG LISTServer - 登录用户openid:9697486827159f30f5cab73bbab97a1b56966c2a|昵称:测试用户969----------2017/10/23 16:47:54
2017-10-23 16:47:54,679 [40] DEBUG LISTServer - 登陆sssionID--------36d628de-82e3-49fc-839a-972403a03152
2017-10-23 16:47:54,679 [40] DEBUG LISTServer - 登录游戏----------2017/10/23 16:47:54
2017-10-23 16:47:54,754 [40] DEBUG LISTServer - 登录用户openid:ee2c400e8dc0aa2767b297295f6721e40e98c7c1|昵称:测试用户ee2----------2017/10/23 16:47:54
2017-10-23 16:47:55,185 [8] DEBUG LISTServer - 登录游戏成功,当前对象存在----------2017/10/23 16:47:55
2017-10-23 16:47:55,663 [40] DEBUG LISTServer - 登录游戏成功,当前对象存在----------2017/10/23 16:47:55
2017-10-23 17:14:30,767 [38] DEBUG LISTServer - 登陆sssionID--------9eeef418-e0b9-43e2-a4dc-03d69160afca
2017-10-23 17:14:30,767 [38] DEBUG LISTServer - 登录游戏----------2017/10/23 17:14:30
2017-10-23 17:14:31,228 [38] DEBUG LISTServer - 登录用户openid:56de59c92137862db80d942259702f67|昵称:测试用户56d----------2017/10/23 17:14:31
2017-10-23 17:14:31,755 [38] DEBUG LISTServer - 登录游戏成功,当前对象存在----------2017/10/23 17:14:31
2017-10-23 17:20:22,850 [15] DEBUG LISTServer - 登陆sssionID--------dee94b72-879b-4477-9f94-d6b2bcc9cb86
2017-10-23 17:20:22,850 [15] DEBUG LISTServer - 登录游戏----------2017/10/23 17:20:22
2017-10-23 17:20:23,508 [15] DEBUG LISTServer - 登录用户openid:56de59c92137862db80d942259702f67|昵称:测试用户56d----------2017/10/23 17:20:23
2017-10-23 17:20:24,079 [15] DEBUG LISTServer - 登录游戏成功,当前对象存在----------2017/10/23 17:20:24
2017-10-23 17:50:54,886 [8] DEBUG LISTServer - 登陆sssionID--------4bdb1202-deb9-4411-8bfe-d589f663273c
2017-10-23 17:50:54,886 [8] DEBUG LISTServer - 登录游戏----------2017/10/23 17:50:54
2017-10-23 17:50:55,130 [8] DEBUG LISTServer - 登录用户openid:56de59c92137862db80d942259702f67|昵称:测试用户56d----------2017/10/23 17:50:55
2017-10-23 17:50:55,784 [8] DEBUG LISTServer - 登录游戏成功,当前对象存在----------2017/10/23 17:50:55
2017-10-23 17:52:19,994 [40] DEBUG LISTServer - 登陆sssionID--------beef72e2-f8a6-440b-b6c1-93d21754c5b8
2017-10-23 17:52:19,994 [40] DEBUG LISTServer - 登录游戏----------2017/10/23 17:52:19
2017-10-23 17:52:20,138 [40] DEBUG LISTServer - 登录用户openid:ee2c400e8dc0aa2767b297295f6721e40e98c7c1|昵称:测试用户ee2----------2017/10/23 17:52:20
2017-10-23 17:52:20,672 [40] DEBUG LISTServer - 登录游戏成功,当前对象存在----------2017/10/23 17:52:20
2017-10-23 17:58:29,261 [40] DEBUG LISTServer - 登陆sssionID--------c81d6e13-5292-400f-b93f-0b1a622492ca
2017-10-23 17:58:29,261 [40] DEBUG LISTServer - 登录游戏----------2017/10/23 17:58:29
2017-10-23 17:58:29,785 [40] DEBUG LISTServer - 登录用户openid:ee2c400e8dc0aa2767b297295f6721e40e98c7c1|昵称:测试用户ee2----------2017/10/23 17:58:29
2017-10-23 17:58:30,399 [40] DEBUG LISTServer - 登录游戏成功,当前对象存在----------2017/10/23 17:58:30
