2018-11-27 09:30:54,233 [1] DEBUG DefaultBootstrap - The server instance LISTServer has been created!
2018-11-27 09:30:54,444 [1] DEBUG LISTServer - The command 11105(ListBLL.Logic.AgentGetGroupInfo) has been discovered
2018-11-27 09:30:54,444 [1] DEBUG LISTServer - The command 11107(ListBLL.Logic.AgentGroupUsersManager) has been discovered
2018-11-27 09:30:54,444 [1] DEBUG LISTServer - The command 11110(ListBLL.Logic.AgentSignIn) has been discovered
2018-11-27 09:30:54,445 [1] DEBUG LISTServer - The command 11060(ListBLL.Logic.ApplyRecord) has been discovered
2018-11-27 09:30:54,445 [1] DEBUG LISTServer - The command 11040(ListBLL.Logic.ApplyToJoin) has been discovered
2018-11-27 09:30:54,445 [1] DEBUG LISTServer - The command 11070(ListBLL.Logic.ChangeApplyStatus) has been discovered
2018-11-27 09:30:54,445 [1] DEBUG LISTServer - The command 11103(ListBLL.Logic.CreateGroup) has been discovered
2018-11-27 09:30:54,445 [1] DEBUG LISTServer - The command 11109(ListBLL.Logic.DeleteGroup) has been discovered
2018-11-27 09:30:54,445 [1] DEBUG LISTServer - The command 19005(ListBLL.Logic.Feedback) has been discovered
2018-11-27 09:30:54,445 [1] DEBUG LISTServer - The command 11020(ListBLL.Logic.GameOperation) has been discovered
2018-11-27 09:30:54,445 [1] DEBUG LISTServer - The command 11030(ListBLL.Logic.GetGroupInfo) has been discovered
2018-11-27 09:30:54,446 [1] DEBUG LISTServer - The command 11032(ListBLL.Logic.GetGroupInfoByGroupID) has been discovered
2018-11-27 09:30:54,446 [1] DEBUG LISTServer - The command 11034(ListBLL.Logic.GetGroupUserInfoByGroupID) has been discovered
2018-11-27 09:30:54,446 [1] DEBUG LISTServer - The command 11022(ListBLL.Logic.GetRoomCard) has been discovered
2018-11-27 09:30:54,446 [1] DEBUG LISTServer - The command 11050(ListBLL.Logic.GroupUsersManager) has been discovered
2018-11-27 09:30:54,446 [1] DEBUG LISTServer - The command 10001(ListBLL.Logic.Heartbeat) has been discovered
2018-11-27 09:30:54,446 [1] DEBUG LISTServer - The command 11080(ListBLL.Logic.LobbyInfo) has been discovered
2018-11-27 09:30:54,446 [1] DEBUG LISTServer - The command 11001(ListBLL.Logic.Login) has been discovered
2018-11-27 09:30:54,446 [1] DEBUG LISTServer - The command 11003(ListBLL.Logic.LoginPW) has been discovered
2018-11-27 09:30:54,446 [1] DEBUG LISTServer - The command 11101(ListBLL.Logic.Package) has been discovered
2018-11-27 09:30:54,446 [1] DEBUG LISTServer - The command 11090(ListBLL.Logic.QuitGroup) has been discovered
2018-11-27 09:30:54,446 [1] DEBUG LISTServer - The command 11108(ListBLL.Logic.SearchPlayer) has been discovered
2018-11-27 09:30:54,446 [1] DEBUG LISTServer - The command 19003(ListBLL.Logic.UserGamePlaybackLogic) has been discovered
2018-11-27 09:30:54,446 [1] DEBUG LISTServer - The command 19001(ListBLL.Logic.UserRecordLogic) has been discovered
2018-11-27 09:30:54,459 [1] DEBUG DefaultBootstrap - The server instance LISTServer has been initialized!
2018-11-27 09:30:54,925 [1] DEBUG DefaultBootstrap - The PerformanceMonitor has been initialized!
2018-11-27 09:30:54,925 [1] DEBUG DefaultBootstrap - The Bootstrap has been initialized!
2018-11-27 09:30:54,938 [1] DEBUG LISTServer - Listener (0.0.0.0:2018) was started
2018-11-27 09:30:54,941 [1] DEBUG DefaultBootstrap - The PerformanceMonitor has been started!
2018-11-27 09:31:44,249 [11] DEBUG LISTServer - 登陆sssionID--------33fff94d-2325-4bbd-a3d0-ecd95b8bcb52
2018-11-27 09:31:44,249 [11] DEBUG LISTServer - 登录游戏----------2018/11/27 9:31:44
2018-11-27 09:31:44,821 [11] DEBUG LISTServer - 登录用户openid:defbccc0f5185af43960abc0536358b29e035896|昵称:测试用户def----------2018/11/27 9:31:44
2018-11-27 09:32:04,453 [11] DEBUG LISTServer - 登录游戏成功----------2018/11/27 9:32:04
2018-11-27 09:33:15,537 [12] DEBUG LISTServer - 登陆sssionID--------6ff40552-bb4b-426d-83ee-e9a1c21a592d
2018-11-27 09:33:15,537 [12] DEBUG LISTServer - 登录游戏----------2018/11/27 9:33:15
2018-11-27 09:33:15,549 [12] DEBUG LISTServer - 登录用户openid:defbccc0f5185af43960abc0536358b29e035896|昵称:测试用户def----------2018/11/27 9:33:15
2018-11-27 09:33:15,552 [12] DEBUG LISTServer - 登录游戏成功----------2018/11/27 9:33:15
2018-11-27 09:33:56,816 [1] DEBUG DefaultBootstrap - The server instance LISTServer has been created!
2018-11-27 09:33:57,021 [1] DEBUG LISTServer - The command 11105(ListBLL.Logic.AgentGetGroupInfo) has been discovered
2018-11-27 09:33:57,022 [1] DEBUG LISTServer - The command 11107(ListBLL.Logic.AgentGroupUsersManager) has been discovered
2018-11-27 09:33:57,022 [1] DEBUG LISTServer - The command 11110(ListBLL.Logic.AgentSignIn) has been discovered
2018-11-27 09:33:57,022 [1] DEBUG LISTServer - The command 11060(ListBLL.Logic.ApplyRecord) has been discovered
2018-11-27 09:33:57,022 [1] DEBUG LISTServer - The command 11040(ListBLL.Logic.ApplyToJoin) has been discovered
2018-11-27 09:33:57,022 [1] DEBUG LISTServer - The command 11070(ListBLL.Logic.ChangeApplyStatus) has been discovered
2018-11-27 09:33:57,022 [1] DEBUG LISTServer - The command 11103(ListBLL.Logic.CreateGroup) has been discovered
2018-11-27 09:33:57,022 [1] DEBUG LISTServer - The command 11109(ListBLL.Logic.DeleteGroup) has been discovered
2018-11-27 09:33:57,022 [1] DEBUG LISTServer - The command 19005(ListBLL.Logic.Feedback) has been discovered
2018-11-27 09:33:57,022 [1] DEBUG LISTServer - The command 11020(ListBLL.Logic.GameOperation) has been discovered
2018-11-27 09:33:57,022 [1] DEBUG LISTServer - The command 11030(ListBLL.Logic.GetGroupInfo) has been discovered
2018-11-27 09:33:57,022 [1] DEBUG LISTServer - The command 11032(ListBLL.Logic.GetGroupInfoByGroupID) has been discovered
2018-11-27 09:33:57,022 [1] DEBUG LISTServer - The command 11034(ListBLL.Logic.GetGroupUserInfoByGroupID) has been discovered
2018-11-27 09:33:57,022 [1] DEBUG LISTServer - The command 11022(ListBLL.Logic.GetRoomCard) has been discovered
2018-11-27 09:33:57,022 [1] DEBUG LISTServer - The command 11050(ListBLL.Logic.GroupUsersManager) has been discovered
2018-11-27 09:33:57,023 [1] DEBUG LISTServer - The command 10001(ListBLL.Logic.Heartbeat) has been discovered
2018-11-27 09:33:57,023 [1] DEBUG LISTServer - The command 11080(ListBLL.Logic.LobbyInfo) has been discovered
2018-11-27 09:33:57,023 [1] DEBUG LISTServer - The command 11001(ListBLL.Logic.Login) has been discovered
2018-11-27 09:33:57,023 [1] DEBUG LISTServer - The command 11003(ListBLL.Logic.LoginPW) has been discovered
2018-11-27 09:33:57,023 [1] DEBUG LISTServer - The command 11101(ListBLL.Logic.Package) has been discovered
2018-11-27 09:33:57,023 [1] DEBUG LISTServer - The command 11090(ListBLL.Logic.QuitGroup) has been discovered
2018-11-27 09:33:57,023 [1] DEBUG LISTServer - The command 11108(ListBLL.Logic.SearchPlayer) has been discovered
2018-11-27 09:33:57,023 [1] DEBUG LISTServer - The command 19003(ListBLL.Logic.UserGamePlaybackLogic) has been discovered
2018-11-27 09:33:57,023 [1] DEBUG LISTServer - The command 19001(ListBLL.Logic.UserRecordLogic) has been discovered
2018-11-27 09:33:57,034 [1] DEBUG DefaultBootstrap - The server instance LISTServer has been initialized!
2018-11-27 09:33:57,316 [1] DEBUG DefaultBootstrap - The PerformanceMonitor has been initialized!
2018-11-27 09:33:57,316 [1] DEBUG DefaultBootstrap - The Bootstrap has been initialized!
2018-11-27 09:33:57,330 [1] DEBUG LISTServer - Listener (0.0.0.0:2018) was started
2018-11-27 09:33:57,334 [1] DEBUG DefaultBootstrap - The PerformanceMonitor has been started!
2018-11-27 09:34:12,943 [9] DEBUG LISTServer - 登陆sssionID--------43c1927d-ead7-429c-8abe-13616f1b9b37
2018-11-27 09:34:12,944 [9] DEBUG LISTServer - 登录游戏----------2018/11/27 9:34:12
2018-11-27 09:34:13,346 [9] DEBUG LISTServer - 登录用户openid:defbccc0f5185af43960abc0536358b29e035896|昵称:测试用户def----------2018/11/27 9:34:13
2018-11-27 09:35:17,818 [9] DEBUG LISTServer - 登录游戏成功----------2018/11/27 9:35:17
2018-11-27 09:36:15,898 [1] DEBUG DefaultBootstrap - The server instance LISTServer has been created!
2018-11-27 09:36:16,076 [1] DEBUG LISTServer - The command 11105(ListBLL.Logic.AgentGetGroupInfo) has been discovered
2018-11-27 09:36:16,077 [1] DEBUG LISTServer - The command 11107(ListBLL.Logic.AgentGroupUsersManager) has been discovered
2018-11-27 09:36:16,077 [1] DEBUG LISTServer - The command 11110(ListBLL.Logic.AgentSignIn) has been discovered
2018-11-27 09:36:16,077 [1] DEBUG LISTServer - The command 11060(ListBLL.Logic.ApplyRecord) has been discovered
2018-11-27 09:36:16,077 [1] DEBUG LISTServer - The command 11040(ListBLL.Logic.ApplyToJoin) has been discovered
2018-11-27 09:36:16,077 [1] DEBUG LISTServer - The command 11070(ListBLL.Logic.ChangeApplyStatus) has been discovered
2018-11-27 09:36:16,077 [1] DEBUG LISTServer - The command 11103(ListBLL.Logic.CreateGroup) has been discovered
2018-11-27 09:36:16,077 [1] DEBUG LISTServer - The command 11109(ListBLL.Logic.DeleteGroup) has been discovered
2018-11-27 09:36:16,077 [1] DEBUG LISTServer - The command 19005(ListBLL.Logic.Feedback) has been discovered
2018-11-27 09:36:16,077 [1] DEBUG LISTServer - The command 11020(ListBLL.Logic.GameOperation) has been discovered
2018-11-27 09:36:16,077 [1] DEBUG LISTServer - The command 11030(ListBLL.Logic.GetGroupInfo) has been discovered
2018-11-27 09:36:16,077 [1] DEBUG LISTServer - The command 11032(ListBLL.Logic.GetGroupInfoByGroupID) has been discovered
2018-11-27 09:36:16,077 [1] DEBUG LISTServer - The command 11034(ListBLL.Logic.GetGroupUserInfoByGroupID) has been discovered
2018-11-27 09:36:16,078 [1] DEBUG LISTServer - The command 11022(ListBLL.Logic.GetRoomCard) has been discovered
2018-11-27 09:36:16,078 [1] DEBUG LISTServer - The command 11050(ListBLL.Logic.GroupUsersManager) has been discovered
2018-11-27 09:36:16,078 [1] DEBUG LISTServer - The command 10001(ListBLL.Logic.Heartbeat) has been discovered
2018-11-27 09:36:16,078 [1] DEBUG LISTServer - The command 11080(ListBLL.Logic.LobbyInfo) has been discovered
2018-11-27 09:36:16,078 [1] DEBUG LISTServer - The command 11001(ListBLL.Logic.Login) has been discovered
2018-11-27 09:36:16,078 [1] DEBUG LISTServer - The command 11003(ListBLL.Logic.LoginPW) has been discovered
2018-11-27 09:36:16,078 [1] DEBUG LISTServer - The command 11101(ListBLL.Logic.Package) has been discovered
2018-11-27 09:36:16,078 [1] DEBUG LISTServer - The command 11090(ListBLL.Logic.QuitGroup) has been discovered
2018-11-27 09:36:16,078 [1] DEBUG LISTServer - The command 11108(ListBLL.Logic.SearchPlayer) has been discovered
2018-11-27 09:36:16,078 [1] DEBUG LISTServer - The command 19003(ListBLL.Logic.UserGamePlaybackLogic) has been discovered
2018-11-27 09:36:16,078 [1] DEBUG LISTServer - The command 19001(ListBLL.Logic.UserRecordLogic) has been discovered
2018-11-27 09:36:16,089 [1] DEBUG DefaultBootstrap - The server instance LISTServer has been initialized!
2018-11-27 09:36:16,344 [1] DEBUG DefaultBootstrap - The PerformanceMonitor has been initialized!
2018-11-27 09:36:16,344 [1] DEBUG DefaultBootstrap - The Bootstrap has been initialized!
2018-11-27 09:36:16,357 [1] DEBUG LISTServer - Listener (0.0.0.0:2018) was started
2018-11-27 09:36:16,360 [1] DEBUG DefaultBootstrap - The PerformanceMonitor has been started!
2018-11-27 09:36:24,583 [9] DEBUG LISTServer - 登陆sssionID--------5d132879-dfd9-458e-8955-bbf80014d8f6
2018-11-27 09:36:24,583 [9] DEBUG LISTServer - 登录游戏----------2018/11/27 9:36:24
2018-11-27 09:36:24,995 [9] DEBUG LISTServer - 登录用户openid:defbccc0f5185af43960abc0536358b29e035896|昵称:测试用户def----------2018/11/27 9:36:24
2018-11-27 09:37:34,451 [9] DEBUG LISTServer - 登录游戏成功----------2018/11/27 9:37:34
2018-11-27 09:37:34,451 [9] DEBUG LISTServer - 新登录用户openid:defbccc0f5185af43960abc0536358b29e035896
2018-11-27 16:03:26,302 [1] DEBUG DefaultBootstrap - The server instance LISTServer has been created!
2018-11-27 16:03:26,581 [1] DEBUG LISTServer - The command 11105(ListBLL.Logic.AgentGetGroupInfo) has been discovered
2018-11-27 16:03:26,581 [1] DEBUG LISTServer - The command 11107(ListBLL.Logic.AgentGroupUsersManager) has been discovered
2018-11-27 16:03:26,581 [1] DEBUG LISTServer - The command 11110(ListBLL.Logic.AgentSignIn) has been discovered
2018-11-27 16:03:26,582 [1] DEBUG LISTServer - The command 11060(ListBLL.Logic.ApplyRecord) has been discovered
2018-11-27 16:03:26,582 [1] DEBUG LISTServer - The command 11040(ListBLL.Logic.ApplyToJoin) has been discovered
2018-11-27 16:03:26,582 [1] DEBUG LISTServer - The command 11070(ListBLL.Logic.ChangeApplyStatus) has been discovered
2018-11-27 16:03:26,582 [1] DEBUG LISTServer - The command 11103(ListBLL.Logic.CreateGroup) has been discovered
2018-11-27 16:03:26,582 [1] DEBUG LISTServer - The command 11109(ListBLL.Logic.DeleteGroup) has been discovered
2018-11-27 16:03:26,582 [1] DEBUG LISTServer - The command 19005(ListBLL.Logic.Feedback) has been discovered
2018-11-27 16:03:26,582 [1] DEBUG LISTServer - The command 11020(ListBLL.Logic.GameOperation) has been discovered
2018-11-27 16:03:26,582 [1] DEBUG LISTServer - The command 11030(ListBLL.Logic.GetGroupInfo) has been discovered
2018-11-27 16:03:26,582 [1] DEBUG LISTServer - The command 11032(ListBLL.Logic.GetGroupInfoByGroupID) has been discovered
2018-11-27 16:03:26,582 [1] DEBUG LISTServer - The command 11034(ListBLL.Logic.GetGroupUserInfoByGroupID) has been discovered
2018-11-27 16:03:26,582 [1] DEBUG LISTServer - The command 11022(ListBLL.Logic.GetRoomCard) has been discovered
2018-11-27 16:03:26,582 [1] DEBUG LISTServer - The command 11050(ListBLL.Logic.GroupUsersManager) has been discovered
2018-11-27 16:03:26,582 [1] DEBUG LISTServer - The command 10001(ListBLL.Logic.Heartbeat) has been discovered
2018-11-27 16:03:26,582 [1] DEBUG LISTServer - The command 11080(ListBLL.Logic.LobbyInfo) has been discovered
2018-11-27 16:03:26,582 [1] DEBUG LISTServer - The command 11001(ListBLL.Logic.Login) has been discovered
2018-11-27 16:03:26,582 [1] DEBUG LISTServer - The command 11003(ListBLL.Logic.LoginPW) has been discovered
2018-11-27 16:03:26,583 [1] DEBUG LISTServer - The command 11101(ListBLL.Logic.Package) has been discovered
2018-11-27 16:03:26,583 [1] DEBUG LISTServer - The command 11090(ListBLL.Logic.QuitGroup) has been discovered
2018-11-27 16:03:26,583 [1] DEBUG LISTServer - The command 11108(ListBLL.Logic.SearchPlayer) has been discovered
2018-11-27 16:03:26,583 [1] DEBUG LISTServer - The command 19003(ListBLL.Logic.UserGamePlaybackLogic) has been discovered
2018-11-27 16:03:26,583 [1] DEBUG LISTServer - The command 19001(ListBLL.Logic.UserRecordLogic) has been discovered
2018-11-27 16:03:26,594 [1] DEBUG DefaultBootstrap - The server instance LISTServer has been initialized!
2018-11-27 16:03:27,009 [1] DEBUG DefaultBootstrap - The PerformanceMonitor has been initialized!
2018-11-27 16:03:27,009 [1] DEBUG DefaultBootstrap - The Bootstrap has been initialized!
2018-11-27 16:03:27,022 [1] DEBUG LISTServer - Listener (0.0.0.0:2018) was started
2018-11-27 16:03:27,026 [1] DEBUG DefaultBootstrap - The PerformanceMonitor has been started!
2018-11-27 16:04:40,275 [7] DEBUG LISTServer - 登陆sssionID--------e65fc395-8c24-40a0-b98b-06ba798e9e9c
2018-11-27 16:04:40,275 [7] DEBUG LISTServer - 登录游戏----------2018/11/27 16:04:40
2018-11-27 16:04:41,618 [7] DEBUG LISTServer - 登录用户openid:defbccc0f5185af43960abc0536358b29e035896|昵称:测试用户def----------2018/11/27 16:04:41
2018-11-27 16:04:50,661 [7] DEBUG LISTServer - 登录游戏成功----------2018/11/27 16:04:50
2018-11-27 16:04:50,661 [7] DEBUG LISTServer - 新登录用户openid:defbccc0f5185af43960abc0536358b29e035896
2018-11-27 16:07:25,801 [16] DEBUG LISTServer - 登陆sssionID--------e5fcabcb-0453-4d09-a02f-592980ba5685
2018-11-27 16:07:25,801 [16] DEBUG LISTServer - 登录游戏----------2018/11/27 16:07:25
2018-11-27 16:07:25,812 [16] DEBUG LISTServer - 登录用户openid:defbccc0f5185af43960abc0536358b29e035896|昵称:测试用户def----------2018/11/27 16:07:25
2018-11-27 16:07:25,820 [16] DEBUG LISTServer - 登录游戏成功----------2018/11/27 16:07:25
2018-11-27 16:09:04,444 [7] DEBUG LISTServer - 登陆sssionID--------b655d4e0-bed4-4b00-aa9b-fb845eceaa71
2018-11-27 16:09:04,444 [7] DEBUG LISTServer - 登录游戏----------2018/11/27 16:09:04
2018-11-27 16:09:04,458 [7] DEBUG LISTServer - 登录用户openid:defbccc0f5185af43960abc0536358b29e035896|昵称:测试用户def----------2018/11/27 16:09:04
2018-11-27 16:09:04,461 [7] DEBUG LISTServer - 登录游戏成功----------2018/11/27 16:09:04
2018-11-27 16:09:44,675 [16] DEBUG LISTServer - 登陆sssionID--------3116111e-5cfc-4237-95b3-9dd936cbb1a2
2018-11-27 16:09:44,675 [16] DEBUG LISTServer - 登录游戏----------2018/11/27 16:09:44
2018-11-27 16:09:44,689 [16] DEBUG LISTServer - 登录用户openid:defbccc0f5185af43960abc0536358b29e035896|昵称:测试用户def----------2018/11/27 16:09:44
2018-11-27 16:09:44,693 [16] DEBUG LISTServer - 登录游戏成功----------2018/11/27 16:09:44
2018-11-27 16:11:48,758 [1] DEBUG DefaultBootstrap - The server instance LISTServer has been created!
2018-11-27 16:11:48,889 [1] DEBUG LISTServer - The command 11105(ListBLL.Logic.AgentGetGroupInfo) has been discovered
2018-11-27 16:11:48,889 [1] DEBUG LISTServer - The command 11107(ListBLL.Logic.AgentGroupUsersManager) has been discovered
2018-11-27 16:11:48,890 [1] DEBUG LISTServer - The command 11110(ListBLL.Logic.AgentSignIn) has been discovered
2018-11-27 16:11:48,890 [1] DEBUG LISTServer - The command 11060(ListBLL.Logic.ApplyRecord) has been discovered
2018-11-27 16:11:48,890 [1] DEBUG LISTServer - The command 11040(ListBLL.Logic.ApplyToJoin) has been discovered
2018-11-27 16:11:48,890 [1] DEBUG LISTServer - The command 11070(ListBLL.Logic.ChangeApplyStatus) has been discovered
2018-11-27 16:11:48,890 [1] DEBUG LISTServer - The command 11103(ListBLL.Logic.CreateGroup) has been discovered
2018-11-27 16:11:48,890 [1] DEBUG LISTServer - The command 11109(ListBLL.Logic.DeleteGroup) has been discovered
2018-11-27 16:11:48,890 [1] DEBUG LISTServer - The command 19005(ListBLL.Logic.Feedback) has been discovered
2018-11-27 16:11:48,890 [1] DEBUG LISTServer - The command 11020(ListBLL.Logic.GameOperation) has been discovered
2018-11-27 16:11:48,890 [1] DEBUG LISTServer - The command 11030(ListBLL.Logic.GetGroupInfo) has been discovered
2018-11-27 16:11:48,890 [1] DEBUG LISTServer - The command 11032(ListBLL.Logic.GetGroupInfoByGroupID) has been discovered
2018-11-27 16:11:48,890 [1] DEBUG LISTServer - The command 11034(ListBLL.Logic.GetGroupUserInfoByGroupID) has been discovered
2018-11-27 16:11:48,890 [1] DEBUG LISTServer - The command 11022(ListBLL.Logic.GetRoomCard) has been discovered
2018-11-27 16:11:48,890 [1] DEBUG LISTServer - The command 11050(ListBLL.Logic.GroupUsersManager) has been discovered
2018-11-27 16:11:48,890 [1] DEBUG LISTServer - The command 10001(ListBLL.Logic.Heartbeat) has been discovered
2018-11-27 16:11:48,890 [1] DEBUG LISTServer - The command 11080(ListBLL.Logic.LobbyInfo) has been discovered
2018-11-27 16:11:48,891 [1] DEBUG LISTServer - The command 11001(ListBLL.Logic.Login) has been discovered
2018-11-27 16:11:48,891 [1] DEBUG LISTServer - The command 11003(ListBLL.Logic.LoginPW) has been discovered
2018-11-27 16:11:48,891 [1] DEBUG LISTServer - The command 11101(ListBLL.Logic.Package) has been discovered
2018-11-27 16:11:48,891 [1] DEBUG LISTServer - The command 11090(ListBLL.Logic.QuitGroup) has been discovered
2018-11-27 16:11:48,891 [1] DEBUG LISTServer - The command 11108(ListBLL.Logic.SearchPlayer) has been discovered
2018-11-27 16:11:48,891 [1] DEBUG LISTServer - The command 19003(ListBLL.Logic.UserGamePlaybackLogic) has been discovered
2018-11-27 16:11:48,891 [1] DEBUG LISTServer - The command 19001(ListBLL.Logic.UserRecordLogic) has been discovered
2018-11-27 16:11:48,902 [1] DEBUG DefaultBootstrap - The server instance LISTServer has been initialized!
2018-11-27 16:11:49,450 [1] DEBUG DefaultBootstrap - The PerformanceMonitor has been initialized!
2018-11-27 16:11:49,450 [1] DEBUG DefaultBootstrap - The Bootstrap has been initialized!
2018-11-27 16:11:49,463 [1] DEBUG LISTServer - Listener (0.0.0.0:2018) was started
2018-11-27 16:11:49,466 [1] DEBUG DefaultBootstrap - The PerformanceMonitor has been started!
2018-11-27 16:11:56,435 [8] DEBUG LISTServer - 登陆sssionID--------4a20e99e-c2e9-4127-b301-9feea0f12745
2018-11-27 16:11:56,435 [8] DEBUG LISTServer - 登录游戏----------2018/11/27 16:11:56
2018-11-27 16:11:57,259 [8] DEBUG LISTServer - 登录用户openid:defbccc0f5185af43960abc0536358b29e035896|昵称:测试用户def----------2018/11/27 16:11:57
2018-11-27 16:11:57,670 [8] DEBUG LISTServer - 登录游戏成功----------2018/11/27 16:11:57
2018-11-27 16:11:57,670 [8] DEBUG LISTServer - 新登录用户openid:defbccc0f5185af43960abc0536358b29e035896
2018-11-27 16:12:47,022 [7] DEBUG LISTServer - 登陆sssionID--------5257c180-257f-4aea-b7fc-28501048f9a1
2018-11-27 16:12:47,022 [7] DEBUG LISTServer - 登录游戏----------2018/11/27 16:12:47
2018-11-27 16:12:47,024 [7] DEBUG LISTServer - 登录用户openid:defbccc0f5185af43960abc0536358b29e035896|昵称:测试用户def----------2018/11/27 16:12:47
2018-11-27 16:12:47,027 [7] DEBUG LISTServer - 登录游戏成功----------2018/11/27 16:12:47
2018-11-27 16:14:43,361 [7] DEBUG LISTServer - 登陆sssionID--------e8ef01cf-28b5-4725-afb9-5983c60aed46
2018-11-27 16:14:43,361 [7] DEBUG LISTServer - 登录游戏----------2018/11/27 16:14:43
2018-11-27 16:14:43,369 [7] DEBUG LISTServer - 登录用户openid:defbccc0f5185af43960abc0536358b29e035896|昵称:测试用户def----------2018/11/27 16:14:43
2018-11-27 16:14:43,374 [7] DEBUG LISTServer - 登录游戏成功----------2018/11/27 16:14:43
2018-11-27 22:06:54,242 [1] DEBUG DefaultBootstrap - The server instance LISTServer has been created!
2018-11-27 22:06:54,358 [1] DEBUG LISTServer - The command 11105(ListBLL.Logic.AgentGetGroupInfo) has been discovered
2018-11-27 22:06:54,358 [1] DEBUG LISTServer - The command 11107(ListBLL.Logic.AgentGroupUsersManager) has been discovered
2018-11-27 22:06:54,358 [1] DEBUG LISTServer - The command 11110(ListBLL.Logic.AgentSignIn) has been discovered
2018-11-27 22:06:54,358 [1] DEBUG LISTServer - The command 11060(ListBLL.Logic.ApplyRecord) has been discovered
2018-11-27 22:06:54,358 [1] DEBUG LISTServer - The command 11040(ListBLL.Logic.ApplyToJoin) has been discovered
2018-11-27 22:06:54,358 [1] DEBUG LISTServer - The command 11070(ListBLL.Logic.ChangeApplyStatus) has been discovered
2018-11-27 22:06:54,358 [1] DEBUG LISTServer - The command 11103(ListBLL.Logic.CreateGroup) has been discovered
2018-11-27 22:06:54,358 [1] DEBUG LISTServer - The command 11109(ListBLL.Logic.DeleteGroup) has been discovered
2018-11-27 22:06:54,358 [1] DEBUG LISTServer - The command 19005(ListBLL.Logic.Feedback) has been discovered
2018-11-27 22:06:54,359 [1] DEBUG LISTServer - The command 11020(ListBLL.Logic.GameOperation) has been discovered
2018-11-27 22:06:54,359 [1] DEBUG LISTServer - The command 11030(ListBLL.Logic.GetGroupInfo) has been discovered
2018-11-27 22:06:54,359 [1] DEBUG LISTServer - The command 11032(ListBLL.Logic.GetGroupInfoByGroupID) has been discovered
2018-11-27 22:06:54,359 [1] DEBUG LISTServer - The command 11034(ListBLL.Logic.GetGroupUserInfoByGroupID) has been discovered
2018-11-27 22:06:54,359 [1] DEBUG LISTServer - The command 11022(ListBLL.Logic.GetRoomCard) has been discovered
2018-11-27 22:06:54,359 [1] DEBUG LISTServer - The command 11050(ListBLL.Logic.GroupUsersManager) has been discovered
2018-11-27 22:06:54,359 [1] DEBUG LISTServer - The command 10001(ListBLL.Logic.Heartbeat) has been discovered
2018-11-27 22:06:54,359 [1] DEBUG LISTServer - The command 11080(ListBLL.Logic.LobbyInfo) has been discovered
2018-11-27 22:06:54,359 [1] DEBUG LISTServer - The command 11001(ListBLL.Logic.Login) has been discovered
2018-11-27 22:06:54,359 [1] DEBUG LISTServer - The command 11003(ListBLL.Logic.LoginPW) has been discovered
2018-11-27 22:06:54,359 [1] DEBUG LISTServer - The command 11101(ListBLL.Logic.Package) has been discovered
2018-11-27 22:06:54,359 [1] DEBUG LISTServer - The command 11090(ListBLL.Logic.QuitGroup) has been discovered
2018-11-27 22:06:54,359 [1] DEBUG LISTServer - The command 11108(ListBLL.Logic.SearchPlayer) has been discovered
2018-11-27 22:06:54,359 [1] DEBUG LISTServer - The command 19003(ListBLL.Logic.UserGamePlaybackLogic) has been discovered
2018-11-27 22:06:54,359 [1] DEBUG LISTServer - The command 19001(ListBLL.Logic.UserRecordLogic) has been discovered
2018-11-27 22:06:54,370 [1] DEBUG DefaultBootstrap - The server instance LISTServer has been initialized!
2018-11-27 22:06:54,734 [1] DEBUG DefaultBootstrap - The PerformanceMonitor has been initialized!
2018-11-27 22:06:54,734 [1] DEBUG DefaultBootstrap - The Bootstrap has been initialized!
2018-11-27 22:06:54,748 [1] DEBUG LISTServer - Listener (0.0.0.0:2018) was started
2018-11-27 22:06:54,752 [1] DEBUG DefaultBootstrap - The PerformanceMonitor has been started!
2018-11-27 22:07:09,135 [9] DEBUG LISTServer - 登陆sssionID--------df069686-f394-40ed-b729-5c0f7cfde3ce
2018-11-27 22:07:09,135 [9] DEBUG LISTServer - 登录游戏----------2018/11/27 22:07:09
2018-11-27 22:07:09,601 [9] DEBUG LISTServer - 登录用户openid:defbccc0f5185af43960abc0536358b29e035896|昵称:测试用户def----------2018/11/27 22:07:09
2018-11-27 22:07:10,230 [9] DEBUG LISTServer - 登录游戏成功----------2018/11/27 22:07:10
2018-11-27 22:19:34,880 [15] DEBUG LISTServer - 登陆sssionID--------d20124c6-5db7-4ab3-b221-d30256b52db5
2018-11-27 22:19:34,880 [15] DEBUG LISTServer - 登录游戏----------2018/11/27 22:19:34
2018-11-27 22:19:34,888 [15] DEBUG LISTServer - 登录用户openid:defbccc0f5185af43960abc0536358b29e035896|昵称:测试用户def----------2018/11/27 22:19:34
2018-11-27 22:19:34,892 [15] DEBUG LISTServer - 登录游戏成功----------2018/11/27 22:19:34
2018-11-27 22:48:55,491 [1] DEBUG DefaultBootstrap - The server instance LISTServer has been created!
2018-11-27 22:48:55,624 [1] DEBUG LISTServer - The command 11105(ListBLL.Logic.AgentGetGroupInfo) has been discovered
2018-11-27 22:48:55,624 [1] DEBUG LISTServer - The command 11107(ListBLL.Logic.AgentGroupUsersManager) has been discovered
2018-11-27 22:48:55,624 [1] DEBUG LISTServer - The command 11110(ListBLL.Logic.AgentSignIn) has been discovered
2018-11-27 22:48:55,625 [1] DEBUG LISTServer - The command 11060(ListBLL.Logic.ApplyRecord) has been discovered
2018-11-27 22:48:55,625 [1] DEBUG LISTServer - The command 11040(ListBLL.Logic.ApplyToJoin) has been discovered
2018-11-27 22:48:55,625 [1] DEBUG LISTServer - The command 11070(ListBLL.Logic.ChangeApplyStatus) has been discovered
2018-11-27 22:48:55,625 [1] DEBUG LISTServer - The command 11103(ListBLL.Logic.CreateGroup) has been discovered
2018-11-27 22:48:55,625 [1] DEBUG LISTServer - The command 11109(ListBLL.Logic.DeleteGroup) has been discovered
2018-11-27 22:48:55,625 [1] DEBUG LISTServer - The command 19005(ListBLL.Logic.Feedback) has been discovered
2018-11-27 22:48:55,625 [1] DEBUG LISTServer - The command 11020(ListBLL.Logic.GameOperation) has been discovered
2018-11-27 22:48:55,625 [1] DEBUG LISTServer - The command 11030(ListBLL.Logic.GetGroupInfo) has been discovered
2018-11-27 22:48:55,625 [1] DEBUG LISTServer - The command 11032(ListBLL.Logic.GetGroupInfoByGroupID) has been discovered
2018-11-27 22:48:55,625 [1] DEBUG LISTServer - The command 11034(ListBLL.Logic.GetGroupUserInfoByGroupID) has been discovered
2018-11-27 22:48:55,625 [1] DEBUG LISTServer - The command 11022(ListBLL.Logic.GetRoomCard) has been discovered
2018-11-27 22:48:55,625 [1] DEBUG LISTServer - The command 11050(ListBLL.Logic.GroupUsersManager) has been discovered
2018-11-27 22:48:55,625 [1] DEBUG LISTServer - The command 10001(ListBLL.Logic.Heartbeat) has been discovered
2018-11-27 22:48:55,625 [1] DEBUG LISTServer - The command 11080(ListBLL.Logic.LobbyInfo) has been discovered
2018-11-27 22:48:55,625 [1] DEBUG LISTServer - The command 11001(ListBLL.Logic.Login) has been discovered
2018-11-27 22:48:55,625 [1] DEBUG LISTServer - The command 11003(ListBLL.Logic.LoginPW) has been discovered
2018-11-27 22:48:55,626 [1] DEBUG LISTServer - The command 11101(ListBLL.Logic.Package) has been discovered
2018-11-27 22:48:55,626 [1] DEBUG LISTServer - The command 11090(ListBLL.Logic.QuitGroup) has been discovered
2018-11-27 22:48:55,626 [1] DEBUG LISTServer - The command 11108(ListBLL.Logic.SearchPlayer) has been discovered
2018-11-27 22:48:55,626 [1] DEBUG LISTServer - The command 19003(ListBLL.Logic.UserGamePlaybackLogic) has been discovered
2018-11-27 22:48:55,626 [1] DEBUG LISTServer - The command 19001(ListBLL.Logic.UserRecordLogic) has been discovered
2018-11-27 22:48:55,636 [1] DEBUG DefaultBootstrap - The server instance LISTServer has been initialized!
2018-11-27 22:48:56,056 [1] DEBUG DefaultBootstrap - The PerformanceMonitor has been initialized!
2018-11-27 22:48:56,056 [1] DEBUG DefaultBootstrap - The Bootstrap has been initialized!
2018-11-27 22:48:56,074 [1] DEBUG LISTServer - Listener (0.0.0.0:2018) was started
2018-11-27 22:48:56,077 [1] DEBUG DefaultBootstrap - The PerformanceMonitor has been started!
2018-11-27 22:49:10,256 [15] DEBUG LISTServer - 登陆sssionID--------126bb461-3e41-4176-a59d-733952442cc3
2018-11-27 22:49:10,256 [15] DEBUG LISTServer - 登录游戏----------2018/11/27 22:49:10
2018-11-27 22:49:10,668 [15] DEBUG LISTServer - 登录用户openid:defbccc0f5185af43960abc0536358b29e035896|昵称:测试用户def----------2018/11/27 22:49:10
2018-11-27 22:49:11,263 [15] DEBUG LISTServer - 登录游戏成功----------2018/11/27 22:49:11
2018-11-27 22:50:33,298 [15] DEBUG LISTServer - 登陆sssionID--------f80ff6cf-73cd-44f4-8263-774298c71bd0
2018-11-27 22:50:33,298 [15] DEBUG LISTServer - 登录游戏----------2018/11/27 22:50:33
2018-11-27 22:50:33,316 [15] DEBUG LISTServer - 登录用户openid:defbccc0f5185af43960abc0536358b29e035896|昵称:测试用户def----------2018/11/27 22:50:33
2018-11-27 22:50:33,321 [15] DEBUG LISTServer - 登录游戏成功----------2018/11/27 22:50:33
2018-11-27 22:51:39,703 [7] DEBUG LISTServer - 登陆sssionID--------609ec35a-5599-4ac7-9e04-a860327d55b2
2018-11-27 22:51:39,703 [7] DEBUG LISTServer - 登录游戏----------2018/11/27 22:51:39
2018-11-27 22:51:39,716 [7] DEBUG LISTServer - 登录用户openid:defbccc0f5185af43960abc0536358b29e035896|昵称:测试用户def----------2018/11/27 22:51:39
2018-11-27 22:51:39,719 [7] DEBUG LISTServer - 登录游戏成功----------2018/11/27 22:51:39
2018-11-27 22:52:04,172 [15] DEBUG LISTServer - 登陆sssionID--------c891521b-f8d0-423b-9b78-406b4a27c3b8
2018-11-27 22:52:04,172 [15] DEBUG LISTServer - 登录游戏----------2018/11/27 22:52:04
2018-11-27 22:52:04,181 [15] DEBUG LISTServer - 登录用户openid:defbccc0f5185af43960abc0536358b29e035896|昵称:测试用户def----------2018/11/27 22:52:04
2018-11-27 22:52:04,185 [15] DEBUG LISTServer - 登录游戏成功----------2018/11/27 22:52:04
2018-11-27 22:52:30,893 [15] DEBUG LISTServer - 登陆sssionID--------c4ef6cb4-7d45-4fc0-922d-5600a46fc4ab
2018-11-27 22:52:30,893 [15] DEBUG LISTServer - 登录游戏----------2018/11/27 22:52:30
2018-11-27 22:52:30,907 [15] DEBUG LISTServer - 登录用户openid:defbccc0f5185af43960abc0536358b29e035896|昵称:测试用户def----------2018/11/27 22:52:30
2018-11-27 22:52:30,911 [15] DEBUG LISTServer - 登录游戏成功----------2018/11/27 22:52:30
2018-11-27 22:54:57,487 [15] DEBUG LISTServer - 登陆sssionID--------6fa92e30-7840-4786-aa52-1c68316d8589
2018-11-27 22:54:57,487 [15] DEBUG LISTServer - 登录游戏----------2018/11/27 22:54:57
2018-11-27 22:54:57,502 [15] DEBUG LISTServer - 登录用户openid:defbccc0f5185af43960abc0536358b29e035896|昵称:测试用户def----------2018/11/27 22:54:57
2018-11-27 22:54:57,507 [15] DEBUG LISTServer - 登录游戏成功----------2018/11/27 22:54:57
2018-11-27 22:55:17,741 [15] DEBUG LISTServer - 登陆sssionID--------c9c94683-698e-4da2-91bf-85ec7d081c2c
2018-11-27 22:55:17,741 [15] DEBUG LISTServer - 登录游戏----------2018/11/27 22:55:17
2018-11-27 22:55:17,750 [15] DEBUG LISTServer - 登录用户openid:defbccc0f5185af43960abc0536358b29e035896|昵称:测试用户def----------2018/11/27 22:55:17
2018-11-27 22:55:17,754 [15] DEBUG LISTServer - 登录游戏成功----------2018/11/27 22:55:17
2018-11-27 22:57:53,271 [1] DEBUG DefaultBootstrap - The server instance LISTServer has been created!
2018-11-27 22:57:53,389 [1] DEBUG LISTServer - The command 11105(ListBLL.Logic.AgentGetGroupInfo) has been discovered
2018-11-27 22:57:53,389 [1] DEBUG LISTServer - The command 11107(ListBLL.Logic.AgentGroupUsersManager) has been discovered
2018-11-27 22:57:53,389 [1] DEBUG LISTServer - The command 11110(ListBLL.Logic.AgentSignIn) has been discovered
2018-11-27 22:57:53,389 [1] DEBUG LISTServer - The command 11060(ListBLL.Logic.ApplyRecord) has been discovered
2018-11-27 22:57:53,389 [1] DEBUG LISTServer - The command 11040(ListBLL.Logic.ApplyToJoin) has been discovered
2018-11-27 22:57:53,390 [1] DEBUG LISTServer - The command 11070(ListBLL.Logic.ChangeApplyStatus) has been discovered
2018-11-27 22:57:53,390 [1] DEBUG LISTServer - The command 11103(ListBLL.Logic.CreateGroup) has been discovered
2018-11-27 22:57:53,390 [1] DEBUG LISTServer - The command 11109(ListBLL.Logic.DeleteGroup) has been discovered
2018-11-27 22:57:53,390 [1] DEBUG LISTServer - The command 19005(ListBLL.Logic.Feedback) has been discovered
2018-11-27 22:57:53,390 [1] DEBUG LISTServer - The command 11020(ListBLL.Logic.GameOperation) has been discovered
2018-11-27 22:57:53,391 [1] DEBUG LISTServer - The command 11030(ListBLL.Logic.GetGroupInfo) has been discovered
2018-11-27 22:57:53,391 [1] DEBUG LISTServer - The command 11032(ListBLL.Logic.GetGroupInfoByGroupID) has been discovered
2018-11-27 22:57:53,391 [1] DEBUG LISTServer - The command 11034(ListBLL.Logic.GetGroupUserInfoByGroupID) has been discovered
2018-11-27 22:57:53,391 [1] DEBUG LISTServer - The command 11022(ListBLL.Logic.GetRoomCard) has been discovered
2018-11-27 22:57:53,391 [1] DEBUG LISTServer - The command 11050(ListBLL.Logic.GroupUsersManager) has been discovered
2018-11-27 22:57:53,391 [1] DEBUG LISTServer - The command 10001(ListBLL.Logic.Heartbeat) has been discovered
2018-11-27 22:57:53,391 [1] DEBUG LISTServer - The command 11080(ListBLL.Logic.LobbyInfo) has been discovered
2018-11-27 22:57:53,391 [1] DEBUG LISTServer - The command 11001(ListBLL.Logic.Login) has been discovered
2018-11-27 22:57:53,391 [1] DEBUG LISTServer - The command 11003(ListBLL.Logic.LoginPW) has been discovered
2018-11-27 22:57:53,391 [1] DEBUG LISTServer - The command 11101(ListBLL.Logic.Package) has been discovered
2018-11-27 22:57:53,391 [1] DEBUG LISTServer - The command 11090(ListBLL.Logic.QuitGroup) has been discovered
2018-11-27 22:57:53,391 [1] DEBUG LISTServer - The command 11108(ListBLL.Logic.SearchPlayer) has been discovered
2018-11-27 22:57:53,392 [1] DEBUG LISTServer - The command 19003(ListBLL.Logic.UserGamePlaybackLogic) has been discovered
2018-11-27 22:57:53,392 [1] DEBUG LISTServer - The command 19001(ListBLL.Logic.UserRecordLogic) has been discovered
2018-11-27 22:57:53,402 [1] DEBUG DefaultBootstrap - The server instance LISTServer has been initialized!
2018-11-27 22:57:53,823 [1] DEBUG DefaultBootstrap - The PerformanceMonitor has been initialized!
2018-11-27 22:57:53,823 [1] DEBUG DefaultBootstrap - The Bootstrap has been initialized!
2018-11-27 22:57:53,836 [1] DEBUG LISTServer - Listener (0.0.0.0:2018) was started
2018-11-27 22:57:53,839 [1] DEBUG DefaultBootstrap - The PerformanceMonitor has been started!
2018-11-27 22:58:00,084 [15] DEBUG LISTServer - 登陆sssionID--------4f0c8069-ac8b-4bd0-88e6-362cf4ab3c3c
2018-11-27 22:58:00,084 [15] DEBUG LISTServer - 登录游戏----------2018/11/27 22:58:00
2018-11-27 22:58:00,514 [15] DEBUG LISTServer - 登录用户openid:defbccc0f5185af43960abc0536358b29e035896|昵称:测试用户def----------2018/11/27 22:58:00
2018-11-27 22:58:00,820 [15] DEBUG LISTServer - 登录游戏成功----------2018/11/27 22:58:00
2018-11-27 22:58:25,429 [15] DEBUG LISTServer - 登陆sssionID--------a2403364-acf8-4c70-875c-c5b6c792776b
2018-11-27 22:58:25,429 [15] DEBUG LISTServer - 登录游戏----------2018/11/27 22:58:25
2018-11-27 22:58:25,438 [15] DEBUG LISTServer - 登录用户openid:defbccc0f5185af43960abc0536358b29e035896|昵称:测试用户def----------2018/11/27 22:58:25
2018-11-27 22:58:25,441 [15] DEBUG LISTServer - 登录游戏成功----------2018/11/27 22:58:25
2018-11-27 23:00:44,404 [1] DEBUG DefaultBootstrap - The server instance LISTServer has been created!
2018-11-27 23:00:44,521 [1] DEBUG LISTServer - The command 11105(ListBLL.Logic.AgentGetGroupInfo) has been discovered
2018-11-27 23:00:44,521 [1] DEBUG LISTServer - The command 11107(ListBLL.Logic.AgentGroupUsersManager) has been discovered
2018-11-27 23:00:44,521 [1] DEBUG LISTServer - The command 11110(ListBLL.Logic.AgentSignIn) has been discovered
2018-11-27 23:00:44,521 [1] DEBUG LISTServer - The command 11060(ListBLL.Logic.ApplyRecord) has been discovered
2018-11-27 23:00:44,522 [1] DEBUG LISTServer - The command 11040(ListBLL.Logic.ApplyToJoin) has been discovered
2018-11-27 23:00:44,522 [1] DEBUG LISTServer - The command 11070(ListBLL.Logic.ChangeApplyStatus) has been discovered
2018-11-27 23:00:44,522 [1] DEBUG LISTServer - The command 11103(ListBLL.Logic.CreateGroup) has been discovered
2018-11-27 23:00:44,522 [1] DEBUG LISTServer - The command 11109(ListBLL.Logic.DeleteGroup) has been discovered
2018-11-27 23:00:44,522 [1] DEBUG LISTServer - The command 19005(ListBLL.Logic.Feedback) has been discovered
2018-11-27 23:00:44,522 [1] DEBUG LISTServer - The command 11020(ListBLL.Logic.GameOperation) has been discovered
2018-11-27 23:00:44,522 [1] DEBUG LISTServer - The command 11030(ListBLL.Logic.GetGroupInfo) has been discovered
2018-11-27 23:00:44,522 [1] DEBUG LISTServer - The command 11032(ListBLL.Logic.GetGroupInfoByGroupID) has been discovered
2018-11-27 23:00:44,522 [1] DEBUG LISTServer - The command 11034(ListBLL.Logic.GetGroupUserInfoByGroupID) has been discovered
2018-11-27 23:00:44,522 [1] DEBUG LISTServer - The command 11022(ListBLL.Logic.GetRoomCard) has been discovered
2018-11-27 23:00:44,522 [1] DEBUG LISTServer - The command 11050(ListBLL.Logic.GroupUsersManager) has been discovered
2018-11-27 23:00:44,522 [1] DEBUG LISTServer - The command 10001(ListBLL.Logic.Heartbeat) has been discovered
2018-11-27 23:00:44,522 [1] DEBUG LISTServer - The command 11080(ListBLL.Logic.LobbyInfo) has been discovered
2018-11-27 23:00:44,522 [1] DEBUG LISTServer - The command 11001(ListBLL.Logic.Login) has been discovered
2018-11-27 23:00:44,522 [1] DEBUG LISTServer - The command 11003(ListBLL.Logic.LoginPW) has been discovered
2018-11-27 23:00:44,522 [1] DEBUG LISTServer - The command 11101(ListBLL.Logic.Package) has been discovered
2018-11-27 23:00:44,523 [1] DEBUG LISTServer - The command 11090(ListBLL.Logic.QuitGroup) has been discovered
2018-11-27 23:00:44,523 [1] DEBUG LISTServer - The command 11108(ListBLL.Logic.SearchPlayer) has been discovered
2018-11-27 23:00:44,523 [1] DEBUG LISTServer - The command 19003(ListBLL.Logic.UserGamePlaybackLogic) has been discovered
2018-11-27 23:00:44,523 [1] DEBUG LISTServer - The command 19001(ListBLL.Logic.UserRecordLogic) has been discovered
2018-11-27 23:00:44,533 [1] DEBUG DefaultBootstrap - The server instance LISTServer has been initialized!
2018-11-27 23:00:44,901 [1] DEBUG DefaultBootstrap - The PerformanceMonitor has been initialized!
2018-11-27 23:00:44,901 [1] DEBUG DefaultBootstrap - The Bootstrap has been initialized!
2018-11-27 23:00:44,914 [1] DEBUG LISTServer - Listener (0.0.0.0:2018) was started
2018-11-27 23:00:44,917 [1] DEBUG DefaultBootstrap - The PerformanceMonitor has been started!
2018-11-27 23:00:49,787 [15] DEBUG LISTServer - 登陆sssionID--------ac53d2a4-bd18-44ad-a3e8-ef1f0e33d0a2
2018-11-27 23:00:49,787 [15] DEBUG LISTServer - 登录游戏----------2018/11/27 23:00:49
2018-11-27 23:00:50,243 [15] DEBUG LISTServer - 登录用户openid:defbccc0f5185af43960abc0536358b29e035896|昵称:测试用户def----------2018/11/27 23:00:50
2018-11-27 23:00:50,530 [15] DEBUG LISTServer - 登录游戏成功----------2018/11/27 23:00:50
2018-11-27 23:00:50,530 [15] DEBUG LISTServer - 新登录用户openid:defbccc0f5185af43960abc0536358b29e035896
2018-11-27 23:06:02,863 [21] DEBUG LISTServer - 登陆sssionID--------ef597470-6b49-41c6-8208-20627ba2456b
2018-11-27 23:06:02,863 [21] DEBUG LISTServer - 登录游戏----------2018/11/27 23:06:02
2018-11-27 23:06:02,869 [21] DEBUG LISTServer - 登录用户openid:defbccc0f5185af43960abc0536358b29e035896|昵称:测试用户def----------2018/11/27 23:06:02
2018-11-27 23:06:02,874 [21] DEBUG LISTServer - 登录游戏成功----------2018/11/27 23:06:02
2018-11-27 23:10:35,608 [21] DEBUG LISTServer - 登陆sssionID--------d58552d8-54b9-4126-b325-9879d5c5bdee
2018-11-27 23:10:35,608 [21] DEBUG LISTServer - 登录游戏----------2018/11/27 23:10:35
2018-11-27 23:10:35,629 [21] DEBUG LISTServer - 登录用户openid:defbccc0f5185af43960abc0536358b29e035896|昵称:测试用户def----------2018/11/27 23:10:35
2018-11-27 23:10:35,636 [21] DEBUG LISTServer - 登录游戏成功----------2018/11/27 23:10:35
2018-11-27 23:21:49,556 [1] DEBUG DefaultBootstrap - The server instance LISTServer has been created!
2018-11-27 23:21:49,672 [1] DEBUG LISTServer - The command 11105(ListBLL.Logic.AgentGetGroupInfo) has been discovered
2018-11-27 23:21:49,672 [1] DEBUG LISTServer - The command 11107(ListBLL.Logic.AgentGroupUsersManager) has been discovered
2018-11-27 23:21:49,672 [1] DEBUG LISTServer - The command 11110(ListBLL.Logic.AgentSignIn) has been discovered
2018-11-27 23:21:49,673 [1] DEBUG LISTServer - The command 11060(ListBLL.Logic.ApplyRecord) has been discovered
2018-11-27 23:21:49,673 [1] DEBUG LISTServer - The command 11040(ListBLL.Logic.ApplyToJoin) has been discovered
2018-11-27 23:21:49,673 [1] DEBUG LISTServer - The command 11070(ListBLL.Logic.ChangeApplyStatus) has been discovered
2018-11-27 23:21:49,673 [1] DEBUG LISTServer - The command 11103(ListBLL.Logic.CreateGroup) has been discovered
2018-11-27 23:21:49,673 [1] DEBUG LISTServer - The command 11109(ListBLL.Logic.DeleteGroup) has been discovered
2018-11-27 23:21:49,673 [1] DEBUG LISTServer - The command 19005(ListBLL.Logic.Feedback) has been discovered
2018-11-27 23:21:49,673 [1] DEBUG LISTServer - The command 11020(ListBLL.Logic.GameOperation) has been discovered
2018-11-27 23:21:49,673 [1] DEBUG LISTServer - The command 11030(ListBLL.Logic.GetGroupInfo) has been discovered
2018-11-27 23:21:49,673 [1] DEBUG LISTServer - The command 11032(ListBLL.Logic.GetGroupInfoByGroupID) has been discovered
2018-11-27 23:21:49,673 [1] DEBUG LISTServer - The command 11034(ListBLL.Logic.GetGroupUserInfoByGroupID) has been discovered
2018-11-27 23:21:49,673 [1] DEBUG LISTServer - The command 11022(ListBLL.Logic.GetRoomCard) has been discovered
2018-11-27 23:21:49,673 [1] DEBUG LISTServer - The command 11050(ListBLL.Logic.GroupUsersManager) has been discovered
2018-11-27 23:21:49,673 [1] DEBUG LISTServer - The command 10001(ListBLL.Logic.Heartbeat) has been discovered
2018-11-27 23:21:49,673 [1] DEBUG LISTServer - The command 11080(ListBLL.Logic.LobbyInfo) has been discovered
2018-11-27 23:21:49,673 [1] DEBUG LISTServer - The command 11001(ListBLL.Logic.Login) has been discovered
2018-11-27 23:21:49,674 [1] DEBUG LISTServer - The command 11003(ListBLL.Logic.LoginPW) has been discovered
2018-11-27 23:21:49,674 [1] DEBUG LISTServer - The command 11101(ListBLL.Logic.Package) has been discovered
2018-11-27 23:21:49,674 [1] DEBUG LISTServer - The command 11090(ListBLL.Logic.QuitGroup) has been discovered
2018-11-27 23:21:49,674 [1] DEBUG LISTServer - The command 11108(ListBLL.Logic.SearchPlayer) has been discovered
2018-11-27 23:21:49,674 [1] DEBUG LISTServer - The command 19003(ListBLL.Logic.UserGamePlaybackLogic) has been discovered
2018-11-27 23:21:49,674 [1] DEBUG LISTServer - The command 19001(ListBLL.Logic.UserRecordLogic) has been discovered
2018-11-27 23:21:49,685 [1] DEBUG DefaultBootstrap - The server instance LISTServer has been initialized!
2018-11-27 23:21:50,109 [1] DEBUG DefaultBootstrap - The PerformanceMonitor has been initialized!
2018-11-27 23:21:50,109 [1] DEBUG DefaultBootstrap - The Bootstrap has been initialized!
2018-11-27 23:21:50,123 [1] DEBUG LISTServer - Listener (0.0.0.0:2018) was started
2018-11-27 23:21:50,127 [1] DEBUG DefaultBootstrap - The PerformanceMonitor has been started!
2018-11-27 23:22:02,222 [9] DEBUG LISTServer - 登陆sssionID--------e1bb6167-e40d-444d-b3cb-de682edface9
2018-11-27 23:22:02,222 [9] DEBUG LISTServer - 登录游戏----------2018/11/27 23:22:02
2018-11-27 23:22:02,622 [9] DEBUG LISTServer - 登录用户openid:defbccc0f5185af43960abc0536358b29e035896|昵称:测试用户def----------2018/11/27 23:22:02
2018-11-27 23:22:02,912 [9] DEBUG LISTServer - 登录游戏成功----------2018/11/27 23:22:02
2018-11-27 23:24:27,178 [9] DEBUG LISTServer - 登陆sssionID--------947a5e16-a77f-4d47-a6af-0bbc2d698382
2018-11-27 23:24:27,178 [9] DEBUG LISTServer - 登录游戏----------2018/11/27 23:24:27
2018-11-27 23:24:27,184 [9] DEBUG LISTServer - 登录用户openid:7ca8632e9664781b80bbc606018427d8|昵称:测试用户7ca----------2018/11/27 23:24:27
2018-11-27 23:24:27,190 [9] DEBUG LISTServer - 登录游戏成功----------2018/11/27 23:24:27
2018-11-27 23:25:23,290 [8] DEBUG LISTServer - 登陆sssionID--------ff6493d6-50a0-4b0d-a92f-0dc9a4267aea
2018-11-27 23:25:23,290 [8] DEBUG LISTServer - 登录游戏----------2018/11/27 23:25:23
2018-11-27 23:25:23,304 [8] DEBUG LISTServer - 登录用户openid:defbccc0f5185af43960abc0536358b29e035896|昵称:测试用户def----------2018/11/27 23:25:23
2018-11-27 23:25:23,307 [8] DEBUG LISTServer - 登录游戏成功----------2018/11/27 23:25:23
2018-11-27 23:48:08,923 [1] DEBUG DefaultBootstrap - The server instance LISTServer has been created!
2018-11-27 23:48:09,189 [1] DEBUG LISTServer - The command 11105(ListBLL.Logic.AgentGetGroupInfo) has been discovered
2018-11-27 23:48:09,189 [1] DEBUG LISTServer - The command 11107(ListBLL.Logic.AgentGroupUsersManager) has been discovered
2018-11-27 23:48:09,190 [1] DEBUG LISTServer - The command 11110(ListBLL.Logic.AgentSignIn) has been discovered
2018-11-27 23:48:09,190 [1] DEBUG LISTServer - The command 11060(ListBLL.Logic.ApplyRecord) has been discovered
2018-11-27 23:48:09,190 [1] DEBUG LISTServer - The command 11040(ListBLL.Logic.ApplyToJoin) has been discovered
2018-11-27 23:48:09,191 [1] DEBUG LISTServer - The command 11070(ListBLL.Logic.ChangeApplyStatus) has been discovered
2018-11-27 23:48:09,191 [1] DEBUG LISTServer - The command 11103(ListBLL.Logic.CreateGroup) has been discovered
2018-11-27 23:48:09,191 [1] DEBUG LISTServer - The command 11109(ListBLL.Logic.DeleteGroup) has been discovered
2018-11-27 23:48:09,191 [1] DEBUG LISTServer - The command 19005(ListBLL.Logic.Feedback) has been discovered
2018-11-27 23:48:09,191 [1] DEBUG LISTServer - The command 11020(ListBLL.Logic.GameOperation) has been discovered
2018-11-27 23:48:09,191 [1] DEBUG LISTServer - The command 11030(ListBLL.Logic.GetGroupInfo) has been discovered
2018-11-27 23:48:09,191 [1] DEBUG LISTServer - The command 11032(ListBLL.Logic.GetGroupInfoByGroupID) has been discovered
2018-11-27 23:48:09,191 [1] DEBUG LISTServer - The command 11034(ListBLL.Logic.GetGroupUserInfoByGroupID) has been discovered
2018-11-27 23:48:09,191 [1] DEBUG LISTServer - The command 11022(ListBLL.Logic.GetRoomCard) has been discovered
2018-11-27 23:48:09,191 [1] DEBUG LISTServer - The command 11050(ListBLL.Logic.GroupUsersManager) has been discovered
2018-11-27 23:48:09,192 [1] DEBUG LISTServer - The command 10001(ListBLL.Logic.Heartbeat) has been discovered
2018-11-27 23:48:09,192 [1] DEBUG LISTServer - The command 11080(ListBLL.Logic.LobbyInfo) has been discovered
2018-11-27 23:48:09,192 [1] DEBUG LISTServer - The command 11001(ListBLL.Logic.Login) has been discovered
2018-11-27 23:48:09,192 [1] DEBUG LISTServer - The command 11003(ListBLL.Logic.LoginPW) has been discovered
2018-11-27 23:48:09,192 [1] DEBUG LISTServer - The command 11101(ListBLL.Logic.Package) has been discovered
2018-11-27 23:48:09,192 [1] DEBUG LISTServer - The command 11090(ListBLL.Logic.QuitGroup) has been discovered
2018-11-27 23:48:09,192 [1] DEBUG LISTServer - The command 11108(ListBLL.Logic.SearchPlayer) has been discovered
2018-11-27 23:48:09,192 [1] DEBUG LISTServer - The command 19003(ListBLL.Logic.UserGamePlaybackLogic) has been discovered
2018-11-27 23:48:09,192 [1] DEBUG LISTServer - The command 19001(ListBLL.Logic.UserRecordLogic) has been discovered
2018-11-27 23:48:09,204 [1] DEBUG DefaultBootstrap - The server instance LISTServer has been initialized!
2018-11-27 23:48:09,606 [1] DEBUG DefaultBootstrap - The PerformanceMonitor has been initialized!
2018-11-27 23:48:09,606 [1] DEBUG DefaultBootstrap - The Bootstrap has been initialized!
2018-11-27 23:48:09,621 [1] DEBUG LISTServer - Listener (0.0.0.0:2018) was started
2018-11-27 23:48:09,625 [1] DEBUG DefaultBootstrap - The PerformanceMonitor has been started!
2018-11-27 23:48:22,365 [9] DEBUG LISTServer - 登陆sssionID--------f69a6cd7-967c-48cf-885e-cfdc83667161
2018-11-27 23:48:22,365 [9] DEBUG LISTServer - 登录游戏----------2018/11/27 23:48:22
2018-11-27 23:48:22,798 [9] DEBUG LISTServer - 登录用户openid:defbccc0f5185af43960abc0536358b29e035896|昵称:测试用户def----------2018/11/27 23:48:22
2018-11-27 23:48:23,394 [9] DEBUG LISTServer - 登录游戏成功----------2018/11/27 23:48:23
2018-11-27 23:48:23,394 [9] DEBUG LISTServer - 新登录用户openid:defbccc0f5185af43960abc0536358b29e035896
2018-11-27 23:50:59,968 [9] DEBUG LISTServer - 登陆sssionID--------c6dd71ec-cf94-4b12-b188-26382df6ab81
2018-11-27 23:50:59,968 [9] DEBUG LISTServer - 登录游戏----------2018/11/27 23:50:59
2018-11-27 23:50:59,974 [9] DEBUG LISTServer - 登录用户openid:defbccc0f5185af43960abc0536358b29e035896|昵称:测试用户def----------2018/11/27 23:50:59
2018-11-27 23:50:59,980 [9] DEBUG LISTServer - 登录游戏成功----------2018/11/27 23:50:59
2018-11-27 23:53:24,513 [9] DEBUG LISTServer - 登陆sssionID--------73bd2de8-1a58-4f69-810a-85c19510a34e
2018-11-27 23:53:24,513 [9] DEBUG LISTServer - 登录游戏----------2018/11/27 23:53:24
2018-11-27 23:53:24,528 [9] DEBUG LISTServer - 登录用户openid:defbccc0f5185af43960abc0536358b29e035896|昵称:测试用户def----------2018/11/27 23:53:24
2018-11-27 23:53:24,534 [9] DEBUG LISTServer - 登录游戏成功----------2018/11/27 23:53:24
2018-11-27 23:54:52,320 [9] DEBUG LISTServer - 登陆sssionID--------1325ec3d-f86e-44a1-9046-94615de9e4c6
2018-11-27 23:54:52,320 [9] DEBUG LISTServer - 登录游戏----------2018/11/27 23:54:52
2018-11-27 23:54:52,322 [9] DEBUG LISTServer - 登录用户openid:defbccc0f5185af43960abc0536358b29e035896|昵称:测试用户def----------2018/11/27 23:54:52
2018-11-27 23:54:52,327 [9] DEBUG LISTServer - 登录游戏成功----------2018/11/27 23:54:52
2018-11-27 23:56:25,476 [7] DEBUG LISTServer - 登陆sssionID--------c3eb572a-194a-454a-ad85-abb7fe7a1332
2018-11-27 23:56:25,476 [7] DEBUG LISTServer - 登录游戏----------2018/11/27 23:56:25
2018-11-27 23:56:25,491 [7] DEBUG LISTServer - 登录用户openid:defbccc0f5185af43960abc0536358b29e035896|昵称:测试用户def----------2018/11/27 23:56:25
2018-11-27 23:56:25,495 [7] DEBUG LISTServer - 登录游戏成功----------2018/11/27 23:56:25
