2018-01-04 15:37:09,896 [1] DEBUG DefaultBootstrap - The server instance LISTServer has been created!
2018-01-04 15:37:10,536 [1] DEBUG LISTServer - The command 11105(ListBLL.Logic.AgentGetGroupInfo) has been discovered
2018-01-04 15:37:10,537 [1] DEBUG LISTServer - The command 11107(ListBLL.Logic.AgentGroupUsersManager) has been discovered
2018-01-04 15:37:10,537 [1] DEBUG LISTServer - The command 11110(ListBLL.Logic.AgentSignIn) has been discovered
2018-01-04 15:37:10,537 [1] DEBUG LISTServer - The command 11060(ListBLL.Logic.ApplyRecord) has been discovered
2018-01-04 15:37:10,537 [1] DEBUG LISTServer - The command 11040(ListBLL.Logic.ApplyToJoin) has been discovered
2018-01-04 15:37:10,537 [1] DEBUG LISTServer - The command 11070(ListBLL.Logic.ChangeApplyStatus) has been discovered
2018-01-04 15:37:10,538 [1] DEBUG LISTServer - The command 11103(ListBLL.Logic.CreateGroup) has been discovered
2018-01-04 15:37:10,538 [1] DEBUG LISTServer - The command 11109(ListBLL.Logic.DeleteGroup) has been discovered
2018-01-04 15:37:10,538 [1] DEBUG LISTServer - The command 19005(ListBLL.Logic.Feedback) has been discovered
2018-01-04 15:37:10,538 [1] DEBUG LISTServer - The command 11020(ListBLL.Logic.GameOperation) has been discovered
2018-01-04 15:37:10,538 [1] DEBUG LISTServer - The command 11030(ListBLL.Logic.GetGroupInfo) has been discovered
2018-01-04 15:37:10,538 [1] DEBUG LISTServer - The command 11022(ListBLL.Logic.GetRoomCard) has been discovered
2018-01-04 15:37:10,538 [1] DEBUG LISTServer - The command 11050(ListBLL.Logic.GroupUsersManager) has been discovered
2018-01-04 15:37:10,538 [1] DEBUG LISTServer - The command 10001(ListBLL.Logic.Heartbeat) has been discovered
2018-01-04 15:37:10,538 [1] DEBUG LISTServer - The command 11080(ListBLL.Logic.LobbyInfo) has been discovered
2018-01-04 15:37:10,538 [1] DEBUG LISTServer - The command 11001(ListBLL.Logic.Login) has been discovered
2018-01-04 15:37:10,538 [1] DEBUG LISTServer - The command 11101(ListBLL.Logic.Package) has been discovered
2018-01-04 15:37:10,538 [1] DEBUG LISTServer - The command 11090(ListBLL.Logic.QuitGroup) has been discovered
2018-01-04 15:37:10,539 [1] DEBUG LISTServer - The command 11108(ListBLL.Logic.SearchPlayer) has been discovered
2018-01-04 15:37:10,539 [1] DEBUG LISTServer - The command 19003(ListBLL.Logic.UserGamePlaybackLogic) has been discovered
2018-01-04 15:37:10,539 [1] DEBUG LISTServer - The command 19001(ListBLL.Logic.UserRecordLogic) has been discovered
2018-01-04 15:37:10,558 [1] DEBUG DefaultBootstrap - The server instance LISTServer has been initialized!
2018-01-04 15:37:11,615 [1] DEBUG DefaultBootstrap - The PerformanceMonitor has been initialized!
2018-01-04 15:37:11,615 [1] DEBUG DefaultBootstrap - The Bootstrap has been initialized!
2018-01-04 15:37:11,665 [1] DEBUG LISTServer - Listener (0.0.0.0:2018) was started
2018-01-04 15:37:11,669 [1] DEBUG DefaultBootstrap - The PerformanceMonitor has been started!
2018-01-04 15:37:58,875 [11] DEBUG LISTServer - 登陆sssionID--------f383e93c-e378-4003-bfc4-29d5a71316cc
2018-01-04 15:37:58,875 [11] DEBUG LISTServer - 登录游戏----------2018/1/4 15:37:58
2018-01-04 15:38:03,734 [11] DEBUG LISTServer - 登录用户openid:cb02228dfbbc35594d8f3b7bdaa129cfedd86e9d|昵称:测试用户cb0----------2018/1/4 15:38:03
2018-01-04 15:38:14,582 [11] DEBUG LISTServer - 登录游戏成功----------2018/1/4 15:38:14
2018-01-04 15:38:23,325 [4] DEBUG LISTServer - 登陆sssionID--------e09a71ac-3018-430e-a3e1-faf2ffbdba80
2018-01-04 15:38:23,325 [4] DEBUG LISTServer - 登录游戏----------2018/1/4 15:38:23
2018-01-04 15:38:24,466 [4] DEBUG LISTServer - 登录用户openid:9697486827159f30f5cab73bbab97a1b56966c2a|昵称:测试用户969----------2018/1/4 15:38:24
2018-01-04 15:38:28,242 [4] DEBUG LISTServer - 登录游戏成功----------2018/1/4 15:38:28
2018-01-04 15:38:28,242 [4] DEBUG LISTServer - 新登录用户openid:9697486827159f30f5cab73bbab97a1b56966c2a
2018-01-04 15:42:34,810 [8] DEBUG LISTServer - 登陆sssionID--------b426d852-a3f9-47b8-b4a6-addbd44f95bd
2018-01-04 15:42:34,810 [8] DEBUG LISTServer - 登录游戏----------2018/1/4 15:42:34
2018-01-04 15:42:35,483 [8] DEBUG LISTServer - 登录用户openid:cb02228dfbbc35594d8f3b7bdaa129cfedd86e9d|昵称:测试用户cb0----------2018/1/4 15:42:35
2018-01-04 15:42:35,860 [8] DEBUG LISTServer - 登录游戏成功,当前对象存在----------2018/1/4 15:42:35
2018-01-04 15:42:37,144 [8] DEBUG LISTServer - 登录游戏成功,当前对象存在----------2018/1/4 15:42:37
2018-01-04 15:43:28,025 [8] DEBUG LISTServer - 登陆sssionID--------e70174aa-95b1-47a9-a2ab-8959d28a17c9
2018-01-04 15:43:28,025 [8] DEBUG LISTServer - 登录游戏----------2018/1/4 15:43:28
2018-01-04 15:43:29,279 [8] DEBUG LISTServer - 登录用户openid:cb02228dfbbc35594d8f3b7bdaa129cfedd86e9d|昵称:测试用户cb0----------2018/1/4 15:43:29
2018-01-04 15:43:29,624 [8] DEBUG LISTServer - 登录游戏成功,当前对象存在----------2018/1/4 15:43:29
2018-01-04 15:43:31,880 [8] DEBUG LISTServer - 登录游戏成功,当前对象存在----------2018/1/4 15:43:31
2018-01-04 15:45:11,673 [22] DEBUG LISTServer - 登陆sssionID--------6b4c0f37-f4cc-4ea6-a72d-4139832be33e
2018-01-04 15:45:11,673 [22] DEBUG LISTServer - 登录游戏----------2018/1/4 15:45:11
2018-01-04 15:45:11,989 [22] DEBUG LISTServer - 登录用户openid:cb02228dfbbc35594d8f3b7bdaa129cfedd86e9d|昵称:测试用户cb0----------2018/1/4 15:45:11
2018-01-04 15:45:12,163 [22] DEBUG LISTServer - 登录游戏成功,当前对象存在----------2018/1/4 15:45:12
2018-01-04 15:45:12,678 [22] DEBUG LISTServer - 登录游戏成功,当前对象存在----------2018/1/4 15:45:12
2018-01-04 15:45:57,266 [8] DEBUG LISTServer - 登陆sssionID--------2b38c827-906d-440e-a06b-78b1d1800a87
2018-01-04 15:45:57,266 [8] DEBUG LISTServer - 登录游戏----------2018/1/4 15:45:57
2018-01-04 15:45:57,606 [8] DEBUG LISTServer - 登录用户openid:9697486827159f30f5cab73bbab97a1b56966c2a|昵称:测试用户969----------2018/1/4 15:45:57
2018-01-04 15:45:57,799 [8] DEBUG LISTServer - 登录游戏成功,当前对象存在----------2018/1/4 15:45:57
2018-01-04 15:45:58,455 [8] DEBUG LISTServer - 登录游戏成功,当前对象存在----------2018/1/4 15:45:58
2018-01-04 15:47:53,506 [8] DEBUG LISTServer - 登陆sssionID--------4ea6a2c5-81bb-457c-bd35-c8268d435544
2018-01-04 15:47:53,506 [8] DEBUG LISTServer - 登录游戏----------2018/1/4 15:47:53
2018-01-04 15:47:54,645 [8] DEBUG LISTServer - 登录用户openid:cb02228dfbbc35594d8f3b7bdaa129cfedd86e9d|昵称:测试用户cb0----------2018/1/4 15:47:54
2018-01-04 15:47:54,851 [8] DEBUG LISTServer - 登录游戏成功,当前对象存在----------2018/1/4 15:47:54
2018-01-04 15:47:55,985 [8] DEBUG LISTServer - 登录游戏成功,当前对象存在----------2018/1/4 15:47:55
2018-01-04 15:48:22,589 [96] DEBUG LISTServer - 登陆sssionID--------852011d0-d491-4d3d-accd-c99237a87d56
2018-01-04 15:48:22,589 [96] DEBUG LISTServer - 登录游戏----------2018/1/4 15:48:22
2018-01-04 15:48:22,886 [96] DEBUG LISTServer - 登录用户openid:0f1c22c97cc52b6c4f25db8e4c511815a8d37ea9|昵称:测试用户0f1----------2018/1/4 15:48:22
2018-01-04 15:48:24,000 [96] DEBUG LISTServer - 登录游戏成功----------2018/1/4 15:48:24
2018-01-04 15:49:22,002 [8] DEBUG LISTServer - 登陆sssionID--------b7de2e53-2caa-43ec-8072-9ed25dbee5ec
2018-01-04 15:49:22,002 [8] DEBUG LISTServer - 登录游戏----------2018/1/4 15:49:22
2018-01-04 15:49:22,413 [8] DEBUG LISTServer - 登录用户openid:0f1c22c97cc52b6c4f25db8e4c511815a8d37ea9|昵称:测试用户0f1----------2018/1/4 15:49:22
2018-01-04 15:49:22,668 [8] DEBUG LISTServer - 登录游戏成功,当前对象存在----------2018/1/4 15:49:22
2018-01-04 15:49:23,355 [8] DEBUG LISTServer - 登录游戏成功,当前对象存在----------2018/1/4 15:49:23
2018-01-04 15:50:50,115 [8] DEBUG LISTServer - 登陆sssionID--------e66d8569-8f44-4caf-b12a-d11ac021e5f9
2018-01-04 15:50:50,115 [8] DEBUG LISTServer - 登录游戏----------2018/1/4 15:50:50
2018-01-04 15:50:50,455 [8] DEBUG LISTServer - 登录用户openid:0f1c22c97cc52b6c4f25db8e4c511815a8d37ea9|昵称:测试用户0f1----------2018/1/4 15:50:50
2018-01-04 15:50:50,646 [8] DEBUG LISTServer - 登录游戏成功,当前对象存在----------2018/1/4 15:50:50
2018-01-04 15:50:51,232 [8] DEBUG LISTServer - 登录游戏成功,当前对象存在----------2018/1/4 15:50:51
2018-01-04 15:54:45,458 [1] DEBUG DefaultBootstrap - The server instance LISTServer has been created!
2018-01-04 15:54:45,683 [1] DEBUG LISTServer - The command 11105(ListBLL.Logic.AgentGetGroupInfo) has been discovered
2018-01-04 15:54:45,683 [1] DEBUG LISTServer - The command 11107(ListBLL.Logic.AgentGroupUsersManager) has been discovered
2018-01-04 15:54:45,683 [1] DEBUG LISTServer - The command 11110(ListBLL.Logic.AgentSignIn) has been discovered
2018-01-04 15:54:45,683 [1] DEBUG LISTServer - The command 11060(ListBLL.Logic.ApplyRecord) has been discovered
2018-01-04 15:54:45,684 [1] DEBUG LISTServer - The command 11040(ListBLL.Logic.ApplyToJoin) has been discovered
2018-01-04 15:54:45,684 [1] DEBUG LISTServer - The command 11070(ListBLL.Logic.ChangeApplyStatus) has been discovered
2018-01-04 15:54:45,684 [1] DEBUG LISTServer - The command 11103(ListBLL.Logic.CreateGroup) has been discovered
2018-01-04 15:54:45,684 [1] DEBUG LISTServer - The command 11109(ListBLL.Logic.DeleteGroup) has been discovered
2018-01-04 15:54:45,684 [1] DEBUG LISTServer - The command 19005(ListBLL.Logic.Feedback) has been discovered
2018-01-04 15:54:45,684 [1] DEBUG LISTServer - The command 11020(ListBLL.Logic.GameOperation) has been discovered
2018-01-04 15:54:45,684 [1] DEBUG LISTServer - The command 11030(ListBLL.Logic.GetGroupInfo) has been discovered
2018-01-04 15:54:45,684 [1] DEBUG LISTServer - The command 11022(ListBLL.Logic.GetRoomCard) has been discovered
2018-01-04 15:54:45,684 [1] DEBUG LISTServer - The command 11050(ListBLL.Logic.GroupUsersManager) has been discovered
2018-01-04 15:54:45,684 [1] DEBUG LISTServer - The command 10001(ListBLL.Logic.Heartbeat) has been discovered
2018-01-04 15:54:45,684 [1] DEBUG LISTServer - The command 11080(ListBLL.Logic.LobbyInfo) has been discovered
2018-01-04 15:54:45,684 [1] DEBUG LISTServer - The command 11001(ListBLL.Logic.Login) has been discovered
2018-01-04 15:54:45,684 [1] DEBUG LISTServer - The command 11101(ListBLL.Logic.Package) has been discovered
2018-01-04 15:54:45,685 [1] DEBUG LISTServer - The command 11090(ListBLL.Logic.QuitGroup) has been discovered
2018-01-04 15:54:45,685 [1] DEBUG LISTServer - The command 11108(ListBLL.Logic.SearchPlayer) has been discovered
2018-01-04 15:54:45,685 [1] DEBUG LISTServer - The command 19003(ListBLL.Logic.UserGamePlaybackLogic) has been discovered
2018-01-04 15:54:45,685 [1] DEBUG LISTServer - The command 19001(ListBLL.Logic.UserRecordLogic) has been discovered
2018-01-04 15:54:45,700 [1] DEBUG DefaultBootstrap - The server instance LISTServer has been initialized!
2018-01-04 15:54:46,682 [1] DEBUG DefaultBootstrap - The PerformanceMonitor has been initialized!
2018-01-04 15:54:46,682 [1] DEBUG DefaultBootstrap - The Bootstrap has been initialized!
2018-01-04 15:54:46,704 [1] DEBUG LISTServer - Listener (0.0.0.0:2018) was started
2018-01-04 15:54:46,708 [1] DEBUG DefaultBootstrap - The PerformanceMonitor has been started!
2018-01-04 15:55:19,327 [14] DEBUG LISTServer - 登陆sssionID--------1e575b8d-f0f2-45bd-bc14-8316c0a02014
2018-01-04 15:55:19,327 [14] DEBUG LISTServer - 登录游戏----------2018/1/4 15:55:19
2018-01-04 15:55:20,852 [14] DEBUG LISTServer - 登录用户openid:0f1c22c97cc52b6c4f25db8e4c511815a8d37ea9|昵称:测试用户0f1----------2018/1/4 15:55:20
2018-01-04 15:55:21,534 [14] DEBUG LISTServer - 登录游戏成功----------2018/1/4 15:55:21
2018-01-04 15:56:55,016 [14] DEBUG LISTServer - 登陆sssionID--------104a94e4-2115-4dc5-a0f2-df1fefb3cfe1
2018-01-04 15:56:55,016 [14] DEBUG LISTServer - 登录游戏----------2018/1/4 15:56:55
2018-01-04 15:56:55,448 [14] DEBUG LISTServer - 登录用户openid:cb02228dfbbc35594d8f3b7bdaa129cfedd86e9d|昵称:测试用户cb0----------2018/1/4 15:56:55
2018-01-04 15:56:56,325 [14] DEBUG LISTServer - 登录游戏成功----------2018/1/4 15:56:56
2018-01-04 16:05:56,174 [14] DEBUG LISTServer - 登陆sssionID--------be0db8f0-f8a1-4930-94b6-6da8c34e0c64
2018-01-04 16:05:56,174 [14] DEBUG LISTServer - 登录游戏----------2018/1/4 16:05:56
2018-01-04 16:05:56,457 [14] DEBUG LISTServer - 登录用户openid:0f1c22c97cc52b6c4f25db8e4c511815a8d37ea9|昵称:测试用户0f1----------2018/1/4 16:05:56
2018-01-04 16:05:56,464 [14] DEBUG LISTServer - 登录游戏成功,当前对象存在----------2018/1/4 16:05:56
2018-01-04 16:05:56,649 [14] DEBUG LISTServer - 登录游戏成功,当前对象存在----------2018/1/4 16:05:56
2018-01-04 16:06:12,231 [7] DEBUG LISTServer - 登陆sssionID--------04637199-e18b-4c1b-aab4-cc0df2c76612
2018-01-04 16:06:12,231 [7] DEBUG LISTServer - 登录游戏----------2018/1/4 16:06:12
2018-01-04 16:06:12,387 [7] DEBUG LISTServer - 登录用户openid:cb02228dfbbc35594d8f3b7bdaa129cfedd86e9d|昵称:测试用户cb0----------2018/1/4 16:06:12
2018-01-04 16:06:12,391 [7] DEBUG LISTServer - 登录游戏成功,当前对象存在----------2018/1/4 16:06:12
2018-01-04 16:06:12,545 [7] DEBUG LISTServer - 登录游戏成功,当前对象存在----------2018/1/4 16:06:12
2018-01-04 16:08:26,515 [15] DEBUG LISTServer - 登陆sssionID--------30a3d53b-44e9-4096-b1ce-d133498c81f5
2018-01-04 16:08:26,515 [15] DEBUG LISTServer - 登录游戏----------2018/1/4 16:08:26
2018-01-04 16:08:27,802 [15] DEBUG LISTServer - 登录用户openid:0f1c22c97cc52b6c4f25db8e4c511815a8d37ea9|昵称:测试用户0f1----------2018/1/4 16:08:27
2018-01-04 16:08:27,816 [15] DEBUG LISTServer - 登录游戏成功,当前对象存在----------2018/1/4 16:08:27
2018-01-04 16:08:28,512 [15] DEBUG LISTServer - 登录游戏成功,当前对象存在----------2018/1/4 16:08:28
2018-01-04 16:31:41,502 [7] DEBUG LISTServer - 登陆sssionID--------4ac89104-ee66-4788-be12-016b5fed078a
2018-01-04 16:31:41,502 [7] DEBUG LISTServer - 登录游戏----------2018/1/4 16:31:41
2018-01-04 16:31:44,217 [7] DEBUG LISTServer - 登录用户openid:0f1c22c97cc52b6c4f25db8e4c511815a8d37ea9|昵称:测试用户0f1----------2018/1/4 16:31:44
2018-01-04 16:31:44,387 [7] DEBUG LISTServer - 登录游戏成功,当前对象存在----------2018/1/4 16:31:44
2018-01-04 16:31:47,030 [7] DEBUG LISTServer - 登录游戏成功,当前对象存在----------2018/1/4 16:31:47
2018-01-04 16:31:47,262 [15] DEBUG LISTServer - 登陆sssionID--------166578a4-8667-45ce-8590-dc6683f7dbf2
2018-01-04 16:31:47,262 [15] DEBUG LISTServer - 登录游戏----------2018/1/4 16:31:47
2018-01-04 16:31:47,518 [15] DEBUG LISTServer - 登录用户openid:cb02228dfbbc35594d8f3b7bdaa129cfedd86e9d|昵称:测试用户cb0----------2018/1/4 16:31:47
2018-01-04 16:31:47,529 [15] DEBUG LISTServer - 登录游戏成功,当前对象存在----------2018/1/4 16:31:47
2018-01-04 16:31:48,165 [15] DEBUG LISTServer - 登录游戏成功,当前对象存在----------2018/1/4 16:31:48
2018-01-04 17:04:31,120 [35] DEBUG LISTServer - 登陆sssionID--------cca9a385-dd04-41ea-98fb-3352bf6b2e42
2018-01-04 17:04:31,120 [35] DEBUG LISTServer - 登录游戏----------2018/1/4 17:04:31
2018-01-04 17:04:31,506 [35] DEBUG LISTServer - 登录用户openid:0f1c22c97cc52b6c4f25db8e4c511815a8d37ea9|昵称:测试用户0f1----------2018/1/4 17:04:31
2018-01-04 17:04:31,515 [35] DEBUG LISTServer - 登录游戏成功,当前对象存在----------2018/1/4 17:04:31
2018-01-04 17:04:31,733 [35] DEBUG LISTServer - 登录游戏成功,当前对象存在----------2018/1/4 17:04:31
2018-01-04 17:05:17,637 [15] DEBUG LISTServer - 登陆sssionID--------80ebb9fd-0dc0-4a66-b68a-e8ad7a2e55c9
2018-01-04 17:05:17,637 [15] DEBUG LISTServer - 登录游戏----------2018/1/4 17:05:17
2018-01-04 17:05:17,775 [15] DEBUG LISTServer - 登录用户openid:0f1c22c97cc52b6c4f25db8e4c511815a8d37ea9|昵称:测试用户0f1----------2018/1/4 17:05:17
2018-01-04 17:05:17,779 [15] DEBUG LISTServer - 登录游戏成功,当前对象存在----------2018/1/4 17:05:17
2018-01-04 17:05:17,929 [15] DEBUG LISTServer - 登录游戏成功,当前对象存在----------2018/1/4 17:05:17
2018-01-04 17:05:43,461 [35] DEBUG LISTServer - 登陆sssionID--------c3f378d5-cf9c-4b5d-aca2-92f00f8c930a
2018-01-04 17:05:43,461 [35] DEBUG LISTServer - 登录游戏----------2018/1/4 17:05:43
2018-01-04 17:05:43,597 [35] DEBUG LISTServer - 登录用户openid:0f1c22c97cc52b6c4f25db8e4c511815a8d37ea9|昵称:测试用户0f1----------2018/1/4 17:05:43
2018-01-04 17:05:43,600 [35] DEBUG LISTServer - 登录游戏成功,当前对象存在----------2018/1/4 17:05:43
2018-01-04 17:05:43,728 [35] DEBUG LISTServer - 登录游戏成功,当前对象存在----------2018/1/4 17:05:43
2018-01-04 17:06:18,316 [35] DEBUG LISTServer - 登陆sssionID--------c73af7f8-f92d-4c4d-84aa-4948a90368c0
2018-01-04 17:06:18,316 [35] DEBUG LISTServer - 登录游戏----------2018/1/4 17:06:18
2018-01-04 17:06:19,111 [35] DEBUG LISTServer - 登录用户openid:0f1c22c97cc52b6c4f25db8e4c511815a8d37ea9|昵称:测试用户0f1----------2018/1/4 17:06:19
2018-01-04 17:13:23,879 [20] DEBUG LISTServer - 登陆sssionID--------35026683-e31e-46fe-b1b8-0de209c98984
2018-01-04 17:13:23,912 [20] DEBUG LISTServer - 登录游戏----------2018/1/4 17:13:23
2018-01-04 17:13:23,913 [35] DEBUG LISTServer - 登陆sssionID--------f72b077c-0c0e-4305-8475-10b38649a78f
2018-01-04 17:13:23,913 [35] DEBUG LISTServer - 登录游戏----------2018/1/4 17:13:23
2018-01-04 17:13:23,913 [18] DEBUG LISTServer - 登陆sssionID--------6d2a7270-7bac-4d48-a004-f6338bac1252
2018-01-04 17:13:23,914 [18] DEBUG LISTServer - 登录游戏----------2018/1/4 17:13:23
2018-01-04 17:13:23,999 [36] DEBUG LISTServer - 登陆sssionID--------d7a5b4bf-8c7d-447a-b02e-2b9f6f1e47cc
2018-01-04 17:13:23,999 [36] DEBUG LISTServer - 登录游戏----------2018/1/4 17:13:23
2018-01-04 17:13:24,057 [25] DEBUG LISTServer - 登陆sssionID--------47b1641d-1068-4551-b40f-116930c57fe8
2018-01-04 17:13:24,057 [25] DEBUG LISTServer - 登录游戏----------2018/1/4 17:13:24
2018-01-04 17:13:24,058 [24] DEBUG LISTServer - 登陆sssionID--------d079ab11-ec6c-40fd-85c2-dc02e8b13edd
2018-01-04 17:13:24,058 [24] DEBUG LISTServer - 登录游戏----------2018/1/4 17:13:24
2018-01-04 17:13:24,451 [24] DEBUG LISTServer - 登录用户openid:56de59c92137862db80d942259702f67|昵称:测试用户56d----------2018/1/4 17:13:24
2018-01-04 17:13:24,740 [24] DEBUG LISTServer - 登录游戏成功----------2018/1/4 17:13:24
2018-01-04 17:13:27,253 [35] DEBUG LISTServer - 登录用户openid:9b2944cdf162ca7c468bf2b136b4a80e|昵称:测试用户9b2----------2018/1/4 17:13:27
2018-01-04 17:13:27,270 [20] DEBUG LISTServer - 登录用户openid:0f1c22c97cc52b6c4f25db8e4c511815a8d37ea9|昵称:测试用户0f1----------2018/1/4 17:13:27
2018-01-04 17:13:27,332 [20] DEBUG LISTServer - 登录游戏成功,当前对象存在----------2018/1/4 17:13:27
2018-01-04 17:13:27,372 [25] DEBUG LISTServer - 登录用户openid:56de59c92137862db80d942259702f67|昵称:测试用户56d----------2018/1/4 17:13:27
2018-01-04 17:13:27,372 [36] DEBUG LISTServer - 登录用户openid:eb2904533f025147da58326b404e50d6|昵称:测试用户eb2----------2018/1/4 17:13:27
2018-01-04 17:13:27,389 [25] DEBUG LISTServer - 登录游戏失败,当前对象存在----------2018/1/4 17:13:27
2018-01-04 17:13:27,389 [25] DEBUG LISTServer - sssionID--------47b1641d-1068-4551-b40f-116930c57fe8
2018-01-04 17:13:27,550 [35] DEBUG LISTServer - 登录游戏成功----------2018/1/4 17:13:27
2018-01-04 17:13:27,574 [20] DEBUG LISTServer - 登录游戏成功,当前对象存在----------2018/1/4 17:13:27
2018-01-04 17:13:27,580 [36] DEBUG LISTServer - 登录游戏成功----------2018/1/4 17:13:27
2018-01-04 17:13:27,821 [18] DEBUG LISTServer - 登录用户openid:0f1c22c97cc52b6c4f25db8e4c511815a8d37ea9|昵称:测试用户0f1----------2018/1/4 17:13:27
2018-01-04 17:13:27,830 [18] DEBUG LISTServer - 登录游戏成功,当前对象存在----------2018/1/4 17:13:27
2018-01-04 17:13:27,992 [18] DEBUG LISTServer - 登录游戏成功,当前对象存在----------2018/1/4 17:13:27
2018-01-04 17:16:19,091 [18] DEBUG LISTServer - 登陆sssionID--------a38bf6c8-b8ce-4e98-98b5-d106946702cb
2018-01-04 17:16:19,091 [18] DEBUG LISTServer - 登录游戏----------2018/1/4 17:16:19
2018-01-04 17:16:19,572 [18] DEBUG LISTServer - 登录用户openid:9b2944cdf162ca7c468bf2b136b4a80e|昵称:测试用户9b2----------2018/1/4 17:16:19
2018-01-04 17:16:19,650 [18] DEBUG LISTServer - 登录游戏成功,当前对象存在----------2018/1/4 17:16:19
2018-01-04 17:16:19,934 [18] DEBUG LISTServer - 登录游戏成功,当前对象存在----------2018/1/4 17:16:19
2018-01-04 17:16:21,000 [15] DEBUG LISTServer - 登陆sssionID--------19b5f893-1d20-47d5-aa0f-7348925a5085
2018-01-04 17:16:21,000 [15] DEBUG LISTServer - 登录游戏----------2018/1/4 17:16:21
2018-01-04 17:16:21,169 [15] DEBUG LISTServer - 登录用户openid:eb2904533f025147da58326b404e50d6|昵称:测试用户eb2----------2018/1/4 17:16:21
2018-01-04 17:16:21,172 [15] DEBUG LISTServer - 登录游戏成功,当前对象存在----------2018/1/4 17:16:21
2018-01-04 17:16:21,415 [15] DEBUG LISTServer - 登录游戏成功,当前对象存在----------2018/1/4 17:16:21
2018-01-04 17:29:46,642 [15] DEBUG LISTServer - 登陆sssionID--------8dd3fb13-fbaa-4d30-9426-26bc8f00d5ec
2018-01-04 17:29:46,642 [15] DEBUG LISTServer - 登录游戏----------2018/1/4 17:29:46
2018-01-04 17:29:51,643 [22] DEBUG LISTServer - 登陆sssionID--------84015bec-8335-42f4-9d17-b58867808d19
2018-01-04 17:29:51,643 [22] DEBUG LISTServer - 登录游戏----------2018/1/4 17:29:51
2018-01-04 17:29:58,936 [22] DEBUG LISTServer - 登录用户openid:332be6959449f83f5d4a9d7d7d41f835|昵称:测试用户332----------2018/1/4 17:29:58
2018-01-04 17:29:59,733 [15] DEBUG LISTServer - 登录用户openid:ef2110d6b36f7eca009a60551ab3db1f|昵称:测试用户ef2----------2018/1/4 17:29:59
2018-01-04 17:30:00,520 [22] DEBUG LISTServer - 登录游戏成功----------2018/1/4 17:30:00
2018-01-04 17:30:01,028 [15] DEBUG LISTServer - 登录游戏成功----------2018/1/4 17:30:01
2018-01-04 17:35:12,496 [19] DEBUG LISTServer - 登陆sssionID--------ba2cc77b-71e5-4f12-9cfb-0d797d6747fa
2018-01-04 17:35:12,496 [19] DEBUG LISTServer - 登录游戏----------2018/1/4 17:35:12
2018-01-04 17:35:12,504 [29] DEBUG LISTServer - 登陆sssionID--------25e7e812-344b-464e-b3bf-7347b90fc005
2018-01-04 17:35:12,504 [29] DEBUG LISTServer - 登录游戏----------2018/1/4 17:35:12
2018-01-04 17:35:12,521 [15] DEBUG LISTServer - 登陆sssionID--------5e1d33db-824e-4160-818c-08993fe4386a
2018-01-04 17:35:12,521 [15] DEBUG LISTServer - 登录游戏----------2018/1/4 17:35:12
2018-01-04 17:35:12,645 [19] DEBUG LISTServer - 登录用户openid:56de59c92137862db80d942259702f67|昵称:测试用户56d----------2018/1/4 17:35:12
2018-01-04 17:35:14,230 [29] DEBUG LISTServer - 登录用户openid:9b2944cdf162ca7c468bf2b136b4a80e|昵称:测试用户9b2----------2018/1/4 17:35:14
2018-01-04 17:35:15,093 [15] DEBUG LISTServer - 登录用户openid:eb2904533f025147da58326b404e50d6|昵称:测试用户eb2----------2018/1/4 17:35:15
2018-01-04 17:41:26,577 [29] DEBUG LISTServer - 登陆sssionID--------c06d7669-dea9-4650-b4f1-1d07f44e5c67
2018-01-04 17:41:26,577 [29] DEBUG LISTServer - 登录游戏----------2018/1/4 17:41:26
2018-01-04 17:41:26,856 [29] DEBUG LISTServer - 登录用户openid:9b2944cdf162ca7c468bf2b136b4a80e|昵称:测试用户9b2----------2018/1/4 17:41:26
2018-01-04 17:41:26,861 [29] DEBUG LISTServer - 登录游戏成功,当前对象存在----------2018/1/4 17:41:26
2018-01-04 17:41:27,061 [29] DEBUG LISTServer - 登录游戏成功,当前对象存在----------2018/1/4 17:41:27
2018-01-04 17:41:36,728 [29] DEBUG LISTServer - 登陆sssionID--------69ec0c39-593e-4462-8c41-6d77981ce3e3
2018-01-04 17:41:36,728 [29] DEBUG LISTServer - 登录游戏----------2018/1/4 17:41:36
2018-01-04 17:41:37,146 [29] DEBUG LISTServer - 登录用户openid:eb2904533f025147da58326b404e50d6|昵称:测试用户eb2----------2018/1/4 17:41:37
2018-01-04 17:41:37,151 [29] DEBUG LISTServer - 登录游戏成功,当前对象存在----------2018/1/4 17:41:37
2018-01-04 17:41:37,463 [29] DEBUG LISTServer - 登录游戏成功,当前对象存在----------2018/1/4 17:41:37
2018-01-04 17:41:50,437 [29] DEBUG LISTServer - 登陆sssionID--------6ee07415-3df0-4c19-8909-c835fc9a5143
2018-01-04 17:41:50,437 [29] DEBUG LISTServer - 登录游戏----------2018/1/4 17:41:50
2018-01-04 17:41:50,597 [29] DEBUG LISTServer - 登录用户openid:56de59c92137862db80d942259702f67|昵称:测试用户56d----------2018/1/4 17:41:50
2018-01-04 17:41:50,600 [29] DEBUG LISTServer - 登录游戏成功,当前对象存在----------2018/1/4 17:41:50
2018-01-04 17:41:50,732 [29] DEBUG LISTServer - 登录游戏成功,当前对象存在----------2018/1/4 17:41:50
2018-01-04 17:42:51,984 [34] DEBUG LISTServer - 登陆sssionID--------433b4b37-ca72-4537-b152-73bf84efae95
2018-01-04 17:42:51,984 [34] DEBUG LISTServer - 登录游戏----------2018/1/4 17:42:51
2018-01-04 17:42:54,802 [34] DEBUG LISTServer - 登录用户openid:eb2904533f025147da58326b404e50d6|昵称:测试用户eb2----------2018/1/4 17:42:54
2018-01-04 17:43:03,181 [34] DEBUG LISTServer - 登陆sssionID--------12de801e-7274-4b08-83f7-60a75a65f1f5
2018-01-04 17:43:03,181 [34] DEBUG LISTServer - 登录游戏----------2018/1/4 17:43:03
2018-01-04 17:43:04,132 [34] DEBUG LISTServer - 登录用户openid:332be6959449f83f5d4a9d7d7d41f835|昵称:测试用户332----------2018/1/4 17:43:04
2018-01-04 17:43:04,275 [34] DEBUG LISTServer - 登录游戏成功,当前对象存在----------2018/1/4 17:43:04
2018-01-04 17:43:06,252 [34] DEBUG LISTServer - 登录游戏成功,当前对象存在----------2018/1/4 17:43:06
2018-01-04 17:47:18,713 [15] DEBUG LISTServer - 登陆sssionID--------5b76496b-bd45-4cf4-9c8d-5d75bcb44c4f
2018-01-04 17:47:18,713 [15] DEBUG LISTServer - 登录游戏----------2018/1/4 17:47:18
2018-01-04 17:47:19,080 [15] DEBUG LISTServer - 登录用户openid:9b2944cdf162ca7c468bf2b136b4a80e|昵称:测试用户9b2----------2018/1/4 17:47:19
2018-01-04 17:47:19,084 [15] DEBUG LISTServer - 登录游戏成功,当前对象存在----------2018/1/4 17:47:19
2018-01-04 17:47:19,339 [15] DEBUG LISTServer - 登录游戏成功,当前对象存在----------2018/1/4 17:47:19
2018-01-04 17:47:19,659 [37] DEBUG LISTServer - 登陆sssionID--------bb7aa1fe-94aa-452c-af16-b0c4c0b3f68b
2018-01-04 17:47:19,659 [37] DEBUG LISTServer - 登录游戏----------2018/1/4 17:47:19
2018-01-04 17:47:21,966 [15] DEBUG LISTServer - 登陆sssionID--------e0e51266-238f-4af3-a007-19bfd9933131
2018-01-04 17:47:21,966 [15] DEBUG LISTServer - 登录游戏----------2018/1/4 17:47:21
2018-01-04 17:47:22,693 [37] DEBUG LISTServer - 登录用户openid:eb2904533f025147da58326b404e50d6|昵称:测试用户eb2----------2018/1/4 17:47:22
2018-01-04 17:47:22,829 [37] DEBUG LISTServer - 登录游戏成功,当前对象存在----------2018/1/4 17:47:22
2018-01-04 17:47:24,036 [37] DEBUG LISTServer - 登录游戏成功,当前对象存在----------2018/1/4 17:47:24
2018-01-04 17:47:24,182 [15] DEBUG LISTServer - 登录用户openid:56de59c92137862db80d942259702f67|昵称:测试用户56d----------2018/1/4 17:47:24
2018-01-04 17:47:24,248 [15] DEBUG LISTServer - 登录游戏成功,当前对象存在----------2018/1/4 17:47:24
2018-01-04 17:47:25,889 [15] DEBUG LISTServer - 登录游戏成功,当前对象存在----------2018/1/4 17:47:25
2018-01-04 18:06:04,826 [15] DEBUG LISTServer - 登陆sssionID--------92c1c3cc-87b9-463d-9081-a7978b85732c
2018-01-04 18:06:04,826 [15] DEBUG LISTServer - 登录游戏----------2018/1/4 18:06:04
2018-01-04 18:06:05,128 [15] DEBUG LISTServer - 登录用户openid:56de59c92137862db80d942259702f67|昵称:测试用户56d----------2018/1/4 18:06:05
2018-01-04 18:06:05,133 [15] DEBUG LISTServer - 登录游戏成功,当前对象存在----------2018/1/4 18:06:05
2018-01-04 18:06:06,237 [15] DEBUG LISTServer - System.Net.Sockets.SocketException (0x80004005): 由于目标计算机积极拒绝，无法连接。 192.168.2.54:2013
   在 System.Net.Sockets.Socket.DoConnect(EndPoint endPointSnapshot, SocketAddress socketAddress)
   在 System.Net.Sockets.Socket.Connect(EndPoint remoteEP)
   在 ListBLL.common.RedisUtility.GetServerIP(String serverName, Int32 messageNum, GameSession session, Int32 status, String openid, String unionid, Boolean cutover, Int32 roomID, Int32 roomAddStatus) 位置 D:\工作\ZH_LIST_MJ\list_mj\ListBLL\common\RedisUtility.cs:行号 185
2018-01-04 18:06:06,329 [15] DEBUG LISTServer - 登录游戏成功,当前对象存在----------2018/1/4 18:06:06
2018-01-04 18:06:25,918 [29] DEBUG LISTServer - 登陆sssionID--------827d41ed-5842-4f2a-a488-52e8800a02bb
2018-01-04 18:06:25,918 [29] DEBUG LISTServer - 登录游戏----------2018/1/4 18:06:25
2018-01-04 18:06:26,072 [29] DEBUG LISTServer - 登录用户openid:eb2904533f025147da58326b404e50d6|昵称:测试用户eb2----------2018/1/4 18:06:26
2018-01-04 18:06:26,079 [29] DEBUG LISTServer - 登录游戏成功,当前对象存在----------2018/1/4 18:06:26
2018-01-04 18:06:27,163 [29] DEBUG LISTServer - System.Net.Sockets.SocketException (0x80004005): 由于目标计算机积极拒绝，无法连接。 192.168.2.54:2013
   在 System.Net.Sockets.Socket.DoConnect(EndPoint endPointSnapshot, SocketAddress socketAddress)
   在 System.Net.Sockets.Socket.Connect(EndPoint remoteEP)
   在 ListBLL.common.RedisUtility.GetServerIP(String serverName, Int32 messageNum, GameSession session, Int32 status, String openid, String unionid, Boolean cutover, Int32 roomID, Int32 roomAddStatus) 位置 D:\工作\ZH_LIST_MJ\list_mj\ListBLL\common\RedisUtility.cs:行号 185
2018-01-04 18:06:27,259 [29] DEBUG LISTServer - 登录游戏成功,当前对象存在----------2018/1/4 18:06:27
2018-01-04 18:06:33,422 [29] DEBUG LISTServer - 登陆sssionID--------3cf204b6-9e55-4cbe-ae4b-14a8fa329593
2018-01-04 18:06:33,422 [29] DEBUG LISTServer - 登录游戏----------2018/1/4 18:06:33
2018-01-04 18:06:33,565 [29] DEBUG LISTServer - 登录用户openid:9b2944cdf162ca7c468bf2b136b4a80e|昵称:测试用户9b2----------2018/1/4 18:06:33
2018-01-04 18:06:33,574 [29] DEBUG LISTServer - 登录游戏成功,当前对象存在----------2018/1/4 18:06:33
2018-01-04 18:06:34,647 [29] DEBUG LISTServer - System.Net.Sockets.SocketException (0x80004005): 由于目标计算机积极拒绝，无法连接。 192.168.2.54:2013
   在 System.Net.Sockets.Socket.DoConnect(EndPoint endPointSnapshot, SocketAddress socketAddress)
   在 System.Net.Sockets.Socket.Connect(EndPoint remoteEP)
   在 ListBLL.common.RedisUtility.GetServerIP(String serverName, Int32 messageNum, GameSession session, Int32 status, String openid, String unionid, Boolean cutover, Int32 roomID, Int32 roomAddStatus) 位置 D:\工作\ZH_LIST_MJ\list_mj\ListBLL\common\RedisUtility.cs:行号 185
2018-01-04 18:06:34,728 [29] DEBUG LISTServer - 登录游戏成功,当前对象存在----------2018/1/4 18:06:34
2018-01-04 18:07:27,531 [7] DEBUG LISTServer - 登陆sssionID--------22ad6780-e08e-43a0-aba9-75dd1c90cab9
2018-01-04 18:07:27,531 [7] DEBUG LISTServer - 登录游戏----------2018/1/4 18:07:27
2018-01-04 18:07:27,864 [7] DEBUG LISTServer - 登录用户openid:9b2944cdf162ca7c468bf2b136b4a80e|昵称:测试用户9b2----------2018/1/4 18:07:27
2018-01-04 18:07:27,869 [7] DEBUG LISTServer - 登录游戏成功,当前对象存在----------2018/1/4 18:07:27
2018-01-04 18:07:28,113 [7] DEBUG LISTServer - 登录游戏成功,当前对象存在----------2018/1/4 18:07:28
2018-01-04 18:09:00,236 [34] DEBUG LISTServer - 登陆sssionID--------4e7b48ee-1a3e-44c4-a1b2-91c00bfdcd7e
2018-01-04 18:09:00,236 [34] DEBUG LISTServer - 登录游戏----------2018/1/4 18:09:00
2018-01-04 18:09:00,660 [34] DEBUG LISTServer - 登录用户openid:9b2944cdf162ca7c468bf2b136b4a80e|昵称:测试用户9b2----------2018/1/4 18:09:00
2018-01-04 18:09:00,691 [34] DEBUG LISTServer - 登录游戏成功,当前对象存在----------2018/1/4 18:09:00
2018-01-04 18:09:00,953 [34] DEBUG LISTServer - 登录游戏成功,当前对象存在----------2018/1/4 18:09:00
