2018-01-17 13:42:15,227 [1] DEBUG DefaultBootstrap - The server instance LISTServer has been created!
2018-01-17 13:42:15,778 [1] DEBUG LISTServer - The command 11105(ListBLL.Logic.AgentGetGroupInfo) has been discovered
2018-01-17 13:42:15,778 [1] DEBUG LISTServer - The command 11107(ListBLL.Logic.AgentGroupUsersManager) has been discovered
2018-01-17 13:42:15,778 [1] DEBUG LISTServer - The command 11110(ListBLL.Logic.AgentSignIn) has been discovered
2018-01-17 13:42:15,778 [1] DEBUG LISTServer - The command 11060(ListBLL.Logic.ApplyRecord) has been discovered
2018-01-17 13:42:15,778 [1] DEBUG LISTServer - The command 11040(ListBLL.Logic.ApplyToJoin) has been discovered
2018-01-17 13:42:15,778 [1] DEBUG LISTServer - The command 11070(ListBLL.Logic.ChangeApplyStatus) has been discovered
2018-01-17 13:42:15,779 [1] DEBUG LISTServer - The command 11103(ListBLL.Logic.CreateGroup) has been discovered
2018-01-17 13:42:15,779 [1] DEBUG LISTServer - The command 11109(ListBLL.Logic.DeleteGroup) has been discovered
2018-01-17 13:42:15,779 [1] DEBUG LISTServer - The command 19005(ListBLL.Logic.Feedback) has been discovered
2018-01-17 13:42:15,779 [1] DEBUG LISTServer - The command 11020(ListBLL.Logic.GameOperation) has been discovered
2018-01-17 13:42:15,779 [1] DEBUG LISTServer - The command 11030(ListBLL.Logic.GetGroupInfo) has been discovered
2018-01-17 13:42:15,779 [1] DEBUG LISTServer - The command 11032(ListBLL.Logic.GetGroupInfoByGroupID) has been discovered
2018-01-17 13:42:15,779 [1] DEBUG LISTServer - The command 11034(ListBLL.Logic.GetGroupUserInfoByGroupID) has been discovered
2018-01-17 13:42:15,779 [1] DEBUG LISTServer - The command 11022(ListBLL.Logic.GetRoomCard) has been discovered
2018-01-17 13:42:15,779 [1] DEBUG LISTServer - The command 11050(ListBLL.Logic.GroupUsersManager) has been discovered
2018-01-17 13:42:15,779 [1] DEBUG LISTServer - The command 10001(ListBLL.Logic.Heartbeat) has been discovered
2018-01-17 13:42:15,779 [1] DEBUG LISTServer - The command 11080(ListBLL.Logic.LobbyInfo) has been discovered
2018-01-17 13:42:15,779 [1] DEBUG LISTServer - The command 11001(ListBLL.Logic.Login) has been discovered
2018-01-17 13:42:15,779 [1] DEBUG LISTServer - The command 11101(ListBLL.Logic.Package) has been discovered
2018-01-17 13:42:15,780 [1] DEBUG LISTServer - The command 11090(ListBLL.Logic.QuitGroup) has been discovered
2018-01-17 13:42:15,780 [1] DEBUG LISTServer - The command 11108(ListBLL.Logic.SearchPlayer) has been discovered
2018-01-17 13:42:15,780 [1] DEBUG LISTServer - The command 19003(ListBLL.Logic.UserGamePlaybackLogic) has been discovered
2018-01-17 13:42:15,780 [1] DEBUG LISTServer - The command 19001(ListBLL.Logic.UserRecordLogic) has been discovered
2018-01-17 13:42:15,811 [1] DEBUG DefaultBootstrap - The server instance LISTServer has been initialized!
2018-01-17 13:42:17,081 [1] DEBUG DefaultBootstrap - The PerformanceMonitor has been initialized!
2018-01-17 13:42:17,082 [1] DEBUG DefaultBootstrap - The Bootstrap has been initialized!
2018-01-17 13:42:17,170 [1] DEBUG LISTServer - Listener (0.0.0.0:2018) was started
2018-01-17 13:42:17,174 [1] DEBUG DefaultBootstrap - The PerformanceMonitor has been started!
2018-01-17 13:42:35,123 [10] DEBUG LISTServer - 登陆sssionID--------ca1b7775-465b-4a69-8c71-d6ad62ae77a4
2018-01-17 13:42:35,123 [10] DEBUG LISTServer - 登录游戏----------2018/1/17 13:42:35
2018-01-17 13:42:36,517 [10] DEBUG LISTServer - 登录用户openid:9697486827159f30f5cab73bbab97a1b56966c2a|昵称:测试用户969----------2018/1/17 13:42:36
2018-01-17 13:42:39,567 [10] DEBUG LISTServer - System.Net.Sockets.SocketException (0x80004005): 由于目标计算机积极拒绝，无法连接。 192.168.2.54:2013
   在 System.Net.Sockets.Socket.DoConnect(EndPoint endPointSnapshot, SocketAddress socketAddress)
   在 System.Net.Sockets.Socket.Connect(EndPoint remoteEP)
   在 ListBLL.common.RedisUtility.GetServerIP(String serverName, Int32 messageNum, GameSession session, Int32 status, String openid, String unionid, Boolean cutover, Int32 roomID, Int32 roomAddStatus) 位置 D:\工作\ZH_LIST_MJ\list_mj\ListBLL\common\RedisUtility.cs:行号 248
2018-01-17 13:42:39,645 [10] DEBUG LISTServer - 登录游戏成功----------2018/1/17 13:42:39
2018-01-17 13:42:39,645 [10] DEBUG LISTServer - 新登录用户openid:9697486827159f30f5cab73bbab97a1b56966c2a
2018-01-17 13:44:55,798 [10] DEBUG LISTServer - 登陆sssionID--------75028862-75a2-4b4a-9fbf-d954ad111faf
2018-01-17 13:44:55,798 [10] DEBUG LISTServer - 登录游戏----------2018/1/17 13:44:55
2018-01-17 13:44:56,479 [10] DEBUG LISTServer - 登录用户openid:cb02228dfbbc35594d8f3b7bdaa129cfedd86e9d|昵称:测试用户cb0----------2018/1/17 13:44:56
2018-01-17 13:44:57,900 [10] DEBUG LISTServer - System.Net.Sockets.SocketException (0x80004005): 由于目标计算机积极拒绝，无法连接。 192.168.2.54:2013
   在 System.Net.Sockets.Socket.DoConnect(EndPoint endPointSnapshot, SocketAddress socketAddress)
   在 System.Net.Sockets.Socket.Connect(EndPoint remoteEP)
   在 ListBLL.common.RedisUtility.GetServerIP(String serverName, Int32 messageNum, GameSession session, Int32 status, String openid, String unionid, Boolean cutover, Int32 roomID, Int32 roomAddStatus) 位置 D:\工作\ZH_LIST_MJ\list_mj\ListBLL\common\RedisUtility.cs:行号 248
2018-01-17 13:44:58,146 [10] DEBUG LISTServer - 登录游戏成功----------2018/1/17 13:44:58
2018-01-17 13:44:58,146 [10] DEBUG LISTServer - 新登录用户openid:cb02228dfbbc35594d8f3b7bdaa129cfedd86e9d
2018-01-17 13:48:04,596 [8] DEBUG LISTServer - 登陆sssionID--------21b9b506-0bfe-4ceb-ae9e-998837ff3c59
2018-01-17 13:48:04,596 [8] DEBUG LISTServer - 登录游戏----------2018/1/17 13:48:04
2018-01-17 13:48:04,780 [8] DEBUG LISTServer - 登录用户openid:cb02228dfbbc35594d8f3b7bdaa129cfedd86e9d|昵称:测试用户cb0----------2018/1/17 13:48:04
2018-01-17 13:48:04,784 [8] DEBUG LISTServer - 登录游戏成功,当前对象存在----------2018/1/17 13:48:04
2018-01-17 13:48:04,954 [8] DEBUG LISTServer - 登录游戏成功,当前对象存在----------2018/1/17 13:48:04
2018-01-17 13:50:02,577 [8] DEBUG LISTServer - 登陆sssionID--------beeb2274-3995-4128-b0b8-1f027e505300
2018-01-17 13:50:02,577 [8] DEBUG LISTServer - 登录游戏----------2018/1/17 13:50:02
2018-01-17 13:50:02,764 [8] DEBUG LISTServer - 登录用户openid:9697486827159f30f5cab73bbab97a1b56966c2a|昵称:测试用户969----------2018/1/17 13:50:02
2018-01-17 13:50:02,764 [8] DEBUG LISTServer - 登录游戏成功,当前对象存在----------2018/1/17 13:50:02
2018-01-17 13:50:02,967 [8] DEBUG LISTServer - 登录游戏成功,当前对象存在----------2018/1/17 13:50:02
2018-01-17 14:13:30,278 [28] DEBUG LISTServer - 登陆sssionID--------207da76c-4610-4203-bf40-a74e7e7de937
2018-01-17 14:13:30,278 [28] DEBUG LISTServer - 登录游戏----------2018/1/17 14:13:30
2018-01-17 14:13:30,449 [28] DEBUG LISTServer - 登录用户openid:9697486827159f30f5cab73bbab97a1b56966c2a|昵称:测试用户969----------2018/1/17 14:13:30
2018-01-17 14:13:30,449 [28] DEBUG LISTServer - 登录游戏成功,当前对象存在----------2018/1/17 14:13:30
2018-01-17 14:13:30,653 [28] DEBUG LISTServer - 登录游戏成功,当前对象存在----------2018/1/17 14:13:30
2018-01-17 14:19:29,950 [1] DEBUG DefaultBootstrap - The server instance LISTServer has been created!
2018-01-17 14:19:30,090 [1] DEBUG LISTServer - The command 11105(ListBLL.Logic.AgentGetGroupInfo) has been discovered
2018-01-17 14:19:30,090 [1] DEBUG LISTServer - The command 11107(ListBLL.Logic.AgentGroupUsersManager) has been discovered
2018-01-17 14:19:30,090 [1] DEBUG LISTServer - The command 11110(ListBLL.Logic.AgentSignIn) has been discovered
2018-01-17 14:19:30,090 [1] DEBUG LISTServer - The command 11060(ListBLL.Logic.ApplyRecord) has been discovered
2018-01-17 14:19:30,090 [1] DEBUG LISTServer - The command 11040(ListBLL.Logic.ApplyToJoin) has been discovered
2018-01-17 14:19:30,090 [1] DEBUG LISTServer - The command 11070(ListBLL.Logic.ChangeApplyStatus) has been discovered
2018-01-17 14:19:30,090 [1] DEBUG LISTServer - The command 11103(ListBLL.Logic.CreateGroup) has been discovered
2018-01-17 14:19:30,090 [1] DEBUG LISTServer - The command 11109(ListBLL.Logic.DeleteGroup) has been discovered
2018-01-17 14:19:30,090 [1] DEBUG LISTServer - The command 19005(ListBLL.Logic.Feedback) has been discovered
2018-01-17 14:19:30,090 [1] DEBUG LISTServer - The command 11020(ListBLL.Logic.GameOperation) has been discovered
2018-01-17 14:19:30,090 [1] DEBUG LISTServer - The command 11030(ListBLL.Logic.GetGroupInfo) has been discovered
2018-01-17 14:19:30,090 [1] DEBUG LISTServer - The command 11032(ListBLL.Logic.GetGroupInfoByGroupID) has been discovered
2018-01-17 14:19:30,090 [1] DEBUG LISTServer - The command 11034(ListBLL.Logic.GetGroupUserInfoByGroupID) has been discovered
2018-01-17 14:19:30,090 [1] DEBUG LISTServer - The command 11022(ListBLL.Logic.GetRoomCard) has been discovered
2018-01-17 14:19:30,090 [1] DEBUG LISTServer - The command 11050(ListBLL.Logic.GroupUsersManager) has been discovered
2018-01-17 14:19:30,090 [1] DEBUG LISTServer - The command 10001(ListBLL.Logic.Heartbeat) has been discovered
2018-01-17 14:19:30,090 [1] DEBUG LISTServer - The command 11080(ListBLL.Logic.LobbyInfo) has been discovered
2018-01-17 14:19:30,090 [1] DEBUG LISTServer - The command 11001(ListBLL.Logic.Login) has been discovered
2018-01-17 14:19:30,090 [1] DEBUG LISTServer - The command 11101(ListBLL.Logic.Package) has been discovered
2018-01-17 14:19:30,090 [1] DEBUG LISTServer - The command 11090(ListBLL.Logic.QuitGroup) has been discovered
2018-01-17 14:19:30,090 [1] DEBUG LISTServer - The command 11108(ListBLL.Logic.SearchPlayer) has been discovered
2018-01-17 14:19:30,090 [1] DEBUG LISTServer - The command 19003(ListBLL.Logic.UserGamePlaybackLogic) has been discovered
2018-01-17 14:19:30,090 [1] DEBUG LISTServer - The command 19001(ListBLL.Logic.UserRecordLogic) has been discovered
2018-01-17 14:19:30,106 [1] DEBUG DefaultBootstrap - The server instance LISTServer has been initialized!
2018-01-17 14:19:31,208 [1] DEBUG DefaultBootstrap - The PerformanceMonitor has been initialized!
2018-01-17 14:19:31,208 [1] DEBUG DefaultBootstrap - The Bootstrap has been initialized!
2018-01-17 14:19:31,239 [1] DEBUG LISTServer - Listener (0.0.0.0:2018) was started
2018-01-17 14:19:31,239 [1] DEBUG DefaultBootstrap - The PerformanceMonitor has been started!
2018-01-17 14:21:36,736 [8] DEBUG LISTServer - 登陆sssionID--------bd5ea130-4b45-43c1-a575-e48eddab5190
2018-01-17 14:21:36,736 [8] DEBUG LISTServer - 登录游戏----------2018/1/17 14:21:36
2018-01-17 14:21:37,995 [8] DEBUG LISTServer - 登录用户openid:9697486827159f30f5cab73bbab97a1b56966c2a|昵称:测试用户969----------2018/1/17 14:21:37
2018-01-17 14:21:38,539 [8] DEBUG LISTServer - 登录游戏成功----------2018/1/17 14:21:38
2018-01-17 14:21:38,539 [8] DEBUG LISTServer - 新登录用户openid:9697486827159f30f5cab73bbab97a1b56966c2a
2018-01-17 14:21:39,055 [7] DEBUG LISTServer - 登陆sssionID--------ee8effe0-dedb-42b3-b72a-3a41326b17b5
2018-01-17 14:21:39,055 [7] DEBUG LISTServer - 登录游戏----------2018/1/17 14:21:39
2018-01-17 14:21:39,274 [7] DEBUG LISTServer - 登录用户openid:cb02228dfbbc35594d8f3b7bdaa129cfedd86e9d|昵称:测试用户cb0----------2018/1/17 14:21:39
2018-01-17 14:21:39,461 [7] DEBUG LISTServer - 登录游戏成功----------2018/1/17 14:21:39
2018-01-17 14:21:39,461 [7] DEBUG LISTServer - 新登录用户openid:cb02228dfbbc35594d8f3b7bdaa129cfedd86e9d
2018-01-17 14:22:48,964 [1] DEBUG DefaultBootstrap - The server instance LISTServer has been created!
2018-01-17 14:22:49,098 [1] DEBUG LISTServer - The command 11105(ListBLL.Logic.AgentGetGroupInfo) has been discovered
2018-01-17 14:22:49,099 [1] DEBUG LISTServer - The command 11107(ListBLL.Logic.AgentGroupUsersManager) has been discovered
2018-01-17 14:22:49,099 [1] DEBUG LISTServer - The command 11110(ListBLL.Logic.AgentSignIn) has been discovered
2018-01-17 14:22:49,099 [1] DEBUG LISTServer - The command 11060(ListBLL.Logic.ApplyRecord) has been discovered
2018-01-17 14:22:49,099 [1] DEBUG LISTServer - The command 11040(ListBLL.Logic.ApplyToJoin) has been discovered
2018-01-17 14:22:49,099 [1] DEBUG LISTServer - The command 11070(ListBLL.Logic.ChangeApplyStatus) has been discovered
2018-01-17 14:22:49,099 [1] DEBUG LISTServer - The command 11103(ListBLL.Logic.CreateGroup) has been discovered
2018-01-17 14:22:49,099 [1] DEBUG LISTServer - The command 11109(ListBLL.Logic.DeleteGroup) has been discovered
2018-01-17 14:22:49,099 [1] DEBUG LISTServer - The command 19005(ListBLL.Logic.Feedback) has been discovered
2018-01-17 14:22:49,099 [1] DEBUG LISTServer - The command 11020(ListBLL.Logic.GameOperation) has been discovered
2018-01-17 14:22:49,099 [1] DEBUG LISTServer - The command 11030(ListBLL.Logic.GetGroupInfo) has been discovered
2018-01-17 14:22:49,099 [1] DEBUG LISTServer - The command 11032(ListBLL.Logic.GetGroupInfoByGroupID) has been discovered
2018-01-17 14:22:49,099 [1] DEBUG LISTServer - The command 11034(ListBLL.Logic.GetGroupUserInfoByGroupID) has been discovered
2018-01-17 14:22:49,100 [1] DEBUG LISTServer - The command 11022(ListBLL.Logic.GetRoomCard) has been discovered
2018-01-17 14:22:49,100 [1] DEBUG LISTServer - The command 11050(ListBLL.Logic.GroupUsersManager) has been discovered
2018-01-17 14:22:49,100 [1] DEBUG LISTServer - The command 10001(ListBLL.Logic.Heartbeat) has been discovered
2018-01-17 14:22:49,100 [1] DEBUG LISTServer - The command 11080(ListBLL.Logic.LobbyInfo) has been discovered
2018-01-17 14:22:49,100 [1] DEBUG LISTServer - The command 11001(ListBLL.Logic.Login) has been discovered
2018-01-17 14:22:49,100 [1] DEBUG LISTServer - The command 11101(ListBLL.Logic.Package) has been discovered
2018-01-17 14:22:49,100 [1] DEBUG LISTServer - The command 11090(ListBLL.Logic.QuitGroup) has been discovered
2018-01-17 14:22:49,100 [1] DEBUG LISTServer - The command 11108(ListBLL.Logic.SearchPlayer) has been discovered
2018-01-17 14:22:49,100 [1] DEBUG LISTServer - The command 19003(ListBLL.Logic.UserGamePlaybackLogic) has been discovered
2018-01-17 14:22:49,100 [1] DEBUG LISTServer - The command 19001(ListBLL.Logic.UserRecordLogic) has been discovered
2018-01-17 14:22:49,114 [1] DEBUG DefaultBootstrap - The server instance LISTServer has been initialized!
2018-01-17 14:22:49,926 [1] DEBUG DefaultBootstrap - The PerformanceMonitor has been initialized!
2018-01-17 14:22:49,926 [1] DEBUG DefaultBootstrap - The Bootstrap has been initialized!
2018-01-17 14:22:49,948 [1] DEBUG LISTServer - Listener (0.0.0.0:2018) was started
2018-01-17 14:22:49,952 [1] DEBUG DefaultBootstrap - The PerformanceMonitor has been started!
2018-01-17 14:23:05,783 [13] DEBUG LISTServer - 登陆sssionID--------458e7ac3-12e9-425d-b33a-f65055906cac
2018-01-17 14:23:05,783 [13] DEBUG LISTServer - 登录游戏----------2018/1/17 14:23:05
2018-01-17 14:23:06,016 [13] DEBUG LISTServer - 登录用户openid:9697486827159f30f5cab73bbab97a1b56966c2a|昵称:测试用户969----------2018/1/17 14:23:06
2018-01-17 14:23:06,291 [13] DEBUG LISTServer - 登录游戏成功----------2018/1/17 14:23:06
2018-01-17 14:23:06,291 [13] DEBUG LISTServer - 新登录用户openid:9697486827159f30f5cab73bbab97a1b56966c2a
2018-01-17 14:26:31,084 [20] DEBUG LISTServer - 登陆sssionID--------95fd9fa0-aef7-4d17-b5e0-ae5e6f76cccb
2018-01-17 14:26:31,084 [20] DEBUG LISTServer - 登录游戏----------2018/1/17 14:26:31
2018-01-17 14:26:31,273 [20] DEBUG LISTServer - 登录用户openid:9697486827159f30f5cab73bbab97a1b56966c2a|昵称:测试用户969----------2018/1/17 14:26:31
2018-01-17 14:26:31,281 [20] DEBUG LISTServer - 登录游戏成功,当前对象存在----------2018/1/17 14:26:31
2018-01-17 14:26:31,455 [20] DEBUG LISTServer - 登录游戏成功,当前对象存在----------2018/1/17 14:26:31
2018-01-17 14:26:47,305 [17] DEBUG LISTServer - 登陆sssionID--------af3ad38f-7620-4a5f-be83-cda7b2b24d9d
2018-01-17 14:26:47,305 [17] DEBUG LISTServer - 登录游戏----------2018/1/17 14:26:47
2018-01-17 14:26:47,705 [17] DEBUG LISTServer - 登录用户openid:cb02228dfbbc35594d8f3b7bdaa129cfedd86e9d|昵称:测试用户cb0----------2018/1/17 14:26:47
2018-01-17 14:26:48,006 [17] DEBUG LISTServer - 登录游戏成功----------2018/1/17 14:26:48
2018-01-17 14:26:48,006 [17] DEBUG LISTServer - 新登录用户openid:cb02228dfbbc35594d8f3b7bdaa129cfedd86e9d
2018-01-17 14:28:13,355 [1] DEBUG DefaultBootstrap - The server instance LISTServer has been created!
2018-01-17 14:28:13,488 [1] DEBUG LISTServer - The command 11105(ListBLL.Logic.AgentGetGroupInfo) has been discovered
2018-01-17 14:28:13,488 [1] DEBUG LISTServer - The command 11107(ListBLL.Logic.AgentGroupUsersManager) has been discovered
2018-01-17 14:28:13,490 [1] DEBUG LISTServer - The command 11110(ListBLL.Logic.AgentSignIn) has been discovered
2018-01-17 14:28:13,490 [1] DEBUG LISTServer - The command 11060(ListBLL.Logic.ApplyRecord) has been discovered
2018-01-17 14:28:13,490 [1] DEBUG LISTServer - The command 11040(ListBLL.Logic.ApplyToJoin) has been discovered
2018-01-17 14:28:13,490 [1] DEBUG LISTServer - The command 11070(ListBLL.Logic.ChangeApplyStatus) has been discovered
2018-01-17 14:28:13,490 [1] DEBUG LISTServer - The command 11103(ListBLL.Logic.CreateGroup) has been discovered
2018-01-17 14:28:13,490 [1] DEBUG LISTServer - The command 11109(ListBLL.Logic.DeleteGroup) has been discovered
2018-01-17 14:28:13,490 [1] DEBUG LISTServer - The command 19005(ListBLL.Logic.Feedback) has been discovered
2018-01-17 14:28:13,490 [1] DEBUG LISTServer - The command 11020(ListBLL.Logic.GameOperation) has been discovered
2018-01-17 14:28:13,490 [1] DEBUG LISTServer - The command 11030(ListBLL.Logic.GetGroupInfo) has been discovered
2018-01-17 14:28:13,490 [1] DEBUG LISTServer - The command 11032(ListBLL.Logic.GetGroupInfoByGroupID) has been discovered
2018-01-17 14:28:13,490 [1] DEBUG LISTServer - The command 11034(ListBLL.Logic.GetGroupUserInfoByGroupID) has been discovered
2018-01-17 14:28:13,490 [1] DEBUG LISTServer - The command 11022(ListBLL.Logic.GetRoomCard) has been discovered
2018-01-17 14:28:13,490 [1] DEBUG LISTServer - The command 11050(ListBLL.Logic.GroupUsersManager) has been discovered
2018-01-17 14:28:13,490 [1] DEBUG LISTServer - The command 10001(ListBLL.Logic.Heartbeat) has been discovered
2018-01-17 14:28:13,490 [1] DEBUG LISTServer - The command 11080(ListBLL.Logic.LobbyInfo) has been discovered
2018-01-17 14:28:13,491 [1] DEBUG LISTServer - The command 11001(ListBLL.Logic.Login) has been discovered
2018-01-17 14:28:13,491 [1] DEBUG LISTServer - The command 11101(ListBLL.Logic.Package) has been discovered
2018-01-17 14:28:13,491 [1] DEBUG LISTServer - The command 11090(ListBLL.Logic.QuitGroup) has been discovered
2018-01-17 14:28:13,491 [1] DEBUG LISTServer - The command 11108(ListBLL.Logic.SearchPlayer) has been discovered
2018-01-17 14:28:13,491 [1] DEBUG LISTServer - The command 19003(ListBLL.Logic.UserGamePlaybackLogic) has been discovered
2018-01-17 14:28:13,491 [1] DEBUG LISTServer - The command 19001(ListBLL.Logic.UserRecordLogic) has been discovered
2018-01-17 14:28:13,502 [1] DEBUG DefaultBootstrap - The server instance LISTServer has been initialized!
2018-01-17 14:28:14,582 [1] DEBUG DefaultBootstrap - The PerformanceMonitor has been initialized!
2018-01-17 14:28:14,582 [1] DEBUG DefaultBootstrap - The Bootstrap has been initialized!
2018-01-17 14:28:14,603 [1] DEBUG LISTServer - Listener (0.0.0.0:2018) was started
2018-01-17 14:28:14,607 [1] DEBUG DefaultBootstrap - The PerformanceMonitor has been started!
2018-01-17 14:28:23,652 [12] DEBUG LISTServer - 登陆sssionID--------5179698f-86ed-41f7-acf1-1cd301f117a1
2018-01-17 14:28:23,652 [12] DEBUG LISTServer - 登录游戏----------2018/1/17 14:28:23
2018-01-17 14:28:23,908 [12] DEBUG LISTServer - 登录用户openid:cb02228dfbbc35594d8f3b7bdaa129cfedd86e9d|昵称:测试用户cb0----------2018/1/17 14:28:23
2018-01-17 14:28:24,209 [12] DEBUG LISTServer - 登录游戏成功----------2018/1/17 14:28:24
2018-01-17 14:28:24,209 [12] DEBUG LISTServer - 新登录用户openid:cb02228dfbbc35594d8f3b7bdaa129cfedd86e9d
2018-01-17 14:29:04,049 [12] DEBUG LISTServer - 登陆sssionID--------d044cf6b-1eae-4f7b-afca-47b2c72e18fa
2018-01-17 14:29:04,049 [12] DEBUG LISTServer - 登录游戏----------2018/1/17 14:29:04
2018-01-17 14:29:04,372 [12] DEBUG LISTServer - 登录用户openid:9697486827159f30f5cab73bbab97a1b56966c2a|昵称:测试用户969----------2018/1/17 14:29:04
2018-01-17 14:29:04,579 [12] DEBUG LISTServer - 登录游戏成功----------2018/1/17 14:29:04
2018-01-17 14:29:04,579 [12] DEBUG LISTServer - 新登录用户openid:9697486827159f30f5cab73bbab97a1b56966c2a
2018-01-17 14:39:05,372 [1] DEBUG DefaultBootstrap - The server instance LISTServer has been created!
2018-01-17 14:39:05,508 [1] DEBUG LISTServer - The command 11105(ListBLL.Logic.AgentGetGroupInfo) has been discovered
2018-01-17 14:39:05,508 [1] DEBUG LISTServer - The command 11107(ListBLL.Logic.AgentGroupUsersManager) has been discovered
2018-01-17 14:39:05,508 [1] DEBUG LISTServer - The command 11110(ListBLL.Logic.AgentSignIn) has been discovered
2018-01-17 14:39:05,508 [1] DEBUG LISTServer - The command 11060(ListBLL.Logic.ApplyRecord) has been discovered
2018-01-17 14:39:05,508 [1] DEBUG LISTServer - The command 11040(ListBLL.Logic.ApplyToJoin) has been discovered
2018-01-17 14:39:05,509 [1] DEBUG LISTServer - The command 11070(ListBLL.Logic.ChangeApplyStatus) has been discovered
2018-01-17 14:39:05,509 [1] DEBUG LISTServer - The command 11103(ListBLL.Logic.CreateGroup) has been discovered
2018-01-17 14:39:05,509 [1] DEBUG LISTServer - The command 11109(ListBLL.Logic.DeleteGroup) has been discovered
2018-01-17 14:39:05,509 [1] DEBUG LISTServer - The command 19005(ListBLL.Logic.Feedback) has been discovered
2018-01-17 14:39:05,509 [1] DEBUG LISTServer - The command 11020(ListBLL.Logic.GameOperation) has been discovered
2018-01-17 14:39:05,509 [1] DEBUG LISTServer - The command 11030(ListBLL.Logic.GetGroupInfo) has been discovered
2018-01-17 14:39:05,509 [1] DEBUG LISTServer - The command 11032(ListBLL.Logic.GetGroupInfoByGroupID) has been discovered
2018-01-17 14:39:05,509 [1] DEBUG LISTServer - The command 11034(ListBLL.Logic.GetGroupUserInfoByGroupID) has been discovered
2018-01-17 14:39:05,509 [1] DEBUG LISTServer - The command 11022(ListBLL.Logic.GetRoomCard) has been discovered
2018-01-17 14:39:05,509 [1] DEBUG LISTServer - The command 11050(ListBLL.Logic.GroupUsersManager) has been discovered
2018-01-17 14:39:05,509 [1] DEBUG LISTServer - The command 10001(ListBLL.Logic.Heartbeat) has been discovered
2018-01-17 14:39:05,509 [1] DEBUG LISTServer - The command 11080(ListBLL.Logic.LobbyInfo) has been discovered
2018-01-17 14:39:05,509 [1] DEBUG LISTServer - The command 11001(ListBLL.Logic.Login) has been discovered
2018-01-17 14:39:05,509 [1] DEBUG LISTServer - The command 11101(ListBLL.Logic.Package) has been discovered
2018-01-17 14:39:05,509 [1] DEBUG LISTServer - The command 11090(ListBLL.Logic.QuitGroup) has been discovered
2018-01-17 14:39:05,510 [1] DEBUG LISTServer - The command 11108(ListBLL.Logic.SearchPlayer) has been discovered
2018-01-17 14:39:05,510 [1] DEBUG LISTServer - The command 19003(ListBLL.Logic.UserGamePlaybackLogic) has been discovered
2018-01-17 14:39:05,510 [1] DEBUG LISTServer - The command 19001(ListBLL.Logic.UserRecordLogic) has been discovered
2018-01-17 14:39:05,522 [1] DEBUG DefaultBootstrap - The server instance LISTServer has been initialized!
2018-01-17 14:39:06,569 [1] DEBUG DefaultBootstrap - The PerformanceMonitor has been initialized!
2018-01-17 14:39:06,569 [1] DEBUG DefaultBootstrap - The Bootstrap has been initialized!
2018-01-17 14:39:06,589 [1] DEBUG LISTServer - Listener (0.0.0.0:2018) was started
2018-01-17 14:39:06,594 [1] DEBUG DefaultBootstrap - The PerformanceMonitor has been started!
2018-01-17 14:39:11,311 [9] DEBUG LISTServer - 登陆sssionID--------15bcf148-e6be-414b-b62a-316a2f04d14d
2018-01-17 14:39:11,311 [9] DEBUG LISTServer - 登录游戏----------2018/1/17 14:39:11
2018-01-17 14:39:12,033 [9] DEBUG LISTServer - 登录用户openid:9697486827159f30f5cab73bbab97a1b56966c2a|昵称:测试用户969----------2018/1/17 14:39:12
2018-01-17 14:39:12,613 [9] DEBUG LISTServer - 登录游戏成功----------2018/1/17 14:39:12
2018-01-17 14:39:12,613 [9] DEBUG LISTServer - 新登录用户openid:9697486827159f30f5cab73bbab97a1b56966c2a
2018-01-17 14:39:22,529 [7] DEBUG LISTServer - 登陆sssionID--------c07f7760-ce6d-45a0-b77e-b938873239a6
2018-01-17 14:39:22,529 [7] DEBUG LISTServer - 登录游戏----------2018/1/17 14:39:22
2018-01-17 14:39:22,710 [7] DEBUG LISTServer - 登录用户openid:cb02228dfbbc35594d8f3b7bdaa129cfedd86e9d|昵称:测试用户cb0----------2018/1/17 14:39:22
2018-01-17 14:39:22,988 [7] DEBUG LISTServer - 登录游戏成功----------2018/1/17 14:39:22
2018-01-17 14:39:22,988 [7] DEBUG LISTServer - 新登录用户openid:cb02228dfbbc35594d8f3b7bdaa129cfedd86e9d
2018-01-17 14:43:06,839 [14] DEBUG LISTServer - 登陆sssionID--------3098f74f-c8d0-49f4-a878-4b16cc47e131
2018-01-17 14:43:06,839 [14] DEBUG LISTServer - 登录游戏----------2018/1/17 14:43:06
2018-01-17 14:43:07,057 [14] DEBUG LISTServer - 登录用户openid:cb02228dfbbc35594d8f3b7bdaa129cfedd86e9d|昵称:测试用户cb0----------2018/1/17 14:43:07
2018-01-17 14:43:07,074 [14] DEBUG LISTServer - 登录游戏成功,当前对象存在----------2018/1/17 14:43:07
2018-01-17 14:43:07,239 [14] DEBUG LISTServer - 登录游戏成功,当前对象存在----------2018/1/17 14:43:07
2018-01-17 14:45:19,421 [8] DEBUG LISTServer - 登陆sssionID--------cb6e42e5-6a21-41c3-b9e9-330b9b6d1d46
2018-01-17 14:45:19,422 [8] DEBUG LISTServer - 登录游戏----------2018/1/17 14:45:19
2018-01-17 14:45:19,584 [8] DEBUG LISTServer - 登录用户openid:9697486827159f30f5cab73bbab97a1b56966c2a|昵称:测试用户969----------2018/1/17 14:45:19
2018-01-17 14:45:19,587 [8] DEBUG LISTServer - 登录游戏成功,当前对象存在----------2018/1/17 14:45:19
2018-01-17 14:45:19,748 [8] DEBUG LISTServer - 登录游戏成功,当前对象存在----------2018/1/17 14:45:19
2018-01-17 14:48:33,405 [1] DEBUG DefaultBootstrap - The server instance LISTServer has been created!
2018-01-17 14:48:33,545 [1] DEBUG LISTServer - The command 11105(ListBLL.Logic.AgentGetGroupInfo) has been discovered
2018-01-17 14:48:33,545 [1] DEBUG LISTServer - The command 11107(ListBLL.Logic.AgentGroupUsersManager) has been discovered
2018-01-17 14:48:33,545 [1] DEBUG LISTServer - The command 11110(ListBLL.Logic.AgentSignIn) has been discovered
2018-01-17 14:48:33,545 [1] DEBUG LISTServer - The command 11060(ListBLL.Logic.ApplyRecord) has been discovered
2018-01-17 14:48:33,545 [1] DEBUG LISTServer - The command 11040(ListBLL.Logic.ApplyToJoin) has been discovered
2018-01-17 14:48:33,545 [1] DEBUG LISTServer - The command 11070(ListBLL.Logic.ChangeApplyStatus) has been discovered
2018-01-17 14:48:33,546 [1] DEBUG LISTServer - The command 11103(ListBLL.Logic.CreateGroup) has been discovered
2018-01-17 14:48:33,546 [1] DEBUG LISTServer - The command 11109(ListBLL.Logic.DeleteGroup) has been discovered
2018-01-17 14:48:33,546 [1] DEBUG LISTServer - The command 19005(ListBLL.Logic.Feedback) has been discovered
2018-01-17 14:48:33,546 [1] DEBUG LISTServer - The command 11020(ListBLL.Logic.GameOperation) has been discovered
2018-01-17 14:48:33,546 [1] DEBUG LISTServer - The command 11030(ListBLL.Logic.GetGroupInfo) has been discovered
2018-01-17 14:48:33,546 [1] DEBUG LISTServer - The command 11032(ListBLL.Logic.GetGroupInfoByGroupID) has been discovered
2018-01-17 14:48:33,546 [1] DEBUG LISTServer - The command 11034(ListBLL.Logic.GetGroupUserInfoByGroupID) has been discovered
2018-01-17 14:48:33,546 [1] DEBUG LISTServer - The command 11022(ListBLL.Logic.GetRoomCard) has been discovered
2018-01-17 14:48:33,546 [1] DEBUG LISTServer - The command 11050(ListBLL.Logic.GroupUsersManager) has been discovered
2018-01-17 14:48:33,546 [1] DEBUG LISTServer - The command 10001(ListBLL.Logic.Heartbeat) has been discovered
2018-01-17 14:48:33,546 [1] DEBUG LISTServer - The command 11080(ListBLL.Logic.LobbyInfo) has been discovered
2018-01-17 14:48:33,546 [1] DEBUG LISTServer - The command 11001(ListBLL.Logic.Login) has been discovered
2018-01-17 14:48:33,546 [1] DEBUG LISTServer - The command 11101(ListBLL.Logic.Package) has been discovered
2018-01-17 14:48:33,547 [1] DEBUG LISTServer - The command 11090(ListBLL.Logic.QuitGroup) has been discovered
2018-01-17 14:48:33,547 [1] DEBUG LISTServer - The command 11108(ListBLL.Logic.SearchPlayer) has been discovered
2018-01-17 14:48:33,547 [1] DEBUG LISTServer - The command 19003(ListBLL.Logic.UserGamePlaybackLogic) has been discovered
2018-01-17 14:48:33,547 [1] DEBUG LISTServer - The command 19001(ListBLL.Logic.UserRecordLogic) has been discovered
2018-01-17 14:48:33,560 [1] DEBUG DefaultBootstrap - The server instance LISTServer has been initialized!
2018-01-17 14:48:34,663 [1] DEBUG DefaultBootstrap - The PerformanceMonitor has been initialized!
2018-01-17 14:48:34,663 [1] DEBUG DefaultBootstrap - The Bootstrap has been initialized!
2018-01-17 14:48:34,684 [1] DEBUG LISTServer - Listener (0.0.0.0:2018) was started
2018-01-17 14:48:34,688 [1] DEBUG DefaultBootstrap - The PerformanceMonitor has been started!
2018-01-17 14:51:15,258 [12] DEBUG LISTServer - 登陆sssionID--------de55cd79-13dc-4df6-89b3-dc625f4f8ba4
2018-01-17 14:51:15,258 [12] DEBUG LISTServer - 登录游戏----------2018/1/17 14:51:15
2018-01-17 14:51:15,509 [12] DEBUG LISTServer - 登录用户openid:9697486827159f30f5cab73bbab97a1b56966c2a|昵称:测试用户969----------2018/1/17 14:51:15
2018-01-17 14:51:15,794 [12] DEBUG LISTServer - 登录游戏成功----------2018/1/17 14:51:15
2018-01-17 14:51:15,794 [12] DEBUG LISTServer - 新登录用户openid:9697486827159f30f5cab73bbab97a1b56966c2a
2018-01-17 14:51:25,726 [12] DEBUG LISTServer - 登陆sssionID--------404a260c-b89b-495c-a538-c9236c41bbce
2018-01-17 14:51:25,726 [12] DEBUG LISTServer - 登录游戏----------2018/1/17 14:51:25
2018-01-17 14:51:25,918 [12] DEBUG LISTServer - 登录用户openid:cb02228dfbbc35594d8f3b7bdaa129cfedd86e9d|昵称:测试用户cb0----------2018/1/17 14:51:25
2018-01-17 14:51:26,081 [12] DEBUG LISTServer - 登录游戏成功----------2018/1/17 14:51:26
2018-01-17 14:51:26,081 [12] DEBUG LISTServer - 新登录用户openid:cb02228dfbbc35594d8f3b7bdaa129cfedd86e9d
2018-01-17 15:00:37,926 [1] DEBUG DefaultBootstrap - The server instance LISTServer has been created!
2018-01-17 15:00:38,061 [1] DEBUG LISTServer - The command 11105(ListBLL.Logic.AgentGetGroupInfo) has been discovered
2018-01-17 15:00:38,062 [1] DEBUG LISTServer - The command 11107(ListBLL.Logic.AgentGroupUsersManager) has been discovered
2018-01-17 15:00:38,062 [1] DEBUG LISTServer - The command 11110(ListBLL.Logic.AgentSignIn) has been discovered
2018-01-17 15:00:38,062 [1] DEBUG LISTServer - The command 11060(ListBLL.Logic.ApplyRecord) has been discovered
2018-01-17 15:00:38,062 [1] DEBUG LISTServer - The command 11040(ListBLL.Logic.ApplyToJoin) has been discovered
2018-01-17 15:00:38,062 [1] DEBUG LISTServer - The command 11070(ListBLL.Logic.ChangeApplyStatus) has been discovered
2018-01-17 15:00:38,062 [1] DEBUG LISTServer - The command 11103(ListBLL.Logic.CreateGroup) has been discovered
2018-01-17 15:00:38,062 [1] DEBUG LISTServer - The command 11109(ListBLL.Logic.DeleteGroup) has been discovered
2018-01-17 15:00:38,062 [1] DEBUG LISTServer - The command 19005(ListBLL.Logic.Feedback) has been discovered
2018-01-17 15:00:38,062 [1] DEBUG LISTServer - The command 11020(ListBLL.Logic.GameOperation) has been discovered
2018-01-17 15:00:38,062 [1] DEBUG LISTServer - The command 11030(ListBLL.Logic.GetGroupInfo) has been discovered
2018-01-17 15:00:38,062 [1] DEBUG LISTServer - The command 11032(ListBLL.Logic.GetGroupInfoByGroupID) has been discovered
2018-01-17 15:00:38,062 [1] DEBUG LISTServer - The command 11034(ListBLL.Logic.GetGroupUserInfoByGroupID) has been discovered
2018-01-17 15:00:38,063 [1] DEBUG LISTServer - The command 11022(ListBLL.Logic.GetRoomCard) has been discovered
2018-01-17 15:00:38,063 [1] DEBUG LISTServer - The command 11050(ListBLL.Logic.GroupUsersManager) has been discovered
2018-01-17 15:00:38,063 [1] DEBUG LISTServer - The command 10001(ListBLL.Logic.Heartbeat) has been discovered
2018-01-17 15:00:38,063 [1] DEBUG LISTServer - The command 11080(ListBLL.Logic.LobbyInfo) has been discovered
2018-01-17 15:00:38,063 [1] DEBUG LISTServer - The command 11001(ListBLL.Logic.Login) has been discovered
2018-01-17 15:00:38,063 [1] DEBUG LISTServer - The command 11101(ListBLL.Logic.Package) has been discovered
2018-01-17 15:00:38,063 [1] DEBUG LISTServer - The command 11090(ListBLL.Logic.QuitGroup) has been discovered
2018-01-17 15:00:38,063 [1] DEBUG LISTServer - The command 11108(ListBLL.Logic.SearchPlayer) has been discovered
2018-01-17 15:00:38,063 [1] DEBUG LISTServer - The command 19003(ListBLL.Logic.UserGamePlaybackLogic) has been discovered
2018-01-17 15:00:38,063 [1] DEBUG LISTServer - The command 19001(ListBLL.Logic.UserRecordLogic) has been discovered
2018-01-17 15:00:38,075 [1] DEBUG DefaultBootstrap - The server instance LISTServer has been initialized!
2018-01-17 15:00:39,161 [1] DEBUG DefaultBootstrap - The PerformanceMonitor has been initialized!
2018-01-17 15:00:39,161 [1] DEBUG DefaultBootstrap - The Bootstrap has been initialized!
2018-01-17 15:00:39,181 [1] DEBUG LISTServer - Listener (0.0.0.0:2018) was started
2018-01-17 15:00:39,186 [1] DEBUG DefaultBootstrap - The PerformanceMonitor has been started!
2018-01-17 15:00:48,346 [11] DEBUG LISTServer - 登陆sssionID--------e8c41d64-d8bb-4a35-9fea-79e844eb1d03
2018-01-17 15:00:48,346 [11] DEBUG LISTServer - 登录游戏----------2018/1/17 15:00:48
2018-01-17 15:00:48,638 [11] DEBUG LISTServer - 登录用户openid:cb02228dfbbc35594d8f3b7bdaa129cfedd86e9d|昵称:测试用户cb0----------2018/1/17 15:00:48
2018-01-17 15:00:48,934 [11] DEBUG LISTServer - 登录游戏成功----------2018/1/17 15:00:48
2018-01-17 15:00:48,935 [11] DEBUG LISTServer - 新登录用户openid:cb02228dfbbc35594d8f3b7bdaa129cfedd86e9d
2018-01-17 15:00:50,144 [13] DEBUG LISTServer - 登陆sssionID--------2699117a-f433-402f-932b-06e8095eb9cb
2018-01-17 15:00:50,144 [13] DEBUG LISTServer - 登录游戏----------2018/1/17 15:00:50
2018-01-17 15:00:50,374 [13] DEBUG LISTServer - 登录用户openid:9697486827159f30f5cab73bbab97a1b56966c2a|昵称:测试用户969----------2018/1/17 15:00:50
2018-01-17 15:00:50,627 [13] DEBUG LISTServer - 登录游戏成功----------2018/1/17 15:00:50
2018-01-17 15:00:50,627 [13] DEBUG LISTServer - 新登录用户openid:9697486827159f30f5cab73bbab97a1b56966c2a
2018-01-17 15:04:52,490 [12] DEBUG LISTServer - 登陆sssionID--------f53eaa6a-2e8e-42ad-a438-fb3c039c1eea
2018-01-17 15:04:52,490 [12] DEBUG LISTServer - 登录游戏----------2018/1/17 15:04:52
2018-01-17 15:04:52,636 [12] DEBUG LISTServer - 登录用户openid:9697486827159f30f5cab73bbab97a1b56966c2a|昵称:测试用户969----------2018/1/17 15:04:52
2018-01-17 15:04:52,640 [12] DEBUG LISTServer - 登录游戏成功,当前对象存在----------2018/1/17 15:04:52
2018-01-17 15:04:52,803 [12] DEBUG LISTServer - 登录游戏成功,当前对象存在----------2018/1/17 15:04:52
2018-01-17 15:08:49,430 [20] DEBUG LISTServer - 登陆sssionID--------96729188-b779-4e12-a45d-3fecec719d66
2018-01-17 15:08:49,430 [20] DEBUG LISTServer - 登录游戏----------2018/1/17 15:08:49
2018-01-17 15:08:49,623 [20] DEBUG LISTServer - 登录用户openid:cb02228dfbbc35594d8f3b7bdaa129cfedd86e9d|昵称:测试用户cb0----------2018/1/17 15:08:49
2018-01-17 15:08:49,626 [20] DEBUG LISTServer - 登录游戏成功,当前对象存在----------2018/1/17 15:08:49
2018-01-17 15:08:49,795 [20] DEBUG LISTServer - 登录游戏成功,当前对象存在----------2018/1/17 15:08:49
2018-01-17 15:20:38,042 [20] DEBUG LISTServer - 登陆sssionID--------1f1d6d17-113f-4766-a1d3-c713309560f6
2018-01-17 15:20:38,042 [20] DEBUG LISTServer - 登录游戏----------2018/1/17 15:20:38
2018-01-17 15:20:38,238 [20] DEBUG LISTServer - 登录用户openid:cb02228dfbbc35594d8f3b7bdaa129cfedd86e9d|昵称:测试用户cb0----------2018/1/17 15:20:38
2018-01-17 15:20:38,254 [20] DEBUG LISTServer - 登录游戏成功,当前对象存在----------2018/1/17 15:20:38
2018-01-17 15:20:38,486 [20] DEBUG LISTServer - 登录游戏成功,当前对象存在----------2018/1/17 15:20:38
2018-01-17 15:25:19,584 [1] DEBUG DefaultBootstrap - The server instance LISTServer has been created!
2018-01-17 15:25:19,749 [1] DEBUG LISTServer - The command 11105(ListBLL.Logic.AgentGetGroupInfo) has been discovered
2018-01-17 15:25:19,749 [1] DEBUG LISTServer - The command 11107(ListBLL.Logic.AgentGroupUsersManager) has been discovered
2018-01-17 15:25:19,749 [1] DEBUG LISTServer - The command 11110(ListBLL.Logic.AgentSignIn) has been discovered
2018-01-17 15:25:19,750 [1] DEBUG LISTServer - The command 11060(ListBLL.Logic.ApplyRecord) has been discovered
2018-01-17 15:25:19,750 [1] DEBUG LISTServer - The command 11040(ListBLL.Logic.ApplyToJoin) has been discovered
2018-01-17 15:25:19,750 [1] DEBUG LISTServer - The command 11070(ListBLL.Logic.ChangeApplyStatus) has been discovered
2018-01-17 15:25:19,750 [1] DEBUG LISTServer - The command 11103(ListBLL.Logic.CreateGroup) has been discovered
2018-01-17 15:25:19,751 [1] DEBUG LISTServer - The command 11109(ListBLL.Logic.DeleteGroup) has been discovered
2018-01-17 15:25:19,751 [1] DEBUG LISTServer - The command 19005(ListBLL.Logic.Feedback) has been discovered
2018-01-17 15:25:19,751 [1] DEBUG LISTServer - The command 11020(ListBLL.Logic.GameOperation) has been discovered
2018-01-17 15:25:19,751 [1] DEBUG LISTServer - The command 11030(ListBLL.Logic.GetGroupInfo) has been discovered
2018-01-17 15:25:19,751 [1] DEBUG LISTServer - The command 11032(ListBLL.Logic.GetGroupInfoByGroupID) has been discovered
2018-01-17 15:25:19,751 [1] DEBUG LISTServer - The command 11034(ListBLL.Logic.GetGroupUserInfoByGroupID) has been discovered
2018-01-17 15:25:19,751 [1] DEBUG LISTServer - The command 11022(ListBLL.Logic.GetRoomCard) has been discovered
2018-01-17 15:25:19,751 [1] DEBUG LISTServer - The command 11050(ListBLL.Logic.GroupUsersManager) has been discovered
2018-01-17 15:25:19,751 [1] DEBUG LISTServer - The command 10001(ListBLL.Logic.Heartbeat) has been discovered
2018-01-17 15:25:19,751 [1] DEBUG LISTServer - The command 11080(ListBLL.Logic.LobbyInfo) has been discovered
2018-01-17 15:25:19,751 [1] DEBUG LISTServer - The command 11001(ListBLL.Logic.Login) has been discovered
2018-01-17 15:25:19,751 [1] DEBUG LISTServer - The command 11101(ListBLL.Logic.Package) has been discovered
2018-01-17 15:25:19,751 [1] DEBUG LISTServer - The command 11090(ListBLL.Logic.QuitGroup) has been discovered
2018-01-17 15:25:19,752 [1] DEBUG LISTServer - The command 11108(ListBLL.Logic.SearchPlayer) has been discovered
2018-01-17 15:25:19,752 [1] DEBUG LISTServer - The command 19003(ListBLL.Logic.UserGamePlaybackLogic) has been discovered
2018-01-17 15:25:19,752 [1] DEBUG LISTServer - The command 19001(ListBLL.Logic.UserRecordLogic) has been discovered
2018-01-17 15:25:19,767 [1] DEBUG DefaultBootstrap - The server instance LISTServer has been initialized!
2018-01-17 15:25:20,879 [1] DEBUG DefaultBootstrap - The PerformanceMonitor has been initialized!
2018-01-17 15:25:20,879 [1] DEBUG DefaultBootstrap - The Bootstrap has been initialized!
2018-01-17 15:25:20,900 [1] DEBUG LISTServer - Listener (0.0.0.0:2018) was started
2018-01-17 15:25:20,903 [1] DEBUG DefaultBootstrap - The PerformanceMonitor has been started!
2018-01-17 15:25:27,316 [7] DEBUG LISTServer - 登陆sssionID--------59239178-fbfd-4fed-80fd-752aca9f4d3c
2018-01-17 15:25:27,316 [7] DEBUG LISTServer - 登录游戏----------2018/1/17 15:25:27
2018-01-17 15:25:28,737 [7] DEBUG LISTServer - 登录用户openid:9697486827159f30f5cab73bbab97a1b56966c2a|昵称:测试用户969----------2018/1/17 15:25:28
2018-01-17 15:25:29,841 [7] DEBUG LISTServer - 登录游戏成功----------2018/1/17 15:25:29
2018-01-17 15:25:29,841 [7] DEBUG LISTServer - 新登录用户openid:9697486827159f30f5cab73bbab97a1b56966c2a
2018-01-17 15:26:39,764 [18] DEBUG LISTServer - 登陆sssionID--------6f0fc441-3328-4637-8672-475337895655
2018-01-17 15:26:39,764 [18] DEBUG LISTServer - 登录游戏----------2018/1/17 15:26:39
2018-01-17 15:26:41,911 [18] DEBUG LISTServer - 登录用户openid:cb02228dfbbc35594d8f3b7bdaa129cfedd86e9d|昵称:测试用户cb0----------2018/1/17 15:26:41
2018-01-17 15:26:42,679 [18] DEBUG LISTServer - 登录游戏成功----------2018/1/17 15:26:42
2018-01-17 15:26:42,679 [18] DEBUG LISTServer - 新登录用户openid:cb02228dfbbc35594d8f3b7bdaa129cfedd86e9d
2018-01-17 15:26:58,352 [17] DEBUG LISTServer - 登陆sssionID--------c0a46a5d-b7fb-40d1-bd5a-4eec0ad2a957
2018-01-17 15:26:58,352 [17] DEBUG LISTServer - 登录游戏----------2018/1/17 15:26:58
2018-01-17 15:26:58,979 [17] DEBUG LISTServer - 登录用户openid:cb02228dfbbc35594d8f3b7bdaa129cfedd86e9d|昵称:测试用户cb0----------2018/1/17 15:26:58
2018-01-17 15:26:59,966 [17] DEBUG LISTServer - 登录游戏成功----------2018/1/17 15:26:59
2018-01-17 15:26:59,966 [17] DEBUG LISTServer - 新登录用户openid:cb02228dfbbc35594d8f3b7bdaa129cfedd86e9d
