2017-09-19 09:43:57,982 [1] DEBUG DefaultBootstrap - The server instance LISTServer has been created!
2017-09-19 09:43:58,154 [1] DEBUG LISTServer - The command 11020(ListBLL.Logic.GameOperation) has been discovered
2017-09-19 09:43:58,154 [1] DEBUG LISTServer - The command 10001(ListBLL.Logic.Heartbeat) has been discovered
2017-09-19 09:43:58,154 [1] DEBUG LISTServer - The command 11001(ListBLL.Logic.Login) has been discovered
2017-09-19 09:43:58,154 [1] DEBUG LISTServer - The command 19003(ListBLL.Logic.UserGamePlaybackLogic) has been discovered
2017-09-19 09:43:58,154 [1] DEBUG LISTServer - The command 19001(ListBLL.Logic.UserRecordLogic) has been discovered
2017-09-19 09:43:58,170 [1] DEBUG DefaultBootstrap - The server instance LISTServer has been initialized!
2017-09-19 09:43:59,357 [1] DEBUG DefaultBootstrap - The PerformanceMonitor has been initialized!
2017-09-19 09:43:59,357 [1] DEBUG DefaultBootstrap - The Bootstrap has been initialized!
2017-09-19 09:43:59,357 [1] DEBUG LISTServer - Listener (0.0.0.0:2018) was started
2017-09-19 09:43:59,373 [1] DEBUG DefaultBootstrap - The PerformanceMonitor has been started!
2017-09-19 09:44:19,765 [14] DEBUG LISTServer - 登陆sssionID--------f0d8e228-ce51-4fbb-b470-841603acc54c
2017-09-19 09:44:19,765 [14] DEBUG LISTServer - 登录游戏----------2017/9/19 9:44:19
2017-09-19 09:44:21,765 [14] DEBUG LISTServer - 登录用户openid:弗拉基米尔|昵称:弗拉基米尔----------2017/9/19 9:44:21
2017-09-19 09:44:24,375 [14] DEBUG LISTServer - 登录游戏成功----------2017/9/19 9:44:24
2017-09-19 09:45:06,511 [8] DEBUG LISTServer - 登陆sssionID--------bcf3764a-06a0-4add-bae7-4e2269baad28
2017-09-19 09:45:06,511 [8] DEBUG LISTServer - 登录游戏----------2017/9/19 9:45:06
2017-09-19 09:45:07,108 [8] DEBUG LISTServer - 登录用户openid:17da9228849df8ed9400ca4e907dca8c776081ad|昵称:17da9228849df8ed9400ca4e907dca8c776081ad----------2017/9/19 9:45:07
2017-09-19 09:45:07,858 [8] DEBUG LISTServer - 登录游戏成功----------2017/9/19 9:45:07
2017-09-19 09:55:00,813 [13] DEBUG LISTServer - 登陆sssionID--------7a6374e2-7da8-4363-9b6a-805bef13bc5f
2017-09-19 09:55:00,813 [13] DEBUG LISTServer - 登录游戏----------2017/9/19 9:55:00
2017-09-19 09:55:01,266 [13] DEBUG LISTServer - 登录用户openid:弗拉基米尔|昵称:弗拉基米尔----------2017/9/19 9:55:01
2017-09-19 09:55:02,610 [13] DEBUG LISTServer - 登录游戏成功,当前对象存在----------2017/9/19 9:55:02
2017-09-19 09:57:19,617 [13] DEBUG LISTServer - 登陆sssionID--------d211da40-4385-43d0-8681-24bd30285f35
2017-09-19 09:57:19,617 [13] DEBUG LISTServer - 登录游戏----------2017/9/19 9:57:19
2017-09-19 09:57:19,852 [13] DEBUG LISTServer - 登录用户openid:弗拉基米尔|昵称:弗拉基米尔----------2017/9/19 9:57:19
2017-09-19 09:57:21,430 [13] DEBUG LISTServer - 登录游戏成功,当前对象存在----------2017/9/19 9:57:21
2017-09-19 09:58:11,014 [20] DEBUG LISTServer - 登陆sssionID--------cdf2e2fb-4b67-434d-9e69-b83114fc19a8
2017-09-19 09:58:11,014 [20] DEBUG LISTServer - 登录游戏----------2017/9/19 9:58:11
2017-09-19 09:58:11,139 [20] DEBUG LISTServer - 登录用户openid:弗拉基米尔|昵称:弗拉基米尔----------2017/9/19 9:58:11
2017-09-19 09:58:12,457 [20] DEBUG LISTServer - 登录游戏成功,当前对象存在----------2017/9/19 9:58:12
2017-09-19 10:02:22,171 [13] DEBUG LISTServer - 登陆sssionID--------6edd316c-4a40-4909-81ba-09df45e654f8
2017-09-19 10:02:22,171 [13] DEBUG LISTServer - 登录游戏----------2017/9/19 10:02:22
2017-09-19 10:02:22,499 [13] DEBUG LISTServer - 登录用户openid:弗拉基米尔|昵称:弗拉基米尔----------2017/9/19 10:02:22
2017-09-19 10:02:24,171 [13] DEBUG LISTServer - 登录游戏成功,当前对象存在----------2017/9/19 10:02:24
2017-09-19 10:05:34,787 [13] DEBUG LISTServer - 登陆sssionID--------7b81bedc-9989-4e10-a600-60c280b035a5
2017-09-19 10:05:34,787 [13] DEBUG LISTServer - 登录游戏----------2017/9/19 10:05:34
2017-09-19 10:05:35,084 [13] DEBUG LISTServer - 登录用户openid:弗拉基米尔|昵称:弗拉基米尔----------2017/9/19 10:05:35
2017-09-19 10:05:36,630 [13] DEBUG LISTServer - 登录游戏成功,当前对象存在----------2017/9/19 10:05:36
2017-09-19 10:30:38,074 [8] DEBUG LISTServer - 登陆sssionID--------3968eff6-f6f5-426d-a8ce-3bf05c2b4fc7
2017-09-19 10:30:38,074 [8] DEBUG LISTServer - 登录游戏----------2017/9/19 10:30:38
2017-09-19 10:30:38,511 [8] DEBUG LISTServer - 登录用户openid:弗拉基米尔|昵称:弗拉基米尔----------2017/9/19 10:30:38
2017-09-19 10:30:40,011 [8] DEBUG LISTServer - 登录游戏成功,当前对象存在----------2017/9/19 10:30:40
2017-09-19 10:36:46,592 [8] DEBUG LISTServer - 登陆sssionID--------c620f900-949d-432c-b927-a280d98b0bf1
2017-09-19 10:36:46,592 [8] DEBUG LISTServer - 登录游戏----------2017/9/19 10:36:46
2017-09-19 10:36:47,045 [8] DEBUG LISTServer - 登录用户openid:弗拉基米尔|昵称:弗拉基米尔----------2017/9/19 10:36:47
2017-09-19 10:36:48,730 [8] DEBUG LISTServer - 登录游戏成功,当前对象存在----------2017/9/19 10:36:48
2017-09-19 10:44:09,098 [20] DEBUG LISTServer - 登陆sssionID--------0d61114d-c48e-44c2-8ef6-493a48ed3459
2017-09-19 10:44:09,098 [20] DEBUG LISTServer - 登录游戏----------2017/9/19 10:44:09
2017-09-19 10:44:09,427 [20] DEBUG LISTServer - 登录用户openid:弗拉基米尔|昵称:弗拉基米尔----------2017/9/19 10:44:09
2017-09-19 10:44:10,770 [20] DEBUG LISTServer - 登录游戏成功,当前对象存在----------2017/9/19 10:44:10
2017-09-19 10:51:20,215 [13] DEBUG LISTServer - 登陆sssionID--------1a9b8ad0-19d5-4696-a42c-ef05605cda59
2017-09-19 10:51:20,215 [13] DEBUG LISTServer - 登录游戏----------2017/9/19 10:51:20
2017-09-19 10:51:20,511 [13] DEBUG LISTServer - 登录用户openid:弗拉基米尔|昵称:弗拉基米尔----------2017/9/19 10:51:20
2017-09-19 10:51:21,933 [13] DEBUG LISTServer - 登录游戏成功,当前对象存在----------2017/9/19 10:51:21
2017-09-19 11:02:25,366 [20] DEBUG LISTServer - 登陆sssionID--------9ec60aa5-afdf-40ab-85aa-1a3adaa5ed4d
2017-09-19 11:02:25,366 [20] DEBUG LISTServer - 登录游戏----------2017/9/19 11:02:25
2017-09-19 11:02:25,694 [8] DEBUG LISTServer - 登陆sssionID--------09d811b4-7c25-45aa-9fdf-85ec91cd4476
2017-09-19 11:02:25,694 [8] DEBUG LISTServer - 登录游戏----------2017/9/19 11:02:25
2017-09-19 11:02:25,975 [8] DEBUG LISTServer - 登录用户openid:弗拉基米尔|昵称:弗拉基米尔----------2017/9/19 11:02:25
2017-09-19 11:02:26,053 [20] DEBUG LISTServer - 登录用户openid:瑶哥大帅逼|昵称:瑶哥大帅逼----------2017/9/19 11:02:26
2017-09-19 11:02:27,397 [8] DEBUG LISTServer - 登录游戏成功,当前对象存在----------2017/9/19 11:02:27
2017-09-19 11:02:27,772 [20] DEBUG LISTServer - 登录游戏成功----------2017/9/19 11:02:27
2017-09-19 11:03:20,911 [8] DEBUG LISTServer - 登陆sssionID--------f563c518-1975-4754-a209-eacb446a5566
2017-09-19 11:03:20,911 [8] DEBUG LISTServer - 登录游戏----------2017/9/19 11:03:20
2017-09-19 11:03:21,161 [8] DEBUG LISTServer - 登录用户openid:17da9228849df8ed9400ca4e907dca8c776081ad|昵称:17da9228849df8ed9400ca4e907dca8c776081ad----------2017/9/19 11:03:21
2017-09-19 11:03:22,505 [8] DEBUG LISTServer - 登录游戏成功,当前对象存在----------2017/9/19 11:03:22
2017-09-19 11:04:20,208 [20] DEBUG LISTServer - 登陆sssionID--------76e9da05-41ab-428e-8ebf-6d416ca43a69
2017-09-19 11:04:20,208 [20] DEBUG LISTServer - 登录游戏----------2017/9/19 11:04:20
2017-09-19 11:04:20,411 [20] DEBUG LISTServer - 登录用户openid:瑶哥大帅逼|昵称:瑶哥大帅逼----------2017/9/19 11:04:20
2017-09-19 11:04:21,786 [20] DEBUG LISTServer - 登录游戏成功,当前对象存在----------2017/9/19 11:04:21
2017-09-19 11:06:28,339 [13] DEBUG LISTServer - 登陆sssionID--------c6cc9635-7e08-4167-ac32-306421f031d8
2017-09-19 11:06:28,339 [13] DEBUG LISTServer - 登录游戏----------2017/9/19 11:06:28
2017-09-19 11:06:28,651 [13] DEBUG LISTServer - 登录用户openid:弗拉基米尔|昵称:弗拉基米尔----------2017/9/19 11:06:28
2017-09-19 11:06:30,074 [13] DEBUG LISTServer - 登录游戏成功,当前对象存在----------2017/9/19 11:06:30
2017-09-19 11:08:20,272 [8] DEBUG LISTServer - 登陆sssionID--------35de78d6-5b5f-4fcb-a115-3988c7aeacb3
2017-09-19 11:08:20,272 [8] DEBUG LISTServer - 登录游戏----------2017/9/19 11:08:20
2017-09-19 11:08:20,490 [8] DEBUG LISTServer - 登录用户openid:弗拉基米尔|昵称:弗拉基米尔----------2017/9/19 11:08:20
2017-09-19 11:08:21,865 [8] DEBUG LISTServer - 登录游戏成功,当前对象存在----------2017/9/19 11:08:21
2017-09-19 11:10:33,518 [35] DEBUG LISTServer - 登陆sssionID--------f3e9f3c8-0775-4508-8916-a99764d12fc0
2017-09-19 11:10:33,518 [35] DEBUG LISTServer - 登录游戏----------2017/9/19 11:10:33
2017-09-19 11:10:33,799 [35] DEBUG LISTServer - 登录用户openid:弗拉基米尔|昵称:弗拉基米尔----------2017/9/19 11:10:33
2017-09-19 11:10:35,268 [35] DEBUG LISTServer - 登录游戏成功,当前对象存在----------2017/9/19 11:10:35
2017-09-19 11:17:30,702 [20] DEBUG LISTServer - 登陆sssionID--------1ee43351-69d3-47d7-8b24-27e7f4d5e1f4
2017-09-19 11:17:30,702 [20] DEBUG LISTServer - 登录游戏----------2017/9/19 11:17:30
2017-09-19 11:17:30,999 [20] DEBUG LISTServer - 登录用户openid:弗拉基米尔|昵称:弗拉基米尔----------2017/9/19 11:17:30
2017-09-19 11:17:32,608 [20] DEBUG LISTServer - 登录游戏成功,当前对象存在----------2017/9/19 11:17:32
2017-09-19 11:18:29,833 [35] DEBUG LISTServer - 登陆sssionID--------fc17b7f6-ad8e-4bfc-893e-814ae2c44e85
2017-09-19 11:18:29,833 [35] DEBUG LISTServer - 登录游戏----------2017/9/19 11:18:29
2017-09-19 11:18:29,896 [35] DEBUG LISTServer - 登录用户openid:弗拉基米尔|昵称:弗拉基米尔----------2017/9/19 11:18:29
2017-09-19 11:18:31,224 [35] DEBUG LISTServer - 登录游戏成功,当前对象存在----------2017/9/19 11:18:31
2017-09-19 11:18:38,314 [8] DEBUG LISTServer - 登陆sssionID--------f015dd31-75fd-49ec-977d-3b74535ff393
2017-09-19 11:18:38,314 [8] DEBUG LISTServer - 登录游戏----------2017/9/19 11:18:38
2017-09-19 11:18:38,361 [8] DEBUG LISTServer - 登录用户openid:弗拉基米尔|昵称:弗拉基米尔----------2017/9/19 11:18:38
2017-09-19 11:18:39,627 [8] DEBUG LISTServer - 登录游戏成功,当前对象存在----------2017/9/19 11:18:39
2017-09-19 11:23:26,870 [13] DEBUG LISTServer - 登陆sssionID--------c1150604-58a1-45ad-94d7-eed2cd40009f
2017-09-19 11:23:26,870 [13] DEBUG LISTServer - 登录游戏----------2017/9/19 11:23:26
2017-09-19 11:23:27,198 [13] DEBUG LISTServer - 登录用户openid:弗拉基米尔|昵称:弗拉基米尔----------2017/9/19 11:23:27
2017-09-19 11:23:28,417 [13] DEBUG LISTServer - 登录游戏成功,当前对象存在----------2017/9/19 11:23:28
2017-09-19 11:28:05,701 [8] DEBUG LISTServer - 登陆sssionID--------763048dd-8f3a-4a54-8683-84af9647d0a4
2017-09-19 11:28:05,701 [8] DEBUG LISTServer - 登录游戏----------2017/9/19 11:28:05
2017-09-19 11:28:05,998 [8] DEBUG LISTServer - 登录用户openid:弗拉基米尔|昵称:弗拉基米尔----------2017/9/19 11:28:05
2017-09-19 11:28:07,420 [8] DEBUG LISTServer - 登录游戏成功,当前对象存在----------2017/9/19 11:28:07
2017-09-19 11:34:52,511 [13] DEBUG LISTServer - 登陆sssionID--------cbf91607-c46c-4bf6-bf8b-5906227f9e9b
2017-09-19 11:34:52,511 [13] DEBUG LISTServer - 登录游戏----------2017/9/19 11:34:52
2017-09-19 11:34:52,777 [13] DEBUG LISTServer - 登录用户openid:弗拉基米尔|昵称:弗拉基米尔----------2017/9/19 11:34:52
2017-09-19 11:34:54,074 [13] DEBUG LISTServer - 登录游戏成功,当前对象存在----------2017/9/19 11:34:54
2017-09-19 11:55:12,569 [20] DEBUG LISTServer - 登陆sssionID--------5833fb5e-377a-48e6-be7d-ccc1a6bf84a7
2017-09-19 11:55:12,569 [20] DEBUG LISTServer - 登录游戏----------2017/9/19 11:55:12
2017-09-19 11:55:12,882 [20] DEBUG LISTServer - 登录用户openid:弗拉基米尔|昵称:弗拉基米尔----------2017/9/19 11:55:12
2017-09-19 11:55:14,210 [20] DEBUG LISTServer - 登录游戏成功,当前对象存在----------2017/9/19 11:55:14
2017-09-19 12:00:27,497 [20] DEBUG LISTServer - 登陆sssionID--------c35fe542-320e-4a38-ab58-1a0333ca568d
2017-09-19 12:00:27,497 [20] DEBUG LISTServer - 登录游戏----------2017/9/19 12:00:27
2017-09-19 12:00:27,936 [20] DEBUG LISTServer - 登录用户openid:弗拉基米尔|昵称:弗拉基米尔----------2017/9/19 12:00:27
2017-09-19 12:00:29,278 [20] DEBUG LISTServer - 登录游戏成功,当前对象存在----------2017/9/19 12:00:29
2017-09-19 12:00:56,767 [13] DEBUG LISTServer - 登陆sssionID--------c78027f8-cb54-4bcd-aaf1-f6a4500305ca
2017-09-19 12:00:56,767 [13] DEBUG LISTServer - 登录游戏----------2017/9/19 12:00:56
2017-09-19 12:00:56,814 [13] DEBUG LISTServer - 登录用户openid:弗拉基米尔|昵称:弗拉基米尔----------2017/9/19 12:00:56
2017-09-19 12:00:58,258 [13] DEBUG LISTServer - 登录游戏成功,当前对象存在----------2017/9/19 12:00:58
2017-09-19 12:04:46,061 [13] DEBUG LISTServer - 登陆sssionID--------c44c6f5f-ab44-48db-a850-3eb7e7362039
2017-09-19 12:04:46,061 [13] DEBUG LISTServer - 登录游戏----------2017/9/19 12:04:46
2017-09-19 12:04:46,467 [13] DEBUG LISTServer - 登录用户openid:弗拉基米尔|昵称:弗拉基米尔----------2017/9/19 12:04:46
2017-09-19 12:04:47,819 [13] DEBUG LISTServer - 登录游戏成功,当前对象存在----------2017/9/19 12:04:47
2017-09-19 12:45:51,048 [49] DEBUG LISTServer - 登陆sssionID--------6071f238-9362-414b-93aa-c24a9218780c
2017-09-19 12:45:51,048 [49] DEBUG LISTServer - 登录游戏----------2017/9/19 12:45:51
2017-09-19 12:45:51,516 [49] DEBUG LISTServer - 登录用户openid:弗拉基米尔|昵称:弗拉基米尔----------2017/9/19 12:45:51
2017-09-19 12:45:53,123 [49] DEBUG LISTServer - 登录游戏成功,当前对象存在----------2017/9/19 12:45:53
2017-09-19 13:29:57,621 [8] DEBUG LISTServer - 登陆sssionID--------d4089030-d8cf-4373-9aea-1297e0f9c306
2017-09-19 13:29:57,621 [8] DEBUG LISTServer - 登录游戏----------2017/9/19 13:29:57
2017-09-19 13:29:58,085 [8] DEBUG LISTServer - 登录用户openid:弗拉基米尔|昵称:弗拉基米尔----------2017/9/19 13:29:58
2017-09-19 13:29:59,841 [8] DEBUG LISTServer - 登录游戏成功,当前对象存在----------2017/9/19 13:29:59
2017-09-19 13:30:12,159 [13] DEBUG LISTServer - 登陆sssionID--------862cf916-8e39-4c11-878a-ea58a9e62c4e
2017-09-19 13:30:12,159 [13] DEBUG LISTServer - 登录游戏----------2017/9/19 13:30:12
2017-09-19 13:30:12,774 [13] DEBUG LISTServer - 登录用户openid:17da9228849df8ed9400ca4e907dca8c776081ad|昵称:17da9228849df8ed9400ca4e907dca8c776081ad----------2017/9/19 13:30:12
2017-09-19 13:30:14,202 [13] DEBUG LISTServer - 登录游戏成功,当前对象存在----------2017/9/19 13:30:14
2017-09-19 13:37:19,927 [49] DEBUG LISTServer - 登陆sssionID--------d0e29323-fa9b-4aeb-9cc1-2344b4c2a9af
2017-09-19 13:37:19,927 [49] DEBUG LISTServer - 登录游戏----------2017/9/19 13:37:19
2017-09-19 13:37:20,282 [49] DEBUG LISTServer - 登录用户openid:弗拉基米尔|昵称:弗拉基米尔----------2017/9/19 13:37:20
2017-09-19 13:37:21,839 [49] DEBUG LISTServer - 登录游戏成功,当前对象存在----------2017/9/19 13:37:21
2017-09-19 13:50:56,757 [13] DEBUG LISTServer - 登陆sssionID--------83a2639e-a986-4eed-bb6d-15729c12c41a
2017-09-19 13:50:56,757 [13] DEBUG LISTServer - 登录游戏----------2017/9/19 13:50:56
2017-09-19 13:50:57,104 [13] DEBUG LISTServer - 登录用户openid:弗拉基米尔|昵称:弗拉基米尔----------2017/9/19 13:50:57
2017-09-19 13:50:58,468 [13] DEBUG LISTServer - 登录游戏成功,当前对象存在----------2017/9/19 13:50:58
2017-09-19 13:54:04,401 [13] DEBUG LISTServer - 登陆sssionID--------61535e54-3324-4716-a253-6aa270f13fee
2017-09-19 13:54:04,401 [13] DEBUG LISTServer - 登录游戏----------2017/9/19 13:54:04
2017-09-19 13:54:04,723 [13] DEBUG LISTServer - 登录用户openid:弗拉基米尔|昵称:弗拉基米尔----------2017/9/19 13:54:04
2017-09-19 13:54:05,982 [13] DEBUG LISTServer - 登录游戏成功,当前对象存在----------2017/9/19 13:54:05
2017-09-19 13:54:16,032 [49] DEBUG LISTServer - 登陆sssionID--------6c5386b9-dd25-4c18-9b19-91bfdbf99c3c
2017-09-19 13:54:16,032 [49] DEBUG LISTServer - 登录游戏----------2017/9/19 13:54:16
2017-09-19 13:54:16,617 [49] DEBUG LISTServer - 登录用户openid:17da9228849df8ed9400ca4e907dca8c776081ad|昵称:17da9228849df8ed9400ca4e907dca8c776081ad----------2017/9/19 13:54:16
2017-09-19 13:54:17,985 [49] DEBUG LISTServer - 登录游戏成功,当前对象存在----------2017/9/19 13:54:17
2017-09-19 13:57:41,387 [31] DEBUG LISTServer - 登陆sssionID--------e24dac5d-6a69-4354-b3c1-4d91d3d3007a
2017-09-19 13:57:41,387 [31] DEBUG LISTServer - 登录游戏----------2017/9/19 13:57:41
2017-09-19 13:57:41,677 [31] DEBUG LISTServer - 登录用户openid:弗拉基米尔|昵称:弗拉基米尔----------2017/9/19 13:57:41
2017-09-19 13:57:42,964 [31] DEBUG LISTServer - 登录游戏成功,当前对象存在----------2017/9/19 13:57:42
2017-09-19 13:58:04,486 [31] DEBUG LISTServer - 登陆sssionID--------bb68b741-7132-403f-88be-2ac7225f7072
2017-09-19 13:58:04,486 [31] DEBUG LISTServer - 登录游戏----------2017/9/19 13:58:04
2017-09-19 13:58:04,545 [31] DEBUG LISTServer - 登录用户openid:弗拉基米尔|昵称:弗拉基米尔----------2017/9/19 13:58:04
2017-09-19 13:58:06,192 [31] DEBUG LISTServer - 登录游戏成功,当前对象存在----------2017/9/19 13:58:06
2017-09-19 14:05:11,033 [8] DEBUG LISTServer - 登陆sssionID--------bfab5b1c-be4f-4fd0-a348-7222f779a32b
2017-09-19 14:05:11,033 [8] DEBUG LISTServer - 登录游戏----------2017/9/19 14:05:11
2017-09-19 14:05:11,772 [8] DEBUG LISTServer - 登录用户openid:17da9228849df8ed9400ca4e907dca8c776081ad|昵称:17da9228849df8ed9400ca4e907dca8c776081ad----------2017/9/19 14:05:11
2017-09-19 14:05:13,136 [8] DEBUG LISTServer - 登录游戏成功,当前对象存在----------2017/9/19 14:05:13
2017-09-19 14:15:57,009 [13] DEBUG LISTServer - 登陆sssionID--------0c635823-33d7-4762-995a-379fe6ba9915
2017-09-19 14:15:57,009 [13] DEBUG LISTServer - 登录游戏----------2017/9/19 14:15:57
2017-09-19 14:15:57,415 [13] DEBUG LISTServer - 登录用户openid:弗拉基米尔|昵称:弗拉基米尔----------2017/9/19 14:15:57
2017-09-19 14:15:58,846 [13] DEBUG LISTServer - 登录游戏成功,当前对象存在----------2017/9/19 14:15:58
2017-09-19 14:16:09,161 [31] DEBUG LISTServer - 登陆sssionID--------b4b6f1b2-d710-43a7-825c-ae4adec8c4c9
2017-09-19 14:16:09,161 [31] DEBUG LISTServer - 登录游戏----------2017/9/19 14:16:09
2017-09-19 14:16:09,754 [31] DEBUG LISTServer - 登录用户openid:17da9228849df8ed9400ca4e907dca8c776081ad|昵称:17da9228849df8ed9400ca4e907dca8c776081ad----------2017/9/19 14:16:09
2017-09-19 14:16:11,241 [31] DEBUG LISTServer - 登录游戏成功,当前对象存在----------2017/9/19 14:16:11
2017-09-19 14:34:12,992 [31] DEBUG LISTServer - 登陆sssionID--------dcdfad40-d5d3-4165-aece-2f989b56c8c3
2017-09-19 14:34:12,992 [31] DEBUG LISTServer - 登录游戏----------2017/9/19 14:34:12
2017-09-19 14:34:13,257 [31] DEBUG LISTServer - 登录用户openid:弗拉基米尔|昵称:弗拉基米尔----------2017/9/19 14:34:13
2017-09-19 14:34:14,625 [31] DEBUG LISTServer - 登录游戏成功,当前对象存在----------2017/9/19 14:34:14
2017-09-19 14:41:17,144 [8] DEBUG LISTServer - 登陆sssionID--------fdb049c4-844a-45a4-b78b-5c8053f161ff
2017-09-19 14:41:17,144 [8] DEBUG LISTServer - 登录游戏----------2017/9/19 14:41:17
2017-09-19 14:41:17,473 [8] DEBUG LISTServer - 登录用户openid:弗拉基米尔|昵称:弗拉基米尔----------2017/9/19 14:41:17
2017-09-19 14:41:19,035 [8] DEBUG LISTServer - 登录游戏成功,当前对象存在----------2017/9/19 14:41:19
2017-09-19 14:47:58,370 [49] DEBUG LISTServer - 登陆sssionID--------77808ea7-af42-44a4-9eea-3933af4be73a
2017-09-19 14:47:58,370 [49] DEBUG LISTServer - 登录游戏----------2017/9/19 14:47:58
2017-09-19 14:47:58,712 [49] DEBUG LISTServer - 登录用户openid:弗拉基米尔|昵称:弗拉基米尔----------2017/9/19 14:47:58
2017-09-19 14:48:00,134 [49] DEBUG LISTServer - 登录游戏成功,当前对象存在----------2017/9/19 14:48:00
2017-09-19 14:50:06,358 [8] DEBUG LISTServer - 登陆sssionID--------a4e67800-8035-4f0e-97ab-d371a80a4b54
2017-09-19 14:50:06,358 [8] DEBUG LISTServer - 登录游戏----------2017/9/19 14:50:06
2017-09-19 14:50:06,712 [8] DEBUG LISTServer - 登录用户openid:弗拉基米尔|昵称:弗拉基米尔----------2017/9/19 14:50:06
2017-09-19 14:50:08,204 [8] DEBUG LISTServer - 登录游戏成功,当前对象存在----------2017/9/19 14:50:08
2017-09-19 14:50:11,320 [8] DEBUG LISTServer - 登陆sssionID--------99f123f6-e520-4cb4-bf28-69154470ae3e
2017-09-19 14:50:11,320 [8] DEBUG LISTServer - 登录游戏----------2017/9/19 14:50:11
2017-09-19 14:50:11,880 [8] DEBUG LISTServer - 登录用户openid:17da9228849df8ed9400ca4e907dca8c776081ad|昵称:17da9228849df8ed9400ca4e907dca8c776081ad----------2017/9/19 14:50:11
2017-09-19 14:50:13,262 [8] DEBUG LISTServer - 登录游戏成功,当前对象存在----------2017/9/19 14:50:13
2017-09-19 14:51:24,947 [13] DEBUG LISTServer - 登陆sssionID--------78dc5810-4219-4232-b492-cf8cd2e7ae26
2017-09-19 14:51:24,947 [13] DEBUG LISTServer - 登录游戏----------2017/9/19 14:51:24
2017-09-19 14:51:25,184 [13] DEBUG LISTServer - 登录用户openid:弗拉基米尔|昵称:弗拉基米尔----------2017/9/19 14:51:25
2017-09-19 14:51:26,428 [13] DEBUG LISTServer - 登录游戏成功,当前对象存在----------2017/9/19 14:51:26
2017-09-19 14:52:21,580 [8] DEBUG LISTServer - 登陆sssionID--------c78c82a0-3ded-4db4-a04b-38f68f0765e7
2017-09-19 14:52:21,580 [8] DEBUG LISTServer - 登录游戏----------2017/9/19 14:52:21
2017-09-19 14:52:21,641 [8] DEBUG LISTServer - 登录用户openid:弗拉基米尔|昵称:弗拉基米尔----------2017/9/19 14:52:21
2017-09-19 14:52:23,091 [8] DEBUG LISTServer - 登录游戏成功,当前对象存在----------2017/9/19 14:52:23
2017-09-19 14:57:33,980 [8] DEBUG LISTServer - 登陆sssionID--------8e860fce-3ab5-4ff5-97f5-25d92759a89e
2017-09-19 14:57:33,980 [8] DEBUG LISTServer - 登录游戏----------2017/9/19 14:57:33
2017-09-19 14:57:34,310 [8] DEBUG LISTServer - 登录用户openid:弗拉基米尔|昵称:弗拉基米尔----------2017/9/19 14:57:34
2017-09-19 14:57:35,459 [8] DEBUG LISTServer - 登录游戏成功,当前对象存在----------2017/9/19 14:57:35
2017-09-19 15:02:13,158 [13] DEBUG LISTServer - 登陆sssionID--------903f2aa7-0308-4bc7-a1a2-657ec144fc8c
2017-09-19 15:02:13,158 [13] DEBUG LISTServer - 登录游戏----------2017/9/19 15:02:13
2017-09-19 15:02:13,557 [13] DEBUG LISTServer - 登录用户openid:弗拉基米尔|昵称:弗拉基米尔----------2017/9/19 15:02:13
2017-09-19 15:02:14,885 [13] DEBUG LISTServer - 登录游戏成功,当前对象存在----------2017/9/19 15:02:14
2017-09-19 15:07:29,730 [8] DEBUG LISTServer - 登陆sssionID--------5f52eea1-f1ac-4506-8366-460cf2020edb
2017-09-19 15:07:29,730 [8] DEBUG LISTServer - 登录游戏----------2017/9/19 15:07:29
2017-09-19 15:07:30,439 [8] DEBUG LISTServer - 登录用户openid:13cdd4e572743f204c3335c7376a4711|昵称:测试用户dd4e572743f204c3335c7376a4711----------2017/9/19 15:07:30
2017-09-19 15:07:32,056 [8] DEBUG LISTServer - 登录游戏成功----------2017/9/19 15:07:32
2017-09-19 15:08:51,379 [13] DEBUG LISTServer - 登陆sssionID--------28e749e7-1f86-4c8a-ab1f-fce28b272029
2017-09-19 15:08:51,379 [13] DEBUG LISTServer - 登录游戏----------2017/9/19 15:08:51
2017-09-19 15:08:51,841 [13] DEBUG LISTServer - 登录用户openid:ef2110d6b36f7eca009a60551ab3db1f|昵称:测试用户110d6b36f7eca009a60551ab3db1f----------2017/9/19 15:08:51
2017-09-19 15:08:53,075 [13] DEBUG LISTServer - 登录游戏成功----------2017/9/19 15:08:53
2017-09-19 15:09:53,413 [31] DEBUG LISTServer - 登陆sssionID--------efa25aea-cc24-4cc6-8dad-c100c865cd58
2017-09-19 15:09:53,413 [31] DEBUG LISTServer - 登录游戏----------2017/9/19 15:09:53
2017-09-19 15:09:53,799 [31] DEBUG LISTServer - 登录用户openid:ef2110d6b36f7eca009a60551ab3db1f|昵称:测试用户110d6b36f7eca009a60551ab3db1f----------2017/9/19 15:09:53
2017-09-19 15:09:55,007 [31] DEBUG LISTServer - 登录游戏成功,当前对象存在----------2017/9/19 15:09:55
2017-09-19 15:13:38,594 [49] DEBUG LISTServer - 登陆sssionID--------1225b63c-949d-4bd7-8875-e883c49de65d
2017-09-19 15:13:38,594 [49] DEBUG LISTServer - 登录游戏----------2017/9/19 15:13:38
2017-09-19 15:13:39,373 [49] DEBUG LISTServer - 登录用户openid:13cdd4e572743f204c3335c7376a4711|昵称:测试用户dd4e572743f204c3335c7376a4711----------2017/9/19 15:13:39
2017-09-19 15:13:40,619 [49] DEBUG LISTServer - 登录游戏成功,当前对象存在----------2017/9/19 15:13:40
2017-09-19 15:13:41,959 [49] DEBUG LISTServer - 登陆sssionID--------c47e106f-1b7e-4da6-9c3a-a1dbc404c88d
2017-09-19 15:13:41,959 [49] DEBUG LISTServer - 登录游戏----------2017/9/19 15:13:41
2017-09-19 15:13:42,116 [49] DEBUG LISTServer - 登录用户openid:ef2110d6b36f7eca009a60551ab3db1f|昵称:测试用户110d6b36f7eca009a60551ab3db1f----------2017/9/19 15:13:42
2017-09-19 15:13:43,491 [49] DEBUG LISTServer - 登录游戏成功,当前对象存在----------2017/9/19 15:13:43
2017-09-19 15:16:49,690 [31] DEBUG LISTServer - 登陆sssionID--------dd06426c-deb7-4097-adc1-cc5973070444
2017-09-19 15:16:49,690 [31] DEBUG LISTServer - 登录游戏----------2017/9/19 15:16:49
2017-09-19 15:16:50,517 [31] DEBUG LISTServer - 登录用户openid:3130aae9a399050326ff9c27332a9079|昵称:测试用户0aae9a399050326ff9c27332a9079----------2017/9/19 15:16:50
2017-09-19 15:16:51,884 [31] DEBUG LISTServer - 登录游戏成功----------2017/9/19 15:16:51
2017-09-19 15:21:54,870 [49] DEBUG LISTServer - 登陆sssionID--------90fa2c8d-5b87-48b5-8627-167f48575a78
2017-09-19 15:21:54,870 [49] DEBUG LISTServer - 登录游戏----------2017/9/19 15:21:54
2017-09-19 15:21:55,687 [49] DEBUG LISTServer - 登录用户openid:17da9228849df8ed9400ca4e907dca8c776081ad|昵称:测试用户a9228849df8ed9400ca4e907dca8c776081ad----------2017/9/19 15:21:55
2017-09-19 15:21:56,307 [13] DEBUG LISTServer - 登陆sssionID--------c00c7f28-5596-4988-9d94-4d9a33fc87b9
2017-09-19 15:21:56,307 [13] DEBUG LISTServer - 登录游戏----------2017/9/19 15:21:56
2017-09-19 15:21:56,475 [13] DEBUG LISTServer - 登录用户openid:弗拉基米尔|昵称:弗拉基米尔----------2017/9/19 15:21:56
2017-09-19 15:21:56,887 [49] DEBUG LISTServer - 登录游戏成功,当前对象存在----------2017/9/19 15:21:56
2017-09-19 15:21:57,810 [13] DEBUG LISTServer - 登录游戏成功,当前对象存在----------2017/9/19 15:21:57
2017-09-19 15:28:06,775 [13] DEBUG LISTServer - 登陆sssionID--------fc8b630f-86ec-4c36-95d1-37bb5ae1bafa
2017-09-19 15:28:06,775 [13] DEBUG LISTServer - 登录游戏----------2017/9/19 15:28:06
2017-09-19 15:28:07,505 [13] DEBUG LISTServer - 登录用户openid:17da9228849df8ed9400ca4e907dca8c776081ad|昵称:测试用户a9228849df8ed9400ca4e907dca8c776081ad----------2017/9/19 15:28:07
2017-09-19 15:28:08,806 [13] DEBUG LISTServer - 登录游戏成功,当前对象存在----------2017/9/19 15:28:08
2017-09-19 15:30:05,324 [8] DEBUG LISTServer - 登陆sssionID--------a551db6f-2958-4cd5-9337-55ef693c662f
2017-09-19 15:30:05,325 [8] DEBUG LISTServer - 登录游戏----------2017/9/19 15:30:05
2017-09-19 15:30:05,617 [8] DEBUG LISTServer - 登录用户openid:弗拉基米尔|昵称:弗拉基米尔----------2017/9/19 15:30:05
2017-09-19 15:30:06,816 [8] DEBUG LISTServer - 登录游戏成功,当前对象存在----------2017/9/19 15:30:06
2017-09-19 15:30:08,016 [8] DEBUG LISTServer - 登陆sssionID--------de579a2d-13cc-4ac5-b473-280b9e414234
2017-09-19 15:30:08,016 [8] DEBUG LISTServer - 登录游戏----------2017/9/19 15:30:08
2017-09-19 15:30:08,506 [8] DEBUG LISTServer - 登录用户openid:17da9228849df8ed9400ca4e907dca8c776081ad|昵称:测试用户a9228849df8ed9400ca4e907dca8c776081ad----------2017/9/19 15:30:08
2017-09-19 15:30:09,802 [8] DEBUG LISTServer - 登录游戏成功,当前对象存在----------2017/9/19 15:30:09
2017-09-19 15:31:08,975 [17] DEBUG LISTServer - 登陆sssionID--------89c7a8e1-6edc-448a-897e-425f18094ad5
2017-09-19 15:31:08,975 [17] DEBUG LISTServer - 登录游戏----------2017/9/19 15:31:08
2017-09-19 15:31:09,319 [17] DEBUG LISTServer - 登录用户openid:17da9228849df8ed9400ca4e907dca8c776081ad|昵称:测试用户a9228849df8ed9400ca4e907dca8c776081ad----------2017/9/19 15:31:09
2017-09-19 15:31:10,700 [17] DEBUG LISTServer - 登录游戏成功,当前对象存在----------2017/9/19 15:31:10
2017-09-19 15:31:13,903 [31] DEBUG LISTServer - 登陆sssionID--------7538d694-2a72-45bd-8a2b-b2b18d129a94
2017-09-19 15:31:13,903 [31] DEBUG LISTServer - 登录游戏----------2017/9/19 15:31:13
2017-09-19 15:31:14,041 [31] DEBUG LISTServer - 登录用户openid:ef2110d6b36f7eca009a60551ab3db1f|昵称:测试用户110d6b36f7eca009a60551ab3db1f----------2017/9/19 15:31:14
2017-09-19 15:31:15,346 [31] DEBUG LISTServer - 登录游戏成功,当前对象存在----------2017/9/19 15:31:15
2017-09-19 15:35:30,333 [17] DEBUG LISTServer - 登陆sssionID--------1c06952c-febb-40b8-8073-0926eb59cd29
2017-09-19 15:35:30,333 [17] DEBUG LISTServer - 登录游戏----------2017/9/19 15:35:30
2017-09-19 15:35:30,998 [17] DEBUG LISTServer - 登录用户openid:3130aae9a399050326ff9c27332a9079|昵称:测试用户0aae9a399050326ff9c27332a9079----------2017/9/19 15:35:30
2017-09-19 15:35:32,361 [17] DEBUG LISTServer - 登录游戏成功,当前对象存在----------2017/9/19 15:35:32
2017-09-19 15:35:57,155 [31] DEBUG LISTServer - 登陆sssionID--------ef736644-9adc-498a-a710-3b12e2afd961
2017-09-19 15:35:57,155 [31] DEBUG LISTServer - 登录游戏----------2017/9/19 15:35:57
2017-09-19 15:35:57,399 [31] DEBUG LISTServer - 登录用户openid:17da9228849df8ed9400ca4e907dca8c776081ad|昵称:测试用户a9228849df8ed9400ca4e907dca8c776081ad----------2017/9/19 15:35:57
2017-09-19 15:35:58,685 [31] DEBUG LISTServer - 登录游戏成功,当前对象存在----------2017/9/19 15:35:58
2017-09-19 15:36:00,300 [13] DEBUG LISTServer - 登陆sssionID--------ca41bd71-623e-40f6-bd18-51f19525c9be
2017-09-19 15:36:00,300 [13] DEBUG LISTServer - 登录游戏----------2017/9/19 15:36:00
2017-09-19 15:36:00,411 [13] DEBUG LISTServer - 登录用户openid:弗拉基米尔|昵称:弗拉基米尔----------2017/9/19 15:36:00
2017-09-19 15:36:01,759 [13] DEBUG LISTServer - 登录游戏成功,当前对象存在----------2017/9/19 15:36:01
2017-09-19 15:37:43,636 [17] DEBUG LISTServer - 登陆sssionID--------7de13f32-c78e-406e-b9e4-1783bcd781dd
2017-09-19 15:37:43,636 [17] DEBUG LISTServer - 登录游戏----------2017/9/19 15:37:43
2017-09-19 15:37:44,197 [17] DEBUG LISTServer - 登录用户openid:ba9888ce2db1bd530ba845f3283b7b0a|昵称:测试用户888ce2db1bd530ba845f3283b7b0a----------2017/9/19 15:37:44
2017-09-19 15:37:45,793 [17] DEBUG LISTServer - 登录游戏成功----------2017/9/19 15:37:45
2017-09-19 15:39:56,090 [31] DEBUG LISTServer - 登陆sssionID--------e8e1d5fb-af23-4665-b540-73cf262b3d1d
2017-09-19 15:39:56,090 [31] DEBUG LISTServer - 登录游戏----------2017/9/19 15:39:56
2017-09-19 15:39:56,809 [31] DEBUG LISTServer - 登录用户openid:3130aae9a399050326ff9c27332a9079|昵称:测试用户0aae9a399050326ff9c27332a9079----------2017/9/19 15:39:56
2017-09-19 15:39:58,101 [31] DEBUG LISTServer - 登录游戏成功,当前对象存在----------2017/9/19 15:39:58
2017-09-19 15:53:47,441 [8] DEBUG LISTServer - 登陆sssionID--------9797a8f2-0bd5-4b2f-8b83-9e20fa8774b5
2017-09-19 15:53:47,441 [8] DEBUG LISTServer - 登录游戏----------2017/9/19 15:53:47
2017-09-19 15:53:48,215 [8] DEBUG LISTServer - 登录用户openid:17da9228849df8ed9400ca4e907dca8c776081ad|昵称:测试用户a9228849df8ed9400ca4e907dca8c776081ad----------2017/9/19 15:53:48
2017-09-19 15:53:49,565 [8] DEBUG LISTServer - 登录游戏成功,当前对象存在----------2017/9/19 15:53:49
2017-09-19 15:57:03,460 [13] DEBUG LISTServer - 登陆sssionID--------e36d14c1-d819-4e00-887e-ec08c266d51e
2017-09-19 15:57:03,460 [13] DEBUG LISTServer - 登录游戏----------2017/9/19 15:57:03
2017-09-19 15:57:03,752 [13] DEBUG LISTServer - 登录用户openid:弗拉基米尔|昵称:弗拉基米尔----------2017/9/19 15:57:03
2017-09-19 15:57:05,132 [13] DEBUG LISTServer - 登录游戏成功,当前对象存在----------2017/9/19 15:57:05
2017-09-19 15:59:47,865 [17] DEBUG LISTServer - 登陆sssionID--------03c2e83d-4373-44dd-8b52-1cdb97e37494
2017-09-19 15:59:47,865 [17] DEBUG LISTServer - 登录游戏----------2017/9/19 15:59:47
2017-09-19 15:59:48,536 [17] DEBUG LISTServer - 登录用户openid:17da9228849df8ed9400ca4e907dca8c776081ad|昵称:测试用户a9228849df8ed9400ca4e907dca8c776081ad----------2017/9/19 15:59:48
2017-09-19 15:59:49,911 [17] DEBUG LISTServer - 登录游戏成功,当前对象存在----------2017/9/19 15:59:49
2017-09-19 16:00:45,559 [17] DEBUG LISTServer - 登陆sssionID--------c82293df-64e9-48aa-affe-e04e045c85f5
2017-09-19 16:00:45,559 [17] DEBUG LISTServer - 登录游戏----------2017/9/19 16:00:45
2017-09-19 16:00:45,862 [17] DEBUG LISTServer - 登录用户openid:ba9888ce2db1bd530ba845f3283b7b0a|昵称:测试用户888ce2db1bd530ba845f3283b7b0a----------2017/9/19 16:00:45
2017-09-19 16:00:47,319 [17] DEBUG LISTServer - 登录游戏成功,当前对象存在----------2017/9/19 16:00:47
2017-09-19 16:01:25,237 [17] DEBUG LISTServer - 登陆sssionID--------4bf68347-254e-4968-abce-026f27513173
2017-09-19 16:01:25,237 [17] DEBUG LISTServer - 登录游戏----------2017/9/19 16:01:25
2017-09-19 16:01:25,362 [17] DEBUG LISTServer - 登录用户openid:弗拉基米尔|昵称:弗拉基米尔----------2017/9/19 16:01:25
2017-09-19 16:01:26,800 [17] DEBUG LISTServer - 登录游戏成功,当前对象存在----------2017/9/19 16:01:26
2017-09-19 16:13:22,361 [34] DEBUG LISTServer - 登陆sssionID--------27a8fb33-5d3c-4b72-963f-87543c08e40d
2017-09-19 16:13:22,361 [34] DEBUG LISTServer - 登录游戏----------2017/9/19 16:13:22
2017-09-19 16:13:22,698 [34] DEBUG LISTServer - 登录用户openid:弗拉基米尔|昵称:弗拉基米尔----------2017/9/19 16:13:22
2017-09-19 16:13:24,052 [34] DEBUG LISTServer - 登录游戏成功,当前对象存在----------2017/9/19 16:13:24
2017-09-19 16:13:54,920 [34] DEBUG LISTServer - 登陆sssionID--------04cf60fd-a6fe-407d-88ac-c47549488cc7
2017-09-19 16:13:54,920 [34] DEBUG LISTServer - 登录游戏----------2017/9/19 16:13:54
2017-09-19 16:13:55,801 [34] DEBUG LISTServer - 登录用户openid:17da9228849df8ed9400ca4e907dca8c776081ad|昵称:测试用户a9228849df8ed9400ca4e907dca8c776081ad----------2017/9/19 16:13:55
2017-09-19 16:13:57,067 [34] DEBUG LISTServer - 登录游戏成功,当前对象存在----------2017/9/19 16:13:57
2017-09-19 16:26:26,108 [17] DEBUG LISTServer - 登陆sssionID--------d2ebc44a-a95d-47b4-8e85-36b6fea40656
2017-09-19 16:26:26,108 [17] DEBUG LISTServer - 登录游戏----------2017/9/19 16:26:26
2017-09-19 16:26:26,435 [17] DEBUG LISTServer - 登录用户openid:弗拉基米尔|昵称:弗拉基米尔----------2017/9/19 16:26:26
2017-09-19 16:26:27,725 [17] DEBUG LISTServer - 登录游戏成功,当前对象存在----------2017/9/19 16:26:27
2017-09-19 16:26:50,365 [13] DEBUG LISTServer - 登陆sssionID--------6df3141a-514c-4a64-9c06-67471900710d
2017-09-19 16:26:50,365 [13] DEBUG LISTServer - 登录游戏----------2017/9/19 16:26:50
2017-09-19 16:26:50,859 [13] DEBUG LISTServer - 登录用户openid:17da9228849df8ed9400ca4e907dca8c776081ad|昵称:测试用户a9228849df8ed9400ca4e907dca8c776081ad----------2017/9/19 16:26:50
2017-09-19 16:26:52,313 [13] DEBUG LISTServer - 登录游戏成功,当前对象存在----------2017/9/19 16:26:52
2017-09-19 16:31:39,360 [8] DEBUG LISTServer - 登陆sssionID--------c2c6e750-0986-4ae3-b400-b6554127ebf9
2017-09-19 16:31:39,360 [8] DEBUG LISTServer - 登录游戏----------2017/9/19 16:31:39
2017-09-19 16:31:43,172 [8] DEBUG LISTServer - 登录用户openid:弗拉基米尔|昵称:弗拉基米尔----------2017/9/19 16:31:43
2017-09-19 16:31:44,674 [8] DEBUG LISTServer - 登录游戏成功,当前对象存在----------2017/9/19 16:31:44
2017-09-19 16:34:41,584 [17] DEBUG LISTServer - 登陆sssionID--------02808470-ad25-41d4-a71f-f33e32cda5c0
2017-09-19 16:34:41,584 [17] DEBUG LISTServer - 登录游戏----------2017/9/19 16:34:41
2017-09-19 16:34:42,029 [17] DEBUG LISTServer - 登录用户openid:弗拉基米尔|昵称:弗拉基米尔----------2017/9/19 16:34:42
2017-09-19 16:34:43,382 [17] DEBUG LISTServer - 登录游戏成功,当前对象存在----------2017/9/19 16:34:43
2017-09-19 16:37:23,547 [34] DEBUG LISTServer - 登陆sssionID--------8f4a2b6e-31a9-422c-a966-df2066c3d2fd
2017-09-19 16:37:23,547 [34] DEBUG LISTServer - 登录游戏----------2017/9/19 16:37:23
2017-09-19 16:37:23,896 [34] DEBUG LISTServer - 登录用户openid:弗拉基米尔|昵称:弗拉基米尔----------2017/9/19 16:37:23
2017-09-19 16:37:25,269 [34] DEBUG LISTServer - 登录游戏成功,当前对象存在----------2017/9/19 16:37:25
2017-09-19 16:41:13,456 [8] DEBUG LISTServer - 登陆sssionID--------879ba18e-e1c1-455a-a278-68ff0b0b8e42
2017-09-19 16:41:13,456 [8] DEBUG LISTServer - 登录游戏----------2017/9/19 16:41:13
2017-09-19 16:41:13,735 [8] DEBUG LISTServer - 登录用户openid:弗拉基米尔|昵称:弗拉基米尔----------2017/9/19 16:41:13
2017-09-19 16:41:15,097 [8] DEBUG LISTServer - 登录游戏成功,当前对象存在----------2017/9/19 16:41:15
2017-09-19 17:10:45,635 [34] DEBUG LISTServer - 登陆sssionID--------ca21f833-3d26-407b-ab92-11bb06783de5
2017-09-19 17:10:45,635 [34] DEBUG LISTServer - 登录游戏----------2017/9/19 17:10:45
2017-09-19 17:10:46,061 [34] DEBUG LISTServer - 登录用户openid:弗拉基米尔|昵称:弗拉基米尔----------2017/9/19 17:10:46
2017-09-19 17:10:47,392 [34] DEBUG LISTServer - 登录游戏成功,当前对象存在----------2017/9/19 17:10:47
2017-09-19 17:13:45,435 [17] DEBUG LISTServer - 登陆sssionID--------52f8f97b-b490-45f0-ad47-eda8b3954188
2017-09-19 17:13:45,435 [17] DEBUG LISTServer - 登录游戏----------2017/9/19 17:13:45
2017-09-19 17:13:45,855 [17] DEBUG LISTServer - 登录用户openid:弗拉基米尔|昵称:弗拉基米尔----------2017/9/19 17:13:45
2017-09-19 17:13:47,298 [17] DEBUG LISTServer - 登录游戏成功,当前对象存在----------2017/9/19 17:13:47
2017-09-19 17:18:49,394 [13] DEBUG LISTServer - 登陆sssionID--------dfb869bd-2330-4cb8-b72b-427d5e8b002f
2017-09-19 17:18:49,394 [13] DEBUG LISTServer - 登录游戏----------2017/9/19 17:18:49
2017-09-19 17:18:50,165 [13] DEBUG LISTServer - 登录用户openid:17da9228849df8ed9400ca4e907dca8c776081ad|昵称:测试用户a9228849df8ed9400ca4e907dca8c776081ad----------2017/9/19 17:18:50
2017-09-19 17:18:51,874 [13] DEBUG LISTServer - 登录游戏成功,当前对象存在----------2017/9/19 17:18:51
2017-09-19 17:18:55,351 [17] DEBUG LISTServer - 登陆sssionID--------1b103ab3-f523-4cbc-bd09-657882d8bff0
2017-09-19 17:18:55,351 [17] DEBUG LISTServer - 登录游戏----------2017/9/19 17:18:55
2017-09-19 17:18:55,491 [17] DEBUG LISTServer - 登录用户openid:弗拉基米尔|昵称:弗拉基米尔----------2017/9/19 17:18:55
2017-09-19 17:18:56,786 [17] DEBUG LISTServer - 登录游戏成功,当前对象存在----------2017/9/19 17:18:56
2017-09-19 17:19:52,280 [13] DEBUG LISTServer - 登陆sssionID--------c5ef4537-2045-42f1-bf32-03d6178cf9d7
2017-09-19 17:19:52,280 [13] DEBUG LISTServer - 登录游戏----------2017/9/19 17:19:52
2017-09-19 17:19:52,546 [13] DEBUG LISTServer - 登录用户openid:17da9228849df8ed9400ca4e907dca8c776081ad|昵称:测试用户a9228849df8ed9400ca4e907dca8c776081ad----------2017/9/19 17:19:52
2017-09-19 17:19:53,846 [13] DEBUG LISTServer - 登录游戏成功,当前对象存在----------2017/9/19 17:19:53
2017-09-19 17:24:49,068 [8] DEBUG LISTServer - 登陆sssionID--------4afc961f-dca1-4b48-893d-41d32740bae2
2017-09-19 17:24:49,068 [8] DEBUG LISTServer - 登录游戏----------2017/9/19 17:24:49
2017-09-19 17:24:49,326 [8] DEBUG LISTServer - 登录用户openid:弗拉基米尔|昵称:弗拉基米尔----------2017/9/19 17:24:49
2017-09-19 17:25:25,921 [8] DEBUG LISTServer - 登录游戏成功,当前对象存在----------2017/9/19 17:25:25
2017-09-19 17:27:40,296 [1] DEBUG DefaultBootstrap - The server instance LISTServer has been created!
2017-09-19 17:27:40,396 [1] DEBUG LISTServer - The command 11020(ListBLL.Logic.GameOperation) has been discovered
2017-09-19 17:27:40,396 [1] DEBUG LISTServer - The command 10001(ListBLL.Logic.Heartbeat) has been discovered
2017-09-19 17:27:40,396 [1] DEBUG LISTServer - The command 11001(ListBLL.Logic.Login) has been discovered
2017-09-19 17:27:40,397 [1] DEBUG LISTServer - The command 19003(ListBLL.Logic.UserGamePlaybackLogic) has been discovered
2017-09-19 17:27:40,397 [1] DEBUG LISTServer - The command 19001(ListBLL.Logic.UserRecordLogic) has been discovered
2017-09-19 17:27:40,412 [1] DEBUG DefaultBootstrap - The server instance LISTServer has been initialized!
2017-09-19 17:27:41,409 [1] DEBUG DefaultBootstrap - The PerformanceMonitor has been initialized!
2017-09-19 17:27:41,409 [1] DEBUG DefaultBootstrap - The Bootstrap has been initialized!
2017-09-19 17:27:41,421 [1] DEBUG LISTServer - Listener (0.0.0.0:2018) was started
2017-09-19 17:27:41,425 [1] DEBUG DefaultBootstrap - The PerformanceMonitor has been started!
2017-09-19 17:27:58,279 [13] DEBUG LISTServer - 登陆sssionID--------ebaf2751-f38c-4fea-a0f1-159558f4196b
2017-09-19 17:27:58,279 [13] DEBUG LISTServer - 登录游戏----------2017/9/19 17:27:58
2017-09-19 17:27:59,382 [13] DEBUG LISTServer - 登录用户openid:弗拉基米尔|昵称:弗拉基米尔----------2017/9/19 17:27:59
2017-09-19 17:28:01,351 [13] DEBUG LISTServer - 登录游戏成功----------2017/9/19 17:28:01
2017-09-19 17:28:05,138 [12] DEBUG LISTServer - 登陆sssionID--------2bfc3d06-cc80-43ca-91f1-ef9d03300e1d
2017-09-19 17:28:05,138 [12] DEBUG LISTServer - 登录游戏----------2017/9/19 17:28:05
2017-09-19 17:28:05,859 [12] DEBUG LISTServer - 登录用户openid:17da9228849df8ed9400ca4e907dca8c776081ad|昵称:测试用户a9228849df8ed9400ca4e907dca8c776081ad----------2017/9/19 17:28:05
2017-09-19 17:28:07,167 [12] DEBUG LISTServer - 登录游戏成功----------2017/9/19 17:28:07
2017-09-19 17:29:17,581 [13] DEBUG LISTServer - 登陆sssionID--------5d4faddf-2197-43d4-ae2b-62b84ab4e126
2017-09-19 17:29:17,581 [13] DEBUG LISTServer - 登录游戏----------2017/9/19 17:29:17
2017-09-19 17:29:17,802 [13] DEBUG LISTServer - 登录用户openid:弗拉基米尔|昵称:弗拉基米尔----------2017/9/19 17:29:17
2017-09-19 17:29:19,234 [13] DEBUG LISTServer - 登录游戏成功,当前对象存在----------2017/9/19 17:29:19
2017-09-19 17:30:31,516 [7] DEBUG LISTServer - 登陆sssionID--------39c6cd9d-3e73-4c2c-a23d-84cf25d65799
2017-09-19 17:30:31,516 [7] DEBUG LISTServer - 登录游戏----------2017/9/19 17:30:31
2017-09-19 17:30:32,077 [7] DEBUG LISTServer - 登录用户openid:弗拉基米尔|昵称:弗拉基米尔----------2017/9/19 17:30:32
2017-09-19 17:30:33,325 [7] DEBUG LISTServer - 登录游戏成功,当前对象存在----------2017/9/19 17:30:33
2017-09-19 17:31:15,567 [13] DEBUG LISTServer - 登陆sssionID--------b96c23a4-e364-4ce1-a63d-af404029345e
2017-09-19 17:31:15,567 [13] DEBUG LISTServer - 登录游戏----------2017/9/19 17:31:15
2017-09-19 17:31:15,643 [13] DEBUG LISTServer - 登录用户openid:弗拉基米尔|昵称:弗拉基米尔----------2017/9/19 17:31:15
2017-09-19 17:31:16,920 [13] DEBUG LISTServer - 登录游戏成功,当前对象存在----------2017/9/19 17:31:16
2017-09-19 17:33:27,270 [7] DEBUG LISTServer - 登陆sssionID--------c6515849-dc3a-41bd-b254-115c57c905bc
2017-09-19 17:33:27,270 [7] DEBUG LISTServer - 登录游戏----------2017/9/19 17:33:27
2017-09-19 17:33:27,700 [7] DEBUG LISTServer - 登录用户openid:弗拉基米尔|昵称:弗拉基米尔----------2017/9/19 17:33:27
2017-09-19 17:33:28,907 [7] DEBUG LISTServer - 登录游戏成功,当前对象存在----------2017/9/19 17:33:28
2017-09-19 17:33:51,294 [13] DEBUG LISTServer - 登陆sssionID--------5818dcfb-7bf6-4494-abbe-5a554b44489d
2017-09-19 17:33:51,294 [13] DEBUG LISTServer - 登录游戏----------2017/9/19 17:33:51
2017-09-19 17:33:51,770 [13] DEBUG LISTServer - 登录用户openid:瑶哥大帅逼|昵称:瑶哥大帅逼----------2017/9/19 17:33:51
2017-09-19 17:33:53,076 [13] DEBUG LISTServer - 登录游戏成功----------2017/9/19 17:33:53
2017-09-19 17:34:34,220 [25] DEBUG LISTServer - 登陆sssionID--------cbfd2477-2e14-44c8-8f41-7655c77c631e
2017-09-19 17:34:34,220 [25] DEBUG LISTServer - 登录游戏----------2017/9/19 17:34:34
2017-09-19 17:34:34,280 [25] DEBUG LISTServer - 登录用户openid:弗拉基米尔|昵称:弗拉基米尔----------2017/9/19 17:34:34
2017-09-19 17:34:35,483 [25] DEBUG LISTServer - 登录游戏成功,当前对象存在----------2017/9/19 17:34:35
2017-09-19 17:36:59,486 [7] DEBUG LISTServer - 登陆sssionID--------f62caa7e-5eb5-43f0-879b-43484373db4c
2017-09-19 17:36:59,486 [7] DEBUG LISTServer - 登录游戏----------2017/9/19 17:36:59
2017-09-19 17:36:59,766 [7] DEBUG LISTServer - 登录用户openid:弗拉基米尔|昵称:弗拉基米尔----------2017/9/19 17:36:59
2017-09-19 17:37:01,132 [7] DEBUG LISTServer - 登录游戏成功,当前对象存在----------2017/9/19 17:37:01
2017-09-19 17:38:24,763 [13] DEBUG LISTServer - 登陆sssionID--------b3d239ac-305b-410a-bdd4-0c4979ad55a8
2017-09-19 17:38:24,763 [13] DEBUG LISTServer - 登录游戏----------2017/9/19 17:38:24
2017-09-19 17:38:24,852 [13] DEBUG LISTServer - 登录用户openid:弗拉基米尔|昵称:弗拉基米尔----------2017/9/19 17:38:24
2017-09-19 17:38:25,794 [13] DEBUG LISTServer - 登录游戏成功,当前对象存在----------2017/9/19 17:38:25
2017-09-19 17:40:52,066 [1] DEBUG DefaultBootstrap - The server instance LISTServer has been created!
2017-09-19 17:40:52,157 [1] DEBUG LISTServer - The command 11020(ListBLL.Logic.GameOperation) has been discovered
2017-09-19 17:40:52,157 [1] DEBUG LISTServer - The command 10001(ListBLL.Logic.Heartbeat) has been discovered
2017-09-19 17:40:52,157 [1] DEBUG LISTServer - The command 11001(ListBLL.Logic.Login) has been discovered
2017-09-19 17:40:52,157 [1] DEBUG LISTServer - The command 19003(ListBLL.Logic.UserGamePlaybackLogic) has been discovered
2017-09-19 17:40:52,157 [1] DEBUG LISTServer - The command 19001(ListBLL.Logic.UserRecordLogic) has been discovered
2017-09-19 17:40:52,174 [1] DEBUG DefaultBootstrap - The server instance LISTServer has been initialized!
2017-09-19 17:40:53,167 [1] DEBUG DefaultBootstrap - The PerformanceMonitor has been initialized!
2017-09-19 17:40:53,167 [1] DEBUG DefaultBootstrap - The Bootstrap has been initialized!
2017-09-19 17:40:53,177 [1] DEBUG LISTServer - Listener (0.0.0.0:2018) was started
2017-09-19 17:40:53,181 [1] DEBUG DefaultBootstrap - The PerformanceMonitor has been started!
2017-09-19 17:41:28,539 [8] DEBUG LISTServer - 登陆sssionID--------0e6b0074-1833-436d-9ef8-f58d7366fe0d
2017-09-19 17:41:28,539 [8] DEBUG LISTServer - 登录游戏----------2017/9/19 17:41:28
2017-09-19 17:41:29,297 [8] DEBUG LISTServer - 登录用户openid:弗拉基米尔|昵称:弗拉基米尔----------2017/9/19 17:41:29
2017-09-19 17:41:31,064 [8] DEBUG LISTServer - 登录游戏成功----------2017/9/19 17:41:31
2017-09-19 17:41:34,212 [7] DEBUG LISTServer - 登陆sssionID--------f27d2ac8-1b67-4f4f-b4d4-6d7862f95f54
2017-09-19 17:41:34,213 [7] DEBUG LISTServer - 登录游戏----------2017/9/19 17:41:34
2017-09-19 17:41:34,757 [7] DEBUG LISTServer - 登录用户openid:17da9228849df8ed9400ca4e907dca8c776081ad|昵称:测试用户a9228849df8ed9400ca4e907dca8c776081ad----------2017/9/19 17:41:34
2017-09-19 17:41:36,071 [7] DEBUG LISTServer - 登录游戏成功----------2017/9/19 17:41:36
2017-09-19 17:43:43,319 [1] DEBUG DefaultBootstrap - The server instance LISTServer has been created!
2017-09-19 17:43:43,410 [1] DEBUG LISTServer - The command 11020(ListBLL.Logic.GameOperation) has been discovered
2017-09-19 17:43:43,410 [1] DEBUG LISTServer - The command 10001(ListBLL.Logic.Heartbeat) has been discovered
2017-09-19 17:43:43,410 [1] DEBUG LISTServer - The command 11001(ListBLL.Logic.Login) has been discovered
2017-09-19 17:43:43,410 [1] DEBUG LISTServer - The command 19003(ListBLL.Logic.UserGamePlaybackLogic) has been discovered
2017-09-19 17:43:43,410 [1] DEBUG LISTServer - The command 19001(ListBLL.Logic.UserRecordLogic) has been discovered
2017-09-19 17:43:43,425 [1] DEBUG DefaultBootstrap - The server instance LISTServer has been initialized!
2017-09-19 17:43:44,422 [1] DEBUG DefaultBootstrap - The PerformanceMonitor has been initialized!
2017-09-19 17:43:44,422 [1] DEBUG DefaultBootstrap - The Bootstrap has been initialized!
2017-09-19 17:43:44,434 [1] DEBUG LISTServer - Listener (0.0.0.0:2018) was started
2017-09-19 17:43:44,438 [1] DEBUG DefaultBootstrap - The PerformanceMonitor has been started!
2017-09-19 17:43:56,394 [7] DEBUG LISTServer - 登陆sssionID--------9f4e9360-cda6-4a5d-9c66-d1fde323fa3a
2017-09-19 17:43:56,394 [7] DEBUG LISTServer - 登录游戏----------2017/9/19 17:43:56
2017-09-19 17:43:57,268 [7] DEBUG LISTServer - 登录用户openid:17da9228849df8ed9400ca4e907dca8c776081ad|昵称:测试用户a9228849df8ed9400ca4e907dca8c776081ad----------2017/9/19 17:43:57
2017-09-19 17:43:59,137 [7] DEBUG LISTServer - 登录游戏成功----------2017/9/19 17:43:59
2017-09-19 17:44:04,278 [7] DEBUG LISTServer - 登陆sssionID--------83d343d5-d9f7-4d6f-bc89-115ce288d017
2017-09-19 17:44:04,278 [7] DEBUG LISTServer - 登录游戏----------2017/9/19 17:44:04
2017-09-19 17:44:04,422 [7] DEBUG LISTServer - 登录用户openid:弗拉基米尔|昵称:弗拉基米尔----------2017/9/19 17:44:04
2017-09-19 17:44:05,788 [7] DEBUG LISTServer - 登录游戏成功----------2017/9/19 17:44:05
2017-09-19 17:50:52,683 [25] DEBUG LISTServer - 登陆sssionID--------2a727d8b-42e4-4ac1-a3ef-c30b76c6d2da
2017-09-19 17:50:52,683 [25] DEBUG LISTServer - 登录游戏----------2017/9/19 17:50:52
2017-09-19 17:50:53,112 [25] DEBUG LISTServer - 登录用户openid:弗拉基米尔|昵称:弗拉基米尔----------2017/9/19 17:50:53
2017-09-19 17:50:54,462 [25] DEBUG LISTServer - 登录游戏成功,当前对象存在----------2017/9/19 17:50:54
2017-09-19 17:52:09,326 [25] DEBUG LISTServer - 登陆sssionID--------731edab1-69ed-461e-a070-afc68a973476
2017-09-19 17:52:09,326 [25] DEBUG LISTServer - 登录游戏----------2017/9/19 17:52:09
2017-09-19 17:52:09,607 [25] DEBUG LISTServer - 登录用户openid:弗拉基米尔|昵称:弗拉基米尔----------2017/9/19 17:52:09
2017-09-19 17:52:10,911 [25] DEBUG LISTServer - 登录游戏成功,当前对象存在----------2017/9/19 17:52:10
2017-09-19 18:03:47,507 [8] DEBUG LISTServer - 登陆sssionID--------b3328ce2-831d-422d-9aca-46045f17cc58
2017-09-19 18:03:47,507 [8] DEBUG LISTServer - 登录游戏----------2017/9/19 18:03:47
2017-09-19 18:03:47,985 [8] DEBUG LISTServer - 登录用户openid:弗拉基米尔|昵称:弗拉基米尔----------2017/9/19 18:03:47
2017-09-19 18:03:49,437 [8] DEBUG LISTServer - 登录游戏成功,当前对象存在----------2017/9/19 18:03:49
2017-09-19 18:05:37,489 [7] DEBUG LISTServer - 登陆sssionID--------7fa9dc2a-ac67-4963-95ad-de885f7580b7
2017-09-19 18:05:37,489 [7] DEBUG LISTServer - 登录游戏----------2017/9/19 18:05:37
2017-09-19 18:05:37,815 [7] DEBUG LISTServer - 登录用户openid:弗拉基米尔|昵称:弗拉基米尔----------2017/9/19 18:05:37
2017-09-19 18:05:39,184 [7] DEBUG LISTServer - 登录游戏成功,当前对象存在----------2017/9/19 18:05:39
2017-09-19 18:06:19,359 [7] DEBUG LISTServer - 登陆sssionID--------5a812715-1c59-4c16-893a-ed97a7013e73
2017-09-19 18:06:19,359 [7] DEBUG LISTServer - 登录游戏----------2017/9/19 18:06:19
2017-09-19 18:06:20,040 [7] DEBUG LISTServer - 登录用户openid:17da9228849df8ed9400ca4e907dca8c776081ad|昵称:测试用户a9228849df8ed9400ca4e907dca8c776081ad----------2017/9/19 18:06:20
2017-09-19 18:06:21,440 [7] DEBUG LISTServer - 登录游戏成功,当前对象存在----------2017/9/19 18:06:21
2017-09-19 18:13:36,107 [25] DEBUG LISTServer - 登陆sssionID--------f3494758-3747-4710-ac8e-80f0a1309f35
2017-09-19 18:13:36,107 [25] DEBUG LISTServer - 登录游戏----------2017/9/19 18:13:36
2017-09-19 18:13:36,972 [25] DEBUG LISTServer - 登录用户openid:瑶哥大帅逼|昵称:瑶哥大帅逼----------2017/9/19 18:13:36
2017-09-19 18:13:38,332 [25] DEBUG LISTServer - 登录游戏成功----------2017/9/19 18:13:38
2017-09-19 18:14:13,777 [25] DEBUG LISTServer - 登陆sssionID--------59dd3af6-b3b8-49b6-8b0b-5e7f3a584d79
2017-09-19 18:14:13,777 [25] DEBUG LISTServer - 登录游戏----------2017/9/19 18:14:13
2017-09-19 18:14:14,035 [25] DEBUG LISTServer - 登录用户openid:弗拉基米尔|昵称:弗拉基米尔----------2017/9/19 18:14:14
2017-09-19 18:14:15,267 [25] DEBUG LISTServer - 登录游戏成功,当前对象存在----------2017/9/19 18:14:15
2017-09-19 18:15:30,056 [11] DEBUG LISTServer - 登陆sssionID--------b9b99104-eac7-43ea-9150-b591236eb835
2017-09-19 18:15:30,056 [11] DEBUG LISTServer - 登录游戏----------2017/9/19 18:15:30
2017-09-19 18:15:30,366 [11] DEBUG LISTServer - 登录用户openid:本杰明|昵称:本杰明----------2017/9/19 18:15:30
2017-09-19 18:15:32,129 [11] DEBUG LISTServer - 登录游戏成功----------2017/9/19 18:15:32
2017-09-19 18:17:44,616 [9] DEBUG LISTServer - 登陆sssionID--------12da1e9e-3559-461c-a98c-c17e9bf0abde
2017-09-19 18:17:44,616 [9] DEBUG LISTServer - 登录游戏----------2017/9/19 18:17:44
2017-09-19 18:17:44,931 [9] DEBUG LISTServer - 登录用户openid:弗拉基米尔|昵称:弗拉基米尔----------2017/9/19 18:17:44
2017-09-19 18:17:46,232 [9] DEBUG LISTServer - 登录游戏成功,当前对象存在----------2017/9/19 18:17:46
2017-09-19 18:17:49,376 [11] DEBUG LISTServer - 登陆sssionID--------3a709e1c-0d87-4555-832b-4e17e560fe85
2017-09-19 18:17:49,376 [11] DEBUG LISTServer - 登录游戏----------2017/9/19 18:17:49
2017-09-19 18:17:49,887 [11] DEBUG LISTServer - 登录用户openid:本杰明|昵称:本杰明----------2017/9/19 18:17:49
2017-09-19 18:17:51,276 [11] DEBUG LISTServer - 登录游戏成功,当前对象存在----------2017/9/19 18:17:51
2017-09-19 18:20:45,677 [9] DEBUG LISTServer - 登陆sssionID--------db732d81-8e34-41ef-bb59-85c456a11996
2017-09-19 18:20:45,677 [9] DEBUG LISTServer - 登录游戏----------2017/9/19 18:20:45
2017-09-19 18:20:46,397 [9] DEBUG LISTServer - 登录用户openid:本杰明|昵称:本杰明----------2017/9/19 18:20:46
2017-09-19 18:20:47,726 [9] DEBUG LISTServer - 登录游戏成功,当前对象存在----------2017/9/19 18:20:47
2017-09-19 18:24:14,141 [7] DEBUG LISTServer - 登陆sssionID--------13f89d4e-aa82-4d96-870e-38aa1dda5db5
2017-09-19 18:24:14,141 [7] DEBUG LISTServer - 登录游戏----------2017/9/19 18:24:14
2017-09-19 18:24:15,094 [7] DEBUG LISTServer - 登录用户openid:本杰明|昵称:本杰明----------2017/9/19 18:24:15
2017-09-19 18:24:16,386 [7] DEBUG LISTServer - 登录游戏成功,当前对象存在----------2017/9/19 18:24:16
2017-09-19 18:25:03,627 [9] DEBUG LISTServer - 登陆sssionID--------f0367dd7-09a5-4c74-940b-65be24c35b33
2017-09-19 18:25:03,627 [9] DEBUG LISTServer - 登录游戏----------2017/9/19 18:25:03
2017-09-19 18:25:03,913 [9] DEBUG LISTServer - 登录用户openid:本杰明333we|昵称:本杰明333we----------2017/9/19 18:25:03
2017-09-19 18:25:05,337 [9] DEBUG LISTServer - 登录游戏成功----------2017/9/19 18:25:05
2017-09-19 18:28:32,887 [25] DEBUG LISTServer - 登陆sssionID--------7f358fb1-df86-499b-811a-0c74b3fe1ba2
2017-09-19 18:28:32,887 [25] DEBUG LISTServer - 登录游戏----------2017/9/19 18:28:32
2017-09-19 18:28:33,583 [25] DEBUG LISTServer - 登录用户openid:本杰明333we|昵称:本杰明333we----------2017/9/19 18:28:33
2017-09-19 18:28:34,778 [25] DEBUG LISTServer - 登录游戏成功,当前对象存在----------2017/9/19 18:28:34
2017-09-19 18:30:16,400 [9] DEBUG LISTServer - 登陆sssionID--------ef18e2c9-4cf8-4cdf-b636-2336c746ce46
2017-09-19 18:30:16,400 [9] DEBUG LISTServer - 登录游戏----------2017/9/19 18:30:16
2017-09-19 18:30:16,985 [9] DEBUG LISTServer - 登录用户openid:本杰明333we|昵称:本杰明333we----------2017/9/19 18:30:16
2017-09-19 18:30:18,362 [9] DEBUG LISTServer - 登录游戏成功,当前对象存在----------2017/9/19 18:30:18
2017-09-19 18:30:51,895 [25] DEBUG LISTServer - 登陆sssionID--------99ef88b0-f4fa-4242-a7d3-e610a863a2cd
2017-09-19 18:30:51,895 [25] DEBUG LISTServer - 登录游戏----------2017/9/19 18:30:51
2017-09-19 18:30:52,080 [25] DEBUG LISTServer - 登录用户openid:本杰明333we|昵称:本杰明333we----------2017/9/19 18:30:52
2017-09-19 18:30:53,556 [25] DEBUG LISTServer - 登录游戏成功,当前对象存在----------2017/9/19 18:30:53
2017-09-19 18:33:39,845 [11] DEBUG LISTServer - 登陆sssionID--------c4002bca-6ba9-4e2e-825c-c3a13f3d0e81
2017-09-19 18:33:39,845 [11] DEBUG LISTServer - 登录游戏----------2017/9/19 18:33:39
2017-09-19 18:33:40,539 [11] DEBUG LISTServer - 登录用户openid:本杰明333we|昵称:本杰明333we----------2017/9/19 18:33:40
2017-09-19 18:33:42,059 [11] DEBUG LISTServer - 登录游戏成功,当前对象存在----------2017/9/19 18:33:42
2017-09-19 18:34:17,959 [25] DEBUG LISTServer - 登陆sssionID--------2615554c-f116-401d-a608-43cdbf2d32f4
2017-09-19 18:34:17,959 [25] DEBUG LISTServer - 登录游戏----------2017/9/19 18:34:17
2017-09-19 18:34:18,194 [25] DEBUG LISTServer - 登录用户openid:瑶哥大帅逼|昵称:瑶哥大帅逼----------2017/9/19 18:34:18
2017-09-19 18:34:19,713 [25] DEBUG LISTServer - 登录游戏成功,当前对象存在----------2017/9/19 18:34:19
2017-09-19 18:34:32,217 [25] DEBUG LISTServer - 登陆sssionID--------5216368f-dd0e-4ad3-9e52-787b9e1a0cdf
2017-09-19 18:34:32,218 [25] DEBUG LISTServer - 登录游戏----------2017/9/19 18:34:32
2017-09-19 18:34:32,428 [25] DEBUG LISTServer - 登录用户openid:本杰明333we|昵称:本杰明333we----------2017/9/19 18:34:32
2017-09-19 18:34:33,884 [25] DEBUG LISTServer - 登录游戏成功,当前对象存在----------2017/9/19 18:34:33
2017-09-19 18:35:29,487 [25] DEBUG LISTServer - 登陆sssionID--------84492cf3-ed55-43dc-b62c-bc5e04fe7295
2017-09-19 18:35:29,487 [25] DEBUG LISTServer - 登录游戏----------2017/9/19 18:35:29
2017-09-19 18:35:29,842 [25] DEBUG LISTServer - 登录用户openid:瑶哥大帅逼|昵称:瑶哥大帅逼----------2017/9/19 18:35:29
2017-09-19 18:35:31,296 [25] DEBUG LISTServer - 登录游戏成功,当前对象存在----------2017/9/19 18:35:31
2017-09-19 18:35:37,299 [11] DEBUG LISTServer - 登陆sssionID--------f25a8c19-b3f1-484e-ba77-122b0f4245af
2017-09-19 18:35:37,299 [11] DEBUG LISTServer - 登录游戏----------2017/9/19 18:35:37
2017-09-19 18:35:37,512 [11] DEBUG LISTServer - 登录用户openid:本杰明33223we|昵称:本杰明33223we----------2017/9/19 18:35:37
2017-09-19 18:35:38,777 [11] DEBUG LISTServer - 登录游戏成功----------2017/9/19 18:35:38
2017-09-19 18:39:33,957 [25] DEBUG LISTServer - 登陆sssionID--------213c332d-5090-4227-a288-559c3dff4a79
2017-09-19 18:39:33,958 [25] DEBUG LISTServer - 登录游戏----------2017/9/19 18:39:33
2017-09-19 18:39:34,878 [25] DEBUG LISTServer - 登录用户openid:本杰明33223we|昵称:本杰明33223we----------2017/9/19 18:39:34
2017-09-19 18:39:36,389 [25] DEBUG LISTServer - 登录游戏成功,当前对象存在----------2017/9/19 18:39:36
2017-09-19 18:40:43,800 [9] DEBUG LISTServer - 登陆sssionID--------c68d1e1b-5665-4b83-b970-f530ddc9801e
2017-09-19 18:40:43,800 [9] DEBUG LISTServer - 登录游戏----------2017/9/19 18:40:43
2017-09-19 18:40:44,290 [9] DEBUG LISTServer - 登录用户openid:本杰明33222323we|昵称:本杰明33222323we----------2017/9/19 18:40:44
2017-09-19 18:40:45,557 [9] DEBUG LISTServer - 登录游戏成功----------2017/9/19 18:40:45
2017-09-19 18:52:00,981 [9] DEBUG LISTServer - 登陆sssionID--------1642f3f2-c562-405b-bbeb-4cc1f3640bde
2017-09-19 18:52:00,981 [9] DEBUG LISTServer - 登录游戏----------2017/9/19 18:52:00
2017-09-19 18:52:01,757 [9] DEBUG LISTServer - 登录用户openid:本杰11明33222323we|昵称:本杰11明33222323we----------2017/9/19 18:52:01
2017-09-19 18:52:03,422 [9] DEBUG LISTServer - 登录游戏成功----------2017/9/19 18:52:03
2017-09-19 19:01:12,730 [11] DEBUG LISTServer - 登陆sssionID--------c03e7ec9-f39a-4f46-a4b8-de6504a9de54
2017-09-19 19:01:12,730 [11] DEBUG LISTServer - 登录游戏----------2017/9/19 19:01:12
2017-09-19 19:01:13,488 [11] DEBUG LISTServer - 登录用户openid:本杰11明3312222323we|昵称:本杰11明3312222323we----------2017/9/19 19:01:13
2017-09-19 19:01:14,880 [11] DEBUG LISTServer - 登录游戏成功----------2017/9/19 19:01:14
2017-09-19 19:07:48,590 [9] DEBUG LISTServer - 登陆sssionID--------c4c520e1-d0f3-431b-944f-edb6197ba8c6
2017-09-19 19:07:48,590 [9] DEBUG LISTServer - 登录游戏----------2017/9/19 19:07:48
2017-09-19 19:07:49,386 [9] DEBUG LISTServer - 登录用户openid:本杰11明3312222323we|昵称:本杰11明3312222323we----------2017/9/19 19:07:49
2017-09-19 19:07:50,622 [9] DEBUG LISTServer - 登录游戏成功,当前对象存在----------2017/9/19 19:07:50
2017-09-19 19:09:03,925 [11] DEBUG LISTServer - 登陆sssionID--------90351ac7-45bf-4614-ab08-f48678c9fea3
2017-09-19 19:09:03,925 [11] DEBUG LISTServer - 登录游戏----------2017/9/19 19:09:03
2017-09-19 19:09:04,191 [11] DEBUG LISTServer - 登录用户openid:本杰11明3312222323we|昵称:本杰11明3312222323we----------2017/9/19 19:09:04
2017-09-19 19:09:05,541 [11] DEBUG LISTServer - 登录游戏成功,当前对象存在----------2017/9/19 19:09:05
2017-09-19 19:13:44,285 [7] DEBUG LISTServer - 登陆sssionID--------6e36c691-2f16-4926-b189-89b83b52ee42
2017-09-19 19:13:44,285 [7] DEBUG LISTServer - 登录游戏----------2017/9/19 19:13:44
2017-09-19 19:13:45,239 [7] DEBUG LISTServer - 登录用户openid:本杰11明3312222323we|昵称:本杰11明3312222323we----------2017/9/19 19:13:45
2017-09-19 19:13:46,661 [7] DEBUG LISTServer - 登录游戏成功,当前对象存在----------2017/9/19 19:13:46
2017-09-19 19:16:29,703 [25] DEBUG LISTServer - 登陆sssionID--------dc7fb179-d822-4c50-9f37-b8d2fe06279d
2017-09-19 19:16:29,703 [25] DEBUG LISTServer - 登录游戏----------2017/9/19 19:16:29
2017-09-19 19:16:30,404 [25] DEBUG LISTServer - 登录用户openid:本杰11明344312222323we|昵称:本杰11明344312222323we----------2017/9/19 19:16:30
2017-09-19 19:16:31,627 [25] DEBUG LISTServer - 登录游戏成功----------2017/9/19 19:16:31
2017-09-19 19:19:48,067 [11] DEBUG LISTServer - 登陆sssionID--------d30a5aef-d44a-418b-a8b2-fcda3738215a
2017-09-19 19:19:48,067 [11] DEBUG LISTServer - 登录游戏----------2017/9/19 19:19:48
2017-09-19 19:19:48,978 [11] DEBUG LISTServer - 登录用户openid:5406f9da-9605-40fe-854e-3420a0b23c7e|昵称:5406f9da-9605-40fe-854e-3420a0b23c7e----------2017/9/19 19:19:48
2017-09-19 19:19:50,430 [11] DEBUG LISTServer - 登录游戏成功----------2017/9/19 19:19:50
2017-09-19 19:23:29,665 [25] DEBUG LISTServer - 登陆sssionID--------0ebe268b-1f4e-422d-b66d-e9179ece4b3f
2017-09-19 19:23:29,665 [25] DEBUG LISTServer - 登录游戏----------2017/9/19 19:23:29
2017-09-19 19:23:30,563 [25] DEBUG LISTServer - 登录用户openid:c6dfadb8-ece7-4359-9202-d1e5f50982cc|昵称:c6dfadb8-ece7-4359-9202-d1e5f50982cc----------2017/9/19 19:23:30
2017-09-19 19:23:31,904 [25] DEBUG LISTServer - 登录游戏成功----------2017/9/19 19:23:31
2017-09-19 19:29:22,367 [9] DEBUG LISTServer - 登陆sssionID--------c254f426-371e-407d-bedf-47f0257e4c66
2017-09-19 19:29:22,367 [9] DEBUG LISTServer - 登录游戏----------2017/9/19 19:29:22
2017-09-19 19:29:23,282 [9] DEBUG LISTServer - 登录用户openid:5a437ade-844b-4c59-b3db-0ddad1a6bf3b|昵称:5a437ade-844b-4c59-b3db-0ddad1a6bf3b----------2017/9/19 19:29:23
2017-09-19 19:29:24,688 [9] DEBUG LISTServer - 登录游戏成功----------2017/9/19 19:29:24
