2017-12-02 14:02:23,272 [1] DEBUG DefaultBootstrap - The server instance LISTServer has been created!
2017-12-02 14:02:23,697 [1] DEBUG LISTServer - The command 11060(ListBLL.Logic.ApplyRecord) has been discovered
2017-12-02 14:02:23,697 [1] DEBUG LISTServer - The command 11040(ListBLL.Logic.ApplyToJoin) has been discovered
2017-12-02 14:02:23,697 [1] DEBUG LISTServer - The command 11070(ListBLL.Logic.ChangeApplyStatus) has been discovered
2017-12-02 14:02:23,697 [1] DEBUG LISTServer - The command 19005(ListBLL.Logic.Feedback) has been discovered
2017-12-02 14:02:23,697 [1] DEBUG LISTServer - The command 11020(ListBLL.Logic.GameOperation) has been discovered
2017-12-02 14:02:23,697 [1] DEBUG LISTServer - The command 11030(ListBLL.Logic.GetGroupInfo) has been discovered
2017-12-02 14:02:23,698 [1] DEBUG LISTServer - The command 11050(ListBLL.Logic.GroupUsersManager) has been discovered
2017-12-02 14:02:23,698 [1] DEBUG LISTServer - The command 10001(ListBLL.Logic.Heartbeat) has been discovered
2017-12-02 14:02:23,698 [1] DEBUG LISTServer - The command 11080(ListBLL.Logic.LobbyInfo) has been discovered
2017-12-02 14:02:23,698 [1] DEBUG LISTServer - The command 11001(ListBLL.Logic.Login) has been discovered
2017-12-02 14:02:23,698 [1] DEBUG LISTServer - The command 19003(ListBLL.Logic.UserGamePlaybackLogic) has been discovered
2017-12-02 14:02:23,698 [1] DEBUG LISTServer - The command 19001(ListBLL.Logic.UserRecordLogic) has been discovered
2017-12-02 14:02:23,711 [1] DEBUG DefaultBootstrap - The server instance LISTServer has been initialized!
2017-12-02 14:02:24,387 [1] DEBUG DefaultBootstrap - The PerformanceMonitor has been initialized!
2017-12-02 14:02:24,387 [1] DEBUG DefaultBootstrap - The Bootstrap has been initialized!
2017-12-02 14:02:24,410 [1] DEBUG LISTServer - Listener (0.0.0.0:2018) was started
2017-12-02 14:02:24,414 [1] DEBUG DefaultBootstrap - The PerformanceMonitor has been started!
2017-12-02 14:03:29,488 [8] DEBUG LISTServer - 登陆sssionID--------ff88b7cf-e438-4911-b961-b4d37312c76f
2017-12-02 14:03:29,488 [8] DEBUG LISTServer - 登录游戏----------2017/12/2 14:03:29
2017-12-02 14:03:31,047 [8] DEBUG LISTServer - 登录用户openid:c91807097f9ce243ca5ee7df33ff03cf|昵称:测试用户c91----------2017/12/2 14:03:31
2017-12-02 14:30:26,641 [4] DEBUG LISTServer - 登陆sssionID--------be2b6bec-5d09-4915-8e3b-a5c37456629a
2017-12-02 14:30:26,641 [4] DEBUG LISTServer - 登录游戏----------2017/12/2 14:30:26
2017-12-02 14:30:26,802 [4] DEBUG LISTServer - 登录用户openid:18f7aaf7277bef63b80ef9ac1eec4bb1|昵称:测试用户18f----------2017/12/2 14:30:26
2017-12-02 14:33:49,544 [1] DEBUG DefaultBootstrap - The server instance LISTServer has been created!
2017-12-02 14:33:49,942 [1] DEBUG LISTServer - The command 11060(ListBLL.Logic.ApplyRecord) has been discovered
2017-12-02 14:33:49,942 [1] DEBUG LISTServer - The command 11040(ListBLL.Logic.ApplyToJoin) has been discovered
2017-12-02 14:33:49,942 [1] DEBUG LISTServer - The command 11070(ListBLL.Logic.ChangeApplyStatus) has been discovered
2017-12-02 14:33:49,942 [1] DEBUG LISTServer - The command 19005(ListBLL.Logic.Feedback) has been discovered
2017-12-02 14:33:49,942 [1] DEBUG LISTServer - The command 11020(ListBLL.Logic.GameOperation) has been discovered
2017-12-02 14:33:49,942 [1] DEBUG LISTServer - The command 11030(ListBLL.Logic.GetGroupInfo) has been discovered
2017-12-02 14:33:49,942 [1] DEBUG LISTServer - The command 11050(ListBLL.Logic.GroupUsersManager) has been discovered
2017-12-02 14:33:49,942 [1] DEBUG LISTServer - The command 10001(ListBLL.Logic.Heartbeat) has been discovered
2017-12-02 14:33:49,943 [1] DEBUG LISTServer - The command 11080(ListBLL.Logic.LobbyInfo) has been discovered
2017-12-02 14:33:49,943 [1] DEBUG LISTServer - The command 11001(ListBLL.Logic.Login) has been discovered
2017-12-02 14:33:49,943 [1] DEBUG LISTServer - The command 19003(ListBLL.Logic.UserGamePlaybackLogic) has been discovered
2017-12-02 14:33:49,943 [1] DEBUG LISTServer - The command 19001(ListBLL.Logic.UserRecordLogic) has been discovered
2017-12-02 14:33:49,958 [1] DEBUG DefaultBootstrap - The server instance LISTServer has been initialized!
2017-12-02 14:33:51,314 [1] DEBUG DefaultBootstrap - The PerformanceMonitor has been initialized!
2017-12-02 14:33:51,314 [1] DEBUG DefaultBootstrap - The Bootstrap has been initialized!
2017-12-02 14:33:51,341 [1] DEBUG LISTServer - Listener (0.0.0.0:2018) was started
2017-12-02 14:33:51,345 [1] DEBUG DefaultBootstrap - The PerformanceMonitor has been started!
2017-12-02 14:34:31,951 [7] DEBUG LISTServer - 登陆sssionID--------662241b4-c288-44a6-86b7-1d7028062062
2017-12-02 14:34:31,951 [7] DEBUG LISTServer - 登录游戏----------2017/12/2 14:34:31
2017-12-02 14:34:32,572 [7] DEBUG LISTServer - 登录用户openid:c91807097f9ce243ca5ee7df33ff03cf|昵称:测试用户c91----------2017/12/2 14:34:32
2017-12-02 14:34:54,328 [7] DEBUG LISTServer - 登录游戏成功----------2017/12/2 14:34:54
2017-12-02 14:35:22,763 [13] DEBUG LISTServer - 登陆sssionID--------465d36b5-a442-4e6e-907e-2f3bfff6300b
2017-12-02 14:35:22,763 [13] DEBUG LISTServer - 登录游戏----------2017/12/2 14:35:22
2017-12-02 14:35:22,947 [13] DEBUG LISTServer - 登录用户openid:18f7aaf7277bef63b80ef9ac1eec4bb1|昵称:测试用户18f----------2017/12/2 14:35:22
2017-12-02 14:35:44,482 [13] DEBUG LISTServer - 登录游戏成功----------2017/12/2 14:35:44
2017-12-02 14:47:28,772 [7] DEBUG LISTServer - 登陆sssionID--------7a49aa0b-3304-4072-9c01-275e44b8200a
2017-12-02 14:47:28,772 [7] DEBUG LISTServer - 登录游戏----------2017/12/2 14:47:28
2017-12-02 14:47:28,969 [7] DEBUG LISTServer - 登录用户openid:c91807097f9ce243ca5ee7df33ff03cf|昵称:测试用户c91----------2017/12/2 14:47:28
2017-12-02 14:47:30,363 [7] DEBUG LISTServer - 登录游戏成功,当前对象存在----------2017/12/2 14:47:30
2017-12-02 14:47:42,875 [17] DEBUG LISTServer - 登陆sssionID--------90ec4586-cbd4-4ffb-a7f1-95667253eeb7
2017-12-02 14:47:42,875 [17] DEBUG LISTServer - 登录游戏----------2017/12/2 14:47:42
2017-12-02 14:47:42,926 [17] DEBUG LISTServer - 登录用户openid:18f7aaf7277bef63b80ef9ac1eec4bb1|昵称:测试用户18f----------2017/12/2 14:47:42
2017-12-02 14:47:42,947 [17] DEBUG LISTServer - 登录游戏成功,当前对象存在----------2017/12/2 14:47:42
2017-12-02 14:47:51,852 [7] DEBUG LISTServer - 登录游戏成功,当前对象存在----------2017/12/2 14:47:51
2017-12-02 14:48:04,224 [17] DEBUG LISTServer - 登录游戏成功,当前对象存在----------2017/12/2 14:48:04
2017-12-02 15:02:37,777 [7] DEBUG LISTServer - 登陆sssionID--------2f7de6ec-a710-4729-9995-62d6332ed2c4
2017-12-02 15:02:37,778 [7] DEBUG LISTServer - 登录游戏----------2017/12/2 15:02:37
2017-12-02 15:02:38,146 [7] DEBUG LISTServer - 登录用户openid:18f7aaf7277bef63b80ef9ac1eec4bb1|昵称:测试用户18f----------2017/12/2 15:02:38
2017-12-02 15:02:38,210 [7] DEBUG LISTServer - 登录游戏成功,当前对象存在----------2017/12/2 15:02:38
2017-12-02 15:02:38,615 [12] DEBUG LISTServer - 登陆sssionID--------ee011158-76ff-457e-86d9-4212187cd0aa
2017-12-02 15:02:38,615 [12] DEBUG LISTServer - 登录游戏----------2017/12/2 15:02:38
2017-12-02 15:02:38,651 [12] DEBUG LISTServer - 登录用户openid:c91807097f9ce243ca5ee7df33ff03cf|昵称:测试用户c91----------2017/12/2 15:02:38
2017-12-02 15:02:38,727 [12] DEBUG LISTServer - 登录游戏成功,当前对象存在----------2017/12/2 15:02:38
2017-12-02 15:03:00,411 [7] DEBUG LISTServer - 登录游戏成功,当前对象存在----------2017/12/2 15:03:00
2017-12-02 15:03:00,513 [12] DEBUG LISTServer - 登录游戏成功,当前对象存在----------2017/12/2 15:03:00
2017-12-02 15:27:38,311 [7] DEBUG LISTServer - 登陆sssionID--------d61fb0b3-6a07-4efe-86bf-980be0cace7b
2017-12-02 15:27:38,311 [7] DEBUG LISTServer - 登录游戏----------2017/12/2 15:27:38
2017-12-02 15:27:38,778 [7] DEBUG LISTServer - 登录用户openid:18f7aaf7277bef63b80ef9ac1eec4bb1|昵称:测试用户18f----------2017/12/2 15:27:38
2017-12-02 15:27:38,815 [7] DEBUG LISTServer - 登录游戏成功,当前对象存在----------2017/12/2 15:27:38
2017-12-02 15:28:00,422 [7] DEBUG LISTServer - 登录游戏成功,当前对象存在----------2017/12/2 15:28:00
2017-12-02 15:29:23,995 [7] DEBUG LISTServer - 登陆sssionID--------0a4cda51-050c-4516-8151-2c9f39021fbb
2017-12-02 15:29:23,996 [7] DEBUG LISTServer - 登录游戏----------2017/12/2 15:29:23
2017-12-02 15:29:24,047 [7] DEBUG LISTServer - 登录用户openid:c91807097f9ce243ca5ee7df33ff03cf|昵称:测试用户c91----------2017/12/2 15:29:24
2017-12-02 15:29:24,085 [7] DEBUG LISTServer - 登录游戏成功,当前对象存在----------2017/12/2 15:29:24
2017-12-02 15:29:45,228 [7] DEBUG LISTServer - 登录游戏成功,当前对象存在----------2017/12/2 15:29:45
