2017-10-11 09:11:09,490 [1] DEBUG DefaultBootstrap - The server instance LISTServer has been created!
2017-10-11 09:11:09,615 [1] DEBUG LISTServer - The command 11020(ListBLL.Logic.GameOperation) has been discovered
2017-10-11 09:11:09,615 [1] DEBUG LISTServer - The command 10001(ListBLL.Logic.Heartbeat) has been discovered
2017-10-11 09:11:09,615 [1] DEBUG LISTServer - The command 11001(ListBLL.Logic.Login) has been discovered
2017-10-11 09:11:09,615 [1] DEBUG LISTServer - The command 19003(ListBLL.Logic.UserGamePlaybackLogic) has been discovered
2017-10-11 09:11:09,615 [1] DEBUG LISTServer - The command 19001(ListBLL.Logic.UserRecordLogic) has been discovered
2017-10-11 09:11:09,631 [1] DEBUG DefaultBootstrap - The server instance LISTServer has been initialized!
2017-10-11 09:11:10,303 [1] DEBUG DefaultBootstrap - The PerformanceMonitor has been initialized!
2017-10-11 09:11:10,303 [1] DEBUG DefaultBootstrap - The Bootstrap has been initialized!
2017-10-11 09:11:10,303 [1] DEBUG LISTServer - Listener (0.0.0.0:2018) was started
2017-10-11 09:11:10,318 [1] DEBUG DefaultBootstrap - The PerformanceMonitor has been started!
2017-10-11 09:30:36,796 [3] DEBUG LISTServer - 登陆sssionID--------82d9ef9b-e7b5-421a-a018-69edc24c67ec
2017-10-11 09:30:36,796 [3] DEBUG LISTServer - 登录游戏----------2017/10/11 9:30:36
2017-10-11 09:30:38,249 [3] DEBUG LISTServer - 登录用户openid:2be4087248667baee875b4dd4e4e388e|昵称:测试用户2be----------2017/10/11 9:30:38
2017-10-11 09:30:40,218 [3] DEBUG LISTServer - 登录游戏成功----------2017/10/11 9:30:40
2017-10-11 09:31:20,441 [13] DEBUG LISTServer - 登陆sssionID--------b871cff8-8938-49d1-bd37-34f0e60c5fb8
2017-10-11 09:31:20,441 [13] DEBUG LISTServer - 登录游戏----------2017/10/11 9:31:20
2017-10-11 09:31:20,972 [13] DEBUG LISTServer - 登录用户openid:9697486827159f30f5cab73bbab97a1b56966c2a|昵称:测试用户969----------2017/10/11 9:31:20
2017-10-11 09:31:21,754 [13] DEBUG LISTServer - 登录游戏成功----------2017/10/11 9:31:21
2017-10-11 09:53:26,799 [3] DEBUG LISTServer - 登陆sssionID--------b4a1e083-1240-4753-a793-3d31bd377e3c
2017-10-11 09:53:26,799 [3] DEBUG LISTServer - 登录游戏----------2017/10/11 9:53:26
2017-10-11 09:54:05,767 [12] DEBUG LISTServer - 登陆sssionID--------3f7a35db-b3b0-4b6f-9b2f-e193e4a80c2d
2017-10-11 09:54:05,767 [12] DEBUG LISTServer - 登录游戏----------2017/10/11 9:54:05
2017-10-11 09:54:06,503 [12] DEBUG LISTServer - 登录用户openid:9697486827159f30f5cab73bbab97a1b56966c2a|昵称:测试用户969----------2017/10/11 9:54:06
2017-10-11 09:54:12,966 [12] DEBUG LISTServer - 登录游戏成功,当前对象存在----------2017/10/11 9:54:12
2017-10-11 09:54:29,079 [29] DEBUG LISTServer - 登陆sssionID--------cdb31e71-65ef-4568-b51f-52e23e1db814
2017-10-11 09:54:29,079 [29] DEBUG LISTServer - 登录游戏----------2017/10/11 9:54:29
2017-10-11 09:54:29,361 [29] DEBUG LISTServer - 登录用户openid:2be4087248667baee875b4dd4e4e388e|昵称:测试用户2be----------2017/10/11 9:54:29
2017-10-11 09:54:30,401 [29] DEBUG LISTServer - 登录游戏成功,当前对象存在----------2017/10/11 9:54:30
2017-10-11 10:12:20,816 [12] DEBUG LISTServer - 登陆sssionID--------d2df6740-63a8-4e5f-a34e-fb87b41d03b3
2017-10-11 10:12:20,816 [12] DEBUG LISTServer - 登录游戏----------2017/10/11 10:12:20
2017-10-11 10:12:21,408 [12] DEBUG LISTServer - 登录用户openid:9697486827159f30f5cab73bbab97a1b56966c2a|昵称:测试用户969----------2017/10/11 10:12:21
2017-10-11 10:12:22,765 [12] DEBUG LISTServer - 登录游戏成功,当前对象存在----------2017/10/11 10:12:22
2017-10-11 10:12:27,340 [29] DEBUG LISTServer - 登陆sssionID--------0d77df64-f6bc-4bf7-8661-50c827536968
2017-10-11 10:12:27,340 [29] DEBUG LISTServer - 登录游戏----------2017/10/11 10:12:27
2017-10-11 10:12:27,563 [29] DEBUG LISTServer - 登录用户openid:2be4087248667baee875b4dd4e4e388e|昵称:测试用户2be----------2017/10/11 10:12:27
2017-10-11 10:12:28,722 [29] DEBUG LISTServer - 登录游戏成功,当前对象存在----------2017/10/11 10:12:28
2017-10-11 11:01:51,286 [12] DEBUG LISTServer - 登陆sssionID--------1861c3cf-64fc-4b7e-88a9-91d382b41efc
2017-10-11 11:01:51,286 [12] DEBUG LISTServer - 登录游戏----------2017/10/11 11:01:51
2017-10-11 11:01:51,951 [12] DEBUG LISTServer - 登录用户openid:ef2110d6b36f7eca009a60551ab3db1f|昵称:测试用户ef2----------2017/10/11 11:01:51
2017-10-11 11:01:53,158 [12] DEBUG LISTServer - 登录游戏成功----------2017/10/11 11:01:53
2017-10-11 11:45:20,734 [29] DEBUG LISTServer - 登陆sssionID--------30e23254-f61d-404e-a33d-f3813c7a6cb3
2017-10-11 11:45:20,734 [29] DEBUG LISTServer - 登录游戏----------2017/10/11 11:45:20
2017-10-11 11:45:21,219 [29] DEBUG LISTServer - 登录用户openid:2be4087248667baee875b4dd4e4e388e|昵称:测试用户2be----------2017/10/11 11:45:21
2017-10-11 11:45:22,485 [29] DEBUG LISTServer - 登录游戏成功,当前对象存在----------2017/10/11 11:45:22
2017-10-11 11:46:44,100 [29] DEBUG LISTServer - 登陆sssionID--------b02d3669-da77-4804-a2a9-953169a8c899
2017-10-11 11:46:44,100 [29] DEBUG LISTServer - 登录游戏----------2017/10/11 11:46:44
2017-10-11 11:46:44,464 [29] DEBUG LISTServer - 登录用户openid:2be4087248667baee875b4dd4e4e388e|昵称:测试用户2be----------2017/10/11 11:46:44
2017-10-11 11:46:45,192 [29] DEBUG LISTServer - 登录游戏成功,当前对象存在----------2017/10/11 11:46:45
2017-10-11 11:48:31,669 [32] DEBUG LISTServer - 登陆sssionID--------dfd10edb-4565-442a-b76c-1c06f1e6b050
2017-10-11 11:48:31,669 [32] DEBUG LISTServer - 登录游戏----------2017/10/11 11:48:31
2017-10-11 11:48:32,062 [32] DEBUG LISTServer - 登录用户openid:2be4087248667baee875b4dd4e4e388e|昵称:测试用户2be----------2017/10/11 11:48:32
2017-10-11 11:48:32,574 [32] DEBUG LISTServer - 登录游戏成功,当前对象存在----------2017/10/11 11:48:32
2017-10-11 11:49:11,097 [29] DEBUG LISTServer - 登陆sssionID--------d3615975-b998-481e-845b-86e3e79c8147
2017-10-11 11:49:11,097 [29] DEBUG LISTServer - 登录游戏----------2017/10/11 11:49:11
2017-10-11 11:49:11,321 [29] DEBUG LISTServer - 登录用户openid:2be4087248667baee875b4dd4e4e388e|昵称:测试用户2be----------2017/10/11 11:49:11
2017-10-11 11:49:11,910 [29] DEBUG LISTServer - 登录游戏成功,当前对象存在----------2017/10/11 11:49:11
2017-10-11 11:50:29,965 [23] DEBUG LISTServer - 登陆sssionID--------8879aeeb-9b47-40da-801d-3c6d83cff47f
2017-10-11 11:50:29,965 [23] DEBUG LISTServer - 登录游戏----------2017/10/11 11:50:29
2017-10-11 11:50:30,164 [23] DEBUG LISTServer - 登录用户openid:2be4087248667baee875b4dd4e4e388e|昵称:测试用户2be----------2017/10/11 11:50:30
2017-10-11 11:50:30,733 [23] DEBUG LISTServer - 登录游戏成功,当前对象存在----------2017/10/11 11:50:30
2017-10-11 11:52:08,916 [23] DEBUG LISTServer - 登陆sssionID--------5cb320d6-017c-4e19-988b-ffb484b416fe
2017-10-11 11:52:08,916 [23] DEBUG LISTServer - 登录游戏----------2017/10/11 11:52:08
2017-10-11 11:52:09,368 [23] DEBUG LISTServer - 登录用户openid:2be4087248667baee875b4dd4e4e388e|昵称:测试用户2be----------2017/10/11 11:52:09
2017-10-11 11:52:09,893 [23] DEBUG LISTServer - 登录游戏成功,当前对象存在----------2017/10/11 11:52:09
2017-10-11 11:52:39,136 [23] DEBUG LISTServer - 登陆sssionID--------c703ea44-0778-47fe-93d5-7c49460688e3
2017-10-11 11:52:39,136 [23] DEBUG LISTServer - 登录游戏----------2017/10/11 11:52:39
2017-10-11 11:52:39,274 [23] DEBUG LISTServer - 登录用户openid:2be4087248667baee875b4dd4e4e388e|昵称:测试用户2be----------2017/10/11 11:52:39
2017-10-11 11:52:39,807 [23] DEBUG LISTServer - 登录游戏成功,当前对象存在----------2017/10/11 11:52:39
2017-10-11 11:53:19,984 [23] DEBUG LISTServer - 登陆sssionID--------8f0ac6b5-c002-4e23-9426-1d2b451c0bc2
2017-10-11 11:53:19,984 [23] DEBUG LISTServer - 登录游戏----------2017/10/11 11:53:19
2017-10-11 11:53:20,140 [23] DEBUG LISTServer - 登录用户openid:2be4087248667baee875b4dd4e4e388e|昵称:测试用户2be----------2017/10/11 11:53:20
2017-10-11 11:53:20,693 [23] DEBUG LISTServer - 登录游戏成功,当前对象存在----------2017/10/11 11:53:20
2017-10-11 11:54:03,285 [12] DEBUG LISTServer - 登陆sssionID--------512846d4-0e63-41c6-a2e3-e92ded5d9984
2017-10-11 11:54:03,285 [12] DEBUG LISTServer - 登录游戏----------2017/10/11 11:54:03
2017-10-11 11:54:03,425 [12] DEBUG LISTServer - 登录用户openid:9697486827159f30f5cab73bbab97a1b56966c2a|昵称:测试用户969----------2017/10/11 11:54:03
2017-10-11 11:54:03,952 [12] DEBUG LISTServer - 登录游戏成功,当前对象存在----------2017/10/11 11:54:03
2017-10-11 11:55:06,403 [23] DEBUG LISTServer - 登陆sssionID--------4509eb79-ce97-4d04-b041-dce7c6bcc91a
2017-10-11 11:55:06,403 [23] DEBUG LISTServer - 登录游戏----------2017/10/11 11:55:06
2017-10-11 11:55:06,725 [23] DEBUG LISTServer - 登录用户openid:9697486827159f30f5cab73bbab97a1b56966c2a|昵称:测试用户969----------2017/10/11 11:55:06
2017-10-11 11:55:07,311 [23] DEBUG LISTServer - 登录游戏成功,当前对象存在----------2017/10/11 11:55:07
2017-10-11 11:55:50,159 [42] DEBUG LISTServer - 登陆sssionID--------0acdd0e8-817f-4377-a935-f1b41a339380
2017-10-11 11:55:50,159 [42] DEBUG LISTServer - 登录游戏----------2017/10/11 11:55:50
2017-10-11 11:55:50,288 [42] DEBUG LISTServer - 登录用户openid:9697486827159f30f5cab73bbab97a1b56966c2a|昵称:测试用户969----------2017/10/11 11:55:50
2017-10-11 11:55:50,835 [42] DEBUG LISTServer - 登录游戏成功,当前对象存在----------2017/10/11 11:55:50
2017-10-11 11:56:39,708 [23] DEBUG LISTServer - 登陆sssionID--------793489c7-9d4f-40b6-98b3-5a74fb9f5463
2017-10-11 11:56:39,708 [23] DEBUG LISTServer - 登录游戏----------2017/10/11 11:56:39
2017-10-11 11:56:39,842 [23] DEBUG LISTServer - 登录用户openid:9697486827159f30f5cab73bbab97a1b56966c2a|昵称:测试用户969----------2017/10/11 11:56:39
2017-10-11 11:56:40,499 [23] DEBUG LISTServer - 登录游戏成功,当前对象存在----------2017/10/11 11:56:40
2017-10-11 11:57:57,984 [23] DEBUG LISTServer - 登陆sssionID--------a8ae61e3-75fa-47c7-9cfa-2417945962af
2017-10-11 11:57:57,984 [23] DEBUG LISTServer - 登录游戏----------2017/10/11 11:57:57
2017-10-11 11:57:58,339 [23] DEBUG LISTServer - 登录用户openid:9697486827159f30f5cab73bbab97a1b56966c2a|昵称:测试用户969----------2017/10/11 11:57:58
2017-10-11 11:57:58,897 [23] DEBUG LISTServer - 登录游戏成功,当前对象存在----------2017/10/11 11:57:58
2017-10-11 11:58:27,137 [12] DEBUG LISTServer - 登陆sssionID--------d2100b3c-a94d-4a47-b25a-b06b45789dc2
2017-10-11 11:58:27,137 [12] DEBUG LISTServer - 登录游戏----------2017/10/11 11:58:27
2017-10-11 11:58:27,286 [12] DEBUG LISTServer - 登录用户openid:9697486827159f30f5cab73bbab97a1b56966c2a|昵称:测试用户969----------2017/10/11 11:58:27
2017-10-11 11:58:27,874 [12] DEBUG LISTServer - 登录游戏成功,当前对象存在----------2017/10/11 11:58:27
2017-10-11 13:45:30,172 [32] DEBUG LISTServer - 登陆sssionID--------f519cc7e-32e4-4ad8-9e9b-18c5e636e0f6
2017-10-11 13:45:30,172 [32] DEBUG LISTServer - 登录游戏----------2017/10/11 13:45:30
2017-10-11 13:45:30,853 [32] DEBUG LISTServer - 登录用户openid:9697486827159f30f5cab73bbab97a1b56966c2a|昵称:测试用户969----------2017/10/11 13:45:30
2017-10-11 13:45:32,144 [32] DEBUG LISTServer - 登录游戏成功,当前对象存在----------2017/10/11 13:45:32
2017-10-11 13:49:05,433 [12] DEBUG LISTServer - 登陆sssionID--------495fe61e-3943-44f7-903b-075f3e9dedba
2017-10-11 13:49:05,433 [12] DEBUG LISTServer - 登录游戏----------2017/10/11 13:49:05
2017-10-11 13:49:05,981 [12] DEBUG LISTServer - 登录用户openid:9697486827159f30f5cab73bbab97a1b56966c2a|昵称:测试用户969----------2017/10/11 13:49:05
2017-10-11 13:49:06,766 [12] DEBUG LISTServer - 登录游戏成功,当前对象存在----------2017/10/11 13:49:06
2017-10-11 13:52:20,496 [23] DEBUG LISTServer - 登陆sssionID--------1b748b9f-b7c4-4e44-ac4f-ca76eba55c72
2017-10-11 13:52:20,496 [23] DEBUG LISTServer - 登录游戏----------2017/10/11 13:52:20
2017-10-11 13:52:20,991 [23] DEBUG LISTServer - 登录用户openid:9697486827159f30f5cab73bbab97a1b56966c2a|昵称:测试用户969----------2017/10/11 13:52:20
2017-10-11 13:52:21,666 [23] DEBUG LISTServer - 登录游戏成功,当前对象存在----------2017/10/11 13:52:21
2017-10-11 13:57:31,167 [60] DEBUG LISTServer - 登陆sssionID--------87b1c6e1-5f10-48d9-bf30-0f3c1ad9c80b
2017-10-11 13:57:31,167 [60] DEBUG LISTServer - 登录游戏----------2017/10/11 13:57:31
2017-10-11 13:57:31,594 [60] DEBUG LISTServer - 登录用户openid:9697486827159f30f5cab73bbab97a1b56966c2a|昵称:测试用户969----------2017/10/11 13:57:31
2017-10-11 13:57:32,239 [60] DEBUG LISTServer - 登录游戏成功,当前对象存在----------2017/10/11 13:57:32
2017-10-11 14:06:39,017 [12] DEBUG LISTServer - 登陆sssionID--------8f15fe1c-2738-4243-ab11-5f7f5415704b
2017-10-11 14:06:39,017 [12] DEBUG LISTServer - 登录游戏----------2017/10/11 14:06:39
2017-10-11 14:06:39,452 [12] DEBUG LISTServer - 登录用户openid:9697486827159f30f5cab73bbab97a1b56966c2a|昵称:测试用户969----------2017/10/11 14:06:39
2017-10-11 14:06:40,049 [12] DEBUG LISTServer - 登录游戏成功,当前对象存在----------2017/10/11 14:06:40
2017-10-11 14:07:48,145 [12] DEBUG LISTServer - 登陆sssionID--------82ed0bf3-116b-4f7c-b907-a5ea526b5d20
2017-10-11 14:07:48,145 [12] DEBUG LISTServer - 登录游戏----------2017/10/11 14:07:48
2017-10-11 14:07:48,398 [12] DEBUG LISTServer - 登录用户openid:9697486827159f30f5cab73bbab97a1b56966c2a|昵称:测试用户969----------2017/10/11 14:07:48
2017-10-11 14:07:48,951 [12] DEBUG LISTServer - 登录游戏成功,当前对象存在----------2017/10/11 14:07:48
2017-10-11 14:10:27,896 [32] DEBUG LISTServer - 登陆sssionID--------169de9a8-fcc7-4819-bfc3-76a72563a438
2017-10-11 14:10:27,896 [32] DEBUG LISTServer - 登录游戏----------2017/10/11 14:10:27
2017-10-11 14:10:28,274 [32] DEBUG LISTServer - 登录用户openid:9697486827159f30f5cab73bbab97a1b56966c2a|昵称:测试用户969----------2017/10/11 14:10:28
2017-10-11 14:10:28,886 [32] DEBUG LISTServer - 登录游戏成功,当前对象存在----------2017/10/11 14:10:28
2017-10-11 14:13:21,549 [23] DEBUG LISTServer - 登陆sssionID--------b30b352c-2879-4894-86c7-f64b0016bfb6
2017-10-11 14:13:21,549 [23] DEBUG LISTServer - 登录游戏----------2017/10/11 14:13:21
2017-10-11 14:13:21,974 [23] DEBUG LISTServer - 登录用户openid:9697486827159f30f5cab73bbab97a1b56966c2a|昵称:测试用户969----------2017/10/11 14:13:21
2017-10-11 14:13:22,550 [23] DEBUG LISTServer - 登录游戏成功,当前对象存在----------2017/10/11 14:13:22
2017-10-11 14:18:44,353 [60] DEBUG LISTServer - 登陆sssionID--------13acc327-0f0e-450e-b619-3b765b9d06e8
2017-10-11 14:18:44,353 [60] DEBUG LISTServer - 登录游戏----------2017/10/11 14:18:44
2017-10-11 14:18:44,968 [60] DEBUG LISTServer - 登录用户openid:9697486827159f30f5cab73bbab97a1b56966c2a|昵称:测试用户969----------2017/10/11 14:18:44
2017-10-11 14:18:45,992 [60] DEBUG LISTServer - 登录游戏成功,当前对象存在----------2017/10/11 14:18:45
2017-10-11 14:36:58,998 [32] DEBUG LISTServer - 登陆sssionID--------04bcf713-2b93-4474-b660-92dbf3a1696a
2017-10-11 14:36:58,998 [32] DEBUG LISTServer - 登录游戏----------2017/10/11 14:36:58
2017-10-11 14:36:59,436 [32] DEBUG LISTServer - 登录用户openid:9697486827159f30f5cab73bbab97a1b56966c2a|昵称:测试用户969----------2017/10/11 14:36:59
2017-10-11 14:37:00,207 [32] DEBUG LISTServer - 登录游戏成功,当前对象存在----------2017/10/11 14:37:00
2017-10-11 14:37:13,684 [32] DEBUG LISTServer - 登陆sssionID--------af0389dc-1126-46da-8be6-9d85cb01bc53
2017-10-11 14:37:13,684 [32] DEBUG LISTServer - 登录游戏----------2017/10/11 14:37:13
2017-10-11 14:37:13,929 [32] DEBUG LISTServer - 登录用户openid:2be4087248667baee875b4dd4e4e388e|昵称:测试用户2be----------2017/10/11 14:37:13
2017-10-11 14:37:14,489 [32] DEBUG LISTServer - 登录游戏成功,当前对象存在----------2017/10/11 14:37:14
2017-10-11 14:53:30,025 [12] DEBUG LISTServer - 登陆sssionID--------f6a6bdfa-97eb-4907-a6b0-68ea0ac482ea
2017-10-11 14:53:30,025 [12] DEBUG LISTServer - 登录游戏----------2017/10/11 14:53:30
2017-10-11 14:53:30,626 [12] DEBUG LISTServer - 登录用户openid:9697486827159f30f5cab73bbab97a1b56966c2a|昵称:测试用户969----------2017/10/11 14:53:30
2017-10-11 14:53:31,768 [12] DEBUG LISTServer - 登录游戏成功,当前对象存在----------2017/10/11 14:53:31
2017-10-11 14:55:43,594 [32] DEBUG LISTServer - 登陆sssionID--------06139be8-f4f5-4e5f-9b1d-584da200d5dc
2017-10-11 14:55:43,594 [32] DEBUG LISTServer - 登录游戏----------2017/10/11 14:55:43
2017-10-11 14:55:44,006 [32] DEBUG LISTServer - 登录用户openid:9697486827159f30f5cab73bbab97a1b56966c2a|昵称:测试用户969----------2017/10/11 14:55:44
2017-10-11 14:55:44,736 [32] DEBUG LISTServer - 登录游戏成功,当前对象存在----------2017/10/11 14:55:44
2017-10-11 14:55:46,687 [23] DEBUG LISTServer - 登陆sssionID--------972e7c86-7e45-4ff6-8e7d-f2a65d123ecf
2017-10-11 14:55:46,687 [23] DEBUG LISTServer - 登录游戏----------2017/10/11 14:55:46
2017-10-11 14:55:46,904 [23] DEBUG LISTServer - 登录用户openid:2be4087248667baee875b4dd4e4e388e|昵称:测试用户2be----------2017/10/11 14:55:46
2017-10-11 14:55:47,939 [23] DEBUG LISTServer - 登录游戏成功,当前对象存在----------2017/10/11 14:55:47
2017-10-11 15:05:18,276 [32] DEBUG LISTServer - 登陆sssionID--------6c87fc31-0c05-4a72-90ca-0c4dc39f19aa
2017-10-11 15:05:18,276 [32] DEBUG LISTServer - 登录游戏----------2017/10/11 15:05:18
2017-10-11 15:05:18,744 [32] DEBUG LISTServer - 登录用户openid:9697486827159f30f5cab73bbab97a1b56966c2a|昵称:测试用户969----------2017/10/11 15:05:18
2017-10-11 15:05:19,342 [32] DEBUG LISTServer - 登录游戏成功,当前对象存在----------2017/10/11 15:05:19
2017-10-11 15:09:27,841 [23] DEBUG LISTServer - 登陆sssionID--------f9638824-3f0c-4c10-82e5-0426c24279f0
2017-10-11 15:09:27,841 [23] DEBUG LISTServer - 登录游戏----------2017/10/11 15:09:27
2017-10-11 15:09:28,222 [23] DEBUG LISTServer - 登录用户openid:9697486827159f30f5cab73bbab97a1b56966c2a|昵称:测试用户969----------2017/10/11 15:09:28
2017-10-11 15:09:28,886 [23] DEBUG LISTServer - 登录游戏成功,当前对象存在----------2017/10/11 15:09:28
2017-10-11 15:12:30,275 [32] DEBUG LISTServer - 登陆sssionID--------305d6eb1-9cb4-4734-b7da-9237af55b42e
2017-10-11 15:12:30,275 [32] DEBUG LISTServer - 登录游戏----------2017/10/11 15:12:30
2017-10-11 15:12:30,702 [32] DEBUG LISTServer - 登录用户openid:9697486827159f30f5cab73bbab97a1b56966c2a|昵称:测试用户969----------2017/10/11 15:12:30
2017-10-11 15:12:31,371 [32] DEBUG LISTServer - 登录游戏成功,当前对象存在----------2017/10/11 15:12:31
2017-10-11 15:18:11,917 [12] DEBUG LISTServer - 登陆sssionID--------cc86a7c8-664c-4cc5-a4de-5efc122a91e6
2017-10-11 15:18:11,917 [12] DEBUG LISTServer - 登录游戏----------2017/10/11 15:18:11
2017-10-11 15:18:12,321 [12] DEBUG LISTServer - 登录用户openid:9697486827159f30f5cab73bbab97a1b56966c2a|昵称:测试用户969----------2017/10/11 15:18:12
2017-10-11 15:18:13,304 [12] DEBUG LISTServer - 登录游戏成功,当前对象存在----------2017/10/11 15:18:13
2017-10-11 15:18:14,382 [32] DEBUG LISTServer - 登陆sssionID--------26407632-2f66-47bc-ab47-2e6c3369106e
2017-10-11 15:18:14,382 [32] DEBUG LISTServer - 登录游戏----------2017/10/11 15:18:14
2017-10-11 15:18:14,522 [32] DEBUG LISTServer - 登录用户openid:2be4087248667baee875b4dd4e4e388e|昵称:测试用户2be----------2017/10/11 15:18:14
2017-10-11 15:18:15,384 [32] DEBUG LISTServer - 登录游戏成功,当前对象存在----------2017/10/11 15:18:15
2017-10-11 15:28:20,362 [12] DEBUG LISTServer - 登陆sssionID--------f45cbcaa-5e41-4c97-a752-53f780b575d8
2017-10-11 15:28:20,362 [12] DEBUG LISTServer - 登录游戏----------2017/10/11 15:28:20
2017-10-11 15:28:26,824 [23] DEBUG LISTServer - 登陆sssionID--------040e6118-53c9-4406-823c-9e1f30e101ff
2017-10-11 15:28:26,824 [23] DEBUG LISTServer - 登录游戏----------2017/10/11 15:28:26
2017-10-11 15:28:42,280 [23] DEBUG LISTServer - 登陆sssionID--------3fd5c15c-e736-459a-97cd-2c198227c916
2017-10-11 15:28:42,280 [23] DEBUG LISTServer - 登录游戏----------2017/10/11 15:28:42
2017-10-11 15:31:23,275 [23] DEBUG LISTServer - 登陆sssionID--------652f5067-110d-4cdf-97b8-a97f74a9eb2e
2017-10-11 15:31:23,275 [23] DEBUG LISTServer - 登录游戏----------2017/10/11 15:31:23
2017-10-11 15:31:23,852 [23] DEBUG LISTServer - 登录用户openid:9697486827159f30f5cab73bbab97a1b56966c2a|昵称:测试用户969----------2017/10/11 15:31:23
2017-10-11 15:31:24,718 [23] DEBUG LISTServer - 登录游戏成功,当前对象存在----------2017/10/11 15:31:24
2017-10-11 15:32:09,898 [79] DEBUG LISTServer - 登陆sssionID--------712bbdf5-37eb-4207-932a-6a21f131507e
2017-10-11 15:32:09,898 [79] DEBUG LISTServer - 登录游戏----------2017/10/11 15:32:09
2017-10-11 15:32:10,117 [79] DEBUG LISTServer - 登录用户openid:2be4087248667baee875b4dd4e4e388e|昵称:测试用户2be----------2017/10/11 15:32:10
2017-10-11 15:32:10,801 [79] DEBUG LISTServer - 登录游戏成功,当前对象存在----------2017/10/11 15:32:10
2017-10-11 16:01:34,199 [12] DEBUG LISTServer - 登陆sssionID--------7976e157-6848-4d78-9b4f-fcf2c1cd4f83
2017-10-11 16:01:34,199 [12] DEBUG LISTServer - 登录游戏----------2017/10/11 16:01:34
2017-10-11 16:01:34,848 [12] DEBUG LISTServer - 登录用户openid:9697486827159f30f5cab73bbab97a1b56966c2a|昵称:测试用户969----------2017/10/11 16:01:34
2017-10-11 16:01:35,495 [12] DEBUG LISTServer - 登录游戏成功,当前对象存在----------2017/10/11 16:01:35
2017-10-11 16:04:37,045 [23] DEBUG LISTServer - 登陆sssionID--------63d58b14-3542-4555-8f20-7d53813bbbc1
2017-10-11 16:04:37,045 [23] DEBUG LISTServer - 登录游戏----------2017/10/11 16:04:37
2017-10-11 16:04:37,514 [23] DEBUG LISTServer - 登录用户openid:9697486827159f30f5cab73bbab97a1b56966c2a|昵称:测试用户969----------2017/10/11 16:04:37
2017-10-11 16:04:38,166 [23] DEBUG LISTServer - 登录游戏成功,当前对象存在----------2017/10/11 16:04:38
2017-10-11 16:05:42,828 [84] DEBUG LISTServer - 登陆sssionID--------3a1b6e34-ba8d-4239-8a06-16139550d1ce
2017-10-11 16:05:42,828 [84] DEBUG LISTServer - 登录游戏----------2017/10/11 16:05:42
2017-10-11 16:05:43,083 [84] DEBUG LISTServer - 登录用户openid:2be4087248667baee875b4dd4e4e388e|昵称:测试用户2be----------2017/10/11 16:05:43
2017-10-11 16:05:43,678 [84] DEBUG LISTServer - 登录游戏成功,当前对象存在----------2017/10/11 16:05:43
2017-10-11 16:06:28,494 [84] DEBUG LISTServer - 登陆sssionID--------3ae42ba6-36f5-459c-ae45-17d450b2457e
2017-10-11 16:06:28,494 [84] DEBUG LISTServer - 登录游戏----------2017/10/11 16:06:28
2017-10-11 16:06:28,845 [84] DEBUG LISTServer - 登录用户openid:9697486827159f30f5cab73bbab97a1b56966c2a|昵称:测试用户969----------2017/10/11 16:06:28
2017-10-11 16:06:29,605 [84] DEBUG LISTServer - 登录游戏成功,当前对象存在----------2017/10/11 16:06:29
2017-10-11 16:07:14,545 [12] DEBUG LISTServer - 登陆sssionID--------f18ccf2e-f103-4d40-9fd9-fc194239bc21
2017-10-11 16:07:14,545 [12] DEBUG LISTServer - 登录游戏----------2017/10/11 16:07:14
2017-10-11 16:07:14,919 [12] DEBUG LISTServer - 登录用户openid:2be4087248667baee875b4dd4e4e388e|昵称:测试用户2be----------2017/10/11 16:07:14
2017-10-11 16:07:15,647 [12] DEBUG LISTServer - 登录游戏成功,当前对象存在----------2017/10/11 16:07:15
2017-10-11 16:10:07,669 [79] DEBUG LISTServer - 登陆sssionID--------7e5521cd-c7d3-4c73-a373-aabe51d08ec3
2017-10-11 16:10:07,669 [79] DEBUG LISTServer - 登录游戏----------2017/10/11 16:10:07
2017-10-11 16:10:11,207 [79] DEBUG LISTServer - 登录用户openid:9697486827159f30f5cab73bbab97a1b56966c2a|昵称:测试用户969----------2017/10/11 16:10:11
2017-10-11 16:10:21,744 [57] DEBUG LISTServer - 登陆sssionID--------1759a034-4e2d-48da-a77e-025a3f83482c
2017-10-11 16:10:21,744 [57] DEBUG LISTServer - 登录游戏----------2017/10/11 16:10:21
2017-10-11 16:10:21,986 [57] DEBUG LISTServer - 登录用户openid:2be4087248667baee875b4dd4e4e388e|昵称:测试用户2be----------2017/10/11 16:10:21
2017-10-11 16:11:02,344 [12] DEBUG LISTServer - 登陆sssionID--------9e315b04-cb32-46d1-867d-a7d944b33e78
2017-10-11 16:11:02,344 [12] DEBUG LISTServer - 登录游戏----------2017/10/11 16:11:02
2017-10-11 16:11:02,502 [12] DEBUG LISTServer - 登录用户openid:9697486827159f30f5cab73bbab97a1b56966c2a|昵称:测试用户969----------2017/10/11 16:11:02
2017-10-11 16:11:08,693 [12] DEBUG LISTServer - 登录游戏成功,当前对象存在----------2017/10/11 16:11:08
2017-10-11 16:11:16,028 [49] DEBUG LISTServer - 登陆sssionID--------4bf71698-4c68-4648-a0ce-8f28c54bf0d4
2017-10-11 16:11:16,028 [49] DEBUG LISTServer - 登录游戏----------2017/10/11 16:11:16
2017-10-11 16:11:16,194 [49] DEBUG LISTServer - 登录用户openid:2be4087248667baee875b4dd4e4e388e|昵称:测试用户2be----------2017/10/11 16:11:16
2017-10-11 16:11:22,088 [49] DEBUG LISTServer - 登录游戏成功,当前对象存在----------2017/10/11 16:11:22
2017-10-11 16:24:06,321 [84] DEBUG LISTServer - 登陆sssionID--------288c92ec-5029-4dc6-85cf-835da76aac19
2017-10-11 16:24:06,321 [84] DEBUG LISTServer - 登录游戏----------2017/10/11 16:24:06
2017-10-11 16:24:06,686 [84] DEBUG LISTServer - 登录用户openid:56de59c92137862db80d942259702f67|昵称:测试用户56d----------2017/10/11 16:24:06
2017-10-11 16:24:07,055 [12] DEBUG LISTServer - 登陆sssionID--------fe765c91-437f-4ef9-b36d-4620cac2717e
2017-10-11 16:24:07,055 [12] DEBUG LISTServer - 登录游戏----------2017/10/11 16:24:07
2017-10-11 16:24:07,193 [12] DEBUG LISTServer - 登录用户openid:89f5ef72e82d130fda1ec076c054b52d|昵称:测试用户89f----------2017/10/11 16:24:07
2017-10-11 16:24:07,344 [84] DEBUG LISTServer - 登录游戏成功----------2017/10/11 16:24:07
2017-10-11 16:24:07,811 [12] DEBUG LISTServer - 登录游戏成功----------2017/10/11 16:24:07
2017-10-11 16:27:41,335 [67] DEBUG LISTServer - 登陆sssionID--------27527350-cace-4123-90e9-65c64025f81b
2017-10-11 16:27:41,335 [67] DEBUG LISTServer - 登录游戏----------2017/10/11 16:27:41
2017-10-11 16:27:41,724 [67] DEBUG LISTServer - 登录用户openid:9697486827159f30f5cab73bbab97a1b56966c2a|昵称:测试用户969----------2017/10/11 16:27:41
2017-10-11 16:27:42,306 [67] DEBUG LISTServer - 登录游戏成功,当前对象存在----------2017/10/11 16:27:42
2017-10-11 16:27:59,460 [12] DEBUG LISTServer - 登陆sssionID--------2da40d35-53a0-4679-a08c-8a08996e6f1f
2017-10-11 16:27:59,460 [12] DEBUG LISTServer - 登录游戏----------2017/10/11 16:27:59
2017-10-11 16:27:59,592 [12] DEBUG LISTServer - 登录用户openid:2be4087248667baee875b4dd4e4e388e|昵称:测试用户2be----------2017/10/11 16:27:59
2017-10-11 16:28:00,113 [12] DEBUG LISTServer - 登录游戏成功,当前对象存在----------2017/10/11 16:28:00
2017-10-11 16:28:23,286 [49] DEBUG LISTServer - 登陆sssionID--------adcdc1b5-7ae4-4278-9ea1-36a99de9c1b2
2017-10-11 16:28:23,286 [49] DEBUG LISTServer - 登录游戏----------2017/10/11 16:28:23
2017-10-11 16:28:23,428 [49] DEBUG LISTServer - 登录用户openid:89f5ef72e82d130fda1ec076c054b52d|昵称:测试用户89f----------2017/10/11 16:28:23
2017-10-11 16:28:23,663 [12] DEBUG LISTServer - 登陆sssionID--------441014d8-cadf-4f4e-91aa-7befe10293a3
2017-10-11 16:28:23,664 [12] DEBUG LISTServer - 登录游戏----------2017/10/11 16:28:23
2017-10-11 16:28:23,797 [12] DEBUG LISTServer - 登录用户openid:56de59c92137862db80d942259702f67|昵称:测试用户56d----------2017/10/11 16:28:23
2017-10-11 16:28:24,984 [49] DEBUG LISTServer - System.Net.Sockets.SocketException (0x80004005): 由于目标计算机积极拒绝，无法连接。 192.168.2.54:2013
   在 System.Net.Sockets.Socket.DoConnect(EndPoint endPointSnapshot, SocketAddress socketAddress)
   在 System.Net.Sockets.Socket.Connect(EndPoint remoteEP)
   在 ListBLL.common.RedisUtility.GetServerIP(String serverName, Int32 messageNum, GameSession session, Int32 status, String openid, String unionid, Boolean cutover, Int32 roomID, Int32 roomAddStatus) 位置 D:\工作\ZH_LIST_MJ\list_mj\ListBLL\common\RedisUtility.cs:行号 83
2017-10-11 16:28:25,102 [49] DEBUG LISTServer - 登录游戏成功,当前对象存在----------2017/10/11 16:28:25
2017-10-11 16:28:25,274 [12] DEBUG LISTServer - System.Net.Sockets.SocketException (0x80004005): 由于目标计算机积极拒绝，无法连接。 192.168.2.54:2013
   在 System.Net.Sockets.Socket.DoConnect(EndPoint endPointSnapshot, SocketAddress socketAddress)
   在 System.Net.Sockets.Socket.Connect(EndPoint remoteEP)
   在 ListBLL.common.RedisUtility.GetServerIP(String serverName, Int32 messageNum, GameSession session, Int32 status, String openid, String unionid, Boolean cutover, Int32 roomID, Int32 roomAddStatus) 位置 D:\工作\ZH_LIST_MJ\list_mj\ListBLL\common\RedisUtility.cs:行号 83
2017-10-11 16:28:25,389 [12] DEBUG LISTServer - 登录游戏成功,当前对象存在----------2017/10/11 16:28:25
2017-10-11 16:32:43,214 [67] DEBUG LISTServer - 登陆sssionID--------62d2c93d-a8cf-4081-8495-f00120518c63
2017-10-11 16:32:43,214 [67] DEBUG LISTServer - 登录游戏----------2017/10/11 16:32:43
2017-10-11 16:32:43,545 [67] DEBUG LISTServer - 登录用户openid:9697486827159f30f5cab73bbab97a1b56966c2a|昵称:测试用户969----------2017/10/11 16:32:43
2017-10-11 16:32:44,159 [67] DEBUG LISTServer - 登录游戏成功,当前对象存在----------2017/10/11 16:32:44
2017-10-11 16:34:26,318 [84] DEBUG LISTServer - 登陆sssionID--------6d3b2ee7-a939-402e-9887-51812bcfeb92
2017-10-11 16:34:26,318 [84] DEBUG LISTServer - 登录游戏----------2017/10/11 16:34:26
2017-10-11 16:34:26,717 [84] DEBUG LISTServer - 登录用户openid:9697486827159f30f5cab73bbab97a1b56966c2a|昵称:测试用户969----------2017/10/11 16:34:26
2017-10-11 16:34:27,353 [84] DEBUG LISTServer - 登录游戏成功,当前对象存在----------2017/10/11 16:34:27
2017-10-11 16:38:33,338 [49] DEBUG LISTServer - 登陆sssionID--------7477e33e-9baa-408d-9a68-d0b2bca7bb8f
2017-10-11 16:38:33,338 [49] DEBUG LISTServer - 登录游戏----------2017/10/11 16:38:33
2017-10-11 16:38:33,735 [49] DEBUG LISTServer - 登录用户openid:9697486827159f30f5cab73bbab97a1b56966c2a|昵称:测试用户969----------2017/10/11 16:38:33
2017-10-11 16:38:39,507 [49] DEBUG LISTServer - 登录游戏成功,当前对象存在----------2017/10/11 16:38:39
2017-10-11 16:40:25,545 [84] DEBUG LISTServer - 登陆sssionID--------0ee7d6df-0b18-43bf-8142-6d81b24957ed
2017-10-11 16:40:25,546 [84] DEBUG LISTServer - 登录游戏----------2017/10/11 16:40:25
2017-10-11 16:40:25,861 [84] DEBUG LISTServer - 登录用户openid:9697486827159f30f5cab73bbab97a1b56966c2a|昵称:测试用户969----------2017/10/11 16:40:25
2017-10-11 16:40:26,604 [84] DEBUG LISTServer - 登录游戏成功,当前对象存在----------2017/10/11 16:40:26
2017-10-11 16:41:34,631 [84] DEBUG LISTServer - 登陆sssionID--------eaf01a56-0cae-4a3d-9eeb-95c92f822dae
2017-10-11 16:41:34,631 [84] DEBUG LISTServer - 登录游戏----------2017/10/11 16:41:34
2017-10-11 16:41:35,048 [84] DEBUG LISTServer - 登录用户openid:17da9228849df8ed9400ca4e907dca8c776081ad|昵称:测试用户17d----------2017/10/11 16:41:35
2017-10-11 16:41:35,866 [84] DEBUG LISTServer - 登录游戏成功----------2017/10/11 16:41:35
2017-10-11 16:43:13,105 [49] DEBUG LISTServer - 登陆sssionID--------bf4858b8-1348-4194-aa90-aee106647845
2017-10-11 16:43:13,105 [49] DEBUG LISTServer - 登录游戏----------2017/10/11 16:43:13
2017-10-11 16:43:13,694 [49] DEBUG LISTServer - 登录用户openid:9697486827159f30f5cab73bbab97a1b56966c2a|昵称:测试用户969----------2017/10/11 16:43:13
2017-10-11 16:43:14,446 [49] DEBUG LISTServer - 登录游戏成功,当前对象存在----------2017/10/11 16:43:14
2017-10-11 16:55:04,848 [67] DEBUG LISTServer - 登陆sssionID--------5fc13bc7-d288-4e93-9f60-f223ae4a31b2
2017-10-11 16:55:04,848 [67] DEBUG LISTServer - 登录游戏----------2017/10/11 16:55:04
2017-10-11 16:55:05,280 [67] DEBUG LISTServer - 登录用户openid:9697486827159f30f5cab73bbab97a1b56966c2a|昵称:测试用户969----------2017/10/11 16:55:05
2017-10-11 16:55:05,896 [67] DEBUG LISTServer - 登录游戏成功,当前对象存在----------2017/10/11 16:55:05
2017-10-11 16:55:53,723 [67] DEBUG LISTServer - 登陆sssionID--------88f88ce2-07fe-4b78-890e-02a2fbb5b996
2017-10-11 16:55:53,723 [67] DEBUG LISTServer - 登录游戏----------2017/10/11 16:55:53
2017-10-11 16:55:53,940 [67] DEBUG LISTServer - 登录用户openid:9697486827159f30f5cab73bbab97a1b56966c2a|昵称:测试用户969----------2017/10/11 16:55:53
2017-10-11 16:55:54,603 [67] DEBUG LISTServer - 登录游戏成功,当前对象存在----------2017/10/11 16:55:54
2017-10-11 16:56:40,656 [49] DEBUG LISTServer - 登陆sssionID--------8e6ef9ca-7e25-4b86-b411-f3dbde599399
2017-10-11 16:56:40,656 [49] DEBUG LISTServer - 登录游戏----------2017/10/11 16:56:40
2017-10-11 16:56:40,800 [49] DEBUG LISTServer - 登录用户openid:9697486827159f30f5cab73bbab97a1b56966c2a|昵称:测试用户969----------2017/10/11 16:56:40
2017-10-11 16:56:41,396 [49] DEBUG LISTServer - 登录游戏成功,当前对象存在----------2017/10/11 16:56:41
2017-10-11 16:58:35,558 [12] DEBUG LISTServer - 登陆sssionID--------7b8cbed8-0016-4c1f-a0f6-ada1305be1f2
2017-10-11 16:58:35,558 [12] DEBUG LISTServer - 登录游戏----------2017/10/11 16:58:35
2017-10-11 16:58:35,918 [12] DEBUG LISTServer - 登录用户openid:9697486827159f30f5cab73bbab97a1b56966c2a|昵称:测试用户969----------2017/10/11 16:58:35
2017-10-11 16:58:36,504 [12] DEBUG LISTServer - 登录游戏成功,当前对象存在----------2017/10/11 16:58:36
2017-10-11 17:02:48,908 [67] DEBUG LISTServer - 登陆sssionID--------6775fa2e-906b-4f6c-81f4-21ef30261818
2017-10-11 17:02:48,909 [67] DEBUG LISTServer - 登录游戏----------2017/10/11 17:02:48
2017-10-11 17:02:49,266 [67] DEBUG LISTServer - 登录用户openid:9697486827159f30f5cab73bbab97a1b56966c2a|昵称:测试用户969----------2017/10/11 17:02:49
2017-10-11 17:02:50,312 [67] DEBUG LISTServer - 登录游戏成功,当前对象存在----------2017/10/11 17:02:50
2017-10-11 17:03:10,605 [12] DEBUG LISTServer - 登陆sssionID--------00834e81-6409-4325-a914-a1541b72803e
2017-10-11 17:03:10,605 [12] DEBUG LISTServer - 登录游戏----------2017/10/11 17:03:10
2017-10-11 17:03:10,751 [12] DEBUG LISTServer - 登录用户openid:2be4087248667baee875b4dd4e4e388e|昵称:测试用户2be----------2017/10/11 17:03:10
2017-10-11 17:03:11,644 [12] DEBUG LISTServer - 登录游戏成功,当前对象存在----------2017/10/11 17:03:11
2017-10-11 17:03:59,283 [84] DEBUG LISTServer - 登陆sssionID--------2a69a988-b37f-46ee-a19a-3bf072317685
2017-10-11 17:03:59,283 [84] DEBUG LISTServer - 登录游戏----------2017/10/11 17:03:59
2017-10-11 17:03:59,459 [84] DEBUG LISTServer - 登录用户openid:9697486827159f30f5cab73bbab97a1b56966c2a|昵称:测试用户969----------2017/10/11 17:03:59
2017-10-11 17:04:00,019 [84] DEBUG LISTServer - 登录游戏成功,当前对象存在----------2017/10/11 17:04:00
2017-10-11 17:05:41,356 [49] DEBUG LISTServer - 登陆sssionID--------d10b68be-19ce-4e48-ab89-fa64ea3de428
2017-10-11 17:05:41,356 [49] DEBUG LISTServer - 登录游戏----------2017/10/11 17:05:41
2017-10-11 17:05:41,739 [49] DEBUG LISTServer - 登录用户openid:9697486827159f30f5cab73bbab97a1b56966c2a|昵称:测试用户969----------2017/10/11 17:05:41
2017-10-11 17:05:42,316 [49] DEBUG LISTServer - 登录游戏成功,当前对象存在----------2017/10/11 17:05:42
2017-10-11 17:27:31,689 [12] DEBUG LISTServer - 登陆sssionID--------73f27010-a824-4a92-847b-ffa2acf5c777
2017-10-11 17:27:31,689 [12] DEBUG LISTServer - 登录游戏----------2017/10/11 17:27:31
2017-10-11 17:27:32,233 [12] DEBUG LISTServer - 登录用户openid:2be4087248667baee875b4dd4e4e388e|昵称:测试用户2be----------2017/10/11 17:27:32
2017-10-11 17:27:32,987 [12] DEBUG LISTServer - 登录游戏成功,当前对象存在----------2017/10/11 17:27:32
2017-10-11 17:54:52,523 [14] DEBUG LISTServer - 登陆sssionID--------9f62efa1-44da-4658-a92e-0339302b27ef
2017-10-11 17:54:52,523 [14] DEBUG LISTServer - 登录游戏----------2017/10/11 17:54:52
2017-10-11 17:54:53,094 [14] DEBUG LISTServer - 登录用户openid:9697486827159f30f5cab73bbab97a1b56966c2a|昵称:测试用户969----------2017/10/11 17:54:53
2017-10-11 17:54:54,414 [14] DEBUG LISTServer - 登录游戏成功,当前对象存在----------2017/10/11 17:54:54
2017-10-11 17:55:12,234 [12] DEBUG LISTServer - 登陆sssionID--------b32f1271-8b54-4e16-8f8f-80f890e47948
2017-10-11 17:55:12,234 [12] DEBUG LISTServer - 登录游戏----------2017/10/11 17:55:12
2017-10-11 17:55:12,441 [12] DEBUG LISTServer - 登录用户openid:2be4087248667baee875b4dd4e4e388e|昵称:测试用户2be----------2017/10/11 17:55:12
2017-10-11 17:55:13,026 [12] DEBUG LISTServer - 登录游戏成功,当前对象存在----------2017/10/11 17:55:13
