2017-09-30 09:29:31,371 [1] DEBUG DefaultBootstrap - The server instance LISTServer has been created!
2017-09-30 09:29:31,495 [1] DEBUG LISTServer - The command 11020(ListBLL.Logic.GameOperation) has been discovered
2017-09-30 09:29:31,495 [1] DEBUG LISTServer - The command 10001(ListBLL.Logic.Heartbeat) has been discovered
2017-09-30 09:29:31,495 [1] DEBUG LISTServer - The command 11001(ListBLL.Logic.Login) has been discovered
2017-09-30 09:29:31,495 [1] DEBUG LISTServer - The command 19003(ListBLL.Logic.UserGamePlaybackLogic) has been discovered
2017-09-30 09:29:31,495 [1] DEBUG LISTServer - The command 19001(ListBLL.Logic.UserRecordLogic) has been discovered
2017-09-30 09:29:31,511 [1] DEBUG DefaultBootstrap - The server instance LISTServer has been initialized!
2017-09-30 09:29:32,785 [1] DEBUG DefaultBootstrap - The PerformanceMonitor has been initialized!
2017-09-30 09:29:32,785 [1] DEBUG DefaultBootstrap - The Bootstrap has been initialized!
2017-09-30 09:29:32,816 [1] DEBUG LISTServer - Listener (0.0.0.0:2018) was started
2017-09-30 09:29:32,816 [1] DEBUG DefaultBootstrap - The PerformanceMonitor has been started!
2017-09-30 09:41:39,660 [12] DEBUG LISTServer - 登陆sssionID--------33032947-af63-461c-9134-e258261719e9
2017-09-30 09:41:39,660 [12] DEBUG LISTServer - 登录游戏----------2017/9/30 9:41:39
2017-09-30 09:41:40,942 [12] DEBUG LISTServer - 登录用户openid:ef2110d6b36f7eca009a60551ab3db1f|昵称:测试用户ef2----------2017/9/30 9:41:40
2017-09-30 09:41:42,473 [12] DEBUG LISTServer - 登录游戏成功----------2017/9/30 9:41:42
2017-09-30 09:41:49,271 [12] DEBUG LISTServer - 登陆sssionID--------83ef841d-26a0-4f15-a255-b57e2a6c64de
2017-09-30 09:41:49,271 [12] DEBUG LISTServer - 登录游戏----------2017/9/30 9:41:49
2017-09-30 09:41:49,521 [12] DEBUG LISTServer - 登录用户openid:2d4cd2d7753b0f3660fe5547e7011e9b|昵称:测试用户2d4----------2017/9/30 9:41:49
2017-09-30 09:41:50,287 [12] DEBUG LISTServer - 登录游戏成功----------2017/9/30 9:41:50
2017-09-30 10:07:32,526 [14] DEBUG LISTServer - 登陆sssionID--------347a08cd-2a86-4cb3-8cd9-e8b4b51acfdf
2017-09-30 10:07:32,526 [14] DEBUG LISTServer - 登录游戏----------2017/9/30 10:07:32
2017-09-30 10:07:33,104 [14] DEBUG LISTServer - 登录用户openid:ef2110d6b36f7eca009a60551ab3db1f|昵称:测试用户ef2----------2017/9/30 10:07:33
2017-09-30 10:07:39,165 [14] DEBUG LISTServer - 登录游戏成功,当前对象存在----------2017/9/30 10:07:39
2017-09-30 10:08:17,588 [22] DEBUG LISTServer - 登陆sssionID--------5c91c1ce-cd43-4978-afb6-149494239c4e
2017-09-30 10:08:17,588 [22] DEBUG LISTServer - 登录游戏----------2017/9/30 10:08:17
2017-09-30 10:08:17,854 [22] DEBUG LISTServer - 登录用户openid:2d4cd2d7753b0f3660fe5547e7011e9b|昵称:测试用户2d4----------2017/9/30 10:08:17
2017-09-30 10:08:18,572 [22] DEBUG LISTServer - 登录游戏成功,当前对象存在----------2017/9/30 10:08:18
2017-09-30 10:18:28,697 [44] DEBUG LISTServer - 登陆sssionID--------a94b01ee-272e-43c2-989a-031ea57e7a29
2017-09-30 10:18:28,697 [44] DEBUG LISTServer - 登录游戏----------2017/9/30 10:18:28
2017-09-30 10:18:29,447 [44] DEBUG LISTServer - 登录用户openid:ef2110d6b36f7eca009a60551ab3db1f|昵称:测试用户ef2----------2017/9/30 10:18:29
2017-09-30 10:18:29,728 [3] DEBUG LISTServer - 登陆sssionID--------ec765baa-2bc5-4762-902f-aa5d372f63c0
2017-09-30 10:18:29,728 [3] DEBUG LISTServer - 登录游戏----------2017/9/30 10:18:29
2017-09-30 10:18:30,119 [3] DEBUG LISTServer - 登录用户openid:2d4cd2d7753b0f3660fe5547e7011e9b|昵称:测试用户2d4----------2017/9/30 10:18:30
2017-09-30 10:18:31,260 [44] DEBUG LISTServer - System.Net.Sockets.SocketException (0x80004005): 由于目标计算机积极拒绝，无法连接。 192.168.2.54:2013
   在 System.Net.Sockets.Socket.DoConnect(EndPoint endPointSnapshot, SocketAddress socketAddress)
   在 System.Net.Sockets.Socket.Connect(EndPoint remoteEP)
   在 ListBLL.common.RedisUtility.GetServerIP(String serverName, Int32 messageNum, GameSession session, Int32 status, String openid, String unionid, Boolean cutover, Int32 roomID, Int32 roomAddStatus) 位置 D:\工作\ZH_LIST_MJ\list_mj\ListBLL\common\RedisUtility.cs:行号 83
2017-09-30 10:18:31,916 [44] DEBUG LISTServer - 登录游戏成功,当前对象存在----------2017/9/30 10:18:31
2017-09-30 10:18:31,963 [3] DEBUG LISTServer - System.Net.Sockets.SocketException (0x80004005): 由于目标计算机积极拒绝，无法连接。 192.168.2.54:2013
   在 System.Net.Sockets.Socket.DoConnect(EndPoint endPointSnapshot, SocketAddress socketAddress)
   在 System.Net.Sockets.Socket.Connect(EndPoint remoteEP)
   在 ListBLL.common.RedisUtility.GetServerIP(String serverName, Int32 messageNum, GameSession session, Int32 status, String openid, String unionid, Boolean cutover, Int32 roomID, Int32 roomAddStatus) 位置 D:\工作\ZH_LIST_MJ\list_mj\ListBLL\common\RedisUtility.cs:行号 83
2017-09-30 10:18:32,244 [3] DEBUG LISTServer - 登录游戏成功,当前对象存在----------2017/9/30 10:18:32
2017-09-30 10:19:11,929 [44] DEBUG LISTServer - 登陆sssionID--------ccf807c8-802f-463a-ab8f-abb823b54106
2017-09-30 10:19:11,929 [44] DEBUG LISTServer - 登录游戏----------2017/9/30 10:19:11
2017-09-30 10:19:12,351 [44] DEBUG LISTServer - 登录用户openid:2d4cd2d7753b0f3660fe5547e7011e9b|昵称:测试用户2d4----------2017/9/30 10:19:12
2017-09-30 10:19:13,976 [44] DEBUG LISTServer - 登录游戏成功,当前对象存在----------2017/9/30 10:19:13
2017-09-30 10:38:35,165 [3] DEBUG LISTServer - 登陆sssionID--------100fe25a-387f-4849-bd2b-934d3daa92bd
2017-09-30 10:38:35,165 [3] DEBUG LISTServer - 登录游戏----------2017/9/30 10:38:35
2017-09-30 10:38:35,907 [3] DEBUG LISTServer - 登录用户openid:2d4cd2d7753b0f3660fe5547e7011e9b|昵称:测试用户2d4----------2017/9/30 10:38:35
2017-09-30 10:38:37,345 [3] DEBUG LISTServer - System.Net.Sockets.SocketException (0x80004005): 由于目标计算机积极拒绝，无法连接。 192.168.2.54:2013
   在 System.Net.Sockets.Socket.DoConnect(EndPoint endPointSnapshot, SocketAddress socketAddress)
   在 System.Net.Sockets.Socket.Connect(EndPoint remoteEP)
   在 ListBLL.common.RedisUtility.GetServerIP(String serverName, Int32 messageNum, GameSession session, Int32 status, String openid, String unionid, Boolean cutover, Int32 roomID, Int32 roomAddStatus) 位置 D:\工作\ZH_LIST_MJ\list_mj\ListBLL\common\RedisUtility.cs:行号 83
2017-09-30 10:38:37,704 [3] DEBUG LISTServer - 登录游戏成功,当前对象存在----------2017/9/30 10:38:37
2017-09-30 10:59:53,850 [3] DEBUG LISTServer - 登陆sssionID--------ed020400-b0b9-48e8-b762-e2ad24f692ba
2017-09-30 10:59:53,850 [3] DEBUG LISTServer - 登录游戏----------2017/9/30 10:59:53
2017-09-30 10:59:54,413 [3] DEBUG LISTServer - 登录用户openid:56de59c92137862db80d942259702f67|昵称:测试用户56d----------2017/9/30 10:59:54
2017-09-30 10:59:55,272 [3] DEBUG LISTServer - 登录游戏成功----------2017/9/30 10:59:55
2017-09-30 11:00:05,727 [12] DEBUG LISTServer - 登陆sssionID--------c2cab880-a716-4ae0-a891-aae5cc6583be
2017-09-30 11:00:05,727 [12] DEBUG LISTServer - 登录游戏----------2017/9/30 11:00:05
2017-09-30 11:00:05,977 [12] DEBUG LISTServer - 登录用户openid:ef2110d6b36f7eca009a60551ab3db1f|昵称:测试用户ef2----------2017/9/30 11:00:05
2017-09-30 11:00:07,555 [12] DEBUG LISTServer - System.Net.Sockets.SocketException (0x80004005): 由于目标计算机积极拒绝，无法连接。 192.168.2.54:2013
   在 System.Net.Sockets.Socket.DoConnect(EndPoint endPointSnapshot, SocketAddress socketAddress)
   在 System.Net.Sockets.Socket.Connect(EndPoint remoteEP)
   在 ListBLL.common.RedisUtility.GetServerIP(String serverName, Int32 messageNum, GameSession session, Int32 status, String openid, String unionid, Boolean cutover, Int32 roomID, Int32 roomAddStatus) 位置 D:\工作\ZH_LIST_MJ\list_mj\ListBLL\common\RedisUtility.cs:行号 83
2017-09-30 11:00:07,852 [12] DEBUG LISTServer - 登录游戏成功,当前对象存在----------2017/9/30 11:00:07
2017-09-30 11:32:27,837 [14] DEBUG LISTServer - 登陆sssionID--------13b1a58a-5b8f-461d-9c61-b9ea8a55db1d
2017-09-30 11:32:27,837 [14] DEBUG LISTServer - 登录游戏----------2017/9/30 11:32:27
2017-09-30 11:32:28,353 [14] DEBUG LISTServer - 登录用户openid:17da9228849df8ed9400ca4e907dca8c776081ad|昵称:测试用户17d----------2017/9/30 11:32:28
2017-09-30 11:32:29,243 [14] DEBUG LISTServer - 登录游戏成功----------2017/9/30 11:32:29
2017-09-30 14:08:54,087 [12] DEBUG LISTServer - 登陆sssionID--------dbfaff0e-ec32-4c36-9117-f4208b68d5f4
2017-09-30 14:08:54,087 [12] DEBUG LISTServer - 登录游戏----------2017/9/30 14:08:54
2017-09-30 14:08:54,615 [12] DEBUG LISTServer - 登录用户openid:d034588c6ec5e255f9ab0bf73dbcf90e77614c76|昵称:测试用户d03----------2017/9/30 14:08:54
2017-09-30 14:08:55,833 [12] DEBUG LISTServer - 登录游戏成功----------2017/9/30 14:08:55
2017-09-30 14:09:22,519 [3] DEBUG LISTServer - 登陆sssionID--------2eed6e84-2fe1-45bc-9a13-4bee8f1440dc
2017-09-30 14:09:22,519 [3] DEBUG LISTServer - 登录游戏----------2017/9/30 14:09:22
2017-09-30 14:09:22,745 [3] DEBUG LISTServer - 登录用户openid:17da9228849df8ed9400ca4e907dca8c776081ad|昵称:测试用户17d----------2017/9/30 14:09:22
2017-09-30 14:09:24,276 [3] DEBUG LISTServer - System.Net.Sockets.SocketException (0x80004005): 由于目标计算机积极拒绝，无法连接。 192.168.2.54:2013
   在 System.Net.Sockets.Socket.DoConnect(EndPoint endPointSnapshot, SocketAddress socketAddress)
   在 System.Net.Sockets.Socket.Connect(EndPoint remoteEP)
   在 ListBLL.common.RedisUtility.GetServerIP(String serverName, Int32 messageNum, GameSession session, Int32 status, String openid, String unionid, Boolean cutover, Int32 roomID, Int32 roomAddStatus) 位置 D:\工作\ZH_LIST_MJ\list_mj\ListBLL\common\RedisUtility.cs:行号 83
2017-09-30 14:09:24,614 [3] DEBUG LISTServer - 登录游戏成功,当前对象存在----------2017/9/30 14:09:24
2017-09-30 14:09:34,538 [12] DEBUG LISTServer - 登陆sssionID--------60e0c0a5-6de9-429f-9cf1-4dc237571863
2017-09-30 14:09:34,538 [12] DEBUG LISTServer - 登录游戏----------2017/9/30 14:09:34
2017-09-30 14:09:34,749 [12] DEBUG LISTServer - 登录用户openid:9697486827159f30f5cab73bbab97a1b56966c2a|昵称:测试用户969----------2017/9/30 14:09:34
2017-09-30 14:09:35,503 [12] DEBUG LISTServer - 登录游戏成功----------2017/9/30 14:09:35
2017-09-30 14:38:12,744 [3] DEBUG LISTServer - 登陆sssionID--------5d33dacc-89ea-479d-a406-7c6f2a3db3e5
2017-09-30 14:38:12,744 [3] DEBUG LISTServer - 登录游戏----------2017/9/30 14:38:12
2017-09-30 14:38:13,278 [3] DEBUG LISTServer - 登录用户openid:9697486827159f30f5cab73bbab97a1b56966c2a|昵称:测试用户969----------2017/9/30 14:38:13
2017-09-30 14:38:17,070 [3] DEBUG LISTServer - 登录游戏成功,当前对象存在----------2017/9/30 14:38:17
2017-09-30 14:38:28,545 [40] DEBUG LISTServer - 登陆sssionID--------78c566b4-ce33-45ae-b5a3-c10d7fbcbefa
2017-09-30 14:38:28,545 [40] DEBUG LISTServer - 登录游戏----------2017/9/30 14:38:28
2017-09-30 14:38:28,748 [40] DEBUG LISTServer - 登录用户openid:17da9228849df8ed9400ca4e907dca8c776081ad|昵称:测试用户17d----------2017/9/30 14:38:28
2017-09-30 14:38:29,428 [40] DEBUG LISTServer - 登录游戏成功,当前对象存在----------2017/9/30 14:38:29
2017-09-30 14:38:49,564 [25] DEBUG LISTServer - 登陆sssionID--------bdb8fc23-dc18-4e55-9a5a-d5e76aefc4fa
2017-09-30 14:38:49,564 [25] DEBUG LISTServer - 登录游戏----------2017/9/30 14:38:49
2017-09-30 14:38:49,761 [25] DEBUG LISTServer - 登录用户openid:9697486827159f30f5cab73bbab97a1b56966c2a|昵称:测试用户969----------2017/9/30 14:38:49
2017-09-30 14:38:50,455 [25] DEBUG LISTServer - 登录游戏成功,当前对象存在----------2017/9/30 14:38:50
2017-09-30 14:41:25,753 [40] DEBUG LISTServer - 登陆sssionID--------1ec8105d-3c00-4997-abd6-94a2885618c3
2017-09-30 14:41:25,753 [40] DEBUG LISTServer - 登录游戏----------2017/9/30 14:41:25
2017-09-30 14:41:26,364 [40] DEBUG LISTServer - 登录用户openid:9697486827159f30f5cab73bbab97a1b56966c2a|昵称:测试用户969----------2017/9/30 14:41:26
2017-09-30 14:41:28,972 [12] DEBUG LISTServer - 登陆sssionID--------1b2b2bb1-59c6-44a0-b5ea-e75105b725bd
2017-09-30 14:41:28,972 [12] DEBUG LISTServer - 登录游戏----------2017/9/30 14:41:28
2017-09-30 14:41:29,218 [12] DEBUG LISTServer - 登录用户openid:17da9228849df8ed9400ca4e907dca8c776081ad|昵称:测试用户17d----------2017/9/30 14:41:29
2017-09-30 14:41:31,007 [40] DEBUG LISTServer - 登录游戏成功,当前对象存在----------2017/9/30 14:41:31
2017-09-30 14:41:31,049 [12] DEBUG LISTServer - 登录游戏成功,当前对象存在----------2017/9/30 14:41:31
2017-09-30 15:06:09,278 [12] DEBUG LISTServer - 登陆sssionID--------4f0d1ffa-f0b2-4dfd-af35-84dac612d56b
2017-09-30 15:06:09,278 [12] DEBUG LISTServer - 登录游戏----------2017/9/30 15:06:09
2017-09-30 15:06:09,812 [12] DEBUG LISTServer - 登录用户openid:9697486827159f30f5cab73bbab97a1b56966c2a|昵称:测试用户969----------2017/9/30 15:06:09
2017-09-30 15:06:10,460 [12] DEBUG LISTServer - 登录游戏成功,当前对象存在----------2017/9/30 15:06:10
2017-09-30 15:06:31,810 [25] DEBUG LISTServer - 登陆sssionID--------34b8e4d8-e66b-469e-9bab-776e09e447f2
2017-09-30 15:06:31,810 [25] DEBUG LISTServer - 登录游戏----------2017/9/30 15:06:31
2017-09-30 15:06:32,087 [25] DEBUG LISTServer - 登录用户openid:17da9228849df8ed9400ca4e907dca8c776081ad|昵称:测试用户17d----------2017/9/30 15:06:32
2017-09-30 15:06:32,770 [25] DEBUG LISTServer - 登录游戏成功,当前对象存在----------2017/9/30 15:06:32
2017-09-30 15:10:00,805 [40] DEBUG LISTServer - 登陆sssionID--------d5431e53-59fa-4a8c-8a4e-1d49cd3f567d
2017-09-30 15:10:00,805 [40] DEBUG LISTServer - 登录游戏----------2017/9/30 15:10:00
2017-09-30 15:10:01,336 [40] DEBUG LISTServer - 登录用户openid:9697486827159f30f5cab73bbab97a1b56966c2a|昵称:测试用户969----------2017/9/30 15:10:01
2017-09-30 15:10:08,456 [3] DEBUG LISTServer - 登陆sssionID--------50489dd2-4707-43c3-a060-db3c59b499b3
2017-09-30 15:10:08,456 [3] DEBUG LISTServer - 登录游戏----------2017/9/30 15:10:08
2017-09-30 15:10:08,692 [3] DEBUG LISTServer - 登录用户openid:17da9228849df8ed9400ca4e907dca8c776081ad|昵称:测试用户17d----------2017/9/30 15:10:08
2017-09-30 15:10:12,525 [3] DEBUG LISTServer - 登录游戏成功,当前对象存在----------2017/9/30 15:10:12
2017-09-30 15:10:12,571 [40] DEBUG LISTServer - 登录游戏成功,当前对象存在----------2017/9/30 15:10:12
