2017-09-18 09:32:05,292 [1] DEBUG DefaultBootstrap - The server instance LISTServer has been created!
2017-09-18 09:32:05,414 [1] DEBUG LISTServer - The command 11020(ListBLL.Logic.GameOperation) has been discovered
2017-09-18 09:32:05,415 [1] DEBUG LISTServer - The command 10001(ListBLL.Logic.Heartbeat) has been discovered
2017-09-18 09:32:05,415 [1] DEBUG LISTServer - The command 11001(ListBLL.Logic.Login) has been discovered
2017-09-18 09:32:05,415 [1] DEBUG LISTServer - The command 19003(ListBLL.Logic.UserGamePlaybackLogic) has been discovered
2017-09-18 09:32:05,415 [1] DEBUG LISTServer - The command 19001(ListBLL.Logic.UserRecordLogic) has been discovered
2017-09-18 09:32:05,426 [1] DEBUG DefaultBootstrap - The server instance LISTServer has been initialized!
2017-09-18 09:32:06,688 [1] DEBUG DefaultBootstrap - The PerformanceMonitor has been initialized!
2017-09-18 09:32:06,688 [1] DEBUG DefaultBootstrap - The Bootstrap has been initialized!
2017-09-18 09:32:06,705 [1] DEBUG LISTServer - Listener (0.0.0.0:2018) was started
2017-09-18 09:32:06,710 [1] DEBUG DefaultBootstrap - The PerformanceMonitor has been started!
2017-09-18 09:36:39,747 [9] DEBUG LISTServer - 登陆sssionID--------8d1fa289-dd57-4cd9-8992-267d20f7275f
2017-09-18 09:36:39,747 [9] DEBUG LISTServer - 登录游戏----------2017/9/18 9:36:39
2017-09-18 09:36:41,328 [9] DEBUG LISTServer - 登录用户openid:123432415|昵称:shit----------2017/9/18 9:36:41
2017-09-18 09:36:46,376 [9] DEBUG LISTServer - 登录游戏成功----------2017/9/18 9:36:46
2017-09-18 09:36:48,066 [8] DEBUG LISTServer - 登陆sssionID--------51fdb127-a43f-4cba-bcef-f05d658251f0
2017-09-18 09:36:48,066 [8] DEBUG LISTServer - 登录游戏----------2017/9/18 9:36:48
2017-09-18 09:36:48,404 [8] DEBUG LISTServer - 登录用户openid:14525427|昵称:fsdfesdfe----------2017/9/18 9:36:48
2017-09-18 09:36:49,114 [8] DEBUG LISTServer - 登录游戏成功----------2017/9/18 9:36:49
2017-09-18 09:43:06,378 [8] DEBUG LISTServer - 登陆sssionID--------de80586b-260c-4ca7-99a3-c0115f2845d2
2017-09-18 09:43:06,378 [8] DEBUG LISTServer - 登录游戏----------2017/9/18 9:43:06
2017-09-18 09:43:07,770 [8] DEBUG LISTServer - 登录用户openid:瑶哥大帅逼|昵称:瑶哥大帅逼----------2017/9/18 9:43:07
2017-09-18 09:43:12,077 [8] DEBUG LISTServer - 登录游戏成功----------2017/9/18 9:43:12
2017-09-18 09:44:04,086 [8] DEBUG LISTServer - 登陆sssionID--------d1724af7-db39-4c88-8081-1e05cf7959c7
2017-09-18 09:44:04,087 [8] DEBUG LISTServer - 登录游戏----------2017/9/18 9:44:04
2017-09-18 09:44:04,460 [8] DEBUG LISTServer - 登录用户openid:瑶哥小帅逼|昵称:瑶哥小帅逼----------2017/9/18 9:44:04
2017-09-18 09:44:05,155 [8] DEBUG LISTServer - 登录游戏成功----------2017/9/18 9:44:05
2017-09-18 09:45:34,490 [9] DEBUG LISTServer - 登陆sssionID--------6d605f78-9d5f-40c4-bf7b-cf5c46ab1801
2017-09-18 09:45:34,490 [9] DEBUG LISTServer - 登录游戏----------2017/9/18 9:45:34
2017-09-18 09:45:35,085 [9] DEBUG LISTServer - 登录用户openid:123432415|昵称:shit----------2017/9/18 9:45:35
2017-09-18 09:45:35,828 [9] DEBUG LISTServer - 登录游戏成功,当前对象存在----------2017/9/18 9:45:35
2017-09-18 09:45:36,728 [27] DEBUG LISTServer - 登陆sssionID--------b4430f3c-571b-4355-a920-dec28f3c049b
2017-09-18 09:45:36,728 [27] DEBUG LISTServer - 登录游戏----------2017/9/18 9:45:36
2017-09-18 09:45:36,914 [27] DEBUG LISTServer - 登录用户openid:14525427|昵称:fsdfesdfe----------2017/9/18 9:45:36
2017-09-18 09:45:37,577 [27] DEBUG LISTServer - 登录游戏成功,当前对象存在----------2017/9/18 9:45:37
2017-09-18 09:47:41,279 [9] DEBUG LISTServer - 登陆sssionID--------27922357-8ccf-4488-8a05-fdc82995d762
2017-09-18 09:47:41,279 [9] DEBUG LISTServer - 登录游戏----------2017/9/18 9:47:41
2017-09-18 09:47:41,830 [9] DEBUG LISTServer - 登录用户openid:123432415|昵称:shit----------2017/9/18 9:47:41
2017-09-18 09:47:42,087 [10] DEBUG LISTServer - 登陆sssionID--------7ee9d094-0753-4b43-b4a6-25803882427b
2017-09-18 09:47:42,087 [10] DEBUG LISTServer - 登录游戏----------2017/9/18 9:47:42
2017-09-18 09:47:42,401 [9] DEBUG LISTServer - 登录游戏成功,当前对象存在----------2017/9/18 9:47:42
2017-09-18 09:47:42,718 [10] DEBUG LISTServer - 登录用户openid:瑶哥大帅逼|昵称:瑶哥大帅逼----------2017/9/18 9:47:42
2017-09-18 09:47:43,276 [10] DEBUG LISTServer - 登录游戏成功,当前对象存在----------2017/9/18 9:47:43
2017-09-18 09:47:43,409 [66] DEBUG LISTServer - 登陆sssionID--------c5d9d2ab-1705-43dd-888d-3f4c2a9b3282
2017-09-18 09:47:43,409 [66] DEBUG LISTServer - 登录游戏----------2017/9/18 9:47:43
2017-09-18 09:47:43,616 [66] DEBUG LISTServer - 登录用户openid:14525427|昵称:fsdfesdfe----------2017/9/18 9:47:43
2017-09-18 09:47:44,322 [66] DEBUG LISTServer - 登录游戏成功,当前对象存在----------2017/9/18 9:47:44
2017-09-18 10:03:52,287 [65] DEBUG LISTServer - 登陆sssionID--------092b1fa2-2824-4dfa-b212-6db429059e05
2017-09-18 10:03:52,287 [65] DEBUG LISTServer - 登录游戏----------2017/9/18 10:03:52
2017-09-18 10:03:53,253 [65] DEBUG LISTServer - 登录用户openid:瑶哥大帅逼|昵称:瑶哥大帅逼----------2017/9/18 10:03:53
2017-09-18 10:03:54,074 [65] DEBUG LISTServer - 登录游戏成功,当前对象存在----------2017/9/18 10:03:54
2017-09-18 10:08:24,334 [66] DEBUG LISTServer - 登陆sssionID--------ee50c597-0f02-4324-84fb-05f407082f5b
2017-09-18 10:08:24,334 [66] DEBUG LISTServer - 登录游戏----------2017/9/18 10:08:24
2017-09-18 10:08:25,251 [66] DEBUG LISTServer - 登录用户openid:瑶哥大帅逼|昵称:瑶哥大帅逼----------2017/9/18 10:08:25
2017-09-18 10:08:26,130 [66] DEBUG LISTServer - 登录游戏成功,当前对象存在----------2017/9/18 10:08:26
2017-09-18 10:08:45,659 [66] DEBUG LISTServer - 登陆sssionID--------05721ab4-f2d9-436f-a82e-92677e622321
2017-09-18 10:08:45,659 [66] DEBUG LISTServer - 登录游戏----------2017/9/18 10:08:45
2017-09-18 10:08:45,985 [66] DEBUG LISTServer - 登录用户openid:瑶哥小帅逼|昵称:瑶哥小帅逼----------2017/9/18 10:08:45
2017-09-18 10:08:46,727 [66] DEBUG LISTServer - 登录游戏成功,当前对象存在----------2017/9/18 10:08:46
2017-09-18 10:09:06,155 [86] DEBUG LISTServer - 登陆sssionID--------73f3b5de-ca77-4454-afb0-ed12373e87ad
2017-09-18 10:09:06,155 [86] DEBUG LISTServer - 登录游戏----------2017/9/18 10:09:06
2017-09-18 10:09:06,468 [86] DEBUG LISTServer - 登录用户openid:123432415|昵称:shit----------2017/9/18 10:09:06
2017-09-18 10:09:07,063 [86] DEBUG LISTServer - 登录游戏成功,当前对象存在----------2017/9/18 10:09:07
2017-09-18 10:09:07,850 [30] DEBUG LISTServer - 登陆sssionID--------f63e1e0d-0ded-41b5-80eb-e4b9e8d89be2
2017-09-18 10:09:07,850 [30] DEBUG LISTServer - 登录游戏----------2017/9/18 10:09:07
2017-09-18 10:09:08,105 [30] DEBUG LISTServer - 登录用户openid:14525427|昵称:fsdfesdfe----------2017/9/18 10:09:08
2017-09-18 10:09:08,740 [30] DEBUG LISTServer - 登录游戏成功,当前对象存在----------2017/9/18 10:09:08
2017-09-18 10:20:39,385 [65] DEBUG LISTServer - 登陆sssionID--------66b2b239-9845-4485-8528-8dbd6d01876d
2017-09-18 10:20:39,385 [65] DEBUG LISTServer - 登录游戏----------2017/9/18 10:20:39
2017-09-18 10:20:39,871 [65] DEBUG LISTServer - 登录用户openid:123432415|昵称:shit----------2017/9/18 10:20:39
2017-09-18 10:20:40,569 [65] DEBUG LISTServer - 登录游戏成功,当前对象存在----------2017/9/18 10:20:40
2017-09-18 10:20:41,442 [66] DEBUG LISTServer - 登陆sssionID--------da006b04-fa82-4b1b-bb7e-19bcb1975a48
2017-09-18 10:20:41,442 [66] DEBUG LISTServer - 登录游戏----------2017/9/18 10:20:41
2017-09-18 10:20:41,621 [66] DEBUG LISTServer - 登录用户openid:14525427|昵称:fsdfesdfe----------2017/9/18 10:20:41
2017-09-18 10:20:42,238 [66] DEBUG LISTServer - 登录游戏成功,当前对象存在----------2017/9/18 10:20:42
2017-09-18 10:22:20,189 [30] DEBUG LISTServer - 登陆sssionID--------b69a72ce-420a-447c-a1de-fc3683e83ec8
2017-09-18 10:22:20,189 [30] DEBUG LISTServer - 登录游戏----------2017/9/18 10:22:20
2017-09-18 10:22:20,525 [30] DEBUG LISTServer - 登录用户openid:123432415|昵称:shit----------2017/9/18 10:22:20
2017-09-18 10:22:21,248 [30] DEBUG LISTServer - 登录游戏成功,当前对象存在----------2017/9/18 10:22:21
2017-09-18 10:22:22,089 [66] DEBUG LISTServer - 登陆sssionID--------1e29378e-934a-4037-9425-6f4ad52455cc
2017-09-18 10:22:22,089 [66] DEBUG LISTServer - 登录游戏----------2017/9/18 10:22:22
2017-09-18 10:22:22,293 [66] DEBUG LISTServer - 登录用户openid:14525427|昵称:fsdfesdfe----------2017/9/18 10:22:22
2017-09-18 10:22:22,957 [66] DEBUG LISTServer - 登录游戏成功,当前对象存在----------2017/9/18 10:22:22
2017-09-18 10:24:19,983 [30] DEBUG LISTServer - 登陆sssionID--------b0ebd286-7121-4e79-ae71-32c95d85bc24
2017-09-18 10:24:19,983 [30] DEBUG LISTServer - 登录游戏----------2017/9/18 10:24:19
2017-09-18 10:24:20,407 [30] DEBUG LISTServer - 登录用户openid:123432415|昵称:shit----------2017/9/18 10:24:20
2017-09-18 10:24:21,120 [30] DEBUG LISTServer - 登录游戏成功,当前对象存在----------2017/9/18 10:24:21
2017-09-18 10:24:22,112 [86] DEBUG LISTServer - 登陆sssionID--------ea7d51e8-0cd2-4400-a553-16b4755fcb93
2017-09-18 10:24:22,112 [86] DEBUG LISTServer - 登录游戏----------2017/9/18 10:24:22
2017-09-18 10:24:22,304 [86] DEBUG LISTServer - 登录用户openid:14525427|昵称:fsdfesdfe----------2017/9/18 10:24:22
2017-09-18 10:24:22,889 [86] DEBUG LISTServer - 登录游戏成功,当前对象存在----------2017/9/18 10:24:22
2017-09-18 10:33:39,528 [30] DEBUG LISTServer - 登陆sssionID--------f5a12b53-2353-4518-86ff-44fb247c59ba
2017-09-18 10:33:39,528 [30] DEBUG LISTServer - 登录游戏----------2017/9/18 10:33:39
2017-09-18 10:33:40,013 [30] DEBUG LISTServer - 登录用户openid:123432415|昵称:shit----------2017/9/18 10:33:40
2017-09-18 10:33:40,773 [30] DEBUG LISTServer - 登录游戏成功,当前对象存在----------2017/9/18 10:33:40
2017-09-18 10:33:41,762 [78] DEBUG LISTServer - 登陆sssionID--------42bad887-b0ba-426e-993f-edbb89b19f98
2017-09-18 10:33:41,762 [78] DEBUG LISTServer - 登录游戏----------2017/9/18 10:33:41
2017-09-18 10:33:41,942 [78] DEBUG LISTServer - 登录用户openid:14525427|昵称:fsdfesdfe----------2017/9/18 10:33:41
2017-09-18 10:33:42,729 [78] DEBUG LISTServer - 登录游戏成功,当前对象存在----------2017/9/18 10:33:42
2017-09-18 10:36:18,414 [78] DEBUG LISTServer - 登陆sssionID--------2f6afba8-b66a-4f72-bddd-bb635f44d229
2017-09-18 10:36:18,414 [78] DEBUG LISTServer - 登录游戏----------2017/9/18 10:36:18
2017-09-18 10:36:18,980 [78] DEBUG LISTServer - 登录用户openid:123432415|昵称:shit----------2017/9/18 10:36:18
2017-09-18 10:36:19,614 [78] DEBUG LISTServer - 登录游戏成功,当前对象存在----------2017/9/18 10:36:19
2017-09-18 10:36:20,661 [73] DEBUG LISTServer - 登陆sssionID--------ad684c4b-2449-4e65-b9a5-ecd5fb6af039
2017-09-18 10:36:20,661 [73] DEBUG LISTServer - 登录游戏----------2017/9/18 10:36:20
2017-09-18 10:36:20,836 [73] DEBUG LISTServer - 登录用户openid:14525427|昵称:fsdfesdfe----------2017/9/18 10:36:20
2017-09-18 10:36:21,504 [73] DEBUG LISTServer - 登录游戏成功,当前对象存在----------2017/9/18 10:36:21
2017-09-18 10:41:01,330 [73] DEBUG LISTServer - 登陆sssionID--------c81605af-067d-4b85-9ae0-a219b455b7ab
2017-09-18 10:41:01,330 [73] DEBUG LISTServer - 登录游戏----------2017/9/18 10:41:01
2017-09-18 10:41:01,928 [73] DEBUG LISTServer - 登录用户openid:123432415|昵称:shit----------2017/9/18 10:41:01
2017-09-18 10:41:02,566 [73] DEBUG LISTServer - 登录游戏成功,当前对象存在----------2017/9/18 10:41:02
2017-09-18 10:41:03,493 [60] DEBUG LISTServer - 登陆sssionID--------7cb3311b-53d3-467b-852e-2b1c1c3a62f4
2017-09-18 10:41:03,493 [60] DEBUG LISTServer - 登录游戏----------2017/9/18 10:41:03
2017-09-18 10:41:03,704 [60] DEBUG LISTServer - 登录用户openid:14525427|昵称:fsdfesdfe----------2017/9/18 10:41:03
2017-09-18 10:41:04,283 [60] DEBUG LISTServer - 登录游戏成功,当前对象存在----------2017/9/18 10:41:04
2017-09-18 10:41:28,202 [78] DEBUG LISTServer - 登陆sssionID--------3fcd2ac4-399e-4cfd-8ffd-2ca2748b4e7b
2017-09-18 10:41:28,202 [78] DEBUG LISTServer - 登录游戏----------2017/9/18 10:41:28
2017-09-18 10:41:28,466 [78] DEBUG LISTServer - 登录用户openid:123432415|昵称:shit----------2017/9/18 10:41:28
2017-09-18 10:41:29,228 [78] DEBUG LISTServer - 登录游戏成功,当前对象存在----------2017/9/18 10:41:29
2017-09-18 10:41:30,431 [30] DEBUG LISTServer - 登陆sssionID--------36793f11-d693-4571-b89c-ebb3a13cce77
2017-09-18 10:41:30,431 [30] DEBUG LISTServer - 登录游戏----------2017/9/18 10:41:30
2017-09-18 10:41:30,634 [30] DEBUG LISTServer - 登录用户openid:14525427|昵称:fsdfesdfe----------2017/9/18 10:41:30
2017-09-18 10:41:31,397 [30] DEBUG LISTServer - 登录游戏成功,当前对象存在----------2017/9/18 10:41:31
2017-09-18 10:57:48,871 [30] DEBUG LISTServer - 登陆sssionID--------1c50ee16-c721-41ec-bc57-5ce685ab0ed4
2017-09-18 10:57:48,871 [30] DEBUG LISTServer - 登录游戏----------2017/9/18 10:57:48
2017-09-18 10:57:49,557 [30] DEBUG LISTServer - 登录用户openid:123432415|昵称:shit----------2017/9/18 10:57:49
2017-09-18 10:57:50,312 [30] DEBUG LISTServer - 登录游戏成功,当前对象存在----------2017/9/18 10:57:50
2017-09-18 10:57:51,188 [41] DEBUG LISTServer - 登陆sssionID--------f6dea0f5-4922-4a3e-8ebb-c87e8ada769d
2017-09-18 10:57:51,188 [41] DEBUG LISTServer - 登录游戏----------2017/9/18 10:57:51
2017-09-18 10:57:51,461 [41] DEBUG LISTServer - 登录用户openid:14525427|昵称:fsdfesdfe----------2017/9/18 10:57:51
2017-09-18 10:57:52,311 [41] DEBUG LISTServer - 登录游戏成功,当前对象存在----------2017/9/18 10:57:52
2017-09-18 11:08:39,973 [41] DEBUG LISTServer - 登陆sssionID--------49ba8f71-fbfe-40c5-9c17-68f7068869d0
2017-09-18 11:08:39,973 [41] DEBUG LISTServer - 登录游戏----------2017/9/18 11:08:39
2017-09-18 11:08:40,658 [41] DEBUG LISTServer - 登录用户openid:123432415|昵称:shit----------2017/9/18 11:08:40
2017-09-18 11:08:41,302 [41] DEBUG LISTServer - 登录游戏成功,当前对象存在----------2017/9/18 11:08:41
2017-09-18 11:08:42,459 [70] DEBUG LISTServer - 登陆sssionID--------c7a651ee-0216-4dd2-92c9-8608294b0994
2017-09-18 11:08:42,460 [70] DEBUG LISTServer - 登录游戏----------2017/9/18 11:08:42
2017-09-18 11:08:42,738 [70] DEBUG LISTServer - 登录用户openid:14525427|昵称:fsdfesdfe----------2017/9/18 11:08:42
2017-09-18 11:08:43,362 [70] DEBUG LISTServer - 登录游戏成功,当前对象存在----------2017/9/18 11:08:43
2017-09-18 11:13:10,545 [43] DEBUG LISTServer - 登陆sssionID--------5a14edf6-58c4-4ad7-8f73-c4be14dedb94
2017-09-18 11:13:10,545 [43] DEBUG LISTServer - 登录游戏----------2017/9/18 11:13:10
2017-09-18 11:13:11,261 [43] DEBUG LISTServer - 登录用户openid:123432415|昵称:shit----------2017/9/18 11:13:11
2017-09-18 11:13:12,144 [43] DEBUG LISTServer - 登录游戏成功,当前对象存在----------2017/9/18 11:13:12
2017-09-18 11:13:13,052 [43] DEBUG LISTServer - 登陆sssionID--------fa2fa83e-c419-4c57-ae02-cbd731fffa72
2017-09-18 11:13:13,052 [43] DEBUG LISTServer - 登录游戏----------2017/9/18 11:13:13
2017-09-18 11:13:13,275 [43] DEBUG LISTServer - 登录用户openid:14525427|昵称:fsdfesdfe----------2017/9/18 11:13:13
2017-09-18 11:13:13,965 [43] DEBUG LISTServer - 登录游戏成功,当前对象存在----------2017/9/18 11:13:13
2017-09-18 11:17:07,930 [70] DEBUG LISTServer - 登陆sssionID--------23b1868a-93fe-420d-84ca-d7bee189321b
2017-09-18 11:17:07,930 [70] DEBUG LISTServer - 登录游戏----------2017/9/18 11:17:07
2017-09-18 11:17:08,862 [70] DEBUG LISTServer - 登录用户openid:123432415|昵称:shit----------2017/9/18 11:17:08
2017-09-18 11:17:09,805 [70] DEBUG LISTServer - 登录游戏成功,当前对象存在----------2017/9/18 11:17:09
2017-09-18 11:17:10,726 [70] DEBUG LISTServer - 登陆sssionID--------f550881b-c931-44d4-bb55-e79c5473b9ed
2017-09-18 11:17:10,726 [70] DEBUG LISTServer - 登录游戏----------2017/9/18 11:17:10
2017-09-18 11:17:11,038 [70] DEBUG LISTServer - 登录用户openid:14525427|昵称:fsdfesdfe----------2017/9/18 11:17:11
2017-09-18 11:17:11,629 [70] DEBUG LISTServer - 登录游戏成功,当前对象存在----------2017/9/18 11:17:11
2017-09-18 11:24:10,626 [42] DEBUG LISTServer - 登陆sssionID--------3e3e988e-ffdb-407b-8433-aba3cdf54531
2017-09-18 11:24:10,626 [42] DEBUG LISTServer - 登录游戏----------2017/9/18 11:24:10
2017-09-18 11:24:11,232 [42] DEBUG LISTServer - 登录用户openid:123432415|昵称:shit----------2017/9/18 11:24:11
2017-09-18 11:24:11,953 [42] DEBUG LISTServer - 登录游戏成功,当前对象存在----------2017/9/18 11:24:11
2017-09-18 11:24:21,173 [35] DEBUG LISTServer - 登陆sssionID--------1196b89f-9b23-473b-beb7-e8e20211c303
2017-09-18 11:24:21,173 [35] DEBUG LISTServer - 登录游戏----------2017/9/18 11:24:21
2017-09-18 11:24:21,450 [35] DEBUG LISTServer - 登录用户openid:123432415|昵称:shit----------2017/9/18 11:24:21
2017-09-18 11:24:22,153 [35] DEBUG LISTServer - 登录游戏成功,当前对象存在----------2017/9/18 11:24:22
2017-09-18 11:24:32,051 [36] DEBUG LISTServer - 登陆sssionID--------1898e502-d4ba-48b4-a91d-2c478bd231f7
2017-09-18 11:24:32,051 [36] DEBUG LISTServer - 登录游戏----------2017/9/18 11:24:32
2017-09-18 11:24:32,292 [36] DEBUG LISTServer - 登录用户openid:123432415|昵称:shit----------2017/9/18 11:24:32
2017-09-18 11:24:33,077 [36] DEBUG LISTServer - 登录游戏成功,当前对象存在----------2017/9/18 11:24:33
2017-09-18 13:38:28,489 [36] DEBUG LISTServer - 登陆sssionID--------69b6af23-9504-4f20-8f3f-6c0aa486af22
2017-09-18 13:38:28,489 [36] DEBUG LISTServer - 登录游戏----------2017/9/18 13:38:28
2017-09-18 13:38:29,764 [36] DEBUG LISTServer - 登录用户openid:弗拉基米尔|昵称:弗拉基米尔----------2017/9/18 13:38:29
2017-09-18 13:38:30,795 [36] DEBUG LISTServer - 登录游戏成功----------2017/9/18 13:38:30
2017-09-18 13:39:41,806 [36] DEBUG LISTServer - 登陆sssionID--------4fce8663-1c09-497e-8aff-9b9dbe6d76e9
2017-09-18 13:39:41,806 [36] DEBUG LISTServer - 登录游戏----------2017/9/18 13:39:41
2017-09-18 13:39:42,422 [36] DEBUG LISTServer - 登录用户openid:瑶哥大帅比|昵称:瑶哥大帅比----------2017/9/18 13:39:42
2017-09-18 13:39:43,317 [36] DEBUG LISTServer - 登录游戏成功----------2017/9/18 13:39:43
2017-09-18 13:42:25,598 [36] DEBUG LISTServer - 登陆sssionID--------6bd896eb-33a3-4bfc-bbbb-657933a1b3eb
2017-09-18 13:42:25,598 [36] DEBUG LISTServer - 登录游戏----------2017/9/18 13:42:25
2017-09-18 13:42:26,615 [36] DEBUG LISTServer - 登录用户openid:瑶哥大帅比|昵称:瑶哥大帅比----------2017/9/18 13:42:26
2017-09-18 13:42:27,390 [36] DEBUG LISTServer - 登录游戏成功,当前对象存在----------2017/9/18 13:42:27
2017-09-18 13:42:48,691 [56] DEBUG LISTServer - 登陆sssionID--------ccf4425c-392f-4d44-b558-a5e46609a265
2017-09-18 13:42:48,691 [56] DEBUG LISTServer - 登录游戏----------2017/9/18 13:42:48
2017-09-18 13:42:49,028 [56] DEBUG LISTServer - 登录用户openid:弗拉基米尔|昵称:弗拉基米尔----------2017/9/18 13:42:49
2017-09-18 13:42:49,747 [56] DEBUG LISTServer - 登录游戏成功,当前对象存在----------2017/9/18 13:42:49
2017-09-18 13:44:28,813 [36] DEBUG LISTServer - 登陆sssionID--------a0ab9150-4c4c-452c-938f-326893ba6f60
2017-09-18 13:44:28,813 [36] DEBUG LISTServer - 登录游戏----------2017/9/18 13:44:28
2017-09-18 13:44:29,311 [36] DEBUG LISTServer - 登录用户openid:弗拉基米尔1|昵称:弗拉基米尔1----------2017/9/18 13:44:29
2017-09-18 13:44:30,049 [36] DEBUG LISTServer - 登录游戏成功----------2017/9/18 13:44:30
2017-09-18 13:50:47,640 [36] DEBUG LISTServer - 登陆sssionID--------eed0833f-c7c0-4430-96bf-d5874269e1df
2017-09-18 13:50:47,640 [36] DEBUG LISTServer - 登录游戏----------2017/9/18 13:50:47
2017-09-18 13:50:48,646 [36] DEBUG LISTServer - 登录用户openid:sgdgsdgh|昵称:sgdgsdgh----------2017/9/18 13:50:48
2017-09-18 13:50:49,435 [36] DEBUG LISTServer - 登录游戏成功----------2017/9/18 13:50:49
2017-09-18 14:08:31,002 [60] DEBUG LISTServer - 登陆sssionID--------28854745-c40e-4c19-8ef8-bcd7b7160482
2017-09-18 14:08:31,002 [60] DEBUG LISTServer - 登录游戏----------2017/9/18 14:08:31
2017-09-18 14:08:31,819 [60] DEBUG LISTServer - 登录用户openid:弗拉基米尔1|昵称:弗拉基米尔1----------2017/9/18 14:08:31
2017-09-18 14:08:32,729 [60] DEBUG LISTServer - 登录游戏成功,当前对象存在----------2017/9/18 14:08:32
2017-09-18 14:16:05,988 [56] DEBUG LISTServer - 登陆sssionID--------688badd4-4de7-4e60-a64d-c4722965f4d3
2017-09-18 14:16:05,988 [56] DEBUG LISTServer - 登录游戏----------2017/9/18 14:16:05
2017-09-18 14:16:07,166 [56] DEBUG LISTServer - 登录用户openid:弗拉基米尔1|昵称:弗拉基米尔1----------2017/9/18 14:16:07
2017-09-18 14:16:08,283 [56] DEBUG LISTServer - 登录游戏成功,当前对象存在----------2017/9/18 14:16:08
2017-09-18 14:16:29,501 [36] DEBUG LISTServer - 登陆sssionID--------43648dce-777a-445e-bfe0-4bab821238e4
2017-09-18 14:16:29,501 [36] DEBUG LISTServer - 登录游戏----------2017/9/18 14:16:29
2017-09-18 14:16:29,992 [36] DEBUG LISTServer - 登录用户openid:sgdgsdgh|昵称:sgdgsdgh----------2017/9/18 14:16:29
2017-09-18 14:16:31,479 [36] DEBUG LISTServer - 登录游戏成功,当前对象存在----------2017/9/18 14:16:31
2017-09-18 14:18:28,493 [60] DEBUG LISTServer - 登陆sssionID--------e86cc2dd-365e-4283-a780-777b47f4e9f6
2017-09-18 14:18:28,493 [60] DEBUG LISTServer - 登录游戏----------2017/9/18 14:18:28
2017-09-18 14:18:29,300 [60] DEBUG LISTServer - 登录用户openid:弗拉基米尔1|昵称:弗拉基米尔1----------2017/9/18 14:18:29
2017-09-18 14:18:30,256 [60] DEBUG LISTServer - 登录游戏成功,当前对象存在----------2017/9/18 14:18:30
2017-09-18 14:18:50,672 [60] DEBUG LISTServer - 登陆sssionID--------eaa96839-563f-45c9-9d51-23af7aceceb0
2017-09-18 14:18:50,672 [60] DEBUG LISTServer - 登录游戏----------2017/9/18 14:18:50
2017-09-18 14:18:50,959 [60] DEBUG LISTServer - 登录用户openid:sgdgsdgh|昵称:sgdgsdgh----------2017/9/18 14:18:50
2017-09-18 14:18:51,774 [60] DEBUG LISTServer - 登录游戏成功,当前对象存在----------2017/9/18 14:18:51
2017-09-18 14:22:17,179 [36] DEBUG LISTServer - 登陆sssionID--------ac7265e1-2da7-438d-b488-62640ca5f48c
2017-09-18 14:22:17,179 [36] DEBUG LISTServer - 登录游戏----------2017/9/18 14:22:17
2017-09-18 14:22:17,910 [36] DEBUG LISTServer - 登录用户openid:sgdgsdgh|昵称:sgdgsdgh----------2017/9/18 14:22:17
2017-09-18 14:22:18,730 [36] DEBUG LISTServer - 登录游戏成功,当前对象存在----------2017/9/18 14:22:18
2017-09-18 14:22:25,847 [60] DEBUG LISTServer - 登陆sssionID--------9ad3aa6c-b000-4e5a-bb38-bb5245370068
2017-09-18 14:22:25,847 [60] DEBUG LISTServer - 登录游戏----------2017/9/18 14:22:25
2017-09-18 14:22:26,018 [60] DEBUG LISTServer - 登录用户openid:弗拉基米尔1|昵称:弗拉基米尔1----------2017/9/18 14:22:26
2017-09-18 14:22:26,673 [60] DEBUG LISTServer - 登录游戏成功,当前对象存在----------2017/9/18 14:22:26
2017-09-18 14:24:15,778 [56] DEBUG LISTServer - 登陆sssionID--------a5d69109-f14c-4144-8b80-30bbe45d54f8
2017-09-18 14:24:15,778 [56] DEBUG LISTServer - 登录游戏----------2017/9/18 14:24:15
2017-09-18 14:24:16,648 [56] DEBUG LISTServer - 登录用户openid:弗拉基米尔1|昵称:弗拉基米尔1----------2017/9/18 14:24:16
2017-09-18 14:24:17,557 [56] DEBUG LISTServer - 登录游戏成功,当前对象存在----------2017/9/18 14:24:17
2017-09-18 14:24:20,423 [42] DEBUG LISTServer - 登陆sssionID--------9554dc0a-4c81-4539-829b-a6c22e40469c
2017-09-18 14:24:20,423 [42] DEBUG LISTServer - 登录游戏----------2017/9/18 14:24:20
2017-09-18 14:24:20,608 [42] DEBUG LISTServer - 登录用户openid:sgdgsdgh|昵称:sgdgsdgh----------2017/9/18 14:24:20
2017-09-18 14:24:21,412 [42] DEBUG LISTServer - 登录游戏成功,当前对象存在----------2017/9/18 14:24:21
2017-09-18 14:26:45,175 [36] DEBUG LISTServer - 登陆sssionID--------dff44226-edfa-4ebc-8c15-732a072b3429
2017-09-18 14:26:45,175 [36] DEBUG LISTServer - 登录游戏----------2017/9/18 14:26:45
2017-09-18 14:26:45,826 [36] DEBUG LISTServer - 登录用户openid:弗拉基米尔1|昵称:弗拉基米尔1----------2017/9/18 14:26:45
2017-09-18 14:26:46,761 [36] DEBUG LISTServer - 登录游戏成功,当前对象存在----------2017/9/18 14:26:46
2017-09-18 14:30:47,064 [36] DEBUG LISTServer - 登陆sssionID--------f66c1551-6ff4-44a9-b93b-6bc5d9136167
2017-09-18 14:30:47,064 [36] DEBUG LISTServer - 登录游戏----------2017/9/18 14:30:47
2017-09-18 14:30:47,941 [36] DEBUG LISTServer - 登录用户openid:弗拉基米尔1|昵称:弗拉基米尔1----------2017/9/18 14:30:47
2017-09-18 14:30:48,662 [36] DEBUG LISTServer - 登录游戏成功,当前对象存在----------2017/9/18 14:30:48
2017-09-18 14:31:19,748 [36] DEBUG LISTServer - 登陆sssionID--------3589576b-9d30-45d3-8604-b8d766115475
2017-09-18 14:31:19,748 [36] DEBUG LISTServer - 登录游戏----------2017/9/18 14:31:19
2017-09-18 14:31:20,009 [36] DEBUG LISTServer - 登录用户openid:sgdgsdgh|昵称:sgdgsdgh----------2017/9/18 14:31:20
2017-09-18 14:31:20,957 [36] DEBUG LISTServer - 登录游戏成功,当前对象存在----------2017/9/18 14:31:20
2017-09-18 14:34:44,573 [60] DEBUG LISTServer - 登陆sssionID--------d08de092-e40b-4e77-8da3-ad9d1488d472
2017-09-18 14:34:44,573 [60] DEBUG LISTServer - 登录游戏----------2017/9/18 14:34:44
2017-09-18 14:34:45,399 [60] DEBUG LISTServer - 登录用户openid:sgdgsdgh|昵称:sgdgsdgh----------2017/9/18 14:34:45
2017-09-18 14:34:46,176 [60] DEBUG LISTServer - 登录游戏成功,当前对象存在----------2017/9/18 14:34:46
2017-09-18 14:36:57,126 [56] DEBUG LISTServer - 登陆sssionID--------190e8742-2e87-48dc-a006-b7765ffcf0bf
2017-09-18 14:36:57,127 [56] DEBUG LISTServer - 登录游戏----------2017/9/18 14:36:57
2017-09-18 14:36:57,793 [56] DEBUG LISTServer - 登录用户openid:sgdgsdgh|昵称:sgdgsdgh----------2017/9/18 14:36:57
2017-09-18 14:36:58,511 [56] DEBUG LISTServer - 登录游戏成功,当前对象存在----------2017/9/18 14:36:58
2017-09-18 14:36:58,561 [36] DEBUG LISTServer - 登陆sssionID--------5de00d35-c223-4eb0-b0db-2a7f805af9ea
2017-09-18 14:36:58,561 [36] DEBUG LISTServer - 登录游戏----------2017/9/18 14:36:58
2017-09-18 14:36:58,736 [36] DEBUG LISTServer - 登录用户openid:弗拉基米尔1|昵称:弗拉基米尔1----------2017/9/18 14:36:58
2017-09-18 14:36:59,518 [36] DEBUG LISTServer - 登录游戏成功,当前对象存在----------2017/9/18 14:36:59
2017-09-18 14:38:29,810 [56] DEBUG LISTServer - 登陆sssionID--------e8e427cb-8727-4cb8-8a76-8b890e576926
2017-09-18 14:38:29,810 [56] DEBUG LISTServer - 登录游戏----------2017/9/18 14:38:29
2017-09-18 14:38:30,028 [56] DEBUG LISTServer - 登录用户openid:弗拉基米尔1|昵称:弗拉基米尔1----------2017/9/18 14:38:30
2017-09-18 14:38:30,757 [56] DEBUG LISTServer - 登录游戏成功,当前对象存在----------2017/9/18 14:38:30
2017-09-18 14:39:34,383 [36] DEBUG LISTServer - 登陆sssionID--------617cc289-daa3-4776-a9aa-28f9abf6d20f
2017-09-18 14:39:34,383 [36] DEBUG LISTServer - 登录游戏----------2017/9/18 14:39:34
2017-09-18 14:39:34,841 [36] DEBUG LISTServer - 登录用户openid:sgdgsdgh|昵称:sgdgsdgh----------2017/9/18 14:39:34
2017-09-18 14:39:35,526 [36] DEBUG LISTServer - 登录游戏成功,当前对象存在----------2017/9/18 14:39:35
2017-09-18 14:39:43,414 [60] DEBUG LISTServer - 登陆sssionID--------be89c300-c253-478c-8784-59ff30a28988
2017-09-18 14:39:43,414 [60] DEBUG LISTServer - 登录游戏----------2017/9/18 14:39:43
2017-09-18 14:39:43,553 [60] DEBUG LISTServer - 登录用户openid:弗拉基米尔1|昵称:弗拉基米尔1----------2017/9/18 14:39:43
2017-09-18 14:39:44,093 [60] DEBUG LISTServer - 登录游戏成功,当前对象存在----------2017/9/18 14:39:44
2017-09-18 14:40:18,786 [36] DEBUG LISTServer - 登陆sssionID--------73d798dc-4369-4b9b-9bc3-7fa65e4eebaa
2017-09-18 14:40:18,786 [36] DEBUG LISTServer - 登录游戏----------2017/9/18 14:40:18
2017-09-18 14:40:19,003 [36] DEBUG LISTServer - 登录用户openid:弗拉基米尔1|昵称:弗拉基米尔1----------2017/9/18 14:40:19
2017-09-18 14:40:19,740 [36] DEBUG LISTServer - 登录游戏成功,当前对象存在----------2017/9/18 14:40:19
2017-09-18 14:40:47,481 [36] DEBUG LISTServer - 登陆sssionID--------a398df5a-1d01-4244-b323-ee93cea06c96
2017-09-18 14:40:47,481 [36] DEBUG LISTServer - 登录游戏----------2017/9/18 14:40:47
2017-09-18 14:40:47,657 [36] DEBUG LISTServer - 登录用户openid:sgdgsdgh|昵称:sgdgsdgh----------2017/9/18 14:40:47
2017-09-18 14:40:48,529 [36] DEBUG LISTServer - 登录游戏成功,当前对象存在----------2017/9/18 14:40:48
2017-09-18 14:41:13,695 [56] DEBUG LISTServer - 登陆sssionID--------c0ece901-cd2e-4ac1-a78b-f1d1992c3cba
2017-09-18 14:41:13,695 [56] DEBUG LISTServer - 登录游戏----------2017/9/18 14:41:13
2017-09-18 14:41:13,855 [56] DEBUG LISTServer - 登录用户openid:sgdgsdgh|昵称:sgdgsdgh----------2017/9/18 14:41:13
2017-09-18 14:41:14,619 [56] DEBUG LISTServer - 登录游戏成功,当前对象存在----------2017/9/18 14:41:14
2017-09-18 14:42:54,941 [60] DEBUG LISTServer - 登陆sssionID--------6e6fe2cf-11c0-4204-984f-3ae4892b92fd
2017-09-18 14:42:54,942 [60] DEBUG LISTServer - 登录游戏----------2017/9/18 14:42:54
2017-09-18 14:42:55,865 [60] DEBUG LISTServer - 登录用户openid:sgdgsdgh|昵称:sgdgsdgh----------2017/9/18 14:42:55
2017-09-18 14:42:56,459 [36] DEBUG LISTServer - 登陆sssionID--------f2350ad6-e3b5-4a9f-b453-954d2319d7c4
2017-09-18 14:42:56,459 [36] DEBUG LISTServer - 登录游戏----------2017/9/18 14:42:56
2017-09-18 14:42:56,630 [36] DEBUG LISTServer - 登录用户openid:弗拉基米尔1|昵称:弗拉基米尔1----------2017/9/18 14:42:56
2017-09-18 14:42:56,718 [60] DEBUG LISTServer - 登录游戏成功,当前对象存在----------2017/9/18 14:42:56
2017-09-18 14:42:57,600 [36] DEBUG LISTServer - 登录游戏成功,当前对象存在----------2017/9/18 14:42:57
2017-09-18 14:50:44,972 [60] DEBUG LISTServer - 登陆sssionID--------e2b71867-b516-4ce5-a96d-98f2e8dc4770
2017-09-18 14:50:44,972 [60] DEBUG LISTServer - 登录游戏----------2017/9/18 14:50:44
2017-09-18 14:50:45,952 [60] DEBUG LISTServer - 登录用户openid:弗拉基米尔1|昵称:弗拉基米尔1----------2017/9/18 14:50:45
2017-09-18 14:50:47,067 [60] DEBUG LISTServer - 登录游戏成功,当前对象存在----------2017/9/18 14:50:47
2017-09-18 14:56:44,364 [42] DEBUG LISTServer - 登陆sssionID--------7efd3548-8fb2-4a46-a41f-ccce8551b126
2017-09-18 14:56:44,364 [42] DEBUG LISTServer - 登录游戏----------2017/9/18 14:56:44
2017-09-18 14:56:45,307 [42] DEBUG LISTServer - 登录用户openid:弗拉基米尔1|昵称:弗拉基米尔1----------2017/9/18 14:56:45
2017-09-18 14:56:46,421 [42] DEBUG LISTServer - 登录游戏成功,当前对象存在----------2017/9/18 14:56:46
2017-09-18 14:57:31,821 [42] DEBUG LISTServer - 登陆sssionID--------81f0a151-dbfb-416a-abc1-2a3e601add73
2017-09-18 14:57:31,821 [42] DEBUG LISTServer - 登录游戏----------2017/9/18 14:57:31
2017-09-18 14:57:32,179 [42] DEBUG LISTServer - 登录用户openid:弗拉基米尔1|昵称:弗拉基米尔1----------2017/9/18 14:57:32
2017-09-18 14:57:32,950 [42] DEBUG LISTServer - 登录游戏成功,当前对象存在----------2017/9/18 14:57:32
2017-09-18 15:04:36,533 [36] DEBUG LISTServer - 登陆sssionID--------0e3d0c25-4103-4538-a05c-ad29d661b94e
2017-09-18 15:04:36,533 [36] DEBUG LISTServer - 登录游戏----------2017/9/18 15:04:36
2017-09-18 15:04:37,383 [36] DEBUG LISTServer - 登录用户openid:弗拉基米尔1|昵称:弗拉基米尔1----------2017/9/18 15:04:37
2017-09-18 15:04:38,388 [36] DEBUG LISTServer - 登录游戏成功,当前对象存在----------2017/9/18 15:04:38
2017-09-18 15:15:56,817 [36] DEBUG LISTServer - 登陆sssionID--------a198c813-41a3-4923-aabc-798b49b8457f
2017-09-18 15:15:56,817 [36] DEBUG LISTServer - 登录游戏----------2017/9/18 15:15:56
2017-09-18 15:15:57,707 [36] DEBUG LISTServer - 登录用户openid:弗拉基米尔1|昵称:弗拉基米尔1----------2017/9/18 15:15:57
2017-09-18 15:15:58,592 [36] DEBUG LISTServer - 登录游戏成功,当前对象存在----------2017/9/18 15:15:58
2017-09-18 15:18:09,635 [60] DEBUG LISTServer - 登陆sssionID--------81964715-a04c-4d74-93cd-4ec9ead30db2
2017-09-18 15:18:09,635 [60] DEBUG LISTServer - 登录游戏----------2017/9/18 15:18:09
2017-09-18 15:18:10,385 [60] DEBUG LISTServer - 登录用户openid:弗拉基米尔1|昵称:弗拉基米尔1----------2017/9/18 15:18:10
2017-09-18 15:18:11,186 [60] DEBUG LISTServer - 登录游戏成功,当前对象存在----------2017/9/18 15:18:11
2017-09-18 15:23:20,104 [42] DEBUG LISTServer - 登陆sssionID--------52503fa4-51cd-4d79-8a31-bb76d9ee16d2
2017-09-18 15:23:20,104 [42] DEBUG LISTServer - 登录游戏----------2017/9/18 15:23:20
2017-09-18 15:23:21,144 [42] DEBUG LISTServer - 登录用户openid:弗拉基米尔1|昵称:弗拉基米尔1----------2017/9/18 15:23:21
2017-09-18 15:23:22,219 [42] DEBUG LISTServer - 登录游戏成功,当前对象存在----------2017/9/18 15:23:22
2017-09-18 15:23:47,823 [42] DEBUG LISTServer - 登陆sssionID--------faff3cab-e4e5-4be7-aaba-6721e65e452a
2017-09-18 15:23:47,823 [42] DEBUG LISTServer - 登录游戏----------2017/9/18 15:23:47
2017-09-18 15:23:48,247 [42] DEBUG LISTServer - 登录用户openid:弗拉基米尔1|昵称:弗拉基米尔1----------2017/9/18 15:23:48
2017-09-18 15:23:49,241 [42] DEBUG LISTServer - 登录游戏成功,当前对象存在----------2017/9/18 15:23:49
2017-09-18 15:35:30,836 [36] DEBUG LISTServer - 登陆sssionID--------3fef8fcf-c07e-4f02-acfe-d772199c8531
2017-09-18 15:35:30,836 [36] DEBUG LISTServer - 登录游戏----------2017/9/18 15:35:30
2017-09-18 15:35:31,662 [36] DEBUG LISTServer - 登录用户openid:弗拉基米尔1|昵称:弗拉基米尔1----------2017/9/18 15:35:31
2017-09-18 15:35:32,441 [36] DEBUG LISTServer - 登录游戏成功,当前对象存在----------2017/9/18 15:35:32
2017-09-18 15:37:33,118 [60] DEBUG LISTServer - 登陆sssionID--------cf308684-2f07-48b5-bf6f-61a14a7f573e
2017-09-18 15:37:33,118 [60] DEBUG LISTServer - 登录游戏----------2017/9/18 15:37:33
2017-09-18 15:37:34,102 [60] DEBUG LISTServer - 登录用户openid:弗拉基米尔1|昵称:弗拉基米尔1----------2017/9/18 15:37:34
2017-09-18 15:37:35,123 [60] DEBUG LISTServer - 登录游戏成功,当前对象存在----------2017/9/18 15:37:35
2017-09-18 15:53:42,473 [60] DEBUG LISTServer - 登陆sssionID--------74eb786f-bf58-4cf1-89d5-75e4bd2c7fc1
2017-09-18 15:53:42,473 [60] DEBUG LISTServer - 登录游戏----------2017/9/18 15:53:42
2017-09-18 15:53:43,518 [60] DEBUG LISTServer - 登录用户openid:弗拉基米尔1|昵称:弗拉基米尔1----------2017/9/18 15:53:43
2017-09-18 15:53:44,328 [60] DEBUG LISTServer - 登录游戏成功,当前对象存在----------2017/9/18 15:53:44
2017-09-18 15:56:47,076 [56] DEBUG LISTServer - 登陆sssionID--------7be7371c-58b3-4113-b191-e1464fde90ef
2017-09-18 15:56:47,076 [56] DEBUG LISTServer - 登录游戏----------2017/9/18 15:56:47
2017-09-18 15:56:47,807 [56] DEBUG LISTServer - 登录用户openid:弗拉基米尔1|昵称:弗拉基米尔1----------2017/9/18 15:56:47
2017-09-18 15:56:48,684 [56] DEBUG LISTServer - 登录游戏成功,当前对象存在----------2017/9/18 15:56:48
2017-09-18 16:13:55,938 [60] DEBUG LISTServer - 登陆sssionID--------829c051d-e3db-4f5e-bbbe-aaef7243013b
2017-09-18 16:13:55,938 [60] DEBUG LISTServer - 登录游戏----------2017/9/18 16:13:55
2017-09-18 16:13:57,295 [60] DEBUG LISTServer - 登录用户openid:弗拉基米尔1|昵称:弗拉基米尔1----------2017/9/18 16:13:57
2017-09-18 16:13:58,192 [60] DEBUG LISTServer - 登录游戏成功,当前对象存在----------2017/9/18 16:13:58
2017-09-18 16:17:06,226 [56] DEBUG LISTServer - 登陆sssionID--------936ae583-0757-42cd-8c97-4ecf3a674be7
2017-09-18 16:17:06,226 [56] DEBUG LISTServer - 登录游戏----------2017/9/18 16:17:06
2017-09-18 16:17:07,075 [56] DEBUG LISTServer - 登录用户openid:弗拉基米尔1|昵称:弗拉基米尔1----------2017/9/18 16:17:07
2017-09-18 16:17:08,105 [56] DEBUG LISTServer - 登录游戏成功,当前对象存在----------2017/9/18 16:17:08
2017-09-18 16:18:20,267 [56] DEBUG LISTServer - 登陆sssionID--------5b8af5c9-c169-4413-a42f-f7ef6a75efb8
2017-09-18 16:18:20,267 [56] DEBUG LISTServer - 登录游戏----------2017/9/18 16:18:20
2017-09-18 16:18:20,708 [56] DEBUG LISTServer - 登录用户openid:弗拉基米尔1|昵称:弗拉基米尔1----------2017/9/18 16:18:20
2017-09-18 16:18:21,561 [56] DEBUG LISTServer - 登录游戏成功,当前对象存在----------2017/9/18 16:18:21
2017-09-18 16:19:17,600 [60] DEBUG LISTServer - 登陆sssionID--------76e1a309-5587-4e71-8985-ea32f133805e
2017-09-18 16:19:17,600 [60] DEBUG LISTServer - 登录游戏----------2017/9/18 16:19:17
2017-09-18 16:19:17,934 [60] DEBUG LISTServer - 登录用户openid:弗拉基米尔1|昵称:弗拉基米尔1----------2017/9/18 16:19:17
2017-09-18 16:19:18,670 [60] DEBUG LISTServer - 登录游戏成功,当前对象存在----------2017/9/18 16:19:18
2017-09-18 16:20:27,827 [60] DEBUG LISTServer - 登陆sssionID--------3b80d6f2-1cba-4c46-9bf8-e82bb889d897
2017-09-18 16:20:27,827 [60] DEBUG LISTServer - 登录游戏----------2017/9/18 16:20:27
2017-09-18 16:20:28,229 [60] DEBUG LISTServer - 登录用户openid:弗拉基米尔1|昵称:弗拉基米尔1----------2017/9/18 16:20:28
2017-09-18 16:20:29,042 [60] DEBUG LISTServer - 登录游戏成功,当前对象存在----------2017/9/18 16:20:29
2017-09-18 16:26:37,970 [36] DEBUG LISTServer - 登陆sssionID--------fea5854e-d625-4d33-a545-b59b0d1f67f1
2017-09-18 16:26:37,970 [36] DEBUG LISTServer - 登录游戏----------2017/9/18 16:26:37
2017-09-18 16:26:38,749 [36] DEBUG LISTServer - 登录用户openid:弗拉基米尔1|昵称:弗拉基米尔1----------2017/9/18 16:26:38
2017-09-18 16:26:39,655 [36] DEBUG LISTServer - 登录游戏成功,当前对象存在----------2017/9/18 16:26:39
2017-09-18 16:28:16,691 [56] DEBUG LISTServer - 登陆sssionID--------957b8522-0153-4a38-b859-2728e8f66b15
2017-09-18 16:28:16,691 [56] DEBUG LISTServer - 登录游戏----------2017/9/18 16:28:16
2017-09-18 16:28:17,049 [56] DEBUG LISTServer - 登录用户openid:弗拉基米尔1|昵称:弗拉基米尔1----------2017/9/18 16:28:17
2017-09-18 16:28:17,864 [56] DEBUG LISTServer - 登录游戏成功,当前对象存在----------2017/9/18 16:28:17
2017-09-18 16:33:28,678 [60] DEBUG LISTServer - 登陆sssionID--------dd66afb4-1c13-4c68-bc46-db48f4f87ea0
2017-09-18 16:33:28,678 [60] DEBUG LISTServer - 登录游戏----------2017/9/18 16:33:28
2017-09-18 16:33:29,557 [60] DEBUG LISTServer - 登录用户openid:弗拉基米尔1|昵称:弗拉基米尔1----------2017/9/18 16:33:29
2017-09-18 16:33:30,361 [60] DEBUG LISTServer - 登录游戏成功,当前对象存在----------2017/9/18 16:33:30
2017-09-18 16:42:11,315 [36] DEBUG LISTServer - 登陆sssionID--------f4291126-6b77-4885-b49d-102e498bf88b
2017-09-18 16:42:11,315 [36] DEBUG LISTServer - 登录游戏----------2017/9/18 16:42:11
2017-09-18 16:42:12,316 [36] DEBUG LISTServer - 登录用户openid:c4ec2ce375122c3f8ab2f7afa9a59fd8|昵称:c4ec2ce375122c3f8ab2f7afa9a59fd8----------2017/9/18 16:42:12
2017-09-18 16:42:13,332 [36] DEBUG LISTServer - 登录游戏成功----------2017/9/18 16:42:13
2017-09-18 16:47:04,712 [56] DEBUG LISTServer - 登陆sssionID--------0a5ecd00-fd2d-4ab9-ba81-492472436b2f
2017-09-18 16:47:04,713 [56] DEBUG LISTServer - 登录游戏----------2017/9/18 16:47:04
2017-09-18 16:47:05,443 [56] DEBUG LISTServer - 登录用户openid:c4ec2ce375122c3f8ab2f7afa9a59fd8|昵称:c4ec2ce375122c3f8ab2f7afa9a59fd8----------2017/9/18 16:47:05
2017-09-18 16:47:06,305 [56] DEBUG LISTServer - 登录游戏成功,当前对象存在----------2017/9/18 16:47:06
2017-09-18 16:51:41,291 [60] DEBUG LISTServer - 登陆sssionID--------d5237c17-e939-4666-b83a-7cf8a440628e
2017-09-18 16:51:41,291 [60] DEBUG LISTServer - 登录游戏----------2017/9/18 16:51:41
2017-09-18 16:51:42,610 [60] DEBUG LISTServer - 登录用户openid:c4ec2ce375122c3f8ab2f7afa9a59fd8|昵称:c4ec2ce375122c3f8ab2f7afa9a59fd8----------2017/9/18 16:51:42
2017-09-18 16:51:43,725 [60] DEBUG LISTServer - 登录游戏成功,当前对象存在----------2017/9/18 16:51:43
2017-09-18 17:08:41,063 [60] DEBUG LISTServer - 登陆sssionID--------09429ae1-ef0e-4203-8d4c-a66758a93100
2017-09-18 17:08:41,063 [60] DEBUG LISTServer - 登录游戏----------2017/9/18 17:08:41
2017-09-18 17:08:42,143 [60] DEBUG LISTServer - 登录用户openid:9697486827159f30f5cab73bbab97a1b56966c2a|昵称:9697486827159f30f5cab73bbab97a1b56966c2a----------2017/9/18 17:08:42
2017-09-18 17:08:42,853 [60] DEBUG LISTServer - 登录游戏成功----------2017/9/18 17:08:42
2017-09-18 17:11:14,162 [60] DEBUG LISTServer - 登陆sssionID--------8df0f803-d12f-458d-b54d-37b01fc27b23
2017-09-18 17:11:14,162 [60] DEBUG LISTServer - 登录游戏----------2017/9/18 17:11:14
2017-09-18 17:11:15,124 [60] DEBUG LISTServer - 登录用户openid:9697486827159f30f5cab73bbab97a1b56966c2a|昵称:9697486827159f30f5cab73bbab97a1b56966c2a----------2017/9/18 17:11:15
2017-09-18 17:11:16,018 [60] DEBUG LISTServer - 登录游戏成功,当前对象存在----------2017/9/18 17:11:16
2017-09-18 17:12:42,409 [60] DEBUG LISTServer - 登陆sssionID--------7b6e08b6-38c4-42c1-8942-4b40f5b40ecc
2017-09-18 17:12:42,409 [60] DEBUG LISTServer - 登录游戏----------2017/9/18 17:12:42
2017-09-18 17:12:42,843 [60] DEBUG LISTServer - 登录用户openid:9697486827159f30f5cab73bbab97a1b56966c2a|昵称:9697486827159f30f5cab73bbab97a1b56966c2a----------2017/9/18 17:12:42
2017-09-18 17:12:43,638 [60] DEBUG LISTServer - 登录游戏成功,当前对象存在----------2017/9/18 17:12:43
2017-09-18 17:15:37,883 [43] DEBUG LISTServer - 登陆sssionID--------f7841eae-a54d-4464-9d63-e30f37f91c07
2017-09-18 17:15:37,883 [43] DEBUG LISTServer - 登录游戏----------2017/9/18 17:15:37
2017-09-18 17:15:38,397 [43] DEBUG LISTServer - 登录用户openid:9697486827159f30f5cab73bbab97a1b56966c2a|昵称:9697486827159f30f5cab73bbab97a1b56966c2a----------2017/9/18 17:15:38
2017-09-18 17:15:39,198 [43] DEBUG LISTServer - 登录游戏成功,当前对象存在----------2017/9/18 17:15:39
2017-09-18 17:19:45,028 [43] DEBUG LISTServer - 登陆sssionID--------cc5b6450-07e7-42b1-a5b6-f050516aae03
2017-09-18 17:19:45,028 [43] DEBUG LISTServer - 登录游戏----------2017/9/18 17:19:45
2017-09-18 17:19:45,780 [43] DEBUG LISTServer - 登录用户openid:17da9228849df8ed9400ca4e907dca8c776081ad|昵称:17da9228849df8ed9400ca4e907dca8c776081ad----------2017/9/18 17:19:45
2017-09-18 17:19:46,455 [43] DEBUG LISTServer - 登录游戏成功----------2017/9/18 17:19:46
2017-09-18 17:19:53,655 [38] DEBUG LISTServer - 登陆sssionID--------96dc2b6a-6dc1-463a-80a0-9b321f610b26
2017-09-18 17:19:53,655 [38] DEBUG LISTServer - 登录游戏----------2017/9/18 17:19:53
2017-09-18 17:19:53,793 [38] DEBUG LISTServer - 登录用户openid:9697486827159f30f5cab73bbab97a1b56966c2a|昵称:9697486827159f30f5cab73bbab97a1b56966c2a----------2017/9/18 17:19:53
2017-09-18 17:19:54,478 [38] DEBUG LISTServer - 登录游戏成功,当前对象存在----------2017/9/18 17:19:54
2017-09-18 17:20:23,704 [38] DEBUG LISTServer - 登陆sssionID--------8f14fbf1-c78c-424b-a085-e8767889052a
2017-09-18 17:20:23,704 [38] DEBUG LISTServer - 登录游戏----------2017/9/18 17:20:23
2017-09-18 17:20:23,766 [38] DEBUG LISTServer - 登录用户openid:9697486827159f30f5cab73bbab97a1b56966c2a|昵称:9697486827159f30f5cab73bbab97a1b56966c2a----------2017/9/18 17:20:23
2017-09-18 17:20:24,449 [38] DEBUG LISTServer - 登录游戏成功,当前对象存在----------2017/9/18 17:20:24
2017-09-18 17:30:45,818 [43] DEBUG LISTServer - 登陆sssionID--------4fce68dc-1b20-4e55-b1e3-14c5ede85b1a
2017-09-18 17:30:45,818 [43] DEBUG LISTServer - 登录游戏----------2017/9/18 17:30:45
2017-09-18 17:30:46,377 [43] DEBUG LISTServer - 登录用户openid:9697486827159f30f5cab73bbab97a1b56966c2a|昵称:9697486827159f30f5cab73bbab97a1b56966c2a----------2017/9/18 17:30:46
2017-09-18 17:30:47,127 [43] DEBUG LISTServer - 登录游戏成功,当前对象存在----------2017/9/18 17:30:47
2017-09-18 17:32:01,575 [56] DEBUG LISTServer - 登陆sssionID--------bc217e72-0f62-4f6f-b2aa-d637008db868
2017-09-18 17:32:01,575 [56] DEBUG LISTServer - 登录游戏----------2017/9/18 17:32:01
2017-09-18 17:32:01,804 [56] DEBUG LISTServer - 登录用户openid:9697486827159f30f5cab73bbab97a1b56966c2a|昵称:9697486827159f30f5cab73bbab97a1b56966c2a----------2017/9/18 17:32:01
2017-09-18 17:32:02,517 [56] DEBUG LISTServer - 登录游戏成功,当前对象存在----------2017/9/18 17:32:02
2017-09-18 17:33:34,579 [60] DEBUG LISTServer - 登陆sssionID--------7794b4f2-cf48-4c4c-a33a-ea59231b2148
2017-09-18 17:33:34,579 [60] DEBUG LISTServer - 登录游戏----------2017/9/18 17:33:34
2017-09-18 17:33:35,012 [60] DEBUG LISTServer - 登录用户openid:9697486827159f30f5cab73bbab97a1b56966c2a|昵称:9697486827159f30f5cab73bbab97a1b56966c2a----------2017/9/18 17:33:35
2017-09-18 17:33:35,567 [60] DEBUG LISTServer - 登录游戏成功,当前对象存在----------2017/9/18 17:33:35
2017-09-18 17:34:35,458 [60] DEBUG LISTServer - 登陆sssionID--------2a95f7e6-7083-4c81-a111-f68c8ccb20d9
2017-09-18 17:34:35,458 [60] DEBUG LISTServer - 登录游戏----------2017/9/18 17:34:35
2017-09-18 17:34:35,668 [60] DEBUG LISTServer - 登录用户openid:9697486827159f30f5cab73bbab97a1b56966c2a|昵称:9697486827159f30f5cab73bbab97a1b56966c2a----------2017/9/18 17:34:35
2017-09-18 17:34:36,390 [60] DEBUG LISTServer - 登录游戏成功,当前对象存在----------2017/9/18 17:34:36
2017-09-18 17:37:47,674 [38] DEBUG LISTServer - 登陆sssionID--------f9044c84-1b07-4525-88bb-8a321b9c8e81
2017-09-18 17:37:47,674 [38] DEBUG LISTServer - 登录游戏----------2017/9/18 17:37:47
2017-09-18 17:37:47,972 [38] DEBUG LISTServer - 登录用户openid:9697486827159f30f5cab73bbab97a1b56966c2a|昵称:9697486827159f30f5cab73bbab97a1b56966c2a----------2017/9/18 17:37:47
2017-09-18 17:37:48,754 [38] DEBUG LISTServer - 登录游戏成功,当前对象存在----------2017/9/18 17:37:48
2017-09-18 17:41:17,157 [60] DEBUG LISTServer - 登陆sssionID--------6731583d-6222-4521-b175-c2928f15993d
2017-09-18 17:41:17,157 [60] DEBUG LISTServer - 登录游戏----------2017/9/18 17:41:17
2017-09-18 17:41:17,413 [60] DEBUG LISTServer - 登录用户openid:9697486827159f30f5cab73bbab97a1b56966c2a|昵称:9697486827159f30f5cab73bbab97a1b56966c2a----------2017/9/18 17:41:17
2017-09-18 17:41:18,528 [60] DEBUG LISTServer - 登录游戏成功,当前对象存在----------2017/9/18 17:41:18
2017-09-18 17:43:31,466 [60] DEBUG LISTServer - 登陆sssionID--------37e8b419-8904-4874-9582-799df2477f4f
2017-09-18 17:43:31,466 [60] DEBUG LISTServer - 登录游戏----------2017/9/18 17:43:31
2017-09-18 17:43:31,787 [60] DEBUG LISTServer - 登录用户openid:9697486827159f30f5cab73bbab97a1b56966c2a|昵称:9697486827159f30f5cab73bbab97a1b56966c2a----------2017/9/18 17:43:31
2017-09-18 17:43:32,379 [60] DEBUG LISTServer - 登录游戏成功,当前对象存在----------2017/9/18 17:43:32
2017-09-18 17:45:31,665 [43] DEBUG LISTServer - 登陆sssionID--------5a287745-90b4-41a4-a560-1be8ca9739a9
2017-09-18 17:45:31,665 [43] DEBUG LISTServer - 登录游戏----------2017/9/18 17:45:31
2017-09-18 17:45:32,049 [43] DEBUG LISTServer - 登录用户openid:9697486827159f30f5cab73bbab97a1b56966c2a|昵称:9697486827159f30f5cab73bbab97a1b56966c2a----------2017/9/18 17:45:32
2017-09-18 17:45:32,724 [43] DEBUG LISTServer - 登录游戏成功,当前对象存在----------2017/9/18 17:45:32
2017-09-18 17:48:26,476 [43] DEBUG LISTServer - 登陆sssionID--------6627a236-6cf9-4c35-bb71-fdbdb07b9851
2017-09-18 17:48:26,476 [43] DEBUG LISTServer - 登录游戏----------2017/9/18 17:48:26
2017-09-18 17:48:26,779 [43] DEBUG LISTServer - 登录用户openid:9697486827159f30f5cab73bbab97a1b56966c2a|昵称:9697486827159f30f5cab73bbab97a1b56966c2a----------2017/9/18 17:48:26
2017-09-18 17:48:27,364 [43] DEBUG LISTServer - 登录游戏成功,当前对象存在----------2017/9/18 17:48:27
2017-09-18 17:52:43,362 [60] DEBUG LISTServer - 登陆sssionID--------dd7e154a-1ec5-4fa6-844d-2d9bdcf1a863
2017-09-18 17:52:43,362 [60] DEBUG LISTServer - 登录游戏----------2017/9/18 17:52:43
2017-09-18 17:52:43,782 [60] DEBUG LISTServer - 登录用户openid:9697486827159f30f5cab73bbab97a1b56966c2a|昵称:9697486827159f30f5cab73bbab97a1b56966c2a----------2017/9/18 17:52:43
2017-09-18 17:52:44,494 [60] DEBUG LISTServer - 登录游戏成功,当前对象存在----------2017/9/18 17:52:44
2017-09-18 17:55:33,348 [38] DEBUG LISTServer - 登陆sssionID--------da0fb65c-180c-4dee-85cf-4cac6cc701e8
2017-09-18 17:55:33,349 [38] DEBUG LISTServer - 登录游戏----------2017/9/18 17:55:33
2017-09-18 17:55:33,644 [38] DEBUG LISTServer - 登录用户openid:9697486827159f30f5cab73bbab97a1b56966c2a|昵称:9697486827159f30f5cab73bbab97a1b56966c2a----------2017/9/18 17:55:33
2017-09-18 17:55:34,259 [38] DEBUG LISTServer - 登录游戏成功,当前对象存在----------2017/9/18 17:55:34
2017-09-18 17:55:44,670 [56] DEBUG LISTServer - 登陆sssionID--------2fdd7c0c-97ee-4c3e-88d4-1cb892dc1c37
2017-09-18 17:55:44,670 [56] DEBUG LISTServer - 登录游戏----------2017/9/18 17:55:44
2017-09-18 17:55:45,621 [56] DEBUG LISTServer - 登录用户openid:17da9228849df8ed9400ca4e907dca8c776081ad|昵称:17da9228849df8ed9400ca4e907dca8c776081ad----------2017/9/18 17:55:45
2017-09-18 17:55:46,330 [56] DEBUG LISTServer - 登录游戏成功,当前对象存在----------2017/9/18 17:55:46
2017-09-18 17:57:16,110 [56] DEBUG LISTServer - 登陆sssionID--------50cc9451-6c87-4e55-b414-38c0183a6856
2017-09-18 17:57:16,110 [56] DEBUG LISTServer - 登录游戏----------2017/9/18 17:57:16
2017-09-18 17:57:16,452 [56] DEBUG LISTServer - 登录用户openid:9697486827159f30f5cab73bbab97a1b56966c2a|昵称:9697486827159f30f5cab73bbab97a1b56966c2a----------2017/9/18 17:57:16
2017-09-18 17:57:17,206 [56] DEBUG LISTServer - 登录游戏成功,当前对象存在----------2017/9/18 17:57:17
2017-09-18 18:00:48,754 [38] DEBUG LISTServer - 登陆sssionID--------aa2fd59c-3085-484c-b916-fb60c85f0f77
2017-09-18 18:00:48,754 [38] DEBUG LISTServer - 登录游戏----------2017/9/18 18:00:48
2017-09-18 18:00:49,047 [38] DEBUG LISTServer - 登录用户openid:9697486827159f30f5cab73bbab97a1b56966c2a|昵称:9697486827159f30f5cab73bbab97a1b56966c2a----------2017/9/18 18:00:49
2017-09-18 18:00:50,203 [38] DEBUG LISTServer - 登录游戏成功,当前对象存在----------2017/9/18 18:00:50
2017-09-18 18:05:13,959 [45] DEBUG LISTServer - 登陆sssionID--------f874e439-bd1d-4495-9e37-8b07848fcb32
2017-09-18 18:05:13,959 [45] DEBUG LISTServer - 登录游戏----------2017/9/18 18:05:13
2017-09-18 18:05:14,349 [45] DEBUG LISTServer - 登录用户openid:9697486827159f30f5cab73bbab97a1b56966c2a|昵称:9697486827159f30f5cab73bbab97a1b56966c2a----------2017/9/18 18:05:14
2017-09-18 18:05:15,330 [45] DEBUG LISTServer - 登录游戏成功,当前对象存在----------2017/9/18 18:05:15
2017-09-18 18:06:29,251 [45] DEBUG LISTServer - 登陆sssionID--------9b646ec6-7b3b-48c8-99a3-096e22c29bbd
2017-09-18 18:06:29,251 [45] DEBUG LISTServer - 登录游戏----------2017/9/18 18:06:29
2017-09-18 18:06:29,424 [45] DEBUG LISTServer - 登录用户openid:弗拉基米尔|昵称:弗拉基米尔----------2017/9/18 18:06:29
2017-09-18 18:06:30,368 [45] DEBUG LISTServer - 登录游戏成功,当前对象存在----------2017/9/18 18:06:30
2017-09-18 18:09:10,873 [38] DEBUG LISTServer - 登陆sssionID--------b5d9e383-f5b8-474b-a3b6-9af26f0bc08b
2017-09-18 18:09:10,873 [38] DEBUG LISTServer - 登录游戏----------2017/9/18 18:09:10
2017-09-18 18:09:11,218 [38] DEBUG LISTServer - 登录用户openid:弗拉基米尔|昵称:弗拉基米尔----------2017/9/18 18:09:11
2017-09-18 18:09:12,211 [38] DEBUG LISTServer - 登录游戏成功,当前对象存在----------2017/9/18 18:09:12
2017-09-18 18:10:07,634 [38] DEBUG LISTServer - 登陆sssionID--------6f394d66-feba-4aec-8349-94ea2ea57993
2017-09-18 18:10:07,634 [38] DEBUG LISTServer - 登录游戏----------2017/9/18 18:10:07
2017-09-18 18:10:07,761 [38] DEBUG LISTServer - 登录用户openid:弗拉基米尔|昵称:弗拉基米尔----------2017/9/18 18:10:07
2017-09-18 18:10:08,573 [38] DEBUG LISTServer - 登录游戏成功,当前对象存在----------2017/9/18 18:10:08
2017-09-18 18:11:18,603 [38] DEBUG LISTServer - 登陆sssionID--------17419c99-dfca-46fa-992c-60aaba6d0da5
2017-09-18 18:11:18,603 [38] DEBUG LISTServer - 登录游戏----------2017/9/18 18:11:18
2017-09-18 18:11:19,309 [38] DEBUG LISTServer - 登录用户openid:17da9228849df8ed9400ca4e907dca8c776081ad|昵称:17da9228849df8ed9400ca4e907dca8c776081ad----------2017/9/18 18:11:19
2017-09-18 18:11:20,009 [38] DEBUG LISTServer - 登录游戏成功,当前对象存在----------2017/9/18 18:11:20
2017-09-18 18:12:34,557 [67] DEBUG LISTServer - 登陆sssionID--------ecdee0a6-72d1-407c-9dd5-42c7fbab2df3
2017-09-18 18:12:34,557 [67] DEBUG LISTServer - 登录游戏----------2017/9/18 18:12:34
2017-09-18 18:12:35,072 [67] DEBUG LISTServer - 登录用户openid:17da9228849df8ed9400ca4e907dca8c776081ad|昵称:17da9228849df8ed9400ca4e907dca8c776081ad----------2017/9/18 18:12:35
2017-09-18 18:12:35,933 [67] DEBUG LISTServer - 登录游戏成功,当前对象存在----------2017/9/18 18:12:35
2017-09-18 18:17:59,460 [45] DEBUG LISTServer - 登陆sssionID--------567188e9-1e2e-48ef-8fc5-7d296bd171ea
2017-09-18 18:17:59,460 [45] DEBUG LISTServer - 登录游戏----------2017/9/18 18:17:59
2017-09-18 18:17:59,813 [45] DEBUG LISTServer - 登录用户openid:弗拉基米尔|昵称:弗拉基米尔----------2017/9/18 18:17:59
2017-09-18 18:18:00,482 [45] DEBUG LISTServer - 登录游戏成功,当前对象存在----------2017/9/18 18:18:00
2017-09-18 18:18:40,813 [45] DEBUG LISTServer - 登陆sssionID--------7bcbf678-853d-40f8-bde6-da4fac010321
2017-09-18 18:18:40,813 [45] DEBUG LISTServer - 登录游戏----------2017/9/18 18:18:40
2017-09-18 18:18:40,899 [45] DEBUG LISTServer - 登录用户openid:弗拉基米尔|昵称:弗拉基米尔----------2017/9/18 18:18:40
2017-09-18 18:18:41,629 [45] DEBUG LISTServer - 登录游戏成功,当前对象存在----------2017/9/18 18:18:41
2017-09-18 18:37:35,971 [56] DEBUG LISTServer - 登陆sssionID--------a0302aae-54bb-48dc-8330-aebbccaf8dc1
2017-09-18 18:37:35,971 [56] DEBUG LISTServer - 登录游戏----------2017/9/18 18:37:35
2017-09-18 18:37:36,608 [56] DEBUG LISTServer - 登录用户openid:弗拉基米尔|昵称:弗拉基米尔----------2017/9/18 18:37:36
2017-09-18 18:37:37,687 [56] DEBUG LISTServer - 登录游戏成功,当前对象存在----------2017/9/18 18:37:37
2017-09-18 18:37:50,737 [56] DEBUG LISTServer - 登陆sssionID--------09abfe1d-32ac-4564-91dc-e4c8662cddb9
2017-09-18 18:37:50,737 [56] DEBUG LISTServer - 登录游戏----------2017/9/18 18:37:50
2017-09-18 18:37:51,654 [56] DEBUG LISTServer - 登录用户openid:17da9228849df8ed9400ca4e907dca8c776081ad|昵称:17da9228849df8ed9400ca4e907dca8c776081ad----------2017/9/18 18:37:51
2017-09-18 18:37:52,576 [56] DEBUG LISTServer - 登录游戏成功,当前对象存在----------2017/9/18 18:37:52
