2017-10-13 09:31:01,779 [25] DEBUG LISTServer - 登陆sssionID--------88e1cf2f-318e-40ea-b686-12d6128f7183
2017-10-13 09:31:01,785 [25] DEBUG LISTServer - 登录游戏----------2017/10/13 9:31:01
2017-10-13 09:31:02,489 [25] DEBUG LISTServer - 登录用户openid:9697486827159f30f5cab73bbab97a1b56966c2a|昵称:测试用户969----------2017/10/13 9:31:02
2017-10-13 09:31:03,731 [25] DEBUG LISTServer - 登录游戏成功,当前对象存在----------2017/10/13 9:31:03
2017-10-13 09:31:06,868 [57] DEBUG LISTServer - 登陆sssionID--------948bdb69-8df4-4655-b68e-ce08f3493566
2017-10-13 09:31:06,868 [57] DEBUG LISTServer - 登录游戏----------2017/10/13 9:31:06
2017-10-13 09:31:07,100 [57] DEBUG LISTServer - 登录用户openid:2be4087248667baee875b4dd4e4e388e|昵称:测试用户2be----------2017/10/13 9:31:07
2017-10-13 09:31:07,863 [57] DEBUG LISTServer - 登录游戏成功,当前对象存在----------2017/10/13 9:31:07
2017-10-13 09:38:33,459 [15] DEBUG LISTServer - 登陆sssionID--------e8dbc8d1-9376-467a-a344-0a9c5955e860
2017-10-13 09:38:33,459 [15] DEBUG LISTServer - 登录游戏----------2017/10/13 9:38:33
2017-10-13 09:38:33,896 [15] DEBUG LISTServer - 登录用户openid:56de59c92137862db80d942259702f67|昵称:测试用户56d----------2017/10/13 9:38:33
2017-10-13 09:38:34,497 [15] DEBUG LISTServer - 登录游戏成功,当前对象存在----------2017/10/13 9:38:34
2017-10-13 09:38:37,622 [57] DEBUG LISTServer - 登陆sssionID--------fd663b80-0f5e-45df-8f25-8755b9ee3857
2017-10-13 09:38:37,622 [57] DEBUG LISTServer - 登录游戏----------2017/10/13 9:38:37
2017-10-13 09:38:37,835 [57] DEBUG LISTServer - 登录用户openid:2d4cd2d7753b0f3660fe5547e7011e9b|昵称:测试用户2d4----------2017/10/13 9:38:37
2017-10-13 09:38:38,431 [57] DEBUG LISTServer - 登录游戏成功----------2017/10/13 9:38:38
2017-10-13 09:38:48,086 [18] DEBUG LISTServer - 登陆sssionID--------fc4b6e8f-10b5-4e45-8ddf-12f8ec9bbd80
2017-10-13 09:38:48,086 [18] DEBUG LISTServer - 登录游戏----------2017/10/13 9:38:48
2017-10-13 09:38:48,223 [18] DEBUG LISTServer - 登录用户openid:2be4087248667baee875b4dd4e4e388e|昵称:测试用户2be----------2017/10/13 9:38:48
2017-10-13 09:38:48,757 [18] DEBUG LISTServer - 登录游戏成功,当前对象存在----------2017/10/13 9:38:48
2017-10-13 09:38:53,243 [18] DEBUG LISTServer - 登陆sssionID--------311fa06e-456a-4732-8005-540656bdea97
2017-10-13 09:38:53,243 [18] DEBUG LISTServer - 登录游戏----------2017/10/13 9:38:53
2017-10-13 09:38:53,381 [18] DEBUG LISTServer - 登录用户openid:724bb3ec1355840ed0e3fb88b56b9197|昵称:测试用户724----------2017/10/13 9:38:53
2017-10-13 09:38:53,986 [18] DEBUG LISTServer - 登录游戏成功----------2017/10/13 9:38:53
2017-10-13 09:39:04,020 [25] DEBUG LISTServer - 登陆sssionID--------ef6a9a2e-e3a1-418c-b0f1-fbdf80bafbd1
2017-10-13 09:39:04,020 [25] DEBUG LISTServer - 登录游戏----------2017/10/13 9:39:04
2017-10-13 09:39:04,159 [25] DEBUG LISTServer - 登录用户openid:415da855132411a21d2862cd50617f67|昵称:测试用户415----------2017/10/13 9:39:04
2017-10-13 09:39:04,752 [25] DEBUG LISTServer - 登录游戏成功----------2017/10/13 9:39:04
2017-10-13 09:39:19,670 [25] DEBUG LISTServer - 登陆sssionID--------3aaa934c-10e9-4488-b2d7-59a8352c7499
2017-10-13 09:39:19,670 [25] DEBUG LISTServer - 登录游戏----------2017/10/13 9:39:19
2017-10-13 09:39:19,829 [25] DEBUG LISTServer - 登录用户openid:89f5ef72e82d130fda1ec076c054b52d|昵称:测试用户89f----------2017/10/13 9:39:19
2017-10-13 09:39:20,414 [25] DEBUG LISTServer - 登录游戏成功,当前对象存在----------2017/10/13 9:39:20
2017-10-13 09:39:21,245 [25] DEBUG LISTServer - 登陆sssionID--------46bc72da-88a3-4188-b22e-87b82950c8d4
2017-10-13 09:39:21,245 [25] DEBUG LISTServer - 登录游戏----------2017/10/13 9:39:21
2017-10-13 09:39:21,380 [25] DEBUG LISTServer - 登录用户openid:ef2110d6b36f7eca009a60551ab3db1f|昵称:测试用户ef2----------2017/10/13 9:39:21
2017-10-13 09:39:22,181 [25] DEBUG LISTServer - 登录游戏成功,当前对象存在----------2017/10/13 9:39:22
2017-10-13 10:44:17,587 [15] DEBUG LISTServer - 登陆sssionID--------8b0edeb2-c59f-49e7-b9a1-9ee782d084f0
2017-10-13 10:44:17,587 [15] DEBUG LISTServer - 登录游戏----------2017/10/13 10:44:17
2017-10-13 10:44:18,243 [15] DEBUG LISTServer - 登录用户openid:9697486827159f30f5cab73bbab97a1b56966c2a|昵称:测试用户969----------2017/10/13 10:44:18
2017-10-13 10:44:19,446 [15] DEBUG LISTServer - 登录游戏成功----------2017/10/13 10:44:19
2017-10-13 10:45:43,927 [57] DEBUG LISTServer - 登陆sssionID--------87376c92-ecd2-46b1-aaad-3032d1a482e0
2017-10-13 10:45:43,927 [57] DEBUG LISTServer - 登录游戏----------2017/10/13 10:45:43
2017-10-13 10:45:44,247 [57] DEBUG LISTServer - 登录用户openid:2be4087248667baee875b4dd4e4e388e|昵称:测试用户2be----------2017/10/13 10:45:44
2017-10-13 10:45:45,149 [57] DEBUG LISTServer - 登录游戏成功----------2017/10/13 10:45:45
2017-10-13 10:48:19,603 [25] DEBUG LISTServer - 登陆sssionID--------839fd2ef-6188-4fa3-9aca-4b9d459ba14f
2017-10-13 10:48:19,603 [25] DEBUG LISTServer - 登录游戏----------2017/10/13 10:48:19
2017-10-13 10:48:20,017 [25] DEBUG LISTServer - 登录用户openid:9697486827159f30f5cab73bbab97a1b56966c2a|昵称:测试用户969----------2017/10/13 10:48:20
2017-10-13 10:48:20,717 [25] DEBUG LISTServer - 登录游戏成功,当前对象存在----------2017/10/13 10:48:20
2017-10-13 10:48:44,362 [18] DEBUG LISTServer - 登陆sssionID--------f8d4206e-6cd7-4d9d-9d09-7cefde694de1
2017-10-13 10:48:44,362 [18] DEBUG LISTServer - 登录游戏----------2017/10/13 10:48:44
2017-10-13 10:48:44,596 [18] DEBUG LISTServer - 登录用户openid:2be4087248667baee875b4dd4e4e388e|昵称:测试用户2be----------2017/10/13 10:48:44
2017-10-13 10:48:45,126 [18] DEBUG LISTServer - 登录游戏成功,当前对象存在----------2017/10/13 10:48:45
2017-10-13 11:03:22,091 [57] DEBUG LISTServer - 登陆sssionID--------ebcd8a31-fcb7-45a8-b155-c631df81146e
2017-10-13 11:03:22,091 [57] DEBUG LISTServer - 登录游戏----------2017/10/13 11:03:22
2017-10-13 11:03:22,474 [57] DEBUG LISTServer - 登录用户openid:9697486827159f30f5cab73bbab97a1b56966c2a|昵称:测试用户969----------2017/10/13 11:03:22
2017-10-13 11:03:23,095 [57] DEBUG LISTServer - 登录游戏成功,当前对象存在----------2017/10/13 11:03:23
2017-10-13 11:03:25,081 [15] DEBUG LISTServer - 登陆sssionID--------2fea5fbe-2939-4c6a-aa2e-9dcacd459fde
2017-10-13 11:03:25,081 [15] DEBUG LISTServer - 登录游戏----------2017/10/13 11:03:25
2017-10-13 11:03:25,290 [15] DEBUG LISTServer - 登录用户openid:2be4087248667baee875b4dd4e4e388e|昵称:测试用户2be----------2017/10/13 11:03:25
2017-10-13 11:03:26,073 [15] DEBUG LISTServer - 登录游戏成功,当前对象存在----------2017/10/13 11:03:26
2017-10-13 11:06:22,173 [15] DEBUG LISTServer - 登陆sssionID--------50828e7e-037f-4f68-9e43-699e4a4ede2b
2017-10-13 11:06:22,173 [15] DEBUG LISTServer - 登录游戏----------2017/10/13 11:06:22
2017-10-13 11:06:22,536 [15] DEBUG LISTServer - 登录用户openid:9697486827159f30f5cab73bbab97a1b56966c2a|昵称:测试用户969----------2017/10/13 11:06:22
2017-10-13 11:06:23,354 [15] DEBUG LISTServer - 登录游戏成功,当前对象存在----------2017/10/13 11:06:23
2017-10-13 11:07:38,792 [25] DEBUG LISTServer - 登陆sssionID--------6907eddb-8874-495a-8321-99307518e812
2017-10-13 11:07:38,792 [25] DEBUG LISTServer - 登录游戏----------2017/10/13 11:07:38
2017-10-13 11:07:39,022 [25] DEBUG LISTServer - 登录用户openid:2be4087248667baee875b4dd4e4e388e|昵称:测试用户2be----------2017/10/13 11:07:39
2017-10-13 11:07:39,728 [25] DEBUG LISTServer - 登录游戏成功,当前对象存在----------2017/10/13 11:07:39
2017-10-13 11:10:27,794 [25] DEBUG LISTServer - 登陆sssionID--------ba54955e-32bd-4ae4-b287-312cd98be5ab
2017-10-13 11:10:27,794 [25] DEBUG LISTServer - 登录游戏----------2017/10/13 11:10:27
2017-10-13 11:10:28,165 [25] DEBUG LISTServer - 登录用户openid:9697486827159f30f5cab73bbab97a1b56966c2a|昵称:测试用户969----------2017/10/13 11:10:28
2017-10-13 11:10:29,002 [25] DEBUG LISTServer - 登录游戏成功,当前对象存在----------2017/10/13 11:10:29
2017-10-13 11:14:54,925 [18] DEBUG LISTServer - 登陆sssionID--------d2256330-927f-4569-9dae-742636abcc15
2017-10-13 11:14:54,925 [18] DEBUG LISTServer - 登录游戏----------2017/10/13 11:14:54
2017-10-13 11:14:55,342 [18] DEBUG LISTServer - 登录用户openid:9697486827159f30f5cab73bbab97a1b56966c2a|昵称:测试用户969----------2017/10/13 11:14:55
2017-10-13 11:14:56,084 [18] DEBUG LISTServer - 登录游戏成功,当前对象存在----------2017/10/13 11:14:56
2017-10-13 11:15:02,567 [15] DEBUG LISTServer - 登陆sssionID--------43559cb0-4fa9-4993-b9dc-14d0a1e3dfd8
2017-10-13 11:15:02,567 [15] DEBUG LISTServer - 登录游戏----------2017/10/13 11:15:02
2017-10-13 11:15:02,730 [15] DEBUG LISTServer - 登录用户openid:2be4087248667baee875b4dd4e4e388e|昵称:测试用户2be----------2017/10/13 11:15:02
2017-10-13 11:15:03,492 [15] DEBUG LISTServer - 登录游戏成功,当前对象存在----------2017/10/13 11:15:03
2017-10-13 11:24:44,663 [57] DEBUG LISTServer - 登陆sssionID--------3ce0ab6a-55e6-41c0-bdd3-d80beddc2f6f
2017-10-13 11:24:44,664 [57] DEBUG LISTServer - 登录游戏----------2017/10/13 11:24:44
2017-10-13 11:24:45,267 [57] DEBUG LISTServer - 登录用户openid:9697486827159f30f5cab73bbab97a1b56966c2a|昵称:测试用户969----------2017/10/13 11:24:45
2017-10-13 11:24:46,750 [57] DEBUG LISTServer - 登录游戏成功,当前对象存在----------2017/10/13 11:24:46
2017-10-13 11:24:56,039 [18] DEBUG LISTServer - 登陆sssionID--------5a0268bf-8e06-4a5f-b58c-0dba1d73857f
2017-10-13 11:24:56,039 [18] DEBUG LISTServer - 登录游戏----------2017/10/13 11:24:56
2017-10-13 11:24:56,260 [18] DEBUG LISTServer - 登录用户openid:2be4087248667baee875b4dd4e4e388e|昵称:测试用户2be----------2017/10/13 11:24:56
2017-10-13 11:24:57,437 [18] DEBUG LISTServer - 登录游戏成功,当前对象存在----------2017/10/13 11:24:57
2017-10-13 11:31:11,796 [57] DEBUG LISTServer - 登陆sssionID--------91677fe7-dcfd-4550-8ba2-368637a3849c
2017-10-13 11:31:11,796 [57] DEBUG LISTServer - 登录游戏----------2017/10/13 11:31:11
2017-10-13 11:31:12,279 [57] DEBUG LISTServer - 登录用户openid:9697486827159f30f5cab73bbab97a1b56966c2a|昵称:测试用户969----------2017/10/13 11:31:12
2017-10-13 11:31:13,103 [57] DEBUG LISTServer - 登录游戏成功,当前对象存在----------2017/10/13 11:31:13
2017-10-13 14:11:56,178 [25] DEBUG LISTServer - 登陆sssionID--------9f84eff3-a753-44b1-872a-9ebbec09109b
2017-10-13 14:11:56,178 [25] DEBUG LISTServer - 登录游戏----------2017/10/13 14:11:56
2017-10-13 14:11:56,800 [25] DEBUG LISTServer - 登录用户openid:9697486827159f30f5cab73bbab97a1b56966c2a|昵称:测试用户969----------2017/10/13 14:11:56
2017-10-13 14:11:58,195 [25] DEBUG LISTServer - 登录游戏成功,当前对象存在----------2017/10/13 14:11:58
2017-10-13 14:31:03,528 [25] DEBUG LISTServer - 登陆sssionID--------7c461b8c-0f0b-45fd-b2d5-482e5ad13297
2017-10-13 14:31:03,528 [25] DEBUG LISTServer - 登录游戏----------2017/10/13 14:31:03
2017-10-13 14:31:03,959 [25] DEBUG LISTServer - 登录用户openid:9697486827159f30f5cab73bbab97a1b56966c2a|昵称:测试用户969----------2017/10/13 14:31:03
2017-10-13 14:31:05,247 [25] DEBUG LISTServer - 登录游戏成功,当前对象存在----------2017/10/13 14:31:05
2017-10-13 14:31:35,181 [57] DEBUG LISTServer - 登陆sssionID--------7d70e05f-7fd9-4d01-9b19-fbf321af888b
2017-10-13 14:31:35,181 [57] DEBUG LISTServer - 登录游戏----------2017/10/13 14:31:35
2017-10-13 14:31:35,399 [57] DEBUG LISTServer - 登录用户openid:2be4087248667baee875b4dd4e4e388e|昵称:测试用户2be----------2017/10/13 14:31:35
2017-10-13 14:31:36,049 [57] DEBUG LISTServer - 登录游戏成功,当前对象存在----------2017/10/13 14:31:36
2017-10-13 14:59:55,154 [25] DEBUG LISTServer - 登陆sssionID--------32d5c4ab-315a-44c5-881c-7b47beb9a9ca
2017-10-13 14:59:55,154 [25] DEBUG LISTServer - 登录游戏----------2017/10/13 14:59:55
2017-10-13 14:59:55,798 [25] DEBUG LISTServer - 登录用户openid:9697486827159f30f5cab73bbab97a1b56966c2a|昵称:测试用户969----------2017/10/13 14:59:55
2017-10-13 14:59:57,709 [25] DEBUG LISTServer - 登录游戏成功,当前对象存在----------2017/10/13 14:59:57
2017-10-13 15:00:13,892 [57] DEBUG LISTServer - 登陆sssionID--------c1e1491d-d8c7-4ced-afde-d109677f9dcc
2017-10-13 15:00:13,892 [57] DEBUG LISTServer - 登录游戏----------2017/10/13 15:00:13
2017-10-13 15:00:14,111 [57] DEBUG LISTServer - 登录用户openid:2be4087248667baee875b4dd4e4e388e|昵称:测试用户2be----------2017/10/13 15:00:14
2017-10-13 15:00:15,444 [57] DEBUG LISTServer - 登录游戏成功,当前对象存在----------2017/10/13 15:00:15
2017-10-13 16:05:26,883 [25] DEBUG LISTServer - 登陆sssionID--------e41c3772-c963-4ca1-aaa1-b56b0904bbc0
2017-10-13 16:05:26,883 [25] DEBUG LISTServer - 登录游戏----------2017/10/13 16:05:26
2017-10-13 16:05:27,348 [25] DEBUG LISTServer - 登录用户openid:9697486827159f30f5cab73bbab97a1b56966c2a|昵称:测试用户969----------2017/10/13 16:05:27
2017-10-13 16:05:28,608 [25] DEBUG LISTServer - 登录游戏成功,当前对象存在----------2017/10/13 16:05:28
2017-10-13 16:18:34,357 [57] DEBUG LISTServer - 登陆sssionID--------a8aba718-df63-48f0-83b2-72a4bad5528a
2017-10-13 16:18:34,357 [57] DEBUG LISTServer - 登录游戏----------2017/10/13 16:18:34
2017-10-13 16:18:34,931 [57] DEBUG LISTServer - 登录用户openid:9697486827159f30f5cab73bbab97a1b56966c2a|昵称:测试用户969----------2017/10/13 16:18:34
2017-10-13 16:18:36,262 [57] DEBUG LISTServer - 登录游戏成功,当前对象存在----------2017/10/13 16:18:36
2017-10-13 16:18:39,287 [25] DEBUG LISTServer - 登陆sssionID--------a08ba225-ee6e-4056-9743-39d1b75db872
2017-10-13 16:18:39,287 [25] DEBUG LISTServer - 登录游戏----------2017/10/13 16:18:39
2017-10-13 16:18:39,491 [25] DEBUG LISTServer - 登录用户openid:2be4087248667baee875b4dd4e4e388e|昵称:测试用户2be----------2017/10/13 16:18:39
2017-10-13 16:18:40,563 [25] DEBUG LISTServer - 登录游戏成功,当前对象存在----------2017/10/13 16:18:40
2017-10-13 16:25:48,081 [25] DEBUG LISTServer - 登陆sssionID--------276453b8-a515-41f7-bdfa-092170a6047a
2017-10-13 16:25:48,081 [25] DEBUG LISTServer - 登录游戏----------2017/10/13 16:25:48
2017-10-13 16:25:48,502 [25] DEBUG LISTServer - 登录用户openid:9697486827159f30f5cab73bbab97a1b56966c2a|昵称:测试用户969----------2017/10/13 16:25:48
2017-10-13 16:25:49,569 [25] DEBUG LISTServer - 登录游戏成功,当前对象存在----------2017/10/13 16:25:49
2017-10-13 16:25:54,833 [25] DEBUG LISTServer - 登陆sssionID--------e99557b0-9d16-4b35-b7f0-e930e51ee277
2017-10-13 16:25:54,833 [25] DEBUG LISTServer - 登录游戏----------2017/10/13 16:25:54
2017-10-13 16:25:54,975 [25] DEBUG LISTServer - 登录用户openid:2be4087248667baee875b4dd4e4e388e|昵称:测试用户2be----------2017/10/13 16:25:54
2017-10-13 16:25:56,015 [25] DEBUG LISTServer - 登录游戏成功,当前对象存在----------2017/10/13 16:25:56
2017-10-13 16:53:25,782 [57] DEBUG LISTServer - 登陆sssionID--------a4284859-637a-405f-8fdb-400a3b6e116b
2017-10-13 16:53:25,782 [57] DEBUG LISTServer - 登录游戏----------2017/10/13 16:53:25
2017-10-13 16:53:26,249 [57] DEBUG LISTServer - 登录用户openid:9697486827159f30f5cab73bbab97a1b56966c2a|昵称:测试用户969----------2017/10/13 16:53:26
2017-10-13 16:53:27,486 [57] DEBUG LISTServer - 登录游戏成功,当前对象存在----------2017/10/13 16:53:27
2017-10-13 16:53:30,184 [18] DEBUG LISTServer - 登陆sssionID--------7a7040de-e4a8-4f7d-b1bc-4c2b46dace25
2017-10-13 16:53:30,184 [18] DEBUG LISTServer - 登录游戏----------2017/10/13 16:53:30
2017-10-13 16:53:30,395 [18] DEBUG LISTServer - 登录用户openid:2be4087248667baee875b4dd4e4e388e|昵称:测试用户2be----------2017/10/13 16:53:30
2017-10-13 16:53:31,583 [18] DEBUG LISTServer - 登录游戏成功,当前对象存在----------2017/10/13 16:53:31
2017-10-13 17:17:49,972 [57] DEBUG LISTServer - 登陆sssionID--------f10e4bd2-3e1c-4d24-bd51-9a5fa676b76a
2017-10-13 17:17:49,972 [57] DEBUG LISTServer - 登录游戏----------2017/10/13 17:17:49
2017-10-13 17:17:50,515 [57] DEBUG LISTServer - 登录用户openid:9697486827159f30f5cab73bbab97a1b56966c2a|昵称:测试用户969----------2017/10/13 17:17:50
2017-10-13 17:17:51,646 [36] DEBUG LISTServer - 登陆sssionID--------ef2191f2-2864-4ccb-bb98-cad3c751a601
2017-10-13 17:17:51,646 [36] DEBUG LISTServer - 登录游戏----------2017/10/13 17:17:51
2017-10-13 17:17:51,792 [57] DEBUG LISTServer - 登录游戏成功,当前对象存在----------2017/10/13 17:17:51
2017-10-13 17:17:51,875 [36] DEBUG LISTServer - 登录用户openid:2be4087248667baee875b4dd4e4e388e|昵称:测试用户2be----------2017/10/13 17:17:51
2017-10-13 17:17:53,093 [36] DEBUG LISTServer - 登录游戏成功,当前对象存在----------2017/10/13 17:17:53
2017-10-13 18:12:54,255 [36] DEBUG LISTServer - 登陆sssionID--------b7b45107-8c23-4140-9cf3-fd66d861f2d8
2017-10-13 18:12:54,255 [36] DEBUG LISTServer - 登录游戏----------2017/10/13 18:12:54
2017-10-13 18:12:54,956 [36] DEBUG LISTServer - 登录用户openid:2be4087248667baee875b4dd4e4e388e|昵称:测试用户2be----------2017/10/13 18:12:54
2017-10-13 18:12:56,138 [25] DEBUG LISTServer - 登陆sssionID--------ba783d2b-4aaa-4e23-8978-242c51f8b262
2017-10-13 18:12:56,138 [25] DEBUG LISTServer - 登录游戏----------2017/10/13 18:12:56
2017-10-13 18:12:56,257 [36] DEBUG LISTServer - 登录游戏成功,当前对象存在----------2017/10/13 18:12:56
2017-10-13 18:12:56,362 [25] DEBUG LISTServer - 登录用户openid:9697486827159f30f5cab73bbab97a1b56966c2a|昵称:测试用户969----------2017/10/13 18:12:56
2017-10-13 18:12:57,306 [25] DEBUG LISTServer - 登录游戏成功,当前对象存在----------2017/10/13 18:12:57
