2017-10-19 09:44:44,164 [1] DEBUG DefaultBootstrap - The server instance LISTServer has been created!
2017-10-19 09:44:44,289 [1] DEBUG LISTServer - The command 11020(ListBLL.Logic.GameOperation) has been discovered
2017-10-19 09:44:44,289 [1] DEBUG LISTServer - The command 10001(ListBLL.Logic.Heartbeat) has been discovered
2017-10-19 09:44:44,289 [1] DEBUG LISTServer - The command 11001(ListBLL.Logic.Login) has been discovered
2017-10-19 09:44:44,289 [1] DEBUG LISTServer - The command 19003(ListBLL.Logic.UserGamePlaybackLogic) has been discovered
2017-10-19 09:44:44,289 [1] DEBUG LISTServer - The command 19001(ListBLL.Logic.UserRecordLogic) has been discovered
2017-10-19 09:44:44,305 [1] DEBUG DefaultBootstrap - The server instance LISTServer has been initialized!
2017-10-19 09:44:45,227 [1] DEBUG DefaultBootstrap - The PerformanceMonitor has been initialized!
2017-10-19 09:44:45,227 [1] DEBUG DefaultBootstrap - The Bootstrap has been initialized!
2017-10-19 09:44:45,258 [1] DEBUG LISTServer - Listener (0.0.0.0:2018) was started
2017-10-19 09:44:45,258 [1] DEBUG DefaultBootstrap - The PerformanceMonitor has been started!
2017-10-19 09:45:03,872 [14] DEBUG LISTServer - 登陆sssionID--------d1ec64f2-e737-46c1-a331-e0e9d1c5d5f2
2017-10-19 09:45:03,872 [14] DEBUG LISTServer - 登录游戏----------2017/10/19 9:45:03
2017-10-19 09:45:04,809 [14] DEBUG LISTServer - 登录用户openid:9697486827159f30f5cab73bbab97a1b56966c2a|昵称:测试用户969----------2017/10/19 9:45:04
2017-10-19 09:45:06,560 [14] DEBUG LISTServer - 登录游戏成功----------2017/10/19 9:45:06
2017-10-19 09:45:07,482 [12] DEBUG LISTServer - 登陆sssionID--------d19990d7-c81f-4f08-bcd8-6e8504652680
2017-10-19 09:45:07,482 [12] DEBUG LISTServer - 登录游戏----------2017/10/19 9:45:07
2017-10-19 09:45:07,622 [12] DEBUG LISTServer - 登录用户openid:2be4087248667baee875b4dd4e4e388e|昵称:测试用户2be----------2017/10/19 9:45:07
2017-10-19 09:45:08,263 [12] DEBUG LISTServer - 登录游戏成功----------2017/10/19 9:45:08
2017-10-19 09:45:09,482 [14] DEBUG LISTServer - 登陆sssionID--------685a2480-b06e-4455-b64b-93262ee7424f
2017-10-19 09:45:09,482 [14] DEBUG LISTServer - 登录游戏----------2017/10/19 9:45:09
2017-10-19 09:45:09,607 [14] DEBUG LISTServer - 登录用户openid:724bb3ec1355840ed0e3fb88b56b9197|昵称:测试用户724----------2017/10/19 9:45:09
2017-10-19 09:45:10,388 [14] DEBUG LISTServer - 登录游戏成功----------2017/10/19 9:45:10
2017-10-19 09:45:11,186 [14] DEBUG LISTServer - 登陆sssionID--------f399162f-5f55-49c2-aeb1-774218f87b3c
2017-10-19 09:45:11,186 [14] DEBUG LISTServer - 登录游戏----------2017/10/19 9:45:11
2017-10-19 09:45:11,310 [14] DEBUG LISTServer - 登录用户openid:415da855132411a21d2862cd50617f67|昵称:测试用户415----------2017/10/19 9:45:11
2017-10-19 09:45:11,889 [14] DEBUG LISTServer - 登录游戏成功----------2017/10/19 9:45:11
2017-10-19 09:57:22,920 [25] DEBUG LISTServer - 登陆sssionID--------6e71dd06-16b5-4199-a4f0-8ef268d83d3a
2017-10-19 09:57:22,920 [25] DEBUG LISTServer - 登录游戏----------2017/10/19 9:57:22
2017-10-19 09:57:23,248 [25] DEBUG LISTServer - 登录用户openid:9697486827159f30f5cab73bbab97a1b56966c2a|昵称:测试用户969----------2017/10/19 9:57:23
2017-10-19 09:57:23,920 [25] DEBUG LISTServer - 登录游戏成功,当前对象存在----------2017/10/19 9:57:23
2017-10-19 09:57:37,592 [14] DEBUG LISTServer - 登陆sssionID--------a78f9eef-c312-446a-859e-0ec06b273653
2017-10-19 09:57:37,592 [14] DEBUG LISTServer - 登录游戏----------2017/10/19 9:57:37
2017-10-19 09:57:37,717 [14] DEBUG LISTServer - 登录用户openid:415da855132411a21d2862cd50617f67|昵称:测试用户415----------2017/10/19 9:57:37
2017-10-19 09:57:38,467 [14] DEBUG LISTServer - 登录游戏成功,当前对象存在----------2017/10/19 9:57:38
2017-10-19 09:57:39,514 [13] DEBUG LISTServer - 登陆sssionID--------cad8bbe2-6085-4fd6-bc0d-83c60ef8eb3c
2017-10-19 09:57:39,514 [13] DEBUG LISTServer - 登录游戏----------2017/10/19 9:57:39
2017-10-19 09:57:39,639 [13] DEBUG LISTServer - 登录用户openid:724bb3ec1355840ed0e3fb88b56b9197|昵称:测试用户724----------2017/10/19 9:57:39
2017-10-19 09:57:40,211 [13] DEBUG LISTServer - 登录游戏成功,当前对象存在----------2017/10/19 9:57:40
2017-10-19 09:57:40,839 [25] DEBUG LISTServer - 登陆sssionID--------e801a992-535b-4e9f-8d10-d89c87bf7b7d
2017-10-19 09:57:40,839 [25] DEBUG LISTServer - 登录游戏----------2017/10/19 9:57:40
2017-10-19 09:57:40,970 [25] DEBUG LISTServer - 登录用户openid:2be4087248667baee875b4dd4e4e388e|昵称:测试用户2be----------2017/10/19 9:57:40
2017-10-19 09:57:41,528 [25] DEBUG LISTServer - 登录游戏成功,当前对象存在----------2017/10/19 9:57:41
2017-10-19 10:01:12,174 [13] DEBUG LISTServer - 登陆sssionID--------5f441165-6046-41e5-9ac2-1163907ba5a5
2017-10-19 10:01:12,174 [13] DEBUG LISTServer - 登录游戏----------2017/10/19 10:01:12
2017-10-19 10:01:12,517 [13] DEBUG LISTServer - 登录用户openid:9697486827159f30f5cab73bbab97a1b56966c2a|昵称:测试用户969----------2017/10/19 10:01:12
2017-10-19 10:01:13,236 [13] DEBUG LISTServer - 登录游戏成功,当前对象存在----------2017/10/19 10:01:13
2017-10-19 10:01:57,958 [12] DEBUG LISTServer - 登陆sssionID--------ef32067b-5a47-4879-a7ef-886ebb71efe8
2017-10-19 10:01:57,958 [12] DEBUG LISTServer - 登录游戏----------2017/10/19 10:01:57
2017-10-19 10:02:03,075 [12] DEBUG LISTServer - 登录用户openid:9697486827159f30f5cab73bbab97a1b56966c2a|昵称:测试用户969----------2017/10/19 10:02:03
2017-10-19 10:02:03,873 [12] DEBUG LISTServer - 登录游戏成功,当前对象存在----------2017/10/19 10:02:03
2017-10-19 10:10:57,162 [14] DEBUG LISTServer - 登陆sssionID--------8dac088b-d11c-4ab8-b34e-b0abef23ca90
2017-10-19 10:10:57,162 [14] DEBUG LISTServer - 登录游戏----------2017/10/19 10:10:57
2017-10-19 10:10:57,584 [14] DEBUG LISTServer - 登录用户openid:9697486827159f30f5cab73bbab97a1b56966c2a|昵称:测试用户969----------2017/10/19 10:10:57
2017-10-19 10:10:58,272 [14] DEBUG LISTServer - 登录游戏成功,当前对象存在----------2017/10/19 10:10:58
2017-10-19 10:12:18,900 [14] DEBUG LISTServer - 登陆sssionID--------ae997051-18f4-46a8-b45b-44856b8ecdca
2017-10-19 10:12:18,900 [14] DEBUG LISTServer - 登录游戏----------2017/10/19 10:12:18
2017-10-19 10:12:19,072 [14] DEBUG LISTServer - 登录用户openid:9697486827159f30f5cab73bbab97a1b56966c2a|昵称:测试用户969----------2017/10/19 10:12:19
2017-10-19 10:12:19,759 [14] DEBUG LISTServer - 登录游戏成功,当前对象存在----------2017/10/19 10:12:19
2017-10-19 10:15:45,870 [25] DEBUG LISTServer - 登陆sssionID--------15df5a38-d259-437b-812e-e45894cc9fc4
2017-10-19 10:15:45,870 [25] DEBUG LISTServer - 登录游戏----------2017/10/19 10:15:45
2017-10-19 10:15:46,354 [25] DEBUG LISTServer - 登录用户openid:9697486827159f30f5cab73bbab97a1b56966c2a|昵称:测试用户969----------2017/10/19 10:15:46
2017-10-19 10:15:47,073 [25] DEBUG LISTServer - 登录游戏成功,当前对象存在----------2017/10/19 10:15:47
2017-10-19 10:18:37,934 [14] DEBUG LISTServer - 登陆sssionID--------a134e368-f764-47c6-89bb-78aeb06329ff
2017-10-19 10:18:37,934 [14] DEBUG LISTServer - 登录游戏----------2017/10/19 10:18:37
2017-10-19 10:18:38,356 [14] DEBUG LISTServer - 登录用户openid:9697486827159f30f5cab73bbab97a1b56966c2a|昵称:测试用户969----------2017/10/19 10:18:38
2017-10-19 10:18:38,903 [14] DEBUG LISTServer - 登录游戏成功,当前对象存在----------2017/10/19 10:18:38
2017-10-19 10:23:23,644 [12] DEBUG LISTServer - 登陆sssionID--------7f7dd89e-aef7-4bf5-9521-ee2a2fa9e239
2017-10-19 10:23:23,644 [12] DEBUG LISTServer - 登录游戏----------2017/10/19 10:23:23
2017-10-19 10:23:23,956 [12] DEBUG LISTServer - 登录用户openid:9697486827159f30f5cab73bbab97a1b56966c2a|昵称:测试用户969----------2017/10/19 10:23:23
2017-10-19 10:23:24,644 [12] DEBUG LISTServer - 登录游戏成功,当前对象存在----------2017/10/19 10:23:24
2017-10-19 10:34:17,421 [25] DEBUG LISTServer - 登陆sssionID--------27920b37-67de-4286-90b8-96b6f072dbaf
2017-10-19 10:34:17,421 [25] DEBUG LISTServer - 登录游戏----------2017/10/19 10:34:17
2017-10-19 10:34:17,859 [25] DEBUG LISTServer - 登录用户openid:9697486827159f30f5cab73bbab97a1b56966c2a|昵称:测试用户969----------2017/10/19 10:34:17
2017-10-19 10:34:18,672 [25] DEBUG LISTServer - 登录游戏成功,当前对象存在----------2017/10/19 10:34:18
2017-10-19 10:36:05,123 [14] DEBUG LISTServer - 登陆sssionID--------5ce4bf11-7127-4396-98fa-22a8d98fdc1b
2017-10-19 10:36:05,123 [14] DEBUG LISTServer - 登录游戏----------2017/10/19 10:36:05
2017-10-19 10:36:05,467 [14] DEBUG LISTServer - 登录用户openid:9697486827159f30f5cab73bbab97a1b56966c2a|昵称:测试用户969----------2017/10/19 10:36:05
2017-10-19 10:36:06,170 [14] DEBUG LISTServer - 登录游戏成功,当前对象存在----------2017/10/19 10:36:06
2017-10-19 11:12:43,292 [14] DEBUG LISTServer - 登陆sssionID--------1969d561-335a-4055-a6cf-daba32b666e9
2017-10-19 11:12:43,292 [14] DEBUG LISTServer - 登录游戏----------2017/10/19 11:12:43
2017-10-19 11:12:43,776 [14] DEBUG LISTServer - 登录用户openid:9697486827159f30f5cab73bbab97a1b56966c2a|昵称:测试用户969----------2017/10/19 11:12:43
2017-10-19 11:12:44,871 [14] DEBUG LISTServer - 登录游戏成功,当前对象存在----------2017/10/19 11:12:44
2017-10-19 11:15:33,079 [12] DEBUG LISTServer - 登陆sssionID--------3ba82bea-25d2-40e0-a1e4-2b61078012e9
2017-10-19 11:15:33,079 [12] DEBUG LISTServer - 登录游戏----------2017/10/19 11:15:33
2017-10-19 11:15:33,516 [12] DEBUG LISTServer - 登录用户openid:9697486827159f30f5cab73bbab97a1b56966c2a|昵称:测试用户969----------2017/10/19 11:15:33
2017-10-19 11:15:34,235 [12] DEBUG LISTServer - 登录游戏成功,当前对象存在----------2017/10/19 11:15:34
2017-10-19 11:23:46,306 [12] DEBUG LISTServer - 登陆sssionID--------175b30d5-9010-49d8-8a58-2589a0291f77
2017-10-19 11:23:46,306 [12] DEBUG LISTServer - 登录游戏----------2017/10/19 11:23:46
2017-10-19 11:23:46,757 [12] DEBUG LISTServer - 登录用户openid:9697486827159f30f5cab73bbab97a1b56966c2a|昵称:测试用户969----------2017/10/19 11:23:46
2017-10-19 11:23:47,543 [12] DEBUG LISTServer - 登录游戏成功,当前对象存在----------2017/10/19 11:23:47
2017-10-19 11:27:54,400 [25] DEBUG LISTServer - 登陆sssionID--------55ed14cb-1458-4080-9a5c-df75c2511f55
2017-10-19 11:27:54,400 [25] DEBUG LISTServer - 登录游戏----------2017/10/19 11:27:54
2017-10-19 11:27:54,869 [25] DEBUG LISTServer - 登录用户openid:9697486827159f30f5cab73bbab97a1b56966c2a|昵称:测试用户969----------2017/10/19 11:27:54
2017-10-19 11:27:55,672 [25] DEBUG LISTServer - 登录游戏成功,当前对象存在----------2017/10/19 11:27:55
2017-10-19 11:30:13,620 [25] DEBUG LISTServer - 登陆sssionID--------08db5d1b-3c8a-4de6-aed5-6bc23ffae61e
2017-10-19 11:30:13,621 [25] DEBUG LISTServer - 登录游戏----------2017/10/19 11:30:13
2017-10-19 11:30:14,162 [25] DEBUG LISTServer - 登录用户openid:9697486827159f30f5cab73bbab97a1b56966c2a|昵称:测试用户969----------2017/10/19 11:30:14
2017-10-19 11:30:14,962 [25] DEBUG LISTServer - 登录游戏成功,当前对象存在----------2017/10/19 11:30:14
2017-10-19 11:41:27,779 [13] DEBUG LISTServer - 登陆sssionID--------0ae3dff1-67bb-4ac2-810b-4506b1fba723
2017-10-19 11:41:27,779 [13] DEBUG LISTServer - 登录游戏----------2017/10/19 11:41:27
2017-10-19 11:41:28,240 [13] DEBUG LISTServer - 登录用户openid:56de59c92137862db80d942259702f67|昵称:测试用户56d----------2017/10/19 11:41:28
2017-10-19 11:41:28,919 [13] DEBUG LISTServer - 登录游戏成功----------2017/10/19 11:41:28
2017-10-19 11:41:54,197 [14] DEBUG LISTServer - 登陆sssionID--------4dd98e53-3382-4d52-bd51-8af801a26280
2017-10-19 11:41:54,197 [14] DEBUG LISTServer - 登录游戏----------2017/10/19 11:41:54
2017-10-19 11:41:54,358 [14] DEBUG LISTServer - 登录用户openid:89f5ef72e82d130fda1ec076c054b52d|昵称:测试用户89f----------2017/10/19 11:41:54
2017-10-19 11:41:55,279 [14] DEBUG LISTServer - 登录游戏成功----------2017/10/19 11:41:55
2017-10-19 11:47:27,043 [25] DEBUG LISTServer - 登陆sssionID--------8c1e77ec-4045-4ab8-9abf-bd0d1bfaf95a
2017-10-19 11:47:27,043 [25] DEBUG LISTServer - 登录游戏----------2017/10/19 11:47:27
2017-10-19 11:47:27,580 [25] DEBUG LISTServer - 登录用户openid:2be4087248667baee875b4dd4e4e388e|昵称:测试用户2be----------2017/10/19 11:47:27
2017-10-19 11:47:28,500 [25] DEBUG LISTServer - 登录游戏成功,当前对象存在----------2017/10/19 11:47:28
2017-10-19 11:47:41,017 [12] DEBUG LISTServer - 登陆sssionID--------e33dc51b-7a15-4526-b532-b43eaedd8e91
2017-10-19 11:47:41,017 [12] DEBUG LISTServer - 登录游戏----------2017/10/19 11:47:41
2017-10-19 11:47:41,203 [12] DEBUG LISTServer - 登录用户openid:724bb3ec1355840ed0e3fb88b56b9197|昵称:测试用户724----------2017/10/19 11:47:41
2017-10-19 11:47:41,844 [12] DEBUG LISTServer - 登录游戏成功,当前对象存在----------2017/10/19 11:47:41
2017-10-19 11:53:07,289 [25] DEBUG LISTServer - 登陆sssionID--------25a8118b-9ee3-46e5-bf43-1b63822d385a
2017-10-19 11:53:07,289 [25] DEBUG LISTServer - 登录游戏----------2017/10/19 11:53:07
2017-10-19 11:53:07,765 [25] DEBUG LISTServer - 登录用户openid:9697486827159f30f5cab73bbab97a1b56966c2a|昵称:测试用户969----------2017/10/19 11:53:07
2017-10-19 11:53:08,557 [25] DEBUG LISTServer - 登录游戏成功,当前对象存在----------2017/10/19 11:53:08
2017-10-19 12:53:50,684 [12] DEBUG LISTServer - 登陆sssionID--------ff441f3d-b762-4119-a841-55ed6948d5be
2017-10-19 12:53:50,684 [12] DEBUG LISTServer - 登录游戏----------2017/10/19 12:53:50
2017-10-19 12:53:51,172 [12] DEBUG LISTServer - 登录用户openid:9697486827159f30f5cab73bbab97a1b56966c2a|昵称:测试用户969----------2017/10/19 12:53:51
2017-10-19 12:53:52,433 [12] DEBUG LISTServer - 登录游戏成功,当前对象存在----------2017/10/19 12:53:52
2017-10-19 12:54:49,214 [40] DEBUG LISTServer - 登陆sssionID--------93346184-51f0-4bc2-93da-02b3a8a1377e
2017-10-19 12:54:49,214 [40] DEBUG LISTServer - 登录游戏----------2017/10/19 12:54:49
2017-10-19 12:54:49,373 [40] DEBUG LISTServer - 登录用户openid:56de59c92137862db80d942259702f67|昵称:测试用户56d----------2017/10/19 12:54:49
2017-10-19 12:54:50,219 [40] DEBUG LISTServer - 登录游戏成功,当前对象存在----------2017/10/19 12:54:50
2017-10-19 13:11:19,852 [48] DEBUG LISTServer - 登陆sssionID--------bb1f1c21-2e41-4bde-91fd-2dced6b16a08
2017-10-19 13:11:19,852 [48] DEBUG LISTServer - 登录游戏----------2017/10/19 13:11:19
2017-10-19 13:11:20,391 [48] DEBUG LISTServer - 登录用户openid:56de59c92137862db80d942259702f67|昵称:测试用户56d----------2017/10/19 13:11:20
2017-10-19 13:11:21,149 [48] DEBUG LISTServer - 登录游戏成功,当前对象存在----------2017/10/19 13:11:21
2017-10-19 13:12:35,635 [48] DEBUG LISTServer - 登陆sssionID--------adaf50ac-2a41-4dc8-80dc-47a98a3e21bb
2017-10-19 13:12:35,635 [48] DEBUG LISTServer - 登录游戏----------2017/10/19 13:12:35
2017-10-19 13:12:35,902 [48] DEBUG LISTServer - 登录用户openid:89f5ef72e82d130fda1ec076c054b52d|昵称:测试用户89f----------2017/10/19 13:12:35
2017-10-19 13:12:36,722 [48] DEBUG LISTServer - 登录游戏成功,当前对象存在----------2017/10/19 13:12:36
2017-10-19 13:17:46,841 [48] DEBUG LISTServer - 登陆sssionID--------9b510958-f49a-499b-970e-503b4dce8061
2017-10-19 13:17:46,841 [48] DEBUG LISTServer - 登录游戏----------2017/10/19 13:17:46
2017-10-19 13:17:47,292 [48] DEBUG LISTServer - 登录用户openid:9697486827159f30f5cab73bbab97a1b56966c2a|昵称:测试用户969----------2017/10/19 13:17:47
2017-10-19 13:17:48,112 [48] DEBUG LISTServer - 登录游戏成功,当前对象存在----------2017/10/19 13:17:48
2017-10-19 13:21:33,966 [3] DEBUG LISTServer - 登陆sssionID--------66072333-9d6b-40dc-a099-9bc2fc990d0f
2017-10-19 13:21:33,967 [3] DEBUG LISTServer - 登录游戏----------2017/10/19 13:21:33
2017-10-19 13:21:34,424 [3] DEBUG LISTServer - 登录用户openid:9697486827159f30f5cab73bbab97a1b56966c2a|昵称:测试用户969----------2017/10/19 13:21:34
2017-10-19 13:21:35,071 [3] DEBUG LISTServer - 登录游戏成功,当前对象存在----------2017/10/19 13:21:35
2017-10-19 13:35:56,810 [40] DEBUG LISTServer - 登陆sssionID--------36ae42c2-5391-483f-8026-4300c3caeb29
2017-10-19 13:35:56,810 [40] DEBUG LISTServer - 登录游戏----------2017/10/19 13:35:56
2017-10-19 13:35:57,787 [40] DEBUG LISTServer - 登录用户openid:17da9228849df8ed9400ca4e907dca8c776081ad|昵称:测试用户17d----------2017/10/19 13:35:57
2017-10-19 13:35:58,482 [40] DEBUG LISTServer - 登录游戏成功----------2017/10/19 13:35:58
2017-10-19 13:51:57,310 [48] DEBUG LISTServer - 登陆sssionID--------b0cc214d-955e-4a4b-b007-a6cfa240bb28
2017-10-19 13:51:57,311 [48] DEBUG LISTServer - 登录游戏----------2017/10/19 13:51:57
2017-10-19 13:51:57,840 [48] DEBUG LISTServer - 登录用户openid:9697486827159f30f5cab73bbab97a1b56966c2a|昵称:测试用户969----------2017/10/19 13:51:57
2017-10-19 13:51:58,746 [48] DEBUG LISTServer - 登录游戏成功,当前对象存在----------2017/10/19 13:51:58
2017-10-19 13:51:59,481 [40] DEBUG LISTServer - 登陆sssionID--------12deee16-4160-497c-b0ad-e73fc78fd93e
2017-10-19 13:51:59,481 [40] DEBUG LISTServer - 登录游戏----------2017/10/19 13:51:59
2017-10-19 13:51:59,620 [40] DEBUG LISTServer - 登录用户openid:17da9228849df8ed9400ca4e907dca8c776081ad|昵称:测试用户17d----------2017/10/19 13:51:59
2017-10-19 13:52:00,338 [40] DEBUG LISTServer - 登录游戏成功,当前对象存在----------2017/10/19 13:52:00
2017-10-19 13:59:18,340 [3] DEBUG LISTServer - 登陆sssionID--------879e2d61-3751-4f3a-b21c-95f27a3b16bc
2017-10-19 13:59:18,340 [3] DEBUG LISTServer - 登录游戏----------2017/10/19 13:59:18
2017-10-19 13:59:18,843 [3] DEBUG LISTServer - 登录用户openid:9697486827159f30f5cab73bbab97a1b56966c2a|昵称:测试用户969----------2017/10/19 13:59:18
2017-10-19 13:59:19,636 [3] DEBUG LISTServer - 登录游戏成功,当前对象存在----------2017/10/19 13:59:19
2017-10-19 14:02:35,353 [4] DEBUG LISTServer - 登陆sssionID--------058d1a76-670a-48ff-9eae-ab3f4c53d0a4
2017-10-19 14:02:35,353 [4] DEBUG LISTServer - 登录游戏----------2017/10/19 14:02:35
2017-10-19 14:02:35,739 [4] DEBUG LISTServer - 登录用户openid:9697486827159f30f5cab73bbab97a1b56966c2a|昵称:测试用户969----------2017/10/19 14:02:35
2017-10-19 14:02:36,561 [4] DEBUG LISTServer - 登录游戏成功,当前对象存在----------2017/10/19 14:02:36
2017-10-19 14:05:32,220 [48] DEBUG LISTServer - 登陆sssionID--------d254af1c-3d01-4ea3-b8fb-1132ee9a8535
2017-10-19 14:05:32,220 [48] DEBUG LISTServer - 登录游戏----------2017/10/19 14:05:32
2017-10-19 14:05:32,611 [48] DEBUG LISTServer - 登录用户openid:9697486827159f30f5cab73bbab97a1b56966c2a|昵称:测试用户969----------2017/10/19 14:05:32
2017-10-19 14:05:33,269 [48] DEBUG LISTServer - 登录游戏成功,当前对象存在----------2017/10/19 14:05:33
2017-10-19 14:06:09,609 [48] DEBUG LISTServer - 登陆sssionID--------965e76e2-a5b8-4e54-a641-647006a06f87
2017-10-19 14:06:09,609 [48] DEBUG LISTServer - 登录游戏----------2017/10/19 14:06:09
2017-10-19 14:06:09,756 [48] DEBUG LISTServer - 登录用户openid:9697486827159f30f5cab73bbab97a1b56966c2a|昵称:测试用户969----------2017/10/19 14:06:09
2017-10-19 14:06:10,687 [48] DEBUG LISTServer - 登录游戏成功,当前对象存在----------2017/10/19 14:06:10
2017-10-19 14:14:28,230 [12] DEBUG LISTServer - 登陆sssionID--------af769569-e6e6-4e5c-9f4f-39ab2e646aa3
2017-10-19 14:14:28,231 [12] DEBUG LISTServer - 登录游戏----------2017/10/19 14:14:28
2017-10-19 14:14:28,733 [12] DEBUG LISTServer - 登录用户openid:9697486827159f30f5cab73bbab97a1b56966c2a|昵称:测试用户969----------2017/10/19 14:14:28
2017-10-19 14:14:29,496 [12] DEBUG LISTServer - 登录游戏成功,当前对象存在----------2017/10/19 14:14:29
2017-10-19 14:17:28,298 [4] DEBUG LISTServer - 登陆sssionID--------c3d5d87b-33dc-4650-9af4-b595fc8d75e7
2017-10-19 14:17:28,298 [4] DEBUG LISTServer - 登录游戏----------2017/10/19 14:17:28
2017-10-19 14:17:28,773 [4] DEBUG LISTServer - 登录用户openid:9697486827159f30f5cab73bbab97a1b56966c2a|昵称:测试用户969----------2017/10/19 14:17:28
2017-10-19 14:17:29,518 [4] DEBUG LISTServer - 登录游戏成功,当前对象存在----------2017/10/19 14:17:29
2017-10-19 14:25:35,740 [4] DEBUG LISTServer - 登陆sssionID--------1df19b77-6a49-41f6-8a28-7ee57fac72fb
2017-10-19 14:25:35,740 [4] DEBUG LISTServer - 登录游戏----------2017/10/19 14:25:35
2017-10-19 14:25:36,177 [4] DEBUG LISTServer - 登录用户openid:9697486827159f30f5cab73bbab97a1b56966c2a|昵称:测试用户969----------2017/10/19 14:25:36
2017-10-19 14:25:36,967 [4] DEBUG LISTServer - 登录游戏成功,当前对象存在----------2017/10/19 14:25:36
2017-10-19 14:29:58,153 [48] DEBUG LISTServer - 登陆sssionID--------8fcbd4cd-ca71-43ae-a461-257a7e08ccb3
2017-10-19 14:29:58,153 [48] DEBUG LISTServer - 登录游戏----------2017/10/19 14:29:58
2017-10-19 14:29:58,536 [48] DEBUG LISTServer - 登录用户openid:9697486827159f30f5cab73bbab97a1b56966c2a|昵称:测试用户969----------2017/10/19 14:29:58
2017-10-19 14:29:59,089 [48] DEBUG LISTServer - 登录游戏成功,当前对象存在----------2017/10/19 14:29:59
2017-10-19 14:31:24,348 [48] DEBUG LISTServer - 登陆sssionID--------70ec6020-1641-4ef4-b92f-f6cb2004616f
2017-10-19 14:31:24,348 [48] DEBUG LISTServer - 登录游戏----------2017/10/19 14:31:24
2017-10-19 14:31:24,598 [48] DEBUG LISTServer - 登录用户openid:9697486827159f30f5cab73bbab97a1b56966c2a|昵称:测试用户969----------2017/10/19 14:31:24
2017-10-19 14:31:25,177 [48] DEBUG LISTServer - 登录游戏成功,当前对象存在----------2017/10/19 14:31:25
2017-10-19 14:32:18,198 [4] DEBUG LISTServer - 登陆sssionID--------a7390466-d8fc-4737-bdcf-a86861368b0b
2017-10-19 14:32:18,198 [4] DEBUG LISTServer - 登录游戏----------2017/10/19 14:32:18
2017-10-19 14:32:18,455 [4] DEBUG LISTServer - 登录用户openid:9697486827159f30f5cab73bbab97a1b56966c2a|昵称:测试用户969----------2017/10/19 14:32:18
2017-10-19 14:32:19,146 [4] DEBUG LISTServer - 登录游戏成功,当前对象存在----------2017/10/19 14:32:19
2017-10-19 14:36:24,075 [4] DEBUG LISTServer - 登陆sssionID--------62e4558a-b3f9-45aa-898f-a262260b52f8
2017-10-19 14:36:24,075 [4] DEBUG LISTServer - 登录游戏----------2017/10/19 14:36:24
2017-10-19 14:36:24,564 [4] DEBUG LISTServer - 登录用户openid:9697486827159f30f5cab73bbab97a1b56966c2a|昵称:测试用户969----------2017/10/19 14:36:24
2017-10-19 14:36:25,406 [4] DEBUG LISTServer - 登录游戏成功,当前对象存在----------2017/10/19 14:36:25
2017-10-19 14:42:53,360 [48] DEBUG LISTServer - 登陆sssionID--------2e0e553d-c55a-4452-b71b-88a2e8e62de6
2017-10-19 14:42:53,360 [48] DEBUG LISTServer - 登录游戏----------2017/10/19 14:42:53
2017-10-19 14:42:53,750 [48] DEBUG LISTServer - 登录用户openid:9697486827159f30f5cab73bbab97a1b56966c2a|昵称:测试用户969----------2017/10/19 14:42:53
2017-10-19 14:42:54,441 [48] DEBUG LISTServer - 登录游戏成功,当前对象存在----------2017/10/19 14:42:54
2017-10-19 14:57:33,265 [26] DEBUG LISTServer - 登陆sssionID--------64bae3ae-cd7e-4be8-b8ef-0d3fc8b49f15
2017-10-19 14:57:33,265 [26] DEBUG LISTServer - 登录游戏----------2017/10/19 14:57:33
2017-10-19 14:57:33,604 [26] DEBUG LISTServer - 登录用户openid:9697486827159f30f5cab73bbab97a1b56966c2a|昵称:测试用户969----------2017/10/19 14:57:33
2017-10-19 14:57:34,250 [26] DEBUG LISTServer - 登录游戏成功,当前对象存在----------2017/10/19 14:57:34
2017-10-19 14:57:35,096 [4] DEBUG LISTServer - 登陆sssionID--------61143694-74ca-4341-a9d8-4862670916cf
2017-10-19 14:57:35,096 [4] DEBUG LISTServer - 登录游戏----------2017/10/19 14:57:35
2017-10-19 14:57:35,227 [4] DEBUG LISTServer - 登录用户openid:17da9228849df8ed9400ca4e907dca8c776081ad|昵称:测试用户17d----------2017/10/19 14:57:35
2017-10-19 14:57:35,992 [4] DEBUG LISTServer - 登录游戏成功,当前对象存在----------2017/10/19 14:57:35
2017-10-19 14:59:12,917 [4] DEBUG LISTServer - 登陆sssionID--------a1013aaa-82f8-410f-bd75-7aa9293cd874
2017-10-19 14:59:12,917 [4] DEBUG LISTServer - 登录游戏----------2017/10/19 14:59:12
2017-10-19 14:59:13,131 [4] DEBUG LISTServer - 登录用户openid:9697486827159f30f5cab73bbab97a1b56966c2a|昵称:测试用户969----------2017/10/19 14:59:13
2017-10-19 14:59:13,945 [4] DEBUG LISTServer - 登录游戏成功,当前对象存在----------2017/10/19 14:59:13
2017-10-19 15:00:21,613 [48] DEBUG LISTServer - 登陆sssionID--------666d5371-6e7d-48a6-a234-1c22769df13c
2017-10-19 15:00:21,613 [48] DEBUG LISTServer - 登录游戏----------2017/10/19 15:00:21
2017-10-19 15:00:21,979 [48] DEBUG LISTServer - 登录用户openid:9697486827159f30f5cab73bbab97a1b56966c2a|昵称:测试用户969----------2017/10/19 15:00:21
2017-10-19 15:00:22,700 [48] DEBUG LISTServer - 登录游戏成功,当前对象存在----------2017/10/19 15:00:22
2017-10-19 15:04:04,565 [3] DEBUG LISTServer - 登陆sssionID--------d0c59793-1b40-4dbb-94de-84a469606a3e
2017-10-19 15:04:04,565 [3] DEBUG LISTServer - 登录游戏----------2017/10/19 15:04:04
2017-10-19 15:04:04,951 [3] DEBUG LISTServer - 登录用户openid:9697486827159f30f5cab73bbab97a1b56966c2a|昵称:测试用户969----------2017/10/19 15:04:04
2017-10-19 15:04:05,477 [3] DEBUG LISTServer - 登录游戏成功,当前对象存在----------2017/10/19 15:04:05
2017-10-19 15:24:44,047 [58] DEBUG LISTServer - 登陆sssionID--------fde52d9b-d34d-4a24-abb9-fad60b7ae381
2017-10-19 15:24:44,047 [58] DEBUG LISTServer - 登录游戏----------2017/10/19 15:24:44
2017-10-19 15:24:44,564 [58] DEBUG LISTServer - 登录用户openid:9697486827159f30f5cab73bbab97a1b56966c2a|昵称:测试用户969----------2017/10/19 15:24:44
2017-10-19 15:24:45,370 [58] DEBUG LISTServer - 登录游戏成功,当前对象存在----------2017/10/19 15:24:45
2017-10-19 15:26:56,882 [58] DEBUG LISTServer - 登陆sssionID--------6f457f10-cfcb-4101-913d-8da14c275fe0
2017-10-19 15:26:56,882 [58] DEBUG LISTServer - 登录游戏----------2017/10/19 15:26:56
2017-10-19 15:26:57,384 [58] DEBUG LISTServer - 登录用户openid:9697486827159f30f5cab73bbab97a1b56966c2a|昵称:测试用户969----------2017/10/19 15:26:57
2017-10-19 15:26:58,000 [58] DEBUG LISTServer - 登录游戏成功,当前对象存在----------2017/10/19 15:26:58
2017-10-19 15:33:05,818 [58] DEBUG LISTServer - 登陆sssionID--------413cfc1e-7fd1-42fe-acb6-06b1c190a3f6
2017-10-19 15:33:05,818 [58] DEBUG LISTServer - 登录游戏----------2017/10/19 15:33:05
2017-10-19 15:33:06,225 [58] DEBUG LISTServer - 登录用户openid:17da9228849df8ed9400ca4e907dca8c776081ad|昵称:测试用户17d----------2017/10/19 15:33:06
2017-10-19 15:33:06,899 [58] DEBUG LISTServer - 登录游戏成功,当前对象存在----------2017/10/19 15:33:06
2017-10-19 15:33:17,823 [41] DEBUG LISTServer - 登陆sssionID--------33f16436-0552-4223-828d-938a27f0c63f
2017-10-19 15:33:17,823 [41] DEBUG LISTServer - 登录游戏----------2017/10/19 15:33:17
2017-10-19 15:33:17,968 [41] DEBUG LISTServer - 登录用户openid:9697486827159f30f5cab73bbab97a1b56966c2a|昵称:测试用户969----------2017/10/19 15:33:17
2017-10-19 15:33:18,627 [41] DEBUG LISTServer - 登录游戏成功,当前对象存在----------2017/10/19 15:33:18
2017-10-19 15:34:21,079 [41] DEBUG LISTServer - 登陆sssionID--------fd2e63cb-fe55-434d-8d12-fd32d106267b
2017-10-19 15:34:21,079 [41] DEBUG LISTServer - 登录游戏----------2017/10/19 15:34:21
2017-10-19 15:34:21,241 [41] DEBUG LISTServer - 登录用户openid:9697486827159f30f5cab73bbab97a1b56966c2a|昵称:测试用户969----------2017/10/19 15:34:21
2017-10-19 15:34:21,953 [41] DEBUG LISTServer - 登录游戏成功,当前对象存在----------2017/10/19 15:34:21
2017-10-19 15:40:05,241 [58] DEBUG LISTServer - 登陆sssionID--------d5838adc-5c36-41d8-a9a5-8b1e6a1f5365
2017-10-19 15:40:05,241 [58] DEBUG LISTServer - 登录游戏----------2017/10/19 15:40:05
2017-10-19 15:40:05,656 [58] DEBUG LISTServer - 登录用户openid:17da9228849df8ed9400ca4e907dca8c776081ad|昵称:测试用户17d----------2017/10/19 15:40:05
2017-10-19 15:40:06,489 [58] DEBUG LISTServer - 登录游戏成功,当前对象存在----------2017/10/19 15:40:06
2017-10-19 15:40:20,109 [3] DEBUG LISTServer - 登陆sssionID--------5db446d1-be62-4040-ae75-5e9e3de46501
2017-10-19 15:40:20,109 [3] DEBUG LISTServer - 登录游戏----------2017/10/19 15:40:20
2017-10-19 15:40:20,298 [3] DEBUG LISTServer - 登录用户openid:9697486827159f30f5cab73bbab97a1b56966c2a|昵称:测试用户969----------2017/10/19 15:40:20
2017-10-19 15:40:21,168 [3] DEBUG LISTServer - 登录游戏成功,当前对象存在----------2017/10/19 15:40:21
2017-10-19 15:40:46,005 [48] DEBUG LISTServer - 登陆sssionID--------51829e4b-c6b7-4782-8529-12b24423c340
2017-10-19 15:40:46,005 [48] DEBUG LISTServer - 登录游戏----------2017/10/19 15:40:46
2017-10-19 15:40:46,185 [48] DEBUG LISTServer - 登录用户openid:9697486827159f30f5cab73bbab97a1b56966c2a|昵称:测试用户969----------2017/10/19 15:40:46
2017-10-19 15:40:46,871 [48] DEBUG LISTServer - 登录游戏成功,当前对象存在----------2017/10/19 15:40:46
2017-10-19 15:42:39,653 [41] DEBUG LISTServer - 登陆sssionID--------6a45e890-b9b4-461f-9680-d474e8346b36
2017-10-19 15:42:39,653 [41] DEBUG LISTServer - 登录游戏----------2017/10/19 15:42:39
2017-10-19 15:42:40,007 [41] DEBUG LISTServer - 登录用户openid:9697486827159f30f5cab73bbab97a1b56966c2a|昵称:测试用户969----------2017/10/19 15:42:40
2017-10-19 15:42:40,624 [41] DEBUG LISTServer - 登录游戏成功,当前对象存在----------2017/10/19 15:42:40
2017-10-19 15:57:47,621 [3] DEBUG LISTServer - 登陆sssionID--------c4de27c8-51fc-48bf-9ded-67f97967d270
2017-10-19 15:57:47,621 [3] DEBUG LISTServer - 登录游戏----------2017/10/19 15:57:47
2017-10-19 15:57:47,931 [3] DEBUG LISTServer - 登录用户openid:9697486827159f30f5cab73bbab97a1b56966c2a|昵称:测试用户969----------2017/10/19 15:57:47
2017-10-19 15:57:48,502 [3] DEBUG LISTServer - 登录游戏成功,当前对象存在----------2017/10/19 15:57:48
2017-10-19 15:58:35,729 [3] DEBUG LISTServer - 登陆sssionID--------1721b1de-44bc-4e60-a642-83ed65a1c2cf
2017-10-19 15:58:35,729 [3] DEBUG LISTServer - 登录游戏----------2017/10/19 15:58:35
2017-10-19 15:58:35,859 [3] DEBUG LISTServer - 登录用户openid:9697486827159f30f5cab73bbab97a1b56966c2a|昵称:测试用户969----------2017/10/19 15:58:35
2017-10-19 15:58:36,370 [3] DEBUG LISTServer - 登录游戏成功,当前对象存在----------2017/10/19 15:58:36
2017-10-19 15:59:23,458 [58] DEBUG LISTServer - 登陆sssionID--------8b24848f-c520-4b3a-9f9c-cf30c27719ae
2017-10-19 15:59:23,458 [58] DEBUG LISTServer - 登录游戏----------2017/10/19 15:59:23
2017-10-19 15:59:23,587 [58] DEBUG LISTServer - 登录用户openid:9697486827159f30f5cab73bbab97a1b56966c2a|昵称:测试用户969----------2017/10/19 15:59:23
2017-10-19 15:59:24,167 [58] DEBUG LISTServer - 登录游戏成功,当前对象存在----------2017/10/19 15:59:24
2017-10-19 16:00:49,489 [41] DEBUG LISTServer - 登陆sssionID--------1c18322c-227a-4a36-aa89-fb67457ae8c3
2017-10-19 16:00:49,489 [41] DEBUG LISTServer - 登录游戏----------2017/10/19 16:00:49
2017-10-19 16:00:49,860 [41] DEBUG LISTServer - 登录用户openid:9697486827159f30f5cab73bbab97a1b56966c2a|昵称:测试用户969----------2017/10/19 16:00:49
2017-10-19 16:00:50,479 [41] DEBUG LISTServer - 登录游戏成功,当前对象存在----------2017/10/19 16:00:50
2017-10-19 16:03:08,790 [48] DEBUG LISTServer - 登陆sssionID--------9fc337c3-b37b-4216-a41d-149f22d440c1
2017-10-19 16:03:08,790 [48] DEBUG LISTServer - 登录游戏----------2017/10/19 16:03:08
2017-10-19 16:03:09,199 [48] DEBUG LISTServer - 登录用户openid:17da9228849df8ed9400ca4e907dca8c776081ad|昵称:测试用户17d----------2017/10/19 16:03:09
2017-10-19 16:03:10,252 [48] DEBUG LISTServer - 登录游戏成功,当前对象存在----------2017/10/19 16:03:10
2017-10-19 16:03:37,853 [48] DEBUG LISTServer - 登陆sssionID--------39db638c-8445-43e4-8b60-5f5e5071bd69
2017-10-19 16:03:37,854 [48] DEBUG LISTServer - 登录游戏----------2017/10/19 16:03:37
2017-10-19 16:03:37,997 [48] DEBUG LISTServer - 登录用户openid:9697486827159f30f5cab73bbab97a1b56966c2a|昵称:测试用户969----------2017/10/19 16:03:37
2017-10-19 16:03:38,832 [48] DEBUG LISTServer - 登录游戏成功,当前对象存在----------2017/10/19 16:03:38
2017-10-19 16:04:39,147 [48] DEBUG LISTServer - 登陆sssionID--------712c2e62-0122-4522-b2d0-03053d8656a9
2017-10-19 16:04:39,147 [48] DEBUG LISTServer - 登录游戏----------2017/10/19 16:04:39
2017-10-19 16:04:39,324 [48] DEBUG LISTServer - 登录用户openid:17da9228849df8ed9400ca4e907dca8c776081ad|昵称:测试用户17d----------2017/10/19 16:04:39
2017-10-19 16:04:40,104 [48] DEBUG LISTServer - 登录游戏成功,当前对象存在----------2017/10/19 16:04:40
2017-10-19 16:07:12,373 [21] DEBUG LISTServer - 登陆sssionID--------db22fec4-ee4f-45b8-87fe-c8ed53e89e2a
2017-10-19 16:07:12,373 [21] DEBUG LISTServer - 登录游戏----------2017/10/19 16:07:12
2017-10-19 16:07:12,749 [21] DEBUG LISTServer - 登录用户openid:17da9228849df8ed9400ca4e907dca8c776081ad|昵称:测试用户17d----------2017/10/19 16:07:12
2017-10-19 16:07:13,511 [21] DEBUG LISTServer - 登录游戏成功,当前对象存在----------2017/10/19 16:07:13
2017-10-19 16:08:11,824 [58] DEBUG LISTServer - 登陆sssionID--------00f18b60-76af-4fa6-a056-e75aa0c30726
2017-10-19 16:08:11,824 [58] DEBUG LISTServer - 登录游戏----------2017/10/19 16:08:11
2017-10-19 16:08:11,965 [58] DEBUG LISTServer - 登录用户openid:ba9888ce2db1bd530ba845f3283b7b0a|昵称:123----------2017/10/19 16:08:11
2017-10-19 16:08:12,470 [58] DEBUG LISTServer - 登录游戏成功----------2017/10/19 16:08:12
2017-10-19 16:09:23,853 [3] DEBUG LISTServer - 登陆sssionID--------0b62a4d4-d745-4c59-b0ba-b7530d46e204
2017-10-19 16:09:23,853 [3] DEBUG LISTServer - 登录游戏----------2017/10/19 16:09:23
2017-10-19 16:09:24,267 [3] DEBUG LISTServer - 登录用户openid:9697486827159f30f5cab73bbab97a1b56966c2a|昵称:测试用户969----------2017/10/19 16:09:24
2017-10-19 16:09:25,154 [3] DEBUG LISTServer - 登录游戏成功,当前对象存在----------2017/10/19 16:09:25
2017-10-19 16:23:24,155 [58] DEBUG LISTServer - 登陆sssionID--------9096f708-e932-475c-b589-3300794394b4
2017-10-19 16:23:24,155 [58] DEBUG LISTServer - 登录游戏----------2017/10/19 16:23:24
2017-10-19 16:23:24,690 [58] DEBUG LISTServer - 登录用户openid:9697486827159f30f5cab73bbab97a1b56966c2a|昵称:测试用户969----------2017/10/19 16:23:24
2017-10-19 16:23:25,590 [58] DEBUG LISTServer - 登录游戏成功,当前对象存在----------2017/10/19 16:23:25
2017-10-19 16:39:03,375 [48] DEBUG LISTServer - 登陆sssionID--------f3004767-4fe2-452c-bd19-f38d4a52d7c8
2017-10-19 16:39:03,375 [48] DEBUG LISTServer - 登录游戏----------2017/10/19 16:39:03
2017-10-19 16:39:03,775 [48] DEBUG LISTServer - 登录用户openid:ba9888ce2db1bd530ba845f3283b7b0a|昵称:123----------2017/10/19 16:39:03
2017-10-19 16:39:04,886 [48] DEBUG LISTServer - 登录游戏成功,当前对象存在----------2017/10/19 16:39:04
2017-10-19 17:46:30,992 [17] DEBUG LISTServer - 登陆sssionID--------f41add2a-e1ab-475e-8ae4-35c480f8760f
2017-10-19 17:46:30,992 [17] DEBUG LISTServer - 登录游戏----------2017/10/19 17:46:30
2017-10-19 17:46:31,579 [17] DEBUG LISTServer - 登录用户openid:9697486827159f30f5cab73bbab97a1b56966c2a|昵称:测试用户969----------2017/10/19 17:46:31
2017-10-19 17:46:32,700 [17] DEBUG LISTServer - 登录游戏成功,当前对象存在----------2017/10/19 17:46:32
2017-10-19 17:48:09,838 [17] DEBUG LISTServer - 登陆sssionID--------73244915-6b3e-464b-9193-e73a464d71ad
2017-10-19 17:48:09,838 [17] DEBUG LISTServer - 登录游戏----------2017/10/19 17:48:09
2017-10-19 17:48:10,091 [17] DEBUG LISTServer - 登录用户openid:ba9888ce2db1bd530ba845f3283b7b0a|昵称:123----------2017/10/19 17:48:10
2017-10-19 17:48:10,686 [17] DEBUG LISTServer - 登录游戏成功,当前对象存在----------2017/10/19 17:48:10
2017-10-19 17:52:49,549 [17] DEBUG LISTServer - 登陆sssionID--------517845cf-28bc-4b29-84e7-c1bc7197f830
2017-10-19 17:52:49,549 [17] DEBUG LISTServer - 登录游戏----------2017/10/19 17:52:49
2017-10-19 17:52:49,957 [17] DEBUG LISTServer - 登录用户openid:9697486827159f30f5cab73bbab97a1b56966c2a|昵称:测试用户969----------2017/10/19 17:52:49
2017-10-19 17:52:50,602 [17] DEBUG LISTServer - 登录游戏成功,当前对象存在----------2017/10/19 17:52:50
2017-10-19 17:54:07,574 [48] DEBUG LISTServer - 登陆sssionID--------81ef2e63-5e6f-4278-aff4-040bf65d9548
2017-10-19 17:54:07,574 [48] DEBUG LISTServer - 登录游戏----------2017/10/19 17:54:07
2017-10-19 17:54:07,748 [48] DEBUG LISTServer - 登录用户openid:BE33EDCD-7DFD-4833-A569-81042B4535C6|昵称:123----------2017/10/19 17:54:07
2017-10-19 17:54:08,409 [48] DEBUG LISTServer - 登录游戏成功----------2017/10/19 17:54:08
2017-10-19 18:03:08,394 [66] DEBUG LISTServer - 登陆sssionID--------525ff127-e742-4da4-9aae-eabfe0e42f7a
2017-10-19 18:03:08,394 [66] DEBUG LISTServer - 登录游戏----------2017/10/19 18:03:08
2017-10-19 18:03:08,782 [66] DEBUG LISTServer - 登录用户openid:BE33EDCD-7DFD-4833-A569-81042B4535C6|昵称:123----------2017/10/19 18:03:08
2017-10-19 18:03:09,684 [66] DEBUG LISTServer - 登录游戏成功,当前对象存在----------2017/10/19 18:03:09
2017-10-19 18:04:10,465 [48] DEBUG LISTServer - 登陆sssionID--------579b9a2d-a748-4055-998e-a6fff5b6a508
2017-10-19 18:04:10,465 [48] DEBUG LISTServer - 登录游戏----------2017/10/19 18:04:10
2017-10-19 18:04:10,636 [48] DEBUG LISTServer - 登录用户openid:9697486827159f30f5cab73bbab97a1b56966c2a|昵称:测试用户969----------2017/10/19 18:04:10
2017-10-19 18:04:11,454 [48] DEBUG LISTServer - 登录游戏成功,当前对象存在----------2017/10/19 18:04:11
2017-10-19 18:19:00,826 [66] DEBUG LISTServer - 登陆sssionID--------5845f931-894c-448c-bf2e-9e5d68994e69
2017-10-19 18:19:00,826 [66] DEBUG LISTServer - 登录游戏----------2017/10/19 18:19:00
2017-10-19 18:19:01,275 [66] DEBUG LISTServer - 登录用户openid:17da9228849df8ed9400ca4e907dca8c776081ad|昵称:测试用户17d----------2017/10/19 18:19:01
2017-10-19 18:19:01,928 [66] DEBUG LISTServer - 登录游戏成功,当前对象存在----------2017/10/19 18:19:01
2017-10-19 18:47:49,686 [21] DEBUG LISTServer - 登陆sssionID--------21811acc-faf2-452f-b6d6-295073fa09f6
2017-10-19 18:47:49,686 [21] DEBUG LISTServer - 登录游戏----------2017/10/19 18:47:49
2017-10-19 18:47:50,288 [21] DEBUG LISTServer - 登录用户openid:9697486827159f30f5cab73bbab97a1b56966c2a|昵称:测试用户969----------2017/10/19 18:47:50
2017-10-19 18:47:51,668 [21] DEBUG LISTServer - 登录游戏成功,当前对象存在----------2017/10/19 18:47:51
2017-10-19 18:54:48,910 [17] DEBUG LISTServer - 登陆sssionID--------68009d98-3eef-4fb9-af74-130537ecd630
2017-10-19 18:54:48,910 [17] DEBUG LISTServer - 登录游戏----------2017/10/19 18:54:48
2017-10-19 18:54:49,333 [17] DEBUG LISTServer - 登录用户openid:1A9E9D9A-8B90-4B5E-9CB1-14CDFE722230|昵称:123----------2017/10/19 18:54:49
2017-10-19 18:54:50,199 [17] DEBUG LISTServer - 登录游戏成功----------2017/10/19 18:54:50
2017-10-19 18:56:34,540 [17] DEBUG LISTServer - 登陆sssionID--------9ee67175-a399-4ded-9930-e667ea3f365e
2017-10-19 18:56:34,540 [17] DEBUG LISTServer - 登录游戏----------2017/10/19 18:56:34
2017-10-19 18:56:34,968 [17] DEBUG LISTServer - 登录用户openid:1A9E9D9A-8B90-4B5E-9CB1-14CDFE722230|昵称:123----------2017/10/19 18:56:34
2017-10-19 18:56:35,689 [17] DEBUG LISTServer - 登录游戏成功,当前对象存在----------2017/10/19 18:56:35
2017-10-19 18:59:06,131 [13] DEBUG LISTServer - 登陆sssionID--------8c2b1f12-6c2b-4414-afe4-97a3cbc0d6fd
2017-10-19 18:59:06,131 [13] DEBUG LISTServer - 登录游戏----------2017/10/19 18:59:06
2017-10-19 18:59:06,563 [13] DEBUG LISTServer - 登录用户openid:A1BEFC35-D4F1-49D6-B06F-F9A97C986A45|昵称:123----------2017/10/19 18:59:06
2017-10-19 18:59:07,153 [13] DEBUG LISTServer - 登录游戏成功----------2017/10/19 18:59:07
2017-10-19 19:06:50,613 [17] DEBUG LISTServer - 登陆sssionID--------8608f20f-54e9-4a7a-a40b-4269cb7b412a
2017-10-19 19:06:50,613 [17] DEBUG LISTServer - 登录游戏----------2017/10/19 19:06:50
2017-10-19 19:06:51,016 [17] DEBUG LISTServer - 登录用户openid:A1BEFC35-D4F1-49D6-B06F-F9A97C986A45|昵称:123----------2017/10/19 19:06:51
2017-10-19 19:06:51,893 [17] DEBUG LISTServer - 登录游戏成功,当前对象存在----------2017/10/19 19:06:51
2017-10-19 19:38:06,783 [44] DEBUG LISTServer - 登陆sssionID--------60e4ef0f-6808-4fed-aa0b-5d4404eabb41
2017-10-19 19:38:06,783 [44] DEBUG LISTServer - 登录游戏----------2017/10/19 19:38:06
2017-10-19 19:38:07,252 [44] DEBUG LISTServer - 登录用户openid:9697486827159f30f5cab73bbab97a1b56966c2a|昵称:测试用户969----------2017/10/19 19:38:07
2017-10-19 19:38:08,149 [44] DEBUG LISTServer - 登录游戏成功,当前对象存在----------2017/10/19 19:38:08
