2017-11-30 17:07:50,901 [1] DEBUG DefaultBootstrap - The server instance LISTServer has been created!
2017-11-30 17:07:51,421 [1] DEBUG LISTServer - The command 11060(ListBLL.Logic.ApplyRecord) has been discovered
2017-11-30 17:07:51,421 [1] DEBUG LISTServer - The command 11040(ListBLL.Logic.ApplyToJoin) has been discovered
2017-11-30 17:07:51,422 [1] DEBUG LISTServer - The command 11070(ListBLL.Logic.ChangeApplyStatus) has been discovered
2017-11-30 17:07:51,422 [1] DEBUG LISTServer - The command 19005(ListBLL.Logic.Feedback) has been discovered
2017-11-30 17:07:51,422 [1] DEBUG LISTServer - The command 11020(ListBLL.Logic.GameOperation) has been discovered
2017-11-30 17:07:51,422 [1] DEBUG LISTServer - The command 11030(ListBLL.Logic.GetGroupInfo) has been discovered
2017-11-30 17:07:51,422 [1] DEBUG LISTServer - The command 11050(ListBLL.Logic.GroupUsersManager) has been discovered
2017-11-30 17:07:51,422 [1] DEBUG LISTServer - The command 10001(ListBLL.Logic.Heartbeat) has been discovered
2017-11-30 17:07:51,422 [1] DEBUG LISTServer - The command 11080(ListBLL.Logic.LobbyInfo) has been discovered
2017-11-30 17:07:51,422 [1] DEBUG LISTServer - The command 11001(ListBLL.Logic.Login) has been discovered
2017-11-30 17:07:51,423 [1] DEBUG LISTServer - The command 19003(ListBLL.Logic.UserGamePlaybackLogic) has been discovered
2017-11-30 17:07:51,423 [1] DEBUG LISTServer - The command 19001(ListBLL.Logic.UserRecordLogic) has been discovered
2017-11-30 17:07:51,439 [1] DEBUG DefaultBootstrap - The server instance LISTServer has been initialized!
2017-11-30 17:07:52,263 [1] DEBUG DefaultBootstrap - The PerformanceMonitor has been initialized!
2017-11-30 17:07:52,263 [1] DEBUG DefaultBootstrap - The Bootstrap has been initialized!
2017-11-30 17:07:52,296 [1] DEBUG LISTServer - Listener (0.0.0.0:2018) was started
2017-11-30 17:07:52,304 [1] DEBUG DefaultBootstrap - The PerformanceMonitor has been started!
2017-11-30 17:17:12,468 [14] DEBUG LISTServer - 登陆sssionID--------7774cbfd-8c60-4478-ad7f-741ecafe810a
2017-11-30 17:17:12,468 [14] DEBUG LISTServer - 登录游戏----------2017/11/30 17:17:12
2017-11-30 17:17:15,837 [14] DEBUG LISTServer - 登录用户openid:cb02228dfbbc35594d8f3b7bdaa129cfedd86e9d|昵称:测试用户cb0----------2017/11/30 17:17:15
2017-11-30 17:17:18,444 [13] DEBUG LISTServer - 登陆sssionID--------df4f977d-7ba4-4912-a1b8-b8675d7f92f8
2017-11-30 17:17:18,444 [13] DEBUG LISTServer - 登录游戏----------2017/11/30 17:17:18
2017-11-30 17:17:21,470 [13] DEBUG LISTServer - 登录用户openid:2d4cd2d7753b0f3660fe5547e7011e9b|昵称:测试用户2d4----------2017/11/30 17:17:21
2017-11-30 17:17:22,174 [14] DEBUG LISTServer - 登录游戏成功----------2017/11/30 17:17:22
2017-11-30 17:17:22,292 [13] DEBUG LISTServer - 登录游戏成功----------2017/11/30 17:17:22
2017-11-30 17:18:08,236 [1] DEBUG DefaultBootstrap - The server instance LISTServer has been created!
2017-11-30 17:18:08,544 [1] DEBUG LISTServer - The command 11060(ListBLL.Logic.ApplyRecord) has been discovered
2017-11-30 17:18:08,544 [1] DEBUG LISTServer - The command 11040(ListBLL.Logic.ApplyToJoin) has been discovered
2017-11-30 17:18:08,544 [1] DEBUG LISTServer - The command 11070(ListBLL.Logic.ChangeApplyStatus) has been discovered
2017-11-30 17:18:08,544 [1] DEBUG LISTServer - The command 19005(ListBLL.Logic.Feedback) has been discovered
2017-11-30 17:18:08,544 [1] DEBUG LISTServer - The command 11020(ListBLL.Logic.GameOperation) has been discovered
2017-11-30 17:18:08,544 [1] DEBUG LISTServer - The command 11030(ListBLL.Logic.GetGroupInfo) has been discovered
2017-11-30 17:18:08,544 [1] DEBUG LISTServer - The command 11050(ListBLL.Logic.GroupUsersManager) has been discovered
2017-11-30 17:18:08,544 [1] DEBUG LISTServer - The command 10001(ListBLL.Logic.Heartbeat) has been discovered
2017-11-30 17:18:08,544 [1] DEBUG LISTServer - The command 11080(ListBLL.Logic.LobbyInfo) has been discovered
2017-11-30 17:18:08,544 [1] DEBUG LISTServer - The command 11001(ListBLL.Logic.Login) has been discovered
2017-11-30 17:18:08,544 [1] DEBUG LISTServer - The command 19003(ListBLL.Logic.UserGamePlaybackLogic) has been discovered
2017-11-30 17:18:08,545 [1] DEBUG LISTServer - The command 19001(ListBLL.Logic.UserRecordLogic) has been discovered
2017-11-30 17:18:08,559 [1] DEBUG DefaultBootstrap - The server instance LISTServer has been initialized!
2017-11-30 17:18:09,452 [1] DEBUG DefaultBootstrap - The PerformanceMonitor has been initialized!
2017-11-30 17:18:09,452 [1] DEBUG DefaultBootstrap - The Bootstrap has been initialized!
2017-11-30 17:18:09,474 [1] DEBUG LISTServer - Listener (0.0.0.0:2018) was started
2017-11-30 17:18:09,479 [1] DEBUG DefaultBootstrap - The PerformanceMonitor has been started!
2017-11-30 17:18:24,069 [9] DEBUG LISTServer - 登陆sssionID--------e044fd59-856d-477f-b290-fb29d4cb7641
2017-11-30 17:18:24,069 [9] DEBUG LISTServer - 登录游戏----------2017/11/30 17:18:24
2017-11-30 17:18:30,453 [9] DEBUG LISTServer - 登录用户openid:cb02228dfbbc35594d8f3b7bdaa129cfedd86e9d|昵称:测试用户cb0----------2017/11/30 17:18:30
2017-11-30 17:18:31,380 [9] DEBUG LISTServer - 登录游戏成功----------2017/11/30 17:18:31
2017-11-30 17:18:31,380 [9] DEBUG LISTServer - 新登录用户openid:cb02228dfbbc35594d8f3b7bdaa129cfedd86e9d
2017-11-30 17:18:42,648 [14] DEBUG LISTServer - 登陆sssionID--------702af3b0-142f-4f89-83cb-1f6bf6b63bdf
2017-11-30 17:18:42,648 [14] DEBUG LISTServer - 登录游戏----------2017/11/30 17:18:42
2017-11-30 17:18:45,784 [14] DEBUG LISTServer - 登录用户openid:2d4cd2d7753b0f3660fe5547e7011e9b|昵称:测试用户2d4----------2017/11/30 17:18:45
2017-11-30 17:18:46,021 [14] DEBUG LISTServer - 登录游戏成功----------2017/11/30 17:18:46
2017-11-30 17:18:46,021 [14] DEBUG LISTServer - 新登录用户openid:2d4cd2d7753b0f3660fe5547e7011e9b
2017-11-30 18:30:30,622 [7] DEBUG LISTServer - 登陆sssionID--------51a0fdd9-ca08-43c3-9009-5a858fd3b674
2017-11-30 18:30:30,622 [7] DEBUG LISTServer - 登录游戏----------2017/11/30 18:30:30
2017-11-30 18:30:35,873 [7] DEBUG LISTServer - 登录用户openid:cb02228dfbbc35594d8f3b7bdaa129cfedd86e9d|昵称:测试用户cb0----------2017/11/30 18:30:35
2017-11-30 18:30:36,003 [7] DEBUG LISTServer - 登录游戏成功,当前对象存在----------2017/11/30 18:30:36
2017-11-30 18:30:36,472 [7] DEBUG LISTServer - 登录游戏成功,当前对象存在----------2017/11/30 18:30:36
2017-11-30 18:31:24,739 [7] DEBUG LISTServer - 登陆sssionID--------f176d220-3deb-4c7f-8d6b-edcca624e41a
2017-11-30 18:31:24,739 [7] DEBUG LISTServer - 登录游戏----------2017/11/30 18:31:24
2017-11-30 18:31:25,149 [7] DEBUG LISTServer - 登录用户openid:cb02228dfbbc35594d8f3b7bdaa129cfedd86e9d|昵称:测试用户cb0----------2017/11/30 18:31:25
2017-11-30 18:31:25,246 [7] DEBUG LISTServer - 登录游戏成功,当前对象存在----------2017/11/30 18:31:25
2017-11-30 18:31:25,568 [7] DEBUG LISTServer - 登录游戏成功,当前对象存在----------2017/11/30 18:31:25
2017-11-30 18:37:06,496 [7] DEBUG LISTServer - 登陆sssionID--------d7633817-d576-4758-a988-d3452aa6e036
2017-11-30 18:37:06,496 [7] DEBUG LISTServer - 登录游戏----------2017/11/30 18:37:06
