2017-10-09 09:56:30,475 [1] DEBUG DefaultBootstrap - The server instance LISTServer has been created!
2017-10-09 09:56:30,618 [1] DEBUG LISTServer - The command 11020(ListBLL.Logic.GameOperation) has been discovered
2017-10-09 09:56:30,618 [1] DEBUG LISTServer - The command 10001(ListBLL.Logic.Heartbeat) has been discovered
2017-10-09 09:56:30,618 [1] DEBUG LISTServer - The command 11001(ListBLL.Logic.Login) has been discovered
2017-10-09 09:56:30,618 [1] DEBUG LISTServer - The command 19003(ListBLL.Logic.UserGamePlaybackLogic) has been discovered
2017-10-09 09:56:30,618 [1] DEBUG LISTServer - The command 19001(ListBLL.Logic.UserRecordLogic) has been discovered
2017-10-09 09:56:30,629 [1] DEBUG DefaultBootstrap - The server instance LISTServer has been initialized!
2017-10-09 09:56:31,583 [1] DEBUG DefaultBootstrap - The PerformanceMonitor has been initialized!
2017-10-09 09:56:31,583 [1] DEBUG DefaultBootstrap - The Bootstrap has been initialized!
2017-10-09 09:56:31,602 [1] DEBUG LISTServer - Listener (0.0.0.0:2018) was started
2017-10-09 09:56:31,606 [1] DEBUG DefaultBootstrap - The PerformanceMonitor has been started!
2017-10-09 10:05:21,216 [8] DEBUG LISTServer - 登陆sssionID--------9b2b5e16-5f25-405d-bf90-0e90464b7479
2017-10-09 10:05:21,216 [8] DEBUG LISTServer - 登录游戏----------2017/10/9 10:05:21
2017-10-09 10:05:31,621 [9] DEBUG LISTServer - 登陆sssionID--------cfc2675f-1b4f-4b36-8b05-39330c6348b2
2017-10-09 10:05:31,621 [9] DEBUG LISTServer - 登录游戏----------2017/10/9 10:05:31
2017-10-09 10:05:59,421 [9] DEBUG LISTServer - 登陆sssionID--------88b86fd1-e679-482f-866f-7fe32569a704
2017-10-09 10:05:59,421 [9] DEBUG LISTServer - 登录游戏----------2017/10/9 10:05:59
2017-10-09 10:06:51,325 [10] DEBUG LISTServer - 登陆sssionID--------fc626e10-11a2-4136-b72b-ddec68fc7bb1
2017-10-09 10:06:52,054 [10] DEBUG LISTServer - 登录游戏----------2017/10/9 10:06:52
2017-10-09 10:08:19,211 [8] DEBUG LISTServer - 登陆sssionID--------d3d1943f-f039-4c5e-b686-1b88fc970e77
2017-10-09 10:08:19,211 [8] DEBUG LISTServer - 登录游戏----------2017/10/9 10:08:19
2017-10-09 10:08:20,783 [8] DEBUG LISTServer - 登录用户openid:9697486827159f30f5cab73bbab97a1b56966c2a|昵称:测试用户969----------2017/10/9 10:08:20
2017-10-09 10:08:22,145 [8] DEBUG LISTServer - 登录游戏成功----------2017/10/9 10:08:22
2017-10-09 10:09:06,372 [10] DEBUG LISTServer - 登陆sssionID--------aeff6f54-a046-4a79-9f8e-daab1bf01cdb
2017-10-09 10:09:06,372 [10] DEBUG LISTServer - 登录游戏----------2017/10/9 10:09:06
2017-10-09 10:09:06,664 [10] DEBUG LISTServer - 登录用户openid:9697486827159f30f5cab73bbab97a1b56966c2a|昵称:测试用户969----------2017/10/9 10:09:06
2017-10-09 10:09:07,435 [10] DEBUG LISTServer - 登录游戏成功,当前对象存在----------2017/10/9 10:09:07
2017-10-09 10:09:21,874 [17] DEBUG LISTServer - 登陆sssionID--------cacd7b2f-4a06-4d20-9479-6c94ce48a756
2017-10-09 10:09:21,874 [17] DEBUG LISTServer - 登录游戏----------2017/10/9 10:09:21
2017-10-09 10:09:22,140 [17] DEBUG LISTServer - 登录用户openid:2be4087248667baee875b4dd4e4e388e|昵称:测试用户2be----------2017/10/9 10:09:22
2017-10-09 10:09:22,724 [17] DEBUG LISTServer - 登录游戏成功----------2017/10/9 10:09:22
2017-10-09 10:15:27,332 [10] DEBUG LISTServer - 登陆sssionID--------86487c84-7bb6-4496-afc9-e28a39129bd4
2017-10-09 10:15:27,332 [10] DEBUG LISTServer - 登录游戏----------2017/10/9 10:15:27
2017-10-09 10:15:27,785 [10] DEBUG LISTServer - 登录用户openid:9697486827159f30f5cab73bbab97a1b56966c2a|昵称:测试用户969----------2017/10/9 10:15:27
2017-10-09 10:15:28,442 [10] DEBUG LISTServer - 登录游戏成功,当前对象存在----------2017/10/9 10:15:28
2017-10-09 10:21:36,566 [10] DEBUG LISTServer - 登陆sssionID--------78d1491f-91de-4453-91b3-db602c680a78
2017-10-09 10:21:36,566 [10] DEBUG LISTServer - 登录游戏----------2017/10/9 10:21:36
2017-10-09 10:21:37,003 [10] DEBUG LISTServer - 登录用户openid:9697486827159f30f5cab73bbab97a1b56966c2a|昵称:测试用户969----------2017/10/9 10:21:37
2017-10-09 10:21:37,707 [10] DEBUG LISTServer - 登录游戏成功,当前对象存在----------2017/10/9 10:21:37
2017-10-09 10:25:16,112 [10] DEBUG LISTServer - 登陆sssionID--------603093ff-1c1d-4955-ba7c-f7d75d0b389c
2017-10-09 10:25:16,112 [10] DEBUG LISTServer - 登录游戏----------2017/10/9 10:25:16
2017-10-09 10:25:16,525 [10] DEBUG LISTServer - 登录用户openid:9697486827159f30f5cab73bbab97a1b56966c2a|昵称:测试用户969----------2017/10/9 10:25:16
2017-10-09 10:25:17,227 [10] DEBUG LISTServer - 登录游戏成功,当前对象存在----------2017/10/9 10:25:17
2017-10-09 10:25:22,818 [8] DEBUG LISTServer - 登陆sssionID--------8b41a6d7-8b48-4781-afac-fd6b0073fa2e
2017-10-09 10:25:22,818 [8] DEBUG LISTServer - 登录游戏----------2017/10/9 10:25:22
2017-10-09 10:25:22,959 [8] DEBUG LISTServer - 登录用户openid:2be4087248667baee875b4dd4e4e388e|昵称:测试用户2be----------2017/10/9 10:25:22
2017-10-09 10:25:23,912 [8] DEBUG LISTServer - 登录游戏成功,当前对象存在----------2017/10/9 10:25:23
2017-10-09 10:32:48,631 [8] DEBUG LISTServer - 登陆sssionID--------7c588650-db0d-4cf5-bff7-89dc8282a812
2017-10-09 10:32:48,631 [8] DEBUG LISTServer - 登录游戏----------2017/10/9 10:32:48
2017-10-09 10:32:48,992 [8] DEBUG LISTServer - 登录用户openid:9697486827159f30f5cab73bbab97a1b56966c2a|昵称:测试用户969----------2017/10/9 10:32:48
2017-10-09 10:32:49,934 [8] DEBUG LISTServer - 登录游戏成功,当前对象存在----------2017/10/9 10:32:49
2017-10-09 10:33:23,319 [10] DEBUG LISTServer - 登陆sssionID--------9b3b3ba4-cc5e-47c6-9064-01ff3b0807f4
2017-10-09 10:33:23,319 [10] DEBUG LISTServer - 登录游戏----------2017/10/9 10:33:23
2017-10-09 10:33:23,466 [10] DEBUG LISTServer - 登录用户openid:2be4087248667baee875b4dd4e4e388e|昵称:测试用户2be----------2017/10/9 10:33:23
2017-10-09 10:33:24,584 [10] DEBUG LISTServer - 登录游戏成功,当前对象存在----------2017/10/9 10:33:24
2017-10-09 10:46:49,440 [17] DEBUG LISTServer - 登陆sssionID--------9721ac2d-10d6-45ef-ba4d-3cd232cee7de
2017-10-09 10:46:49,440 [17] DEBUG LISTServer - 登录游戏----------2017/10/9 10:46:49
2017-10-09 10:46:50,034 [17] DEBUG LISTServer - 登录用户openid:9697486827159f30f5cab73bbab97a1b56966c2a|昵称:测试用户969----------2017/10/9 10:46:50
2017-10-09 10:46:51,721 [17] DEBUG LISTServer - 登录游戏成功,当前对象存在----------2017/10/9 10:46:51
2017-10-09 10:46:57,566 [10] DEBUG LISTServer - 登陆sssionID--------31a94214-2d61-495e-b0f6-0ad30cbd9680
2017-10-09 10:46:57,566 [10] DEBUG LISTServer - 登录游戏----------2017/10/9 10:46:57
2017-10-09 10:46:57,784 [10] DEBUG LISTServer - 登录用户openid:2be4087248667baee875b4dd4e4e388e|昵称:测试用户2be----------2017/10/9 10:46:57
2017-10-09 10:46:58,957 [10] DEBUG LISTServer - 登录游戏成功,当前对象存在----------2017/10/9 10:46:58
2017-10-09 10:51:45,272 [17] DEBUG LISTServer - 登陆sssionID--------b4349064-e66c-477c-9e58-586a3e66eaff
2017-10-09 10:51:45,272 [17] DEBUG LISTServer - 登录游戏----------2017/10/9 10:51:45
2017-10-09 10:51:45,830 [17] DEBUG LISTServer - 登录用户openid:9697486827159f30f5cab73bbab97a1b56966c2a|昵称:测试用户969----------2017/10/9 10:51:45
2017-10-09 10:54:45,034 [35] DEBUG LISTServer - 登陆sssionID--------2b52d495-68b5-4e07-ac2b-853393864fa3
2017-10-09 10:54:45,034 [35] DEBUG LISTServer - 登录游戏----------2017/10/9 10:54:45
2017-10-09 10:54:45,512 [35] DEBUG LISTServer - 登录用户openid:9697486827159f30f5cab73bbab97a1b56966c2a|昵称:测试用户969----------2017/10/9 10:54:45
2017-10-09 11:01:48,399 [53] DEBUG LISTServer - 登陆sssionID--------de1fab4c-d1db-4146-b0b1-b7bf43129450
2017-10-09 11:01:48,399 [53] DEBUG LISTServer - 登录游戏----------2017/10/9 11:01:48
2017-10-09 11:01:48,831 [53] DEBUG LISTServer - 登录用户openid:2be4087248667baee875b4dd4e4e388e|昵称:测试用户2be----------2017/10/9 11:01:48
2017-10-09 11:02:28,043 [53] DEBUG LISTServer - 登录游戏成功,当前对象存在----------2017/10/9 11:02:28
2017-10-09 11:02:28,074 [17] DEBUG LISTServer - 登录游戏成功,当前对象存在----------2017/10/9 11:02:28
2017-10-09 11:02:28,152 [35] DEBUG LISTServer - 登录游戏成功,当前对象存在----------2017/10/9 11:02:28
2017-10-09 11:02:59,480 [48] DEBUG LISTServer - 登陆sssionID--------5c642a10-cbcf-45d0-91d3-a11c1bb7a8c9
2017-10-09 11:02:59,480 [48] DEBUG LISTServer - 登录游戏----------2017/10/9 11:02:59
2017-10-09 11:02:59,855 [48] DEBUG LISTServer - 登录用户openid:2be4087248667baee875b4dd4e4e388e|昵称:测试用户2be----------2017/10/9 11:02:59
2017-10-09 11:03:00,605 [48] DEBUG LISTServer - 登录游戏成功,当前对象存在----------2017/10/9 11:03:00
2017-10-09 11:03:24,170 [53] DEBUG LISTServer - 登陆sssionID--------2528ead9-914e-4a73-8189-c6c5f722de7e
2017-10-09 11:03:24,170 [53] DEBUG LISTServer - 登录游戏----------2017/10/9 11:03:24
2017-10-09 11:03:24,451 [53] DEBUG LISTServer - 登录用户openid:9697486827159f30f5cab73bbab97a1b56966c2a|昵称:测试用户969----------2017/10/9 11:03:24
2017-10-09 11:03:25,123 [53] DEBUG LISTServer - 登录游戏成功,当前对象存在----------2017/10/9 11:03:25
2017-10-09 14:01:35,512 [53] DEBUG LISTServer - 登陆sssionID--------756773dd-32a2-47e8-9598-6075b4659c74
2017-10-09 14:01:35,512 [53] DEBUG LISTServer - 登录游戏----------2017/10/9 14:01:35
2017-10-09 14:01:40,153 [53] DEBUG LISTServer - 登录用户openid:9697486827159f30f5cab73bbab97a1b56966c2a|昵称:测试用户969----------2017/10/9 14:01:40
2017-10-09 14:02:44,534 [17] DEBUG LISTServer - 登陆sssionID--------dfcd23b3-4510-4f2f-8ffb-ef01b9d2dcc4
2017-10-09 14:02:44,534 [17] DEBUG LISTServer - 登录游戏----------2017/10/9 14:02:44
2017-10-09 14:02:44,800 [17] DEBUG LISTServer - 登录用户openid:2be4087248667baee875b4dd4e4e388e|昵称:测试用户2be----------2017/10/9 14:02:44
2017-10-09 14:02:45,925 [17] DEBUG LISTServer - 登录游戏成功,当前对象存在----------2017/10/9 14:02:45
2017-10-09 14:02:51,801 [17] DEBUG LISTServer - 登陆sssionID--------22dc9b0f-cae4-4ab5-bb38-d36feaae6944
2017-10-09 14:02:51,801 [17] DEBUG LISTServer - 登录游戏----------2017/10/9 14:02:51
2017-10-09 14:02:52,035 [17] DEBUG LISTServer - 登录用户openid:9697486827159f30f5cab73bbab97a1b56966c2a|昵称:测试用户969----------2017/10/9 14:02:52
2017-10-09 14:02:53,238 [17] DEBUG LISTServer - 登录游戏成功,当前对象存在----------2017/10/9 14:02:53
2017-10-09 14:11:59,431 [10] DEBUG LISTServer - 登陆sssionID--------04546809-e58d-468a-8606-7ba1f5fe71bd
2017-10-09 14:11:59,431 [10] DEBUG LISTServer - 登录游戏----------2017/10/9 14:11:59
2017-10-09 14:12:03,260 [10] DEBUG LISTServer - 登录用户openid:2be4087248667baee875b4dd4e4e388e|昵称:测试用户2be----------2017/10/9 14:12:03
2017-10-09 14:12:09,386 [10] DEBUG LISTServer - 登录游戏成功,当前对象存在----------2017/10/9 14:12:09
2017-10-09 14:12:55,073 [41] DEBUG LISTServer - 登陆sssionID--------bfa84785-2bd4-43e0-b7a4-b3807390649f
2017-10-09 14:12:55,073 [41] DEBUG LISTServer - 登录游戏----------2017/10/9 14:12:55
2017-10-09 14:12:55,276 [41] DEBUG LISTServer - 登录用户openid:9697486827159f30f5cab73bbab97a1b56966c2a|昵称:测试用户969----------2017/10/9 14:12:55
2017-10-09 14:12:56,198 [41] DEBUG LISTServer - 登录游戏成功,当前对象存在----------2017/10/9 14:12:56
2017-10-09 14:14:35,004 [49] DEBUG LISTServer - 登陆sssionID--------25072a84-6dd7-4ec2-82b5-3664977d8cd6
2017-10-09 14:14:35,004 [49] DEBUG LISTServer - 登录游戏----------2017/10/9 14:14:35
2017-10-09 14:14:35,416 [49] DEBUG LISTServer - 登录用户openid:9697486827159f30f5cab73bbab97a1b56966c2a|昵称:测试用户969----------2017/10/9 14:14:35
2017-10-09 14:14:41,371 [49] DEBUG LISTServer - 登录游戏成功,当前对象存在----------2017/10/9 14:14:41
2017-10-09 14:14:43,947 [17] DEBUG LISTServer - 登陆sssionID--------ad5cf17e-7dd1-49f1-8867-cb99750b84ce
2017-10-09 14:14:43,947 [17] DEBUG LISTServer - 登录游戏----------2017/10/9 14:14:43
2017-10-09 14:14:44,087 [17] DEBUG LISTServer - 登录用户openid:2be4087248667baee875b4dd4e4e388e|昵称:测试用户2be----------2017/10/9 14:14:44
2017-10-09 14:14:44,896 [17] DEBUG LISTServer - 登录游戏成功,当前对象存在----------2017/10/9 14:14:44
2017-10-09 14:17:21,255 [16] DEBUG LISTServer - 登陆sssionID--------a2d85a02-c7af-4d72-b461-3a8c07653688
2017-10-09 14:17:21,255 [16] DEBUG LISTServer - 登录游戏----------2017/10/9 14:17:21
2017-10-09 14:17:21,706 [16] DEBUG LISTServer - 登录用户openid:2be4087248667baee875b4dd4e4e388e|昵称:测试用户2be----------2017/10/9 14:17:21
2017-10-09 14:17:22,797 [16] DEBUG LISTServer - 登录游戏成功,当前对象存在----------2017/10/9 14:17:22
2017-10-09 14:17:39,991 [16] DEBUG LISTServer - 登陆sssionID--------e74223e5-59dc-4f72-9fdd-28ee3555c04f
2017-10-09 14:17:39,991 [16] DEBUG LISTServer - 登录游戏----------2017/10/9 14:17:39
2017-10-09 14:17:40,147 [16] DEBUG LISTServer - 登录用户openid:9697486827159f30f5cab73bbab97a1b56966c2a|昵称:测试用户969----------2017/10/9 14:17:40
2017-10-09 14:17:41,163 [16] DEBUG LISTServer - 登录游戏成功,当前对象存在----------2017/10/9 14:17:41
2017-10-09 14:45:07,933 [40] DEBUG LISTServer - 登陆sssionID--------cb30aa0a-4dbb-4c9b-ae27-154718694988
2017-10-09 14:45:07,934 [40] DEBUG LISTServer - 登录游戏----------2017/10/9 14:45:07
2017-10-09 14:45:08,806 [40] DEBUG LISTServer - 登录用户openid:9697486827159f30f5cab73bbab97a1b56966c2a|昵称:测试用户969----------2017/10/9 14:45:08
2017-10-09 14:45:10,250 [40] DEBUG LISTServer - 登录游戏成功,当前对象存在----------2017/10/9 14:45:10
2017-10-09 14:45:13,217 [17] DEBUG LISTServer - 登陆sssionID--------47dffbed-f8b5-4155-a4aa-f953a77f5293
2017-10-09 14:45:13,217 [17] DEBUG LISTServer - 登录游戏----------2017/10/9 14:45:13
2017-10-09 14:45:13,726 [17] DEBUG LISTServer - 登录用户openid:2be4087248667baee875b4dd4e4e388e|昵称:测试用户2be----------2017/10/9 14:45:13
2017-10-09 14:45:15,141 [17] DEBUG LISTServer - 登录游戏成功,当前对象存在----------2017/10/9 14:45:15
2017-10-09 14:55:32,369 [16] DEBUG LISTServer - 登陆sssionID--------d057c492-a793-4d42-9331-b2558a9e190e
2017-10-09 14:55:32,369 [16] DEBUG LISTServer - 登录游戏----------2017/10/9 14:55:32
2017-10-09 14:55:32,878 [16] DEBUG LISTServer - 登录用户openid:17da9228849df8ed9400ca4e907dca8c776081ad|昵称:测试用户17d----------2017/10/9 14:55:32
2017-10-09 14:55:33,849 [16] DEBUG LISTServer - 登录游戏成功----------2017/10/9 14:55:33
2017-10-09 14:55:48,696 [40] DEBUG LISTServer - 登陆sssionID--------c7aaf938-8e94-43e6-8fad-57076d51730e
2017-10-09 14:55:48,696 [40] DEBUG LISTServer - 登录游戏----------2017/10/9 14:55:48
2017-10-09 14:55:48,936 [40] DEBUG LISTServer - 登录用户openid:ba9888ce2db1bd530ba845f3283b7b0a|昵称:测试用户ba9----------2017/10/9 14:55:48
2017-10-09 14:55:54,643 [40] DEBUG LISTServer - 登录游戏成功----------2017/10/9 14:55:54
2017-10-09 14:57:32,946 [31] DEBUG LISTServer - 登陆sssionID--------25846f34-2d75-4224-89fb-2512fd0c8941
2017-10-09 14:57:32,946 [31] DEBUG LISTServer - 登录游戏----------2017/10/9 14:57:32
2017-10-09 14:57:33,259 [31] DEBUG LISTServer - 登录用户openid:17da9228849df8ed9400ca4e907dca8c776081ad|昵称:测试用户17d----------2017/10/9 14:57:33
2017-10-09 14:57:38,753 [31] DEBUG LISTServer - 登录游戏成功,当前对象存在----------2017/10/9 14:57:38
2017-10-09 14:57:58,575 [49] DEBUG LISTServer - 登陆sssionID--------8238bb52-7981-470c-a25b-62e10674bd9a
2017-10-09 14:57:58,575 [49] DEBUG LISTServer - 登录游戏----------2017/10/9 14:57:58
2017-10-09 14:58:07,711 [49] DEBUG LISTServer - 登录用户openid:ba9888ce2db1bd530ba845f3283b7b0a|昵称:测试用户ba9----------2017/10/9 14:58:07
2017-10-09 14:58:08,894 [49] DEBUG LISTServer - 登录游戏成功,当前对象存在----------2017/10/9 14:58:08
2017-10-09 15:05:44,747 [37] DEBUG LISTServer - 登陆sssionID--------7557d990-29dc-4b3f-b88f-0a92360a9e8f
2017-10-09 15:05:44,747 [37] DEBUG LISTServer - 登录游戏----------2017/10/9 15:05:44
2017-10-09 15:05:45,357 [37] DEBUG LISTServer - 登录用户openid:17da9228849df8ed9400ca4e907dca8c776081ad|昵称:测试用户17d----------2017/10/9 15:05:45
2017-10-09 15:05:47,231 [37] DEBUG LISTServer - 登录游戏成功,当前对象存在----------2017/10/9 15:05:47
2017-10-09 15:05:53,204 [31] DEBUG LISTServer - 登陆sssionID--------f78fa975-8755-49e6-ba84-5a78170266a9
2017-10-09 15:05:53,204 [31] DEBUG LISTServer - 登录游戏----------2017/10/9 15:05:53
2017-10-09 15:05:53,335 [31] DEBUG LISTServer - 登录用户openid:ba9888ce2db1bd530ba845f3283b7b0a|昵称:测试用户ba9----------2017/10/9 15:05:53
2017-10-09 15:05:54,567 [31] DEBUG LISTServer - 登录游戏成功,当前对象存在----------2017/10/9 15:05:54
2017-10-09 15:13:07,496 [49] DEBUG LISTServer - 登陆sssionID--------1e53bedc-5cb7-4e84-8c3b-eb30a60ab8aa
2017-10-09 15:13:07,496 [49] DEBUG LISTServer - 登录游戏----------2017/10/9 15:13:07
2017-10-09 15:13:07,953 [49] DEBUG LISTServer - 登录用户openid:9697486827159f30f5cab73bbab97a1b56966c2a|昵称:测试用户969----------2017/10/9 15:13:07
2017-10-09 15:13:09,245 [49] DEBUG LISTServer - 登录游戏成功,当前对象存在----------2017/10/9 15:13:09
2017-10-09 15:13:12,113 [31] DEBUG LISTServer - 登陆sssionID--------baa6e509-1fbf-4c18-ba56-e6ab9790a9a8
2017-10-09 15:13:12,114 [31] DEBUG LISTServer - 登录游戏----------2017/10/9 15:13:12
2017-10-09 15:13:12,347 [31] DEBUG LISTServer - 登录用户openid:2be4087248667baee875b4dd4e4e388e|昵称:测试用户2be----------2017/10/9 15:13:12
2017-10-09 15:13:13,562 [31] DEBUG LISTServer - 登录游戏成功,当前对象存在----------2017/10/9 15:13:13
2017-10-09 15:16:26,190 [40] DEBUG LISTServer - 登陆sssionID--------5da111d6-4032-426c-9b62-089be984f154
2017-10-09 15:16:26,190 [40] DEBUG LISTServer - 登录游戏----------2017/10/9 15:16:26
2017-10-09 15:16:32,415 [31] DEBUG LISTServer - 登陆sssionID--------d43ca80a-c1f8-4592-80d9-0b183377ee8a
2017-10-09 15:16:32,415 [31] DEBUG LISTServer - 登录游戏----------2017/10/9 15:16:32
2017-10-09 15:16:32,564 [40] DEBUG LISTServer - 登录用户openid:2be4087248667baee875b4dd4e4e388e|昵称:测试用户2be----------2017/10/9 15:16:32
2017-10-09 15:16:32,743 [31] DEBUG LISTServer - 登录用户openid:9697486827159f30f5cab73bbab97a1b56966c2a|昵称:测试用户969----------2017/10/9 15:16:32
2017-10-09 15:16:58,371 [40] DEBUG LISTServer - System.ArgumentException: 源数组长度不足。请检查 srcIndex 和长度以及数组的下限。
   在 System.Array.Copy(Array sourceArray, Int32 sourceIndex, Array destinationArray, Int32 destinationIndex, Int32 length, Boolean reliable)
   在 System.Array.Copy(Array sourceArray, Int32 sourceIndex, Array destinationArray, Int32 destinationIndex, Int32 length)
   在 ListBLL.common.RedisUtility.GetServerIP(String serverName, Int32 messageNum, GameSession session, Int32 status, String openid, String unionid, Boolean cutover, Int32 roomID, Int32 roomAddStatus) 位置 D:\工作\ZH_LIST_MJ\list_mj\ListBLL\common\RedisUtility.cs:行号 94
2017-10-09 15:17:07,499 [40] DEBUG LISTServer - 登录游戏成功,当前对象存在----------2017/10/9 15:17:07
2017-10-09 15:17:30,081 [72] DEBUG LISTServer - 登陆sssionID--------9ba815c9-628a-4058-9385-0199e3b3a955
2017-10-09 15:17:30,081 [72] DEBUG LISTServer - 登录游戏----------2017/10/9 15:17:30
2017-10-09 15:17:39,343 [72] DEBUG LISTServer - 登录用户openid:9697486827159f30f5cab73bbab97a1b56966c2a|昵称:测试用户969----------2017/10/9 15:17:39
2017-10-09 15:18:04,181 [72] DEBUG LISTServer - System.ArgumentException: 源数组长度不足。请检查 srcIndex 和长度以及数组的下限。
   在 System.Array.Copy(Array sourceArray, Int32 sourceIndex, Array destinationArray, Int32 destinationIndex, Int32 length, Boolean reliable)
   在 System.Array.Copy(Array sourceArray, Int32 sourceIndex, Array destinationArray, Int32 destinationIndex, Int32 length)
   在 ListBLL.common.RedisUtility.GetServerIP(String serverName, Int32 messageNum, GameSession session, Int32 status, String openid, String unionid, Boolean cutover, Int32 roomID, Int32 roomAddStatus) 位置 D:\工作\ZH_LIST_MJ\list_mj\ListBLL\common\RedisUtility.cs:行号 94
2017-10-09 15:18:04,290 [72] DEBUG LISTServer - 登录游戏成功,当前对象存在----------2017/10/9 15:18:04
2017-10-09 15:23:43,186 [40] DEBUG LISTServer - 登陆sssionID--------53ab2b3d-dc20-49b7-82bf-0f74f2743cba
2017-10-09 15:23:43,186 [40] DEBUG LISTServer - 登录游戏----------2017/10/9 15:23:43
2017-10-09 15:23:43,876 [40] DEBUG LISTServer - 登录用户openid:9697486827159f30f5cab73bbab97a1b56966c2a|昵称:测试用户969----------2017/10/9 15:23:43
2017-10-09 15:23:45,081 [40] DEBUG LISTServer - 登录游戏成功,当前对象存在----------2017/10/9 15:23:45
2017-10-09 15:23:49,250 [71] DEBUG LISTServer - 登陆sssionID--------ad74c5b8-e08d-4663-9bb2-d97ea003f109
2017-10-09 15:23:49,250 [71] DEBUG LISTServer - 登录游戏----------2017/10/9 15:23:49
2017-10-09 15:23:49,532 [71] DEBUG LISTServer - 登录用户openid:2be4087248667baee875b4dd4e4e388e|昵称:测试用户2be----------2017/10/9 15:23:49
2017-10-09 15:23:50,594 [71] DEBUG LISTServer - 登录游戏成功,当前对象存在----------2017/10/9 15:23:50
2017-10-09 15:27:20,767 [73] DEBUG LISTServer - 登陆sssionID--------9af1497b-3931-4ab6-ab87-b1259e7bd8f8
2017-10-09 15:27:20,767 [73] DEBUG LISTServer - 登录游戏----------2017/10/9 15:27:20
2017-10-09 15:27:21,283 [73] DEBUG LISTServer - 登录用户openid:9697486827159f30f5cab73bbab97a1b56966c2a|昵称:测试用户969----------2017/10/9 15:27:21
2017-10-09 15:27:22,308 [73] DEBUG LISTServer - 登录游戏成功,当前对象存在----------2017/10/9 15:27:22
2017-10-09 15:27:30,626 [73] DEBUG LISTServer - 登陆sssionID--------376c476f-7007-48c9-a04b-54db62792d8b
2017-10-09 15:27:30,626 [73] DEBUG LISTServer - 登录游戏----------2017/10/9 15:27:30
2017-10-09 15:27:30,885 [73] DEBUG LISTServer - 登录用户openid:2be4087248667baee875b4dd4e4e388e|昵称:测试用户2be----------2017/10/9 15:27:30
2017-10-09 15:27:32,178 [73] DEBUG LISTServer - 登录游戏成功,当前对象存在----------2017/10/9 15:27:32
2017-10-09 15:33:02,377 [72] DEBUG LISTServer - 登陆sssionID--------56b1614f-0103-4257-bbe2-812a88e91571
2017-10-09 15:33:02,377 [72] DEBUG LISTServer - 登录游戏----------2017/10/9 15:33:02
2017-10-09 15:33:05,680 [72] DEBUG LISTServer - 登录用户openid:9697486827159f30f5cab73bbab97a1b56966c2a|昵称:测试用户969----------2017/10/9 15:33:05
2017-10-09 15:33:06,641 [72] DEBUG LISTServer - 登录游戏成功,当前对象存在----------2017/10/9 15:33:06
2017-10-09 15:33:08,849 [71] DEBUG LISTServer - 登陆sssionID--------595a564e-9dc0-42a8-b32d-5c61f01548dc
2017-10-09 15:33:08,849 [71] DEBUG LISTServer - 登录游戏----------2017/10/9 15:33:08
2017-10-09 15:33:09,087 [71] DEBUG LISTServer - 登录用户openid:2be4087248667baee875b4dd4e4e388e|昵称:测试用户2be----------2017/10/9 15:33:09
2017-10-09 15:33:10,089 [71] DEBUG LISTServer - 登录游戏成功,当前对象存在----------2017/10/9 15:33:10
2017-10-09 16:22:05,415 [73] DEBUG LISTServer - 登陆sssionID--------62622d7a-4712-4d27-a054-27b331af34cd
2017-10-09 16:22:05,415 [73] DEBUG LISTServer - 登录游戏----------2017/10/9 16:22:05
2017-10-09 16:22:06,123 [73] DEBUG LISTServer - 登录用户openid:9697486827159f30f5cab73bbab97a1b56966c2a|昵称:测试用户969----------2017/10/9 16:22:06
2017-10-09 16:22:07,019 [73] DEBUG LISTServer - 登录游戏成功,当前对象存在----------2017/10/9 16:22:07
2017-10-09 16:22:09,121 [71] DEBUG LISTServer - 登陆sssionID--------9146e521-b292-4bc8-a4ea-d82b181ef0c9
2017-10-09 16:22:09,121 [71] DEBUG LISTServer - 登录游戏----------2017/10/9 16:22:09
2017-10-09 16:22:09,441 [71] DEBUG LISTServer - 登录用户openid:2be4087248667baee875b4dd4e4e388e|昵称:测试用户2be----------2017/10/9 16:22:09
2017-10-09 16:22:11,000 [71] DEBUG LISTServer - 登录游戏成功,当前对象存在----------2017/10/9 16:22:11
2017-10-09 16:33:22,529 [73] DEBUG LISTServer - 登陆sssionID--------869bd54c-bc2b-467d-9a25-9f13f678ae1a
2017-10-09 16:33:22,529 [73] DEBUG LISTServer - 登录游戏----------2017/10/9 16:33:22
2017-10-09 16:33:22,970 [73] DEBUG LISTServer - 登录用户openid:9697486827159f30f5cab73bbab97a1b56966c2a|昵称:测试用户969----------2017/10/9 16:33:22
2017-10-09 16:33:23,771 [73] DEBUG LISTServer - 登录游戏成功,当前对象存在----------2017/10/9 16:33:23
2017-10-09 16:33:27,813 [40] DEBUG LISTServer - 登陆sssionID--------12e1dff5-566e-4e82-822d-2d68f931049e
2017-10-09 16:33:27,813 [40] DEBUG LISTServer - 登录游戏----------2017/10/9 16:33:27
2017-10-09 16:33:28,036 [40] DEBUG LISTServer - 登录用户openid:2be4087248667baee875b4dd4e4e388e|昵称:测试用户2be----------2017/10/9 16:33:28
2017-10-09 16:33:28,924 [40] DEBUG LISTServer - 登录游戏成功,当前对象存在----------2017/10/9 16:33:28
2017-10-09 17:00:27,772 [3] DEBUG LISTServer - 登陆sssionID--------889bc569-4462-42cd-9673-c30cd2a2241e
2017-10-09 17:00:27,772 [3] DEBUG LISTServer - 登录游戏----------2017/10/9 17:00:27
2017-10-09 17:00:28,404 [3] DEBUG LISTServer - 登录用户openid:9697486827159f30f5cab73bbab97a1b56966c2a|昵称:测试用户969----------2017/10/9 17:00:28
2017-10-09 17:00:29,943 [3] DEBUG LISTServer - 登录游戏成功,当前对象存在----------2017/10/9 17:00:29
2017-10-09 17:14:05,855 [72] DEBUG LISTServer - 登陆sssionID--------ebccca94-4285-47a5-bc36-5c94af39dc4a
2017-10-09 17:14:05,855 [72] DEBUG LISTServer - 登录游戏----------2017/10/9 17:14:05
2017-10-09 17:14:06,396 [72] DEBUG LISTServer - 登录用户openid:9697486827159f30f5cab73bbab97a1b56966c2a|昵称:测试用户969----------2017/10/9 17:14:06
2017-10-09 17:14:07,388 [72] DEBUG LISTServer - 登录游戏成功,当前对象存在----------2017/10/9 17:14:07
2017-10-09 17:26:02,166 [71] DEBUG LISTServer - 登陆sssionID--------0a1ffe04-c7df-47f0-a2d7-cf88c9069a13
2017-10-09 17:26:02,166 [71] DEBUG LISTServer - 登录游戏----------2017/10/9 17:26:02
2017-10-09 17:26:02,636 [71] DEBUG LISTServer - 登录用户openid:9697486827159f30f5cab73bbab97a1b56966c2a|昵称:测试用户969----------2017/10/9 17:26:02
2017-10-09 17:26:03,763 [71] DEBUG LISTServer - 登录游戏成功,当前对象存在----------2017/10/9 17:26:03
2017-10-09 17:26:16,541 [73] DEBUG LISTServer - 登陆sssionID--------1dedb21e-e26d-4f76-bb65-aae96d51b1a4
2017-10-09 17:26:16,541 [73] DEBUG LISTServer - 登录游戏----------2017/10/9 17:26:16
2017-10-09 17:26:16,776 [73] DEBUG LISTServer - 登录用户openid:2be4087248667baee875b4dd4e4e388e|昵称:测试用户2be----------2017/10/9 17:26:16
2017-10-09 17:26:18,290 [73] DEBUG LISTServer - 登录游戏成功,当前对象存在----------2017/10/9 17:26:18
2017-10-09 17:36:07,473 [73] DEBUG LISTServer - 登陆sssionID--------deecb231-d0f2-430f-a4a2-146275f01940
2017-10-09 17:36:07,473 [73] DEBUG LISTServer - 登录游戏----------2017/10/9 17:36:07
2017-10-09 17:36:07,958 [73] DEBUG LISTServer - 登录用户openid:9697486827159f30f5cab73bbab97a1b56966c2a|昵称:测试用户969----------2017/10/9 17:36:07
2017-10-09 17:36:09,062 [73] DEBUG LISTServer - 登录游戏成功,当前对象存在----------2017/10/9 17:36:09
2017-10-09 17:36:22,628 [72] DEBUG LISTServer - 登陆sssionID--------b6a71da6-02d6-41c8-b661-77a5b28bf373
2017-10-09 17:36:22,628 [72] DEBUG LISTServer - 登录游戏----------2017/10/9 17:36:22
2017-10-09 17:36:22,861 [72] DEBUG LISTServer - 登录用户openid:2be4087248667baee875b4dd4e4e388e|昵称:测试用户2be----------2017/10/9 17:36:22
2017-10-09 17:36:24,032 [72] DEBUG LISTServer - 登录游戏成功,当前对象存在----------2017/10/9 17:36:24
2017-10-09 18:05:30,973 [71] DEBUG LISTServer - 登陆sssionID--------7fe98b85-12ac-452f-899b-e05e1f97a04f
2017-10-09 18:05:30,973 [71] DEBUG LISTServer - 登录游戏----------2017/10/9 18:05:30
2017-10-09 18:05:31,543 [71] DEBUG LISTServer - 登录用户openid:9697486827159f30f5cab73bbab97a1b56966c2a|昵称:测试用户969----------2017/10/9 18:05:31
2017-10-09 18:05:32,275 [71] DEBUG LISTServer - 登录游戏成功,当前对象存在----------2017/10/9 18:05:32
2017-10-09 18:06:17,830 [3] DEBUG LISTServer - 登陆sssionID--------28061426-f7af-4c1a-8d5f-baa477231eb2
2017-10-09 18:06:17,830 [3] DEBUG LISTServer - 登录游戏----------2017/10/9 18:06:17
2017-10-09 18:06:18,190 [3] DEBUG LISTServer - 登录用户openid:2be4087248667baee875b4dd4e4e388e|昵称:测试用户2be----------2017/10/9 18:06:18
2017-10-09 18:06:18,969 [3] DEBUG LISTServer - 登录游戏成功,当前对象存在----------2017/10/9 18:06:18
2017-10-09 18:14:53,191 [73] DEBUG LISTServer - 登陆sssionID--------ead866ae-0cf2-4c6c-86eb-1b619ad6c8c5
2017-10-09 18:14:53,191 [73] DEBUG LISTServer - 登录游戏----------2017/10/9 18:14:53
2017-10-09 18:14:53,799 [73] DEBUG LISTServer - 登录用户openid:9697486827159f30f5cab73bbab97a1b56966c2a|昵称:测试用户969----------2017/10/9 18:14:53
2017-10-09 18:14:54,865 [73] DEBUG LISTServer - 登录游戏成功,当前对象存在----------2017/10/9 18:14:54
2017-10-09 18:15:49,180 [73] DEBUG LISTServer - 登陆sssionID--------8df30afe-b7d1-43b0-8a84-8e5ee82f02b1
2017-10-09 18:15:49,181 [73] DEBUG LISTServer - 登录游戏----------2017/10/9 18:15:49
2017-10-09 18:15:49,396 [73] DEBUG LISTServer - 登录用户openid:9697486827159f30f5cab73bbab97a1b56966c2a|昵称:测试用户969----------2017/10/9 18:15:49
2017-10-09 18:15:50,136 [73] DEBUG LISTServer - 登录游戏成功,当前对象存在----------2017/10/9 18:15:50
2017-10-09 18:15:55,582 [73] DEBUG LISTServer - 登陆sssionID--------d1e1e10b-2679-4c30-a4f5-38d7424c68e9
2017-10-09 18:15:55,582 [73] DEBUG LISTServer - 登录游戏----------2017/10/9 18:15:55
2017-10-09 18:15:55,821 [73] DEBUG LISTServer - 登录用户openid:2be4087248667baee875b4dd4e4e388e|昵称:测试用户2be----------2017/10/9 18:15:55
2017-10-09 18:15:56,748 [73] DEBUG LISTServer - 登录游戏成功,当前对象存在----------2017/10/9 18:15:56
2017-10-09 18:23:58,685 [72] DEBUG LISTServer - 登陆sssionID--------403e61e8-1de3-4246-851f-d3abbbb1b948
2017-10-09 18:23:58,685 [72] DEBUG LISTServer - 登录游戏----------2017/10/9 18:23:58
2017-10-09 18:23:59,145 [72] DEBUG LISTServer - 登录用户openid:9697486827159f30f5cab73bbab97a1b56966c2a|昵称:测试用户969----------2017/10/9 18:23:59
2017-10-09 18:24:00,498 [72] DEBUG LISTServer - 登录游戏成功,当前对象存在----------2017/10/9 18:24:00
2017-10-09 18:24:06,164 [73] DEBUG LISTServer - 登陆sssionID--------1c892ac3-fdc1-4be1-b6fb-b79c63135b6f
2017-10-09 18:24:06,164 [73] DEBUG LISTServer - 登录游戏----------2017/10/9 18:24:06
2017-10-09 18:24:06,330 [73] DEBUG LISTServer - 登录用户openid:2be4087248667baee875b4dd4e4e388e|昵称:测试用户2be----------2017/10/9 18:24:06
2017-10-09 18:24:07,329 [73] DEBUG LISTServer - 登录游戏成功,当前对象存在----------2017/10/9 18:24:07
