2017-11-13 14:13:02,939 [1] DEBUG DefaultBootstrap - The server instance LISTServer has been created!
2017-11-13 14:13:03,106 [1] DEBUG LISTServer - The command 19005(ListBLL.Logic.Feedback) has been discovered
2017-11-13 14:13:03,106 [1] DEBUG LISTServer - The command 11020(ListBLL.Logic.GameOperation) has been discovered
2017-11-13 14:13:03,106 [1] DEBUG LISTServer - The command 10001(ListBLL.Logic.Heartbeat) has been discovered
2017-11-13 14:13:03,106 [1] DEBUG LISTServer - The command 11001(ListBLL.Logic.Login) has been discovered
2017-11-13 14:13:03,107 [1] DEBUG LISTServer - The command 19003(ListBLL.Logic.UserGamePlaybackLogic) has been discovered
2017-11-13 14:13:03,107 [1] DEBUG LISTServer - The command 19001(ListBLL.Logic.UserRecordLogic) has been discovered
2017-11-13 14:13:03,122 [1] DEBUG DefaultBootstrap - The server instance LISTServer has been initialized!
2017-11-13 14:13:04,038 [1] DEBUG DefaultBootstrap - The PerformanceMonitor has been initialized!
2017-11-13 14:13:04,038 [1] DEBUG DefaultBootstrap - The Bootstrap has been initialized!
2017-11-13 14:13:04,064 [1] DEBUG LISTServer - Listener (0.0.0.0:2018) was started
2017-11-13 14:13:04,068 [1] DEBUG DefaultBootstrap - The PerformanceMonitor has been started!
2017-11-13 14:16:42,158 [12] DEBUG LISTServer - 登陆sssionID--------93851d75-fdab-4268-b581-02581b1b62c5
2017-11-13 14:16:42,158 [12] DEBUG LISTServer - 登录游戏----------2017/11/13 14:16:42
2017-11-13 14:16:43,204 [12] DEBUG LISTServer - 登录用户openid:9697486827159f30f5cab73bbab97a1b56966c2a|昵称:测试用户969----------2017/11/13 14:16:43
2017-11-13 14:16:44,279 [12] DEBUG LISTServer - 登录游戏成功----------2017/11/13 14:16:44
2017-11-13 14:16:44,279 [12] DEBUG LISTServer - 新登录用户openid:9697486827159f30f5cab73bbab97a1b56966c2a
2017-11-13 14:17:31,312 [13] DEBUG LISTServer - 登陆sssionID--------aa49f9e1-c0a6-4705-a3cc-c391a231f9fa
2017-11-13 14:17:31,312 [13] DEBUG LISTServer - 登录游戏----------2017/11/13 14:17:31
2017-11-13 14:17:31,389 [13] DEBUG LISTServer - 登录用户openid:2be4087248667baee875b4dd4e4e388e|昵称:测试用户2be----------2017/11/13 14:17:31
2017-11-13 14:17:33,537 [13] DEBUG LISTServer - 登录游戏成功----------2017/11/13 14:17:33
2017-11-13 14:17:33,537 [13] DEBUG LISTServer - 新登录用户openid:2be4087248667baee875b4dd4e4e388e
2017-11-13 14:30:58,296 [13] DEBUG LISTServer - 登陆sssionID--------6dc9fc93-e2d1-4517-979b-893de6cbee14
2017-11-13 14:30:58,297 [13] DEBUG LISTServer - 登录游戏----------2017/11/13 14:30:58
2017-11-13 14:30:58,478 [13] DEBUG LISTServer - 登录用户openid:9697486827159f30f5cab73bbab97a1b56966c2a|昵称:测试用户969----------2017/11/13 14:30:58
2017-11-13 14:30:58,640 [13] DEBUG LISTServer - 登录游戏成功,当前对象存在----------2017/11/13 14:30:58
2017-11-13 14:31:00,060 [13] DEBUG LISTServer - System.Net.Sockets.SocketException (0x80004005): 由于目标计算机积极拒绝，无法连接。 192.168.2.54:2013
   在 System.Net.Sockets.Socket.DoConnect(EndPoint endPointSnapshot, SocketAddress socketAddress)
   在 System.Net.Sockets.Socket.Connect(EndPoint remoteEP)
   在 ListBLL.common.RedisUtility.GetServerIP(String serverName, Int32 messageNum, GameSession session, Int32 status, String openid, String unionid, Boolean cutover, Int32 roomID, Int32 roomAddStatus) 位置 D:\工作\ZH_LIST_MJ\list_mj\ListBLL\common\RedisUtility.cs:行号 83
2017-11-13 14:31:00,073 [13] DEBUG LISTServer - 登录游戏成功,当前对象存在----------2017/11/13 14:31:00
2017-11-13 14:38:00,148 [12] DEBUG LISTServer - 登陆sssionID--------54b4ac09-28ea-484b-9a49-21ec5a4902aa
2017-11-13 14:38:00,148 [12] DEBUG LISTServer - 登录游戏----------2017/11/13 14:38:00
2017-11-13 14:38:00,345 [12] DEBUG LISTServer - 登录用户openid:c61c207270cf7656a2c42dc537b697c7|昵称:测试用户c61----------2017/11/13 14:38:00
2017-11-13 14:38:00,942 [12] DEBUG LISTServer - 登录游戏成功----------2017/11/13 14:38:00
2017-11-13 14:38:00,942 [12] DEBUG LISTServer - 新登录用户openid:c61c207270cf7656a2c42dc537b697c7
2017-11-13 14:38:02,824 [13] DEBUG LISTServer - 登陆sssionID--------b4e65bf1-0000-4586-b296-83f47a08c025
2017-11-13 14:38:02,824 [13] DEBUG LISTServer - 登录游戏----------2017/11/13 14:38:02
2017-11-13 14:38:02,893 [13] DEBUG LISTServer - 登录用户openid:56de59c92137862db80d942259702f67|昵称:测试用户56d----------2017/11/13 14:38:02
2017-11-13 14:38:03,455 [13] DEBUG LISTServer - 登录游戏成功----------2017/11/13 14:38:03
2017-11-13 14:38:03,456 [13] DEBUG LISTServer - 新登录用户openid:56de59c92137862db80d942259702f67
2017-11-13 14:38:05,691 [30] DEBUG LISTServer - 登陆sssionID--------36dafdb3-75ba-45d6-9906-79f027977f74
2017-11-13 14:38:05,691 [30] DEBUG LISTServer - 登录游戏----------2017/11/13 14:38:05
2017-11-13 14:38:05,763 [30] DEBUG LISTServer - 登录用户openid:332be6959449f83f5d4a9d7d7d41f835|昵称:测试用户332----------2017/11/13 14:38:05
2017-11-13 14:38:06,522 [30] DEBUG LISTServer - 登录游戏成功----------2017/11/13 14:38:06
2017-11-13 14:38:06,522 [30] DEBUG LISTServer - 新登录用户openid:332be6959449f83f5d4a9d7d7d41f835
2017-11-13 14:42:34,627 [12] DEBUG LISTServer - 登陆sssionID--------13097ae7-83a2-48dd-99dd-eb9954196797
2017-11-13 14:42:34,627 [12] DEBUG LISTServer - 登录游戏----------2017/11/13 14:42:34
2017-11-13 14:42:34,784 [12] DEBUG LISTServer - 登录用户openid:9697486827159f30f5cab73bbab97a1b56966c2a|昵称:测试用户969----------2017/11/13 14:42:34
2017-11-13 14:42:35,136 [12] DEBUG LISTServer - 登录游戏成功,当前对象存在----------2017/11/13 14:42:35
2017-11-13 14:42:35,986 [12] DEBUG LISTServer - 登录游戏成功,当前对象存在----------2017/11/13 14:42:35
2017-11-13 14:42:38,399 [13] DEBUG LISTServer - 登陆sssionID--------5d341531-33f5-4e03-bb25-698cf2a458fa
2017-11-13 14:42:38,399 [13] DEBUG LISTServer - 登录游戏----------2017/11/13 14:42:38
2017-11-13 14:42:38,642 [13] DEBUG LISTServer - 登录用户openid:2be4087248667baee875b4dd4e4e388e|昵称:测试用户2be----------2017/11/13 14:42:38
2017-11-13 14:42:39,072 [13] DEBUG LISTServer - 登录游戏成功,当前对象存在----------2017/11/13 14:42:39
2017-11-13 14:42:40,527 [13] DEBUG LISTServer - 登录游戏成功,当前对象存在----------2017/11/13 14:42:40
2017-11-13 14:52:51,527 [12] DEBUG LISTServer - 登陆sssionID--------369a3619-e785-451d-bafe-82b6075f45e6
2017-11-13 14:52:51,527 [12] DEBUG LISTServer - 登录游戏----------2017/11/13 14:52:51
2017-11-13 14:52:52,515 [12] DEBUG LISTServer - 登录用户openid:724bb3ec1355840ed0e3fb88b56b9197|昵称:测试用户724----------2017/11/13 14:52:52
2017-11-13 14:52:53,371 [12] DEBUG LISTServer - 登录游戏成功----------2017/11/13 14:52:53
2017-11-13 14:52:53,533 [14] DEBUG LISTServer - 登陆sssionID--------1d07c465-9150-4fe1-9b30-4b654b35b932
2017-11-13 14:52:53,533 [14] DEBUG LISTServer - 登录游戏----------2017/11/13 14:52:53
2017-11-13 14:52:53,593 [14] DEBUG LISTServer - 登录用户openid:2be4087248667baee875b4dd4e4e388e|昵称:测试用户2be----------2017/11/13 14:52:53
2017-11-13 14:52:53,761 [14] DEBUG LISTServer - 登录游戏成功,当前对象存在----------2017/11/13 14:52:53
2017-11-13 14:52:54,121 [14] DEBUG LISTServer - 登录游戏成功,当前对象存在----------2017/11/13 14:52:54
2017-11-13 15:00:06,756 [13] DEBUG LISTServer - 登陆sssionID--------d06f295d-8482-4863-81c7-c83ed4be2013
2017-11-13 15:00:06,756 [13] DEBUG LISTServer - 登录游戏----------2017/11/13 15:00:06
2017-11-13 15:00:06,884 [13] DEBUG LISTServer - 登录用户openid:2be4087248667baee875b4dd4e4e388e|昵称:测试用户2be----------2017/11/13 15:00:06
2017-11-13 15:00:07,080 [13] DEBUG LISTServer - 登录游戏成功,当前对象存在----------2017/11/13 15:00:07
2017-11-13 15:00:07,426 [13] DEBUG LISTServer - 登录游戏成功,当前对象存在----------2017/11/13 15:00:07
2017-11-13 15:04:42,091 [13] DEBUG LISTServer - 登陆sssionID--------ef2f5cb7-646c-41bf-b563-0274c96cd48c
2017-11-13 15:04:42,091 [13] DEBUG LISTServer - 登录游戏----------2017/11/13 15:04:42
2017-11-13 15:04:42,161 [13] DEBUG LISTServer - 登录用户openid:e55263276b188a13a14c21ba3e6e71c8|昵称:测试用户e55----------2017/11/13 15:04:42
2017-11-13 15:04:45,272 [13] DEBUG LISTServer - 登录游戏成功----------2017/11/13 15:04:45
2017-11-13 15:19:38,312 [13] DEBUG LISTServer - 登陆sssionID--------31189bb2-9f0e-487d-8dd1-48ed249183aa
2017-11-13 15:19:38,312 [13] DEBUG LISTServer - 登录游戏----------2017/11/13 15:19:38
2017-11-13 15:19:38,381 [13] DEBUG LISTServer - 登录用户openid:9697486827159f30f5cab73bbab97a1b56966c2a|昵称:测试用户969----------2017/11/13 15:19:38
2017-11-13 15:19:38,621 [13] DEBUG LISTServer - 登录游戏成功,当前对象存在----------2017/11/13 15:19:38
2017-11-13 15:19:38,991 [13] DEBUG LISTServer - 登录游戏成功,当前对象存在----------2017/11/13 15:19:38
2017-11-13 15:22:03,055 [12] DEBUG LISTServer - 登陆sssionID--------bedc7c3b-eb13-4ef3-b797-0356387b288f
2017-11-13 15:22:03,055 [12] DEBUG LISTServer - 登录游戏----------2017/11/13 15:22:03
2017-11-13 15:22:03,110 [12] DEBUG LISTServer - 登录用户openid:724bb3ec1355840ed0e3fb88b56b9197|昵称:测试用户724----------2017/11/13 15:22:03
2017-11-13 15:22:03,283 [12] DEBUG LISTServer - 登录游戏成功,当前对象存在----------2017/11/13 15:22:03
2017-11-13 15:22:03,662 [12] DEBUG LISTServer - 登录游戏成功,当前对象存在----------2017/11/13 15:22:03
2017-11-13 15:37:57,449 [12] DEBUG LISTServer - 登陆sssionID--------602bb7b7-4b1a-449b-92a6-7aba3b925141
2017-11-13 15:37:57,449 [12] DEBUG LISTServer - 登录游戏----------2017/11/13 15:37:57
2017-11-13 15:48:12,219 [67] DEBUG LISTServer - 登陆sssionID--------3c0f3e54-7583-4375-a3e2-a80083c326e6
2017-11-13 15:48:12,219 [67] DEBUG LISTServer - 登录游戏----------2017/11/13 15:48:12
2017-11-13 16:25:51,934 [67] DEBUG LISTServer - 登陆sssionID--------137b1e61-d44b-4aba-bc18-0b618d1d33fc
2017-11-13 16:25:51,934 [67] DEBUG LISTServer - 登录游戏----------2017/11/13 16:25:51
2017-11-13 16:26:52,045 [12] DEBUG LISTServer - 登陆sssionID--------c31b619d-497e-479e-98fa-8cb48594298c
2017-11-13 16:26:52,668 [12] DEBUG LISTServer - 登录游戏----------2017/11/13 16:26:52
2017-11-13 16:47:43,061 [12] DEBUG LISTServer - 登陆sssionID--------fc6832bf-9470-43fc-b3c9-39d0496dba65
2017-11-13 16:47:43,061 [12] DEBUG LISTServer - 登录游戏----------2017/11/13 16:47:43
2017-11-13 16:47:47,462 [64] DEBUG LISTServer - 登陆sssionID--------9d9afe1d-3f83-42a7-98c5-4e471d22e17c
2017-11-13 16:47:47,462 [64] DEBUG LISTServer - 登录游戏----------2017/11/13 16:47:47
2017-11-13 16:50:33,231 [13] DEBUG LISTServer - 登陆sssionID--------8a7361bd-ff03-40c4-ab1c-9515529d3878
2017-11-13 16:50:33,231 [13] DEBUG LISTServer - 登录游戏----------2017/11/13 16:50:33
2017-11-13 16:50:33,418 [13] DEBUG LISTServer - 登录用户openid:e55263276b188a13a14c21ba3e6e71c8|昵称:测试用户e55----------2017/11/13 16:50:33
2017-11-13 16:50:33,900 [13] DEBUG LISTServer - 登录游戏成功,当前对象存在----------2017/11/13 16:50:33
2017-11-13 16:50:34,300 [13] DEBUG LISTServer - 登录游戏成功,当前对象存在----------2017/11/13 16:50:34
2017-11-13 16:57:46,383 [12] DEBUG LISTServer - 登陆sssionID--------37f90a4a-f002-4c8c-91a6-edf9071a7289
2017-11-13 16:57:46,383 [12] DEBUG LISTServer - 登录游戏----------2017/11/13 16:57:46
2017-11-13 16:57:46,590 [12] DEBUG LISTServer - 登录用户openid:e55263276b188a13a14c21ba3e6e71c8|昵称:测试用户e55----------2017/11/13 16:57:46
2017-11-13 16:57:46,799 [12] DEBUG LISTServer - 登录游戏成功,当前对象存在----------2017/11/13 16:57:46
2017-11-13 16:57:47,276 [12] DEBUG LISTServer - 登录游戏成功,当前对象存在----------2017/11/13 16:57:47
