2017-09-22 09:21:29,442 [1] DEBUG DefaultBootstrap - The server instance LISTServer has been created!
2017-09-22 09:21:29,567 [1] DEBUG LISTServer - The command 11020(ListBLL.Logic.GameOperation) has been discovered
2017-09-22 09:21:29,567 [1] DEBUG LISTServer - The command 10001(ListBLL.Logic.Heartbeat) has been discovered
2017-09-22 09:21:29,567 [1] DEBUG LISTServer - The command 11001(ListBLL.Logic.Login) has been discovered
2017-09-22 09:21:29,567 [1] DEBUG LISTServer - The command 19003(ListBLL.Logic.UserGamePlaybackLogic) has been discovered
2017-09-22 09:21:29,567 [1] DEBUG LISTServer - The command 19001(ListBLL.Logic.UserRecordLogic) has been discovered
2017-09-22 09:21:29,567 [1] DEBUG DefaultBootstrap - The server instance LISTServer has been initialized!
2017-09-22 09:21:30,255 [1] DEBUG DefaultBootstrap - The PerformanceMonitor has been initialized!
2017-09-22 09:21:30,255 [1] DEBUG DefaultBootstrap - The Bootstrap has been initialized!
2017-09-22 09:21:30,270 [1] DEBUG LISTServer - Listener (0.0.0.0:2018) was started
2017-09-22 09:21:30,270 [1] DEBUG DefaultBootstrap - The PerformanceMonitor has been started!
2017-09-22 09:22:02,430 [14] DEBUG LISTServer - 登陆sssionID--------ef4077dc-bb7c-4954-ada0-41fa07c48aa2
2017-09-22 09:22:02,430 [14] DEBUG LISTServer - 登录游戏----------2017/9/22 9:22:02
2017-09-22 09:22:03,743 [14] DEBUG LISTServer - 登录用户openid:17da9228849df8ed9400ca4e907dca8c776081ad|昵称:测试用户17d----------2017/9/22 9:22:03
2017-09-22 09:22:10,212 [14] DEBUG LISTServer - 登录游戏成功----------2017/9/22 9:22:10
2017-09-22 09:22:25,120 [8] DEBUG LISTServer - 登陆sssionID--------351a74a3-d977-4c75-a2be-a619a0d0c7e7
2017-09-22 09:22:25,120 [8] DEBUG LISTServer - 登录游戏----------2017/9/22 9:22:25
2017-09-22 09:22:25,261 [8] DEBUG LISTServer - 登录用户openid:弗拉基米尔|昵称:弗拉基米尔----------2017/9/22 9:22:25
2017-09-22 09:22:25,886 [8] DEBUG LISTServer - 登录游戏成功----------2017/9/22 9:22:25
2017-09-22 09:23:15,798 [13] DEBUG LISTServer - 登陆sssionID--------ef7e4d8d-16b0-4dcc-93f4-ca8bc3a65e3a
2017-09-22 09:23:15,798 [13] DEBUG LISTServer - 登录游戏----------2017/9/22 9:23:15
2017-09-22 09:23:15,970 [13] DEBUG LISTServer - 登录用户openid:17da9228849df8ed9400ca4e907dca8c776081ad|昵称:测试用户17d----------2017/9/22 9:23:15
2017-09-22 09:23:16,579 [13] DEBUG LISTServer - 登录游戏成功,当前对象存在----------2017/9/22 9:23:16
2017-09-22 09:24:48,026 [19] DEBUG LISTServer - 登陆sssionID--------9f32dc37-bda3-447c-9ad6-5e1f73404524
2017-09-22 09:24:48,026 [19] DEBUG LISTServer - 登录游戏----------2017/9/22 9:24:48
2017-09-22 09:24:48,542 [19] DEBUG LISTServer - 登录用户openid:17da9228849df8ed9400ca4e907dca8c776081ad|昵称:测试用户17d----------2017/9/22 9:24:48
2017-09-22 09:24:49,073 [19] DEBUG LISTServer - 登录游戏成功,当前对象存在----------2017/9/22 9:24:49
2017-09-22 09:25:46,720 [19] DEBUG LISTServer - 登陆sssionID--------9fc168bf-4228-496e-9bfe-f4f577e0ae15
2017-09-22 09:25:46,720 [19] DEBUG LISTServer - 登录游戏----------2017/9/22 9:25:46
2017-09-22 09:25:47,017 [19] DEBUG LISTServer - 登录用户openid:17da9228849df8ed9400ca4e907dca8c776081ad|昵称:测试用户17d----------2017/9/22 9:25:47
2017-09-22 09:25:47,642 [19] DEBUG LISTServer - 登录游戏成功,当前对象存在----------2017/9/22 9:25:47
2017-09-22 09:32:43,421 [19] DEBUG LISTServer - 登陆sssionID--------afafdecb-88fd-4e1d-869d-90b14f86578a
2017-09-22 09:32:43,421 [19] DEBUG LISTServer - 登录游戏----------2017/9/22 9:32:43
2017-09-22 09:32:43,968 [19] DEBUG LISTServer - 登录用户openid:13cdd4e572743f204c3335c7376a4711|昵称:测试用户13c----------2017/9/22 9:32:43
2017-09-22 09:32:44,639 [19] DEBUG LISTServer - 登录游戏成功----------2017/9/22 9:32:44
2017-09-22 09:32:56,703 [19] DEBUG LISTServer - 登陆sssionID--------fdc63217-7184-4279-beca-df212302e5e6
2017-09-22 09:32:56,703 [19] DEBUG LISTServer - 登录游戏----------2017/9/22 9:32:56
2017-09-22 09:32:56,922 [19] DEBUG LISTServer - 登录用户openid:ef2110d6b36f7eca009a60551ab3db1f|昵称:测试用户ef2----------2017/9/22 9:32:56
2017-09-22 09:32:57,578 [19] DEBUG LISTServer - 登录游戏成功----------2017/9/22 9:32:57
2017-09-22 09:33:56,788 [19] DEBUG LISTServer - 登陆sssionID--------04e7a84b-80eb-41d1-b442-1f69c82318ef
2017-09-22 09:33:56,788 [19] DEBUG LISTServer - 登录游戏----------2017/9/22 9:33:56
2017-09-22 09:33:57,054 [19] DEBUG LISTServer - 登录用户openid:13cdd4e572743f204c3335c7376a4711|昵称:测试用户13c----------2017/9/22 9:33:57
2017-09-22 09:33:57,882 [19] DEBUG LISTServer - 登录游戏成功,当前对象存在----------2017/9/22 9:33:57
2017-09-22 09:35:05,201 [20] DEBUG LISTServer - 登陆sssionID--------dd6305ed-eb95-437d-8308-6fc5cb65fc3a
2017-09-22 09:35:05,201 [20] DEBUG LISTServer - 登录游戏----------2017/9/22 9:35:05
2017-09-22 09:35:05,545 [20] DEBUG LISTServer - 登录用户openid:ef2110d6b36f7eca009a60551ab3db1f|昵称:测试用户ef2----------2017/9/22 9:35:05
2017-09-22 09:35:06,170 [20] DEBUG LISTServer - 登录游戏成功,当前对象存在----------2017/9/22 9:35:06
2017-09-22 09:36:14,709 [14] DEBUG LISTServer - 登陆sssionID--------c37a9b18-4187-492a-bb46-bb74edf31947
2017-09-22 09:36:14,709 [14] DEBUG LISTServer - 登录游戏----------2017/9/22 9:36:14
2017-09-22 09:36:15,083 [14] DEBUG LISTServer - 登录用户openid:ef2110d6b36f7eca009a60551ab3db1f|昵称:测试用户ef2----------2017/9/22 9:36:15
2017-09-22 09:36:15,693 [14] DEBUG LISTServer - 登录游戏成功,当前对象存在----------2017/9/22 9:36:15
2017-09-22 09:51:43,317 [14] DEBUG LISTServer - 登陆sssionID--------e7d4809d-d986-441a-acb4-f4b811bc8948
2017-09-22 09:51:43,317 [14] DEBUG LISTServer - 登录游戏----------2017/9/22 9:51:43
2017-09-22 09:51:43,817 [14] DEBUG LISTServer - 登录用户openid:弗拉基米尔|昵称:弗拉基米尔----------2017/9/22 9:51:43
2017-09-22 09:51:44,458 [14] DEBUG LISTServer - 登录游戏成功,当前对象存在----------2017/9/22 9:51:44
2017-09-22 10:04:00,933 [20] DEBUG LISTServer - 登陆sssionID--------e45b2c5e-813e-4b3f-8bc0-7e7d8919cc40
2017-09-22 10:04:00,933 [20] DEBUG LISTServer - 登录游戏----------2017/9/22 10:04:00
2017-09-22 10:04:01,636 [20] DEBUG LISTServer - 登录用户openid:17da9228849df8ed9400ca4e907dca8c776081ad|昵称:测试用户17d----------2017/9/22 10:04:01
2017-09-22 10:04:02,480 [20] DEBUG LISTServer - 登录游戏成功,当前对象存在----------2017/9/22 10:04:02
2017-09-22 10:09:03,057 [20] DEBUG LISTServer - 登陆sssionID--------41b26058-69c8-4582-9452-08045bf2d895
2017-09-22 10:09:03,057 [20] DEBUG LISTServer - 登录游戏----------2017/9/22 10:09:03
2017-09-22 10:09:03,573 [20] DEBUG LISTServer - 登录用户openid:弗拉基米尔|昵称:弗拉基米尔----------2017/9/22 10:09:03
2017-09-22 10:09:04,194 [20] DEBUG LISTServer - 登录游戏成功,当前对象存在----------2017/9/22 10:09:04
2017-09-22 10:16:33,324 [14] DEBUG LISTServer - 登陆sssionID--------bbcef289-3e88-411d-9849-dadd3a744a6f
2017-09-22 10:16:33,324 [14] DEBUG LISTServer - 登录游戏----------2017/9/22 10:16:33
2017-09-22 10:16:33,964 [14] DEBUG LISTServer - 登录用户openid:ef2110d6b36f7eca009a60551ab3db1f|昵称:测试用户ef2----------2017/9/22 10:16:33
2017-09-22 10:16:34,574 [14] DEBUG LISTServer - 登录游戏成功,当前对象存在----------2017/9/22 10:16:34
2017-09-22 10:16:59,163 [30] DEBUG LISTServer - 登陆sssionID--------42c05038-0e6e-4c77-bf31-d01554265328
2017-09-22 10:16:59,163 [30] DEBUG LISTServer - 登录游戏----------2017/9/22 10:16:59
2017-09-22 10:16:59,366 [30] DEBUG LISTServer - 登录用户openid:13cdd4e572743f204c3335c7376a4711|昵称:测试用户13c----------2017/9/22 10:16:59
2017-09-22 10:16:59,929 [30] DEBUG LISTServer - 登录游戏成功,当前对象存在----------2017/9/22 10:16:59
2017-09-22 10:22:42,429 [30] DEBUG LISTServer - 登陆sssionID--------26bbc3e8-9a03-48f7-b5ec-d843258802f1
2017-09-22 10:22:42,429 [30] DEBUG LISTServer - 登录游戏----------2017/9/22 10:22:42
2017-09-22 10:22:42,930 [30] DEBUG LISTServer - 登录用户openid:弗拉基米尔|昵称:弗拉基米尔----------2017/9/22 10:22:42
2017-09-22 10:22:43,560 [30] DEBUG LISTServer - 登录游戏成功,当前对象存在----------2017/9/22 10:22:43
2017-09-22 10:27:02,586 [14] DEBUG LISTServer - 登陆sssionID--------5fca0378-1ff2-42dd-b8df-60071a75ecd4
2017-09-22 10:27:02,586 [14] DEBUG LISTServer - 登录游戏----------2017/9/22 10:27:02
2017-09-22 10:27:03,136 [14] DEBUG LISTServer - 登录用户openid:弗拉基米尔|昵称:弗拉基米尔----------2017/9/22 10:27:03
2017-09-22 10:27:03,703 [14] DEBUG LISTServer - 登录游戏成功,当前对象存在----------2017/9/22 10:27:03
2017-09-22 10:27:24,161 [30] DEBUG LISTServer - 登陆sssionID--------f3c63fe0-2321-4020-b998-ec6bdc14fd7f
2017-09-22 10:27:24,161 [30] DEBUG LISTServer - 登录游戏----------2017/9/22 10:27:24
2017-09-22 10:27:24,628 [30] DEBUG LISTServer - 登录用户openid:13cdd4e572743f204c3335c7376a4711|昵称:测试用户13c----------2017/9/22 10:27:24
2017-09-22 10:27:25,233 [30] DEBUG LISTServer - 登录游戏成功,当前对象存在----------2017/9/22 10:27:25
2017-09-22 10:38:42,900 [20] DEBUG LISTServer - 登陆sssionID--------daffae54-95a4-4b09-bbc4-5a0659c5fc3b
2017-09-22 10:38:42,900 [20] DEBUG LISTServer - 登录游戏----------2017/9/22 10:38:42
2017-09-22 10:38:43,285 [20] DEBUG LISTServer - 登录用户openid:弗拉基米尔|昵称:弗拉基米尔----------2017/9/22 10:38:43
2017-09-22 10:38:43,968 [20] DEBUG LISTServer - 登录游戏成功,当前对象存在----------2017/9/22 10:38:43
2017-09-22 10:41:18,024 [20] DEBUG LISTServer - 登陆sssionID--------9c3e799a-ce67-4fe2-afa5-978c05a174dc
2017-09-22 10:41:18,024 [20] DEBUG LISTServer - 登录游戏----------2017/9/22 10:41:18
2017-09-22 10:41:18,464 [20] DEBUG LISTServer - 登录用户openid:弗拉基米尔|昵称:弗拉基米尔----------2017/9/22 10:41:18
2017-09-22 10:41:19,116 [20] DEBUG LISTServer - 登录游戏成功,当前对象存在----------2017/9/22 10:41:19
2017-09-22 10:42:59,710 [13] DEBUG LISTServer - 登陆sssionID--------8105cc04-f8ca-426b-a69d-7c073a3c7b57
2017-09-22 10:42:59,710 [13] DEBUG LISTServer - 登录游戏----------2017/9/22 10:42:59
2017-09-22 10:43:00,217 [13] DEBUG LISTServer - 登录用户openid:弗拉基米尔|昵称:弗拉基米尔----------2017/9/22 10:43:00
2017-09-22 10:43:00,798 [13] DEBUG LISTServer - 登录游戏成功,当前对象存在----------2017/9/22 10:43:00
2017-09-22 10:43:02,874 [20] DEBUG LISTServer - 登陆sssionID--------344d2ff9-47ad-4b1b-992a-ade8d0a34619
2017-09-22 10:43:02,874 [20] DEBUG LISTServer - 登录游戏----------2017/9/22 10:43:02
2017-09-22 10:43:03,300 [20] DEBUG LISTServer - 登录用户openid:13cdd4e572743f204c3335c7376a4711|昵称:测试用户13c----------2017/9/22 10:43:03
2017-09-22 10:43:03,878 [20] DEBUG LISTServer - 登录游戏成功,当前对象存在----------2017/9/22 10:43:03
2017-09-22 10:49:26,173 [30] DEBUG LISTServer - 登陆sssionID--------dbb23710-37c7-415d-a904-520c409dde97
2017-09-22 10:49:26,173 [30] DEBUG LISTServer - 登录游戏----------2017/9/22 10:49:26
2017-09-22 10:49:26,606 [30] DEBUG LISTServer - 登录用户openid:弗拉基米尔|昵称:弗拉基米尔----------2017/9/22 10:49:26
2017-09-22 10:49:27,220 [30] DEBUG LISTServer - 登录游戏成功,当前对象存在----------2017/9/22 10:49:27
2017-09-22 10:53:07,138 [14] DEBUG LISTServer - 登陆sssionID--------196d77fc-37d0-467c-9a7f-d2a7059db55e
2017-09-22 10:53:07,138 [14] DEBUG LISTServer - 登录游戏----------2017/9/22 10:53:07
2017-09-22 10:53:07,539 [14] DEBUG LISTServer - 登录用户openid:弗拉基米尔|昵称:弗拉基米尔----------2017/9/22 10:53:07
2017-09-22 10:53:08,130 [14] DEBUG LISTServer - 登录游戏成功,当前对象存在----------2017/9/22 10:53:08
2017-09-22 10:57:37,780 [14] DEBUG LISTServer - 登陆sssionID--------2aa006b5-9265-47d6-84d8-031350065686
2017-09-22 10:57:37,780 [14] DEBUG LISTServer - 登录游戏----------2017/9/22 10:57:37
2017-09-22 10:57:38,192 [14] DEBUG LISTServer - 登录用户openid:弗拉基米尔|昵称:弗拉基米尔----------2017/9/22 10:57:38
2017-09-22 10:57:38,858 [14] DEBUG LISTServer - 登录游戏成功,当前对象存在----------2017/9/22 10:57:38
2017-09-22 11:03:47,769 [30] DEBUG LISTServer - 登陆sssionID--------e09c9559-d1b9-40bf-abe5-6cc2f73d4648
2017-09-22 11:03:47,769 [30] DEBUG LISTServer - 登录游戏----------2017/9/22 11:03:47
2017-09-22 11:03:48,240 [30] DEBUG LISTServer - 登录用户openid:弗拉基米尔|昵称:弗拉基米尔----------2017/9/22 11:03:48
2017-09-22 11:03:48,939 [30] DEBUG LISTServer - 登录游戏成功,当前对象存在----------2017/9/22 11:03:48
2017-09-22 11:03:52,477 [20] DEBUG LISTServer - 登陆sssionID--------14c5e0bc-6104-4e8a-950a-cfd61f88d09c
2017-09-22 11:03:52,477 [20] DEBUG LISTServer - 登录游戏----------2017/9/22 11:03:52
2017-09-22 11:03:52,666 [20] DEBUG LISTServer - 登录用户openid:弗拉基米尔|昵称:弗拉基米尔----------2017/9/22 11:03:52
2017-09-22 11:03:52,825 [20] DEBUG LISTServer - 登录游戏失败,当前对象存在----------2017/9/22 11:03:52
2017-09-22 11:03:52,825 [20] DEBUG LISTServer - sssionID--------14c5e0bc-6104-4e8a-950a-cfd61f88d09c
2017-09-22 11:04:19,388 [14] DEBUG LISTServer - 登陆sssionID--------4de76df8-c5e1-4dc2-b405-0d67bb2d7101
2017-09-22 11:04:19,388 [14] DEBUG LISTServer - 登录游戏----------2017/9/22 11:04:19
2017-09-22 11:04:19,601 [14] DEBUG LISTServer - 登录用户openid:弗拉基米尔|昵称:弗拉基米尔----------2017/9/22 11:04:19
2017-09-22 11:04:20,226 [14] DEBUG LISTServer - 登录游戏成功,当前对象存在----------2017/9/22 11:04:20
2017-09-22 11:09:26,035 [30] DEBUG LISTServer - 登陆sssionID--------d843f157-129f-44b5-9189-81c610898b1d
2017-09-22 11:09:26,036 [30] DEBUG LISTServer - 登录游戏----------2017/9/22 11:09:26
2017-09-22 11:09:26,557 [30] DEBUG LISTServer - 登录用户openid:ef2110d6b36f7eca009a60551ab3db1f|昵称:测试用户ef2----------2017/9/22 11:09:26
2017-09-22 11:09:27,216 [30] DEBUG LISTServer - 登录游戏成功,当前对象存在----------2017/9/22 11:09:27
2017-09-22 11:09:29,855 [30] DEBUG LISTServer - 登陆sssionID--------2adc78db-09af-4d36-b4ef-634c2a32f5c2
2017-09-22 11:09:29,855 [30] DEBUG LISTServer - 登录游戏----------2017/9/22 11:09:29
2017-09-22 11:09:30,073 [30] DEBUG LISTServer - 登录用户openid:弗拉基米尔|昵称:弗拉基米尔----------2017/9/22 11:09:30
2017-09-22 11:09:30,683 [30] DEBUG LISTServer - 登录游戏成功,当前对象存在----------2017/9/22 11:09:30
2017-09-22 11:25:01,403 [14] DEBUG LISTServer - 登陆sssionID--------47d34486-87fa-48b0-b54a-1c35fe183aa9
2017-09-22 11:25:01,403 [14] DEBUG LISTServer - 登录游戏----------2017/9/22 11:25:01
2017-09-22 11:25:01,840 [14] DEBUG LISTServer - 登录用户openid:弗拉基米尔|昵称:弗拉基米尔----------2017/9/22 11:25:01
2017-09-22 11:25:02,473 [14] DEBUG LISTServer - 登录游戏成功,当前对象存在----------2017/9/22 11:25:02
2017-09-22 11:28:39,760 [30] DEBUG LISTServer - 登陆sssionID--------9b0e2417-1c19-4fbe-a8e7-1ea72351a335
2017-09-22 11:28:39,760 [30] DEBUG LISTServer - 登录游戏----------2017/9/22 11:28:39
2017-09-22 11:28:40,239 [30] DEBUG LISTServer - 登录用户openid:弗拉基米尔|昵称:弗拉基米尔----------2017/9/22 11:28:40
2017-09-22 11:28:40,856 [30] DEBUG LISTServer - 登录游戏成功,当前对象存在----------2017/9/22 11:28:40
2017-09-22 11:29:43,310 [13] DEBUG LISTServer - 登陆sssionID--------4b07d553-43a6-4e95-b788-a639a6e986ce
2017-09-22 11:29:43,310 [13] DEBUG LISTServer - 登录游戏----------2017/9/22 11:29:43
2017-09-22 11:29:43,589 [13] DEBUG LISTServer - 登录用户openid:弗拉基米尔|昵称:弗拉基米尔----------2017/9/22 11:29:43
2017-09-22 11:29:44,171 [13] DEBUG LISTServer - 登录游戏成功,当前对象存在----------2017/9/22 11:29:44
2017-09-22 11:34:32,498 [14] DEBUG LISTServer - 登陆sssionID--------e8d40b16-4794-4880-a0a3-c70949e24fb6
2017-09-22 11:34:32,498 [14] DEBUG LISTServer - 登录游戏----------2017/9/22 11:34:32
2017-09-22 11:34:32,948 [14] DEBUG LISTServer - 登录用户openid:ef2110d6b36f7eca009a60551ab3db1f|昵称:测试用户ef2----------2017/9/22 11:34:32
2017-09-22 11:34:33,562 [14] DEBUG LISTServer - 登录游戏成功,当前对象存在----------2017/9/22 11:34:33
2017-09-22 11:34:58,709 [20] DEBUG LISTServer - 登陆sssionID--------dc7289c1-2832-4ee0-9116-9d0af9467599
2017-09-22 11:34:58,709 [20] DEBUG LISTServer - 登录游戏----------2017/9/22 11:34:58
2017-09-22 11:34:58,861 [20] DEBUG LISTServer - 登录用户openid:13cdd4e572743f204c3335c7376a4711|昵称:测试用户13c----------2017/9/22 11:34:58
2017-09-22 11:34:59,621 [20] DEBUG LISTServer - 登录游戏成功,当前对象存在----------2017/9/22 11:34:59
2017-09-22 11:35:51,685 [20] DEBUG LISTServer - 登陆sssionID--------cdcbfeee-efee-47d5-b0d3-ab4b41cb9b38
2017-09-22 11:35:51,685 [20] DEBUG LISTServer - 登录游戏----------2017/9/22 11:35:51
2017-09-22 11:35:51,885 [20] DEBUG LISTServer - 登录用户openid:13cdd4e572743f204c3335c7376a4711|昵称:测试用户13c----------2017/9/22 11:35:51
2017-09-22 11:35:52,516 [20] DEBUG LISTServer - 登录游戏成功,当前对象存在----------2017/9/22 11:35:52
2017-09-22 11:36:53,103 [30] DEBUG LISTServer - 登陆sssionID--------565ad184-ede5-4a8b-a753-c53e5eec0727
2017-09-22 11:36:53,103 [30] DEBUG LISTServer - 登录游戏----------2017/9/22 11:36:53
2017-09-22 11:36:53,826 [30] DEBUG LISTServer - 登录用户openid:ef2110d6b36f7eca009a60551ab3db1f|昵称:测试用户ef2----------2017/9/22 11:36:53
2017-09-22 11:36:54,395 [30] DEBUG LISTServer - 登录游戏成功,当前对象存在----------2017/9/22 11:36:54
2017-09-22 11:39:51,876 [14] DEBUG LISTServer - 登陆sssionID--------3b40d0fc-deac-480e-aa63-d02b55926ce1
2017-09-22 11:39:51,876 [14] DEBUG LISTServer - 登录游戏----------2017/9/22 11:39:51
2017-09-22 11:39:52,463 [14] DEBUG LISTServer - 登录用户openid:ef2110d6b36f7eca009a60551ab3db1f|昵称:测试用户ef2----------2017/9/22 11:39:52
2017-09-22 11:39:53,111 [14] DEBUG LISTServer - 登录游戏成功,当前对象存在----------2017/9/22 11:39:53
2017-09-22 11:39:56,970 [13] DEBUG LISTServer - 登陆sssionID--------49e7c61f-2fe7-471c-b044-fa07d3339a32
2017-09-22 11:39:56,970 [13] DEBUG LISTServer - 登录游戏----------2017/9/22 11:39:56
2017-09-22 11:39:57,190 [13] DEBUG LISTServer - 登录用户openid:13cdd4e572743f204c3335c7376a4711|昵称:测试用户13c----------2017/9/22 11:39:57
2017-09-22 11:39:57,772 [13] DEBUG LISTServer - 登录游戏成功,当前对象存在----------2017/9/22 11:39:57
2017-09-22 11:40:52,814 [13] DEBUG LISTServer - 登陆sssionID--------34a3ba9a-0aaa-4eaf-a70c-80162ed8b4e5
2017-09-22 11:40:52,814 [13] DEBUG LISTServer - 登录游戏----------2017/9/22 11:40:52
2017-09-22 11:40:53,089 [13] DEBUG LISTServer - 登录用户openid:ef2110d6b36f7eca009a60551ab3db1f|昵称:测试用户ef2----------2017/9/22 11:40:53
2017-09-22 11:40:53,689 [13] DEBUG LISTServer - 登录游戏成功,当前对象存在----------2017/9/22 11:40:53
2017-09-22 11:42:54,031 [30] DEBUG LISTServer - 登陆sssionID--------e1c59dc5-1e9a-44ee-ba33-5a652ceb726b
2017-09-22 11:42:54,031 [30] DEBUG LISTServer - 登录游戏----------2017/9/22 11:42:54
2017-09-22 11:42:54,543 [30] DEBUG LISTServer - 登录用户openid:ef2110d6b36f7eca009a60551ab3db1f|昵称:测试用户ef2----------2017/9/22 11:42:54
2017-09-22 11:42:55,114 [30] DEBUG LISTServer - 登录游戏成功,当前对象存在----------2017/9/22 11:42:55
2017-09-22 11:44:04,570 [30] DEBUG LISTServer - 登陆sssionID--------b1eee5fc-cb16-4afc-9b83-cbe80c89c516
2017-09-22 11:44:04,570 [30] DEBUG LISTServer - 登录游戏----------2017/9/22 11:44:04
2017-09-22 11:44:04,817 [30] DEBUG LISTServer - 登录用户openid:17da9228849df8ed9400ca4e907dca8c776081ad|昵称:测试用户17d----------2017/9/22 11:44:04
2017-09-22 11:44:05,555 [30] DEBUG LISTServer - 登录游戏成功,当前对象存在----------2017/9/22 11:44:05
2017-09-22 11:44:53,862 [13] DEBUG LISTServer - 登陆sssionID--------efa56490-0185-4209-aa10-7df4a31c2379
2017-09-22 11:44:53,862 [13] DEBUG LISTServer - 登录游戏----------2017/9/22 11:44:53
2017-09-22 11:44:54,076 [13] DEBUG LISTServer - 登录用户openid:弗拉基米尔|昵称:弗拉基米尔----------2017/9/22 11:44:54
2017-09-22 11:44:54,661 [13] DEBUG LISTServer - 登录游戏成功,当前对象存在----------2017/9/22 11:44:54
2017-09-22 11:45:30,563 [30] DEBUG LISTServer - 登陆sssionID--------b964a380-e9b3-40a8-93e1-3af24b101ca3
2017-09-22 11:45:30,563 [30] DEBUG LISTServer - 登录游戏----------2017/9/22 11:45:30
2017-09-22 11:45:30,858 [30] DEBUG LISTServer - 登录用户openid:13cdd4e572743f204c3335c7376a4711|昵称:测试用户13c----------2017/9/22 11:45:30
2017-09-22 11:45:31,460 [30] DEBUG LISTServer - 登录游戏成功,当前对象存在----------2017/9/22 11:45:31
2017-09-22 11:51:06,942 [30] DEBUG LISTServer - 登陆sssionID--------eec0449b-6e1c-4e6f-ba0e-78e8ce9543b8
2017-09-22 11:51:06,942 [30] DEBUG LISTServer - 登录游戏----------2017/9/22 11:51:06
2017-09-22 11:51:07,463 [30] DEBUG LISTServer - 登录用户openid:13cdd4e572743f204c3335c7376a4711|昵称:测试用户13c----------2017/9/22 11:51:07
2017-09-22 11:51:08,111 [30] DEBUG LISTServer - 登录游戏成功,当前对象存在----------2017/9/22 11:51:08
2017-09-22 11:51:51,812 [15] DEBUG LISTServer - 登陆sssionID--------03254cc9-dc2f-4ad1-9b44-6d298608f573
2017-09-22 11:51:51,812 [15] DEBUG LISTServer - 登录游戏----------2017/9/22 11:51:51
2017-09-22 11:51:51,964 [15] DEBUG LISTServer - 登录用户openid:13cdd4e572743f204c3335c7376a4711|昵称:测试用户13c----------2017/9/22 11:51:51
2017-09-22 11:51:52,557 [15] DEBUG LISTServer - 登录游戏成功,当前对象存在----------2017/9/22 11:51:52
2017-09-22 11:53:03,426 [30] DEBUG LISTServer - 登陆sssionID--------1a9febf9-3613-46c6-afcc-adfbcd659338
2017-09-22 11:53:03,426 [30] DEBUG LISTServer - 登录游戏----------2017/9/22 11:53:03
2017-09-22 11:53:03,828 [30] DEBUG LISTServer - 登录用户openid:13cdd4e572743f204c3335c7376a4711|昵称:测试用户13c----------2017/9/22 11:53:03
2017-09-22 11:53:04,440 [30] DEBUG LISTServer - 登录游戏成功,当前对象存在----------2017/9/22 11:53:04
2017-09-22 11:53:27,499 [13] DEBUG LISTServer - 登陆sssionID--------ffe8ad6f-bf1b-4aab-b5f3-4901255e72c7
2017-09-22 11:53:27,499 [13] DEBUG LISTServer - 登录游戏----------2017/9/22 11:53:27
2017-09-22 11:53:27,729 [13] DEBUG LISTServer - 登录用户openid:13cdd4e572743f204c3335c7376a4711|昵称:测试用户13c----------2017/9/22 11:53:27
2017-09-22 11:53:28,313 [13] DEBUG LISTServer - 登录游戏成功,当前对象存在----------2017/9/22 11:53:28
2017-09-22 11:53:56,858 [15] DEBUG LISTServer - 登陆sssionID--------059b23d4-f4b2-4302-a9a1-753e55e57edd
2017-09-22 11:53:56,858 [15] DEBUG LISTServer - 登录游戏----------2017/9/22 11:53:56
2017-09-22 11:53:57,082 [15] DEBUG LISTServer - 登录用户openid:13cdd4e572743f204c3335c7376a4711|昵称:测试用户13c----------2017/9/22 11:53:57
2017-09-22 11:53:57,643 [15] DEBUG LISTServer - 登录游戏成功,当前对象存在----------2017/9/22 11:53:57
2017-09-22 11:55:33,610 [13] DEBUG LISTServer - 登陆sssionID--------87d71937-d831-4012-a508-4acf29bf6473
2017-09-22 11:55:33,610 [13] DEBUG LISTServer - 登录游戏----------2017/9/22 11:55:33
2017-09-22 11:55:34,184 [13] DEBUG LISTServer - 登录用户openid:13cdd4e572743f204c3335c7376a4711|昵称:测试用户13c----------2017/9/22 11:55:34
2017-09-22 11:55:34,795 [13] DEBUG LISTServer - 登录游戏成功,当前对象存在----------2017/9/22 11:55:34
2017-09-22 12:02:02,495 [30] DEBUG LISTServer - 登陆sssionID--------1bedf56a-cef2-49f0-8d11-3f21c0faf962
2017-09-22 12:02:02,495 [30] DEBUG LISTServer - 登录游戏----------2017/9/22 12:02:02
2017-09-22 12:02:02,912 [30] DEBUG LISTServer - 登录用户openid:弗拉基米尔|昵称:弗拉基米尔----------2017/9/22 12:02:02
2017-09-22 12:02:03,887 [30] DEBUG LISTServer - 登录游戏成功,当前对象存在----------2017/9/22 12:02:03
2017-09-22 12:02:25,605 [14] DEBUG LISTServer - 登陆sssionID--------1e233a5d-e0ba-493b-a9e2-e07fd72f3bd9
2017-09-22 12:02:25,606 [14] DEBUG LISTServer - 登录游戏----------2017/9/22 12:02:25
2017-09-22 12:02:25,971 [14] DEBUG LISTServer - 登录用户openid:13cdd4e572743f204c3335c7376a4711|昵称:测试用户13c----------2017/9/22 12:02:25
2017-09-22 12:02:26,885 [14] DEBUG LISTServer - 登录游戏成功,当前对象存在----------2017/9/22 12:02:26
2017-09-22 12:11:26,042 [13] DEBUG LISTServer - 登陆sssionID--------d5f2ab01-7764-4f38-9512-a5da041dba65
2017-09-22 12:11:26,042 [13] DEBUG LISTServer - 登录游戏----------2017/9/22 12:11:26
2017-09-22 12:11:26,558 [13] DEBUG LISTServer - 登录用户openid:弗拉基米尔|昵称:弗拉基米尔----------2017/9/22 12:11:26
2017-09-22 12:11:27,141 [13] DEBUG LISTServer - 登录游戏成功,当前对象存在----------2017/9/22 12:11:27
2017-09-22 12:13:16,130 [14] DEBUG LISTServer - 登陆sssionID--------d9de0695-d950-464a-9e2e-2220adf4cb7b
2017-09-22 12:13:16,130 [14] DEBUG LISTServer - 登录游戏----------2017/9/22 12:13:16
2017-09-22 12:13:16,717 [14] DEBUG LISTServer - 登录用户openid:sfssfsgs|昵称:测试用户sfs----------2017/9/22 12:13:16
2017-09-22 12:13:17,891 [14] DEBUG LISTServer - 登录游戏成功----------2017/9/22 12:13:17
2017-09-22 12:14:26,415 [14] DEBUG LISTServer - 登陆sssionID--------215fd217-5c7b-4fba-b376-feb1219d8d3e
2017-09-22 12:14:26,415 [14] DEBUG LISTServer - 登录游戏----------2017/9/22 12:14:26
2017-09-22 12:14:26,742 [14] DEBUG LISTServer - 登录用户openid:弗拉基米尔|昵称:弗拉基米尔----------2017/9/22 12:14:26
2017-09-22 12:14:28,350 [14] DEBUG LISTServer - 登录游戏成功,当前对象存在----------2017/9/22 12:14:28
2017-09-22 12:14:49,483 [14] DEBUG LISTServer - 登陆sssionID--------89192cdc-5d97-4819-94c7-37b2ebb32001
2017-09-22 12:14:49,483 [14] DEBUG LISTServer - 登录游戏----------2017/9/22 12:14:49
2017-09-22 12:14:49,696 [14] DEBUG LISTServer - 登录用户openid:asssss|昵称:测试用户ass----------2017/9/22 12:14:49
2017-09-22 12:14:50,343 [14] DEBUG LISTServer - 登录游戏成功----------2017/9/22 12:14:50
2017-09-22 12:15:06,065 [30] DEBUG LISTServer - 登陆sssionID--------c887407f-b1a8-4c67-bb0b-707097a7f4f1
2017-09-22 12:15:06,065 [30] DEBUG LISTServer - 登录游戏----------2017/9/22 12:15:06
2017-09-22 12:15:06,254 [30] DEBUG LISTServer - 登录用户openid:sfssfsgs|昵称:测试用户sfs----------2017/9/22 12:15:06
2017-09-22 12:15:07,112 [30] DEBUG LISTServer - 登录游戏成功,当前对象存在----------2017/9/22 12:15:07
2017-09-22 12:15:14,975 [14] DEBUG LISTServer - 登陆sssionID--------8d7010be-7e8f-4182-a61d-7a93e4600113
2017-09-22 12:15:14,975 [14] DEBUG LISTServer - 登录游戏----------2017/9/22 12:15:14
2017-09-22 12:15:15,113 [14] DEBUG LISTServer - 登录用户openid:弗拉基米尔|昵称:弗拉基米尔----------2017/9/22 12:15:15
2017-09-22 12:15:15,638 [13] DEBUG LISTServer - 登陆sssionID--------b3daf5a2-aa01-44fd-8c75-4f67f1b992a0
2017-09-22 12:15:15,638 [13] DEBUG LISTServer - 登录游戏----------2017/9/22 12:15:15
2017-09-22 12:15:15,779 [14] DEBUG LISTServer - 登录游戏成功,当前对象存在----------2017/9/22 12:15:15
2017-09-22 12:15:15,805 [13] DEBUG LISTServer - 登录用户openid:13cdd4e572743f204c3335c7376a4711|昵称:测试用户13c----------2017/9/22 12:15:15
2017-09-22 12:15:16,723 [13] DEBUG LISTServer - 登录游戏成功,当前对象存在----------2017/9/22 12:15:16
2017-09-22 12:15:54,368 [14] DEBUG LISTServer - 登陆sssionID--------f1e4c23f-7c44-4071-8ade-4cae68934cea
2017-09-22 12:15:54,368 [14] DEBUG LISTServer - 登录游戏----------2017/9/22 12:15:54
2017-09-22 12:15:54,519 [14] DEBUG LISTServer - 登录用户openid:13cdd4e572743f204c3335c7376a4711|昵称:测试用户13c----------2017/9/22 12:15:54
2017-09-22 12:15:55,121 [14] DEBUG LISTServer - 登录游戏成功,当前对象存在----------2017/9/22 12:15:55
2017-09-22 13:18:15,452 [30] DEBUG LISTServer - 登陆sssionID--------f190b5c2-730f-4f5a-9556-11b70205e8e5
2017-09-22 13:18:15,452 [30] DEBUG LISTServer - 登录游戏----------2017/9/22 13:18:15
2017-09-22 13:18:16,070 [30] DEBUG LISTServer - 登录用户openid:13cdd4e572743f204c3335c7376a4711|昵称:测试用户13c----------2017/9/22 13:18:16
2017-09-22 13:18:17,710 [30] DEBUG LISTServer - 登录游戏成功----------2017/9/22 13:18:17
2017-09-22 13:19:11,632 [85] DEBUG LISTServer - 登陆sssionID--------f2a0730e-4d07-48c3-b6a3-e9f1064650ac
2017-09-22 13:19:11,632 [85] DEBUG LISTServer - 登录游戏----------2017/9/22 13:19:11
2017-09-22 13:19:11,953 [85] DEBUG LISTServer - 登录用户openid:13cdd4e572743f204c3335c7376a4711|昵称:测试用户13c----------2017/9/22 13:19:11
2017-09-22 13:19:12,973 [85] DEBUG LISTServer - 登录游戏成功,当前对象存在----------2017/9/22 13:19:12
2017-09-22 13:19:56,671 [30] DEBUG LISTServer - 登陆sssionID--------b98e48d6-e3f6-472e-ab7e-5d168e567105
2017-09-22 13:19:56,671 [30] DEBUG LISTServer - 登录游戏----------2017/9/22 13:19:56
2017-09-22 13:19:56,925 [30] DEBUG LISTServer - 登录用户openid:ef2110d6b36f7eca009a60551ab3db1f|昵称:测试用户ef2----------2017/9/22 13:19:56
2017-09-22 13:19:57,542 [30] DEBUG LISTServer - 登录游戏成功,当前对象存在----------2017/9/22 13:19:57
2017-09-22 13:21:30,822 [14] DEBUG LISTServer - 登陆sssionID--------b894fdd3-67e3-4edd-97e3-924e7748d926
2017-09-22 13:21:30,822 [14] DEBUG LISTServer - 登录游戏----------2017/9/22 13:21:30
2017-09-22 13:21:31,369 [14] DEBUG LISTServer - 登录用户openid:89f5ef72e82d130fda1ec076c054b52d|昵称:测试用户89f----------2017/9/22 13:21:31
2017-09-22 13:21:32,556 [14] DEBUG LISTServer - 登录游戏成功----------2017/9/22 13:21:32
2017-09-22 13:25:03,144 [85] DEBUG LISTServer - 登陆sssionID--------01c92983-d8d9-49a1-823c-87c366eb3a2d
2017-09-22 13:25:03,144 [85] DEBUG LISTServer - 登录游戏----------2017/9/22 13:25:03
2017-09-22 13:25:03,695 [85] DEBUG LISTServer - 登录用户openid:ef2110d6b36f7eca009a60551ab3db1f|昵称:测试用户ef2----------2017/9/22 13:25:03
2017-09-22 13:25:04,492 [85] DEBUG LISTServer - 登录游戏成功,当前对象存在----------2017/9/22 13:25:04
2017-09-22 13:52:37,061 [13] DEBUG LISTServer - 登陆sssionID--------e87ec6e7-941d-4053-8918-1fdf1a552bd2
2017-09-22 13:52:37,061 [13] DEBUG LISTServer - 登录游戏----------2017/9/22 13:52:37
2017-09-22 13:52:37,589 [13] DEBUG LISTServer - 登录用户openid:ba9888ce2db1bd530ba845f3283b7b0a|昵称:测试用户ba9----------2017/9/22 13:52:37
2017-09-22 13:52:38,589 [13] DEBUG LISTServer - 登录游戏成功----------2017/9/22 13:52:38
2017-09-22 13:52:59,617 [13] DEBUG LISTServer - 登陆sssionID--------dea7c125-72d3-449c-936d-9946dde29e8d
2017-09-22 13:52:59,617 [13] DEBUG LISTServer - 登录游戏----------2017/9/22 13:52:59
2017-09-22 13:52:59,859 [13] DEBUG LISTServer - 登录用户openid:17da9228849df8ed9400ca4e907dca8c776081ad|昵称:测试用户17d----------2017/9/22 13:52:59
2017-09-22 13:53:00,572 [13] DEBUG LISTServer - 登录游戏成功,当前对象存在----------2017/9/22 13:53:00
2017-09-22 13:54:37,909 [34] DEBUG LISTServer - 登陆sssionID--------30b097de-dd29-4daf-a6d9-2e431c77c492
2017-09-22 13:54:37,909 [34] DEBUG LISTServer - 登录游戏----------2017/9/22 13:54:37
2017-09-22 13:54:38,317 [34] DEBUG LISTServer - 登录用户openid:ba9888ce2db1bd530ba845f3283b7b0a|昵称:测试用户ba9----------2017/9/22 13:54:38
2017-09-22 13:54:38,913 [34] DEBUG LISTServer - 登录游戏成功,当前对象存在----------2017/9/22 13:54:38
2017-09-22 13:55:20,947 [13] DEBUG LISTServer - 登陆sssionID--------68f3d3fc-3ca3-40e9-8a21-19ef35026aa0
2017-09-22 13:55:20,947 [13] DEBUG LISTServer - 登录游戏----------2017/9/22 13:55:20
2017-09-22 13:55:21,176 [13] DEBUG LISTServer - 登录用户openid:13cdd4e572743f204c3335c7376a4711|昵称:测试用户13c----------2017/9/22 13:55:21
2017-09-22 13:55:21,722 [13] DEBUG LISTServer - 登录游戏成功,当前对象存在----------2017/9/22 13:55:21
2017-09-22 13:57:17,977 [13] DEBUG LISTServer - 登陆sssionID--------64f42300-192c-4fa2-9674-33dee37b1984
2017-09-22 13:57:17,977 [13] DEBUG LISTServer - 登录游戏----------2017/9/22 13:57:17
2017-09-22 13:57:18,814 [13] DEBUG LISTServer - 登录用户openid:17da9228849df8ed9400ca4e907dca8c776081ad|昵称:测试用户17d----------2017/9/22 13:57:18
2017-09-22 13:57:19,577 [13] DEBUG LISTServer - 登录游戏成功,当前对象存在----------2017/9/22 13:57:19
2017-09-22 13:58:45,730 [34] DEBUG LISTServer - 登陆sssionID--------ede2af67-adf8-4439-bda9-8c866f962ba6
2017-09-22 13:58:45,730 [34] DEBUG LISTServer - 登录游戏----------2017/9/22 13:58:45
2017-09-22 13:58:46,020 [34] DEBUG LISTServer - 登录用户openid:ef2110d6b36f7eca009a60551ab3db1f|昵称:测试用户ef2----------2017/9/22 13:58:46
2017-09-22 13:58:47,628 [34] DEBUG LISTServer - 登录游戏成功,当前对象存在----------2017/9/22 13:58:47
2017-09-22 14:04:23,067 [85] DEBUG LISTServer - 登陆sssionID--------756a2704-7dc0-4479-899f-c15613153868
2017-09-22 14:04:23,067 [85] DEBUG LISTServer - 登录游戏----------2017/9/22 14:04:23
2017-09-22 14:04:23,580 [85] DEBUG LISTServer - 登录用户openid:17da9228849df8ed9400ca4e907dca8c776081ad|昵称:测试用户17d----------2017/9/22 14:04:23
2017-09-22 14:04:24,207 [85] DEBUG LISTServer - 登录游戏成功,当前对象存在----------2017/9/22 14:04:24
2017-09-22 14:08:12,102 [14] DEBUG LISTServer - 登陆sssionID--------3196dd64-dad8-4b8b-8b90-d943b2e9bf7d
2017-09-22 14:08:12,102 [14] DEBUG LISTServer - 登录游戏----------2017/9/22 14:08:12
2017-09-22 14:08:13,770 [14] DEBUG LISTServer - 登录用户openid:17da9228849df8ed9400ca4e907dca8c776081ad|昵称:测试用户17d----------2017/9/22 14:08:13
2017-09-22 14:08:14,393 [14] DEBUG LISTServer - 登录游戏成功,当前对象存在----------2017/9/22 14:08:14
2017-09-22 14:14:02,556 [85] DEBUG LISTServer - 登陆sssionID--------094a089a-a58c-49c9-9a3f-182268cea9d3
2017-09-22 14:14:02,556 [85] DEBUG LISTServer - 登录游戏----------2017/9/22 14:14:02
2017-09-22 14:14:02,993 [85] DEBUG LISTServer - 登录用户openid:ef2110d6b36f7eca009a60551ab3db1f|昵称:测试用户ef2----------2017/9/22 14:14:02
2017-09-22 14:14:03,703 [85] DEBUG LISTServer - 登录游戏成功,当前对象存在----------2017/9/22 14:14:03
2017-09-22 14:14:16,170 [34] DEBUG LISTServer - 登陆sssionID--------439f3dde-b5f4-46c6-87ab-403f4cce12dd
2017-09-22 14:14:16,170 [34] DEBUG LISTServer - 登录游戏----------2017/9/22 14:14:16
2017-09-22 14:14:16,387 [34] DEBUG LISTServer - 登录用户openid:13cdd4e572743f204c3335c7376a4711|昵称:测试用户13c----------2017/9/22 14:14:16
2017-09-22 14:14:16,931 [34] DEBUG LISTServer - 登录游戏成功,当前对象存在----------2017/9/22 14:14:16
2017-09-22 14:17:08,347 [13] DEBUG LISTServer - 登陆sssionID--------d649accd-eea0-4479-98a0-2936ab4b4ee5
2017-09-22 14:17:08,347 [13] DEBUG LISTServer - 登录游戏----------2017/9/22 14:17:08
2017-09-22 14:17:08,781 [13] DEBUG LISTServer - 登录用户openid:13cdd4e572743f204c3335c7376a4711|昵称:测试用户13c----------2017/9/22 14:17:08
2017-09-22 14:17:09,367 [13] DEBUG LISTServer - 登录游戏成功,当前对象存在----------2017/9/22 14:17:09
2017-09-22 14:17:44,376 [34] DEBUG LISTServer - 登陆sssionID--------c005c463-3965-4725-b91a-b441af9034bc
2017-09-22 14:17:44,376 [34] DEBUG LISTServer - 登录游戏----------2017/9/22 14:17:44
2017-09-22 14:17:44,600 [34] DEBUG LISTServer - 登录用户openid:ef2110d6b36f7eca009a60551ab3db1f|昵称:测试用户ef2----------2017/9/22 14:17:44
2017-09-22 14:17:45,155 [34] DEBUG LISTServer - 登录游戏成功,当前对象存在----------2017/9/22 14:17:45
2017-09-22 14:19:28,812 [13] DEBUG LISTServer - 登陆sssionID--------7c134fcf-bf21-49b2-aa5a-0064cd5d2e72
2017-09-22 14:19:28,813 [13] DEBUG LISTServer - 登录游戏----------2017/9/22 14:19:28
2017-09-22 14:19:29,314 [13] DEBUG LISTServer - 登录用户openid:17da9228849df8ed9400ca4e907dca8c776081ad|昵称:测试用户17d----------2017/9/22 14:19:29
2017-09-22 14:19:29,958 [13] DEBUG LISTServer - 登录游戏成功,当前对象存在----------2017/9/22 14:19:29
2017-09-22 14:20:45,191 [85] DEBUG LISTServer - 登陆sssionID--------552a8db4-a127-4f99-95c0-236fac053436
2017-09-22 14:20:45,191 [85] DEBUG LISTServer - 登录游戏----------2017/9/22 14:20:45
2017-09-22 14:20:45,540 [85] DEBUG LISTServer - 登录用户openid:89f5ef72e82d130fda1ec076c054b52d|昵称:测试用户89f----------2017/9/22 14:20:45
2017-09-22 14:20:46,148 [85] DEBUG LISTServer - 登录游戏成功,当前对象存在----------2017/9/22 14:20:46
2017-09-22 14:21:58,749 [34] DEBUG LISTServer - 登陆sssionID--------40f87d8d-7dd7-423e-b0f2-27bd5a304d46
2017-09-22 14:21:58,749 [34] DEBUG LISTServer - 登录游戏----------2017/9/22 14:21:58
2017-09-22 14:21:59,128 [34] DEBUG LISTServer - 登录用户openid:17da9228849df8ed9400ca4e907dca8c776081ad|昵称:测试用户17d----------2017/9/22 14:21:59
2017-09-22 14:21:59,769 [34] DEBUG LISTServer - 登录游戏成功,当前对象存在----------2017/9/22 14:21:59
2017-09-22 14:23:03,991 [85] DEBUG LISTServer - 登陆sssionID--------d65d7d53-bb70-44e5-b71b-abf4a856ed9c
2017-09-22 14:23:03,991 [85] DEBUG LISTServer - 登录游戏----------2017/9/22 14:23:03
2017-09-22 14:23:04,292 [85] DEBUG LISTServer - 登录用户openid:89f5ef72e82d130fda1ec076c054b52d|昵称:测试用户89f----------2017/9/22 14:23:04
2017-09-22 14:23:04,875 [85] DEBUG LISTServer - 登录游戏成功,当前对象存在----------2017/9/22 14:23:04
2017-09-22 14:23:36,047 [34] DEBUG LISTServer - 登陆sssionID--------d4269100-343a-4694-b2f5-56c272a59019
2017-09-22 14:23:36,047 [34] DEBUG LISTServer - 登录游戏----------2017/9/22 14:23:36
2017-09-22 14:23:36,271 [34] DEBUG LISTServer - 登录用户openid:17da9228849df8ed9400ca4e907dca8c776081ad|昵称:测试用户17d----------2017/9/22 14:23:36
2017-09-22 14:23:36,867 [34] DEBUG LISTServer - 登录游戏成功,当前对象存在----------2017/9/22 14:23:36
2017-09-22 14:24:50,204 [34] DEBUG LISTServer - 登陆sssionID--------42d30bdd-0d53-4a71-8a96-a367d7c55862
2017-09-22 14:24:50,204 [34] DEBUG LISTServer - 登录游戏----------2017/9/22 14:24:50
2017-09-22 14:24:50,849 [34] DEBUG LISTServer - 登录用户openid:17da9228849df8ed9400ca4e907dca8c776081ad|昵称:测试用户17d----------2017/9/22 14:24:50
2017-09-22 14:24:51,502 [34] DEBUG LISTServer - 登录游戏成功,当前对象存在----------2017/9/22 14:24:51
2017-09-22 14:26:36,480 [34] DEBUG LISTServer - 登陆sssionID--------eeae12f0-4301-48ec-8d54-afce4c66ad3f
2017-09-22 14:26:36,480 [34] DEBUG LISTServer - 登录游戏----------2017/9/22 14:26:36
2017-09-22 14:26:36,927 [34] DEBUG LISTServer - 登录用户openid:13cdd4e572743f204c3335c7376a4711|昵称:测试用户13c----------2017/9/22 14:26:36
2017-09-22 14:26:37,522 [34] DEBUG LISTServer - 登录游戏成功,当前对象存在----------2017/9/22 14:26:37
2017-09-22 14:28:39,402 [14] DEBUG LISTServer - 登陆sssionID--------03883072-b28f-40a5-b6a3-83b86df4d84e
2017-09-22 14:28:39,402 [14] DEBUG LISTServer - 登录游戏----------2017/9/22 14:28:39
2017-09-22 14:28:39,940 [14] DEBUG LISTServer - 登录用户openid:17da9228849df8ed9400ca4e907dca8c776081ad|昵称:测试用户17d----------2017/9/22 14:28:39
2017-09-22 14:28:40,537 [14] DEBUG LISTServer - 登录游戏成功,当前对象存在----------2017/9/22 14:28:40
2017-09-22 14:35:07,403 [34] DEBUG LISTServer - 登陆sssionID--------00c5dc3f-5483-40b5-932c-9ea111cad260
2017-09-22 14:35:07,403 [34] DEBUG LISTServer - 登录游戏----------2017/9/22 14:35:07
2017-09-22 14:35:08,086 [34] DEBUG LISTServer - 登录用户openid:17da9228849df8ed9400ca4e907dca8c776081ad|昵称:测试用户17d----------2017/9/22 14:35:08
2017-09-22 14:35:08,762 [34] DEBUG LISTServer - 登录游戏成功,当前对象存在----------2017/9/22 14:35:08
2017-09-22 14:35:13,104 [85] DEBUG LISTServer - 登陆sssionID--------1aa6972b-fe93-4577-90b6-5a36d692f377
2017-09-22 14:35:13,104 [85] DEBUG LISTServer - 登录游戏----------2017/9/22 14:35:13
2017-09-22 14:35:13,354 [85] DEBUG LISTServer - 登录用户openid:13cdd4e572743f204c3335c7376a4711|昵称:测试用户13c----------2017/9/22 14:35:13
2017-09-22 14:35:13,956 [85] DEBUG LISTServer - 登录游戏成功,当前对象存在----------2017/9/22 14:35:13
2017-09-22 14:36:08,401 [34] DEBUG LISTServer - 登陆sssionID--------3f1e6601-ae32-4552-91af-ee43a1794480
2017-09-22 14:36:08,401 [34] DEBUG LISTServer - 登录游戏----------2017/9/22 14:36:08
2017-09-22 14:36:08,705 [34] DEBUG LISTServer - 登录用户openid:17da9228849df8ed9400ca4e907dca8c776081ad|昵称:测试用户17d----------2017/9/22 14:36:08
2017-09-22 14:36:09,305 [34] DEBUG LISTServer - 登录游戏成功,当前对象存在----------2017/9/22 14:36:09
2017-09-22 14:37:50,839 [71] DEBUG LISTServer - 登陆sssionID--------37b5f17f-4992-4195-8869-25fa7f0483c2
2017-09-22 14:37:50,839 [71] DEBUG LISTServer - 登录游戏----------2017/9/22 14:37:50
2017-09-22 14:37:51,470 [71] DEBUG LISTServer - 登录用户openid:17da9228849df8ed9400ca4e907dca8c776081ad|昵称:测试用户17d----------2017/9/22 14:37:51
2017-09-22 14:37:52,062 [71] DEBUG LISTServer - 登录游戏成功,当前对象存在----------2017/9/22 14:37:52
2017-09-22 14:39:00,820 [34] DEBUG LISTServer - 登陆sssionID--------7a56d7af-7c40-44b8-a9b7-c703418ff404
2017-09-22 14:39:00,821 [34] DEBUG LISTServer - 登录游戏----------2017/9/22 14:39:00
2017-09-22 14:39:01,153 [34] DEBUG LISTServer - 登录用户openid:17da9228849df8ed9400ca4e907dca8c776081ad|昵称:测试用户17d----------2017/9/22 14:39:01
2017-09-22 14:39:01,686 [34] DEBUG LISTServer - 登录游戏成功,当前对象存在----------2017/9/22 14:39:01
2017-09-22 14:39:57,533 [34] DEBUG LISTServer - 登陆sssionID--------cadf728d-a6a9-4277-88fb-f75c7b6ab241
2017-09-22 14:39:57,533 [34] DEBUG LISTServer - 登录游戏----------2017/9/22 14:39:57
2017-09-22 14:39:57,931 [34] DEBUG LISTServer - 登录用户openid:13cdd4e572743f204c3335c7376a4711|昵称:测试用户13c----------2017/9/22 14:39:57
2017-09-22 14:39:58,554 [34] DEBUG LISTServer - 登录游戏成功,当前对象存在----------2017/9/22 14:39:58
2017-09-22 14:47:09,915 [85] DEBUG LISTServer - 登陆sssionID--------1f150188-128a-4367-ab29-17bfeec4aba6
2017-09-22 14:47:09,915 [85] DEBUG LISTServer - 登录游戏----------2017/9/22 14:47:09
2017-09-22 14:47:10,484 [85] DEBUG LISTServer - 登录用户openid:17da9228849df8ed9400ca4e907dca8c776081ad|昵称:测试用户17d----------2017/9/22 14:47:10
2017-09-22 14:47:11,139 [85] DEBUG LISTServer - 登录游戏成功,当前对象存在----------2017/9/22 14:47:11
2017-09-22 14:48:43,851 [34] DEBUG LISTServer - 登陆sssionID--------95107b6a-ab8a-460e-814c-c4be6ec7d463
2017-09-22 14:48:43,851 [34] DEBUG LISTServer - 登录游戏----------2017/9/22 14:48:43
2017-09-22 14:48:44,096 [34] DEBUG LISTServer - 登录用户openid:17da9228849df8ed9400ca4e907dca8c776081ad|昵称:测试用户17d----------2017/9/22 14:48:44
2017-09-22 14:48:44,720 [34] DEBUG LISTServer - 登录游戏成功,当前对象存在----------2017/9/22 14:48:44
2017-09-22 14:49:59,979 [34] DEBUG LISTServer - 登陆sssionID--------e9ede2c7-b749-4800-aa06-de9462fd2d84
2017-09-22 14:49:59,979 [34] DEBUG LISTServer - 登录游戏----------2017/9/22 14:49:59
2017-09-22 14:50:00,553 [34] DEBUG LISTServer - 登录用户openid:13cdd4e572743f204c3335c7376a4711|昵称:测试用户13c----------2017/9/22 14:50:00
2017-09-22 14:50:01,098 [34] DEBUG LISTServer - 登录游戏成功,当前对象存在----------2017/9/22 14:50:01
2017-09-22 14:53:39,015 [71] DEBUG LISTServer - 登陆sssionID--------0ffba28a-d552-4fd4-ab88-9ad7bba85b94
2017-09-22 14:53:39,015 [71] DEBUG LISTServer - 登录游戏----------2017/9/22 14:53:39
2017-09-22 14:53:39,610 [71] DEBUG LISTServer - 登录用户openid:17da9228849df8ed9400ca4e907dca8c776081ad|昵称:测试用户17d----------2017/9/22 14:53:39
2017-09-22 14:53:40,194 [71] DEBUG LISTServer - 登录游戏成功,当前对象存在----------2017/9/22 14:53:40
2017-09-22 14:53:41,026 [34] DEBUG LISTServer - 登陆sssionID--------c62f8fd0-f266-4eb8-a23d-fd4df1f03cd7
2017-09-22 14:53:41,026 [34] DEBUG LISTServer - 登录游戏----------2017/9/22 14:53:41
2017-09-22 14:53:41,186 [34] DEBUG LISTServer - 登录用户openid:13cdd4e572743f204c3335c7376a4711|昵称:测试用户13c----------2017/9/22 14:53:41
2017-09-22 14:53:41,825 [34] DEBUG LISTServer - 登录游戏成功,当前对象存在----------2017/9/22 14:53:41
2017-09-22 14:57:15,267 [71] DEBUG LISTServer - 登陆sssionID--------c2d7da8d-6f26-4901-85e6-97b9cb6966f0
2017-09-22 14:57:15,267 [71] DEBUG LISTServer - 登录游戏----------2017/9/22 14:57:15
2017-09-22 14:57:15,924 [71] DEBUG LISTServer - 登录用户openid:13cdd4e572743f204c3335c7376a4711|昵称:测试用户13c----------2017/9/22 14:57:15
2017-09-22 14:57:16,639 [71] DEBUG LISTServer - 登录游戏成功,当前对象存在----------2017/9/22 14:57:16
2017-09-22 14:58:01,143 [71] DEBUG LISTServer - 登陆sssionID--------546bfbcc-2d36-4560-85d6-aea0c3c85739
2017-09-22 14:58:01,143 [71] DEBUG LISTServer - 登录游戏----------2017/9/22 14:58:01
2017-09-22 14:58:01,425 [71] DEBUG LISTServer - 登录用户openid:17da9228849df8ed9400ca4e907dca8c776081ad|昵称:测试用户17d----------2017/9/22 14:58:01
2017-09-22 14:58:02,012 [71] DEBUG LISTServer - 登录游戏成功,当前对象存在----------2017/9/22 14:58:02
2017-09-22 14:58:57,711 [71] DEBUG LISTServer - 登陆sssionID--------76a261a7-49a6-47df-a120-dc84fb151a1a
2017-09-22 14:58:57,711 [71] DEBUG LISTServer - 登录游戏----------2017/9/22 14:58:57
2017-09-22 14:58:58,046 [71] DEBUG LISTServer - 登录用户openid:17da9228849df8ed9400ca4e907dca8c776081ad|昵称:测试用户17d----------2017/9/22 14:58:58
2017-09-22 14:58:58,676 [71] DEBUG LISTServer - 登录游戏成功,当前对象存在----------2017/9/22 14:58:58
2017-09-22 14:59:19,338 [34] DEBUG LISTServer - 登陆sssionID--------c13b3397-08db-47f9-8191-31da8fd651cc
2017-09-22 14:59:19,338 [34] DEBUG LISTServer - 登录游戏----------2017/9/22 14:59:19
2017-09-22 14:59:19,629 [34] DEBUG LISTServer - 登录用户openid:13cdd4e572743f204c3335c7376a4711|昵称:测试用户13c----------2017/9/22 14:59:19
2017-09-22 14:59:20,170 [34] DEBUG LISTServer - 登录游戏成功,当前对象存在----------2017/9/22 14:59:20
2017-09-22 14:59:43,228 [34] DEBUG LISTServer - 登陆sssionID--------63962f6f-f000-4c6f-8eb2-75aac857a91c
2017-09-22 14:59:43,228 [34] DEBUG LISTServer - 登录游戏----------2017/9/22 14:59:43
2017-09-22 14:59:43,509 [34] DEBUG LISTServer - 登录用户openid:17da9228849df8ed9400ca4e907dca8c776081ad|昵称:测试用户17d----------2017/9/22 14:59:43
2017-09-22 14:59:44,069 [34] DEBUG LISTServer - 登录游戏成功,当前对象存在----------2017/9/22 14:59:44
2017-09-22 15:01:08,169 [34] DEBUG LISTServer - 登陆sssionID--------56db5c8b-e623-4bb7-9d7e-611e7398229e
2017-09-22 15:01:08,169 [34] DEBUG LISTServer - 登录游戏----------2017/9/22 15:01:08
2017-09-22 15:01:08,648 [34] DEBUG LISTServer - 登录用户openid:17da9228849df8ed9400ca4e907dca8c776081ad|昵称:测试用户17d----------2017/9/22 15:01:08
2017-09-22 15:01:09,207 [34] DEBUG LISTServer - 登录游戏成功,当前对象存在----------2017/9/22 15:01:09
2017-09-22 15:02:16,626 [14] DEBUG LISTServer - 登陆sssionID--------c518e135-db70-40cf-8c9d-2f98aea17669
2017-09-22 15:02:16,626 [14] DEBUG LISTServer - 登录游戏----------2017/9/22 15:02:16
2017-09-22 15:02:17,016 [14] DEBUG LISTServer - 登录用户openid:17da9228849df8ed9400ca4e907dca8c776081ad|昵称:测试用户17d----------2017/9/22 15:02:17
2017-09-22 15:02:17,561 [14] DEBUG LISTServer - 登录游戏成功,当前对象存在----------2017/9/22 15:02:17
2017-09-22 15:03:18,398 [71] DEBUG LISTServer - 登陆sssionID--------53ece2b8-81d6-40c3-8b6d-23e0a12fcbc6
2017-09-22 15:03:18,398 [71] DEBUG LISTServer - 登录游戏----------2017/9/22 15:03:18
2017-09-22 15:03:20,587 [71] DEBUG LISTServer - 登录用户openid:13cdd4e572743f204c3335c7376a4711|昵称:测试用户13c----------2017/9/22 15:03:20
2017-09-22 15:03:21,220 [71] DEBUG LISTServer - 登录游戏成功,当前对象存在----------2017/9/22 15:03:21
2017-09-22 15:04:24,500 [34] DEBUG LISTServer - 登陆sssionID--------53236508-2e81-4186-9e6b-8a0d28d8f174
2017-09-22 15:04:24,500 [34] DEBUG LISTServer - 登录游戏----------2017/9/22 15:04:24
2017-09-22 15:04:25,190 [34] DEBUG LISTServer - 登录用户openid:13cdd4e572743f204c3335c7376a4711|昵称:测试用户13c----------2017/9/22 15:04:25
2017-09-22 15:04:25,748 [34] DEBUG LISTServer - 登录游戏成功,当前对象存在----------2017/9/22 15:04:25
2017-09-22 15:18:53,257 [86] DEBUG LISTServer - 登陆sssionID--------32b5d1d5-201e-45fc-ad08-f57235fc5f14
2017-09-22 15:18:53,257 [86] DEBUG LISTServer - 登录游戏----------2017/9/22 15:18:53
2017-09-22 15:18:54,341 [86] DEBUG LISTServer - 登录用户openid:sffsf|昵称:测试用户sff----------2017/9/22 15:18:54
2017-09-22 15:18:55,086 [86] DEBUG LISTServer - 登录游戏成功----------2017/9/22 15:18:55
2017-09-22 15:19:14,031 [34] DEBUG LISTServer - 登陆sssionID--------fa351d46-59dc-42e9-a8ea-c19d217c0bc8
2017-09-22 15:19:14,031 [34] DEBUG LISTServer - 登录游戏----------2017/9/22 15:19:14
2017-09-22 15:19:14,474 [34] DEBUG LISTServer - 登录用户openid:sss|昵称:测试用户sss----------2017/9/22 15:19:14
2017-09-22 15:19:15,045 [34] DEBUG LISTServer - 登录游戏成功----------2017/9/22 15:19:15
2017-09-22 15:23:09,387 [71] DEBUG LISTServer - 登陆sssionID--------43db6a1c-5708-4fff-8871-0f9cd65eca1b
2017-09-22 15:23:09,387 [71] DEBUG LISTServer - 登录游戏----------2017/9/22 15:23:09
2017-09-22 15:23:09,919 [71] DEBUG LISTServer - 登录用户openid:sffsf|昵称:测试用户sff----------2017/9/22 15:23:09
2017-09-22 15:23:10,610 [71] DEBUG LISTServer - 登录游戏成功,当前对象存在----------2017/9/22 15:23:10
2017-09-22 15:23:33,624 [34] DEBUG LISTServer - 登陆sssionID--------1d851603-f612-4ea9-b096-3f36eeb9fb78
2017-09-22 15:23:33,624 [34] DEBUG LISTServer - 登录游戏----------2017/9/22 15:23:33
2017-09-22 15:23:33,797 [34] DEBUG LISTServer - 登录用户openid:sss|昵称:测试用户sss----------2017/9/22 15:23:33
2017-09-22 15:23:34,506 [34] DEBUG LISTServer - 登录游戏成功,当前对象存在----------2017/9/22 15:23:34
2017-09-22 15:24:01,446 [85] DEBUG LISTServer - 登陆sssionID--------bbe197ae-8ff8-4685-88ac-bf711a075bdd
2017-09-22 15:24:01,446 [85] DEBUG LISTServer - 登录游戏----------2017/9/22 15:24:01
2017-09-22 15:24:01,611 [85] DEBUG LISTServer - 登录用户openid:sffsf|昵称:测试用户sff----------2017/9/22 15:24:01
2017-09-22 15:24:02,158 [85] DEBUG LISTServer - 登录游戏成功,当前对象存在----------2017/9/22 15:24:02
2017-09-22 15:24:13,258 [71] DEBUG LISTServer - 登陆sssionID--------92b0abe8-3fb1-4ef9-9174-e683e7fac531
2017-09-22 15:24:13,258 [71] DEBUG LISTServer - 登录游戏----------2017/9/22 15:24:13
2017-09-22 15:24:13,427 [71] DEBUG LISTServer - 登录用户openid:sss|昵称:测试用户sss----------2017/9/22 15:24:13
2017-09-22 15:24:13,967 [71] DEBUG LISTServer - 登录游戏成功,当前对象存在----------2017/9/22 15:24:13
2017-09-22 15:26:13,196 [71] DEBUG LISTServer - 登陆sssionID--------99c3931a-60a1-427d-b7d8-f0fc8525a830
2017-09-22 15:26:13,196 [71] DEBUG LISTServer - 登录游戏----------2017/9/22 15:26:13
2017-09-22 15:26:13,726 [71] DEBUG LISTServer - 登录用户openid:sffsf|昵称:测试用户sff----------2017/9/22 15:26:13
2017-09-22 15:26:14,356 [71] DEBUG LISTServer - 登录游戏成功,当前对象存在----------2017/9/22 15:26:14
2017-09-22 15:27:23,816 [71] DEBUG LISTServer - 登陆sssionID--------74d70943-1681-4ff6-9d9a-e11b5b0d6675
2017-09-22 15:27:23,816 [71] DEBUG LISTServer - 登录游戏----------2017/9/22 15:27:23
2017-09-22 15:27:24,227 [71] DEBUG LISTServer - 登录用户openid:sffsf|昵称:测试用户sff----------2017/9/22 15:27:24
2017-09-22 15:27:24,823 [71] DEBUG LISTServer - 登录游戏成功,当前对象存在----------2017/9/22 15:27:24
2017-09-22 15:34:49,611 [85] DEBUG LISTServer - 登陆sssionID--------488aa666-d6de-44c8-a0cb-d2f5ca54d412
2017-09-22 15:34:49,611 [85] DEBUG LISTServer - 登录游戏----------2017/9/22 15:34:49
2017-09-22 15:34:50,190 [85] DEBUG LISTServer - 登录用户openid:sffsf|昵称:测试用户sff----------2017/9/22 15:34:50
2017-09-22 15:34:50,830 [85] DEBUG LISTServer - 登录游戏成功,当前对象存在----------2017/9/22 15:34:50
2017-09-22 15:37:55,714 [71] DEBUG LISTServer - 登陆sssionID--------445385b3-17b5-4105-8d86-41a00bac84d9
2017-09-22 15:37:55,714 [71] DEBUG LISTServer - 登录游戏----------2017/9/22 15:37:55
2017-09-22 15:37:56,300 [71] DEBUG LISTServer - 登录用户openid:sffsf|昵称:测试用户sff----------2017/9/22 15:37:56
2017-09-22 15:37:57,376 [71] DEBUG LISTServer - 登录游戏成功,当前对象存在----------2017/9/22 15:37:57
2017-09-22 15:38:40,876 [34] DEBUG LISTServer - 登陆sssionID--------7de7e5a4-d8ea-439f-baa7-ec240dd6b936
2017-09-22 15:38:40,877 [34] DEBUG LISTServer - 登录游戏----------2017/9/22 15:38:40
2017-09-22 15:38:41,096 [34] DEBUG LISTServer - 登录用户openid:13cdd4e572743f204c3335c7376a4711|昵称:测试用户13c----------2017/9/22 15:38:41
2017-09-22 15:38:41,885 [34] DEBUG LISTServer - 登录游戏成功,当前对象存在----------2017/9/22 15:38:41
2017-09-22 15:39:10,664 [71] DEBUG LISTServer - 登陆sssionID--------0ebc005f-6f37-43db-9a70-233290e87935
2017-09-22 15:39:10,664 [71] DEBUG LISTServer - 登录游戏----------2017/9/22 15:39:10
2017-09-22 15:39:10,884 [71] DEBUG LISTServer - 登录用户openid:13cdd4e572743f204c3335c7376a4711|昵称:测试用户13c----------2017/9/22 15:39:10
2017-09-22 15:39:11,518 [71] DEBUG LISTServer - 登录游戏成功,当前对象存在----------2017/9/22 15:39:11
2017-09-22 15:49:47,614 [85] DEBUG LISTServer - 登陆sssionID--------aa7a4943-6ad7-4ecc-b4ea-84b8318cd566
2017-09-22 15:49:47,614 [85] DEBUG LISTServer - 登录游戏----------2017/9/22 15:49:47
2017-09-22 15:49:48,038 [85] DEBUG LISTServer - 登录用户openid:9697486827159f30f5cab73bbab97a1b56966c2a|昵称:测试用户969----------2017/9/22 15:49:48
2017-09-22 15:49:48,694 [85] DEBUG LISTServer - 登录游戏成功----------2017/9/22 15:49:48
2017-09-22 15:51:27,123 [85] DEBUG LISTServer - 登陆sssionID--------3f23df15-6390-4e2d-a780-9b21b9434925
2017-09-22 15:51:27,123 [85] DEBUG LISTServer - 登录游戏----------2017/9/22 15:51:27
2017-09-22 15:51:27,442 [85] DEBUG LISTServer - 登录用户openid:9697486827159f30f5cab73bbab97a1b56966c2a|昵称:测试用户969----------2017/9/22 15:51:27
2017-09-22 15:51:27,960 [85] DEBUG LISTServer - 登录游戏成功,当前对象存在----------2017/9/22 15:51:27
2017-09-22 15:55:41,529 [71] DEBUG LISTServer - 登陆sssionID--------ae4ed67e-5676-4cb7-892d-dcf1b5c46a1b
2017-09-22 15:55:41,529 [71] DEBUG LISTServer - 登录游戏----------2017/9/22 15:55:41
2017-09-22 15:55:41,972 [71] DEBUG LISTServer - 登录用户openid:9697486827159f30f5cab73bbab97a1b56966c2a|昵称:测试用户969----------2017/9/22 15:55:41
2017-09-22 15:55:42,554 [71] DEBUG LISTServer - 登录游戏成功,当前对象存在----------2017/9/22 15:55:42
2017-09-22 15:58:32,698 [61] DEBUG LISTServer - 登陆sssionID--------7a35414a-71b1-455e-84d9-c995b6cd8bcb
2017-09-22 15:58:32,698 [61] DEBUG LISTServer - 登录游戏----------2017/9/22 15:58:32
2017-09-22 15:58:33,284 [61] DEBUG LISTServer - 登录用户openid:sffsf|昵称:测试用户sff----------2017/9/22 15:58:33
2017-09-22 15:58:33,898 [61] DEBUG LISTServer - 登录游戏成功,当前对象存在----------2017/9/22 15:58:33
2017-09-22 15:59:28,018 [71] DEBUG LISTServer - 登陆sssionID--------1f5daa30-347f-4824-bc9c-285e23698640
2017-09-22 15:59:28,018 [71] DEBUG LISTServer - 登录游戏----------2017/9/22 15:59:28
2017-09-22 15:59:28,299 [71] DEBUG LISTServer - 登录用户openid:9697486827159f30f5cab73bbab97a1b56966c2a|昵称:测试用户969----------2017/9/22 15:59:28
2017-09-22 15:59:28,891 [71] DEBUG LISTServer - 登录游戏成功,当前对象存在----------2017/9/22 15:59:28
2017-09-22 16:01:43,957 [71] DEBUG LISTServer - 登陆sssionID--------35655f78-76eb-4177-97a4-fe021cadd273
2017-09-22 16:01:43,957 [71] DEBUG LISTServer - 登录游戏----------2017/9/22 16:01:43
2017-09-22 16:01:44,442 [71] DEBUG LISTServer - 登录用户openid:ef2110d6b36f7eca009a60551ab3db1f|昵称:测试用户ef2----------2017/9/22 16:01:44
2017-09-22 16:01:44,976 [71] DEBUG LISTServer - 登录游戏成功,当前对象存在----------2017/9/22 16:01:44
2017-09-22 16:02:56,142 [71] DEBUG LISTServer - 登陆sssionID--------4b10bb19-fd98-40b7-bb7e-0718e867dd87
2017-09-22 16:02:56,142 [71] DEBUG LISTServer - 登录游戏----------2017/9/22 16:02:56
2017-09-22 16:02:56,469 [71] DEBUG LISTServer - 登录用户openid:13cdd4e572743f204c3335c7376a4711|昵称:测试用户13c----------2017/9/22 16:02:56
2017-09-22 16:02:57,197 [71] DEBUG LISTServer - 登录游戏成功,当前对象存在----------2017/9/22 16:02:57
2017-09-22 16:03:21,603 [34] DEBUG LISTServer - 登陆sssionID--------1bf7ec49-9f1b-467f-bc6f-5079c2b1c1cc
2017-09-22 16:03:21,603 [34] DEBUG LISTServer - 登录游戏----------2017/9/22 16:03:21
2017-09-22 16:03:21,830 [34] DEBUG LISTServer - 登录用户openid:sffsf|昵称:测试用户sff----------2017/9/22 16:03:21
2017-09-22 16:03:22,378 [34] DEBUG LISTServer - 登录游戏成功,当前对象存在----------2017/9/22 16:03:22
2017-09-22 16:04:50,358 [61] DEBUG LISTServer - 登陆sssionID--------9c5a46f3-2b3d-4d27-bb56-c542298bbcb1
2017-09-22 16:04:50,358 [61] DEBUG LISTServer - 登录游戏----------2017/9/22 16:04:50
2017-09-22 16:05:21,824 [71] DEBUG LISTServer - 登陆sssionID--------a97c18ed-f221-4230-97fb-7b8fe47e9f80
2017-09-22 16:05:21,824 [71] DEBUG LISTServer - 登录游戏----------2017/9/22 16:05:21
2017-09-22 16:05:22,236 [71] DEBUG LISTServer - 登录用户openid:sffsf|昵称:测试用户sff----------2017/9/22 16:05:22
2017-09-22 16:05:22,810 [71] DEBUG LISTServer - 登录游戏成功,当前对象存在----------2017/9/22 16:05:22
2017-09-22 16:10:23,889 [61] DEBUG LISTServer - 登陆sssionID--------f9ffbeb9-cf57-47da-9313-7a9411957b1b
2017-09-22 16:10:23,889 [61] DEBUG LISTServer - 登录游戏----------2017/9/22 16:10:23
2017-09-22 16:10:24,444 [61] DEBUG LISTServer - 登录用户openid:sffsf|昵称:测试用户sff----------2017/9/22 16:10:24
2017-09-22 16:10:25,289 [61] DEBUG LISTServer - 登录游戏成功,当前对象存在----------2017/9/22 16:10:25
2017-09-22 16:11:23,961 [61] DEBUG LISTServer - 登陆sssionID--------332704c9-04ca-4bc5-9a12-1dfdfe70332d
2017-09-22 16:11:23,961 [61] DEBUG LISTServer - 登录游戏----------2017/9/22 16:11:23
2017-09-22 16:11:24,191 [61] DEBUG LISTServer - 登录用户openid:9697486827159f30f5cab73bbab97a1b56966c2a|昵称:测试用户969----------2017/9/22 16:11:24
2017-09-22 16:11:24,984 [61] DEBUG LISTServer - 登录游戏成功,当前对象存在----------2017/9/22 16:11:24
2017-09-22 16:12:03,285 [61] DEBUG LISTServer - 登陆sssionID--------c5c8c7e1-f6a0-471d-877c-f872e975c31b
2017-09-22 16:12:03,285 [61] DEBUG LISTServer - 登录游戏----------2017/9/22 16:12:03
2017-09-22 16:12:03,503 [61] DEBUG LISTServer - 登录用户openid:sffsf|昵称:测试用户sff----------2017/9/22 16:12:03
2017-09-22 16:12:04,259 [61] DEBUG LISTServer - 登录游戏成功,当前对象存在----------2017/9/22 16:12:04
2017-09-22 16:12:35,429 [71] DEBUG LISTServer - 登陆sssionID--------534859fd-85fd-4b8f-9d44-9fede99cca3c
2017-09-22 16:12:35,429 [71] DEBUG LISTServer - 登录游戏----------2017/9/22 16:12:35
2017-09-22 16:12:35,568 [71] DEBUG LISTServer - 登录用户openid:9697486827159f30f5cab73bbab97a1b56966c2a|昵称:测试用户969----------2017/9/22 16:12:35
2017-09-22 16:12:36,213 [71] DEBUG LISTServer - 登录游戏成功,当前对象存在----------2017/9/22 16:12:36
2017-09-22 16:14:39,686 [61] DEBUG LISTServer - 登陆sssionID--------19911895-69d3-411a-acc5-d0abc31ace4d
2017-09-22 16:14:39,686 [61] DEBUG LISTServer - 登录游戏----------2017/9/22 16:14:39
2017-09-22 16:14:40,034 [61] DEBUG LISTServer - 登录用户openid:9697486827159f30f5cab73bbab97a1b56966c2a|昵称:测试用户969----------2017/9/22 16:14:40
2017-09-22 16:14:40,556 [61] DEBUG LISTServer - 登录游戏成功,当前对象存在----------2017/9/22 16:14:40
2017-09-22 16:15:16,060 [86] DEBUG LISTServer - 登陆sssionID--------d3cb276e-bf40-489f-99c6-11a38285d1c7
2017-09-22 16:15:16,060 [86] DEBUG LISTServer - 登录游戏----------2017/9/22 16:15:16
2017-09-22 16:15:16,209 [86] DEBUG LISTServer - 登录用户openid:9697486827159f30f5cab73bbab97a1b56966c2a|昵称:测试用户969----------2017/9/22 16:15:16
2017-09-22 16:15:16,734 [86] DEBUG LISTServer - 登录游戏成功,当前对象存在----------2017/9/22 16:15:16
2017-09-22 16:18:47,769 [86] DEBUG LISTServer - 登陆sssionID--------185d044e-ebc9-403e-9625-32b43632bcdd
2017-09-22 16:18:47,769 [86] DEBUG LISTServer - 登录游戏----------2017/9/22 16:18:47
2017-09-22 16:18:48,105 [86] DEBUG LISTServer - 登录用户openid:9697486827159f30f5cab73bbab97a1b56966c2a|昵称:测试用户969----------2017/9/22 16:18:48
2017-09-22 16:18:48,837 [86] DEBUG LISTServer - 登录游戏成功,当前对象存在----------2017/9/22 16:18:48
2017-09-22 16:20:54,868 [34] DEBUG LISTServer - 登陆sssionID--------e898b5d7-42bd-4f39-9553-1eb454d989c4
2017-09-22 16:20:54,868 [34] DEBUG LISTServer - 登录游戏----------2017/9/22 16:20:54
2017-09-22 16:20:55,278 [34] DEBUG LISTServer - 登录用户openid:弗拉基米尔|昵称:测试用户弗拉基----------2017/9/22 16:20:55
2017-09-22 16:20:56,163 [34] DEBUG LISTServer - 登录游戏成功,当前对象存在----------2017/9/22 16:20:56
2017-09-22 16:22:02,353 [86] DEBUG LISTServer - 登陆sssionID--------5b4386c6-d6c4-4705-a387-6f86bcc1b4b1
2017-09-22 16:22:02,353 [86] DEBUG LISTServer - 登录游戏----------2017/9/22 16:22:02
2017-09-22 16:22:02,623 [86] DEBUG LISTServer - 登录用户openid:9697486827159f30f5cab73bbab97a1b56966c2a|昵称:测试用户969----------2017/9/22 16:22:02
2017-09-22 16:22:03,175 [86] DEBUG LISTServer - 登录游戏成功,当前对象存在----------2017/9/22 16:22:03
2017-09-22 16:23:43,880 [71] DEBUG LISTServer - 登陆sssionID--------ca491290-beb6-45e1-94e6-5e331eae868b
2017-09-22 16:23:43,880 [71] DEBUG LISTServer - 登录游戏----------2017/9/22 16:23:43
2017-09-22 16:23:44,310 [71] DEBUG LISTServer - 登录用户openid:9697486827159f30f5cab73bbab97a1b56966c2a|昵称:测试用户969----------2017/9/22 16:23:44
2017-09-22 16:23:47,991 [71] DEBUG LISTServer - 登录游戏成功,当前对象存在----------2017/9/22 16:23:47
2017-09-22 16:23:48,055 [34] DEBUG LISTServer - 登陆sssionID--------fa313dff-3e86-4903-a3b2-068b9772d174
2017-09-22 16:23:48,055 [34] DEBUG LISTServer - 登录游戏----------2017/9/22 16:23:48
2017-09-22 16:23:48,366 [34] DEBUG LISTServer - 登录用户openid:ef2110d6b36f7eca009a60551ab3db1f|昵称:测试用户ef2----------2017/9/22 16:23:48
2017-09-22 16:23:49,065 [34] DEBUG LISTServer - 登录游戏成功,当前对象存在----------2017/9/22 16:23:49
2017-09-22 16:24:41,629 [86] DEBUG LISTServer - 登陆sssionID--------981da1e6-167a-488e-b6dd-90c3ef4b4f90
2017-09-22 16:24:41,629 [86] DEBUG LISTServer - 登录游戏----------2017/9/22 16:24:41
2017-09-22 16:24:41,774 [86] DEBUG LISTServer - 登录用户openid:9697486827159f30f5cab73bbab97a1b56966c2a|昵称:测试用户969----------2017/9/22 16:24:41
2017-09-22 16:24:42,316 [86] DEBUG LISTServer - 登录游戏成功,当前对象存在----------2017/9/22 16:24:42
2017-09-22 16:25:03,565 [61] DEBUG LISTServer - 登陆sssionID--------d9717d47-3766-41b0-b41b-4e9919ea904f
2017-09-22 16:25:03,565 [61] DEBUG LISTServer - 登录游戏----------2017/9/22 16:25:03
2017-09-22 16:25:03,810 [61] DEBUG LISTServer - 登录用户openid:sffsf|昵称:测试用户sff----------2017/9/22 16:25:03
2017-09-22 16:25:04,544 [61] DEBUG LISTServer - 登录游戏成功,当前对象存在----------2017/9/22 16:25:04
2017-09-22 16:25:27,493 [71] DEBUG LISTServer - 登陆sssionID--------17856c8a-a374-48c0-bb69-dcfbaaaaed96
2017-09-22 16:25:27,493 [71] DEBUG LISTServer - 登录游戏----------2017/9/22 16:25:27
2017-09-22 16:25:27,675 [71] DEBUG LISTServer - 登录用户openid:13cdd4e572743f204c3335c7376a4711|昵称:测试用户13c----------2017/9/22 16:25:27
2017-09-22 16:25:28,496 [71] DEBUG LISTServer - 登录游戏成功,当前对象存在----------2017/9/22 16:25:28
2017-09-22 16:32:11,361 [34] DEBUG LISTServer - 登陆sssionID--------d77ebe07-10f0-4c7e-8545-3ffe18e0ed99
2017-09-22 16:32:11,361 [34] DEBUG LISTServer - 登录游戏----------2017/9/22 16:32:11
2017-09-22 16:32:11,753 [34] DEBUG LISTServer - 登录用户openid:9697486827159f30f5cab73bbab97a1b56966c2a|昵称:测试用户969----------2017/9/22 16:32:11
2017-09-22 16:32:12,989 [34] DEBUG LISTServer - 登录游戏成功,当前对象存在----------2017/9/22 16:32:12
2017-09-22 16:32:28,581 [86] DEBUG LISTServer - 登陆sssionID--------5a618243-e250-4482-85de-5d3bdbf48860
2017-09-22 16:32:28,581 [86] DEBUG LISTServer - 登录游戏----------2017/9/22 16:32:28
2017-09-22 16:32:28,901 [86] DEBUG LISTServer - 登录用户openid:ef2110d6b36f7eca009a60551ab3db1f|昵称:测试用户ef2----------2017/9/22 16:32:28
2017-09-22 16:32:29,550 [86] DEBUG LISTServer - 登录游戏成功,当前对象存在----------2017/9/22 16:32:29
2017-09-22 16:34:48,398 [71] DEBUG LISTServer - 登陆sssionID--------2b58495f-b362-4c48-950a-771087402e60
2017-09-22 16:34:48,398 [71] DEBUG LISTServer - 登录游戏----------2017/9/22 16:34:48
2017-09-22 16:34:48,761 [71] DEBUG LISTServer - 登录用户openid:9697486827159f30f5cab73bbab97a1b56966c2a|昵称:测试用户969----------2017/9/22 16:34:48
2017-09-22 16:34:49,521 [71] DEBUG LISTServer - 登录游戏成功,当前对象存在----------2017/9/22 16:34:49
2017-09-22 16:36:49,670 [86] DEBUG LISTServer - 登陆sssionID--------0568afaf-7d68-4639-b4e1-61b36eadf677
2017-09-22 16:36:49,670 [86] DEBUG LISTServer - 登录游戏----------2017/9/22 16:36:49
2017-09-22 16:36:50,018 [86] DEBUG LISTServer - 登录用户openid:9697486827159f30f5cab73bbab97a1b56966c2a|昵称:测试用户969----------2017/9/22 16:36:50
2017-09-22 16:36:50,679 [86] DEBUG LISTServer - 登录游戏成功,当前对象存在----------2017/9/22 16:36:50
2017-09-22 16:39:17,545 [34] DEBUG LISTServer - 登陆sssionID--------ee6b51f2-6aa0-4d30-b5de-98346ac1e131
2017-09-22 16:39:17,546 [34] DEBUG LISTServer - 登录游戏----------2017/9/22 16:39:17
2017-09-22 16:39:18,048 [34] DEBUG LISTServer - 登录用户openid:sffsf|昵称:测试用户sff----------2017/9/22 16:39:18
2017-09-22 16:39:19,117 [34] DEBUG LISTServer - 登录游戏成功,当前对象存在----------2017/9/22 16:39:19
2017-09-22 16:39:46,673 [61] DEBUG LISTServer - 登陆sssionID--------ae0bc6c4-9973-4ede-8715-a5a50bf305ac
2017-09-22 16:39:46,673 [61] DEBUG LISTServer - 登录游戏----------2017/9/22 16:39:46
2017-09-22 16:39:46,867 [61] DEBUG LISTServer - 登录用户openid:sss|昵称:测试用户sss----------2017/9/22 16:39:46
2017-09-22 16:39:47,738 [61] DEBUG LISTServer - 登录游戏成功,当前对象存在----------2017/9/22 16:39:47
2017-09-22 16:40:16,094 [61] DEBUG LISTServer - 登陆sssionID--------c243b8bb-94e9-4573-9b6f-780b0d05bb61
2017-09-22 16:40:16,094 [61] DEBUG LISTServer - 登录游戏----------2017/9/22 16:40:16
2017-09-22 16:40:16,308 [61] DEBUG LISTServer - 登录用户openid:13cdd4e572743f204c3335c7376a4711|昵称:测试用户13c----------2017/9/22 16:40:16
2017-09-22 16:40:16,834 [61] DEBUG LISTServer - 登录游戏成功,当前对象存在----------2017/9/22 16:40:16
2017-09-22 16:40:49,544 [61] DEBUG LISTServer - 登陆sssionID--------50cd2f0d-5482-43f7-b606-858b7780ddd9
2017-09-22 16:40:49,544 [61] DEBUG LISTServer - 登录游戏----------2017/9/22 16:40:49
2017-09-22 16:40:49,740 [61] DEBUG LISTServer - 登录用户openid:sffsf|昵称:测试用户sff----------2017/9/22 16:40:49
2017-09-22 16:40:50,450 [61] DEBUG LISTServer - 登录游戏成功,当前对象存在----------2017/9/22 16:40:50
2017-09-22 16:42:00,433 [86] DEBUG LISTServer - 登陆sssionID--------8bb6432a-7e16-4962-843b-6d460269e08f
2017-09-22 16:42:00,433 [86] DEBUG LISTServer - 登录游戏----------2017/9/22 16:42:00
2017-09-22 16:42:00,898 [86] DEBUG LISTServer - 登录用户openid:9697486827159f30f5cab73bbab97a1b56966c2a|昵称:测试用户969----------2017/9/22 16:42:00
2017-09-22 16:42:01,446 [86] DEBUG LISTServer - 登录游戏成功,当前对象存在----------2017/9/22 16:42:01
2017-09-22 16:43:49,967 [86] DEBUG LISTServer - 登陆sssionID--------62c03041-5542-464d-a6c5-da112bf7dcf6
2017-09-22 16:43:49,967 [86] DEBUG LISTServer - 登录游戏----------2017/9/22 16:43:49
2017-09-22 16:43:50,360 [86] DEBUG LISTServer - 登录用户openid:9697486827159f30f5cab73bbab97a1b56966c2a|昵称:测试用户969----------2017/9/22 16:43:50
2017-09-22 16:43:50,945 [86] DEBUG LISTServer - 登录游戏成功,当前对象存在----------2017/9/22 16:43:50
2017-09-22 16:44:20,011 [71] DEBUG LISTServer - 登陆sssionID--------3f0e34f5-0320-4c50-9f75-91bb031f5982
2017-09-22 16:44:20,011 [71] DEBUG LISTServer - 登录游戏----------2017/9/22 16:44:20
2017-09-22 16:44:20,349 [71] DEBUG LISTServer - 登录用户openid:13cdd4e572743f204c3335c7376a4711|昵称:测试用户13c----------2017/9/22 16:44:20
2017-09-22 16:44:20,926 [71] DEBUG LISTServer - 登录游戏成功,当前对象存在----------2017/9/22 16:44:20
2017-09-22 16:44:29,579 [86] DEBUG LISTServer - 登陆sssionID--------49dd59f9-18aa-4119-b6d4-05db14986119
2017-09-22 16:44:29,579 [86] DEBUG LISTServer - 登录游戏----------2017/9/22 16:44:29
2017-09-22 16:44:29,763 [86] DEBUG LISTServer - 登录用户openid:sffsf|昵称:测试用户sff----------2017/9/22 16:44:29
2017-09-22 16:44:30,542 [86] DEBUG LISTServer - 登录游戏成功,当前对象存在----------2017/9/22 16:44:30
2017-09-22 16:44:47,053 [34] DEBUG LISTServer - 登陆sssionID--------45292614-3545-4a11-823b-68e98f9adec7
2017-09-22 16:44:47,053 [34] DEBUG LISTServer - 登录游戏----------2017/9/22 16:44:47
2017-09-22 16:44:47,200 [34] DEBUG LISTServer - 登录用户openid:9697486827159f30f5cab73bbab97a1b56966c2a|昵称:测试用户969----------2017/9/22 16:44:47
2017-09-22 16:44:48,031 [34] DEBUG LISTServer - 登录游戏成功,当前对象存在----------2017/9/22 16:44:48
2017-09-22 16:47:09,881 [34] DEBUG LISTServer - 登陆sssionID--------a1b0570e-abb1-457b-96eb-e3395ea501bd
2017-09-22 16:47:09,881 [34] DEBUG LISTServer - 登录游戏----------2017/9/22 16:47:09
2017-09-22 16:47:10,223 [34] DEBUG LISTServer - 登录用户openid:9697486827159f30f5cab73bbab97a1b56966c2a|昵称:测试用户969----------2017/9/22 16:47:10
2017-09-22 16:47:10,835 [34] DEBUG LISTServer - 登录游戏成功,当前对象存在----------2017/9/22 16:47:10
2017-09-22 16:47:29,074 [1] DEBUG DefaultBootstrap - The server instance LISTServer has been created!
2017-09-22 16:47:29,171 [1] DEBUG LISTServer - The command 11020(ListBLL.Logic.GameOperation) has been discovered
2017-09-22 16:47:29,171 [1] DEBUG LISTServer - The command 10001(ListBLL.Logic.Heartbeat) has been discovered
2017-09-22 16:47:29,171 [1] DEBUG LISTServer - The command 11001(ListBLL.Logic.Login) has been discovered
2017-09-22 16:47:29,171 [1] DEBUG LISTServer - The command 19003(ListBLL.Logic.UserGamePlaybackLogic) has been discovered
2017-09-22 16:47:29,171 [1] DEBUG LISTServer - The command 19001(ListBLL.Logic.UserRecordLogic) has been discovered
2017-09-22 16:47:29,182 [1] DEBUG DefaultBootstrap - The server instance LISTServer has been initialized!
2017-09-22 16:47:30,137 [1] DEBUG DefaultBootstrap - The PerformanceMonitor has been initialized!
2017-09-22 16:47:30,137 [1] DEBUG DefaultBootstrap - The Bootstrap has been initialized!
2017-09-22 16:47:30,148 [1] DEBUG LISTServer - Listener (0.0.0.0:2018) was started
2017-09-22 16:47:30,151 [1] DEBUG DefaultBootstrap - The PerformanceMonitor has been started!
2017-09-22 16:48:10,847 [13] DEBUG LISTServer - 登陆sssionID--------510a4732-b256-4980-b876-20df8717c759
2017-09-22 16:48:10,847 [13] DEBUG LISTServer - 登录游戏----------2017/9/22 16:48:10
2017-09-22 16:48:22,777 [13] DEBUG LISTServer - 登录用户openid:9697486827159f30f5cab73bbab97a1b56966c2a|昵称:测试用户969----------2017/9/22 16:48:22
2017-09-22 16:48:24,432 [13] DEBUG LISTServer - 登录游戏成功----------2017/9/22 16:48:24
2017-09-22 16:50:26,557 [30] DEBUG LISTServer - 登陆sssionID--------b5e6bfec-1fab-46ae-b56f-1c173950e86b
2017-09-22 16:50:26,557 [30] DEBUG LISTServer - 登录游戏----------2017/9/22 16:50:26
2017-09-22 16:50:28,856 [30] DEBUG LISTServer - 登录用户openid:9697486827159f30f5cab73bbab97a1b56966c2a|昵称:测试用户969----------2017/9/22 16:50:28
2017-09-22 16:50:29,666 [30] DEBUG LISTServer - 登录游戏成功,当前对象存在----------2017/9/22 16:50:29
2017-09-22 16:52:05,744 [11] DEBUG LISTServer - 登陆sssionID--------cc8be17d-f87e-4be2-bd00-cd800be43b05
2017-09-22 16:52:05,744 [11] DEBUG LISTServer - 登录游戏----------2017/9/22 16:52:05
2017-09-22 16:52:10,161 [11] DEBUG LISTServer - 登录用户openid:弗拉基米尔|昵称:测试用户弗拉基----------2017/9/22 16:52:10
2017-09-22 16:52:10,789 [11] DEBUG LISTServer - 登录游戏成功----------2017/9/22 16:52:10
2017-09-22 16:54:47,664 [39] DEBUG LISTServer - 登陆sssionID--------c4727011-406d-4604-a584-23ab093c1315
2017-09-22 16:54:47,664 [39] DEBUG LISTServer - 登录游戏----------2017/9/22 16:54:47
2017-09-22 16:54:54,303 [39] DEBUG LISTServer - 登录用户openid:弗拉基米尔|昵称:测试用户弗拉基----------2017/9/22 16:54:54
2017-09-22 16:54:55,157 [39] DEBUG LISTServer - 登录游戏成功,当前对象存在----------2017/9/22 16:54:55
2017-09-22 17:07:12,313 [39] DEBUG LISTServer - 登陆sssionID--------39575974-aeda-464b-a6c6-253ea5db6636
2017-09-22 17:07:12,313 [39] DEBUG LISTServer - 登录游戏----------2017/9/22 17:07:12
2017-09-22 17:07:15,701 [39] DEBUG LISTServer - 登录用户openid:弗拉基米尔|昵称:测试用户弗拉基----------2017/9/22 17:07:15
2017-09-22 17:07:16,538 [39] DEBUG LISTServer - 登录游戏成功,当前对象存在----------2017/9/22 17:07:16
2017-09-22 17:08:38,241 [34] DEBUG LISTServer - 登陆sssionID--------3a612fbd-2431-403a-9167-b84edce4988f
2017-09-22 17:08:38,241 [34] DEBUG LISTServer - 登录游戏----------2017/9/22 17:08:38
2017-09-22 17:08:38,811 [34] DEBUG LISTServer - 登录用户openid:ef2110d6b36f7eca009a60551ab3db1f|昵称:测试用户ef2----------2017/9/22 17:08:38
2017-09-22 17:08:39,560 [34] DEBUG LISTServer - 登录游戏成功----------2017/9/22 17:08:39
2017-09-22 17:09:17,666 [39] DEBUG LISTServer - 登陆sssionID--------a67776b2-d24c-4e25-bcc7-ff1943d6b69d
2017-09-22 17:09:17,666 [39] DEBUG LISTServer - 登录游戏----------2017/9/22 17:09:17
2017-09-22 17:09:17,924 [39] DEBUG LISTServer - 登录用户openid:sffsf|昵称:测试用户sff----------2017/9/22 17:09:17
2017-09-22 17:09:18,464 [39] DEBUG LISTServer - 登录游戏成功----------2017/9/22 17:09:18
2017-09-22 17:13:22,464 [40] DEBUG LISTServer - 登陆sssionID--------a1710f10-71f6-441e-b402-d644214a3626
2017-09-22 17:13:22,464 [40] DEBUG LISTServer - 登录游戏----------2017/9/22 17:13:22
2017-09-22 17:13:23,129 [40] DEBUG LISTServer - 登录用户openid:sffsf|昵称:测试用户sff----------2017/9/22 17:13:23
2017-09-22 17:13:27,594 [40] DEBUG LISTServer - 登录游戏成功,当前对象存在----------2017/9/22 17:13:27
2017-09-22 17:30:46,953 [1] DEBUG DefaultBootstrap - The server instance LISTServer has been created!
2017-09-22 17:30:47,078 [1] DEBUG LISTServer - The command 11020(ListBLL.Logic.GameOperation) has been discovered
2017-09-22 17:30:47,078 [1] DEBUG LISTServer - The command 10001(ListBLL.Logic.Heartbeat) has been discovered
2017-09-22 17:30:47,078 [1] DEBUG LISTServer - The command 11001(ListBLL.Logic.Login) has been discovered
2017-09-22 17:30:47,078 [1] DEBUG LISTServer - The command 19003(ListBLL.Logic.UserGamePlaybackLogic) has been discovered
2017-09-22 17:30:47,078 [1] DEBUG LISTServer - The command 19001(ListBLL.Logic.UserRecordLogic) has been discovered
2017-09-22 17:30:47,078 [1] DEBUG DefaultBootstrap - The server instance LISTServer has been initialized!
2017-09-22 17:30:47,687 [1] DEBUG DefaultBootstrap - The PerformanceMonitor has been initialized!
2017-09-22 17:30:47,687 [1] DEBUG DefaultBootstrap - The Bootstrap has been initialized!
2017-09-22 17:30:47,687 [1] DEBUG LISTServer - Listener (0.0.0.0:2018) was started
2017-09-22 17:30:47,719 [1] DEBUG DefaultBootstrap - The PerformanceMonitor has been started!
2017-09-22 17:33:05,063 [8] DEBUG LISTServer - 登陆sssionID--------70a5bb4a-ba14-47ff-9cf2-a8667d83ac0f
2017-09-22 17:33:05,063 [8] DEBUG LISTServer - 登录游戏----------2017/9/22 17:33:05
2017-09-22 17:33:06,048 [8] DEBUG LISTServer - 登录用户openid:弗拉基米尔|昵称:测试用户弗拉基----------2017/9/22 17:33:06
2017-09-22 17:33:07,454 [8] DEBUG LISTServer - 登录游戏成功----------2017/9/22 17:33:07
2017-09-22 17:33:25,225 [9] DEBUG LISTServer - 登陆sssionID--------f6c43812-3705-4211-83cf-be7bf2a95ae7
2017-09-22 17:33:25,225 [9] DEBUG LISTServer - 登录游戏----------2017/9/22 17:33:25
2017-09-22 17:33:26,211 [9] DEBUG LISTServer - 登录用户openid:sffsf|昵称:测试用户sff----------2017/9/22 17:33:26
2017-09-22 17:33:27,050 [9] DEBUG LISTServer - 登录游戏成功----------2017/9/22 17:33:27
2017-09-22 17:35:48,611 [7] DEBUG LISTServer - 登陆sssionID--------21877801-711f-40b5-a382-a66216aa2498
2017-09-22 17:35:48,611 [7] DEBUG LISTServer - 登录游戏----------2017/9/22 17:35:48
2017-09-22 17:35:49,204 [7] DEBUG LISTServer - 登录用户openid:弗拉基米尔|昵称:测试用户弗拉基----------2017/9/22 17:35:49
2017-09-22 17:35:49,970 [7] DEBUG LISTServer - 登录游戏成功,当前对象存在----------2017/9/22 17:35:49
2017-09-22 17:38:04,844 [7] DEBUG LISTServer - 登陆sssionID--------dd9d9f1a-2b2d-4004-a98b-45d8c01265f4
2017-09-22 17:38:04,844 [7] DEBUG LISTServer - 登录游戏----------2017/9/22 17:38:04
2017-09-22 17:38:05,391 [7] DEBUG LISTServer - 登录用户openid:弗拉基米尔|昵称:测试用户弗拉基----------2017/9/22 17:38:05
2017-09-22 17:38:06,110 [7] DEBUG LISTServer - 登录游戏成功,当前对象存在----------2017/9/22 17:38:06
2017-09-22 17:39:32,733 [30] DEBUG LISTServer - 登陆sssionID--------54eb3ba2-6afa-4e9f-a705-57051f65aca3
2017-09-22 17:39:32,733 [30] DEBUG LISTServer - 登录游戏----------2017/9/22 17:39:32
2017-09-22 17:39:32,905 [30] DEBUG LISTServer - 登录用户openid:弗拉基米尔|昵称:测试用户弗拉基----------2017/9/22 17:39:32
2017-09-22 17:39:33,436 [30] DEBUG LISTServer - 登录游戏成功,当前对象存在----------2017/9/22 17:39:33
2017-09-22 17:42:07,736 [7] DEBUG LISTServer - 登陆sssionID--------cbeba8de-bc84-4ced-b986-46d6526f9e38
2017-09-22 17:42:07,736 [7] DEBUG LISTServer - 登录游戏----------2017/9/22 17:42:07
2017-09-22 17:42:08,142 [7] DEBUG LISTServer - 登录用户openid:弗拉基米尔|昵称:测试用户弗拉基----------2017/9/22 17:42:08
2017-09-22 17:42:08,892 [7] DEBUG LISTServer - 登录游戏成功,当前对象存在----------2017/9/22 17:42:08
2017-09-22 17:43:01,195 [9] DEBUG LISTServer - 登陆sssionID--------e2b8375f-ef91-4d57-9b66-6b4c6f56f52f
2017-09-22 17:43:01,195 [9] DEBUG LISTServer - 登录游戏----------2017/9/22 17:43:01
2017-09-22 17:43:01,367 [9] DEBUG LISTServer - 登录用户openid:弗拉基米尔|昵称:测试用户弗拉基----------2017/9/22 17:43:01
2017-09-22 17:43:02,227 [9] DEBUG LISTServer - 登录游戏成功,当前对象存在----------2017/9/22 17:43:02
2017-09-22 17:46:49,062 [7] DEBUG LISTServer - 登陆sssionID--------463a097a-2ba6-4278-964b-f27439d9688c
2017-09-22 17:46:49,062 [7] DEBUG LISTServer - 登录游戏----------2017/9/22 17:46:49
2017-09-22 17:46:49,999 [7] DEBUG LISTServer - 登录用户openid:sss|昵称:测试用户sss----------2017/9/22 17:46:49
2017-09-22 17:46:50,703 [7] DEBUG LISTServer - 登录游戏成功----------2017/9/22 17:46:50
2017-09-22 17:47:20,456 [30] DEBUG LISTServer - 登陆sssionID--------9af421f2-2a47-4620-8d0c-7653b2c4f9ef
2017-09-22 17:47:20,456 [30] DEBUG LISTServer - 登录游戏----------2017/9/22 17:47:20
2017-09-22 17:47:20,831 [30] DEBUG LISTServer - 登录用户openid:ef2110d6b36f7eca009a60551ab3db1f|昵称:测试用户ef2----------2017/9/22 17:47:20
2017-09-22 17:47:21,534 [30] DEBUG LISTServer - 登录游戏成功----------2017/9/22 17:47:21
2017-09-22 17:48:06,289 [30] DEBUG LISTServer - 登陆sssionID--------42f7893a-0679-49f8-850f-9536b13f019d
2017-09-22 17:48:06,289 [30] DEBUG LISTServer - 登录游戏----------2017/9/22 17:48:06
2017-09-22 17:48:06,664 [30] DEBUG LISTServer - 登录用户openid:sffsf|昵称:测试用户sff----------2017/9/22 17:48:06
2017-09-22 17:48:07,367 [30] DEBUG LISTServer - 登录游戏成功,当前对象存在----------2017/9/22 17:48:07
2017-09-22 17:51:30,842 [30] DEBUG LISTServer - 登陆sssionID--------c67f68ba-62cf-49d9-8118-6db933f97196
2017-09-22 17:51:30,842 [30] DEBUG LISTServer - 登录游戏----------2017/9/22 17:51:30
2017-09-22 17:51:31,264 [30] DEBUG LISTServer - 登录用户openid:弗拉基米尔|昵称:测试用户弗拉基----------2017/9/22 17:51:31
2017-09-22 17:51:31,936 [30] DEBUG LISTServer - 登录游戏成功,当前对象存在----------2017/9/22 17:51:31
2017-09-22 17:51:55,454 [9] DEBUG LISTServer - 登陆sssionID--------cd55c6fe-3055-4e20-a1d3-20b45463b64d
2017-09-22 17:51:55,454 [9] DEBUG LISTServer - 登录游戏----------2017/9/22 17:51:55
2017-09-22 17:51:55,907 [9] DEBUG LISTServer - 登录用户openid:ef2110d6b36f7eca009a60551ab3db1f|昵称:测试用户ef2----------2017/9/22 17:51:55
2017-09-22 17:51:56,501 [9] DEBUG LISTServer - 登录游戏成功,当前对象存在----------2017/9/22 17:51:56
2017-09-22 17:52:48,741 [29] DEBUG LISTServer - 登陆sssionID--------2717ad51-248a-4ece-903c-2f3af6314b57
2017-09-22 17:52:48,741 [29] DEBUG LISTServer - 登录游戏----------2017/9/22 17:52:48
2017-09-22 17:52:49,053 [29] DEBUG LISTServer - 登录用户openid:sffsf|昵称:测试用户sff----------2017/9/22 17:52:49
2017-09-22 17:52:49,600 [29] DEBUG LISTServer - 登录游戏成功,当前对象存在----------2017/9/22 17:52:49
2017-09-22 17:53:00,836 [7] DEBUG LISTServer - 登陆sssionID--------b125cdbf-960e-4c43-886d-8c33f8bbc999
2017-09-22 17:53:00,836 [7] DEBUG LISTServer - 登录游戏----------2017/9/22 17:53:00
2017-09-22 17:53:01,102 [7] DEBUG LISTServer - 登录用户openid:13cdd4e572743f204c3335c7376a4711|昵称:测试用户13c----------2017/9/22 17:53:01
2017-09-22 17:53:01,648 [7] DEBUG LISTServer - 登录游戏成功----------2017/9/22 17:53:01
2017-09-22 17:57:34,652 [9] DEBUG LISTServer - 登陆sssionID--------c570c2a5-44f4-4914-95b2-3b29a8f21723
2017-09-22 17:57:34,652 [9] DEBUG LISTServer - 登录游戏----------2017/9/22 17:57:34
2017-09-22 17:57:35,230 [9] DEBUG LISTServer - 登录用户openid:sffsf|昵称:测试用户sff----------2017/9/22 17:57:35
2017-09-22 17:57:36,136 [9] DEBUG LISTServer - 登录游戏成功,当前对象存在----------2017/9/22 17:57:36
2017-09-22 17:58:21,500 [29] DEBUG LISTServer - 登陆sssionID--------5a68c224-2ff2-43b9-b106-c2b8e0512ebb
2017-09-22 17:58:21,500 [29] DEBUG LISTServer - 登录游戏----------2017/9/22 17:58:21
2017-09-22 17:58:21,750 [29] DEBUG LISTServer - 登录用户openid:弗拉基米尔|昵称:测试用户弗拉基----------2017/9/22 17:58:21
2017-09-22 17:58:22,469 [29] DEBUG LISTServer - 登录游戏成功,当前对象存在----------2017/9/22 17:58:22
2017-09-22 18:00:52,004 [9] DEBUG LISTServer - 登陆sssionID--------c3b58bf8-1c90-48c4-83e4-04d420499a95
2017-09-22 18:00:52,004 [9] DEBUG LISTServer - 登录游戏----------2017/9/22 18:00:52
2017-09-22 18:00:52,488 [9] DEBUG LISTServer - 登录用户openid:ef2110d6b36f7eca009a60551ab3db1f|昵称:测试用户ef2----------2017/9/22 18:00:52
2017-09-22 18:00:53,066 [9] DEBUG LISTServer - 登录游戏成功,当前对象存在----------2017/9/22 18:00:53
2017-09-22 18:10:59,948 [7] DEBUG LISTServer - 登陆sssionID--------166144f1-ba68-4a04-9c0d-bc125a8dd686
2017-09-22 18:10:59,948 [7] DEBUG LISTServer - 登录游戏----------2017/9/22 18:10:59
2017-09-22 18:11:01,073 [7] DEBUG LISTServer - 登录用户openid:ef2110d6b36f7eca009a60551ab3db1f|昵称:测试用户ef2----------2017/9/22 18:11:01
2017-09-22 18:11:02,058 [7] DEBUG LISTServer - 登录游戏成功,当前对象存在----------2017/9/22 18:11:02
2017-09-22 18:12:10,300 [29] DEBUG LISTServer - 登陆sssionID--------e84ff276-8113-437a-b78f-67ed7c185f12
2017-09-22 18:12:10,300 [29] DEBUG LISTServer - 登录游戏----------2017/9/22 18:12:10
2017-09-22 18:12:10,768 [29] DEBUG LISTServer - 登录用户openid:弗拉基米尔|昵称:测试用户弗拉基----------2017/9/22 18:12:10
2017-09-22 18:13:29,230 [30] DEBUG LISTServer - 登陆sssionID--------e101a47c-f43d-4417-9ea9-a1f1e879a74b
2017-09-22 18:13:29,230 [30] DEBUG LISTServer - 登录游戏----------2017/9/22 18:13:29
2017-09-22 18:13:29,683 [30] DEBUG LISTServer - 登录用户openid:弗拉基米尔|昵称:测试用户弗拉基----------2017/9/22 18:13:29
2017-09-22 18:13:30,589 [30] DEBUG LISTServer - 登录游戏成功,当前对象存在----------2017/9/22 18:13:30
2017-09-22 18:14:23,423 [7] DEBUG LISTServer - 登陆sssionID--------7b0bad2f-6c58-44c1-8d10-f5e67524b540
2017-09-22 18:14:23,423 [7] DEBUG LISTServer - 登录游戏----------2017/9/22 18:14:23
2017-09-22 18:14:23,829 [7] DEBUG LISTServer - 登录用户openid:ef2110d6b36f7eca009a60551ab3db1f|昵称:测试用户ef2----------2017/9/22 18:14:23
2017-09-22 18:14:24,392 [7] DEBUG LISTServer - 登录游戏成功,当前对象存在----------2017/9/22 18:14:24
2017-09-22 18:17:30,272 [29] DEBUG LISTServer - 登陆sssionID--------8d9edf65-7ed0-408b-a47e-d791ec72651a
2017-09-22 18:17:30,272 [29] DEBUG LISTServer - 登录游戏----------2017/9/22 18:17:30
2017-09-22 18:17:30,709 [29] DEBUG LISTServer - 登录用户openid:弗拉基米尔|昵称:测试用户弗拉基----------2017/9/22 18:17:30
2017-09-22 18:17:31,584 [29] DEBUG LISTServer - 登录游戏成功,当前对象存在----------2017/9/22 18:17:31
2017-09-22 18:20:25,588 [29] DEBUG LISTServer - 登陆sssionID--------6399c4a7-a9ac-45d6-96bc-d89ae3d4a224
2017-09-22 18:20:25,588 [29] DEBUG LISTServer - 登录游戏----------2017/9/22 18:20:25
2017-09-22 18:20:25,994 [29] DEBUG LISTServer - 登录用户openid:弗拉基米尔|昵称:测试用户弗拉基----------2017/9/22 18:20:25
2017-09-22 18:20:26,556 [29] DEBUG LISTServer - 登录游戏成功,当前对象存在----------2017/9/22 18:20:26
2017-09-22 18:20:34,432 [7] DEBUG LISTServer - 登陆sssionID--------ca1acd9e-55ed-43b1-99db-a2a0d65114ba
2017-09-22 18:20:34,432 [7] DEBUG LISTServer - 登录游戏----------2017/9/22 18:20:34
2017-09-22 18:20:34,823 [7] DEBUG LISTServer - 登录用户openid:sffsf|昵称:测试用户sff----------2017/9/22 18:20:34
2017-09-22 18:20:35,526 [7] DEBUG LISTServer - 登录游戏成功,当前对象存在----------2017/9/22 18:20:35
2017-09-22 18:22:10,537 [7] DEBUG LISTServer - 登陆sssionID--------a48c8c71-6ee5-408d-9c38-d875c539d062
2017-09-22 18:22:10,537 [7] DEBUG LISTServer - 登录游戏----------2017/9/22 18:22:10
2017-09-22 18:22:10,834 [7] DEBUG LISTServer - 登录用户openid:ef2110d6b36f7eca009a60551ab3db1f|昵称:测试用户ef2----------2017/9/22 18:22:10
2017-09-22 18:22:11,334 [7] DEBUG LISTServer - 登录游戏成功,当前对象存在----------2017/9/22 18:22:11
2017-09-22 18:24:12,550 [7] DEBUG LISTServer - 登陆sssionID--------e09d126b-0f01-459b-b5c3-ae5f483373c8
2017-09-22 18:24:12,550 [7] DEBUG LISTServer - 登录游戏----------2017/9/22 18:24:12
2017-09-22 18:24:13,144 [7] DEBUG LISTServer - 登录用户openid:ef2110d6b36f7eca009a60551ab3db1f|昵称:测试用户ef2----------2017/9/22 18:24:13
2017-09-22 18:24:13,738 [7] DEBUG LISTServer - 登录游戏成功,当前对象存在----------2017/9/22 18:24:13
2017-09-22 18:25:48,389 [30] DEBUG LISTServer - 登陆sssionID--------b069850e-d350-44d0-b6b7-35d786691750
2017-09-22 18:25:48,389 [30] DEBUG LISTServer - 登录游戏----------2017/9/22 18:25:48
2017-09-22 18:25:48,624 [30] DEBUG LISTServer - 登录用户openid:弗拉基米尔|昵称:测试用户弗拉基----------2017/9/22 18:25:48
2017-09-22 18:25:49,186 [30] DEBUG LISTServer - 登录游戏成功,当前对象存在----------2017/9/22 18:25:49
2017-09-22 18:26:06,188 [9] DEBUG LISTServer - 登陆sssionID--------89fcbe65-10ec-4153-ad59-a8e92ce1ace6
2017-09-22 18:26:06,188 [9] DEBUG LISTServer - 登录游戏----------2017/9/22 18:26:06
2017-09-22 18:26:06,719 [9] DEBUG LISTServer - 登录用户openid:ef2110d6b36f7eca009a60551ab3db1f|昵称:测试用户ef2----------2017/9/22 18:26:06
2017-09-22 18:26:07,375 [9] DEBUG LISTServer - 登录游戏成功,当前对象存在----------2017/9/22 18:26:07
2017-09-22 18:28:29,501 [30] DEBUG LISTServer - 登陆sssionID--------a0d7619f-0479-4177-8a79-578234c7ffa9
2017-09-22 18:28:29,501 [30] DEBUG LISTServer - 登录游戏----------2017/9/22 18:28:29
2017-09-22 18:28:29,907 [30] DEBUG LISTServer - 登录用户openid:弗拉基米尔|昵称:弗拉基米尔----------2017/9/22 18:28:29
2017-09-22 18:28:30,579 [30] DEBUG LISTServer - 登录游戏成功,当前对象存在----------2017/9/22 18:28:30
2017-09-22 18:29:31,385 [7] DEBUG LISTServer - 登陆sssionID--------a03f9afe-03f6-433c-b26d-bc2b937c180e
2017-09-22 18:29:31,385 [7] DEBUG LISTServer - 登录游戏----------2017/9/22 18:29:31
2017-09-22 18:29:31,572 [7] DEBUG LISTServer - 登录用户openid:弗拉基米尔2|昵称:测试用户弗拉基----------2017/9/22 18:29:31
2017-09-22 18:29:32,213 [7] DEBUG LISTServer - 登录游戏成功----------2017/9/22 18:29:32
2017-09-22 18:30:07,467 [29] DEBUG LISTServer - 登陆sssionID--------4ae6716d-368f-44b4-90a3-4cef9392ba08
2017-09-22 18:30:07,467 [29] DEBUG LISTServer - 登录游戏----------2017/9/22 18:30:07
2017-09-22 18:30:07,608 [29] DEBUG LISTServer - 登录用户openid:2be4087248667baee875b4dd4e4e388e|昵称:测试用户2be----------2017/9/22 18:30:07
2017-09-22 18:30:08,295 [29] DEBUG LISTServer - 登录游戏成功----------2017/9/22 18:30:08
2017-09-22 18:35:10,703 [30] DEBUG LISTServer - 登陆sssionID--------8b1a8349-0e12-47e9-976f-e744494e5313
2017-09-22 18:35:10,703 [30] DEBUG LISTServer - 登录游戏----------2017/9/22 18:35:10
2017-09-22 18:35:11,031 [30] DEBUG LISTServer - 登录用户openid:9697486827159f30f5cab73bbab97a1b56966c2a|昵称:测试用户969----------2017/9/22 18:35:11
2017-09-22 18:35:11,641 [30] DEBUG LISTServer - 登录游戏成功----------2017/9/22 18:35:11
2017-09-22 18:35:24,571 [9] DEBUG LISTServer - 登陆sssionID--------d41f3c74-59b0-40b8-a1fd-40d4f27677f6
2017-09-22 18:35:24,571 [9] DEBUG LISTServer - 登录游戏----------2017/9/22 18:35:24
2017-09-22 18:35:24,728 [9] DEBUG LISTServer - 登录用户openid:sffsf|昵称:测试用户sff----------2017/9/22 18:35:24
2017-09-22 18:35:25,509 [9] DEBUG LISTServer - 登录游戏成功----------2017/9/22 18:35:25
2017-09-22 18:37:38,227 [29] DEBUG LISTServer - 登陆sssionID--------9dc5262d-d057-42cb-a332-182bc419e973
2017-09-22 18:37:38,227 [29] DEBUG LISTServer - 登录游戏----------2017/9/22 18:37:38
2017-09-22 18:37:38,571 [29] DEBUG LISTServer - 登录用户openid:9697486827159f30f5cab73bbab97a1b56966c2a|昵称:测试用户969----------2017/9/22 18:37:38
2017-09-22 18:37:39,118 [29] DEBUG LISTServer - 登录游戏成功,当前对象存在----------2017/9/22 18:37:39
2017-09-22 18:37:57,995 [30] DEBUG LISTServer - 登陆sssionID--------29c9dbe5-4a33-4e22-84ca-2627c6bf775f
2017-09-22 18:37:57,995 [30] DEBUG LISTServer - 登录游戏----------2017/9/22 18:37:57
2017-09-22 18:37:58,166 [30] DEBUG LISTServer - 登录用户openid:2be4087248667baee875b4dd4e4e388e|昵称:测试用户2be----------2017/9/22 18:37:58
2017-09-22 18:37:58,823 [30] DEBUG LISTServer - 登录游戏成功,当前对象存在----------2017/9/22 18:37:58
2017-09-22 18:47:20,869 [30] DEBUG LISTServer - 登陆sssionID--------9bbef603-b76a-41b0-ad68-399fe254f3bd
2017-09-22 18:47:20,869 [30] DEBUG LISTServer - 登录游戏----------2017/9/22 18:47:20
2017-09-22 18:47:21,509 [30] DEBUG LISTServer - 登录用户openid:sffsf|昵称:测试用户sff----------2017/9/22 18:47:21
2017-09-22 18:47:22,259 [30] DEBUG LISTServer - 登录游戏成功,当前对象存在----------2017/9/22 18:47:22
2017-09-22 18:49:34,445 [7] DEBUG LISTServer - 登陆sssionID--------9957cff2-bdfa-4e83-8f63-a2be3c92788e
2017-09-22 18:49:34,445 [7] DEBUG LISTServer - 登录游戏----------2017/9/22 18:49:34
2017-09-22 18:49:34,867 [7] DEBUG LISTServer - 登录用户openid:sffsf|昵称:测试用户sff----------2017/9/22 18:49:34
2017-09-22 18:49:35,680 [7] DEBUG LISTServer - 登录游戏成功,当前对象存在----------2017/9/22 18:49:35
2017-09-22 18:50:11,783 [30] DEBUG LISTServer - 登陆sssionID--------f53be163-cfd9-4e81-a7b2-58dadae84753
2017-09-22 18:50:11,783 [30] DEBUG LISTServer - 登录游戏----------2017/9/22 18:50:11
2017-09-22 18:50:12,023 [30] DEBUG LISTServer - 登录用户openid:sffsf|昵称:测试用户sff----------2017/9/22 18:50:12
2017-09-22 18:50:12,870 [30] DEBUG LISTServer - 登录游戏成功,当前对象存在----------2017/9/22 18:50:12
2017-09-22 18:50:30,170 [30] DEBUG LISTServer - 登陆sssionID--------381ae26f-1c13-4057-aa8a-aa14ff231da4
2017-09-22 18:50:30,170 [30] DEBUG LISTServer - 登录游戏----------2017/9/22 18:50:30
2017-09-22 18:50:30,409 [30] DEBUG LISTServer - 登录用户openid:sffsf|昵称:测试用户sff----------2017/9/22 18:50:30
2017-09-22 18:50:30,660 [30] DEBUG LISTServer - 登录游戏失败,当前对象存在----------2017/9/22 18:50:30
2017-09-22 18:50:30,660 [30] DEBUG LISTServer - sssionID--------381ae26f-1c13-4057-aa8a-aa14ff231da4
2017-09-22 18:51:13,261 [7] DEBUG LISTServer - 登陆sssionID--------0f714bdb-8810-4051-b7ae-20cb4888ba94
2017-09-22 18:51:13,261 [7] DEBUG LISTServer - 登录游戏----------2017/9/22 18:51:13
2017-09-22 18:51:13,419 [7] DEBUG LISTServer - 登录用户openid:sffsf|昵称:测试用户sff----------2017/9/22 18:51:13
2017-09-22 18:51:14,054 [7] DEBUG LISTServer - 登录游戏成功,当前对象存在----------2017/9/22 18:51:14
2017-09-22 18:51:14,930 [30] DEBUG LISTServer - 登陆sssionID--------e4e1aa96-ce62-4152-8bdd-1af82e1eec99
2017-09-22 18:51:14,930 [30] DEBUG LISTServer - 登录游戏----------2017/9/22 18:51:14
2017-09-22 18:51:15,086 [30] DEBUG LISTServer - 登录用户openid:sffsf|昵称:测试用户sff----------2017/9/22 18:51:15
2017-09-22 18:51:15,263 [30] DEBUG LISTServer - 登录游戏失败,当前对象存在----------2017/9/22 18:51:15
2017-09-22 18:51:15,263 [30] DEBUG LISTServer - sssionID--------e4e1aa96-ce62-4152-8bdd-1af82e1eec99
2017-09-22 18:53:22,346 [29] DEBUG LISTServer - 登陆sssionID--------23f4de07-5dbf-4ea8-94a3-b941be0053d4
2017-09-22 18:53:22,346 [29] DEBUG LISTServer - 登录游戏----------2017/9/22 18:53:22
2017-09-22 18:53:22,659 [29] DEBUG LISTServer - 登录用户openid:sffsf|昵称:测试用户sff----------2017/9/22 18:53:22
2017-09-22 18:53:22,815 [29] DEBUG LISTServer - 登录游戏失败,当前对象存在----------2017/9/22 18:53:22
2017-09-22 18:53:22,815 [29] DEBUG LISTServer - sssionID--------23f4de07-5dbf-4ea8-94a3-b941be0053d4
2017-09-22 18:53:30,939 [29] DEBUG LISTServer - 登陆sssionID--------23f4de07-5dbf-4ea8-94a3-b941be0053d4
2017-09-22 18:53:30,939 [29] DEBUG LISTServer - 登录游戏----------2017/9/22 18:53:30
2017-09-22 18:53:31,068 [29] DEBUG LISTServer - 登录用户openid:sffsf|昵称:测试用户sff----------2017/9/22 18:53:31
2017-09-22 18:53:31,189 [29] DEBUG LISTServer - 登录游戏失败,当前对象存在----------2017/9/22 18:53:31
2017-09-22 18:53:31,189 [29] DEBUG LISTServer - sssionID--------23f4de07-5dbf-4ea8-94a3-b941be0053d4
2017-09-22 18:54:01,363 [9] DEBUG LISTServer - 登陆sssionID--------34ed53fe-cc26-40fc-baed-23a2eae07451
2017-09-22 18:54:01,363 [9] DEBUG LISTServer - 登录游戏----------2017/9/22 18:54:01
2017-09-22 18:54:01,489 [9] DEBUG LISTServer - 登录用户openid:sffsf|昵称:测试用户sff----------2017/9/22 18:54:01
2017-09-22 18:54:02,241 [9] DEBUG LISTServer - 登录游戏成功,当前对象存在----------2017/9/22 18:54:02
2017-09-22 18:54:03,973 [29] DEBUG LISTServer - 登陆sssionID--------028141b8-40fd-46b6-8db3-ad9d7963a5e3
2017-09-22 18:54:03,973 [29] DEBUG LISTServer - 登录游戏----------2017/9/22 18:54:03
2017-09-22 18:54:04,106 [29] DEBUG LISTServer - 登录用户openid:9697486827159f30f5cab73bbab97a1b56966c2a|昵称:测试用户969----------2017/9/22 18:54:04
2017-09-22 18:54:04,786 [29] DEBUG LISTServer - 登录游戏成功,当前对象存在----------2017/9/22 18:54:04
2017-09-22 18:57:35,443 [9] DEBUG LISTServer - 登陆sssionID--------d3f69d6c-4c84-4464-bf73-835f33704db6
2017-09-22 18:57:35,443 [9] DEBUG LISTServer - 登录游戏----------2017/9/22 18:57:35
2017-09-22 18:57:35,755 [9] DEBUG LISTServer - 登录用户openid:sffsf|昵称:测试用户sff----------2017/9/22 18:57:35
2017-09-22 18:57:36,349 [9] DEBUG LISTServer - 登录游戏成功,当前对象存在----------2017/9/22 18:57:36
2017-09-22 18:57:59,009 [9] DEBUG LISTServer - 登陆sssionID--------723819d4-3b3c-43b8-ac8d-81fe898c90c6
2017-09-22 18:57:59,009 [9] DEBUG LISTServer - 登录游戏----------2017/9/22 18:57:59
2017-09-22 18:57:59,150 [9] DEBUG LISTServer - 登录用户openid:9697486827159f30f5cab73bbab97a1b56966c2a|昵称:测试用户969----------2017/9/22 18:57:59
2017-09-22 18:57:59,806 [9] DEBUG LISTServer - 登录游戏成功,当前对象存在----------2017/9/22 18:57:59
2017-09-22 19:06:54,409 [7] DEBUG LISTServer - 登陆sssionID--------7c84550e-be9a-4fe4-9aff-eb94f13d9e9c
2017-09-22 19:06:54,409 [7] DEBUG LISTServer - 登录游戏----------2017/9/22 19:06:54
2017-09-22 19:06:54,800 [7] DEBUG LISTServer - 登录用户openid:9697486827159f30f5cab73bbab97a1b56966c2a|昵称:测试用户969----------2017/9/22 19:06:54
2017-09-22 19:06:55,487 [7] DEBUG LISTServer - 登录游戏成功,当前对象存在----------2017/9/22 19:06:55
2017-09-22 19:10:55,096 [29] DEBUG LISTServer - 登陆sssionID--------adbcb1fa-f922-4125-bcfa-53db28aea15a
2017-09-22 19:10:55,096 [29] DEBUG LISTServer - 登录游戏----------2017/9/22 19:10:55
2017-09-22 19:11:00,410 [29] DEBUG LISTServer - 登录用户openid:9697486827159f30f5cab73bbab97a1b56966c2a|昵称:测试用户969----------2017/9/22 19:11:00
2017-09-22 19:11:01,144 [29] DEBUG LISTServer - 登录游戏成功,当前对象存在----------2017/9/22 19:11:01
2017-09-22 19:11:08,520 [7] DEBUG LISTServer - 登陆sssionID--------219cb9de-c9fa-407d-8af0-6f29789f5df6
2017-09-22 19:11:08,520 [7] DEBUG LISTServer - 登录游戏----------2017/9/22 19:11:08
2017-09-22 19:11:08,707 [7] DEBUG LISTServer - 登录用户openid:sffsf|昵称:测试用户sff----------2017/9/22 19:11:08
2017-09-22 19:11:09,395 [7] DEBUG LISTServer - 登录游戏成功,当前对象存在----------2017/9/22 19:11:09
2017-09-22 19:15:06,597 [30] DEBUG LISTServer - 登陆sssionID--------f7ebdced-eed8-4ee1-b937-e76072d29a54
2017-09-22 19:15:06,597 [30] DEBUG LISTServer - 登录游戏----------2017/9/22 19:15:06
2017-09-22 19:15:06,925 [30] DEBUG LISTServer - 登录用户openid:sffsf|昵称:测试用户sff----------2017/9/22 19:15:06
2017-09-22 19:15:07,253 [7] DEBUG LISTServer - 登陆sssionID--------67cac451-08a2-4884-b848-ef82b0bee595
2017-09-22 19:15:07,253 [7] DEBUG LISTServer - 登录游戏----------2017/9/22 19:15:07
2017-09-22 19:15:07,394 [7] DEBUG LISTServer - 登录用户openid:9697486827159f30f5cab73bbab97a1b56966c2a|昵称:测试用户969----------2017/9/22 19:15:07
2017-09-22 19:15:07,581 [30] DEBUG LISTServer - 登录游戏成功,当前对象存在----------2017/9/22 19:15:07
2017-09-22 19:15:07,956 [7] DEBUG LISTServer - 登录游戏成功,当前对象存在----------2017/9/22 19:15:07
2017-09-22 19:20:21,147 [30] DEBUG LISTServer - 登陆sssionID--------8f2b8943-2a8f-4863-9821-79f226e064c2
2017-09-22 19:20:21,147 [30] DEBUG LISTServer - 登录游戏----------2017/9/22 19:20:21
2017-09-22 19:20:21,459 [30] DEBUG LISTServer - 登录用户openid:9697486827159f30f5cab73bbab97a1b56966c2a|昵称:测试用户969----------2017/9/22 19:20:21
2017-09-22 19:20:22,038 [30] DEBUG LISTServer - 登录游戏成功,当前对象存在----------2017/9/22 19:20:22
