2018-01-16 11:43:57,727 [1] DEBUG DefaultBootstrap - The server instance LISTServer has been created!
2018-01-16 11:43:58,434 [1] DEBUG LISTServer - The command 11105(ListBLL.Logic.AgentGetGroupInfo) has been discovered
2018-01-16 11:43:58,434 [1] DEBUG LISTServer - The command 11107(ListBLL.Logic.AgentGroupUsersManager) has been discovered
2018-01-16 11:43:58,434 [1] DEBUG LISTServer - The command 11110(ListBLL.Logic.AgentSignIn) has been discovered
2018-01-16 11:43:58,434 [1] DEBUG LISTServer - The command 11060(ListBLL.Logic.ApplyRecord) has been discovered
2018-01-16 11:43:58,435 [1] DEBUG LISTServer - The command 11040(ListBLL.Logic.ApplyToJoin) has been discovered
2018-01-16 11:43:58,435 [1] DEBUG LISTServer - The command 11070(ListBLL.Logic.ChangeApplyStatus) has been discovered
2018-01-16 11:43:58,435 [1] DEBUG LISTServer - The command 11103(ListBLL.Logic.CreateGroup) has been discovered
2018-01-16 11:43:58,435 [1] DEBUG LISTServer - The command 11109(ListBLL.Logic.DeleteGroup) has been discovered
2018-01-16 11:43:58,435 [1] DEBUG LISTServer - The command 19005(ListBLL.Logic.Feedback) has been discovered
2018-01-16 11:43:58,435 [1] DEBUG LISTServer - The command 11020(ListBLL.Logic.GameOperation) has been discovered
2018-01-16 11:43:58,436 [1] DEBUG LISTServer - The command 11030(ListBLL.Logic.GetGroupInfo) has been discovered
2018-01-16 11:43:58,436 [1] DEBUG LISTServer - The command 11032(ListBLL.Logic.GetGroupInfoByGroupID) has been discovered
2018-01-16 11:43:58,436 [1] DEBUG LISTServer - The command 11034(ListBLL.Logic.GetGroupUserInfoByGroupID) has been discovered
2018-01-16 11:43:58,436 [1] DEBUG LISTServer - The command 11022(ListBLL.Logic.GetRoomCard) has been discovered
2018-01-16 11:43:58,436 [1] DEBUG LISTServer - The command 11050(ListBLL.Logic.GroupUsersManager) has been discovered
2018-01-16 11:43:58,436 [1] DEBUG LISTServer - The command 10001(ListBLL.Logic.Heartbeat) has been discovered
2018-01-16 11:43:58,436 [1] DEBUG LISTServer - The command 11080(ListBLL.Logic.LobbyInfo) has been discovered
2018-01-16 11:43:58,436 [1] DEBUG LISTServer - The command 11001(ListBLL.Logic.Login) has been discovered
2018-01-16 11:43:58,436 [1] DEBUG LISTServer - The command 11101(ListBLL.Logic.Package) has been discovered
2018-01-16 11:43:58,436 [1] DEBUG LISTServer - The command 11090(ListBLL.Logic.QuitGroup) has been discovered
2018-01-16 11:43:58,436 [1] DEBUG LISTServer - The command 11108(ListBLL.Logic.SearchPlayer) has been discovered
2018-01-16 11:43:58,436 [1] DEBUG LISTServer - The command 19003(ListBLL.Logic.UserGamePlaybackLogic) has been discovered
2018-01-16 11:43:58,436 [1] DEBUG LISTServer - The command 19001(ListBLL.Logic.UserRecordLogic) has been discovered
2018-01-16 11:43:58,451 [1] DEBUG DefaultBootstrap - The server instance LISTServer has been initialized!
2018-01-16 11:43:59,617 [1] DEBUG DefaultBootstrap - The PerformanceMonitor has been initialized!
2018-01-16 11:43:59,617 [1] DEBUG DefaultBootstrap - The Bootstrap has been initialized!
2018-01-16 11:43:59,649 [1] DEBUG LISTServer - Listener (0.0.0.0:2018) was started
2018-01-16 11:43:59,653 [1] DEBUG DefaultBootstrap - The PerformanceMonitor has been started!
2018-01-16 13:56:28,678 [13] DEBUG LISTServer - 登陆sssionID--------91e43f4e-f520-4aa6-b88e-aae5b6654c4a
2018-01-16 13:56:28,678 [13] DEBUG LISTServer - 登录游戏----------2018/1/16 13:56:28
2018-01-16 13:56:29,941 [13] DEBUG LISTServer - 登录用户openid:cb02228dfbbc35594d8f3b7bdaa129cfedd86e9d|昵称:测试用户cb0----------2018/1/16 13:56:29
2018-01-16 13:56:31,884 [13] DEBUG LISTServer - 登录游戏成功----------2018/1/16 13:56:31
2018-01-16 13:56:31,884 [13] DEBUG LISTServer - 新登录用户openid:cb02228dfbbc35594d8f3b7bdaa129cfedd86e9d
2018-01-16 14:05:53,316 [22] DEBUG LISTServer - 登陆sssionID--------49bfc88d-d5d0-4ab6-b83c-65481093b586
2018-01-16 14:05:53,316 [22] DEBUG LISTServer - 登录游戏----------2018/1/16 14:05:53
2018-01-16 14:05:56,552 [22] DEBUG LISTServer - 登录用户openid:9697486827159f30f5cab73bbab97a1b56966c2a|昵称:测试用户969----------2018/1/16 14:05:56
2018-01-16 14:06:28,294 [8] DEBUG LISTServer - 登陆sssionID--------6073c257-0912-461a-8c69-95d0e7e4c40e
2018-01-16 14:06:28,294 [8] DEBUG LISTServer - 登录游戏----------2018/1/16 14:06:28
2018-01-16 14:06:28,883 [8] DEBUG LISTServer - 登录用户openid:9697486827159f30f5cab73bbab97a1b56966c2a|昵称:测试用户969----------2018/1/16 14:06:28
2018-01-16 14:06:29,630 [8] DEBUG LISTServer - 登录游戏成功----------2018/1/16 14:06:29
2018-01-16 14:06:29,630 [8] DEBUG LISTServer - 新登录用户openid:9697486827159f30f5cab73bbab97a1b56966c2a
2018-01-16 14:07:28,579 [22] DEBUG LISTServer - 登陆sssionID--------cb85adf4-d581-4958-9bba-f642a0d42cec
2018-01-16 14:07:28,579 [22] DEBUG LISTServer - 登录游戏----------2018/1/16 14:07:28
2018-01-16 14:07:29,647 [22] DEBUG LISTServer - 登录用户openid:9697486827159f30f5cab73bbab97a1b56966c2a|昵称:测试用户969----------2018/1/16 14:07:29
2018-01-16 14:07:29,755 [22] DEBUG LISTServer - 登录游戏成功,当前对象存在----------2018/1/16 14:07:29
2018-01-16 14:07:31,257 [22] DEBUG LISTServer - 登录游戏成功,当前对象存在----------2018/1/16 14:07:31
2018-01-16 14:08:17,584 [8] DEBUG LISTServer - 登陆sssionID--------2cc8cc89-0dfe-45e2-b8b9-2c1d1e79d08e
2018-01-16 14:08:17,584 [8] DEBUG LISTServer - 登录游戏----------2018/1/16 14:08:17
2018-01-16 14:08:17,760 [8] DEBUG LISTServer - 登录用户openid:9697486827159f30f5cab73bbab97a1b56966c2a|昵称:测试用户969----------2018/1/16 14:08:17
2018-01-16 14:08:17,763 [8] DEBUG LISTServer - 登录游戏成功,当前对象存在----------2018/1/16 14:08:17
2018-01-16 14:08:17,935 [8] DEBUG LISTServer - 登录游戏成功,当前对象存在----------2018/1/16 14:08:17
2018-01-16 14:09:31,719 [8] DEBUG LISTServer - 登陆sssionID--------55a0703d-eebf-48bf-a8ce-8a454ae7a8d6
2018-01-16 14:09:31,719 [8] DEBUG LISTServer - 登录游戏----------2018/1/16 14:09:31
2018-01-16 14:09:31,923 [8] DEBUG LISTServer - 登录用户openid:9697486827159f30f5cab73bbab97a1b56966c2a|昵称:测试用户969----------2018/1/16 14:09:31
2018-01-16 14:09:31,947 [8] DEBUG LISTServer - 登录游戏成功,当前对象存在----------2018/1/16 14:09:31
2018-01-16 14:09:32,153 [8] DEBUG LISTServer - 登录游戏成功,当前对象存在----------2018/1/16 14:09:32
2018-01-16 14:10:05,938 [23] DEBUG LISTServer - 登陆sssionID--------c83f6281-85d1-461c-92a7-07e34034de39
2018-01-16 14:10:05,939 [23] DEBUG LISTServer - 登录游戏----------2018/1/16 14:10:05
2018-01-16 14:10:06,131 [23] DEBUG LISTServer - 登录用户openid:9697486827159f30f5cab73bbab97a1b56966c2a|昵称:测试用户969----------2018/1/16 14:10:06
2018-01-16 14:10:06,144 [23] DEBUG LISTServer - 登录游戏成功,当前对象存在----------2018/1/16 14:10:06
2018-01-16 14:10:06,352 [23] DEBUG LISTServer - 登录游戏成功,当前对象存在----------2018/1/16 14:10:06
2018-01-16 14:12:55,798 [23] DEBUG LISTServer - 登陆sssionID--------ff6c1a51-d70d-45c7-8b6b-adfdb7b7f9b6
2018-01-16 14:12:55,798 [23] DEBUG LISTServer - 登录游戏----------2018/1/16 14:12:55
2018-01-16 14:12:56,126 [23] DEBUG LISTServer - 登录用户openid:9697486827159f30f5cab73bbab97a1b56966c2a|昵称:测试用户969----------2018/1/16 14:12:56
2018-01-16 14:12:56,136 [23] DEBUG LISTServer - 登录游戏成功,当前对象存在----------2018/1/16 14:12:56
2018-01-16 14:12:56,308 [23] DEBUG LISTServer - 登录游戏成功,当前对象存在----------2018/1/16 14:12:56
2018-01-16 14:18:48,310 [22] DEBUG LISTServer - 登陆sssionID--------bd5896da-6d4c-4232-9e4d-cd816cb47a00
2018-01-16 14:18:48,310 [22] DEBUG LISTServer - 登录游戏----------2018/1/16 14:18:48
2018-01-16 14:18:49,117 [22] DEBUG LISTServer - 登录用户openid:9697486827159f30f5cab73bbab97a1b56966c2a|昵称:测试用户969----------2018/1/16 14:18:49
2018-01-16 14:18:49,124 [22] DEBUG LISTServer - 登录游戏成功,当前对象存在----------2018/1/16 14:18:49
2018-01-16 14:18:49,504 [22] DEBUG LISTServer - 登录游戏成功,当前对象存在----------2018/1/16 14:18:49
2018-01-16 14:22:28,808 [1] DEBUG DefaultBootstrap - The server instance LISTServer has been created!
2018-01-16 14:22:28,952 [1] DEBUG LISTServer - The command 11105(ListBLL.Logic.AgentGetGroupInfo) has been discovered
2018-01-16 14:22:28,952 [1] DEBUG LISTServer - The command 11107(ListBLL.Logic.AgentGroupUsersManager) has been discovered
2018-01-16 14:22:28,952 [1] DEBUG LISTServer - The command 11110(ListBLL.Logic.AgentSignIn) has been discovered
2018-01-16 14:22:28,952 [1] DEBUG LISTServer - The command 11060(ListBLL.Logic.ApplyRecord) has been discovered
2018-01-16 14:22:28,953 [1] DEBUG LISTServer - The command 11040(ListBLL.Logic.ApplyToJoin) has been discovered
2018-01-16 14:22:28,953 [1] DEBUG LISTServer - The command 11070(ListBLL.Logic.ChangeApplyStatus) has been discovered
2018-01-16 14:22:28,953 [1] DEBUG LISTServer - The command 11103(ListBLL.Logic.CreateGroup) has been discovered
2018-01-16 14:22:28,953 [1] DEBUG LISTServer - The command 11109(ListBLL.Logic.DeleteGroup) has been discovered
2018-01-16 14:22:28,953 [1] DEBUG LISTServer - The command 19005(ListBLL.Logic.Feedback) has been discovered
2018-01-16 14:22:28,953 [1] DEBUG LISTServer - The command 11020(ListBLL.Logic.GameOperation) has been discovered
2018-01-16 14:22:28,953 [1] DEBUG LISTServer - The command 11030(ListBLL.Logic.GetGroupInfo) has been discovered
2018-01-16 14:22:28,953 [1] DEBUG LISTServer - The command 11032(ListBLL.Logic.GetGroupInfoByGroupID) has been discovered
2018-01-16 14:22:28,953 [1] DEBUG LISTServer - The command 11034(ListBLL.Logic.GetGroupUserInfoByGroupID) has been discovered
2018-01-16 14:22:28,953 [1] DEBUG LISTServer - The command 11022(ListBLL.Logic.GetRoomCard) has been discovered
2018-01-16 14:22:28,953 [1] DEBUG LISTServer - The command 11050(ListBLL.Logic.GroupUsersManager) has been discovered
2018-01-16 14:22:28,953 [1] DEBUG LISTServer - The command 10001(ListBLL.Logic.Heartbeat) has been discovered
2018-01-16 14:22:28,953 [1] DEBUG LISTServer - The command 11080(ListBLL.Logic.LobbyInfo) has been discovered
2018-01-16 14:22:28,954 [1] DEBUG LISTServer - The command 11001(ListBLL.Logic.Login) has been discovered
2018-01-16 14:22:28,954 [1] DEBUG LISTServer - The command 11101(ListBLL.Logic.Package) has been discovered
2018-01-16 14:22:28,954 [1] DEBUG LISTServer - The command 11090(ListBLL.Logic.QuitGroup) has been discovered
2018-01-16 14:22:28,954 [1] DEBUG LISTServer - The command 11108(ListBLL.Logic.SearchPlayer) has been discovered
2018-01-16 14:22:28,954 [1] DEBUG LISTServer - The command 19003(ListBLL.Logic.UserGamePlaybackLogic) has been discovered
2018-01-16 14:22:28,954 [1] DEBUG LISTServer - The command 19001(ListBLL.Logic.UserRecordLogic) has been discovered
2018-01-16 14:22:28,968 [1] DEBUG DefaultBootstrap - The server instance LISTServer has been initialized!
2018-01-16 14:22:29,785 [1] DEBUG DefaultBootstrap - The PerformanceMonitor has been initialized!
2018-01-16 14:22:29,785 [1] DEBUG DefaultBootstrap - The Bootstrap has been initialized!
2018-01-16 14:22:29,807 [1] DEBUG LISTServer - Listener (0.0.0.0:2018) was started
2018-01-16 14:22:29,812 [1] DEBUG DefaultBootstrap - The PerformanceMonitor has been started!
2018-01-16 14:24:32,655 [11] DEBUG LISTServer - 登陆sssionID--------7f3ed559-7579-4a3c-9d3d-c80edf7f8e46
2018-01-16 14:24:32,655 [11] DEBUG LISTServer - 登录游戏----------2018/1/16 14:24:32
2018-01-16 14:24:34,397 [11] DEBUG LISTServer - 登录用户openid:9697486827159f30f5cab73bbab97a1b56966c2a|昵称:测试用户969----------2018/1/16 14:24:34
2018-01-16 14:24:35,197 [11] DEBUG LISTServer - 登录游戏成功----------2018/1/16 14:24:35
2018-01-16 14:24:35,197 [11] DEBUG LISTServer - 新登录用户openid:9697486827159f30f5cab73bbab97a1b56966c2a
2018-01-16 14:24:44,738 [12] DEBUG LISTServer - 登陆sssionID--------71470b80-fab1-487f-b249-3bdc7a4c79c9
2018-01-16 14:24:44,738 [12] DEBUG LISTServer - 登录游戏----------2018/1/16 14:24:44
2018-01-16 14:24:45,233 [12] DEBUG LISTServer - 登录用户openid:cb02228dfbbc35594d8f3b7bdaa129cfedd86e9d|昵称:测试用户cb0----------2018/1/16 14:24:45
2018-01-16 14:24:46,086 [12] DEBUG LISTServer - 登录游戏成功----------2018/1/16 14:24:46
2018-01-16 14:24:46,086 [12] DEBUG LISTServer - 新登录用户openid:cb02228dfbbc35594d8f3b7bdaa129cfedd86e9d
2018-01-16 14:26:28,159 [10] DEBUG LISTServer - 登陆sssionID--------e4305371-dc5a-444f-9f30-9358237a8f0b
2018-01-16 14:26:28,159 [10] DEBUG LISTServer - 登录游戏----------2018/1/16 14:26:28
2018-01-16 14:26:28,411 [10] DEBUG LISTServer - 登录用户openid:9697486827159f30f5cab73bbab97a1b56966c2a|昵称:测试用户969----------2018/1/16 14:26:28
2018-01-16 14:26:28,445 [10] DEBUG LISTServer - 登录游戏成功,当前对象存在----------2018/1/16 14:26:28
2018-01-16 14:26:28,631 [10] DEBUG LISTServer - 登录游戏成功,当前对象存在----------2018/1/16 14:26:28
2018-01-16 14:27:31,287 [11] DEBUG LISTServer - 登陆sssionID--------6f1552b6-bfbe-4b72-823a-d0fe92f42c8f
2018-01-16 14:27:31,287 [11] DEBUG LISTServer - 登录游戏----------2018/1/16 14:27:31
2018-01-16 14:27:31,515 [11] DEBUG LISTServer - 登录用户openid:9697486827159f30f5cab73bbab97a1b56966c2a|昵称:测试用户969----------2018/1/16 14:27:31
2018-01-16 14:27:31,527 [11] DEBUG LISTServer - 登录游戏成功,当前对象存在----------2018/1/16 14:27:31
2018-01-16 14:27:31,828 [11] DEBUG LISTServer - 登录游戏成功,当前对象存在----------2018/1/16 14:27:31
2018-01-16 14:39:44,233 [11] DEBUG LISTServer - 登陆sssionID--------0a701a79-022a-4a59-a41e-c66dd9ec707f
2018-01-16 14:39:44,233 [11] DEBUG LISTServer - 登录游戏----------2018/1/16 14:39:44
2018-01-16 14:39:45,187 [11] DEBUG LISTServer - 登录用户openid:9697486827159f30f5cab73bbab97a1b56966c2a|昵称:测试用户969----------2018/1/16 14:39:45
2018-01-16 14:39:45,248 [11] DEBUG LISTServer - 登录游戏成功,当前对象存在----------2018/1/16 14:39:45
2018-01-16 14:39:46,156 [11] DEBUG LISTServer - 登录游戏成功,当前对象存在----------2018/1/16 14:39:46
2018-01-16 14:39:55,689 [10] DEBUG LISTServer - 登陆sssionID--------e94e5a30-adfb-42bc-a18f-895a1d5c0f3e
2018-01-16 14:39:55,690 [10] DEBUG LISTServer - 登录游戏----------2018/1/16 14:39:55
2018-01-16 14:39:56,649 [10] DEBUG LISTServer - 登录用户openid:cb02228dfbbc35594d8f3b7bdaa129cfedd86e9d|昵称:测试用户cb0----------2018/1/16 14:39:56
2018-01-16 14:39:56,677 [10] DEBUG LISTServer - 登录游戏成功,当前对象存在----------2018/1/16 14:39:56
2018-01-16 14:39:57,708 [10] DEBUG LISTServer - 登录游戏成功,当前对象存在----------2018/1/16 14:39:57
2018-01-16 14:46:38,642 [7] DEBUG LISTServer - 登陆sssionID--------fc5e05c6-646f-4f45-bd86-19d557d0c09b
2018-01-16 14:46:38,642 [7] DEBUG LISTServer - 登录游戏----------2018/1/16 14:46:38
2018-01-16 14:46:38,936 [7] DEBUG LISTServer - 登录用户openid:cb02228dfbbc35594d8f3b7bdaa129cfedd86e9d|昵称:测试用户cb0----------2018/1/16 14:46:38
2018-01-16 14:46:38,945 [7] DEBUG LISTServer - 登录游戏成功,当前对象存在----------2018/1/16 14:46:38
2018-01-16 14:46:39,215 [7] DEBUG LISTServer - 登录游戏成功,当前对象存在----------2018/1/16 14:46:39
2018-01-16 14:52:12,888 [26] DEBUG LISTServer - 登陆sssionID--------9e8c508b-5301-47ca-bfc2-53189941a22f
2018-01-16 14:52:12,889 [26] DEBUG LISTServer - 登录游戏----------2018/1/16 14:52:12
2018-01-16 14:52:13,045 [26] DEBUG LISTServer - 登录用户openid:9697486827159f30f5cab73bbab97a1b56966c2a|昵称:测试用户969----------2018/1/16 14:52:13
2018-01-16 14:52:13,049 [26] DEBUG LISTServer - 登录游戏成功,当前对象存在----------2018/1/16 14:52:13
2018-01-16 14:52:13,191 [26] DEBUG LISTServer - 登录游戏成功,当前对象存在----------2018/1/16 14:52:13
2018-01-16 14:53:09,209 [33] DEBUG LISTServer - 登陆sssionID--------5547887d-12d3-4b31-9f86-fecc64966fc3
2018-01-16 14:53:09,209 [33] DEBUG LISTServer - 登录游戏----------2018/1/16 14:53:09
2018-01-16 14:53:09,862 [33] DEBUG LISTServer - 登录用户openid:9697486827159f30f5cab73bbab97a1b56966c2a|昵称:测试用户969----------2018/1/16 14:53:09
2018-01-16 14:53:09,917 [33] DEBUG LISTServer - 登录游戏成功,当前对象存在----------2018/1/16 14:53:09
2018-01-16 14:53:10,268 [33] DEBUG LISTServer - 登录游戏成功,当前对象存在----------2018/1/16 14:53:10
2018-01-16 14:54:35,786 [7] DEBUG LISTServer - 登陆sssionID--------941166af-3a53-49c1-953f-71405fd81e56
2018-01-16 14:54:35,786 [7] DEBUG LISTServer - 登录游戏----------2018/1/16 14:54:35
2018-01-16 14:54:35,983 [7] DEBUG LISTServer - 登录用户openid:cb02228dfbbc35594d8f3b7bdaa129cfedd86e9d|昵称:测试用户cb0----------2018/1/16 14:54:35
2018-01-16 14:54:35,986 [7] DEBUG LISTServer - 登录游戏成功,当前对象存在----------2018/1/16 14:54:35
2018-01-16 14:54:36,136 [7] DEBUG LISTServer - 登录游戏成功,当前对象存在----------2018/1/16 14:54:36
2018-01-16 14:57:19,380 [34] DEBUG LISTServer - 登陆sssionID--------d66ee80f-4078-44ab-94a9-b75c1fb0b559
2018-01-16 14:57:19,380 [34] DEBUG LISTServer - 登录游戏----------2018/1/16 14:57:19
2018-01-16 14:57:19,631 [34] DEBUG LISTServer - 登录用户openid:9697486827159f30f5cab73bbab97a1b56966c2a|昵称:测试用户969----------2018/1/16 14:57:19
2018-01-16 14:57:19,634 [34] DEBUG LISTServer - 登录游戏成功,当前对象存在----------2018/1/16 14:57:19
2018-01-16 14:57:19,791 [34] DEBUG LISTServer - 登录游戏成功,当前对象存在----------2018/1/16 14:57:19
2018-01-16 15:03:19,426 [31] DEBUG LISTServer - 登陆sssionID--------5601dd85-50c3-4b68-8de7-9f2f645216db
2018-01-16 15:03:19,426 [31] DEBUG LISTServer - 登录游戏----------2018/1/16 15:03:19
2018-01-16 15:03:33,041 [31] DEBUG LISTServer - 登录用户openid:9697486827159f30f5cab73bbab97a1b56966c2a|昵称:测试用户969----------2018/1/16 15:03:33
2018-01-16 15:03:39,490 [31] DEBUG LISTServer - 登陆sssionID--------14c859a0-e7e3-44d0-a766-dea2e3ad1c62
2018-01-16 15:03:39,490 [31] DEBUG LISTServer - 登录游戏----------2018/1/16 15:03:39
2018-01-16 15:03:40,194 [31] DEBUG LISTServer - 登录用户openid:9697486827159f30f5cab73bbab97a1b56966c2a|昵称:测试用户969----------2018/1/16 15:03:40
2018-01-16 15:03:40,280 [31] DEBUG LISTServer - 登录游戏成功,当前对象存在----------2018/1/16 15:03:40
2018-01-16 15:03:40,663 [31] DEBUG LISTServer - 登录游戏成功,当前对象存在----------2018/1/16 15:03:40
2018-01-16 15:07:16,893 [42] DEBUG LISTServer - 登陆sssionID--------be0d577b-4866-4ef6-8e0a-1f7be2bb00a4
2018-01-16 15:07:16,893 [42] DEBUG LISTServer - 登录游戏----------2018/1/16 15:07:16
2018-01-16 15:07:17,082 [42] DEBUG LISTServer - 登录用户openid:cb02228dfbbc35594d8f3b7bdaa129cfedd86e9d|昵称:测试用户cb0----------2018/1/16 15:07:17
2018-01-16 15:07:17,088 [42] DEBUG LISTServer - 登录游戏成功,当前对象存在----------2018/1/16 15:07:17
2018-01-16 15:07:17,256 [42] DEBUG LISTServer - 登录游戏成功,当前对象存在----------2018/1/16 15:07:17
2018-01-16 15:17:33,417 [1] DEBUG DefaultBootstrap - The server instance LISTServer has been created!
2018-01-16 15:17:33,567 [1] DEBUG LISTServer - The command 11105(ListBLL.Logic.AgentGetGroupInfo) has been discovered
2018-01-16 15:17:33,567 [1] DEBUG LISTServer - The command 11107(ListBLL.Logic.AgentGroupUsersManager) has been discovered
2018-01-16 15:17:33,567 [1] DEBUG LISTServer - The command 11110(ListBLL.Logic.AgentSignIn) has been discovered
2018-01-16 15:17:33,567 [1] DEBUG LISTServer - The command 11060(ListBLL.Logic.ApplyRecord) has been discovered
2018-01-16 15:17:33,567 [1] DEBUG LISTServer - The command 11040(ListBLL.Logic.ApplyToJoin) has been discovered
2018-01-16 15:17:33,567 [1] DEBUG LISTServer - The command 11070(ListBLL.Logic.ChangeApplyStatus) has been discovered
2018-01-16 15:17:33,567 [1] DEBUG LISTServer - The command 11103(ListBLL.Logic.CreateGroup) has been discovered
2018-01-16 15:17:33,567 [1] DEBUG LISTServer - The command 11109(ListBLL.Logic.DeleteGroup) has been discovered
2018-01-16 15:17:33,567 [1] DEBUG LISTServer - The command 19005(ListBLL.Logic.Feedback) has been discovered
2018-01-16 15:17:33,567 [1] DEBUG LISTServer - The command 11020(ListBLL.Logic.GameOperation) has been discovered
2018-01-16 15:17:33,568 [1] DEBUG LISTServer - The command 11030(ListBLL.Logic.GetGroupInfo) has been discovered
2018-01-16 15:17:33,568 [1] DEBUG LISTServer - The command 11032(ListBLL.Logic.GetGroupInfoByGroupID) has been discovered
2018-01-16 15:17:33,568 [1] DEBUG LISTServer - The command 11034(ListBLL.Logic.GetGroupUserInfoByGroupID) has been discovered
2018-01-16 15:17:33,568 [1] DEBUG LISTServer - The command 11022(ListBLL.Logic.GetRoomCard) has been discovered
2018-01-16 15:17:33,568 [1] DEBUG LISTServer - The command 11050(ListBLL.Logic.GroupUsersManager) has been discovered
2018-01-16 15:17:33,568 [1] DEBUG LISTServer - The command 10001(ListBLL.Logic.Heartbeat) has been discovered
2018-01-16 15:17:33,568 [1] DEBUG LISTServer - The command 11080(ListBLL.Logic.LobbyInfo) has been discovered
2018-01-16 15:17:33,568 [1] DEBUG LISTServer - The command 11001(ListBLL.Logic.Login) has been discovered
2018-01-16 15:17:33,568 [1] DEBUG LISTServer - The command 11101(ListBLL.Logic.Package) has been discovered
2018-01-16 15:17:33,568 [1] DEBUG LISTServer - The command 11090(ListBLL.Logic.QuitGroup) has been discovered
2018-01-16 15:17:33,568 [1] DEBUG LISTServer - The command 11108(ListBLL.Logic.SearchPlayer) has been discovered
2018-01-16 15:17:33,568 [1] DEBUG LISTServer - The command 19003(ListBLL.Logic.UserGamePlaybackLogic) has been discovered
2018-01-16 15:17:33,568 [1] DEBUG LISTServer - The command 19001(ListBLL.Logic.UserRecordLogic) has been discovered
2018-01-16 15:17:33,583 [1] DEBUG DefaultBootstrap - The server instance LISTServer has been initialized!
2018-01-16 15:17:34,405 [1] DEBUG DefaultBootstrap - The PerformanceMonitor has been initialized!
2018-01-16 15:17:34,405 [1] DEBUG DefaultBootstrap - The Bootstrap has been initialized!
2018-01-16 15:17:34,428 [1] DEBUG LISTServer - Listener (0.0.0.0:2018) was started
2018-01-16 15:17:34,433 [1] DEBUG DefaultBootstrap - The PerformanceMonitor has been started!
2018-01-16 15:17:41,467 [13] DEBUG LISTServer - 登陆sssionID--------6af55738-efc4-4193-9b5d-f83e36c9e07a
2018-01-16 15:17:41,467 [13] DEBUG LISTServer - 登录游戏----------2018/1/16 15:17:41
2018-01-16 15:17:42,437 [13] DEBUG LISTServer - 登录用户openid:9697486827159f30f5cab73bbab97a1b56966c2a|昵称:测试用户969----------2018/1/16 15:17:42
2018-01-16 15:17:43,007 [13] DEBUG LISTServer - 登录游戏成功----------2018/1/16 15:17:43
2018-01-16 15:17:43,007 [13] DEBUG LISTServer - 新登录用户openid:9697486827159f30f5cab73bbab97a1b56966c2a
2018-01-16 15:19:15,346 [12] DEBUG LISTServer - 登陆sssionID--------e6a2d664-174a-4128-9622-dad9678711ee
2018-01-16 15:19:15,346 [12] DEBUG LISTServer - 登录游戏----------2018/1/16 15:19:15
2018-01-16 15:19:15,642 [12] DEBUG LISTServer - 登录用户openid:cb02228dfbbc35594d8f3b7bdaa129cfedd86e9d|昵称:测试用户cb0----------2018/1/16 15:19:15
2018-01-16 15:19:15,840 [12] DEBUG LISTServer - 登录游戏成功----------2018/1/16 15:19:15
2018-01-16 15:19:15,840 [12] DEBUG LISTServer - 新登录用户openid:cb02228dfbbc35594d8f3b7bdaa129cfedd86e9d
2018-01-16 15:21:47,217 [20] DEBUG LISTServer - 登陆sssionID--------7910ca7c-b1ac-4be6-9bd4-10039513901e
2018-01-16 15:21:47,217 [20] DEBUG LISTServer - 登录游戏----------2018/1/16 15:21:47
2018-01-16 15:21:47,451 [20] DEBUG LISTServer - 登录用户openid:9697486827159f30f5cab73bbab97a1b56966c2a|昵称:测试用户969----------2018/1/16 15:21:47
2018-01-16 15:21:47,454 [20] DEBUG LISTServer - 登录游戏成功,当前对象存在----------2018/1/16 15:21:47
2018-01-16 15:21:47,633 [20] DEBUG LISTServer - 登录游戏成功,当前对象存在----------2018/1/16 15:21:47
2018-01-16 15:22:31,614 [13] DEBUG LISTServer - 登陆sssionID--------6f43c9ad-c721-4d57-adf3-3b9b74de8ca6
2018-01-16 15:22:31,614 [13] DEBUG LISTServer - 登录游戏----------2018/1/16 15:22:31
2018-01-16 15:22:31,751 [13] DEBUG LISTServer - 登录用户openid:cb02228dfbbc35594d8f3b7bdaa129cfedd86e9d|昵称:测试用户cb0----------2018/1/16 15:22:31
2018-01-16 15:22:31,762 [13] DEBUG LISTServer - 登录游戏成功,当前对象存在----------2018/1/16 15:22:31
2018-01-16 15:22:31,976 [13] DEBUG LISTServer - 登录游戏成功,当前对象存在----------2018/1/16 15:22:31
2018-01-16 15:24:39,622 [36] DEBUG LISTServer - 登陆sssionID--------44e947cd-c991-40eb-b577-d35adc6d13a2
2018-01-16 15:24:39,622 [36] DEBUG LISTServer - 登录游戏----------2018/1/16 15:24:39
2018-01-16 15:24:39,682 [20] DEBUG LISTServer - 登陆sssionID--------43a8b19f-78f2-4c37-98b3-61c849250f0e
2018-01-16 15:24:39,682 [20] DEBUG LISTServer - 登录游戏----------2018/1/16 15:24:39
2018-01-16 15:24:39,686 [15] DEBUG LISTServer - 登陆sssionID--------471850e7-cfd3-41cd-9ba2-810250c52789
2018-01-16 15:24:39,687 [15] DEBUG LISTServer - 登录游戏----------2018/1/16 15:24:39
2018-01-16 15:24:39,808 [20] DEBUG LISTServer - 登录用户openid:9697486827159f30f5cab73bbab97a1b56966c2a|昵称:测试用户969----------2018/1/16 15:24:39
2018-01-16 15:24:39,815 [20] DEBUG LISTServer - 登录游戏成功,当前对象存在----------2018/1/16 15:24:39
2018-01-16 15:24:39,878 [36] DEBUG LISTServer - 登录用户openid:cb02228dfbbc35594d8f3b7bdaa129cfedd86e9d|昵称:测试用户cb0----------2018/1/16 15:24:39
2018-01-16 15:24:39,878 [15] DEBUG LISTServer - 登录用户openid:cb02228dfbbc35594d8f3b7bdaa129cfedd86e9d|昵称:测试用户cb0----------2018/1/16 15:24:39
2018-01-16 15:24:39,880 [36] DEBUG LISTServer - 登录游戏成功,当前对象存在----------2018/1/16 15:24:39
2018-01-16 15:24:39,880 [15] DEBUG LISTServer - 登录游戏成功,当前对象存在----------2018/1/16 15:24:39
2018-01-16 15:24:39,926 [20] DEBUG LISTServer - 登录游戏成功,当前对象存在----------2018/1/16 15:24:39
2018-01-16 15:24:39,926 [20] DEBUG LISTServer - 登陆sssionID--------0b6101f4-5043-401e-8a96-d78d4f6b96aa
2018-01-16 15:24:39,926 [20] DEBUG LISTServer - 登录游戏----------2018/1/16 15:24:39
2018-01-16 15:24:40,011 [15] DEBUG LISTServer - 登录游戏成功,当前对象存在----------2018/1/16 15:24:40
2018-01-16 15:24:40,011 [36] DEBUG LISTServer - 登录游戏成功,当前对象存在----------2018/1/16 15:24:40
2018-01-16 15:24:40,068 [20] DEBUG LISTServer - 登录用户openid:9697486827159f30f5cab73bbab97a1b56966c2a|昵称:测试用户969----------2018/1/16 15:24:40
2018-01-16 15:24:40,072 [20] DEBUG LISTServer - 登录游戏成功,当前对象存在----------2018/1/16 15:24:40
2018-01-16 15:24:40,192 [20] DEBUG LISTServer - 登录游戏成功,当前对象存在----------2018/1/16 15:24:40
2018-01-16 15:29:32,741 [45] DEBUG LISTServer - 登陆sssionID--------cd817ce9-6667-4887-90c4-6124ee081bff
2018-01-16 15:29:32,741 [45] DEBUG LISTServer - 登录游戏----------2018/1/16 15:29:32
2018-01-16 15:29:33,054 [45] DEBUG LISTServer - 登录用户openid:cb02228dfbbc35594d8f3b7bdaa129cfedd86e9d|昵称:测试用户cb0----------2018/1/16 15:29:33
2018-01-16 15:29:33,058 [45] DEBUG LISTServer - 登录游戏成功,当前对象存在----------2018/1/16 15:29:33
2018-01-16 15:29:33,264 [45] DEBUG LISTServer - 登录游戏成功,当前对象存在----------2018/1/16 15:29:33
2018-01-16 15:36:01,444 [45] DEBUG LISTServer - 登陆sssionID--------39fb1ecc-3d2e-46f3-9628-8dcd54f0fc03
2018-01-16 15:36:01,444 [45] DEBUG LISTServer - 登录游戏----------2018/1/16 15:36:01
2018-01-16 15:36:01,842 [45] DEBUG LISTServer - 登录用户openid:cb02228dfbbc35594d8f3b7bdaa129cfedd86e9d|昵称:测试用户cb0----------2018/1/16 15:36:01
2018-01-16 15:36:01,847 [45] DEBUG LISTServer - 登录游戏成功,当前对象存在----------2018/1/16 15:36:01
2018-01-16 15:36:02,052 [45] DEBUG LISTServer - 登录游戏成功,当前对象存在----------2018/1/16 15:36:02
2018-01-16 15:51:15,225 [66] DEBUG LISTServer - 登陆sssionID--------58dd7eb1-cd52-4902-8553-6b1564599d35
2018-01-16 15:51:15,225 [66] DEBUG LISTServer - 登录游戏----------2018/1/16 15:51:15
2018-01-16 15:51:15,767 [66] DEBUG LISTServer - 登录用户openid:cb02228dfbbc35594d8f3b7bdaa129cfedd86e9d|昵称:测试用户cb0----------2018/1/16 15:51:15
2018-01-16 15:51:15,786 [66] DEBUG LISTServer - 登录游戏成功,当前对象存在----------2018/1/16 15:51:15
2018-01-16 15:51:15,981 [66] DEBUG LISTServer - 登录游戏成功,当前对象存在----------2018/1/16 15:51:15
2018-01-16 15:51:21,789 [45] DEBUG LISTServer - 登陆sssionID--------7d4812ce-6455-4f38-90e2-5c79957d28ad
2018-01-16 15:51:21,789 [45] DEBUG LISTServer - 登录游戏----------2018/1/16 15:51:21
2018-01-16 15:51:22,022 [45] DEBUG LISTServer - 登录用户openid:9697486827159f30f5cab73bbab97a1b56966c2a|昵称:测试用户969----------2018/1/16 15:51:22
2018-01-16 15:51:22,034 [45] DEBUG LISTServer - 登录游戏成功,当前对象存在----------2018/1/16 15:51:22
2018-01-16 15:51:22,351 [45] DEBUG LISTServer - 登录游戏成功,当前对象存在----------2018/1/16 15:51:22
2018-01-16 15:58:56,393 [56] DEBUG LISTServer - 登陆sssionID--------411186b5-73f0-41c6-8383-0da6643364af
2018-01-16 15:58:56,393 [56] DEBUG LISTServer - 登录游戏----------2018/1/16 15:58:56
2018-01-16 15:58:56,672 [56] DEBUG LISTServer - 登录用户openid:9697486827159f30f5cab73bbab97a1b56966c2a|昵称:测试用户969----------2018/1/16 15:58:56
2018-01-16 15:58:56,675 [56] DEBUG LISTServer - 登录游戏成功,当前对象存在----------2018/1/16 15:58:56
2018-01-16 15:58:56,873 [56] DEBUG LISTServer - 登录游戏成功,当前对象存在----------2018/1/16 15:58:56
2018-01-16 16:05:42,600 [1] DEBUG DefaultBootstrap - The server instance LISTServer has been created!
2018-01-16 16:05:42,774 [1] DEBUG LISTServer - The command 11105(ListBLL.Logic.AgentGetGroupInfo) has been discovered
2018-01-16 16:05:42,774 [1] DEBUG LISTServer - The command 11107(ListBLL.Logic.AgentGroupUsersManager) has been discovered
2018-01-16 16:05:42,774 [1] DEBUG LISTServer - The command 11110(ListBLL.Logic.AgentSignIn) has been discovered
2018-01-16 16:05:42,774 [1] DEBUG LISTServer - The command 11060(ListBLL.Logic.ApplyRecord) has been discovered
2018-01-16 16:05:42,774 [1] DEBUG LISTServer - The command 11040(ListBLL.Logic.ApplyToJoin) has been discovered
2018-01-16 16:05:42,774 [1] DEBUG LISTServer - The command 11070(ListBLL.Logic.ChangeApplyStatus) has been discovered
2018-01-16 16:05:42,774 [1] DEBUG LISTServer - The command 11103(ListBLL.Logic.CreateGroup) has been discovered
2018-01-16 16:05:42,775 [1] DEBUG LISTServer - The command 11109(ListBLL.Logic.DeleteGroup) has been discovered
2018-01-16 16:05:42,775 [1] DEBUG LISTServer - The command 19005(ListBLL.Logic.Feedback) has been discovered
2018-01-16 16:05:42,775 [1] DEBUG LISTServer - The command 11020(ListBLL.Logic.GameOperation) has been discovered
2018-01-16 16:05:42,775 [1] DEBUG LISTServer - The command 11030(ListBLL.Logic.GetGroupInfo) has been discovered
2018-01-16 16:05:42,775 [1] DEBUG LISTServer - The command 11032(ListBLL.Logic.GetGroupInfoByGroupID) has been discovered
2018-01-16 16:05:42,775 [1] DEBUG LISTServer - The command 11034(ListBLL.Logic.GetGroupUserInfoByGroupID) has been discovered
2018-01-16 16:05:42,775 [1] DEBUG LISTServer - The command 11022(ListBLL.Logic.GetRoomCard) has been discovered
2018-01-16 16:05:42,775 [1] DEBUG LISTServer - The command 11050(ListBLL.Logic.GroupUsersManager) has been discovered
2018-01-16 16:05:42,775 [1] DEBUG LISTServer - The command 10001(ListBLL.Logic.Heartbeat) has been discovered
2018-01-16 16:05:42,775 [1] DEBUG LISTServer - The command 11080(ListBLL.Logic.LobbyInfo) has been discovered
2018-01-16 16:05:42,775 [1] DEBUG LISTServer - The command 11001(ListBLL.Logic.Login) has been discovered
2018-01-16 16:05:42,775 [1] DEBUG LISTServer - The command 11101(ListBLL.Logic.Package) has been discovered
2018-01-16 16:05:42,775 [1] DEBUG LISTServer - The command 11090(ListBLL.Logic.QuitGroup) has been discovered
2018-01-16 16:05:42,775 [1] DEBUG LISTServer - The command 11108(ListBLL.Logic.SearchPlayer) has been discovered
2018-01-16 16:05:42,775 [1] DEBUG LISTServer - The command 19003(ListBLL.Logic.UserGamePlaybackLogic) has been discovered
2018-01-16 16:05:42,776 [1] DEBUG LISTServer - The command 19001(ListBLL.Logic.UserRecordLogic) has been discovered
2018-01-16 16:05:42,788 [1] DEBUG DefaultBootstrap - The server instance LISTServer has been initialized!
2018-01-16 16:05:43,925 [1] DEBUG DefaultBootstrap - The PerformanceMonitor has been initialized!
2018-01-16 16:05:43,925 [1] DEBUG DefaultBootstrap - The Bootstrap has been initialized!
2018-01-16 16:05:43,945 [1] DEBUG LISTServer - Listener (0.0.0.0:2018) was started
2018-01-16 16:05:43,949 [1] DEBUG DefaultBootstrap - The PerformanceMonitor has been started!
2018-01-16 16:05:58,820 [18] DEBUG LISTServer - 登陆sssionID--------4cd05082-b0ed-4aa5-830d-3243ecac972a
2018-01-16 16:05:58,820 [18] DEBUG LISTServer - 登录游戏----------2018/1/16 16:05:58
2018-01-16 16:05:59,505 [18] DEBUG LISTServer - 登录用户openid:cb02228dfbbc35594d8f3b7bdaa129cfedd86e9d|昵称:测试用户cb0----------2018/1/16 16:05:59
2018-01-16 16:06:00,263 [18] DEBUG LISTServer - 登录游戏成功----------2018/1/16 16:06:00
2018-01-16 16:06:00,263 [18] DEBUG LISTServer - 新登录用户openid:cb02228dfbbc35594d8f3b7bdaa129cfedd86e9d
2018-01-16 16:06:02,165 [18] DEBUG LISTServer - 登陆sssionID--------be9f7b9a-192e-4a69-8120-104df3dabd69
2018-01-16 16:06:02,165 [18] DEBUG LISTServer - 登录游戏----------2018/1/16 16:06:02
2018-01-16 16:06:02,324 [18] DEBUG LISTServer - 登录用户openid:9697486827159f30f5cab73bbab97a1b56966c2a|昵称:测试用户969----------2018/1/16 16:06:02
2018-01-16 16:06:02,495 [18] DEBUG LISTServer - 登录游戏成功----------2018/1/16 16:06:02
2018-01-16 16:06:02,495 [18] DEBUG LISTServer - 新登录用户openid:9697486827159f30f5cab73bbab97a1b56966c2a
2018-01-16 16:07:54,474 [20] DEBUG LISTServer - 登陆sssionID--------93d97719-dcce-4fbc-bd98-081bbb810e2a
2018-01-16 16:07:54,474 [20] DEBUG LISTServer - 登录游戏----------2018/1/16 16:07:54
2018-01-16 16:07:54,663 [20] DEBUG LISTServer - 登录用户openid:9697486827159f30f5cab73bbab97a1b56966c2a|昵称:测试用户969----------2018/1/16 16:07:54
2018-01-16 16:07:54,671 [20] DEBUG LISTServer - 登录游戏成功,当前对象存在----------2018/1/16 16:07:54
2018-01-16 16:07:54,890 [20] DEBUG LISTServer - 登录游戏成功,当前对象存在----------2018/1/16 16:07:54
2018-01-16 16:09:55,155 [21] DEBUG LISTServer - 登陆sssionID--------7dc360f7-a0db-4521-b21e-cbc76ecd50a7
2018-01-16 16:09:55,155 [21] DEBUG LISTServer - 登录游戏----------2018/1/16 16:09:55
2018-01-16 16:09:55,338 [21] DEBUG LISTServer - 登录用户openid:9697486827159f30f5cab73bbab97a1b56966c2a|昵称:测试用户969----------2018/1/16 16:09:55
2018-01-16 16:09:55,341 [21] DEBUG LISTServer - 登录游戏失败,当前对象存在----------2018/1/16 16:09:55
2018-01-16 16:09:55,341 [21] DEBUG LISTServer - sssionID--------7dc360f7-a0db-4521-b21e-cbc76ecd50a7
2018-01-16 16:09:57,915 [22] DEBUG LISTServer - 登陆sssionID--------7dc360f7-a0db-4521-b21e-cbc76ecd50a7
2018-01-16 16:09:57,915 [22] DEBUG LISTServer - 登录游戏----------2018/1/16 16:09:57
2018-01-16 16:09:58,120 [22] DEBUG LISTServer - 登录用户openid:9697486827159f30f5cab73bbab97a1b56966c2a|昵称:测试用户969----------2018/1/16 16:09:58
2018-01-16 16:09:58,124 [22] DEBUG LISTServer - 登录游戏成功,当前对象存在----------2018/1/16 16:09:58
2018-01-16 16:09:58,346 [22] DEBUG LISTServer - 登录游戏成功,当前对象存在----------2018/1/16 16:09:58
2018-01-16 16:12:21,162 [7] DEBUG LISTServer - 登陆sssionID--------5237b815-7d04-41f5-b7e7-4ce587ee2a38
2018-01-16 16:12:21,163 [7] DEBUG LISTServer - 登录游戏----------2018/1/16 16:12:21
2018-01-16 16:12:21,355 [7] DEBUG LISTServer - 登录用户openid:9697486827159f30f5cab73bbab97a1b56966c2a|昵称:测试用户969----------2018/1/16 16:12:21
2018-01-16 16:12:21,363 [7] DEBUG LISTServer - 登录游戏成功,当前对象存在----------2018/1/16 16:12:21
2018-01-16 16:12:21,532 [7] DEBUG LISTServer - 登录游戏成功,当前对象存在----------2018/1/16 16:12:21
2018-01-16 16:14:28,747 [18] DEBUG LISTServer - 登陆sssionID--------eaa60e2c-68f3-4675-9a1e-bdbdace9aab0
2018-01-16 16:14:28,747 [18] DEBUG LISTServer - 登录游戏----------2018/1/16 16:14:28
2018-01-16 16:14:28,948 [18] DEBUG LISTServer - 登录用户openid:9697486827159f30f5cab73bbab97a1b56966c2a|昵称:测试用户969----------2018/1/16 16:14:28
2018-01-16 16:14:28,955 [18] DEBUG LISTServer - 登录游戏成功,当前对象存在----------2018/1/16 16:14:28
2018-01-16 16:14:29,109 [18] DEBUG LISTServer - 登录游戏成功,当前对象存在----------2018/1/16 16:14:29
2018-01-16 16:15:18,107 [18] DEBUG LISTServer - 登陆sssionID--------6b076f97-d694-45e8-bff8-f0e8cb938104
2018-01-16 16:15:18,107 [18] DEBUG LISTServer - 登录游戏----------2018/1/16 16:15:18
2018-01-16 16:15:18,295 [18] DEBUG LISTServer - 登录用户openid:9697486827159f30f5cab73bbab97a1b56966c2a|昵称:测试用户969----------2018/1/16 16:15:18
2018-01-16 16:15:18,301 [18] DEBUG LISTServer - 登录游戏成功,当前对象存在----------2018/1/16 16:15:18
2018-01-16 16:15:18,456 [18] DEBUG LISTServer - 登录游戏成功,当前对象存在----------2018/1/16 16:15:18
2018-01-16 16:22:32,930 [47] DEBUG LISTServer - 登陆sssionID--------6340852b-5bfd-4fd8-891c-bd2a083cf956
2018-01-16 16:22:32,930 [47] DEBUG LISTServer - 登录游戏----------2018/1/16 16:22:32
2018-01-16 16:22:32,962 [18] DEBUG LISTServer - 登陆sssionID--------bd4352c4-2872-46a2-9e04-676fce2f85ed
2018-01-16 16:22:32,962 [18] DEBUG LISTServer - 登录游戏----------2018/1/16 16:22:32
2018-01-16 16:22:34,615 [47] DEBUG LISTServer - 登录用户openid:9697486827159f30f5cab73bbab97a1b56966c2a|昵称:测试用户969----------2018/1/16 16:22:34
2018-01-16 16:22:34,626 [47] DEBUG LISTServer - 登录游戏失败,当前对象存在----------2018/1/16 16:22:34
2018-01-16 16:22:34,626 [47] DEBUG LISTServer - sssionID--------6340852b-5bfd-4fd8-891c-bd2a083cf956
2018-01-16 16:22:36,165 [18] DEBUG LISTServer - 登录用户openid:9697486827159f30f5cab73bbab97a1b56966c2a|昵称:测试用户969----------2018/1/16 16:22:36
2018-01-16 16:22:36,168 [18] DEBUG LISTServer - 登录游戏成功,当前对象存在----------2018/1/16 16:22:36
2018-01-16 16:22:36,318 [18] DEBUG LISTServer - 登录游戏成功,当前对象存在----------2018/1/16 16:22:36
2018-01-16 16:24:24,645 [51] DEBUG LISTServer - 登陆sssionID--------08dd6668-7a80-488a-92a7-d1ba6ce71312
2018-01-16 16:24:24,645 [51] DEBUG LISTServer - 登录游戏----------2018/1/16 16:24:24
2018-01-16 16:24:24,850 [51] DEBUG LISTServer - 登录用户openid:9697486827159f30f5cab73bbab97a1b56966c2a|昵称:测试用户969----------2018/1/16 16:24:24
2018-01-16 16:24:24,862 [51] DEBUG LISTServer - 登录游戏成功,当前对象存在----------2018/1/16 16:24:24
2018-01-16 16:24:25,098 [51] DEBUG LISTServer - 登录游戏成功,当前对象存在----------2018/1/16 16:24:25
2018-01-16 16:29:01,791 [47] DEBUG LISTServer - 登陆sssionID--------0674e271-9df5-4784-b5b5-5324276f9329
2018-01-16 16:29:01,791 [47] DEBUG LISTServer - 登录游戏----------2018/1/16 16:29:01
2018-01-16 16:29:01,981 [47] DEBUG LISTServer - 登录用户openid:9697486827159f30f5cab73bbab97a1b56966c2a|昵称:测试用户969----------2018/1/16 16:29:01
2018-01-16 16:29:01,989 [47] DEBUG LISTServer - 登录游戏成功,当前对象存在----------2018/1/16 16:29:01
2018-01-16 16:29:02,174 [47] DEBUG LISTServer - 登录游戏成功,当前对象存在----------2018/1/16 16:29:02
2018-01-16 16:31:28,556 [36] DEBUG LISTServer - 登陆sssionID--------a7b06c0c-ebd9-4b69-b314-e3d344e12410
2018-01-16 16:31:28,556 [36] DEBUG LISTServer - 登录游戏----------2018/1/16 16:31:28
2018-01-16 16:31:29,068 [36] DEBUG LISTServer - 登录用户openid:9697486827159f30f5cab73bbab97a1b56966c2a|昵称:测试用户969----------2018/1/16 16:31:29
2018-01-16 16:31:29,104 [36] DEBUG LISTServer - 登录游戏成功,当前对象存在----------2018/1/16 16:31:29
2018-01-16 16:31:29,695 [36] DEBUG LISTServer - 登录游戏成功,当前对象存在----------2018/1/16 16:31:29
2018-01-16 16:36:51,949 [51] DEBUG LISTServer - 登陆sssionID--------eb77ed1d-97d8-454d-a62a-5b35202ff80f
2018-01-16 16:36:51,949 [51] DEBUG LISTServer - 登录游戏----------2018/1/16 16:36:51
2018-01-16 16:36:52,155 [51] DEBUG LISTServer - 登录用户openid:9697486827159f30f5cab73bbab97a1b56966c2a|昵称:测试用户969----------2018/1/16 16:36:52
2018-01-16 16:36:52,162 [51] DEBUG LISTServer - 登录游戏成功,当前对象存在----------2018/1/16 16:36:52
2018-01-16 16:36:52,337 [51] DEBUG LISTServer - 登录游戏成功,当前对象存在----------2018/1/16 16:36:52
2018-01-16 16:46:44,209 [51] DEBUG LISTServer - 登陆sssionID--------7f9da7ff-cdb9-4cbe-b7ff-2cea5fb3a744
2018-01-16 16:46:44,209 [51] DEBUG LISTServer - 登录游戏----------2018/1/16 16:46:44
2018-01-16 16:46:44,455 [51] DEBUG LISTServer - 登录用户openid:9697486827159f30f5cab73bbab97a1b56966c2a|昵称:测试用户969----------2018/1/16 16:46:44
2018-01-16 16:46:44,460 [51] DEBUG LISTServer - 登录游戏成功,当前对象存在----------2018/1/16 16:46:44
2018-01-16 16:46:44,636 [51] DEBUG LISTServer - 登录游戏成功,当前对象存在----------2018/1/16 16:46:44
2018-01-16 16:50:08,661 [36] DEBUG LISTServer - 登陆sssionID--------921bf96b-78c7-4f6b-b4ff-dbd78e3825db
2018-01-16 16:50:08,661 [36] DEBUG LISTServer - 登录游戏----------2018/1/16 16:50:08
2018-01-16 16:50:08,784 [18] DEBUG LISTServer - 登陆sssionID--------b266c2a4-6d3d-4dd8-bfea-cd8988580b70
2018-01-16 16:50:08,784 [18] DEBUG LISTServer - 登录游戏----------2018/1/16 16:50:08
2018-01-16 16:50:08,880 [36] DEBUG LISTServer - 登录用户openid:cb02228dfbbc35594d8f3b7bdaa129cfedd86e9d|昵称:测试用户cb0----------2018/1/16 16:50:08
2018-01-16 16:50:08,883 [36] DEBUG LISTServer - 登录游戏成功,当前对象存在----------2018/1/16 16:50:08
2018-01-16 16:50:08,980 [18] DEBUG LISTServer - 登录用户openid:9697486827159f30f5cab73bbab97a1b56966c2a|昵称:测试用户969----------2018/1/16 16:50:08
2018-01-16 16:50:08,983 [18] DEBUG LISTServer - 登录游戏成功,当前对象存在----------2018/1/16 16:50:08
2018-01-16 16:50:08,986 [36] DEBUG LISTServer - 登录游戏成功,当前对象存在----------2018/1/16 16:50:08
2018-01-16 16:50:09,123 [18] DEBUG LISTServer - 登录游戏成功,当前对象存在----------2018/1/16 16:50:09
2018-01-16 16:51:19,274 [27] DEBUG LISTServer - 登陆sssionID--------c047de52-c368-4aa6-87b3-898cd9085dfe
2018-01-16 16:51:19,274 [27] DEBUG LISTServer - 登录游戏----------2018/1/16 16:51:19
2018-01-16 16:51:19,449 [27] DEBUG LISTServer - 登录用户openid:9697486827159f30f5cab73bbab97a1b56966c2a|昵称:测试用户969----------2018/1/16 16:51:19
2018-01-16 16:51:19,453 [27] DEBUG LISTServer - 登录游戏成功,当前对象存在----------2018/1/16 16:51:19
2018-01-16 16:51:19,623 [27] DEBUG LISTServer - 登录游戏成功,当前对象存在----------2018/1/16 16:51:19
2018-01-16 17:03:57,084 [27] DEBUG LISTServer - 登陆sssionID--------841458f0-1034-4609-a7e4-abfbfff4b341
2018-01-16 17:03:57,084 [27] DEBUG LISTServer - 登录游戏----------2018/1/16 17:03:57
2018-01-16 17:03:57,408 [27] DEBUG LISTServer - 登录用户openid:9697486827159f30f5cab73bbab97a1b56966c2a|昵称:测试用户969----------2018/1/16 17:03:57
2018-01-16 17:03:57,415 [27] DEBUG LISTServer - 登录游戏成功,当前对象存在----------2018/1/16 17:03:57
2018-01-16 17:03:57,581 [27] DEBUG LISTServer - 登录游戏成功,当前对象存在----------2018/1/16 17:03:57
2018-01-16 17:04:02,429 [44] DEBUG LISTServer - 登陆sssionID--------c23bc50a-c0cb-4656-a1d0-3616078d6859
2018-01-16 17:04:02,429 [44] DEBUG LISTServer - 登录游戏----------2018/1/16 17:04:02
2018-01-16 17:04:03,210 [44] DEBUG LISTServer - 登录用户openid:cb02228dfbbc35594d8f3b7bdaa129cfedd86e9d|昵称:测试用户cb0----------2018/1/16 17:04:03
2018-01-16 17:04:03,305 [44] DEBUG LISTServer - 登录游戏成功,当前对象存在----------2018/1/16 17:04:03
2018-01-16 17:04:03,637 [44] DEBUG LISTServer - 登录游戏成功,当前对象存在----------2018/1/16 17:04:03
2018-01-16 17:06:23,416 [28] DEBUG LISTServer - 登陆sssionID--------02b689d0-85f8-4019-a0eb-bd36b2a15383
2018-01-16 17:06:23,416 [28] DEBUG LISTServer - 登录游戏----------2018/1/16 17:06:23
2018-01-16 17:06:24,140 [28] DEBUG LISTServer - 登录用户openid:9697486827159f30f5cab73bbab97a1b56966c2a|昵称:测试用户969----------2018/1/16 17:06:24
2018-01-16 17:06:24,171 [28] DEBUG LISTServer - 登录游戏成功,当前对象存在----------2018/1/16 17:06:24
2018-01-16 17:06:24,734 [28] DEBUG LISTServer - 登录游戏成功,当前对象存在----------2018/1/16 17:06:24
2018-01-16 17:10:48,896 [18] DEBUG LISTServer - 登陆sssionID--------8ee50a64-0adf-4e8b-8456-7da40ee8e136
2018-01-16 17:10:48,896 [18] DEBUG LISTServer - 登录游戏----------2018/1/16 17:10:48
2018-01-16 17:10:49,080 [18] DEBUG LISTServer - 登录用户openid:cb02228dfbbc35594d8f3b7bdaa129cfedd86e9d|昵称:测试用户cb0----------2018/1/16 17:10:49
2018-01-16 17:10:49,083 [18] DEBUG LISTServer - 登录游戏成功,当前对象存在----------2018/1/16 17:10:49
2018-01-16 17:10:49,336 [18] DEBUG LISTServer - 登录游戏成功,当前对象存在----------2018/1/16 17:10:49
2018-01-16 17:17:44,832 [30] DEBUG LISTServer - 登陆sssionID--------68398709-b7e0-43d5-af09-67e9c780f1ea
2018-01-16 17:17:44,832 [30] DEBUG LISTServer - 登录游戏----------2018/1/16 17:17:44
2018-01-16 17:17:45,253 [30] DEBUG LISTServer - 登录用户openid:cb02228dfbbc35594d8f3b7bdaa129cfedd86e9d|昵称:测试用户cb0----------2018/1/16 17:17:45
2018-01-16 17:17:45,304 [30] DEBUG LISTServer - 登录游戏成功,当前对象存在----------2018/1/16 17:17:45
2018-01-16 17:17:45,521 [30] DEBUG LISTServer - 登录游戏成功,当前对象存在----------2018/1/16 17:17:45
2018-01-16 17:18:44,321 [30] DEBUG LISTServer - 登陆sssionID--------0715b63f-b40d-4ab8-9f21-391bdfbb0aad
2018-01-16 17:18:44,321 [30] DEBUG LISTServer - 登录游戏----------2018/1/16 17:18:44
2018-01-16 17:18:44,552 [30] DEBUG LISTServer - 登录用户openid:9697486827159f30f5cab73bbab97a1b56966c2a|昵称:测试用户969----------2018/1/16 17:18:44
2018-01-16 17:18:44,557 [30] DEBUG LISTServer - 登录游戏成功,当前对象存在----------2018/1/16 17:18:44
2018-01-16 17:18:44,749 [30] DEBUG LISTServer - 登录游戏成功,当前对象存在----------2018/1/16 17:18:44
2018-01-16 17:22:21,605 [26] DEBUG LISTServer - 登陆sssionID--------bb5fb8e1-f2ad-4195-b0ac-a02fefc8c9f6
2018-01-16 17:22:21,605 [26] DEBUG LISTServer - 登录游戏----------2018/1/16 17:22:21
2018-01-16 17:22:21,778 [26] DEBUG LISTServer - 登录用户openid:9697486827159f30f5cab73bbab97a1b56966c2a|昵称:测试用户969----------2018/1/16 17:22:21
2018-01-16 17:22:21,782 [26] DEBUG LISTServer - 登录游戏成功,当前对象存在----------2018/1/16 17:22:21
2018-01-16 17:22:21,897 [26] DEBUG LISTServer - 登录游戏成功,当前对象存在----------2018/1/16 17:22:21
2018-01-16 17:25:57,649 [1] DEBUG DefaultBootstrap - The server instance LISTServer has been created!
2018-01-16 17:25:57,852 [1] DEBUG LISTServer - The command 11105(ListBLL.Logic.AgentGetGroupInfo) has been discovered
2018-01-16 17:25:57,852 [1] DEBUG LISTServer - The command 11107(ListBLL.Logic.AgentGroupUsersManager) has been discovered
2018-01-16 17:25:57,852 [1] DEBUG LISTServer - The command 11110(ListBLL.Logic.AgentSignIn) has been discovered
2018-01-16 17:25:57,853 [1] DEBUG LISTServer - The command 11060(ListBLL.Logic.ApplyRecord) has been discovered
2018-01-16 17:25:57,853 [1] DEBUG LISTServer - The command 11040(ListBLL.Logic.ApplyToJoin) has been discovered
2018-01-16 17:25:57,853 [1] DEBUG LISTServer - The command 11070(ListBLL.Logic.ChangeApplyStatus) has been discovered
2018-01-16 17:25:57,853 [1] DEBUG LISTServer - The command 11103(ListBLL.Logic.CreateGroup) has been discovered
2018-01-16 17:25:57,853 [1] DEBUG LISTServer - The command 11109(ListBLL.Logic.DeleteGroup) has been discovered
2018-01-16 17:25:57,853 [1] DEBUG LISTServer - The command 19005(ListBLL.Logic.Feedback) has been discovered
2018-01-16 17:25:57,853 [1] DEBUG LISTServer - The command 11020(ListBLL.Logic.GameOperation) has been discovered
2018-01-16 17:25:57,853 [1] DEBUG LISTServer - The command 11030(ListBLL.Logic.GetGroupInfo) has been discovered
2018-01-16 17:25:57,853 [1] DEBUG LISTServer - The command 11032(ListBLL.Logic.GetGroupInfoByGroupID) has been discovered
2018-01-16 17:25:57,853 [1] DEBUG LISTServer - The command 11034(ListBLL.Logic.GetGroupUserInfoByGroupID) has been discovered
2018-01-16 17:25:57,853 [1] DEBUG LISTServer - The command 11022(ListBLL.Logic.GetRoomCard) has been discovered
2018-01-16 17:25:57,853 [1] DEBUG LISTServer - The command 11050(ListBLL.Logic.GroupUsersManager) has been discovered
2018-01-16 17:25:57,853 [1] DEBUG LISTServer - The command 10001(ListBLL.Logic.Heartbeat) has been discovered
2018-01-16 17:25:57,853 [1] DEBUG LISTServer - The command 11080(ListBLL.Logic.LobbyInfo) has been discovered
2018-01-16 17:25:57,854 [1] DEBUG LISTServer - The command 11001(ListBLL.Logic.Login) has been discovered
2018-01-16 17:25:57,854 [1] DEBUG LISTServer - The command 11101(ListBLL.Logic.Package) has been discovered
2018-01-16 17:25:57,854 [1] DEBUG LISTServer - The command 11090(ListBLL.Logic.QuitGroup) has been discovered
2018-01-16 17:25:57,854 [1] DEBUG LISTServer - The command 11108(ListBLL.Logic.SearchPlayer) has been discovered
2018-01-16 17:25:57,854 [1] DEBUG LISTServer - The command 19003(ListBLL.Logic.UserGamePlaybackLogic) has been discovered
2018-01-16 17:25:57,854 [1] DEBUG LISTServer - The command 19001(ListBLL.Logic.UserRecordLogic) has been discovered
2018-01-16 17:25:57,867 [1] DEBUG DefaultBootstrap - The server instance LISTServer has been initialized!
2018-01-16 17:25:59,157 [1] DEBUG DefaultBootstrap - The PerformanceMonitor has been initialized!
2018-01-16 17:25:59,157 [1] DEBUG DefaultBootstrap - The Bootstrap has been initialized!
2018-01-16 17:25:59,179 [1] DEBUG LISTServer - Listener (0.0.0.0:2018) was started
2018-01-16 17:25:59,183 [1] DEBUG DefaultBootstrap - The PerformanceMonitor has been started!
2018-01-16 17:26:07,123 [7] DEBUG LISTServer - 登陆sssionID--------e3349381-a208-412f-81a3-554d893515e9
2018-01-16 17:26:07,123 [7] DEBUG LISTServer - 登录游戏----------2018/1/16 17:26:07
2018-01-16 17:26:08,137 [7] DEBUG LISTServer - 登录用户openid:9697486827159f30f5cab73bbab97a1b56966c2a|昵称:测试用户969----------2018/1/16 17:26:08
2018-01-16 17:26:08,777 [7] DEBUG LISTServer - 登录游戏成功----------2018/1/16 17:26:08
2018-01-16 17:26:08,777 [7] DEBUG LISTServer - 新登录用户openid:9697486827159f30f5cab73bbab97a1b56966c2a
2018-01-16 17:26:40,802 [14] DEBUG LISTServer - 登陆sssionID--------41100bba-5fb6-4cfe-ad88-0d8c6fc0be2c
2018-01-16 17:26:40,802 [14] DEBUG LISTServer - 登录游戏----------2018/1/16 17:26:40
2018-01-16 17:26:41,582 [14] DEBUG LISTServer - 登录用户openid:cb02228dfbbc35594d8f3b7bdaa129cfedd86e9d|昵称:测试用户cb0----------2018/1/16 17:26:41
2018-01-16 17:26:42,168 [14] DEBUG LISTServer - 登录游戏成功----------2018/1/16 17:26:42
2018-01-16 17:26:42,169 [14] DEBUG LISTServer - 新登录用户openid:cb02228dfbbc35594d8f3b7bdaa129cfedd86e9d
2018-01-16 17:28:19,558 [18] DEBUG LISTServer - 登陆sssionID--------556eaffd-4cda-4abb-a0a4-f4c6a4779f5b
2018-01-16 17:28:19,558 [18] DEBUG LISTServer - 登录游戏----------2018/1/16 17:28:19
2018-01-16 17:28:19,743 [18] DEBUG LISTServer - 登录用户openid:cb02228dfbbc35594d8f3b7bdaa129cfedd86e9d|昵称:测试用户cb0----------2018/1/16 17:28:19
2018-01-16 17:28:19,750 [18] DEBUG LISTServer - 登录游戏成功,当前对象存在----------2018/1/16 17:28:19
2018-01-16 17:28:19,929 [18] DEBUG LISTServer - 登录游戏成功,当前对象存在----------2018/1/16 17:28:19
2018-01-16 17:29:26,863 [20] DEBUG LISTServer - 登陆sssionID--------9fb2ab35-b515-449c-ad4c-9a22d5a5f0bd
2018-01-16 17:29:27,402 [20] DEBUG LISTServer - 登录游戏----------2018/1/16 17:29:27
2018-01-16 17:29:35,129 [20] DEBUG LISTServer - 登录用户openid:cb02228dfbbc35594d8f3b7bdaa129cfedd86e9d|昵称:测试用户cb0----------2018/1/16 17:29:35
2018-01-16 17:29:54,045 [25] DEBUG LISTServer - 登陆sssionID--------7c49f33e-1609-49a5-8dd5-9f44ac69fa25
2018-01-16 17:29:55,036 [25] DEBUG LISTServer - 登录游戏----------2018/1/16 17:29:55
2018-01-16 17:29:58,843 [7] DEBUG LISTServer - 登陆sssionID--------b102a3f6-820a-4ae4-89ed-c8c3ede1868a
2018-01-16 17:30:05,169 [7] DEBUG LISTServer - 登录游戏----------2018/1/16 17:30:05
2018-01-16 17:30:28,634 [25] DEBUG LISTServer - 登录用户openid:9697486827159f30f5cab73bbab97a1b56966c2a|昵称:测试用户969----------2018/1/16 17:30:28
2018-01-16 17:30:40,182 [7] DEBUG LISTServer - 登录用户openid:cb02228dfbbc35594d8f3b7bdaa129cfedd86e9d|昵称:测试用户cb0----------2018/1/16 17:30:40
2018-01-16 17:30:54,445 [7] DEBUG LISTServer - 登录游戏成功,当前对象存在----------2018/1/16 17:30:54
2018-01-16 17:35:51,393 [7] DEBUG LISTServer - 登录游戏成功,当前对象存在----------2018/1/16 17:35:51
2018-01-16 17:36:15,581 [7] DEBUG LISTServer - 登陆sssionID--------19add1b2-2cf8-4064-9d4c-de558aa0b8b2
2018-01-16 17:36:15,581 [7] DEBUG LISTServer - 登录游戏----------2018/1/16 17:36:15
2018-01-16 17:36:16,370 [7] DEBUG LISTServer - 登录用户openid:cb02228dfbbc35594d8f3b7bdaa129cfedd86e9d|昵称:测试用户cb0----------2018/1/16 17:36:16
2018-01-16 17:36:16,465 [7] DEBUG LISTServer - 登录游戏成功,当前对象存在----------2018/1/16 17:36:16
2018-01-16 17:36:17,252 [7] DEBUG LISTServer - 登录游戏成功,当前对象存在----------2018/1/16 17:36:17
2018-01-16 18:04:07,203 [32] DEBUG LISTServer - 登陆sssionID--------902f02b4-83cd-4648-8247-9196a55addd5
2018-01-16 18:04:07,203 [32] DEBUG LISTServer - 登录游戏----------2018/1/16 18:04:07
2018-01-16 18:04:08,094 [32] DEBUG LISTServer - 登录用户openid:9697486827159f30f5cab73bbab97a1b56966c2a|昵称:测试用户969----------2018/1/16 18:04:08
2018-01-16 18:04:08,097 [32] DEBUG LISTServer - 登录游戏成功,当前对象存在----------2018/1/16 18:04:08
2018-01-16 18:04:08,295 [32] DEBUG LISTServer - 登录游戏成功,当前对象存在----------2018/1/16 18:04:08
