2018-01-18 14:45:48,859 [1] DEBUG DefaultBootstrap - The server instance LISTServer has been created!
2018-01-18 14:45:49,406 [1] DEBUG LISTServer - The command 11105(ListBLL.Logic.AgentGetGroupInfo) has been discovered
2018-01-18 14:45:49,406 [1] DEBUG LISTServer - The command 11107(ListBLL.Logic.AgentGroupUsersManager) has been discovered
2018-01-18 14:45:49,406 [1] DEBUG LISTServer - The command 11110(ListBLL.Logic.AgentSignIn) has been discovered
2018-01-18 14:45:49,406 [1] DEBUG LISTServer - The command 11060(ListBLL.Logic.ApplyRecord) has been discovered
2018-01-18 14:45:49,406 [1] DEBUG LISTServer - The command 11040(ListBLL.Logic.ApplyToJoin) has been discovered
2018-01-18 14:45:49,406 [1] DEBUG LISTServer - The command 11070(ListBLL.Logic.ChangeApplyStatus) has been discovered
2018-01-18 14:45:49,407 [1] DEBUG LISTServer - The command 11103(ListBLL.Logic.CreateGroup) has been discovered
2018-01-18 14:45:49,407 [1] DEBUG LISTServer - The command 11109(ListBLL.Logic.DeleteGroup) has been discovered
2018-01-18 14:45:49,407 [1] DEBUG LISTServer - The command 19005(ListBLL.Logic.Feedback) has been discovered
2018-01-18 14:45:49,407 [1] DEBUG LISTServer - The command 11020(ListBLL.Logic.GameOperation) has been discovered
2018-01-18 14:45:49,407 [1] DEBUG LISTServer - The command 11030(ListBLL.Logic.GetGroupInfo) has been discovered
2018-01-18 14:45:49,407 [1] DEBUG LISTServer - The command 11032(ListBLL.Logic.GetGroupInfoByGroupID) has been discovered
2018-01-18 14:45:49,407 [1] DEBUG LISTServer - The command 11034(ListBLL.Logic.GetGroupUserInfoByGroupID) has been discovered
2018-01-18 14:45:49,408 [1] DEBUG LISTServer - The command 11022(ListBLL.Logic.GetRoomCard) has been discovered
2018-01-18 14:45:49,408 [1] DEBUG LISTServer - The command 11050(ListBLL.Logic.GroupUsersManager) has been discovered
2018-01-18 14:45:49,408 [1] DEBUG LISTServer - The command 10001(ListBLL.Logic.Heartbeat) has been discovered
2018-01-18 14:45:49,408 [1] DEBUG LISTServer - The command 11080(ListBLL.Logic.LobbyInfo) has been discovered
2018-01-18 14:45:49,408 [1] DEBUG LISTServer - The command 11001(ListBLL.Logic.Login) has been discovered
2018-01-18 14:45:49,408 [1] DEBUG LISTServer - The command 11101(ListBLL.Logic.Package) has been discovered
2018-01-18 14:45:49,408 [1] DEBUG LISTServer - The command 11090(ListBLL.Logic.QuitGroup) has been discovered
2018-01-18 14:45:49,408 [1] DEBUG LISTServer - The command 11108(ListBLL.Logic.SearchPlayer) has been discovered
2018-01-18 14:45:49,409 [1] DEBUG LISTServer - The command 19003(ListBLL.Logic.UserGamePlaybackLogic) has been discovered
2018-01-18 14:45:49,409 [1] DEBUG LISTServer - The command 19001(ListBLL.Logic.UserRecordLogic) has been discovered
2018-01-18 14:45:49,449 [1] DEBUG DefaultBootstrap - The server instance LISTServer has been initialized!
2018-01-18 14:45:50,953 [1] DEBUG DefaultBootstrap - The PerformanceMonitor has been initialized!
2018-01-18 14:45:50,953 [1] DEBUG DefaultBootstrap - The Bootstrap has been initialized!
2018-01-18 14:45:51,019 [1] DEBUG LISTServer - Listener (0.0.0.0:2018) was started
2018-01-18 14:45:51,023 [1] DEBUG DefaultBootstrap - The PerformanceMonitor has been started!
2018-01-18 14:59:05,567 [13] DEBUG LISTServer - 登陆sssionID--------5ffdfad2-642a-470d-b883-b70c948a7b60
2018-01-18 14:59:05,567 [13] DEBUG LISTServer - 登录游戏----------2018/1/18 14:59:05
2018-01-18 14:59:06,704 [13] DEBUG LISTServer - 登录用户openid:167a444356f68ae620bfb654d20de742|昵称:测试用户167----------2018/1/18 14:59:06
2018-01-18 14:59:08,550 [13] DEBUG LISTServer - 登录游戏成功----------2018/1/18 14:59:08
2018-01-18 14:59:22,519 [13] DEBUG LISTServer - 登陆sssionID--------0cbc81cd-091e-4815-936b-feb476991154
2018-01-18 14:59:22,519 [13] DEBUG LISTServer - 登录游戏----------2018/1/18 14:59:22
2018-01-18 14:59:22,713 [13] DEBUG LISTServer - 登录用户openid:cb02228dfbbc35594d8f3b7bdaa129cfedd86e9d|昵称:测试用户cb0----------2018/1/18 14:59:22
2018-01-18 14:59:22,926 [13] DEBUG LISTServer - 登录游戏成功----------2018/1/18 14:59:22
2018-01-18 15:00:44,632 [15] DEBUG LISTServer - 登陆sssionID--------c7a64f93-4931-4d03-9a03-726f5eb46413
2018-01-18 15:00:44,632 [15] DEBUG LISTServer - 登录游戏----------2018/1/18 15:00:44
2018-01-18 15:00:44,933 [15] DEBUG LISTServer - 登录用户openid:167a444356f68ae620bfb654d20de742|昵称:测试用户167----------2018/1/18 15:00:44
2018-01-18 15:00:45,158 [15] DEBUG LISTServer - 登录游戏成功----------2018/1/18 15:00:45
2018-01-18 15:13:59,306 [1] DEBUG DefaultBootstrap - The server instance LISTServer has been created!
2018-01-18 15:13:59,463 [1] DEBUG LISTServer - The command 11105(ListBLL.Logic.AgentGetGroupInfo) has been discovered
2018-01-18 15:13:59,463 [1] DEBUG LISTServer - The command 11107(ListBLL.Logic.AgentGroupUsersManager) has been discovered
2018-01-18 15:13:59,463 [1] DEBUG LISTServer - The command 11110(ListBLL.Logic.AgentSignIn) has been discovered
2018-01-18 15:13:59,463 [1] DEBUG LISTServer - The command 11060(ListBLL.Logic.ApplyRecord) has been discovered
2018-01-18 15:13:59,463 [1] DEBUG LISTServer - The command 11040(ListBLL.Logic.ApplyToJoin) has been discovered
2018-01-18 15:13:59,463 [1] DEBUG LISTServer - The command 11070(ListBLL.Logic.ChangeApplyStatus) has been discovered
2018-01-18 15:13:59,463 [1] DEBUG LISTServer - The command 11103(ListBLL.Logic.CreateGroup) has been discovered
2018-01-18 15:13:59,464 [1] DEBUG LISTServer - The command 11109(ListBLL.Logic.DeleteGroup) has been discovered
2018-01-18 15:13:59,464 [1] DEBUG LISTServer - The command 19005(ListBLL.Logic.Feedback) has been discovered
2018-01-18 15:13:59,464 [1] DEBUG LISTServer - The command 11020(ListBLL.Logic.GameOperation) has been discovered
2018-01-18 15:13:59,464 [1] DEBUG LISTServer - The command 11030(ListBLL.Logic.GetGroupInfo) has been discovered
2018-01-18 15:13:59,464 [1] DEBUG LISTServer - The command 11032(ListBLL.Logic.GetGroupInfoByGroupID) has been discovered
2018-01-18 15:13:59,464 [1] DEBUG LISTServer - The command 11034(ListBLL.Logic.GetGroupUserInfoByGroupID) has been discovered
2018-01-18 15:13:59,464 [1] DEBUG LISTServer - The command 11022(ListBLL.Logic.GetRoomCard) has been discovered
2018-01-18 15:13:59,464 [1] DEBUG LISTServer - The command 11050(ListBLL.Logic.GroupUsersManager) has been discovered
2018-01-18 15:13:59,464 [1] DEBUG LISTServer - The command 10001(ListBLL.Logic.Heartbeat) has been discovered
2018-01-18 15:13:59,464 [1] DEBUG LISTServer - The command 11080(ListBLL.Logic.LobbyInfo) has been discovered
2018-01-18 15:13:59,464 [1] DEBUG LISTServer - The command 11001(ListBLL.Logic.Login) has been discovered
2018-01-18 15:13:59,464 [1] DEBUG LISTServer - The command 11101(ListBLL.Logic.Package) has been discovered
2018-01-18 15:13:59,464 [1] DEBUG LISTServer - The command 11090(ListBLL.Logic.QuitGroup) has been discovered
2018-01-18 15:13:59,464 [1] DEBUG LISTServer - The command 11108(ListBLL.Logic.SearchPlayer) has been discovered
2018-01-18 15:13:59,465 [1] DEBUG LISTServer - The command 19003(ListBLL.Logic.UserGamePlaybackLogic) has been discovered
2018-01-18 15:13:59,465 [1] DEBUG LISTServer - The command 19001(ListBLL.Logic.UserRecordLogic) has been discovered
2018-01-18 15:13:59,478 [1] DEBUG DefaultBootstrap - The server instance LISTServer has been initialized!
2018-01-18 15:14:00,647 [1] DEBUG DefaultBootstrap - The PerformanceMonitor has been initialized!
2018-01-18 15:14:00,647 [1] DEBUG DefaultBootstrap - The Bootstrap has been initialized!
2018-01-18 15:14:00,670 [1] DEBUG LISTServer - Listener (0.0.0.0:2018) was started
2018-01-18 15:14:00,674 [1] DEBUG DefaultBootstrap - The PerformanceMonitor has been started!
2018-01-18 15:15:36,196 [13] DEBUG LISTServer - 登陆sssionID--------cb6ba44f-6305-4f96-9f84-3d49193b0b87
2018-01-18 15:15:36,196 [13] DEBUG LISTServer - 登录游戏----------2018/1/18 15:15:36
2018-01-18 15:15:36,959 [13] DEBUG LISTServer - 登录用户openid:cb02228dfbbc35594d8f3b7bdaa129cfedd86e9d|昵称:测试用户cb0----------2018/1/18 15:15:36
2018-01-18 15:15:37,652 [13] DEBUG LISTServer - 登录游戏成功----------2018/1/18 15:15:37
2018-01-18 15:15:37,652 [13] DEBUG LISTServer - 新登录用户openid:cb02228dfbbc35594d8f3b7bdaa129cfedd86e9d
2018-01-18 15:16:34,352 [7] DEBUG LISTServer - 登陆sssionID--------6200cd6a-e207-43b0-a7ee-2a2ea2fbb974
2018-01-18 15:16:34,352 [7] DEBUG LISTServer - 登录游戏----------2018/1/18 15:16:34
2018-01-18 15:16:34,548 [7] DEBUG LISTServer - 登录用户openid:167a444356f68ae620bfb654d20de742|昵称:测试用户167----------2018/1/18 15:16:34
2018-01-18 15:16:34,829 [7] DEBUG LISTServer - 登录游戏成功----------2018/1/18 15:16:34
2018-01-18 15:18:15,161 [20] DEBUG LISTServer - 登陆sssionID--------f4b1218e-bc90-4e6a-b4df-edb5d2a5e35c
2018-01-18 15:18:15,161 [20] DEBUG LISTServer - 登录游戏----------2018/1/18 15:18:15
2018-01-18 15:18:15,367 [20] DEBUG LISTServer - 登录用户openid:167a444356f68ae620bfb654d20de742|昵称:测试用户167----------2018/1/18 15:18:15
2018-01-18 15:18:15,581 [20] DEBUG LISTServer - 登录游戏成功----------2018/1/18 15:18:15
2018-01-18 15:27:52,691 [7] DEBUG LISTServer - 登陆sssionID--------d59cb214-b1dc-4831-86cc-044ac114fc41
2018-01-18 15:27:52,691 [7] DEBUG LISTServer - 登录游戏----------2018/1/18 15:27:52
2018-01-18 15:27:52,932 [7] DEBUG LISTServer - 登录用户openid:167a444356f68ae620bfb654d20de742|昵称:测试用户167----------2018/1/18 15:27:52
2018-01-18 15:27:53,140 [7] DEBUG LISTServer - 登录游戏成功----------2018/1/18 15:27:53
2018-01-18 15:28:17,626 [7] DEBUG LISTServer - 登陆sssionID--------11a2b848-c21b-493b-8261-c9a61c67ea0e
2018-01-18 15:28:17,626 [7] DEBUG LISTServer - 登录游戏----------2018/1/18 15:28:17
2018-01-18 15:28:17,828 [7] DEBUG LISTServer - 登录用户openid:cb02228dfbbc35594d8f3b7bdaa129cfedd86e9d|昵称:测试用户cb0----------2018/1/18 15:28:17
2018-01-18 15:28:18,052 [7] DEBUG LISTServer - 登录游戏成功----------2018/1/18 15:28:18
2018-01-18 15:32:02,131 [16] DEBUG LISTServer - 登陆sssionID--------68b4eff8-b35c-45d7-bffa-4b1c2561e112
2018-01-18 15:32:02,131 [16] DEBUG LISTServer - 登录游戏----------2018/1/18 15:32:02
2018-01-18 15:32:02,334 [16] DEBUG LISTServer - 登录用户openid:cb02228dfbbc35594d8f3b7bdaa129cfedd86e9d|昵称:测试用户cb0----------2018/1/18 15:32:02
2018-01-18 15:32:02,578 [16] DEBUG LISTServer - 登录游戏成功----------2018/1/18 15:32:02
2018-01-18 15:35:52,580 [1] DEBUG DefaultBootstrap - The server instance LISTServer has been created!
2018-01-18 15:35:52,744 [1] DEBUG LISTServer - The command 11105(ListBLL.Logic.AgentGetGroupInfo) has been discovered
2018-01-18 15:35:52,744 [1] DEBUG LISTServer - The command 11107(ListBLL.Logic.AgentGroupUsersManager) has been discovered
2018-01-18 15:35:52,744 [1] DEBUG LISTServer - The command 11110(ListBLL.Logic.AgentSignIn) has been discovered
2018-01-18 15:35:52,744 [1] DEBUG LISTServer - The command 11060(ListBLL.Logic.ApplyRecord) has been discovered
2018-01-18 15:35:52,745 [1] DEBUG LISTServer - The command 11040(ListBLL.Logic.ApplyToJoin) has been discovered
2018-01-18 15:35:52,745 [1] DEBUG LISTServer - The command 11070(ListBLL.Logic.ChangeApplyStatus) has been discovered
2018-01-18 15:35:52,745 [1] DEBUG LISTServer - The command 11103(ListBLL.Logic.CreateGroup) has been discovered
2018-01-18 15:35:52,745 [1] DEBUG LISTServer - The command 11109(ListBLL.Logic.DeleteGroup) has been discovered
2018-01-18 15:35:52,745 [1] DEBUG LISTServer - The command 19005(ListBLL.Logic.Feedback) has been discovered
2018-01-18 15:35:52,745 [1] DEBUG LISTServer - The command 11020(ListBLL.Logic.GameOperation) has been discovered
2018-01-18 15:35:52,745 [1] DEBUG LISTServer - The command 11030(ListBLL.Logic.GetGroupInfo) has been discovered
2018-01-18 15:35:52,745 [1] DEBUG LISTServer - The command 11032(ListBLL.Logic.GetGroupInfoByGroupID) has been discovered
2018-01-18 15:35:52,745 [1] DEBUG LISTServer - The command 11034(ListBLL.Logic.GetGroupUserInfoByGroupID) has been discovered
2018-01-18 15:35:52,745 [1] DEBUG LISTServer - The command 11022(ListBLL.Logic.GetRoomCard) has been discovered
2018-01-18 15:35:52,745 [1] DEBUG LISTServer - The command 11050(ListBLL.Logic.GroupUsersManager) has been discovered
2018-01-18 15:35:52,745 [1] DEBUG LISTServer - The command 10001(ListBLL.Logic.Heartbeat) has been discovered
2018-01-18 15:35:52,745 [1] DEBUG LISTServer - The command 11080(ListBLL.Logic.LobbyInfo) has been discovered
2018-01-18 15:35:52,746 [1] DEBUG LISTServer - The command 11001(ListBLL.Logic.Login) has been discovered
2018-01-18 15:35:52,746 [1] DEBUG LISTServer - The command 11101(ListBLL.Logic.Package) has been discovered
2018-01-18 15:35:52,746 [1] DEBUG LISTServer - The command 11090(ListBLL.Logic.QuitGroup) has been discovered
2018-01-18 15:35:52,746 [1] DEBUG LISTServer - The command 11108(ListBLL.Logic.SearchPlayer) has been discovered
2018-01-18 15:35:52,746 [1] DEBUG LISTServer - The command 19003(ListBLL.Logic.UserGamePlaybackLogic) has been discovered
2018-01-18 15:35:52,746 [1] DEBUG LISTServer - The command 19001(ListBLL.Logic.UserRecordLogic) has been discovered
2018-01-18 15:35:52,759 [1] DEBUG DefaultBootstrap - The server instance LISTServer has been initialized!
2018-01-18 15:35:53,913 [1] DEBUG DefaultBootstrap - The PerformanceMonitor has been initialized!
2018-01-18 15:35:53,913 [1] DEBUG DefaultBootstrap - The Bootstrap has been initialized!
2018-01-18 15:35:53,934 [1] DEBUG LISTServer - Listener (0.0.0.0:2018) was started
2018-01-18 15:35:53,938 [1] DEBUG DefaultBootstrap - The PerformanceMonitor has been started!
2018-01-18 15:36:22,907 [11] DEBUG LISTServer - 登陆sssionID--------8a07ea64-9982-41dc-9ccf-9bf6c44cd9ef
2018-01-18 15:36:22,907 [11] DEBUG LISTServer - 登录游戏----------2018/1/18 15:36:22
2018-01-18 15:36:23,682 [11] DEBUG LISTServer - 登录用户openid:cb02228dfbbc35594d8f3b7bdaa129cfedd86e9d|昵称:测试用户cb0----------2018/1/18 15:36:23
2018-01-18 15:36:24,230 [11] DEBUG LISTServer - 登录游戏成功----------2018/1/18 15:36:24
2018-01-18 15:36:24,230 [11] DEBUG LISTServer - 新登录用户openid:cb02228dfbbc35594d8f3b7bdaa129cfedd86e9d
2018-01-18 15:38:10,067 [18] DEBUG LISTServer - 登陆sssionID--------05a24453-cef0-4e77-a63f-b30d1a48bce3
2018-01-18 15:38:10,067 [18] DEBUG LISTServer - 登录游戏----------2018/1/18 15:38:10
2018-01-18 15:38:10,259 [18] DEBUG LISTServer - 登录用户openid:167a444356f68ae620bfb654d20de742|昵称:测试用户167----------2018/1/18 15:38:10
2018-01-18 15:38:10,475 [18] DEBUG LISTServer - 登录游戏成功----------2018/1/18 15:38:10
2018-01-18 15:40:35,210 [18] DEBUG LISTServer - 登陆sssionID--------67bcd335-3555-4f50-a658-eabf626e7a72
2018-01-18 15:40:35,210 [18] DEBUG LISTServer - 登录游戏----------2018/1/18 15:40:35
2018-01-18 15:40:35,473 [18] DEBUG LISTServer - 登录用户openid:167a444356f68ae620bfb654d20de742|昵称:测试用户167----------2018/1/18 15:40:35
2018-01-18 15:40:35,651 [18] DEBUG LISTServer - 登录游戏成功----------2018/1/18 15:40:35
2018-01-18 15:52:19,381 [14] DEBUG LISTServer - 登陆sssionID--------623eeb46-1268-4332-b4ca-9804a0009b0d
2018-01-18 15:52:19,381 [14] DEBUG LISTServer - 登录游戏----------2018/1/18 15:52:19
2018-01-18 15:52:19,727 [14] DEBUG LISTServer - 登录用户openid:167a444356f68ae620bfb654d20de742|昵称:测试用户167----------2018/1/18 15:52:19
2018-01-18 15:52:20,160 [14] DEBUG LISTServer - 登录游戏成功----------2018/1/18 15:52:20
2018-01-18 15:53:05,624 [18] DEBUG LISTServer - 登陆sssionID--------6926c7fe-ef22-4c61-937f-0a6cfd79f1ef
2018-01-18 15:53:05,624 [18] DEBUG LISTServer - 登录游戏----------2018/1/18 15:53:05
2018-01-18 15:53:05,816 [18] DEBUG LISTServer - 登录用户openid:cb02228dfbbc35594d8f3b7bdaa129cfedd86e9d|昵称:测试用户cb0----------2018/1/18 15:53:05
2018-01-18 15:53:06,054 [18] DEBUG LISTServer - 登录游戏成功----------2018/1/18 15:53:06
2018-01-18 16:07:29,528 [14] DEBUG LISTServer - 登陆sssionID--------5ce25e9d-dc61-456e-9e9a-5596858fdf3d
2018-01-18 16:07:29,528 [14] DEBUG LISTServer - 登录游戏----------2018/1/18 16:07:29
2018-01-18 16:07:29,844 [14] DEBUG LISTServer - 登录用户openid:167a444356f68ae620bfb654d20de742|昵称:测试用户167----------2018/1/18 16:07:29
2018-01-18 16:07:30,298 [14] DEBUG LISTServer - 登录游戏成功----------2018/1/18 16:07:30
2018-01-18 16:07:41,320 [18] DEBUG LISTServer - 登陆sssionID--------7622b3b1-9c4a-4c72-b506-d6450ed7a3f3
2018-01-18 16:07:41,320 [18] DEBUG LISTServer - 登录游戏----------2018/1/18 16:07:41
2018-01-18 16:07:41,517 [18] DEBUG LISTServer - 登录用户openid:cb02228dfbbc35594d8f3b7bdaa129cfedd86e9d|昵称:测试用户cb0----------2018/1/18 16:07:41
2018-01-18 16:07:41,722 [18] DEBUG LISTServer - 登录游戏成功----------2018/1/18 16:07:41
2018-01-18 17:36:41,566 [1] DEBUG DefaultBootstrap - The server instance LISTServer has been created!
2018-01-18 17:36:43,002 [1] DEBUG LISTServer - The command 11105(ListBLL.Logic.AgentGetGroupInfo) has been discovered
2018-01-18 17:36:43,002 [1] DEBUG LISTServer - The command 11107(ListBLL.Logic.AgentGroupUsersManager) has been discovered
2018-01-18 17:36:43,002 [1] DEBUG LISTServer - The command 11110(ListBLL.Logic.AgentSignIn) has been discovered
2018-01-18 17:36:43,002 [1] DEBUG LISTServer - The command 11060(ListBLL.Logic.ApplyRecord) has been discovered
2018-01-18 17:36:43,002 [1] DEBUG LISTServer - The command 11040(ListBLL.Logic.ApplyToJoin) has been discovered
2018-01-18 17:36:43,002 [1] DEBUG LISTServer - The command 11070(ListBLL.Logic.ChangeApplyStatus) has been discovered
2018-01-18 17:36:43,002 [1] DEBUG LISTServer - The command 11103(ListBLL.Logic.CreateGroup) has been discovered
2018-01-18 17:36:43,002 [1] DEBUG LISTServer - The command 11109(ListBLL.Logic.DeleteGroup) has been discovered
2018-01-18 17:36:43,002 [1] DEBUG LISTServer - The command 19005(ListBLL.Logic.Feedback) has been discovered
2018-01-18 17:36:43,002 [1] DEBUG LISTServer - The command 11020(ListBLL.Logic.GameOperation) has been discovered
2018-01-18 17:36:43,002 [1] DEBUG LISTServer - The command 11030(ListBLL.Logic.GetGroupInfo) has been discovered
2018-01-18 17:36:43,003 [1] DEBUG LISTServer - The command 11032(ListBLL.Logic.GetGroupInfoByGroupID) has been discovered
2018-01-18 17:36:43,003 [1] DEBUG LISTServer - The command 11034(ListBLL.Logic.GetGroupUserInfoByGroupID) has been discovered
2018-01-18 17:36:43,003 [1] DEBUG LISTServer - The command 11022(ListBLL.Logic.GetRoomCard) has been discovered
2018-01-18 17:36:43,003 [1] DEBUG LISTServer - The command 11050(ListBLL.Logic.GroupUsersManager) has been discovered
2018-01-18 17:36:43,003 [1] DEBUG LISTServer - The command 10001(ListBLL.Logic.Heartbeat) has been discovered
2018-01-18 17:36:43,003 [1] DEBUG LISTServer - The command 11080(ListBLL.Logic.LobbyInfo) has been discovered
2018-01-18 17:36:43,003 [1] DEBUG LISTServer - The command 11001(ListBLL.Logic.Login) has been discovered
2018-01-18 17:36:43,003 [1] DEBUG LISTServer - The command 11101(ListBLL.Logic.Package) has been discovered
2018-01-18 17:36:43,003 [1] DEBUG LISTServer - The command 11090(ListBLL.Logic.QuitGroup) has been discovered
2018-01-18 17:36:43,003 [1] DEBUG LISTServer - The command 11108(ListBLL.Logic.SearchPlayer) has been discovered
2018-01-18 17:36:43,003 [1] DEBUG LISTServer - The command 19003(ListBLL.Logic.UserGamePlaybackLogic) has been discovered
2018-01-18 17:36:43,003 [1] DEBUG LISTServer - The command 19001(ListBLL.Logic.UserRecordLogic) has been discovered
2018-01-18 17:36:43,024 [1] DEBUG DefaultBootstrap - The server instance LISTServer has been initialized!
2018-01-18 17:36:46,822 [1] DEBUG DefaultBootstrap - The PerformanceMonitor has been initialized!
2018-01-18 17:36:46,822 [1] DEBUG DefaultBootstrap - The Bootstrap has been initialized!
2018-01-18 17:36:46,882 [1] DEBUG LISTServer - Listener (0.0.0.0:2018) was started
2018-01-18 17:36:46,926 [1] DEBUG DefaultBootstrap - The PerformanceMonitor has been started!
2018-01-18 17:36:52,345 [8] DEBUG LISTServer - 登陆sssionID--------60313f41-d602-4de8-97f7-32d6799bd100
2018-01-18 17:36:52,345 [8] DEBUG LISTServer - 登录游戏----------2018/1/18 17:36:52
2018-01-18 17:36:54,316 [8] DEBUG LISTServer - 登录用户openid:4de76b098330d589e156f47c72bad08b|昵称:测试用户4de----------2018/1/18 17:36:54
2018-01-18 17:36:55,081 [8] DEBUG LISTServer - 登录游戏成功----------2018/1/18 17:36:55
2018-01-18 17:41:04,669 [7] DEBUG LISTServer - 登陆sssionID--------6dc0d232-49fc-4c04-9283-a1127bbb290f
2018-01-18 17:41:04,669 [7] DEBUG LISTServer - 登录游戏----------2018/1/18 17:41:04
2018-01-18 17:41:04,923 [7] DEBUG LISTServer - 登录用户openid:cb02228dfbbc35594d8f3b7bdaa129cfedd86e9d|昵称:测试用户cb0----------2018/1/18 17:41:04
2018-01-18 17:41:05,146 [7] DEBUG LISTServer - 登录游戏成功----------2018/1/18 17:41:05
2018-01-18 17:53:17,147 [1] DEBUG DefaultBootstrap - The server instance LISTServer has been created!
2018-01-18 17:53:17,396 [1] DEBUG LISTServer - The command 11105(ListBLL.Logic.AgentGetGroupInfo) has been discovered
2018-01-18 17:53:17,397 [1] DEBUG LISTServer - The command 11107(ListBLL.Logic.AgentGroupUsersManager) has been discovered
2018-01-18 17:53:17,397 [1] DEBUG LISTServer - The command 11110(ListBLL.Logic.AgentSignIn) has been discovered
2018-01-18 17:53:17,397 [1] DEBUG LISTServer - The command 11060(ListBLL.Logic.ApplyRecord) has been discovered
2018-01-18 17:53:17,397 [1] DEBUG LISTServer - The command 11040(ListBLL.Logic.ApplyToJoin) has been discovered
2018-01-18 17:53:17,397 [1] DEBUG LISTServer - The command 11070(ListBLL.Logic.ChangeApplyStatus) has been discovered
2018-01-18 17:53:17,397 [1] DEBUG LISTServer - The command 11103(ListBLL.Logic.CreateGroup) has been discovered
2018-01-18 17:53:17,397 [1] DEBUG LISTServer - The command 11109(ListBLL.Logic.DeleteGroup) has been discovered
2018-01-18 17:53:17,397 [1] DEBUG LISTServer - The command 19005(ListBLL.Logic.Feedback) has been discovered
2018-01-18 17:53:17,397 [1] DEBUG LISTServer - The command 11020(ListBLL.Logic.GameOperation) has been discovered
2018-01-18 17:53:17,397 [1] DEBUG LISTServer - The command 11030(ListBLL.Logic.GetGroupInfo) has been discovered
2018-01-18 17:53:17,397 [1] DEBUG LISTServer - The command 11032(ListBLL.Logic.GetGroupInfoByGroupID) has been discovered
2018-01-18 17:53:17,398 [1] DEBUG LISTServer - The command 11034(ListBLL.Logic.GetGroupUserInfoByGroupID) has been discovered
2018-01-18 17:53:17,398 [1] DEBUG LISTServer - The command 11022(ListBLL.Logic.GetRoomCard) has been discovered
2018-01-18 17:53:17,398 [1] DEBUG LISTServer - The command 11050(ListBLL.Logic.GroupUsersManager) has been discovered
2018-01-18 17:53:17,398 [1] DEBUG LISTServer - The command 10001(ListBLL.Logic.Heartbeat) has been discovered
2018-01-18 17:53:17,398 [1] DEBUG LISTServer - The command 11080(ListBLL.Logic.LobbyInfo) has been discovered
2018-01-18 17:53:17,398 [1] DEBUG LISTServer - The command 11001(ListBLL.Logic.Login) has been discovered
2018-01-18 17:53:17,398 [1] DEBUG LISTServer - The command 11101(ListBLL.Logic.Package) has been discovered
2018-01-18 17:53:17,398 [1] DEBUG LISTServer - The command 11090(ListBLL.Logic.QuitGroup) has been discovered
2018-01-18 17:53:17,398 [1] DEBUG LISTServer - The command 11108(ListBLL.Logic.SearchPlayer) has been discovered
2018-01-18 17:53:17,398 [1] DEBUG LISTServer - The command 19003(ListBLL.Logic.UserGamePlaybackLogic) has been discovered
2018-01-18 17:53:17,398 [1] DEBUG LISTServer - The command 19001(ListBLL.Logic.UserRecordLogic) has been discovered
2018-01-18 17:53:17,411 [1] DEBUG DefaultBootstrap - The server instance LISTServer has been initialized!
2018-01-18 17:53:18,707 [1] DEBUG DefaultBootstrap - The PerformanceMonitor has been initialized!
2018-01-18 17:53:18,707 [1] DEBUG DefaultBootstrap - The Bootstrap has been initialized!
2018-01-18 17:53:18,737 [1] DEBUG LISTServer - Listener (0.0.0.0:2018) was started
2018-01-18 17:53:18,741 [1] DEBUG DefaultBootstrap - The PerformanceMonitor has been started!
2018-01-18 17:53:44,218 [7] DEBUG LISTServer - 登陆sssionID--------105cf57c-9eee-4473-8e77-ca97ef3cc4a7
2018-01-18 17:53:44,218 [7] DEBUG LISTServer - 登录游戏----------2018/1/18 17:53:44
2018-01-18 17:53:50,016 [7] DEBUG LISTServer - 登录用户openid:4de76b098330d589e156f47c72bad08b|昵称:测试用户4de----------2018/1/18 17:53:50
2018-01-18 17:53:50,816 [7] DEBUG LISTServer - 登录游戏成功----------2018/1/18 17:53:50
2018-01-18 17:53:50,816 [7] DEBUG LISTServer - 新登录用户openid:4de76b098330d589e156f47c72bad08b
2018-01-18 17:57:31,127 [7] DEBUG LISTServer - 登陆sssionID--------8bbc051e-631f-409c-b1e1-08d1081aa4d3
2018-01-18 17:57:31,127 [7] DEBUG LISTServer - 登录游戏----------2018/1/18 17:57:31
2018-01-18 17:57:32,567 [7] DEBUG LISTServer - 登录用户openid:4de76b098330d589e156f47c72bad08b|昵称:测试用户4de----------2018/1/18 17:57:32
2018-01-18 17:57:32,770 [7] DEBUG LISTServer - 登录游戏成功----------2018/1/18 17:57:32
2018-01-18 17:58:54,458 [15] DEBUG LISTServer - 登陆sssionID--------132703ae-b0f3-48c1-ba74-81d10bed55af
2018-01-18 17:58:54,458 [15] DEBUG LISTServer - 登录游戏----------2018/1/18 17:58:54
2018-01-18 17:58:54,677 [15] DEBUG LISTServer - 登录用户openid:4de76b098330d589e156f47c72bad08b|昵称:测试用户4de----------2018/1/18 17:58:54
2018-01-18 17:58:54,680 [15] DEBUG LISTServer - 登录游戏成功,当前对象存在----------2018/1/18 17:58:54
2018-01-18 17:58:54,889 [15] DEBUG LISTServer - 登录游戏成功,当前对象存在----------2018/1/18 17:58:54
2018-01-18 18:04:44,148 [12] DEBUG LISTServer - 登陆sssionID--------056b9b64-0162-40b3-b281-e553af7c8f84
2018-01-18 18:04:44,149 [12] DEBUG LISTServer - 登录游戏----------2018/1/18 18:04:44
2018-01-18 18:04:44,330 [12] DEBUG LISTServer - 登录用户openid:cb02228dfbbc35594d8f3b7bdaa129cfedd86e9d|昵称:测试用户cb0----------2018/1/18 18:04:44
2018-01-18 18:04:44,535 [12] DEBUG LISTServer - 登录游戏成功----------2018/1/18 18:04:44
2018-01-18 18:05:28,476 [7] DEBUG LISTServer - 登陆sssionID--------1f4b9280-efdd-4e85-8795-9813cffd1b50
2018-01-18 18:05:28,476 [7] DEBUG LISTServer - 登录游戏----------2018/1/18 18:05:28
2018-01-18 18:05:28,669 [7] DEBUG LISTServer - 登录用户openid:cb02228dfbbc35594d8f3b7bdaa129cfedd86e9d|昵称:测试用户cb0----------2018/1/18 18:05:28
2018-01-18 18:05:28,906 [7] DEBUG LISTServer - 登录游戏成功----------2018/1/18 18:05:28
2018-01-18 18:05:56,276 [7] DEBUG LISTServer - 登陆sssionID--------59bbd1ca-e4d2-412e-83c9-cd5bf73d006f
2018-01-18 18:05:56,276 [7] DEBUG LISTServer - 登录游戏----------2018/1/18 18:05:56
2018-01-18 18:05:56,468 [7] DEBUG LISTServer - 登录用户openid:cb02228dfbbc35594d8f3b7bdaa129cfedd86e9d|昵称:测试用户cb0----------2018/1/18 18:05:56
2018-01-18 18:05:56,646 [7] DEBUG LISTServer - 登录游戏成功----------2018/1/18 18:05:56
