2017-09-25 09:43:19,340 [1] DEBUG DefaultBootstrap - The server instance LISTServer has been created!
2017-09-25 09:43:19,480 [1] DEBUG LISTServer - The command 11020(ListBLL.Logic.GameOperation) has been discovered
2017-09-25 09:43:19,480 [1] DEBUG LISTServer - The command 10001(ListBLL.Logic.Heartbeat) has been discovered
2017-09-25 09:43:19,480 [1] DEBUG LISTServer - The command 11001(ListBLL.Logic.Login) has been discovered
2017-09-25 09:43:19,480 [1] DEBUG LISTServer - The command 19003(ListBLL.Logic.UserGamePlaybackLogic) has been discovered
2017-09-25 09:43:19,480 [1] DEBUG LISTServer - The command 19001(ListBLL.Logic.UserRecordLogic) has been discovered
2017-09-25 09:43:19,496 [1] DEBUG DefaultBootstrap - The server instance LISTServer has been initialized!
2017-09-25 09:43:20,105 [1] DEBUG DefaultBootstrap - The PerformanceMonitor has been initialized!
2017-09-25 09:43:20,105 [1] DEBUG DefaultBootstrap - The Bootstrap has been initialized!
2017-09-25 09:43:20,121 [1] DEBUG LISTServer - Listener (0.0.0.0:2018) was started
2017-09-25 09:43:20,121 [1] DEBUG DefaultBootstrap - The PerformanceMonitor has been started!
2017-09-25 09:47:17,517 [14] DEBUG LISTServer - 登陆sssionID--------ce785455-84ff-4c51-a339-89f4974da8aa
2017-09-25 09:47:17,517 [14] DEBUG LISTServer - 登录游戏----------2017/9/25 9:47:17
2017-09-25 09:47:18,924 [14] DEBUG LISTServer - 登录用户openid:2be4087248667baee875b4dd4e4e388e|昵称:测试用户2be----------2017/9/25 9:47:18
2017-09-25 09:47:20,627 [14] DEBUG LISTServer - 登录游戏成功----------2017/9/25 9:47:20
2017-09-25 09:48:04,534 [17] DEBUG LISTServer - 登陆sssionID--------e9d6a367-1ea4-45bd-b4df-f2e220559a0e
2017-09-25 09:48:04,534 [17] DEBUG LISTServer - 登录游戏----------2017/9/25 9:48:04
2017-09-25 09:48:04,756 [17] DEBUG LISTServer - 登录用户openid:9697486827159f30f5cab73bbab97a1b56966c2a|昵称:测试用户969----------2017/9/25 9:48:04
2017-09-25 09:48:05,549 [17] DEBUG LISTServer - 登录游戏成功----------2017/9/25 9:48:05
2017-09-25 09:57:05,308 [8] DEBUG LISTServer - 登陆sssionID--------f630b001-c2bf-449f-8d02-1f6d9a9d986d
2017-09-25 09:57:05,308 [8] DEBUG LISTServer - 登录游戏----------2017/9/25 9:57:05
2017-09-25 09:57:05,870 [8] DEBUG LISTServer - 登录用户openid:9697486827159f30f5cab73bbab97a1b56966c2a|昵称:测试用户969----------2017/9/25 9:57:05
2017-09-25 09:57:06,777 [8] DEBUG LISTServer - 登录游戏成功,当前对象存在----------2017/9/25 9:57:06
2017-09-25 09:58:41,064 [13] DEBUG LISTServer - 登陆sssionID--------f82d2ed9-c169-40a1-b1b5-0a1c377a422a
2017-09-25 09:58:41,064 [13] DEBUG LISTServer - 登录游戏----------2017/9/25 9:58:41
2017-09-25 09:58:41,455 [13] DEBUG LISTServer - 登录用户openid:9697486827159f30f5cab73bbab97a1b56966c2a|昵称:测试用户969----------2017/9/25 9:58:41
2017-09-25 09:58:42,393 [13] DEBUG LISTServer - 登录游戏成功,当前对象存在----------2017/9/25 9:58:42
2017-09-25 10:01:55,697 [17] DEBUG LISTServer - 登陆sssionID--------9d576e31-96f1-4507-bc9e-ce1de147339b
2017-09-25 10:01:55,697 [17] DEBUG LISTServer - 登录游戏----------2017/9/25 10:01:55
2017-09-25 10:01:56,026 [17] DEBUG LISTServer - 登录用户openid:9697486827159f30f5cab73bbab97a1b56966c2a|昵称:测试用户969----------2017/9/25 10:01:56
2017-09-25 10:01:56,807 [17] DEBUG LISTServer - 登录游戏成功,当前对象存在----------2017/9/25 10:01:56
2017-09-25 10:05:32,894 [13] DEBUG LISTServer - 登陆sssionID--------44814dba-8519-472d-8d68-204d525750c0
2017-09-25 10:05:32,894 [13] DEBUG LISTServer - 登录游戏----------2017/9/25 10:05:32
2017-09-25 10:05:33,253 [13] DEBUG LISTServer - 登录用户openid:ba9888ce2db1bd530ba845f3283b7b0a|昵称:测试用户ba9----------2017/9/25 10:05:33
2017-09-25 10:05:33,847 [13] DEBUG LISTServer - 登录游戏成功----------2017/9/25 10:05:33
2017-09-25 10:07:05,027 [8] DEBUG LISTServer - 登陆sssionID--------2baf29c7-c3a7-40f1-96d1-a4a05c6ac4df
2017-09-25 10:07:05,027 [8] DEBUG LISTServer - 登录游戏----------2017/9/25 10:07:05
2017-09-25 10:07:05,323 [8] DEBUG LISTServer - 登录用户openid:ba9888ce2db1bd530ba845f3283b7b0a|昵称:测试用户ba9----------2017/9/25 10:07:05
2017-09-25 10:07:05,980 [8] DEBUG LISTServer - 登录游戏成功,当前对象存在----------2017/9/25 10:07:05
2017-09-25 10:08:21,911 [14] DEBUG LISTServer - 登陆sssionID--------8234ad85-1ad3-43aa-8215-6f75fdcc137c
2017-09-25 10:08:21,911 [14] DEBUG LISTServer - 登录游戏----------2017/9/25 10:08:21
2017-09-25 10:08:22,286 [14] DEBUG LISTServer - 登录用户openid:17da9228849df8ed9400ca4e907dca8c776081ad|昵称:测试用户17d----------2017/9/25 10:08:22
2017-09-25 10:08:23,007 [14] DEBUG LISTServer - 登录游戏成功----------2017/9/25 10:08:23
2017-09-25 10:13:03,343 [13] DEBUG LISTServer - 登陆sssionID--------6a89536a-2531-449d-8060-59d632faaf86
2017-09-25 10:13:03,343 [13] DEBUG LISTServer - 登录游戏----------2017/9/25 10:13:03
2017-09-25 10:13:03,747 [13] DEBUG LISTServer - 登录用户openid:9697486827159f30f5cab73bbab97a1b56966c2a|昵称:测试用户969----------2017/9/25 10:13:03
2017-09-25 10:13:04,450 [13] DEBUG LISTServer - 登录游戏成功,当前对象存在----------2017/9/25 10:13:04
2017-09-25 10:14:47,576 [8] DEBUG LISTServer - 登陆sssionID--------51a294c8-0cbe-4cd3-9bcd-0884a1a5b442
2017-09-25 10:14:47,576 [8] DEBUG LISTServer - 登录游戏----------2017/9/25 10:14:47
2017-09-25 10:14:47,873 [8] DEBUG LISTServer - 登录用户openid:17da9228849df8ed9400ca4e907dca8c776081ad|昵称:测试用户17d----------2017/9/25 10:14:47
2017-09-25 10:14:48,480 [8] DEBUG LISTServer - 登录游戏成功,当前对象存在----------2017/9/25 10:14:48
2017-09-25 10:17:57,642 [14] DEBUG LISTServer - 登陆sssionID--------bfffdbbf-6495-46c6-b09d-23d02ee7309a
2017-09-25 10:17:57,642 [14] DEBUG LISTServer - 登录游戏----------2017/9/25 10:17:57
2017-09-25 10:17:58,115 [14] DEBUG LISTServer - 登录用户openid:9697486827159f30f5cab73bbab97a1b56966c2a|昵称:测试用户969----------2017/9/25 10:17:58
2017-09-25 10:17:58,827 [14] DEBUG LISTServer - 登录游戏成功,当前对象存在----------2017/9/25 10:17:58
2017-09-25 10:25:51,151 [13] DEBUG LISTServer - 登陆sssionID--------a008fe33-0b99-4ba5-909b-8ae62398e440
2017-09-25 10:25:51,151 [13] DEBUG LISTServer - 登录游戏----------2017/9/25 10:25:51
2017-09-25 10:25:51,823 [13] DEBUG LISTServer - 登录用户openid:17da9228849df8ed9400ca4e907dca8c776081ad|昵称:测试用户17d----------2017/9/25 10:25:51
2017-09-25 10:25:52,620 [13] DEBUG LISTServer - 登录游戏成功,当前对象存在----------2017/9/25 10:25:52
2017-09-25 10:31:44,120 [14] DEBUG LISTServer - 登陆sssionID--------8f97f121-c8f5-41dc-843f-05f5af414584
2017-09-25 10:31:44,120 [14] DEBUG LISTServer - 登录游戏----------2017/9/25 10:31:44
2017-09-25 10:31:44,573 [14] DEBUG LISTServer - 登录用户openid:17da9228849df8ed9400ca4e907dca8c776081ad|昵称:测试用户17d----------2017/9/25 10:31:44
2017-09-25 10:31:45,511 [14] DEBUG LISTServer - 登录游戏成功,当前对象存在----------2017/9/25 10:31:45
2017-09-25 10:36:04,612 [14] DEBUG LISTServer - 登陆sssionID--------955e1548-378e-4e4b-ba0f-595a81af8a19
2017-09-25 10:36:04,612 [14] DEBUG LISTServer - 登录游戏----------2017/9/25 10:36:04
2017-09-25 10:36:05,159 [14] DEBUG LISTServer - 登录用户openid:17da9228849df8ed9400ca4e907dca8c776081ad|昵称:测试用户17d----------2017/9/25 10:36:05
2017-09-25 10:36:05,847 [14] DEBUG LISTServer - 登录游戏成功,当前对象存在----------2017/9/25 10:36:05
2017-09-25 10:36:28,395 [13] DEBUG LISTServer - 登陆sssionID--------61786c3b-3513-4d70-b39d-51167d17db45
2017-09-25 10:36:28,395 [13] DEBUG LISTServer - 登录游戏----------2017/9/25 10:36:28
2017-09-25 10:36:28,660 [13] DEBUG LISTServer - 登录用户openid:ba9888ce2db1bd530ba845f3283b7b0a|昵称:测试用户ba9----------2017/9/25 10:36:28
2017-09-25 10:36:29,488 [13] DEBUG LISTServer - 登录游戏成功,当前对象存在----------2017/9/25 10:36:29
2017-09-25 11:22:07,189 [14] DEBUG LISTServer - 登陆sssionID--------819ec6d0-3da6-45c4-9c74-3c3c78d185ac
2017-09-25 11:22:07,189 [14] DEBUG LISTServer - 登录游戏----------2017/9/25 11:22:07
2017-09-25 11:22:07,815 [14] DEBUG LISTServer - 登录用户openid:17da9228849df8ed9400ca4e907dca8c776081ad|昵称:测试用户17d----------2017/9/25 11:22:07
2017-09-25 11:22:09,299 [14] DEBUG LISTServer - 登录游戏成功,当前对象存在----------2017/9/25 11:22:09
2017-09-25 11:24:54,626 [13] DEBUG LISTServer - 登陆sssionID--------33dc9f71-99e4-4fca-b9ad-d2dfff762016
2017-09-25 11:24:54,626 [13] DEBUG LISTServer - 登录游戏----------2017/9/25 11:24:54
2017-09-25 11:24:55,205 [13] DEBUG LISTServer - 登录用户openid:17da9228849df8ed9400ca4e907dca8c776081ad|昵称:测试用户17d----------2017/9/25 11:24:55
2017-09-25 11:24:56,142 [13] DEBUG LISTServer - 登录游戏成功,当前对象存在----------2017/9/25 11:24:56
2017-09-25 11:25:11,034 [14] DEBUG LISTServer - 登陆sssionID--------72e574a8-a826-40fa-9689-5b7e9c641f6d
2017-09-25 11:25:11,034 [14] DEBUG LISTServer - 登录游戏----------2017/9/25 11:25:11
2017-09-25 11:25:11,300 [14] DEBUG LISTServer - 登录用户openid:ba9888ce2db1bd530ba845f3283b7b0a|昵称:测试用户ba9----------2017/9/25 11:25:11
2017-09-25 11:25:12,097 [14] DEBUG LISTServer - 登录游戏成功----------2017/9/25 11:25:12
2017-09-25 11:29:08,467 [13] DEBUG LISTServer - 登陆sssionID--------ce99a9b0-4e54-42d4-b5d2-f6d04ce2f8bb
2017-09-25 11:29:08,467 [13] DEBUG LISTServer - 登录游戏----------2017/9/25 11:29:08
2017-09-25 11:29:08,842 [13] DEBUG LISTServer - 登录用户openid:ba9888ce2db1bd530ba845f3283b7b0a|昵称:测试用户ba9----------2017/9/25 11:29:08
2017-09-25 11:29:09,576 [13] DEBUG LISTServer - 登录游戏成功,当前对象存在----------2017/9/25 11:29:09
2017-09-25 11:38:37,330 [17] DEBUG LISTServer - 登陆sssionID--------dba96985-36a8-463b-9f74-54e787a6569a
2017-09-25 11:38:37,330 [17] DEBUG LISTServer - 登录游戏----------2017/9/25 11:38:37
2017-09-25 11:38:37,627 [17] DEBUG LISTServer - 登录用户openid:17da9228849df8ed9400ca4e907dca8c776081ad|昵称:测试用户17d----------2017/9/25 11:38:37
2017-09-25 11:38:38,268 [17] DEBUG LISTServer - 登录游戏成功,当前对象存在----------2017/9/25 11:38:38
2017-09-25 11:40:19,769 [13] DEBUG LISTServer - 登陆sssionID--------d5809e1b-8981-4376-9d2c-c8387cf478a1
2017-09-25 11:40:19,769 [13] DEBUG LISTServer - 登录游戏----------2017/9/25 11:40:19
2017-09-25 11:40:20,425 [13] DEBUG LISTServer - 登录用户openid:17da9228849df8ed9400ca4e907dca8c776081ad|昵称:测试用户17d----------2017/9/25 11:40:20
2017-09-25 11:40:21,082 [13] DEBUG LISTServer - 登录游戏成功,当前对象存在----------2017/9/25 11:40:21
2017-09-25 11:42:19,625 [8] DEBUG LISTServer - 登陆sssionID--------c1ea9534-1ff3-44f2-8f5a-899b844c1ba5
2017-09-25 11:42:19,625 [8] DEBUG LISTServer - 登录游戏----------2017/9/25 11:42:19
2017-09-25 11:42:20,078 [8] DEBUG LISTServer - 登录用户openid:17da9228849df8ed9400ca4e907dca8c776081ad|昵称:测试用户17d----------2017/9/25 11:42:20
2017-09-25 11:42:20,687 [8] DEBUG LISTServer - 登录游戏成功,当前对象存在----------2017/9/25 11:42:20
2017-09-25 11:43:55,456 [8] DEBUG LISTServer - 登陆sssionID--------988d77c8-5438-4ec2-b96b-9c38233182f1
2017-09-25 11:43:55,456 [8] DEBUG LISTServer - 登录游戏----------2017/9/25 11:43:55
2017-09-25 11:43:55,722 [8] DEBUG LISTServer - 登录用户openid:17da9228849df8ed9400ca4e907dca8c776081ad|昵称:测试用户17d----------2017/9/25 11:43:55
2017-09-25 11:43:56,300 [8] DEBUG LISTServer - 登录游戏成功,当前对象存在----------2017/9/25 11:43:56
2017-09-25 11:44:10,654 [17] DEBUG LISTServer - 登陆sssionID--------4bfbb6c3-a28b-4ef7-96d4-42c11eafc6ff
2017-09-25 11:44:10,654 [17] DEBUG LISTServer - 登录游戏----------2017/9/25 11:44:10
2017-09-25 11:44:10,795 [17] DEBUG LISTServer - 登录用户openid:13cdd4e572743f204c3335c7376a4711|昵称:测试用户13c----------2017/9/25 11:44:10
2017-09-25 11:44:11,389 [17] DEBUG LISTServer - 登录游戏成功----------2017/9/25 11:44:11
2017-09-25 11:45:08,521 [17] DEBUG LISTServer - 登陆sssionID--------27b73c97-c121-4927-9e46-d0ce3a0e55d6
2017-09-25 11:45:08,521 [17] DEBUG LISTServer - 登录游戏----------2017/9/25 11:45:08
2017-09-25 11:45:08,755 [17] DEBUG LISTServer - 登录用户openid:17da9228849df8ed9400ca4e907dca8c776081ad|昵称:测试用户17d----------2017/9/25 11:45:08
2017-09-25 11:45:09,521 [17] DEBUG LISTServer - 登录游戏成功,当前对象存在----------2017/9/25 11:45:09
2017-09-25 12:01:19,196 [13] DEBUG LISTServer - 登陆sssionID--------c5667420-dffa-4438-9ac9-25326dd2988c
2017-09-25 12:01:19,196 [13] DEBUG LISTServer - 登录游戏----------2017/9/25 12:01:19
2017-09-25 12:01:19,852 [13] DEBUG LISTServer - 登录用户openid:ba9888ce2db1bd530ba845f3283b7b0a|昵称:测试用户ba9----------2017/9/25 12:01:19
2017-09-25 12:01:20,774 [13] DEBUG LISTServer - 登录游戏成功,当前对象存在----------2017/9/25 12:01:20
2017-09-25 12:01:27,807 [17] DEBUG LISTServer - 登陆sssionID--------79c15f65-b33f-4786-ba81-7853c94fc3fa
2017-09-25 12:01:27,807 [17] DEBUG LISTServer - 登录游戏----------2017/9/25 12:01:27
2017-09-25 12:01:29,729 [17] DEBUG LISTServer - 登录用户openid:17da9228849df8ed9400ca4e907dca8c776081ad|昵称:测试用户17d----------2017/9/25 12:01:29
2017-09-25 12:01:30,432 [17] DEBUG LISTServer - 登录游戏成功,当前对象存在----------2017/9/25 12:01:30
2017-09-25 14:18:52,041 [17] DEBUG LISTServer - 登陆sssionID--------4390f391-c0bb-478c-9001-1e549ab943e6
2017-09-25 14:18:52,041 [17] DEBUG LISTServer - 登录游戏----------2017/9/25 14:18:52
2017-09-25 14:18:52,776 [17] DEBUG LISTServer - 登录用户openid:17da9228849df8ed9400ca4e907dca8c776081ad|昵称:测试用户17d----------2017/9/25 14:18:52
2017-09-25 14:18:54,588 [17] DEBUG LISTServer - 登录游戏成功,当前对象存在----------2017/9/25 14:18:54
2017-09-25 14:19:11,323 [17] DEBUG LISTServer - 登陆sssionID--------e91c2235-55ff-4c59-8854-6a479caebfa4
2017-09-25 14:19:11,323 [17] DEBUG LISTServer - 登录游戏----------2017/9/25 14:19:11
2017-09-25 14:19:11,557 [17] DEBUG LISTServer - 登录用户openid:ba9888ce2db1bd530ba845f3283b7b0a|昵称:测试用户ba9----------2017/9/25 14:19:11
2017-09-25 14:19:12,635 [17] DEBUG LISTServer - 登录游戏成功,当前对象存在----------2017/9/25 14:19:12
2017-09-25 14:20:54,122 [17] DEBUG LISTServer - 登陆sssionID--------f430ab4a-5fce-4d27-99fa-a81c731ea487
2017-09-25 14:20:54,122 [17] DEBUG LISTServer - 登录游戏----------2017/9/25 14:20:54
2017-09-25 14:20:54,529 [17] DEBUG LISTServer - 登录用户openid:17da9228849df8ed9400ca4e907dca8c776081ad|昵称:测试用户17d----------2017/9/25 14:20:54
2017-09-25 14:20:55,200 [17] DEBUG LISTServer - 登录游戏成功,当前对象存在----------2017/9/25 14:20:55
2017-09-25 14:24:51,802 [17] DEBUG LISTServer - 登陆sssionID--------082d5a57-cbd2-4ca5-a0fa-5fab70f271c8
2017-09-25 14:24:51,802 [17] DEBUG LISTServer - 登录游戏----------2017/9/25 14:24:51
2017-09-25 14:24:52,318 [17] DEBUG LISTServer - 登录用户openid:9697486827159f30f5cab73bbab97a1b56966c2a|昵称:测试用户969----------2017/9/25 14:24:52
2017-09-25 14:24:53,021 [17] DEBUG LISTServer - 登录游戏成功,当前对象存在----------2017/9/25 14:24:53
2017-09-25 14:25:31,463 [8] DEBUG LISTServer - 登陆sssionID--------a5e8525f-48dd-4e79-b84e-dce13d785b44
2017-09-25 14:25:31,463 [8] DEBUG LISTServer - 登录游戏----------2017/9/25 14:25:31
2017-09-25 14:25:31,635 [8] DEBUG LISTServer - 登录用户openid:d034588c6ec5e255f9ab0bf73dbcf90e77614c76|昵称:测试用户d03----------2017/9/25 14:25:31
2017-09-25 14:25:32,291 [8] DEBUG LISTServer - 登录游戏成功----------2017/9/25 14:25:32
2017-09-25 14:25:52,173 [17] DEBUG LISTServer - 登陆sssionID--------faaac384-eddf-4341-aede-2544b4a66db7
2017-09-25 14:25:52,173 [17] DEBUG LISTServer - 登录游戏----------2017/9/25 14:25:52
2017-09-25 14:25:52,330 [17] DEBUG LISTServer - 登录用户openid:17da9228849df8ed9400ca4e907dca8c776081ad|昵称:测试用户17d----------2017/9/25 14:25:52
2017-09-25 14:25:52,939 [17] DEBUG LISTServer - 登录游戏成功,当前对象存在----------2017/9/25 14:25:52
2017-09-25 14:29:00,779 [14] DEBUG LISTServer - 登陆sssionID--------7a689456-38a5-45bd-8cd4-691ac9370d19
2017-09-25 14:29:00,779 [14] DEBUG LISTServer - 登录游戏----------2017/9/25 14:29:00
2017-09-25 14:29:01,185 [14] DEBUG LISTServer - 登录用户openid:9697486827159f30f5cab73bbab97a1b56966c2a|昵称:测试用户969----------2017/9/25 14:29:01
2017-09-25 14:29:01,857 [14] DEBUG LISTServer - 登录游戏成功,当前对象存在----------2017/9/25 14:29:01
2017-09-25 14:30:24,490 [8] DEBUG LISTServer - 登陆sssionID--------b18083cd-01f6-4ef2-9902-a26af104384c
2017-09-25 14:30:24,490 [8] DEBUG LISTServer - 登录游戏----------2017/9/25 14:30:24
2017-09-25 14:30:24,674 [8] DEBUG LISTServer - 登录用户openid:9697486827159f30f5cab73bbab97a1b56966c2a|昵称:测试用户969----------2017/9/25 14:30:24
2017-09-25 14:30:25,284 [8] DEBUG LISTServer - 登录游戏成功,当前对象存在----------2017/9/25 14:30:25
2017-09-25 14:33:51,057 [13] DEBUG LISTServer - 登陆sssionID--------bd97077d-bd74-46a6-9167-d917d56d30e6
2017-09-25 14:33:51,057 [13] DEBUG LISTServer - 登录游戏----------2017/9/25 14:33:51
2017-09-25 14:33:51,378 [13] DEBUG LISTServer - 登录用户openid:17da9228849df8ed9400ca4e907dca8c776081ad|昵称:测试用户17d----------2017/9/25 14:33:51
2017-09-25 14:33:52,039 [13] DEBUG LISTServer - 登录游戏成功,当前对象存在----------2017/9/25 14:33:52
2017-09-25 14:35:06,526 [14] DEBUG LISTServer - 登陆sssionID--------b983985b-d63f-45f2-aae8-4a22ea5f1572
2017-09-25 14:35:06,526 [14] DEBUG LISTServer - 登录游戏----------2017/9/25 14:35:06
2017-09-25 14:35:06,785 [14] DEBUG LISTServer - 登录用户openid:9697486827159f30f5cab73bbab97a1b56966c2a|昵称:测试用户969----------2017/9/25 14:35:06
2017-09-25 14:35:07,445 [14] DEBUG LISTServer - 登录游戏成功,当前对象存在----------2017/9/25 14:35:07
2017-09-25 14:41:15,311 [14] DEBUG LISTServer - 登陆sssionID--------9e8bdff1-820a-4867-97ac-177240a48633
2017-09-25 14:41:15,311 [14] DEBUG LISTServer - 登录游戏----------2017/9/25 14:41:15
2017-09-25 14:41:15,680 [14] DEBUG LISTServer - 登录用户openid:17da9228849df8ed9400ca4e907dca8c776081ad|昵称:测试用户17d----------2017/9/25 14:41:15
2017-09-25 14:41:16,382 [14] DEBUG LISTServer - 登录游戏成功,当前对象存在----------2017/9/25 14:41:16
2017-09-25 14:41:33,163 [14] DEBUG LISTServer - 登陆sssionID--------b45e6d53-9a4c-43e8-9e90-5e29802bacb3
2017-09-25 14:41:33,163 [14] DEBUG LISTServer - 登录游戏----------2017/9/25 14:41:33
2017-09-25 14:41:33,317 [14] DEBUG LISTServer - 登录用户openid:9697486827159f30f5cab73bbab97a1b56966c2a|昵称:测试用户969----------2017/9/25 14:41:33
2017-09-25 14:41:34,246 [14] DEBUG LISTServer - 登录游戏成功,当前对象存在----------2017/9/25 14:41:34
2017-09-25 14:54:43,769 [8] DEBUG LISTServer - 登陆sssionID--------59de0976-9ebd-44a5-bd38-30133de328b9
2017-09-25 14:54:43,769 [8] DEBUG LISTServer - 登录游戏----------2017/9/25 14:54:43
2017-09-25 14:54:44,314 [8] DEBUG LISTServer - 登录用户openid:17da9228849df8ed9400ca4e907dca8c776081ad|昵称:测试用户17d----------2017/9/25 14:54:44
2017-09-25 14:54:45,251 [8] DEBUG LISTServer - 登录游戏成功,当前对象存在----------2017/9/25 14:54:45
2017-09-25 14:54:50,701 [13] DEBUG LISTServer - 登陆sssionID--------85e57714-cacc-481a-bef1-a1bca00a3521
2017-09-25 14:54:50,701 [13] DEBUG LISTServer - 登录游戏----------2017/9/25 14:54:50
2017-09-25 14:54:50,930 [13] DEBUG LISTServer - 登录用户openid:9697486827159f30f5cab73bbab97a1b56966c2a|昵称:测试用户969----------2017/9/25 14:54:50
2017-09-25 14:54:51,707 [13] DEBUG LISTServer - 登录游戏成功,当前对象存在----------2017/9/25 14:54:51
2017-09-25 15:02:38,908 [13] DEBUG LISTServer - 登陆sssionID--------4193e07e-9e51-4027-93b3-5257d3438d2f
2017-09-25 15:02:38,908 [13] DEBUG LISTServer - 登录游戏----------2017/9/25 15:02:38
2017-09-25 15:02:39,494 [13] DEBUG LISTServer - 登录用户openid:c4ec2ce375122c3f8ab2f7afa9a59fd8|昵称:测试用户c4e----------2017/9/25 15:02:39
2017-09-25 15:02:40,124 [13] DEBUG LISTServer - 登录游戏成功----------2017/9/25 15:02:40
2017-09-25 15:03:18,554 [17] DEBUG LISTServer - 登陆sssionID--------a06fd76c-994b-4147-bb33-79bb5bb42d1b
2017-09-25 15:03:18,554 [17] DEBUG LISTServer - 登录游戏----------2017/9/25 15:03:18
2017-09-25 15:03:18,842 [17] DEBUG LISTServer - 登录用户openid:c4ec2ce375122c3f8ab2f7afa9a59fd8|昵称:测试用户c4e----------2017/9/25 15:03:18
2017-09-25 15:03:19,460 [17] DEBUG LISTServer - 登录游戏成功,当前对象存在----------2017/9/25 15:03:19
2017-09-25 15:03:58,021 [17] DEBUG LISTServer - 登陆sssionID--------875f6241-92a9-4b97-8b24-78a72f477979
2017-09-25 15:03:58,022 [17] DEBUG LISTServer - 登录游戏----------2017/9/25 15:03:58
2017-09-25 15:03:58,214 [17] DEBUG LISTServer - 登录用户openid:17da9228849df8ed9400ca4e907dca8c776081ad|昵称:测试用户17d----------2017/9/25 15:03:58
2017-09-25 15:03:58,851 [17] DEBUG LISTServer - 登录游戏成功,当前对象存在----------2017/9/25 15:03:58
2017-09-25 15:07:57,500 [17] DEBUG LISTServer - 登陆sssionID--------4c6a4405-3d2c-42b4-aa4f-d101cd061611
2017-09-25 15:07:57,500 [17] DEBUG LISTServer - 登录游戏----------2017/9/25 15:07:57
2017-09-25 15:07:57,871 [17] DEBUG LISTServer - 登录用户openid:c4ec2ce375122c3f8ab2f7afa9a59fd8|昵称:测试用户c4e----------2017/9/25 15:07:57
2017-09-25 15:07:59,459 [17] DEBUG LISTServer - System.Net.Sockets.SocketException (0x80004005): 由于目标计算机积极拒绝，无法连接。 192.168.2.54:2013
   在 System.Net.Sockets.Socket.DoConnect(EndPoint endPointSnapshot, SocketAddress socketAddress)
   在 System.Net.Sockets.Socket.Connect(EndPoint remoteEP)
   在 ListBLL.common.RedisUtility.GetServerIP(String serverName, Int32 messageNum, GameSession session, Int32 status, String openid, String unionid, Boolean cutover, Int32 roomID, Int32 roomAddStatus) 位置 D:\工作\ZH_LIST_MJ\list_mj\ListBLL\common\RedisUtility.cs:行号 83
2017-09-25 15:07:59,606 [17] DEBUG LISTServer - 登录游戏成功,当前对象存在----------2017/9/25 15:07:59
2017-09-25 15:10:23,306 [13] DEBUG LISTServer - 登陆sssionID--------39539b47-3b23-4ac8-a895-29a079eae781
2017-09-25 15:10:23,306 [13] DEBUG LISTServer - 登录游戏----------2017/9/25 15:10:23
2017-09-25 15:10:23,634 [13] DEBUG LISTServer - 登录用户openid:17da9228849df8ed9400ca4e907dca8c776081ad|昵称:测试用户17d----------2017/9/25 15:10:23
2017-09-25 15:10:24,564 [13] DEBUG LISTServer - 登录游戏成功,当前对象存在----------2017/9/25 15:10:24
2017-09-25 15:14:13,031 [14] DEBUG LISTServer - 登陆sssionID--------f9cf14cc-dd8b-4a31-ba1a-86df6afe68ee
2017-09-25 15:14:13,031 [14] DEBUG LISTServer - 登录游戏----------2017/9/25 15:14:13
2017-09-25 15:14:13,437 [14] DEBUG LISTServer - 登录用户openid:17da9228849df8ed9400ca4e907dca8c776081ad|昵称:测试用户17d----------2017/9/25 15:14:13
2017-09-25 15:14:14,571 [14] DEBUG LISTServer - 登录游戏成功,当前对象存在----------2017/9/25 15:14:14
2017-09-25 15:14:26,370 [14] DEBUG LISTServer - 登陆sssionID--------f8437cc1-0390-4b25-af80-4143bf02df5b
2017-09-25 15:14:26,370 [14] DEBUG LISTServer - 登录游戏----------2017/9/25 15:14:26
2017-09-25 15:14:26,523 [14] DEBUG LISTServer - 登录用户openid:c4ec2ce375122c3f8ab2f7afa9a59fd8|昵称:测试用户c4e----------2017/9/25 15:14:26
2017-09-25 15:14:27,406 [14] DEBUG LISTServer - 登录游戏成功,当前对象存在----------2017/9/25 15:14:27
2017-09-25 15:16:25,263 [13] DEBUG LISTServer - 登陆sssionID--------5d803dfc-60a3-4e9d-89b4-813b21e44c24
2017-09-25 15:16:25,263 [13] DEBUG LISTServer - 登录游戏----------2017/9/25 15:16:25
2017-09-25 15:16:25,711 [13] DEBUG LISTServer - 登录用户openid:17da9228849df8ed9400ca4e907dca8c776081ad|昵称:测试用户17d----------2017/9/25 15:16:25
2017-09-25 15:16:26,337 [13] DEBUG LISTServer - 登录游戏成功,当前对象存在----------2017/9/25 15:16:26
2017-09-25 15:17:31,700 [8] DEBUG LISTServer - 登陆sssionID--------5160fbfa-a899-4add-a903-67c114f1baa0
2017-09-25 15:17:31,700 [8] DEBUG LISTServer - 登录游戏----------2017/9/25 15:17:31
2017-09-25 15:17:31,911 [8] DEBUG LISTServer - 登录用户openid:17da9228849df8ed9400ca4e907dca8c776081ad|昵称:测试用户17d----------2017/9/25 15:17:31
2017-09-25 15:17:32,526 [8] DEBUG LISTServer - 登录游戏成功,当前对象存在----------2017/9/25 15:17:32
2017-09-25 15:18:28,672 [13] DEBUG LISTServer - 登陆sssionID--------8851073c-22dc-429c-bc87-def59ed43f44
2017-09-25 15:18:28,672 [13] DEBUG LISTServer - 登录游戏----------2017/9/25 15:18:28
2017-09-25 15:18:28,912 [13] DEBUG LISTServer - 登录用户openid:c4ec2ce375122c3f8ab2f7afa9a59fd8|昵称:测试用户c4e----------2017/9/25 15:18:28
2017-09-25 15:18:29,802 [13] DEBUG LISTServer - 登录游戏成功,当前对象存在----------2017/9/25 15:18:29
2017-09-25 15:19:32,537 [14] DEBUG LISTServer - 登陆sssionID--------8f84c897-c3a2-4d86-acd6-6a8519e677e8
2017-09-25 15:19:32,537 [14] DEBUG LISTServer - 登录游戏----------2017/9/25 15:19:32
2017-09-25 15:19:32,869 [14] DEBUG LISTServer - 登录用户openid:17da9228849df8ed9400ca4e907dca8c776081ad|昵称:测试用户17d----------2017/9/25 15:19:32
2017-09-25 15:19:33,491 [14] DEBUG LISTServer - 登录游戏成功,当前对象存在----------2017/9/25 15:19:33
2017-09-25 15:19:56,739 [14] DEBUG LISTServer - 登陆sssionID--------407e8aca-0ca8-45d1-bde4-7a93180ba565
2017-09-25 15:19:56,739 [14] DEBUG LISTServer - 登录游戏----------2017/9/25 15:19:56
2017-09-25 15:19:56,875 [14] DEBUG LISTServer - 登录用户openid:ba9888ce2db1bd530ba845f3283b7b0a|昵称:测试用户ba9----------2017/9/25 15:19:56
2017-09-25 15:19:57,478 [14] DEBUG LISTServer - 登录游戏成功,当前对象存在----------2017/9/25 15:19:57
2017-09-25 15:23:09,004 [8] DEBUG LISTServer - 登陆sssionID--------c9173a96-4452-4543-b72e-a18956cfc5a2
2017-09-25 15:23:09,004 [8] DEBUG LISTServer - 登录游戏----------2017/9/25 15:23:09
2017-09-25 15:23:09,352 [8] DEBUG LISTServer - 登录用户openid:17da9228849df8ed9400ca4e907dca8c776081ad|昵称:测试用户17d----------2017/9/25 15:23:09
2017-09-25 15:23:09,987 [8] DEBUG LISTServer - 登录游戏成功,当前对象存在----------2017/9/25 15:23:09
2017-09-25 15:30:55,380 [17] DEBUG LISTServer - 登陆sssionID--------931b7737-5b64-49e1-bf3f-29745c95623a
2017-09-25 15:30:55,380 [17] DEBUG LISTServer - 登录游戏----------2017/9/25 15:30:55
2017-09-25 15:30:55,904 [17] DEBUG LISTServer - 登录用户openid:13cdd4e572743f204c3335c7376a4711|昵称:测试用户13c----------2017/9/25 15:30:55
2017-09-25 15:30:56,931 [17] DEBUG LISTServer - 登录游戏成功,当前对象存在----------2017/9/25 15:30:56
2017-09-25 15:33:16,198 [13] DEBUG LISTServer - 登陆sssionID--------fe180ce7-6ae2-4f82-b603-f7a973340060
2017-09-25 15:33:16,198 [13] DEBUG LISTServer - 登录游戏----------2017/9/25 15:33:16
2017-09-25 15:33:16,716 [13] DEBUG LISTServer - 登录用户openid:89f5ef72e82d130fda1ec076c054b52d|昵称:测试用户89f----------2017/9/25 15:33:16
2017-09-25 15:33:17,565 [13] DEBUG LISTServer - 登录游戏成功----------2017/9/25 15:33:17
2017-09-25 15:39:19,954 [13] DEBUG LISTServer - 登陆sssionID--------90b3a863-138e-4df9-8248-254a5e7ce2d7
2017-09-25 15:39:19,954 [13] DEBUG LISTServer - 登录游戏----------2017/9/25 15:39:19
2017-09-25 15:39:20,445 [13] DEBUG LISTServer - 登录用户openid:13cdd4e572743f204c3335c7376a4711|昵称:测试用户13c----------2017/9/25 15:39:20
2017-09-25 15:39:21,109 [13] DEBUG LISTServer - 登录游戏成功,当前对象存在----------2017/9/25 15:39:21
2017-09-25 15:39:30,766 [8] DEBUG LISTServer - 登陆sssionID--------7d6a7c60-23a4-48d2-a679-3ce5868c2fac
2017-09-25 15:39:30,766 [8] DEBUG LISTServer - 登录游戏----------2017/9/25 15:39:30
2017-09-25 15:39:30,983 [8] DEBUG LISTServer - 登录用户openid:89f5ef72e82d130fda1ec076c054b52d|昵称:测试用户89f----------2017/9/25 15:39:30
2017-09-25 15:39:31,588 [8] DEBUG LISTServer - 登录游戏成功,当前对象存在----------2017/9/25 15:39:31
2017-09-25 15:52:08,165 [13] DEBUG LISTServer - 登陆sssionID--------2a730482-cf4e-4a76-b4c4-05961774b9a3
2017-09-25 15:52:08,165 [13] DEBUG LISTServer - 登录游戏----------2017/9/25 15:52:08
2017-09-25 15:52:08,596 [13] DEBUG LISTServer - 登录用户openid:89f5ef72e82d130fda1ec076c054b52d|昵称:测试用户89f----------2017/9/25 15:52:08
2017-09-25 15:52:09,308 [13] DEBUG LISTServer - 登录游戏成功,当前对象存在----------2017/9/25 15:52:09
2017-09-25 16:00:15,854 [17] DEBUG LISTServer - 登陆sssionID--------9c4fc65d-28f0-4c68-80cc-62406137de27
2017-09-25 16:00:15,854 [17] DEBUG LISTServer - 登录游戏----------2017/9/25 16:00:15
2017-09-25 16:00:16,230 [17] DEBUG LISTServer - 登录用户openid:17da9228849df8ed9400ca4e907dca8c776081ad|昵称:测试用户17d----------2017/9/25 16:00:16
2017-09-25 16:00:16,866 [17] DEBUG LISTServer - 登录游戏成功,当前对象存在----------2017/9/25 16:00:16
2017-09-25 16:00:17,088 [17] DEBUG LISTServer - 登陆sssionID--------388091fc-e201-450c-b636-34ad76d10f18
2017-09-25 16:00:17,088 [17] DEBUG LISTServer - 登录游戏----------2017/9/25 16:00:17
2017-09-25 16:00:17,232 [17] DEBUG LISTServer - 登录用户openid:d034588c6ec5e255f9ab0bf73dbcf90e77614c76|昵称:测试用户d03----------2017/9/25 16:00:17
2017-09-25 16:00:18,123 [17] DEBUG LISTServer - 登录游戏成功,当前对象存在----------2017/9/25 16:00:18
2017-09-25 16:06:11,827 [8] DEBUG LISTServer - 登陆sssionID--------23d62eeb-88e9-4435-a0f8-861b5fd7057d
2017-09-25 16:06:11,827 [8] DEBUG LISTServer - 登录游戏----------2017/9/25 16:06:11
2017-09-25 16:06:12,472 [8] DEBUG LISTServer - 登录用户openid:d034588c6ec5e255f9ab0bf73dbcf90e77614c76|昵称:测试用户d03----------2017/9/25 16:06:12
2017-09-25 16:06:13,322 [8] DEBUG LISTServer - 登录游戏成功,当前对象存在----------2017/9/25 16:06:13
2017-09-25 16:12:49,555 [8] DEBUG LISTServer - 登陆sssionID--------f5862582-69e4-4985-b663-c3f41c64efb2
2017-09-25 16:12:49,555 [8] DEBUG LISTServer - 登录游戏----------2017/9/25 16:12:49
2017-09-25 16:12:49,950 [8] DEBUG LISTServer - 登录用户openid:d034588c6ec5e255f9ab0bf73dbcf90e77614c76|昵称:测试用户d03----------2017/9/25 16:12:49
2017-09-25 16:12:50,798 [8] DEBUG LISTServer - 登录游戏成功,当前对象存在----------2017/9/25 16:12:50
2017-09-25 16:17:16,205 [63] DEBUG LISTServer - 登陆sssionID--------a813dcc8-ca87-4eea-b520-e10edd1241f6
2017-09-25 16:17:16,205 [63] DEBUG LISTServer - 登录游戏----------2017/9/25 16:17:16
2017-09-25 16:17:16,655 [63] DEBUG LISTServer - 登录用户openid:9697486827159f30f5cab73bbab97a1b56966c2a|昵称:测试用户969----------2017/9/25 16:17:16
2017-09-25 16:17:17,276 [63] DEBUG LISTServer - 登录游戏成功----------2017/9/25 16:17:17
2017-09-25 16:17:42,310 [59] DEBUG LISTServer - 登陆sssionID--------c068376c-61f5-4f8b-827a-0c30cf19faca
2017-09-25 16:17:42,310 [59] DEBUG LISTServer - 登录游戏----------2017/9/25 16:17:42
2017-09-25 16:17:42,548 [59] DEBUG LISTServer - 登录用户openid:13cdd4e572743f204c3335c7376a4711|昵称:测试用户13c----------2017/9/25 16:17:42
2017-09-25 16:17:43,174 [59] DEBUG LISTServer - 登录游戏成功,当前对象存在----------2017/9/25 16:17:43
2017-09-25 16:30:28,563 [63] DEBUG LISTServer - 登陆sssionID--------4afbab44-ee40-4e2d-bd65-33e28de2baf6
2017-09-25 16:30:28,563 [63] DEBUG LISTServer - 登录游戏----------2017/9/25 16:30:28
2017-09-25 16:30:28,896 [63] DEBUG LISTServer - 登录用户openid:d034588c6ec5e255f9ab0bf73dbcf90e77614c76|昵称:测试用户d03----------2017/9/25 16:30:28
2017-09-25 16:30:29,542 [63] DEBUG LISTServer - 登录游戏成功,当前对象存在----------2017/9/25 16:30:29
2017-09-25 16:30:46,229 [59] DEBUG LISTServer - 登陆sssionID--------bbc042af-5e87-45c0-a73d-caa0cf5b0355
2017-09-25 16:30:46,229 [59] DEBUG LISTServer - 登录游戏----------2017/9/25 16:30:46
2017-09-25 16:30:46,373 [59] DEBUG LISTServer - 登录用户openid:17da9228849df8ed9400ca4e907dca8c776081ad|昵称:测试用户17d----------2017/9/25 16:30:46
2017-09-25 16:30:46,999 [59] DEBUG LISTServer - 登录游戏成功,当前对象存在----------2017/9/25 16:30:46
2017-09-25 16:33:04,381 [59] DEBUG LISTServer - 登陆sssionID--------dafca6c1-9c43-4bdd-95df-601d6d459d15
2017-09-25 16:33:04,381 [59] DEBUG LISTServer - 登录游戏----------2017/9/25 16:33:04
2017-09-25 16:33:04,944 [59] DEBUG LISTServer - 登录用户openid:d034588c6ec5e255f9ab0bf73dbcf90e77614c76|昵称:测试用户d03----------2017/9/25 16:33:04
2017-09-25 16:33:05,596 [59] DEBUG LISTServer - 登录游戏成功,当前对象存在----------2017/9/25 16:33:05
2017-09-25 16:41:42,400 [8] DEBUG LISTServer - 登陆sssionID--------fa51b7f2-559a-4d4e-ab16-5a7e73c47f42
2017-09-25 16:41:42,400 [8] DEBUG LISTServer - 登录游戏----------2017/9/25 16:41:42
2017-09-25 16:41:42,975 [8] DEBUG LISTServer - 登录用户openid:d034588c6ec5e255f9ab0bf73dbcf90e77614c76|昵称:测试用户d03----------2017/9/25 16:41:42
2017-09-25 16:41:43,749 [8] DEBUG LISTServer - 登录游戏成功,当前对象存在----------2017/9/25 16:41:43
2017-09-25 16:47:51,817 [8] DEBUG LISTServer - 登陆sssionID--------15b71497-6606-4eb8-8eae-942e58a510c9
2017-09-25 16:47:51,817 [8] DEBUG LISTServer - 登录游戏----------2017/9/25 16:47:51
2017-09-25 16:47:52,348 [8] DEBUG LISTServer - 登录用户openid:c4ec2ce375122c3f8ab2f7afa9a59fd8|昵称:测试用户c4e----------2017/9/25 16:47:52
2017-09-25 16:47:53,151 [8] DEBUG LISTServer - 登录游戏成功----------2017/9/25 16:47:53
2017-09-25 16:53:54,875 [14] DEBUG LISTServer - 登陆sssionID--------4f0b72ba-d3e1-424d-a9a1-73ae663b99dc
2017-09-25 16:53:54,875 [14] DEBUG LISTServer - 登录游戏----------2017/9/25 16:53:54
2017-09-25 16:53:55,296 [63] DEBUG LISTServer - 登陆sssionID--------221ecd9f-30a0-483c-9cc5-c052dc146193
2017-09-25 16:53:55,296 [63] DEBUG LISTServer - 登录游戏----------2017/9/25 16:53:55
2017-09-25 16:53:55,402 [14] DEBUG LISTServer - 登录用户openid:17da9228849df8ed9400ca4e907dca8c776081ad|昵称:测试用户17d----------2017/9/25 16:53:55
2017-09-25 16:53:55,637 [63] DEBUG LISTServer - 登录用户openid:d034588c6ec5e255f9ab0bf73dbcf90e77614c76|昵称:测试用户d03----------2017/9/25 16:53:55
2017-09-25 16:53:56,056 [14] DEBUG LISTServer - 登录游戏成功,当前对象存在----------2017/9/25 16:53:56
2017-09-25 16:53:56,212 [63] DEBUG LISTServer - 登录游戏成功,当前对象存在----------2017/9/25 16:53:56
2017-09-25 16:56:19,571 [59] DEBUG LISTServer - 登陆sssionID--------1c085faf-d7ba-45bf-b9d7-ed818d733a8f
2017-09-25 16:56:19,571 [59] DEBUG LISTServer - 登录游戏----------2017/9/25 16:56:19
2017-09-25 16:56:19,988 [59] DEBUG LISTServer - 登录用户openid:17da9228849df8ed9400ca4e907dca8c776081ad|昵称:测试用户17d----------2017/9/25 16:56:19
2017-09-25 16:56:20,719 [59] DEBUG LISTServer - 登录游戏成功,当前对象存在----------2017/9/25 16:56:20
2017-09-25 16:58:32,905 [14] DEBUG LISTServer - 登陆sssionID--------bb1de103-68a8-4ce8-86e3-3679f9dbbbbd
2017-09-25 16:58:32,905 [14] DEBUG LISTServer - 登录游戏----------2017/9/25 16:58:32
2017-09-25 16:58:33,273 [14] DEBUG LISTServer - 登录用户openid:17da9228849df8ed9400ca4e907dca8c776081ad|昵称:测试用户17d----------2017/9/25 16:58:33
2017-09-25 16:58:33,946 [14] DEBUG LISTServer - 登录游戏成功,当前对象存在----------2017/9/25 16:58:33
2017-09-25 17:00:03,925 [8] DEBUG LISTServer - 登陆sssionID--------20716477-d9b5-4b5b-89ba-5cf0e4cdab8b
2017-09-25 17:00:03,925 [8] DEBUG LISTServer - 登录游戏----------2017/9/25 17:00:03
2017-09-25 17:00:04,108 [8] DEBUG LISTServer - 登录用户openid:17da9228849df8ed9400ca4e907dca8c776081ad|昵称:测试用户17d----------2017/9/25 17:00:04
2017-09-25 17:00:04,717 [8] DEBUG LISTServer - 登录游戏成功,当前对象存在----------2017/9/25 17:00:04
2017-09-25 17:02:20,465 [59] DEBUG LISTServer - 登陆sssionID--------60cc8e7d-b720-47d0-be4c-0c097fc3ceb4
2017-09-25 17:02:20,465 [59] DEBUG LISTServer - 登录游戏----------2017/9/25 17:02:20
2017-09-25 17:02:20,779 [59] DEBUG LISTServer - 登录用户openid:c4ec2ce375122c3f8ab2f7afa9a59fd8|昵称:测试用户c4e----------2017/9/25 17:02:20
2017-09-25 17:02:21,381 [59] DEBUG LISTServer - 登录游戏成功,当前对象存在----------2017/9/25 17:02:21
2017-09-25 17:02:24,174 [14] DEBUG LISTServer - 登陆sssionID--------b2501cba-a4d5-44c9-ac53-cb33253d6e6b
2017-09-25 17:02:24,174 [14] DEBUG LISTServer - 登录游戏----------2017/9/25 17:02:24
2017-09-25 17:02:24,326 [14] DEBUG LISTServer - 登录用户openid:17da9228849df8ed9400ca4e907dca8c776081ad|昵称:测试用户17d----------2017/9/25 17:02:24
2017-09-25 17:02:24,957 [14] DEBUG LISTServer - 登录游戏成功,当前对象存在----------2017/9/25 17:02:24
2017-09-25 17:02:59,152 [8] DEBUG LISTServer - 登陆sssionID--------9851472c-026b-44e0-bae3-2bbca59563d4
2017-09-25 17:02:59,153 [8] DEBUG LISTServer - 登录游戏----------2017/9/25 17:02:59
2017-09-25 17:02:59,311 [8] DEBUG LISTServer - 登录用户openid:d034588c6ec5e255f9ab0bf73dbcf90e77614c76|昵称:测试用户d03----------2017/9/25 17:02:59
2017-09-25 17:02:59,879 [8] DEBUG LISTServer - 登录游戏成功,当前对象存在----------2017/9/25 17:02:59
2017-09-25 17:06:02,016 [14] DEBUG LISTServer - 登陆sssionID--------c2c71f46-7128-4b5f-8eb1-a6bcf0fb50b5
2017-09-25 17:06:02,016 [14] DEBUG LISTServer - 登录游戏----------2017/9/25 17:06:02
2017-09-25 17:06:02,354 [14] DEBUG LISTServer - 登录用户openid:c4ec2ce375122c3f8ab2f7afa9a59fd8|昵称:测试用户c4e----------2017/9/25 17:06:02
2017-09-25 17:06:02,972 [14] DEBUG LISTServer - 登录游戏成功,当前对象存在----------2017/9/25 17:06:02
2017-09-25 17:27:25,439 [8] DEBUG LISTServer - 登陆sssionID--------03f2060e-11c8-45b4-aac9-bec96b6a7f5e
2017-09-25 17:27:25,439 [8] DEBUG LISTServer - 登录游戏----------2017/9/25 17:27:25
2017-09-25 17:27:26,044 [8] DEBUG LISTServer - 登录用户openid:c4ec2ce375122c3f8ab2f7afa9a59fd8|昵称:测试用户c4e----------2017/9/25 17:27:26
2017-09-25 17:27:27,517 [8] DEBUG LISTServer - 登录游戏成功,当前对象存在----------2017/9/25 17:27:27
2017-09-25 17:41:32,936 [63] DEBUG LISTServer - 登陆sssionID--------f15156ef-0634-420b-92c9-116c65a792b0
2017-09-25 17:41:32,936 [63] DEBUG LISTServer - 登录游戏----------2017/9/25 17:41:32
2017-09-25 17:41:33,476 [63] DEBUG LISTServer - 登录用户openid:c4ec2ce375122c3f8ab2f7afa9a59fd8|昵称:测试用户c4e----------2017/9/25 17:41:33
2017-09-25 17:41:34,310 [63] DEBUG LISTServer - 登录游戏成功,当前对象存在----------2017/9/25 17:41:34
2017-09-25 17:45:10,050 [8] DEBUG LISTServer - 登陆sssionID--------1a1af685-9018-4753-98dc-c10f02063743
2017-09-25 17:45:10,050 [8] DEBUG LISTServer - 登录游戏----------2017/9/25 17:45:10
2017-09-25 17:45:10,602 [8] DEBUG LISTServer - 登录用户openid:17da9228849df8ed9400ca4e907dca8c776081ad|昵称:测试用户17d----------2017/9/25 17:45:10
2017-09-25 17:45:11,270 [8] DEBUG LISTServer - 登录游戏成功,当前对象存在----------2017/9/25 17:45:11
2017-09-25 17:45:59,972 [8] DEBUG LISTServer - 登陆sssionID--------36feb5d9-e4e3-40ef-b5eb-102832a1a8fe
2017-09-25 17:45:59,972 [8] DEBUG LISTServer - 登录游戏----------2017/9/25 17:45:59
2017-09-25 17:46:00,247 [8] DEBUG LISTServer - 登录用户openid:ba9888ce2db1bd530ba845f3283b7b0a|昵称:测试用户ba9----------2017/9/25 17:46:00
2017-09-25 17:46:00,861 [8] DEBUG LISTServer - 登录游戏成功,当前对象存在----------2017/9/25 17:46:00
2017-09-25 18:05:40,921 [59] DEBUG LISTServer - 登陆sssionID--------c22ccf7b-d3e9-49a6-a63f-96a524c9af65
2017-09-25 18:05:40,921 [59] DEBUG LISTServer - 登录游戏----------2017/9/25 18:05:40
2017-09-25 18:05:41,559 [59] DEBUG LISTServer - 登录用户openid:17da9228849df8ed9400ca4e907dca8c776081ad|昵称:测试用户17d----------2017/9/25 18:05:41
2017-09-25 18:05:42,506 [59] DEBUG LISTServer - 登录游戏成功,当前对象存在----------2017/9/25 18:05:42
2017-09-25 18:12:08,594 [63] DEBUG LISTServer - 登陆sssionID--------0afc486d-6cf0-4f32-8902-61f8ab62292f
2017-09-25 18:12:08,594 [63] DEBUG LISTServer - 登录游戏----------2017/9/25 18:12:08
2017-09-25 18:12:09,126 [63] DEBUG LISTServer - 登录用户openid:9697486827159f30f5cab73bbab97a1b56966c2a|昵称:测试用户969----------2017/9/25 18:12:09
2017-09-25 18:12:09,967 [63] DEBUG LISTServer - 登录游戏成功,当前对象存在----------2017/9/25 18:12:09
2017-09-25 18:14:58,819 [59] DEBUG LISTServer - 登陆sssionID--------76b9154b-dedc-4d72-b214-619b51358a8c
2017-09-25 18:14:58,819 [59] DEBUG LISTServer - 登录游戏----------2017/9/25 18:14:58
2017-09-25 18:14:59,330 [59] DEBUG LISTServer - 登录用户openid:2be4087248667baee875b4dd4e4e388e|昵称:测试用户2be----------2017/9/25 18:14:59
2017-09-25 18:14:59,978 [59] DEBUG LISTServer - 登录游戏成功----------2017/9/25 18:14:59
2017-09-25 18:17:49,806 [63] DEBUG LISTServer - 登陆sssionID--------c0eb4f60-4da2-419c-9632-82db4d55513e
2017-09-25 18:17:49,806 [63] DEBUG LISTServer - 登录游戏----------2017/9/25 18:17:49
2017-09-25 18:17:50,227 [63] DEBUG LISTServer - 登录用户openid:2be4087248667baee875b4dd4e4e388e|昵称:测试用户2be----------2017/9/25 18:17:50
2017-09-25 18:17:50,907 [63] DEBUG LISTServer - 登录游戏成功,当前对象存在----------2017/9/25 18:17:50
2017-09-25 18:22:20,799 [59] DEBUG LISTServer - 登陆sssionID--------af4d99c4-494d-45a2-a2c1-659e28cba4da
2017-09-25 18:22:20,799 [59] DEBUG LISTServer - 登录游戏----------2017/9/25 18:22:20
2017-09-25 18:22:21,207 [59] DEBUG LISTServer - 登录用户openid:2be4087248667baee875b4dd4e4e388e|昵称:测试用户2be----------2017/9/25 18:22:21
2017-09-25 18:22:21,857 [59] DEBUG LISTServer - 登录游戏成功,当前对象存在----------2017/9/25 18:22:21
2017-09-25 18:26:02,213 [59] DEBUG LISTServer - 登陆sssionID--------f35def06-c7d7-4c2c-92de-74e7005e8349
2017-09-25 18:26:02,213 [59] DEBUG LISTServer - 登录游戏----------2017/9/25 18:26:02
2017-09-25 18:26:02,672 [59] DEBUG LISTServer - 登录用户openid:2be4087248667baee875b4dd4e4e388e|昵称:测试用户2be----------2017/9/25 18:26:02
2017-09-25 18:26:03,383 [59] DEBUG LISTServer - 登录游戏成功,当前对象存在----------2017/9/25 18:26:03
2017-09-25 18:29:00,330 [8] DEBUG LISTServer - 登陆sssionID--------5904c52f-4ff7-4b2a-9784-738240ce2459
2017-09-25 18:29:00,330 [8] DEBUG LISTServer - 登录游戏----------2017/9/25 18:29:00
2017-09-25 18:29:00,756 [8] DEBUG LISTServer - 登录用户openid:2be4087248667baee875b4dd4e4e388e|昵称:测试用户2be----------2017/9/25 18:29:00
2017-09-25 18:29:01,374 [8] DEBUG LISTServer - 登录游戏成功,当前对象存在----------2017/9/25 18:29:01
2017-09-25 18:43:56,442 [59] DEBUG LISTServer - 登陆sssionID--------244ba316-2658-489b-90dc-65ac176ac8c5
2017-09-25 18:43:56,442 [59] DEBUG LISTServer - 登录游戏----------2017/9/25 18:43:56
2017-09-25 18:43:56,974 [59] DEBUG LISTServer - 登录用户openid:2be4087248667baee875b4dd4e4e388e|昵称:测试用户2be----------2017/9/25 18:43:56
2017-09-25 18:43:57,778 [59] DEBUG LISTServer - 登录游戏成功,当前对象存在----------2017/9/25 18:43:57
2017-09-25 18:52:36,376 [8] DEBUG LISTServer - 登陆sssionID--------526f48f1-3b40-4e34-8d94-47eaceb51baa
2017-09-25 18:52:36,376 [8] DEBUG LISTServer - 登录游戏----------2017/9/25 18:52:36
2017-09-25 18:52:37,487 [8] DEBUG LISTServer - 登录用户openid:17da9228849df8ed9400ca4e907dca8c776081ad|昵称:测试用户17d----------2017/9/25 18:52:37
2017-09-25 18:52:39,301 [8] DEBUG LISTServer - 登录游戏成功,当前对象存在----------2017/9/25 18:52:39
2017-09-25 18:53:45,185 [8] DEBUG LISTServer - 登陆sssionID--------2cd96b11-54ff-48e0-903c-96855da34585
2017-09-25 18:53:45,185 [8] DEBUG LISTServer - 登录游戏----------2017/9/25 18:53:45
2017-09-25 18:53:45,559 [8] DEBUG LISTServer - 登录用户openid:ba9888ce2db1bd530ba845f3283b7b0a|昵称:测试用户ba9----------2017/9/25 18:53:45
2017-09-25 18:53:46,465 [8] DEBUG LISTServer - 登录游戏成功,当前对象存在----------2017/9/25 18:53:46
2017-09-25 18:56:59,685 [68] DEBUG LISTServer - 登陆sssionID--------ef9ab1e1-5755-4862-af8e-0dd0d3119654
2017-09-25 18:56:59,686 [68] DEBUG LISTServer - 登录游戏----------2017/9/25 18:56:59
2017-09-25 18:57:00,116 [68] DEBUG LISTServer - 登录用户openid:17da9228849df8ed9400ca4e907dca8c776081ad|昵称:测试用户17d----------2017/9/25 18:57:00
2017-09-25 18:57:00,780 [68] DEBUG LISTServer - 登录游戏成功,当前对象存在----------2017/9/25 18:57:00
2017-09-25 18:58:40,079 [63] DEBUG LISTServer - 登陆sssionID--------e2e1e1d4-1015-4f90-85fe-aebc9aaf6844
2017-09-25 18:58:40,079 [63] DEBUG LISTServer - 登录游戏----------2017/9/25 18:58:40
2017-09-25 18:58:40,447 [63] DEBUG LISTServer - 登录用户openid:17da9228849df8ed9400ca4e907dca8c776081ad|昵称:测试用户17d----------2017/9/25 18:58:40
2017-09-25 18:58:41,128 [63] DEBUG LISTServer - 登录游戏成功,当前对象存在----------2017/9/25 18:58:41
2017-09-25 19:00:49,164 [8] DEBUG LISTServer - 登陆sssionID--------350e8dc8-2d08-4666-b9af-adb8b51501ef
2017-09-25 19:00:49,164 [8] DEBUG LISTServer - 登录游戏----------2017/9/25 19:00:49
2017-09-25 19:00:49,580 [8] DEBUG LISTServer - 登录用户openid:17da9228849df8ed9400ca4e907dca8c776081ad|昵称:测试用户17d----------2017/9/25 19:00:49
2017-09-25 19:00:50,224 [8] DEBUG LISTServer - 登录游戏成功,当前对象存在----------2017/9/25 19:00:50
2017-09-25 19:06:22,157 [59] DEBUG LISTServer - 登陆sssionID--------96f1b9c2-27db-40a0-9392-2445a895c108
2017-09-25 19:06:22,157 [59] DEBUG LISTServer - 登录游戏----------2017/9/25 19:06:22
2017-09-25 19:06:22,525 [59] DEBUG LISTServer - 登录用户openid:17da9228849df8ed9400ca4e907dca8c776081ad|昵称:测试用户17d----------2017/9/25 19:06:22
2017-09-25 19:06:23,169 [59] DEBUG LISTServer - 登录游戏成功,当前对象存在----------2017/9/25 19:06:23
2017-09-25 19:06:52,646 [68] DEBUG LISTServer - 登陆sssionID--------b3e4e7e4-5455-43aa-beef-ed0d2bab72e2
2017-09-25 19:06:52,646 [68] DEBUG LISTServer - 登录游戏----------2017/9/25 19:06:52
2017-09-25 19:06:52,808 [68] DEBUG LISTServer - 登录用户openid:17da9228849df8ed9400ca4e907dca8c776081ad|昵称:测试用户17d----------2017/9/25 19:06:52
2017-09-25 19:06:53,411 [68] DEBUG LISTServer - 登录游戏成功,当前对象存在----------2017/9/25 19:06:53
2017-09-25 19:07:14,375 [59] DEBUG LISTServer - 登陆sssionID--------a2e998eb-cbd0-4232-b2f5-ab3e0c90262b
2017-09-25 19:07:14,375 [59] DEBUG LISTServer - 登录游戏----------2017/9/25 19:07:14
2017-09-25 19:07:14,548 [59] DEBUG LISTServer - 登录用户openid:ba9888ce2db1bd530ba845f3283b7b0a|昵称:测试用户ba9----------2017/9/25 19:07:14
2017-09-25 19:07:15,175 [59] DEBUG LISTServer - 登录游戏成功,当前对象存在----------2017/9/25 19:07:15
