2017-09-15 18:11:09,019 [1] DEBUG DefaultBootstrap - The server instance LISTServer has been created!
2017-09-15 18:11:09,131 [1] DEBUG LISTServer - The command 11020(ListBLL.Logic.GameOperation) has been discovered
2017-09-15 18:11:09,131 [1] DEBUG LISTServer - The command 10001(ListBLL.Logic.Heartbeat) has been discovered
2017-09-15 18:11:09,131 [1] DEBUG LISTServer - The command 11001(ListBLL.Logic.Login) has been discovered
2017-09-15 18:11:09,131 [1] DEBUG LISTServer - The command 19003(ListBLL.Logic.UserGamePlaybackLogic) has been discovered
2017-09-15 18:11:09,131 [1] DEBUG LISTServer - The command 19001(ListBLL.Logic.UserRecordLogic) has been discovered
2017-09-15 18:11:09,143 [1] DEBUG DefaultBootstrap - The server instance LISTServer has been initialized!
2017-09-15 18:11:10,146 [1] DEBUG DefaultBootstrap - The PerformanceMonitor has been initialized!
2017-09-15 18:11:10,146 [1] DEBUG DefaultBootstrap - The Bootstrap has been initialized!
2017-09-15 18:11:10,157 [1] DEBUG LISTServer - Listener (0.0.0.0:2018) was started
2017-09-15 18:11:10,161 [1] DEBUG DefaultBootstrap - The PerformanceMonitor has been started!
2017-09-15 18:11:21,398 [8] DEBUG LISTServer - 登陆sssionID--------21c0a937-f0b4-4b00-981a-d03a6839b13b
2017-09-15 18:11:21,398 [8] DEBUG LISTServer - 登录游戏----------2017/9/15 18:11:21
2017-09-15 18:11:52,147 [8] DEBUG LISTServer - 登录用户openid:周星驰31|昵称:测试用户----------2017/9/15 18:11:52
2017-09-15 18:11:55,590 [8] DEBUG LISTServer - 登录游戏成功----------2017/9/15 18:11:55
2017-09-15 18:12:56,105 [10] DEBUG LISTServer - 登陆sssionID--------690ca188-0ff4-41b5-8fe9-34fb9cad6445
2017-09-15 18:12:56,105 [10] DEBUG LISTServer - 登录游戏----------2017/9/15 18:12:56
2017-09-15 18:15:45,416 [8] DEBUG LISTServer - 登陆sssionID--------4b3b87d0-0566-4859-829c-de41fa542d87
2017-09-15 18:15:45,416 [8] DEBUG LISTServer - 登录游戏----------2017/9/15 18:15:45
2017-09-15 18:15:48,642 [10] DEBUG LISTServer - 登录用户openid:123432415|昵称:shit----------2017/9/15 18:15:48
2017-09-15 18:15:57,809 [8] DEBUG LISTServer - 登录用户openid:123432415|昵称:shit----------2017/9/15 18:15:57
2017-09-15 18:15:57,987 [8] DEBUG LISTServer - 登录游戏失败,当前对象存在----------2017/9/15 18:15:57
2017-09-15 18:15:57,989 [8] DEBUG LISTServer - sssionID--------4b3b87d0-0566-4859-829c-de41fa542d87
2017-09-15 18:15:58,231 [10] DEBUG LISTServer - 登录游戏成功----------2017/9/15 18:15:58
2017-09-15 18:15:58,899 [40] DEBUG LISTServer - 登陆sssionID--------60a9a549-dc73-4347-9cd3-bd9d9893e257
2017-09-15 18:15:58,899 [40] DEBUG LISTServer - 登录游戏----------2017/9/15 18:15:58
2017-09-15 18:16:01,396 [40] DEBUG LISTServer - 登录用户openid:14525427|昵称:fsdfesdfe----------2017/9/15 18:16:01
2017-09-15 18:16:01,964 [40] DEBUG LISTServer - 登录游戏成功----------2017/9/15 18:16:01
2017-09-15 18:16:09,135 [40] DEBUG LISTServer - 登陆sssionID--------8b261f9c-c7d8-43a4-80ed-db4dea649b72
2017-09-15 18:16:09,135 [40] DEBUG LISTServer - 登录游戏----------2017/9/15 18:16:09
2017-09-15 18:16:23,459 [40] DEBUG LISTServer - 登录用户openid:周星驰31|昵称:测试用户----------2017/9/15 18:16:23
2017-09-15 18:16:24,316 [40] DEBUG LISTServer - 登录游戏成功,当前对象存在----------2017/9/15 18:16:24
2017-09-15 18:17:12,983 [40] DEBUG LISTServer - 登陆sssionID--------37e8e1a6-e3e0-46d6-b635-7779b197a4c8
2017-09-15 18:17:12,983 [40] DEBUG LISTServer - 登录游戏----------2017/9/15 18:17:12
2017-09-15 18:17:13,343 [40] DEBUG LISTServer - 登录用户openid:周星驰31|昵称:测试用户----------2017/9/15 18:17:13
2017-09-15 18:17:13,944 [40] DEBUG LISTServer - 登录游戏成功,当前对象存在----------2017/9/15 18:17:13
2017-09-15 18:18:17,389 [10] DEBUG LISTServer - 登陆sssionID--------113f3de7-a0f3-4331-b6fd-eb5da50c401e
2017-09-15 18:18:17,389 [10] DEBUG LISTServer - 登录游戏----------2017/9/15 18:18:17
2017-09-15 18:18:17,897 [10] DEBUG LISTServer - 登录用户openid:周星驰31|昵称:测试用户----------2017/9/15 18:18:17
2017-09-15 18:18:18,493 [10] DEBUG LISTServer - 登录游戏成功,当前对象存在----------2017/9/15 18:18:18
2017-09-15 18:19:50,770 [49] DEBUG LISTServer - 登陆sssionID--------24b43f7a-0410-4dfb-b6d9-4d828e37c1cf
2017-09-15 18:19:50,770 [49] DEBUG LISTServer - 登录游戏----------2017/9/15 18:19:50
2017-09-15 18:19:51,058 [49] DEBUG LISTServer - 登录用户openid:周星驰31|昵称:测试用户----------2017/9/15 18:19:51
2017-09-15 18:19:51,655 [49] DEBUG LISTServer - 登录游戏成功,当前对象存在----------2017/9/15 18:19:51
2017-09-15 18:22:48,456 [50] DEBUG LISTServer - 登陆sssionID--------f0fb2270-ff21-488a-8a85-4a1cd0d66923
2017-09-15 18:22:48,456 [50] DEBUG LISTServer - 登录游戏----------2017/9/15 18:22:48
2017-09-15 18:22:48,914 [50] DEBUG LISTServer - 登录用户openid:123432415|昵称:shit----------2017/9/15 18:22:48
2017-09-15 18:22:49,524 [50] DEBUG LISTServer - 登录游戏成功,当前对象存在----------2017/9/15 18:22:49
2017-09-15 18:23:31,235 [33] DEBUG LISTServer - 登陆sssionID--------7eb31f42-10bf-415a-88f7-4f9f14cef1f7
2017-09-15 18:23:31,235 [33] DEBUG LISTServer - 登录游戏----------2017/9/15 18:23:31
2017-09-15 18:23:31,536 [33] DEBUG LISTServer - 登录用户openid:123432415|昵称:shit----------2017/9/15 18:23:31
2017-09-15 18:23:32,164 [33] DEBUG LISTServer - 登录游戏成功,当前对象存在----------2017/9/15 18:23:32
2017-09-15 18:23:32,988 [50] DEBUG LISTServer - 登陆sssionID--------2e11807c-193e-4ddc-8965-f2e00243dbc3
2017-09-15 18:23:32,988 [50] DEBUG LISTServer - 登录游戏----------2017/9/15 18:23:32
2017-09-15 18:23:33,217 [50] DEBUG LISTServer - 登录用户openid:14525427|昵称:fsdfesdfe----------2017/9/15 18:23:33
2017-09-15 18:23:33,825 [50] DEBUG LISTServer - 登录游戏成功,当前对象存在----------2017/9/15 18:23:33
2017-09-15 18:24:00,041 [8] DEBUG LISTServer - 登陆sssionID--------2cb2e4ce-2cda-4552-a8b9-ecc056384c2b
2017-09-15 18:24:00,041 [8] DEBUG LISTServer - 登录游戏----------2017/9/15 18:24:00
2017-09-15 18:24:00,353 [8] DEBUG LISTServer - 登录用户openid:123432415|昵称:shit----------2017/9/15 18:24:00
2017-09-15 18:24:00,982 [8] DEBUG LISTServer - 登录游戏成功,当前对象存在----------2017/9/15 18:24:00
2017-09-15 18:24:01,912 [50] DEBUG LISTServer - 登陆sssionID--------609c4276-25ea-488e-a234-fcdb98398f46
2017-09-15 18:24:01,912 [50] DEBUG LISTServer - 登录游戏----------2017/9/15 18:24:01
2017-09-15 18:24:02,148 [50] DEBUG LISTServer - 登录用户openid:14525427|昵称:fsdfesdfe----------2017/9/15 18:24:02
2017-09-15 18:24:02,760 [50] DEBUG LISTServer - 登录游戏成功,当前对象存在----------2017/9/15 18:24:02
2017-09-15 18:24:14,531 [8] DEBUG LISTServer - 登陆sssionID--------f2a8603d-5973-4b9b-9ba8-5c5e4e4dc4e1
2017-09-15 18:24:14,531 [8] DEBUG LISTServer - 登录游戏----------2017/9/15 18:24:14
2017-09-15 18:24:14,860 [8] DEBUG LISTServer - 登录用户openid:123432415|昵称:shit----------2017/9/15 18:24:14
2017-09-15 18:24:15,496 [8] DEBUG LISTServer - 登录游戏成功,当前对象存在----------2017/9/15 18:24:15
2017-09-15 18:24:16,343 [105] DEBUG LISTServer - 登陆sssionID--------2d4fa80b-f2bc-402a-98ef-fe58d1010eab
2017-09-15 18:24:16,343 [105] DEBUG LISTServer - 登录游戏----------2017/9/15 18:24:16
2017-09-15 18:24:16,584 [105] DEBUG LISTServer - 登录用户openid:14525427|昵称:fsdfesdfe----------2017/9/15 18:24:16
2017-09-15 18:24:17,193 [105] DEBUG LISTServer - 登录游戏成功,当前对象存在----------2017/9/15 18:24:17
2017-09-15 18:24:44,492 [32] DEBUG LISTServer - 登陆sssionID--------8b9934cf-f191-40d5-8cf5-f8cb87b16c44
2017-09-15 18:24:44,492 [32] DEBUG LISTServer - 登录游戏----------2017/9/15 18:24:44
2017-09-15 18:24:45,529 [32] DEBUG LISTServer - 登录用户openid:周星驰31|昵称:测试用户----------2017/9/15 18:24:45
2017-09-15 18:24:46,157 [32] DEBUG LISTServer - 登录游戏成功,当前对象存在----------2017/9/15 18:24:46
2017-09-15 18:25:29,328 [8] DEBUG LISTServer - 登陆sssionID--------5f0b4668-56f6-47c1-b8e4-d1d1ba703f1d
2017-09-15 18:25:29,328 [8] DEBUG LISTServer - 登录游戏----------2017/9/15 18:25:29
2017-09-15 18:25:29,594 [8] DEBUG LISTServer - 登录用户openid:123432415|昵称:shit----------2017/9/15 18:25:29
2017-09-15 18:25:30,198 [8] DEBUG LISTServer - 登录游戏成功,当前对象存在----------2017/9/15 18:25:30
2017-09-15 18:25:31,084 [105] DEBUG LISTServer - 登陆sssionID--------0cd1d6f4-fb30-4501-9818-a684b8a9b181
2017-09-15 18:25:31,084 [105] DEBUG LISTServer - 登录游戏----------2017/9/15 18:25:31
2017-09-15 18:25:31,288 [105] DEBUG LISTServer - 登录用户openid:14525427|昵称:fsdfesdfe----------2017/9/15 18:25:31
2017-09-15 18:25:31,924 [105] DEBUG LISTServer - 登录游戏成功,当前对象存在----------2017/9/15 18:25:31
2017-09-15 18:25:50,528 [104] DEBUG LISTServer - 登陆sssionID--------a083d892-40a8-4b9b-8e9a-339bc92575aa
2017-09-15 18:25:50,528 [104] DEBUG LISTServer - 登录游戏----------2017/9/15 18:25:50
2017-09-15 18:25:50,871 [104] DEBUG LISTServer - 登录用户openid:周星驰31|昵称:测试用户----------2017/9/15 18:25:50
2017-09-15 18:25:51,521 [104] DEBUG LISTServer - 登录游戏成功,当前对象存在----------2017/9/15 18:25:51
2017-09-15 18:26:00,369 [80] DEBUG LISTServer - 登陆sssionID--------465e99c2-8d13-41af-b0f8-b030c7b5de69
2017-09-15 18:26:00,369 [80] DEBUG LISTServer - 登录游戏----------2017/9/15 18:26:00
2017-09-15 18:26:00,676 [80] DEBUG LISTServer - 登录用户openid:123432415|昵称:shit----------2017/9/15 18:26:00
2017-09-15 18:26:01,320 [80] DEBUG LISTServer - 登录游戏成功,当前对象存在----------2017/9/15 18:26:01
2017-09-15 18:26:06,879 [81] DEBUG LISTServer - 登陆sssionID--------6da133b3-935b-4bb2-b86d-b7dfc9d106c2
2017-09-15 18:26:06,879 [81] DEBUG LISTServer - 登录游戏----------2017/9/15 18:26:06
2017-09-15 18:26:07,203 [81] DEBUG LISTServer - 登录用户openid:14525427|昵称:fsdfesdfe----------2017/9/15 18:26:07
2017-09-15 18:26:07,937 [81] DEBUG LISTServer - 登录游戏成功,当前对象存在----------2017/9/15 18:26:07
2017-09-15 18:26:35,293 [104] DEBUG LISTServer - 登陆sssionID--------8162668f-61cd-429b-bec5-df4bc44b7efe
2017-09-15 18:26:35,293 [104] DEBUG LISTServer - 登录游戏----------2017/9/15 18:26:35
2017-09-15 18:26:35,591 [104] DEBUG LISTServer - 登录用户openid:周星驰31|昵称:测试用户----------2017/9/15 18:26:35
2017-09-15 18:26:36,202 [104] DEBUG LISTServer - 登录游戏成功,当前对象存在----------2017/9/15 18:26:36
2017-09-15 18:27:07,606 [104] DEBUG LISTServer - 登陆sssionID--------c61ce614-0624-4b37-aab0-276a8f81fcfc
2017-09-15 18:27:07,606 [104] DEBUG LISTServer - 登录游戏----------2017/9/15 18:27:07
2017-09-15 18:27:07,926 [104] DEBUG LISTServer - 登录用户openid:123432415|昵称:shit----------2017/9/15 18:27:07
2017-09-15 18:27:08,518 [104] DEBUG LISTServer - 登录游戏成功,当前对象存在----------2017/9/15 18:27:08
2017-09-15 18:27:14,647 [79] DEBUG LISTServer - 登陆sssionID--------3971fb30-900e-4eed-94b1-457d04e33c2e
2017-09-15 18:27:14,647 [79] DEBUG LISTServer - 登录游戏----------2017/9/15 18:27:14
2017-09-15 18:27:14,904 [79] DEBUG LISTServer - 登录用户openid:14525427|昵称:fsdfesdfe----------2017/9/15 18:27:14
2017-09-15 18:27:15,744 [79] DEBUG LISTServer - 登录游戏成功,当前对象存在----------2017/9/15 18:27:15
2017-09-15 18:27:34,620 [8] DEBUG LISTServer - 登陆sssionID--------46013078-7f27-4772-8845-f402a0ff240e
2017-09-15 18:27:34,620 [8] DEBUG LISTServer - 登录游戏----------2017/9/15 18:27:34
2017-09-15 18:27:34,959 [8] DEBUG LISTServer - 登录用户openid:周星驰31|昵称:测试用户----------2017/9/15 18:27:34
2017-09-15 18:27:35,593 [8] DEBUG LISTServer - 登录游戏成功,当前对象存在----------2017/9/15 18:27:35
2017-09-15 18:27:52,219 [81] DEBUG LISTServer - 登陆sssionID--------16e2faed-c7d6-42f7-93db-2786b56b5d1c
2017-09-15 18:27:52,219 [81] DEBUG LISTServer - 登录游戏----------2017/9/15 18:27:52
2017-09-15 18:27:52,534 [81] DEBUG LISTServer - 登录用户openid:123432415|昵称:shit----------2017/9/15 18:27:52
2017-09-15 18:27:53,195 [81] DEBUG LISTServer - 登录游戏成功,当前对象存在----------2017/9/15 18:27:53
2017-09-15 18:27:57,323 [80] DEBUG LISTServer - 登陆sssionID--------e8462820-5199-4d7b-96e5-981661d65618
2017-09-15 18:27:57,323 [80] DEBUG LISTServer - 登录游戏----------2017/9/15 18:27:57
2017-09-15 18:27:57,720 [80] DEBUG LISTServer - 登录用户openid:14525427|昵称:fsdfesdfe----------2017/9/15 18:27:57
2017-09-15 18:27:58,400 [80] DEBUG LISTServer - 登录游戏成功,当前对象存在----------2017/9/15 18:27:58
2017-09-15 18:30:49,594 [38] DEBUG LISTServer - 登陆sssionID--------45b6ee44-cb92-429d-9a72-0c847b3939ea
2017-09-15 18:30:49,594 [38] DEBUG LISTServer - 登录游戏----------2017/9/15 18:30:49
2017-09-15 18:30:50,553 [38] DEBUG LISTServer - 登录用户openid:周星驰31|昵称:测试用户----------2017/9/15 18:30:50
2017-09-15 18:30:51,140 [38] DEBUG LISTServer - 登录游戏成功,当前对象存在----------2017/9/15 18:30:51
2017-09-15 18:30:55,086 [79] DEBUG LISTServer - 登陆sssionID--------bd388cab-e55a-4456-9820-a153fe44595a
2017-09-15 18:30:55,086 [79] DEBUG LISTServer - 登录游戏----------2017/9/15 18:30:55
2017-09-15 18:30:55,381 [79] DEBUG LISTServer - 登录用户openid:123432415|昵称:shit----------2017/9/15 18:30:55
2017-09-15 18:30:55,973 [79] DEBUG LISTServer - 登录游戏成功,当前对象存在----------2017/9/15 18:30:55
2017-09-15 18:30:57,265 [38] DEBUG LISTServer - 登陆sssionID--------a19dd52a-b0f9-4007-af34-fb57e6ad3753
2017-09-15 18:30:57,265 [38] DEBUG LISTServer - 登录游戏----------2017/9/15 18:30:57
2017-09-15 18:30:57,475 [38] DEBUG LISTServer - 登录用户openid:14525427|昵称:fsdfesdfe----------2017/9/15 18:30:57
2017-09-15 18:30:58,042 [38] DEBUG LISTServer - 登录游戏成功,当前对象存在----------2017/9/15 18:30:58
2017-09-15 18:36:33,088 [38] DEBUG LISTServer - 登陆sssionID--------098b48b6-47e8-4f07-b017-cd4a3ade655d
2017-09-15 18:36:33,088 [38] DEBUG LISTServer - 登录游戏----------2017/9/15 18:36:33
2017-09-15 18:36:34,469 [38] DEBUG LISTServer - 登录用户openid:周星驰31|昵称:测试用户----------2017/9/15 18:36:34
2017-09-15 18:36:35,095 [38] DEBUG LISTServer - 登录游戏成功,当前对象存在----------2017/9/15 18:36:35
2017-09-15 18:38:46,602 [105] DEBUG LISTServer - 登陆sssionID--------c1ac3666-8ff8-4256-b253-7f2b0a763f8c
2017-09-15 18:38:46,602 [105] DEBUG LISTServer - 登录游戏----------2017/9/15 18:38:46
2017-09-15 18:38:47,606 [105] DEBUG LISTServer - 登录用户openid:周星驰31|昵称:测试用户----------2017/9/15 18:38:47
2017-09-15 18:38:48,489 [105] DEBUG LISTServer - 登录游戏成功,当前对象存在----------2017/9/15 18:38:48
2017-09-15 18:42:20,005 [79] DEBUG LISTServer - 登陆sssionID--------b6e14b8c-d16d-43fd-bc7f-ac9b28b919c2
2017-09-15 18:42:20,005 [79] DEBUG LISTServer - 登录游戏----------2017/9/15 18:42:20
2017-09-15 18:42:22,001 [79] DEBUG LISTServer - 登录用户openid:周星驰31|昵称:测试用户----------2017/9/15 18:42:22
2017-09-15 18:42:22,800 [79] DEBUG LISTServer - 登录游戏成功,当前对象存在----------2017/9/15 18:42:22
2017-09-15 18:42:58,945 [79] DEBUG LISTServer - 登陆sssionID--------7d2f0462-49c1-46f6-8332-6977e254fcfb
2017-09-15 18:42:58,945 [79] DEBUG LISTServer - 登录游戏----------2017/9/15 18:42:58
2017-09-15 18:42:59,385 [79] DEBUG LISTServer - 登录用户openid:123432415|昵称:shit----------2017/9/15 18:42:59
2017-09-15 18:42:59,936 [79] DEBUG LISTServer - 登录游戏成功,当前对象存在----------2017/9/15 18:42:59
2017-09-15 18:43:00,890 [105] DEBUG LISTServer - 登陆sssionID--------e1861df4-8c0b-49c6-9feb-915bed0ddbda
2017-09-15 18:43:00,890 [105] DEBUG LISTServer - 登录游戏----------2017/9/15 18:43:00
2017-09-15 18:43:01,289 [105] DEBUG LISTServer - 登录用户openid:14525427|昵称:fsdfesdfe----------2017/9/15 18:43:01
2017-09-15 18:43:01,880 [105] DEBUG LISTServer - 登录游戏成功,当前对象存在----------2017/9/15 18:43:01
2017-09-15 18:43:49,206 [104] DEBUG LISTServer - 登陆sssionID--------1c1aeac5-7909-499e-9b76-ae6040ab00b1
2017-09-15 18:43:49,206 [104] DEBUG LISTServer - 登录游戏----------2017/9/15 18:43:49
2017-09-15 18:43:49,533 [104] DEBUG LISTServer - 登录用户openid:123432415|昵称:shit----------2017/9/15 18:43:49
2017-09-15 18:43:50,151 [104] DEBUG LISTServer - 登录游戏成功,当前对象存在----------2017/9/15 18:43:50
2017-09-15 18:43:51,072 [38] DEBUG LISTServer - 登陆sssionID--------d694991f-579d-48ab-b028-a681d7934c1f
2017-09-15 18:43:51,072 [38] DEBUG LISTServer - 登录游戏----------2017/9/15 18:43:51
2017-09-15 18:43:51,327 [38] DEBUG LISTServer - 登录用户openid:14525427|昵称:fsdfesdfe----------2017/9/15 18:43:51
2017-09-15 18:43:51,974 [38] DEBUG LISTServer - 登录游戏成功,当前对象存在----------2017/9/15 18:43:51
