2018-02-01 14:47:05,933 [1] DEBUG DefaultBootstrap - The server instance LISTServer has been created!
2018-02-01 14:47:06,702 [1] DEBUG LISTServer - The command 11105(ListBLL.Logic.AgentGetGroupInfo) has been discovered
2018-02-01 14:47:06,702 [1] DEBUG LISTServer - The command 11107(ListBLL.Logic.AgentGroupUsersManager) has been discovered
2018-02-01 14:47:06,703 [1] DEBUG LISTServer - The command 11110(ListBLL.Logic.AgentSignIn) has been discovered
2018-02-01 14:47:06,703 [1] DEBUG LISTServer - The command 11060(ListBLL.Logic.ApplyRecord) has been discovered
2018-02-01 14:47:06,703 [1] DEBUG LISTServer - The command 11040(ListBLL.Logic.ApplyToJoin) has been discovered
2018-02-01 14:47:06,703 [1] DEBUG LISTServer - The command 11070(ListBLL.Logic.ChangeApplyStatus) has been discovered
2018-02-01 14:47:06,703 [1] DEBUG LISTServer - The command 11103(ListBLL.Logic.CreateGroup) has been discovered
2018-02-01 14:47:06,703 [1] DEBUG LISTServer - The command 11109(ListBLL.Logic.DeleteGroup) has been discovered
2018-02-01 14:47:06,703 [1] DEBUG LISTServer - The command 19005(ListBLL.Logic.Feedback) has been discovered
2018-02-01 14:47:06,703 [1] DEBUG LISTServer - The command 11020(ListBLL.Logic.GameOperation) has been discovered
2018-02-01 14:47:06,704 [1] DEBUG LISTServer - The command 11030(ListBLL.Logic.GetGroupInfo) has been discovered
2018-02-01 14:47:06,704 [1] DEBUG LISTServer - The command 11032(ListBLL.Logic.GetGroupInfoByGroupID) has been discovered
2018-02-01 14:47:06,704 [1] DEBUG LISTServer - The command 11034(ListBLL.Logic.GetGroupUserInfoByGroupID) has been discovered
2018-02-01 14:47:06,704 [1] DEBUG LISTServer - The command 11022(ListBLL.Logic.GetRoomCard) has been discovered
2018-02-01 14:47:06,704 [1] DEBUG LISTServer - The command 11050(ListBLL.Logic.GroupUsersManager) has been discovered
2018-02-01 14:47:06,704 [1] DEBUG LISTServer - The command 10001(ListBLL.Logic.Heartbeat) has been discovered
2018-02-01 14:47:06,704 [1] DEBUG LISTServer - The command 11080(ListBLL.Logic.LobbyInfo) has been discovered
2018-02-01 14:47:06,704 [1] DEBUG LISTServer - The command 11001(ListBLL.Logic.Login) has been discovered
2018-02-01 14:47:06,704 [1] DEBUG LISTServer - The command 11003(ListBLL.Logic.LoginPW) has been discovered
2018-02-01 14:47:06,704 [1] DEBUG LISTServer - The command 11101(ListBLL.Logic.Package) has been discovered
2018-02-01 14:47:06,704 [1] DEBUG LISTServer - The command 11090(ListBLL.Logic.QuitGroup) has been discovered
2018-02-01 14:47:06,705 [1] DEBUG LISTServer - The command 11108(ListBLL.Logic.SearchPlayer) has been discovered
2018-02-01 14:47:06,705 [1] DEBUG LISTServer - The command 19003(ListBLL.Logic.UserGamePlaybackLogic) has been discovered
2018-02-01 14:47:06,705 [1] DEBUG LISTServer - The command 19001(ListBLL.Logic.UserRecordLogic) has been discovered
2018-02-01 14:47:06,718 [1] DEBUG DefaultBootstrap - The server instance LISTServer has been initialized!
2018-02-01 14:47:07,552 [1] DEBUG DefaultBootstrap - The PerformanceMonitor has been initialized!
2018-02-01 14:47:07,552 [1] DEBUG DefaultBootstrap - The Bootstrap has been initialized!
2018-02-01 14:47:07,676 [1] DEBUG LISTServer - Listener (0.0.0.0:2018) was started
2018-02-01 14:47:07,680 [1] DEBUG DefaultBootstrap - The PerformanceMonitor has been started!
2018-02-01 14:59:34,081 [16] DEBUG LISTServer - 登陆sssionID--------394d0107-0c9e-4b2b-9a8b-f12b25a76036
2018-02-01 14:59:34,081 [16] DEBUG LISTServer - 登录游戏----------2018/2/1 14:59:34
2018-02-01 14:59:37,615 [9] DEBUG LISTServer - 登陆sssionID--------26e4e6b3-dcce-4cdb-9008-5fd38d5aa02d
2018-02-01 14:59:37,615 [9] DEBUG LISTServer - 登录游戏----------2018/2/1 14:59:37
2018-02-01 14:59:37,615 [12] DEBUG LISTServer - 登陆sssionID--------f9445317-ca64-443a-9cab-7660283313ec
2018-02-01 14:59:37,615 [12] DEBUG LISTServer - 登录游戏----------2018/2/1 14:59:37
2018-02-01 14:59:37,615 [8] DEBUG LISTServer - 登陆sssionID--------c3d8ff50-d5ad-4389-bd05-6cdb478f58af
2018-02-01 14:59:37,615 [8] DEBUG LISTServer - 登录游戏----------2018/2/1 14:59:37
2018-02-01 14:59:37,616 [10] DEBUG LISTServer - 登陆sssionID--------5e5849c9-9ef1-4862-9b1d-7aa022c62239
2018-02-01 14:59:37,616 [10] DEBUG LISTServer - 登录游戏----------2018/2/1 14:59:37
2018-02-01 14:59:37,616 [15] DEBUG LISTServer - 登陆sssionID--------4b2066f3-2d29-41e7-b3ef-5955680fa7d7
2018-02-01 14:59:37,616 [15] DEBUG LISTServer - 登录游戏----------2018/2/1 14:59:37
2018-02-01 14:59:37,992 [12] DEBUG LISTServer - 登录用户openid:622d2708-8fbd-460f-b814-1b05854bd246|昵称:凌金牛----------2018/2/1 14:59:37
2018-02-01 14:59:37,992 [16] DEBUG LISTServer - 登录用户openid:cb02228dfbbc35594d8f3b7bdaa129cfedd86e9d|昵称:测试用户cb0----------2018/2/1 14:59:37
2018-02-01 14:59:37,992 [8] DEBUG LISTServer - 登录用户openid:622d2708-8fbd-460f-b814-1b05854bd246|昵称:凌金牛----------2018/2/1 14:59:37
2018-02-01 14:59:38,002 [15] DEBUG LISTServer - 登录用户openid:16fb2bd1-7a5f-4869-aa7f-0f43102367e8|昵称:谢昌芬----------2018/2/1 14:59:38
2018-02-01 14:59:38,002 [10] DEBUG LISTServer - 登录用户openid:622d2708-8fbd-460f-b814-1b05854bd246|昵称:凌金牛----------2018/2/1 14:59:38
2018-02-01 14:59:38,002 [9] DEBUG LISTServer - 登录用户openid:df546ae2-0082-4caf-8a4d-757bcec0e4cc|昵称:王佳----------2018/2/1 14:59:38
2018-02-01 14:59:39,766 [16] DEBUG LISTServer - 登录游戏成功----------2018/2/1 14:59:39
2018-02-01 14:59:39,766 [12] DEBUG LISTServer - 登录游戏成功----------2018/2/1 14:59:39
2018-02-01 14:59:39,766 [10] DEBUG LISTServer - 登录游戏成功----------2018/2/1 14:59:39
2018-02-01 14:59:39,766 [15] DEBUG LISTServer - 登录游戏成功----------2018/2/1 14:59:39
2018-02-01 14:59:39,766 [15] DEBUG LISTServer - 新登录用户openid:16fb2bd1-7a5f-4869-aa7f-0f43102367e8
2018-02-01 14:59:39,766 [8] DEBUG LISTServer - 登录游戏成功----------2018/2/1 14:59:39
2018-02-01 14:59:39,766 [9] DEBUG LISTServer - 登录游戏成功----------2018/2/1 14:59:39
2018-02-01 15:03:57,819 [15] DEBUG LISTServer - 登陆sssionID--------9197de69-de31-494e-989c-701df66d3dff
2018-02-01 15:03:57,819 [15] DEBUG LISTServer - 登录游戏----------2018/2/1 15:03:57
2018-02-01 15:03:57,979 [15] DEBUG LISTServer - 登录用户openid:622d2708-8fbd-460f-b814-1b05854bd246|昵称:凌金牛----------2018/2/1 15:03:57
2018-02-01 15:03:58,266 [15] DEBUG LISTServer - 登录游戏成功----------2018/2/1 15:03:58
2018-02-01 15:16:57,964 [15] DEBUG LISTServer - 登陆sssionID--------17b7bc44-98e2-4517-9b30-2d1b1105aab5
2018-02-01 15:16:57,964 [15] DEBUG LISTServer - 登录游戏----------2018/2/1 15:16:57
2018-02-01 15:16:58,270 [15] DEBUG LISTServer - 登录用户openid:df546ae2-0082-4caf-8a4d-757bcec0e4cc|昵称:王佳----------2018/2/1 15:16:58
2018-02-01 15:16:58,439 [15] DEBUG LISTServer - 登录游戏成功----------2018/2/1 15:16:58
2018-02-01 15:17:08,559 [12] DEBUG LISTServer - 登陆sssionID--------3172f616-da2f-4782-8f9f-3b705dac2576
2018-02-01 15:17:08,559 [12] DEBUG LISTServer - 登录游戏----------2018/2/1 15:17:08
2018-02-01 15:17:08,750 [12] DEBUG LISTServer - 登录用户openid:622d2708-8fbd-460f-b814-1b05854bd246|昵称:凌金牛----------2018/2/1 15:17:08
2018-02-01 15:17:08,922 [12] DEBUG LISTServer - 登录游戏成功----------2018/2/1 15:17:08
2018-02-01 15:19:18,241 [8] DEBUG LISTServer - 登陆sssionID--------e8eab782-9e22-47d8-99ca-2e51963730e9
2018-02-01 15:19:18,241 [8] DEBUG LISTServer - 登录游戏----------2018/2/1 15:19:18
2018-02-01 15:19:18,417 [8] DEBUG LISTServer - 登录用户openid:df546ae2-0082-4caf-8a4d-757bcec0e4cc|昵称:王佳----------2018/2/1 15:19:18
2018-02-01 15:19:18,589 [8] DEBUG LISTServer - 登录游戏成功----------2018/2/1 15:19:18
2018-02-01 15:23:07,826 [24] DEBUG LISTServer - 登陆sssionID--------f9124b25-3002-4cd0-9139-ea20bf791440
2018-02-01 15:23:07,826 [24] DEBUG LISTServer - 登录游戏----------2018/2/1 15:23:07
2018-02-01 15:23:08,004 [24] DEBUG LISTServer - 登录用户openid:cb02228dfbbc35594d8f3b7bdaa129cfedd86e9d|昵称:测试用户cb0----------2018/2/1 15:23:08
2018-02-01 15:23:08,226 [24] DEBUG LISTServer - 登录游戏成功----------2018/2/1 15:23:08
2018-02-01 18:10:47,844 [24] DEBUG LISTServer - 登陆sssionID--------846cc060-f4d6-44c5-b1cd-73dac89aacbe
2018-02-01 18:10:47,855 [24] DEBUG LISTServer - 登录游戏----------2018/2/1 18:10:47
2018-02-01 18:10:48,175 [24] DEBUG LISTServer - 登录用户openid:df546ae2-0082-4caf-8a4d-757bcec0e4cc|昵称:王佳----------2018/2/1 18:10:48
2018-02-01 18:10:48,507 [24] DEBUG LISTServer - 登录游戏成功----------2018/2/1 18:10:48
2018-02-01 18:22:09,377 [8] DEBUG LISTServer - 登陆sssionID--------0ca18edf-00ce-489d-8650-d78ffb6ec8a5
2018-02-01 18:22:09,377 [8] DEBUG LISTServer - 登录游戏----------2018/2/1 18:22:09
2018-02-01 18:22:09,808 [8] DEBUG LISTServer - 登录用户openid:622d2708-8fbd-460f-b814-1b05854bd246|昵称:凌金牛----------2018/2/1 18:22:09
2018-02-01 18:22:09,981 [8] DEBUG LISTServer - 登录游戏成功----------2018/2/1 18:22:09
2018-02-01 18:22:50,780 [8] DEBUG LISTServer - 登陆sssionID--------830e562e-5875-405d-924c-ce4be1606c45
2018-02-01 18:22:50,780 [8] DEBUG LISTServer - 登录游戏----------2018/2/1 18:22:50
2018-02-01 18:22:50,927 [8] DEBUG LISTServer - 登录用户openid:9b2944cdf162ca7c468bf2b136b4a80e|昵称:测试用户9b2----------2018/2/1 18:22:50
2018-02-01 18:22:51,170 [8] DEBUG LISTServer - 登录游戏成功----------2018/2/1 18:22:51
2018-02-01 18:26:36,860 [9] DEBUG LISTServer - 登陆sssionID--------60e997e5-59a7-4112-94fa-3d0e6edc0746
2018-02-01 18:26:36,860 [9] DEBUG LISTServer - 登录游戏----------2018/2/1 18:26:36
2018-02-01 18:26:37,134 [9] DEBUG LISTServer - 登录用户openid:df546ae2-0082-4caf-8a4d-757bcec0e4cc|昵称:王佳----------2018/2/1 18:26:37
2018-02-01 18:26:37,339 [9] DEBUG LISTServer - 登录游戏成功----------2018/2/1 18:26:37
2018-02-01 18:27:26,370 [9] DEBUG LISTServer - 登陆sssionID--------5cebff1e-54ee-4acf-9445-8941b8d732c6
2018-02-01 18:27:26,370 [9] DEBUG LISTServer - 登录游戏----------2018/2/1 18:27:26
2018-02-01 18:27:26,555 [9] DEBUG LISTServer - 登录用户openid:622d2708-8fbd-460f-b814-1b05854bd246|昵称:凌金牛----------2018/2/1 18:27:26
2018-02-01 18:27:26,730 [9] DEBUG LISTServer - 登录游戏成功----------2018/2/1 18:27:26
2018-02-01 18:28:23,649 [9] DEBUG LISTServer - 登陆sssionID--------38101798-c30a-438c-bbc4-a5a4bd17d3af
2018-02-01 18:28:23,649 [9] DEBUG LISTServer - 登录游戏----------2018/2/1 18:28:23
2018-02-01 18:28:23,814 [9] DEBUG LISTServer - 登录用户openid:df546ae2-0082-4caf-8a4d-757bcec0e4cc|昵称:王佳----------2018/2/1 18:28:23
2018-02-01 18:28:23,942 [9] DEBUG LISTServer - 登录游戏成功----------2018/2/1 18:28:23
2018-02-01 18:29:11,967 [12] DEBUG LISTServer - 登陆sssionID--------0126ac05-3814-4ec2-b09d-ffb4f5969658
2018-02-01 18:29:12,814 [12] DEBUG LISTServer - 登录游戏----------2018/2/1 18:29:12
2018-02-01 18:29:15,222 [12] DEBUG LISTServer - 登录用户openid:df546ae2-0082-4caf-8a4d-757bcec0e4cc|昵称:王佳----------2018/2/1 18:29:15
2018-02-01 18:29:33,876 [12] DEBUG LISTServer - 登录游戏成功----------2018/2/1 18:29:33
2018-02-01 18:31:33,960 [1] DEBUG DefaultBootstrap - The server instance LISTServer has been created!
2018-02-01 18:31:34,129 [1] DEBUG LISTServer - The command 11105(ListBLL.Logic.AgentGetGroupInfo) has been discovered
2018-02-01 18:31:34,129 [1] DEBUG LISTServer - The command 11107(ListBLL.Logic.AgentGroupUsersManager) has been discovered
2018-02-01 18:31:34,129 [1] DEBUG LISTServer - The command 11110(ListBLL.Logic.AgentSignIn) has been discovered
2018-02-01 18:31:34,130 [1] DEBUG LISTServer - The command 11060(ListBLL.Logic.ApplyRecord) has been discovered
2018-02-01 18:31:34,130 [1] DEBUG LISTServer - The command 11040(ListBLL.Logic.ApplyToJoin) has been discovered
2018-02-01 18:31:34,130 [1] DEBUG LISTServer - The command 11070(ListBLL.Logic.ChangeApplyStatus) has been discovered
2018-02-01 18:31:34,130 [1] DEBUG LISTServer - The command 11103(ListBLL.Logic.CreateGroup) has been discovered
2018-02-01 18:31:34,130 [1] DEBUG LISTServer - The command 11109(ListBLL.Logic.DeleteGroup) has been discovered
2018-02-01 18:31:34,130 [1] DEBUG LISTServer - The command 19005(ListBLL.Logic.Feedback) has been discovered
2018-02-01 18:31:34,130 [1] DEBUG LISTServer - The command 11020(ListBLL.Logic.GameOperation) has been discovered
2018-02-01 18:31:34,130 [1] DEBUG LISTServer - The command 11030(ListBLL.Logic.GetGroupInfo) has been discovered
2018-02-01 18:31:34,130 [1] DEBUG LISTServer - The command 11032(ListBLL.Logic.GetGroupInfoByGroupID) has been discovered
2018-02-01 18:31:34,130 [1] DEBUG LISTServer - The command 11034(ListBLL.Logic.GetGroupUserInfoByGroupID) has been discovered
2018-02-01 18:31:34,130 [1] DEBUG LISTServer - The command 11022(ListBLL.Logic.GetRoomCard) has been discovered
2018-02-01 18:31:34,130 [1] DEBUG LISTServer - The command 11050(ListBLL.Logic.GroupUsersManager) has been discovered
2018-02-01 18:31:34,130 [1] DEBUG LISTServer - The command 10001(ListBLL.Logic.Heartbeat) has been discovered
2018-02-01 18:31:34,131 [1] DEBUG LISTServer - The command 11080(ListBLL.Logic.LobbyInfo) has been discovered
2018-02-01 18:31:34,131 [1] DEBUG LISTServer - The command 11001(ListBLL.Logic.Login) has been discovered
2018-02-01 18:31:34,131 [1] DEBUG LISTServer - The command 11003(ListBLL.Logic.LoginPW) has been discovered
2018-02-01 18:31:34,131 [1] DEBUG LISTServer - The command 11101(ListBLL.Logic.Package) has been discovered
2018-02-01 18:31:34,131 [1] DEBUG LISTServer - The command 11090(ListBLL.Logic.QuitGroup) has been discovered
2018-02-01 18:31:34,131 [1] DEBUG LISTServer - The command 11108(ListBLL.Logic.SearchPlayer) has been discovered
2018-02-01 18:31:34,132 [1] DEBUG LISTServer - The command 19003(ListBLL.Logic.UserGamePlaybackLogic) has been discovered
2018-02-01 18:31:34,132 [1] DEBUG LISTServer - The command 19001(ListBLL.Logic.UserRecordLogic) has been discovered
2018-02-01 18:31:34,146 [1] DEBUG DefaultBootstrap - The server instance LISTServer has been initialized!
2018-02-01 18:31:35,086 [1] DEBUG DefaultBootstrap - The PerformanceMonitor has been initialized!
2018-02-01 18:31:35,086 [1] DEBUG DefaultBootstrap - The Bootstrap has been initialized!
2018-02-01 18:31:35,107 [1] DEBUG LISTServer - Listener (0.0.0.0:2018) was started
2018-02-01 18:31:35,111 [1] DEBUG DefaultBootstrap - The PerformanceMonitor has been started!
2018-02-01 18:32:03,543 [7] DEBUG LISTServer - 登陆sssionID--------536c9107-14c8-4160-840c-3e45d5031220
2018-02-01 18:32:03,544 [7] DEBUG LISTServer - 登录游戏----------2018/2/1 18:32:03
2018-02-01 18:32:04,110 [7] DEBUG LISTServer - 登录用户openid:df546ae2-0082-4caf-8a4d-757bcec0e4cc|昵称:王佳----------2018/2/1 18:32:04
2018-02-01 18:32:04,496 [7] DEBUG LISTServer - 登录游戏成功----------2018/2/1 18:32:04
2018-02-01 18:33:18,819 [1] DEBUG DefaultBootstrap - The server instance LISTServer has been created!
2018-02-01 18:33:18,967 [1] DEBUG LISTServer - The command 11105(ListBLL.Logic.AgentGetGroupInfo) has been discovered
2018-02-01 18:33:18,967 [1] DEBUG LISTServer - The command 11107(ListBLL.Logic.AgentGroupUsersManager) has been discovered
2018-02-01 18:33:18,967 [1] DEBUG LISTServer - The command 11110(ListBLL.Logic.AgentSignIn) has been discovered
2018-02-01 18:33:18,967 [1] DEBUG LISTServer - The command 11060(ListBLL.Logic.ApplyRecord) has been discovered
2018-02-01 18:33:18,968 [1] DEBUG LISTServer - The command 11040(ListBLL.Logic.ApplyToJoin) has been discovered
2018-02-01 18:33:18,968 [1] DEBUG LISTServer - The command 11070(ListBLL.Logic.ChangeApplyStatus) has been discovered
2018-02-01 18:33:18,968 [1] DEBUG LISTServer - The command 11103(ListBLL.Logic.CreateGroup) has been discovered
2018-02-01 18:33:18,968 [1] DEBUG LISTServer - The command 11109(ListBLL.Logic.DeleteGroup) has been discovered
2018-02-01 18:33:18,968 [1] DEBUG LISTServer - The command 19005(ListBLL.Logic.Feedback) has been discovered
2018-02-01 18:33:18,968 [1] DEBUG LISTServer - The command 11020(ListBLL.Logic.GameOperation) has been discovered
2018-02-01 18:33:18,968 [1] DEBUG LISTServer - The command 11030(ListBLL.Logic.GetGroupInfo) has been discovered
2018-02-01 18:33:18,968 [1] DEBUG LISTServer - The command 11032(ListBLL.Logic.GetGroupInfoByGroupID) has been discovered
2018-02-01 18:33:18,968 [1] DEBUG LISTServer - The command 11034(ListBLL.Logic.GetGroupUserInfoByGroupID) has been discovered
2018-02-01 18:33:18,968 [1] DEBUG LISTServer - The command 11022(ListBLL.Logic.GetRoomCard) has been discovered
2018-02-01 18:33:18,968 [1] DEBUG LISTServer - The command 11050(ListBLL.Logic.GroupUsersManager) has been discovered
2018-02-01 18:33:18,969 [1] DEBUG LISTServer - The command 10001(ListBLL.Logic.Heartbeat) has been discovered
2018-02-01 18:33:18,969 [1] DEBUG LISTServer - The command 11080(ListBLL.Logic.LobbyInfo) has been discovered
2018-02-01 18:33:18,969 [1] DEBUG LISTServer - The command 11001(ListBLL.Logic.Login) has been discovered
2018-02-01 18:33:18,969 [1] DEBUG LISTServer - The command 11003(ListBLL.Logic.LoginPW) has been discovered
2018-02-01 18:33:18,969 [1] DEBUG LISTServer - The command 11101(ListBLL.Logic.Package) has been discovered
2018-02-01 18:33:18,969 [1] DEBUG LISTServer - The command 11090(ListBLL.Logic.QuitGroup) has been discovered
2018-02-01 18:33:18,969 [1] DEBUG LISTServer - The command 11108(ListBLL.Logic.SearchPlayer) has been discovered
2018-02-01 18:33:18,969 [1] DEBUG LISTServer - The command 19003(ListBLL.Logic.UserGamePlaybackLogic) has been discovered
2018-02-01 18:33:18,969 [1] DEBUG LISTServer - The command 19001(ListBLL.Logic.UserRecordLogic) has been discovered
2018-02-01 18:33:18,982 [1] DEBUG DefaultBootstrap - The server instance LISTServer has been initialized!
2018-02-01 18:33:19,951 [1] DEBUG DefaultBootstrap - The PerformanceMonitor has been initialized!
2018-02-01 18:33:19,951 [1] DEBUG DefaultBootstrap - The Bootstrap has been initialized!
2018-02-01 18:33:19,975 [1] DEBUG LISTServer - Listener (0.0.0.0:2018) was started
2018-02-01 18:33:19,979 [1] DEBUG DefaultBootstrap - The PerformanceMonitor has been started!
2018-02-01 18:33:40,387 [7] DEBUG LISTServer - 登陆sssionID--------dccc7161-38ce-490f-879e-bf77ff379b2f
2018-02-01 18:33:40,387 [7] DEBUG LISTServer - 登录游戏----------2018/2/1 18:33:40
2018-02-01 18:33:40,858 [7] DEBUG LISTServer - 登录用户openid:df546ae2-0082-4caf-8a4d-757bcec0e4cc|昵称:王佳----------2018/2/1 18:33:40
2018-02-01 18:33:41,191 [7] DEBUG LISTServer - 登录游戏成功----------2018/2/1 18:33:41
