2018-01-31 10:02:04,889 [1] DEBUG DefaultBootstrap - The server instance LISTServer has been created!
2018-01-31 10:02:05,203 [1] DEBUG LISTServer - The command 11105(ListBLL.Logic.AgentGetGroupInfo) has been discovered
2018-01-31 10:02:05,203 [1] DEBUG LISTServer - The command 11107(ListBLL.Logic.AgentGroupUsersManager) has been discovered
2018-01-31 10:02:05,203 [1] DEBUG LISTServer - The command 11110(ListBLL.Logic.AgentSignIn) has been discovered
2018-01-31 10:02:05,203 [1] DEBUG LISTServer - The command 11060(ListBLL.Logic.ApplyRecord) has been discovered
2018-01-31 10:02:05,203 [1] DEBUG LISTServer - The command 11040(ListBLL.Logic.ApplyToJoin) has been discovered
2018-01-31 10:02:05,203 [1] DEBUG LISTServer - The command 11070(ListBLL.Logic.ChangeApplyStatus) has been discovered
2018-01-31 10:02:05,204 [1] DEBUG LISTServer - The command 11103(ListBLL.Logic.CreateGroup) has been discovered
2018-01-31 10:02:05,204 [1] DEBUG LISTServer - The command 11109(ListBLL.Logic.DeleteGroup) has been discovered
2018-01-31 10:02:05,204 [1] DEBUG LISTServer - The command 19005(ListBLL.Logic.Feedback) has been discovered
2018-01-31 10:02:05,204 [1] DEBUG LISTServer - The command 11020(ListBLL.Logic.GameOperation) has been discovered
2018-01-31 10:02:05,204 [1] DEBUG LISTServer - The command 11030(ListBLL.Logic.GetGroupInfo) has been discovered
2018-01-31 10:02:05,204 [1] DEBUG LISTServer - The command 11032(ListBLL.Logic.GetGroupInfoByGroupID) has been discovered
2018-01-31 10:02:05,204 [1] DEBUG LISTServer - The command 11034(ListBLL.Logic.GetGroupUserInfoByGroupID) has been discovered
2018-01-31 10:02:05,204 [1] DEBUG LISTServer - The command 11022(ListBLL.Logic.GetRoomCard) has been discovered
2018-01-31 10:02:05,204 [1] DEBUG LISTServer - The command 11050(ListBLL.Logic.GroupUsersManager) has been discovered
2018-01-31 10:02:05,204 [1] DEBUG LISTServer - The command 10001(ListBLL.Logic.Heartbeat) has been discovered
2018-01-31 10:02:05,204 [1] DEBUG LISTServer - The command 11080(ListBLL.Logic.LobbyInfo) has been discovered
2018-01-31 10:02:05,205 [1] DEBUG LISTServer - The command 11001(ListBLL.Logic.Login) has been discovered
2018-01-31 10:02:05,205 [1] DEBUG LISTServer - The command 11003(ListBLL.Logic.LoginPW) has been discovered
2018-01-31 10:02:05,205 [1] DEBUG LISTServer - The command 11101(ListBLL.Logic.Package) has been discovered
2018-01-31 10:02:05,205 [1] DEBUG LISTServer - The command 11090(ListBLL.Logic.QuitGroup) has been discovered
2018-01-31 10:02:05,205 [1] DEBUG LISTServer - The command 11108(ListBLL.Logic.SearchPlayer) has been discovered
2018-01-31 10:02:05,205 [1] DEBUG LISTServer - The command 19003(ListBLL.Logic.UserGamePlaybackLogic) has been discovered
2018-01-31 10:02:05,205 [1] DEBUG LISTServer - The command 19001(ListBLL.Logic.UserRecordLogic) has been discovered
2018-01-31 10:02:05,224 [1] DEBUG DefaultBootstrap - The server instance LISTServer has been initialized!
2018-01-31 10:02:05,893 [1] DEBUG DefaultBootstrap - The PerformanceMonitor has been initialized!
2018-01-31 10:02:05,893 [1] DEBUG DefaultBootstrap - The Bootstrap has been initialized!
2018-01-31 10:02:05,916 [1] DEBUG LISTServer - Listener (0.0.0.0:2018) was started
2018-01-31 10:02:05,922 [1] DEBUG DefaultBootstrap - The PerformanceMonitor has been started!
2018-01-31 10:07:07,350 [1] DEBUG DefaultBootstrap - The server instance LISTServer has been created!
2018-01-31 10:07:07,618 [1] DEBUG LISTServer - The command 11105(ListBLL.Logic.AgentGetGroupInfo) has been discovered
2018-01-31 10:07:07,618 [1] DEBUG LISTServer - The command 11107(ListBLL.Logic.AgentGroupUsersManager) has been discovered
2018-01-31 10:07:07,619 [1] DEBUG LISTServer - The command 11110(ListBLL.Logic.AgentSignIn) has been discovered
2018-01-31 10:07:07,619 [1] DEBUG LISTServer - The command 11060(ListBLL.Logic.ApplyRecord) has been discovered
2018-01-31 10:07:07,619 [1] DEBUG LISTServer - The command 11040(ListBLL.Logic.ApplyToJoin) has been discovered
2018-01-31 10:07:07,619 [1] DEBUG LISTServer - The command 11070(ListBLL.Logic.ChangeApplyStatus) has been discovered
2018-01-31 10:07:07,619 [1] DEBUG LISTServer - The command 11103(ListBLL.Logic.CreateGroup) has been discovered
2018-01-31 10:07:07,619 [1] DEBUG LISTServer - The command 11109(ListBLL.Logic.DeleteGroup) has been discovered
2018-01-31 10:07:07,619 [1] DEBUG LISTServer - The command 19005(ListBLL.Logic.Feedback) has been discovered
2018-01-31 10:07:07,619 [1] DEBUG LISTServer - The command 11020(ListBLL.Logic.GameOperation) has been discovered
2018-01-31 10:07:07,619 [1] DEBUG LISTServer - The command 11030(ListBLL.Logic.GetGroupInfo) has been discovered
2018-01-31 10:07:07,619 [1] DEBUG LISTServer - The command 11032(ListBLL.Logic.GetGroupInfoByGroupID) has been discovered
2018-01-31 10:07:07,619 [1] DEBUG LISTServer - The command 11034(ListBLL.Logic.GetGroupUserInfoByGroupID) has been discovered
2018-01-31 10:07:07,619 [1] DEBUG LISTServer - The command 11022(ListBLL.Logic.GetRoomCard) has been discovered
2018-01-31 10:07:07,620 [1] DEBUG LISTServer - The command 11050(ListBLL.Logic.GroupUsersManager) has been discovered
2018-01-31 10:07:07,620 [1] DEBUG LISTServer - The command 10001(ListBLL.Logic.Heartbeat) has been discovered
2018-01-31 10:07:07,620 [1] DEBUG LISTServer - The command 11080(ListBLL.Logic.LobbyInfo) has been discovered
2018-01-31 10:07:07,620 [1] DEBUG LISTServer - The command 11001(ListBLL.Logic.Login) has been discovered
2018-01-31 10:07:07,620 [1] DEBUG LISTServer - The command 11003(ListBLL.Logic.LoginPW) has been discovered
2018-01-31 10:07:07,620 [1] DEBUG LISTServer - The command 11101(ListBLL.Logic.Package) has been discovered
2018-01-31 10:07:07,620 [1] DEBUG LISTServer - The command 11090(ListBLL.Logic.QuitGroup) has been discovered
2018-01-31 10:07:07,620 [1] DEBUG LISTServer - The command 11108(ListBLL.Logic.SearchPlayer) has been discovered
2018-01-31 10:07:07,620 [1] DEBUG LISTServer - The command 19003(ListBLL.Logic.UserGamePlaybackLogic) has been discovered
2018-01-31 10:07:07,620 [1] DEBUG LISTServer - The command 19001(ListBLL.Logic.UserRecordLogic) has been discovered
2018-01-31 10:07:07,635 [1] DEBUG DefaultBootstrap - The server instance LISTServer has been initialized!
2018-01-31 10:07:08,615 [1] DEBUG DefaultBootstrap - The PerformanceMonitor has been initialized!
2018-01-31 10:07:08,615 [1] DEBUG DefaultBootstrap - The Bootstrap has been initialized!
2018-01-31 10:07:08,639 [1] DEBUG LISTServer - Listener (0.0.0.0:2018) was started
2018-01-31 10:07:08,643 [1] DEBUG DefaultBootstrap - The PerformanceMonitor has been started!
2018-01-31 10:10:42,785 [1] DEBUG DefaultBootstrap - The server instance LISTServer has been created!
2018-01-31 10:10:42,926 [1] DEBUG LISTServer - The command 11105(ListBLL.Logic.AgentGetGroupInfo) has been discovered
2018-01-31 10:10:42,926 [1] DEBUG LISTServer - The command 11107(ListBLL.Logic.AgentGroupUsersManager) has been discovered
2018-01-31 10:10:42,926 [1] DEBUG LISTServer - The command 11110(ListBLL.Logic.AgentSignIn) has been discovered
2018-01-31 10:10:42,926 [1] DEBUG LISTServer - The command 11060(ListBLL.Logic.ApplyRecord) has been discovered
2018-01-31 10:10:42,926 [1] DEBUG LISTServer - The command 11040(ListBLL.Logic.ApplyToJoin) has been discovered
2018-01-31 10:10:42,926 [1] DEBUG LISTServer - The command 11070(ListBLL.Logic.ChangeApplyStatus) has been discovered
2018-01-31 10:10:42,926 [1] DEBUG LISTServer - The command 11103(ListBLL.Logic.CreateGroup) has been discovered
2018-01-31 10:10:42,926 [1] DEBUG LISTServer - The command 11109(ListBLL.Logic.DeleteGroup) has been discovered
2018-01-31 10:10:42,926 [1] DEBUG LISTServer - The command 19005(ListBLL.Logic.Feedback) has been discovered
2018-01-31 10:10:42,926 [1] DEBUG LISTServer - The command 11020(ListBLL.Logic.GameOperation) has been discovered
2018-01-31 10:10:42,926 [1] DEBUG LISTServer - The command 11030(ListBLL.Logic.GetGroupInfo) has been discovered
2018-01-31 10:10:42,926 [1] DEBUG LISTServer - The command 11032(ListBLL.Logic.GetGroupInfoByGroupID) has been discovered
2018-01-31 10:10:42,926 [1] DEBUG LISTServer - The command 11034(ListBLL.Logic.GetGroupUserInfoByGroupID) has been discovered
2018-01-31 10:10:42,926 [1] DEBUG LISTServer - The command 11022(ListBLL.Logic.GetRoomCard) has been discovered
2018-01-31 10:10:42,926 [1] DEBUG LISTServer - The command 11050(ListBLL.Logic.GroupUsersManager) has been discovered
2018-01-31 10:10:42,926 [1] DEBUG LISTServer - The command 10001(ListBLL.Logic.Heartbeat) has been discovered
2018-01-31 10:10:42,942 [1] DEBUG LISTServer - The command 11080(ListBLL.Logic.LobbyInfo) has been discovered
2018-01-31 10:10:42,942 [1] DEBUG LISTServer - The command 11001(ListBLL.Logic.Login) has been discovered
2018-01-31 10:10:42,942 [1] DEBUG LISTServer - The command 11003(ListBLL.Logic.LoginPW) has been discovered
2018-01-31 10:10:42,942 [1] DEBUG LISTServer - The command 11101(ListBLL.Logic.Package) has been discovered
2018-01-31 10:10:42,942 [1] DEBUG LISTServer - The command 11090(ListBLL.Logic.QuitGroup) has been discovered
2018-01-31 10:10:42,942 [1] DEBUG LISTServer - The command 11108(ListBLL.Logic.SearchPlayer) has been discovered
2018-01-31 10:10:42,942 [1] DEBUG LISTServer - The command 19003(ListBLL.Logic.UserGamePlaybackLogic) has been discovered
2018-01-31 10:10:42,942 [1] DEBUG LISTServer - The command 19001(ListBLL.Logic.UserRecordLogic) has been discovered
2018-01-31 10:10:42,942 [1] DEBUG DefaultBootstrap - The server instance LISTServer has been initialized!
2018-01-31 10:10:43,614 [1] DEBUG DefaultBootstrap - The PerformanceMonitor has been initialized!
2018-01-31 10:10:43,614 [1] DEBUG DefaultBootstrap - The Bootstrap has been initialized!
2018-01-31 10:10:43,645 [1] DEBUG LISTServer - Listener (0.0.0.0:2018) was started
2018-01-31 10:10:43,645 [1] DEBUG DefaultBootstrap - The PerformanceMonitor has been started!
2018-01-31 10:13:06,624 [9] DEBUG LISTServer - 登陆sssionID--------fa344e9c-ba75-47a3-a952-f332842ee4a4
2018-01-31 10:13:06,624 [9] DEBUG LISTServer - 登录游戏----------2018/1/31 10:13:06
2018-01-31 10:13:08,812 [9] DEBUG LISTServer - 登录用户openid:9b2944cdf162ca7c468bf2b136b4a80e|昵称:测试用户9b2----------2018/1/31 10:13:08
2018-01-31 10:13:10,860 [9] DEBUG LISTServer - 登录游戏成功----------2018/1/31 10:13:10
2018-01-31 10:14:10,840 [26] DEBUG LISTServer - 登陆sssionID--------c27a27ab-828e-4462-b1f5-e8c021cf4a07
2018-01-31 10:14:10,840 [26] DEBUG LISTServer - 登录游戏----------2018/1/31 10:14:10
2018-01-31 10:14:11,059 [26] DEBUG LISTServer - 登录用户openid:9b2944cdf162ca7c468bf2b136b4a80e|昵称:测试用户9b2----------2018/1/31 10:14:11
2018-01-31 10:14:11,275 [26] DEBUG LISTServer - 登录游戏成功----------2018/1/31 10:14:11
2018-01-31 14:09:01,275 [1] DEBUG DefaultBootstrap - The server instance LISTServer has been created!
2018-01-31 14:09:01,567 [1] DEBUG LISTServer - The command 11105(ListBLL.Logic.AgentGetGroupInfo) has been discovered
2018-01-31 14:09:01,568 [1] DEBUG LISTServer - The command 11107(ListBLL.Logic.AgentGroupUsersManager) has been discovered
2018-01-31 14:09:01,568 [1] DEBUG LISTServer - The command 11110(ListBLL.Logic.AgentSignIn) has been discovered
2018-01-31 14:09:01,568 [1] DEBUG LISTServer - The command 11060(ListBLL.Logic.ApplyRecord) has been discovered
2018-01-31 14:09:01,568 [1] DEBUG LISTServer - The command 11040(ListBLL.Logic.ApplyToJoin) has been discovered
2018-01-31 14:09:01,568 [1] DEBUG LISTServer - The command 11070(ListBLL.Logic.ChangeApplyStatus) has been discovered
2018-01-31 14:09:01,569 [1] DEBUG LISTServer - The command 11103(ListBLL.Logic.CreateGroup) has been discovered
2018-01-31 14:09:01,569 [1] DEBUG LISTServer - The command 11109(ListBLL.Logic.DeleteGroup) has been discovered
2018-01-31 14:09:01,569 [1] DEBUG LISTServer - The command 19005(ListBLL.Logic.Feedback) has been discovered
2018-01-31 14:09:01,569 [1] DEBUG LISTServer - The command 11020(ListBLL.Logic.GameOperation) has been discovered
2018-01-31 14:09:01,569 [1] DEBUG LISTServer - The command 11030(ListBLL.Logic.GetGroupInfo) has been discovered
2018-01-31 14:09:01,569 [1] DEBUG LISTServer - The command 11032(ListBLL.Logic.GetGroupInfoByGroupID) has been discovered
2018-01-31 14:09:01,569 [1] DEBUG LISTServer - The command 11034(ListBLL.Logic.GetGroupUserInfoByGroupID) has been discovered
2018-01-31 14:09:01,569 [1] DEBUG LISTServer - The command 11022(ListBLL.Logic.GetRoomCard) has been discovered
2018-01-31 14:09:01,569 [1] DEBUG LISTServer - The command 11050(ListBLL.Logic.GroupUsersManager) has been discovered
2018-01-31 14:09:01,569 [1] DEBUG LISTServer - The command 10001(ListBLL.Logic.Heartbeat) has been discovered
2018-01-31 14:09:01,569 [1] DEBUG LISTServer - The command 11080(ListBLL.Logic.LobbyInfo) has been discovered
2018-01-31 14:09:01,570 [1] DEBUG LISTServer - The command 11001(ListBLL.Logic.Login) has been discovered
2018-01-31 14:09:01,570 [1] DEBUG LISTServer - The command 11003(ListBLL.Logic.LoginPW) has been discovered
2018-01-31 14:09:01,570 [1] DEBUG LISTServer - The command 11101(ListBLL.Logic.Package) has been discovered
2018-01-31 14:09:01,570 [1] DEBUG LISTServer - The command 11090(ListBLL.Logic.QuitGroup) has been discovered
2018-01-31 14:09:01,570 [1] DEBUG LISTServer - The command 11108(ListBLL.Logic.SearchPlayer) has been discovered
2018-01-31 14:09:01,570 [1] DEBUG LISTServer - The command 19003(ListBLL.Logic.UserGamePlaybackLogic) has been discovered
2018-01-31 14:09:01,570 [1] DEBUG LISTServer - The command 19001(ListBLL.Logic.UserRecordLogic) has been discovered
2018-01-31 14:09:01,587 [1] DEBUG DefaultBootstrap - The server instance LISTServer has been initialized!
2018-01-31 14:09:02,384 [1] DEBUG DefaultBootstrap - The PerformanceMonitor has been initialized!
2018-01-31 14:09:02,384 [1] DEBUG DefaultBootstrap - The Bootstrap has been initialized!
2018-01-31 14:09:02,409 [1] DEBUG LISTServer - Listener (0.0.0.0:2018) was started
2018-01-31 14:09:02,414 [1] DEBUG DefaultBootstrap - The PerformanceMonitor has been started!
2018-01-31 14:14:19,596 [12] DEBUG LISTServer - 登陆sssionID--------cd77f349-1175-45bc-9e1c-6fc4cdb350f1
2018-01-31 14:14:19,596 [12] DEBUG LISTServer - 登录游戏----------2018/1/31 14:14:19
2018-01-31 14:14:20,158 [12] DEBUG LISTServer - 登录用户openid:622d2708-8fbd-460f-b814-1b05854bd246|昵称:凌金牛----------2018/1/31 14:14:20
2018-01-31 14:14:20,913 [12] DEBUG LISTServer - 登录游戏成功----------2018/1/31 14:14:20
2018-01-31 14:24:01,316 [20] DEBUG LISTServer - 登陆sssionID--------3fcdfcb8-cc6e-417a-87bb-69a391bf1a13
2018-01-31 14:24:01,316 [20] DEBUG LISTServer - 登录游戏----------2018/1/31 14:24:01
2018-01-31 14:24:01,552 [20] DEBUG LISTServer - 登录用户openid:eb4ea79d-d650-472c-8a65-1965d1648fcc|昵称:王珊瑚----------2018/1/31 14:24:01
2018-01-31 14:24:01,651 [20] DEBUG LISTServer - 登录游戏成功----------2018/1/31 14:24:01
2018-01-31 14:25:15,376 [26] DEBUG LISTServer - 登陆sssionID--------ac58d87f-6c30-4200-afeb-368a0742cb60
2018-01-31 14:25:15,376 [26] DEBUG LISTServer - 登录游戏----------2018/1/31 14:25:15
2018-01-31 14:25:15,626 [26] DEBUG LISTServer - 登录用户openid:622d2708-8fbd-460f-b814-1b05854bd246|昵称:凌金牛----------2018/1/31 14:25:15
2018-01-31 14:25:15,634 [26] DEBUG LISTServer - 登录游戏成功,当前对象存在----------2018/1/31 14:25:15
2018-01-31 14:25:15,799 [26] DEBUG LISTServer - 登录游戏成功,当前对象存在----------2018/1/31 14:25:15
2018-01-31 14:27:27,587 [1] DEBUG DefaultBootstrap - The server instance LISTServer has been created!
2018-01-31 14:27:27,734 [1] DEBUG LISTServer - The command 11105(ListBLL.Logic.AgentGetGroupInfo) has been discovered
2018-01-31 14:27:27,734 [1] DEBUG LISTServer - The command 11107(ListBLL.Logic.AgentGroupUsersManager) has been discovered
2018-01-31 14:27:27,735 [1] DEBUG LISTServer - The command 11110(ListBLL.Logic.AgentSignIn) has been discovered
2018-01-31 14:27:27,735 [1] DEBUG LISTServer - The command 11060(ListBLL.Logic.ApplyRecord) has been discovered
2018-01-31 14:27:27,735 [1] DEBUG LISTServer - The command 11040(ListBLL.Logic.ApplyToJoin) has been discovered
2018-01-31 14:27:27,735 [1] DEBUG LISTServer - The command 11070(ListBLL.Logic.ChangeApplyStatus) has been discovered
2018-01-31 14:27:27,735 [1] DEBUG LISTServer - The command 11103(ListBLL.Logic.CreateGroup) has been discovered
2018-01-31 14:27:27,735 [1] DEBUG LISTServer - The command 11109(ListBLL.Logic.DeleteGroup) has been discovered
2018-01-31 14:27:27,735 [1] DEBUG LISTServer - The command 19005(ListBLL.Logic.Feedback) has been discovered
2018-01-31 14:27:27,735 [1] DEBUG LISTServer - The command 11020(ListBLL.Logic.GameOperation) has been discovered
2018-01-31 14:27:27,735 [1] DEBUG LISTServer - The command 11030(ListBLL.Logic.GetGroupInfo) has been discovered
2018-01-31 14:27:27,735 [1] DEBUG LISTServer - The command 11032(ListBLL.Logic.GetGroupInfoByGroupID) has been discovered
2018-01-31 14:27:27,735 [1] DEBUG LISTServer - The command 11034(ListBLL.Logic.GetGroupUserInfoByGroupID) has been discovered
2018-01-31 14:27:27,735 [1] DEBUG LISTServer - The command 11022(ListBLL.Logic.GetRoomCard) has been discovered
2018-01-31 14:27:27,735 [1] DEBUG LISTServer - The command 11050(ListBLL.Logic.GroupUsersManager) has been discovered
2018-01-31 14:27:27,736 [1] DEBUG LISTServer - The command 10001(ListBLL.Logic.Heartbeat) has been discovered
2018-01-31 14:27:27,736 [1] DEBUG LISTServer - The command 11080(ListBLL.Logic.LobbyInfo) has been discovered
2018-01-31 14:27:27,736 [1] DEBUG LISTServer - The command 11001(ListBLL.Logic.Login) has been discovered
2018-01-31 14:27:27,736 [1] DEBUG LISTServer - The command 11003(ListBLL.Logic.LoginPW) has been discovered
2018-01-31 14:27:27,736 [1] DEBUG LISTServer - The command 11101(ListBLL.Logic.Package) has been discovered
2018-01-31 14:27:27,736 [1] DEBUG LISTServer - The command 11090(ListBLL.Logic.QuitGroup) has been discovered
2018-01-31 14:27:27,736 [1] DEBUG LISTServer - The command 11108(ListBLL.Logic.SearchPlayer) has been discovered
2018-01-31 14:27:27,736 [1] DEBUG LISTServer - The command 19003(ListBLL.Logic.UserGamePlaybackLogic) has been discovered
2018-01-31 14:27:27,736 [1] DEBUG LISTServer - The command 19001(ListBLL.Logic.UserRecordLogic) has been discovered
2018-01-31 14:27:27,749 [1] DEBUG DefaultBootstrap - The server instance LISTServer has been initialized!
2018-01-31 14:27:28,710 [1] DEBUG DefaultBootstrap - The PerformanceMonitor has been initialized!
2018-01-31 14:27:28,710 [1] DEBUG DefaultBootstrap - The Bootstrap has been initialized!
2018-01-31 14:27:28,733 [1] DEBUG LISTServer - Listener (0.0.0.0:2018) was started
2018-01-31 14:27:28,739 [1] DEBUG DefaultBootstrap - The PerformanceMonitor has been started!
2018-01-31 14:29:09,302 [1] DEBUG DefaultBootstrap - The server instance LISTServer has been created!
2018-01-31 14:29:09,450 [1] DEBUG LISTServer - The command 11105(ListBLL.Logic.AgentGetGroupInfo) has been discovered
2018-01-31 14:29:09,450 [1] DEBUG LISTServer - The command 11107(ListBLL.Logic.AgentGroupUsersManager) has been discovered
2018-01-31 14:29:09,450 [1] DEBUG LISTServer - The command 11110(ListBLL.Logic.AgentSignIn) has been discovered
2018-01-31 14:29:09,450 [1] DEBUG LISTServer - The command 11060(ListBLL.Logic.ApplyRecord) has been discovered
2018-01-31 14:29:09,450 [1] DEBUG LISTServer - The command 11040(ListBLL.Logic.ApplyToJoin) has been discovered
2018-01-31 14:29:09,450 [1] DEBUG LISTServer - The command 11070(ListBLL.Logic.ChangeApplyStatus) has been discovered
2018-01-31 14:29:09,451 [1] DEBUG LISTServer - The command 11103(ListBLL.Logic.CreateGroup) has been discovered
2018-01-31 14:29:09,451 [1] DEBUG LISTServer - The command 11109(ListBLL.Logic.DeleteGroup) has been discovered
2018-01-31 14:29:09,451 [1] DEBUG LISTServer - The command 19005(ListBLL.Logic.Feedback) has been discovered
2018-01-31 14:29:09,451 [1] DEBUG LISTServer - The command 11020(ListBLL.Logic.GameOperation) has been discovered
2018-01-31 14:29:09,451 [1] DEBUG LISTServer - The command 11030(ListBLL.Logic.GetGroupInfo) has been discovered
2018-01-31 14:29:09,451 [1] DEBUG LISTServer - The command 11032(ListBLL.Logic.GetGroupInfoByGroupID) has been discovered
2018-01-31 14:29:09,451 [1] DEBUG LISTServer - The command 11034(ListBLL.Logic.GetGroupUserInfoByGroupID) has been discovered
2018-01-31 14:29:09,451 [1] DEBUG LISTServer - The command 11022(ListBLL.Logic.GetRoomCard) has been discovered
2018-01-31 14:29:09,451 [1] DEBUG LISTServer - The command 11050(ListBLL.Logic.GroupUsersManager) has been discovered
2018-01-31 14:29:09,452 [1] DEBUG LISTServer - The command 10001(ListBLL.Logic.Heartbeat) has been discovered
2018-01-31 14:29:09,452 [1] DEBUG LISTServer - The command 11080(ListBLL.Logic.LobbyInfo) has been discovered
2018-01-31 14:29:09,452 [1] DEBUG LISTServer - The command 11001(ListBLL.Logic.Login) has been discovered
2018-01-31 14:29:09,452 [1] DEBUG LISTServer - The command 11003(ListBLL.Logic.LoginPW) has been discovered
2018-01-31 14:29:09,452 [1] DEBUG LISTServer - The command 11101(ListBLL.Logic.Package) has been discovered
2018-01-31 14:29:09,452 [1] DEBUG LISTServer - The command 11090(ListBLL.Logic.QuitGroup) has been discovered
2018-01-31 14:29:09,452 [1] DEBUG LISTServer - The command 11108(ListBLL.Logic.SearchPlayer) has been discovered
2018-01-31 14:29:09,452 [1] DEBUG LISTServer - The command 19003(ListBLL.Logic.UserGamePlaybackLogic) has been discovered
2018-01-31 14:29:09,452 [1] DEBUG LISTServer - The command 19001(ListBLL.Logic.UserRecordLogic) has been discovered
2018-01-31 14:29:09,466 [1] DEBUG DefaultBootstrap - The server instance LISTServer has been initialized!
2018-01-31 14:29:10,401 [1] DEBUG DefaultBootstrap - The PerformanceMonitor has been initialized!
2018-01-31 14:29:10,401 [1] DEBUG DefaultBootstrap - The Bootstrap has been initialized!
2018-01-31 14:29:10,421 [1] DEBUG LISTServer - Listener (0.0.0.0:2018) was started
2018-01-31 14:29:10,425 [1] DEBUG DefaultBootstrap - The PerformanceMonitor has been started!
2018-01-31 14:29:11,544 [9] DEBUG LISTServer - 登陆sssionID--------5bbbe1b0-a3d7-466f-aa07-a99ccfb8fe45
2018-01-31 14:29:11,544 [9] DEBUG LISTServer - 登录游戏----------2018/1/31 14:29:11
2018-01-31 14:29:13,374 [9] DEBUG LISTServer - 登录用户openid:622d2708-8fbd-460f-b814-1b05854bd246|昵称:凌金牛----------2018/1/31 14:29:13
2018-01-31 14:29:14,367 [9] DEBUG LISTServer - 登录游戏成功----------2018/1/31 14:29:14
2018-01-31 14:33:33,602 [7] DEBUG LISTServer - 登陆sssionID--------aaa90adb-0cb9-43ec-8430-967bfd2b89ab
2018-01-31 14:33:33,602 [7] DEBUG LISTServer - 登录游戏----------2018/1/31 14:33:33
2018-01-31 14:33:34,422 [7] DEBUG LISTServer - 登录用户openid:622d2708-8fbd-460f-b814-1b05854bd246|昵称:凌金牛----------2018/1/31 14:33:34
2018-01-31 14:33:36,656 [7] DEBUG LISTServer - 登录游戏成功----------2018/1/31 14:33:36
2018-01-31 14:34:14,541 [9] DEBUG LISTServer - 登陆sssionID--------b7221188-909b-433e-ae5a-77b4961fa979
2018-01-31 14:34:14,541 [9] DEBUG LISTServer - 登录游戏----------2018/1/31 14:34:14
2018-01-31 14:34:14,742 [9] DEBUG LISTServer - 登录用户openid:622d2708-8fbd-460f-b814-1b05854bd246|昵称:凌金牛----------2018/1/31 14:34:14
2018-01-31 14:34:14,908 [9] DEBUG LISTServer - 登录游戏成功----------2018/1/31 14:34:14
2018-01-31 14:36:44,658 [7] DEBUG LISTServer - 登陆sssionID--------478bcf85-43d9-4bea-87a4-1367f0160bed
2018-01-31 14:36:44,658 [7] DEBUG LISTServer - 登录游戏----------2018/1/31 14:36:44
2018-01-31 14:36:44,870 [7] DEBUG LISTServer - 登录用户openid:622d2708-8fbd-460f-b814-1b05854bd246|昵称:凌金牛----------2018/1/31 14:36:44
2018-01-31 14:36:45,043 [7] DEBUG LISTServer - 登录游戏成功----------2018/1/31 14:36:45
2018-01-31 14:38:05,236 [7] DEBUG LISTServer - 登陆sssionID--------50f12332-df2a-4da7-9ec6-bb3b3a335da2
2018-01-31 14:38:05,236 [7] DEBUG LISTServer - 登录游戏----------2018/1/31 14:38:05
2018-01-31 14:38:05,480 [7] DEBUG LISTServer - 登录用户openid:622d2708-8fbd-460f-b814-1b05854bd246|昵称:凌金牛----------2018/1/31 14:38:05
2018-01-31 14:38:05,652 [7] DEBUG LISTServer - 登录游戏成功----------2018/1/31 14:38:05
