2017-12-23 10:35:06,003 [1] DEBUG DefaultBootstrap - The server instance LISTServer has been created!
2017-12-23 10:35:06,299 [1] DEBUG LISTServer - The command 11105(ListBLL.Logic.AgentGetGroupInfo) has been discovered
2017-12-23 10:35:06,299 [1] DEBUG LISTServer - The command 11107(ListBLL.Logic.AgentGroupUsersManager) has been discovered
2017-12-23 10:35:06,300 [1] DEBUG LISTServer - The command 11060(ListBLL.Logic.ApplyRecord) has been discovered
2017-12-23 10:35:06,300 [1] DEBUG LISTServer - The command 11040(ListBLL.Logic.ApplyToJoin) has been discovered
2017-12-23 10:35:06,300 [1] DEBUG LISTServer - The command 11070(ListBLL.Logic.ChangeApplyStatus) has been discovered
2017-12-23 10:35:06,300 [1] DEBUG LISTServer - The command 11103(ListBLL.Logic.CreateGroup) has been discovered
2017-12-23 10:35:06,300 [1] DEBUG LISTServer - The command 11109(ListBLL.Logic.DeleteGroup) has been discovered
2017-12-23 10:35:06,300 [1] DEBUG LISTServer - The command 19005(ListBLL.Logic.Feedback) has been discovered
2017-12-23 10:35:06,300 [1] DEBUG LISTServer - The command 11020(ListBLL.Logic.GameOperation) has been discovered
2017-12-23 10:35:06,300 [1] DEBUG LISTServer - The command 11030(ListBLL.Logic.GetGroupInfo) has been discovered
2017-12-23 10:35:06,300 [1] DEBUG LISTServer - The command 11022(ListBLL.Logic.GetRoomCard) has been discovered
2017-12-23 10:35:06,300 [1] DEBUG LISTServer - The command 11050(ListBLL.Logic.GroupUsersManager) has been discovered
2017-12-23 10:35:06,301 [1] DEBUG LISTServer - The command 10001(ListBLL.Logic.Heartbeat) has been discovered
2017-12-23 10:35:06,301 [1] DEBUG LISTServer - The command 11080(ListBLL.Logic.LobbyInfo) has been discovered
2017-12-23 10:35:06,301 [1] DEBUG LISTServer - The command 11001(ListBLL.Logic.Login) has been discovered
2017-12-23 10:35:06,301 [1] DEBUG LISTServer - The command 11101(ListBLL.Logic.Package) has been discovered
2017-12-23 10:35:06,301 [1] DEBUG LISTServer - The command 11090(ListBLL.Logic.QuitGroup) has been discovered
2017-12-23 10:35:06,301 [1] DEBUG LISTServer - The command 11108(ListBLL.Logic.SearchPlayer) has been discovered
2017-12-23 10:35:06,301 [1] DEBUG LISTServer - The command 19003(ListBLL.Logic.UserGamePlaybackLogic) has been discovered
2017-12-23 10:35:06,301 [1] DEBUG LISTServer - The command 19001(ListBLL.Logic.UserRecordLogic) has been discovered
2017-12-23 10:35:06,313 [1] DEBUG DefaultBootstrap - The server instance LISTServer has been initialized!
2017-12-23 10:35:07,370 [1] DEBUG DefaultBootstrap - The PerformanceMonitor has been initialized!
2017-12-23 10:35:07,370 [1] DEBUG DefaultBootstrap - The Bootstrap has been initialized!
2017-12-23 10:35:07,393 [1] DEBUG LISTServer - Listener (0.0.0.0:2018) was started
2017-12-23 10:35:07,397 [1] DEBUG DefaultBootstrap - The PerformanceMonitor has been started!
2017-12-23 10:37:20,714 [15] DEBUG LISTServer - 登陆sssionID--------33a9c7d5-b22c-4fcd-9209-011d978362c3
2017-12-23 10:37:20,714 [15] DEBUG LISTServer - 登录游戏----------2017/12/23 10:37:20
2017-12-23 10:37:21,510 [15] DEBUG LISTServer - 登录用户openid:cb02228dfbbc35594d8f3b7bdaa129cfedd86e9d|昵称:测试用户cb0----------2017/12/23 10:37:21
2017-12-23 10:37:26,336 [15] DEBUG LISTServer - 登录游戏成功----------2017/12/23 10:37:26
2017-12-23 10:39:00,928 [1] DEBUG DefaultBootstrap - The server instance LISTServer has been created!
2017-12-23 10:39:01,181 [1] DEBUG LISTServer - The command 11105(ListBLL.Logic.AgentGetGroupInfo) has been discovered
2017-12-23 10:39:01,182 [1] DEBUG LISTServer - The command 11107(ListBLL.Logic.AgentGroupUsersManager) has been discovered
2017-12-23 10:39:01,182 [1] DEBUG LISTServer - The command 11060(ListBLL.Logic.ApplyRecord) has been discovered
2017-12-23 10:39:01,182 [1] DEBUG LISTServer - The command 11040(ListBLL.Logic.ApplyToJoin) has been discovered
2017-12-23 10:39:01,182 [1] DEBUG LISTServer - The command 11070(ListBLL.Logic.ChangeApplyStatus) has been discovered
2017-12-23 10:39:01,182 [1] DEBUG LISTServer - The command 11103(ListBLL.Logic.CreateGroup) has been discovered
2017-12-23 10:39:01,182 [1] DEBUG LISTServer - The command 11109(ListBLL.Logic.DeleteGroup) has been discovered
2017-12-23 10:39:01,182 [1] DEBUG LISTServer - The command 19005(ListBLL.Logic.Feedback) has been discovered
2017-12-23 10:39:01,182 [1] DEBUG LISTServer - The command 11020(ListBLL.Logic.GameOperation) has been discovered
2017-12-23 10:39:01,182 [1] DEBUG LISTServer - The command 11030(ListBLL.Logic.GetGroupInfo) has been discovered
2017-12-23 10:39:01,182 [1] DEBUG LISTServer - The command 11022(ListBLL.Logic.GetRoomCard) has been discovered
2017-12-23 10:39:01,182 [1] DEBUG LISTServer - The command 11050(ListBLL.Logic.GroupUsersManager) has been discovered
2017-12-23 10:39:01,183 [1] DEBUG LISTServer - The command 10001(ListBLL.Logic.Heartbeat) has been discovered
2017-12-23 10:39:01,183 [1] DEBUG LISTServer - The command 11080(ListBLL.Logic.LobbyInfo) has been discovered
2017-12-23 10:39:01,183 [1] DEBUG LISTServer - The command 11001(ListBLL.Logic.Login) has been discovered
2017-12-23 10:39:01,183 [1] DEBUG LISTServer - The command 11101(ListBLL.Logic.Package) has been discovered
2017-12-23 10:39:01,183 [1] DEBUG LISTServer - The command 11090(ListBLL.Logic.QuitGroup) has been discovered
2017-12-23 10:39:01,183 [1] DEBUG LISTServer - The command 11108(ListBLL.Logic.SearchPlayer) has been discovered
2017-12-23 10:39:01,183 [1] DEBUG LISTServer - The command 19003(ListBLL.Logic.UserGamePlaybackLogic) has been discovered
2017-12-23 10:39:01,183 [1] DEBUG LISTServer - The command 19001(ListBLL.Logic.UserRecordLogic) has been discovered
2017-12-23 10:39:01,195 [1] DEBUG DefaultBootstrap - The server instance LISTServer has been initialized!
2017-12-23 10:39:02,224 [1] DEBUG DefaultBootstrap - The PerformanceMonitor has been initialized!
2017-12-23 10:39:02,224 [1] DEBUG DefaultBootstrap - The Bootstrap has been initialized!
2017-12-23 10:39:02,245 [1] DEBUG LISTServer - Listener (0.0.0.0:2018) was started
2017-12-23 10:39:02,249 [1] DEBUG DefaultBootstrap - The PerformanceMonitor has been started!
2017-12-23 10:39:16,339 [13] DEBUG LISTServer - 登陆sssionID--------ba5f8466-6355-4c80-b249-402315aa33bd
2017-12-23 10:39:16,340 [13] DEBUG LISTServer - 登录游戏----------2017/12/23 10:39:16
2017-12-23 10:39:21,579 [13] DEBUG LISTServer - 登录用户openid:cb02228dfbbc35594d8f3b7bdaa129cfedd86e9d|昵称:测试用户cb0----------2017/12/23 10:39:21
2017-12-23 10:39:23,405 [13] DEBUG LISTServer - 登录游戏成功----------2017/12/23 10:39:23
2017-12-23 10:39:23,405 [13] DEBUG LISTServer - 新登录用户openid:cb02228dfbbc35594d8f3b7bdaa129cfedd86e9d
2017-12-23 10:39:49,100 [1] DEBUG DefaultBootstrap - The server instance LISTServer has been created!
2017-12-23 10:39:49,267 [1] DEBUG LISTServer - The command 11105(ListBLL.Logic.AgentGetGroupInfo) has been discovered
2017-12-23 10:39:49,268 [1] DEBUG LISTServer - The command 11107(ListBLL.Logic.AgentGroupUsersManager) has been discovered
2017-12-23 10:39:49,268 [1] DEBUG LISTServer - The command 11060(ListBLL.Logic.ApplyRecord) has been discovered
2017-12-23 10:39:49,268 [1] DEBUG LISTServer - The command 11040(ListBLL.Logic.ApplyToJoin) has been discovered
2017-12-23 10:39:49,268 [1] DEBUG LISTServer - The command 11070(ListBLL.Logic.ChangeApplyStatus) has been discovered
2017-12-23 10:39:49,268 [1] DEBUG LISTServer - The command 11103(ListBLL.Logic.CreateGroup) has been discovered
2017-12-23 10:39:49,268 [1] DEBUG LISTServer - The command 11109(ListBLL.Logic.DeleteGroup) has been discovered
2017-12-23 10:39:49,268 [1] DEBUG LISTServer - The command 19005(ListBLL.Logic.Feedback) has been discovered
2017-12-23 10:39:49,268 [1] DEBUG LISTServer - The command 11020(ListBLL.Logic.GameOperation) has been discovered
2017-12-23 10:39:49,268 [1] DEBUG LISTServer - The command 11030(ListBLL.Logic.GetGroupInfo) has been discovered
2017-12-23 10:39:49,268 [1] DEBUG LISTServer - The command 11022(ListBLL.Logic.GetRoomCard) has been discovered
2017-12-23 10:39:49,268 [1] DEBUG LISTServer - The command 11050(ListBLL.Logic.GroupUsersManager) has been discovered
2017-12-23 10:39:49,269 [1] DEBUG LISTServer - The command 10001(ListBLL.Logic.Heartbeat) has been discovered
2017-12-23 10:39:49,269 [1] DEBUG LISTServer - The command 11080(ListBLL.Logic.LobbyInfo) has been discovered
2017-12-23 10:39:49,269 [1] DEBUG LISTServer - The command 11001(ListBLL.Logic.Login) has been discovered
2017-12-23 10:39:49,269 [1] DEBUG LISTServer - The command 11101(ListBLL.Logic.Package) has been discovered
2017-12-23 10:39:49,269 [1] DEBUG LISTServer - The command 11090(ListBLL.Logic.QuitGroup) has been discovered
2017-12-23 10:39:49,269 [1] DEBUG LISTServer - The command 11108(ListBLL.Logic.SearchPlayer) has been discovered
2017-12-23 10:39:49,269 [1] DEBUG LISTServer - The command 19003(ListBLL.Logic.UserGamePlaybackLogic) has been discovered
2017-12-23 10:39:49,270 [1] DEBUG LISTServer - The command 19001(ListBLL.Logic.UserRecordLogic) has been discovered
2017-12-23 10:39:49,282 [1] DEBUG DefaultBootstrap - The server instance LISTServer has been initialized!
2017-12-23 10:39:50,229 [1] DEBUG DefaultBootstrap - The PerformanceMonitor has been initialized!
2017-12-23 10:39:50,229 [1] DEBUG DefaultBootstrap - The Bootstrap has been initialized!
2017-12-23 10:39:50,249 [1] DEBUG LISTServer - Listener (0.0.0.0:2018) was started
2017-12-23 10:39:50,254 [1] DEBUG DefaultBootstrap - The PerformanceMonitor has been started!
2017-12-23 10:45:30,276 [7] DEBUG LISTServer - 登陆sssionID--------51596f1d-fd7d-495d-bed2-bd45fb75e987
2017-12-23 10:45:30,276 [7] DEBUG LISTServer - 登录游戏----------2017/12/23 10:45:30
2017-12-23 10:45:30,944 [7] DEBUG LISTServer - 登录用户openid:9697486827159f30f5cab73bbab97a1b56966c2a|昵称:测试用户969----------2017/12/23 10:45:30
2017-12-23 10:45:32,824 [7] DEBUG LISTServer - 登录游戏成功----------2017/12/23 10:45:32
2017-12-23 10:45:32,824 [7] DEBUG LISTServer - 新登录用户openid:9697486827159f30f5cab73bbab97a1b56966c2a
2017-12-23 10:51:45,110 [7] DEBUG LISTServer - 登陆sssionID--------4919dec0-7804-4ae8-af6e-dd44eaed202b
2017-12-23 10:51:45,110 [7] DEBUG LISTServer - 登录游戏----------2017/12/23 10:51:45
2017-12-23 10:51:45,329 [7] DEBUG LISTServer - 登录用户openid:cb02228dfbbc35594d8f3b7bdaa129cfedd86e9d|昵称:测试用户cb0----------2017/12/23 10:51:45
2017-12-23 10:51:46,872 [7] DEBUG LISTServer - 登录游戏成功----------2017/12/23 10:51:46
2017-12-23 10:51:46,872 [7] DEBUG LISTServer - 新登录用户openid:cb02228dfbbc35594d8f3b7bdaa129cfedd86e9d
2017-12-23 10:53:23,935 [7] DEBUG LISTServer - 登陆sssionID--------8f75ce0e-445f-4612-86eb-2e2613a76ee4
2017-12-23 10:53:23,935 [7] DEBUG LISTServer - 登录游戏----------2017/12/23 10:53:23
2017-12-23 10:53:24,076 [7] DEBUG LISTServer - 登录用户openid:cb02228dfbbc35594d8f3b7bdaa129cfedd86e9d|昵称:测试用户cb0----------2017/12/23 10:53:24
2017-12-23 10:53:24,169 [7] DEBUG LISTServer - 登录游戏成功,当前对象存在----------2017/12/23 10:53:24
2017-12-23 10:53:27,429 [7] DEBUG LISTServer - 登录游戏成功,当前对象存在----------2017/12/23 10:53:27
2017-12-23 10:56:36,702 [43] DEBUG LISTServer - 登陆sssionID--------eb05b40b-c060-4367-90d9-b0a620f09d42
2017-12-23 10:56:36,702 [43] DEBUG LISTServer - 登录游戏----------2017/12/23 10:56:36
2017-12-23 10:56:36,873 [43] DEBUG LISTServer - 登录用户openid:cb02228dfbbc35594d8f3b7bdaa129cfedd86e9d|昵称:测试用户cb0----------2017/12/23 10:56:36
2017-12-23 10:56:36,920 [43] DEBUG LISTServer - 登录游戏成功,当前对象存在----------2017/12/23 10:56:36
2017-12-23 10:56:37,264 [43] DEBUG LISTServer - 登录游戏成功,当前对象存在----------2017/12/23 10:56:37
2017-12-23 10:56:40,436 [29] DEBUG LISTServer - 登陆sssionID--------00a41ec7-35a1-40ec-ab7a-597f99e0471e
2017-12-23 10:56:40,436 [29] DEBUG LISTServer - 登录游戏----------2017/12/23 10:56:40
2017-12-23 10:56:40,598 [29] DEBUG LISTServer - 登录用户openid:9697486827159f30f5cab73bbab97a1b56966c2a|昵称:测试用户969----------2017/12/23 10:56:40
2017-12-23 10:56:40,676 [29] DEBUG LISTServer - 登录游戏成功,当前对象存在----------2017/12/23 10:56:40
2017-12-23 10:56:41,051 [29] DEBUG LISTServer - 登录游戏成功,当前对象存在----------2017/12/23 10:56:41
2017-12-23 11:05:04,891 [7] DEBUG LISTServer - 登陆sssionID--------6a3eaf20-117d-4229-8581-d313ffea86e5
2017-12-23 11:05:04,907 [7] DEBUG LISTServer - 登录游戏----------2017/12/23 11:05:04
2017-12-23 11:05:05,610 [7] DEBUG LISTServer - 登录用户openid:9697486827159f30f5cab73bbab97a1b56966c2a|昵称:测试用户969----------2017/12/23 11:05:05
2017-12-23 11:05:05,704 [7] DEBUG LISTServer - 登录游戏成功,当前对象存在----------2017/12/23 11:05:05
2017-12-23 11:05:06,554 [7] DEBUG LISTServer - 登录游戏成功,当前对象存在----------2017/12/23 11:05:06
2017-12-23 11:05:10,867 [73] DEBUG LISTServer - 登陆sssionID--------3a7889cc-9746-4677-8557-142e5446ad92
2017-12-23 11:05:10,867 [73] DEBUG LISTServer - 登录游戏----------2017/12/23 11:05:10
2017-12-23 11:05:11,008 [73] DEBUG LISTServer - 登录用户openid:cb02228dfbbc35594d8f3b7bdaa129cfedd86e9d|昵称:测试用户cb0----------2017/12/23 11:05:11
2017-12-23 11:05:11,086 [73] DEBUG LISTServer - 登录游戏成功,当前对象存在----------2017/12/23 11:05:11
2017-12-23 11:05:11,523 [73] DEBUG LISTServer - 登录游戏成功,当前对象存在----------2017/12/23 11:05:11
2017-12-23 16:40:25,588 [1] DEBUG DefaultBootstrap - The server instance LISTServer has been created!
2017-12-23 16:40:25,923 [1] DEBUG LISTServer - The command 11105(ListBLL.Logic.AgentGetGroupInfo) has been discovered
2017-12-23 16:40:25,923 [1] DEBUG LISTServer - The command 11107(ListBLL.Logic.AgentGroupUsersManager) has been discovered
2017-12-23 16:40:25,923 [1] DEBUG LISTServer - The command 11060(ListBLL.Logic.ApplyRecord) has been discovered
2017-12-23 16:40:25,923 [1] DEBUG LISTServer - The command 11040(ListBLL.Logic.ApplyToJoin) has been discovered
2017-12-23 16:40:25,923 [1] DEBUG LISTServer - The command 11070(ListBLL.Logic.ChangeApplyStatus) has been discovered
2017-12-23 16:40:25,923 [1] DEBUG LISTServer - The command 11103(ListBLL.Logic.CreateGroup) has been discovered
2017-12-23 16:40:25,923 [1] DEBUG LISTServer - The command 11109(ListBLL.Logic.DeleteGroup) has been discovered
2017-12-23 16:40:25,923 [1] DEBUG LISTServer - The command 19005(ListBLL.Logic.Feedback) has been discovered
2017-12-23 16:40:25,923 [1] DEBUG LISTServer - The command 11020(ListBLL.Logic.GameOperation) has been discovered
2017-12-23 16:40:25,923 [1] DEBUG LISTServer - The command 11030(ListBLL.Logic.GetGroupInfo) has been discovered
2017-12-23 16:40:25,923 [1] DEBUG LISTServer - The command 11022(ListBLL.Logic.GetRoomCard) has been discovered
2017-12-23 16:40:25,923 [1] DEBUG LISTServer - The command 11050(ListBLL.Logic.GroupUsersManager) has been discovered
2017-12-23 16:40:25,924 [1] DEBUG LISTServer - The command 10001(ListBLL.Logic.Heartbeat) has been discovered
2017-12-23 16:40:25,924 [1] DEBUG LISTServer - The command 11080(ListBLL.Logic.LobbyInfo) has been discovered
2017-12-23 16:40:25,924 [1] DEBUG LISTServer - The command 11001(ListBLL.Logic.Login) has been discovered
2017-12-23 16:40:25,924 [1] DEBUG LISTServer - The command 11101(ListBLL.Logic.Package) has been discovered
2017-12-23 16:40:25,924 [1] DEBUG LISTServer - The command 11090(ListBLL.Logic.QuitGroup) has been discovered
2017-12-23 16:40:25,924 [1] DEBUG LISTServer - The command 11108(ListBLL.Logic.SearchPlayer) has been discovered
2017-12-23 16:40:25,924 [1] DEBUG LISTServer - The command 19003(ListBLL.Logic.UserGamePlaybackLogic) has been discovered
2017-12-23 16:40:25,924 [1] DEBUG LISTServer - The command 19001(ListBLL.Logic.UserRecordLogic) has been discovered
2017-12-23 16:40:25,940 [1] DEBUG DefaultBootstrap - The server instance LISTServer has been initialized!
2017-12-23 16:40:26,927 [1] DEBUG DefaultBootstrap - The PerformanceMonitor has been initialized!
2017-12-23 16:40:26,927 [1] DEBUG DefaultBootstrap - The Bootstrap has been initialized!
2017-12-23 16:40:26,950 [1] DEBUG LISTServer - Listener (0.0.0.0:2018) was started
2017-12-23 16:40:26,954 [1] DEBUG DefaultBootstrap - The PerformanceMonitor has been started!
2017-12-23 16:40:52,351 [10] DEBUG LISTServer - 登陆sssionID--------2bb07653-8af7-47a8-9aca-d51c98414003
2017-12-23 16:40:52,351 [10] DEBUG LISTServer - 登录游戏----------2017/12/23 16:40:52
2017-12-23 16:40:53,025 [10] DEBUG LISTServer - 登录用户openid:9697486827159f30f5cab73bbab97a1b56966c2a|昵称:测试用户969----------2017/12/23 16:40:53
2017-12-23 16:40:54,893 [10] DEBUG LISTServer - 登录游戏成功----------2017/12/23 16:40:54
2017-12-23 16:40:54,893 [10] DEBUG LISTServer - 新登录用户openid:9697486827159f30f5cab73bbab97a1b56966c2a
2017-12-23 16:51:35,174 [1] DEBUG DefaultBootstrap - The server instance LISTServer has been created!
2017-12-23 16:51:35,521 [1] DEBUG LISTServer - The command 11105(ListBLL.Logic.AgentGetGroupInfo) has been discovered
2017-12-23 16:51:35,521 [1] DEBUG LISTServer - The command 11107(ListBLL.Logic.AgentGroupUsersManager) has been discovered
2017-12-23 16:51:35,521 [1] DEBUG LISTServer - The command 11060(ListBLL.Logic.ApplyRecord) has been discovered
2017-12-23 16:51:35,522 [1] DEBUG LISTServer - The command 11040(ListBLL.Logic.ApplyToJoin) has been discovered
2017-12-23 16:51:35,522 [1] DEBUG LISTServer - The command 11070(ListBLL.Logic.ChangeApplyStatus) has been discovered
2017-12-23 16:51:35,522 [1] DEBUG LISTServer - The command 11103(ListBLL.Logic.CreateGroup) has been discovered
2017-12-23 16:51:35,522 [1] DEBUG LISTServer - The command 11109(ListBLL.Logic.DeleteGroup) has been discovered
2017-12-23 16:51:35,522 [1] DEBUG LISTServer - The command 19005(ListBLL.Logic.Feedback) has been discovered
2017-12-23 16:51:35,522 [1] DEBUG LISTServer - The command 11020(ListBLL.Logic.GameOperation) has been discovered
2017-12-23 16:51:35,522 [1] DEBUG LISTServer - The command 11030(ListBLL.Logic.GetGroupInfo) has been discovered
2017-12-23 16:51:35,522 [1] DEBUG LISTServer - The command 11022(ListBLL.Logic.GetRoomCard) has been discovered
2017-12-23 16:51:35,522 [1] DEBUG LISTServer - The command 11050(ListBLL.Logic.GroupUsersManager) has been discovered
2017-12-23 16:51:35,522 [1] DEBUG LISTServer - The command 10001(ListBLL.Logic.Heartbeat) has been discovered
2017-12-23 16:51:35,523 [1] DEBUG LISTServer - The command 11080(ListBLL.Logic.LobbyInfo) has been discovered
2017-12-23 16:51:35,523 [1] DEBUG LISTServer - The command 11001(ListBLL.Logic.Login) has been discovered
2017-12-23 16:51:35,523 [1] DEBUG LISTServer - The command 11101(ListBLL.Logic.Package) has been discovered
2017-12-23 16:51:35,523 [1] DEBUG LISTServer - The command 11090(ListBLL.Logic.QuitGroup) has been discovered
2017-12-23 16:51:35,523 [1] DEBUG LISTServer - The command 11108(ListBLL.Logic.SearchPlayer) has been discovered
2017-12-23 16:51:35,523 [1] DEBUG LISTServer - The command 19003(ListBLL.Logic.UserGamePlaybackLogic) has been discovered
2017-12-23 16:51:35,523 [1] DEBUG LISTServer - The command 19001(ListBLL.Logic.UserRecordLogic) has been discovered
2017-12-23 16:51:35,549 [1] DEBUG DefaultBootstrap - The server instance LISTServer has been initialized!
2017-12-23 16:51:36,634 [1] DEBUG DefaultBootstrap - The PerformanceMonitor has been initialized!
2017-12-23 16:51:36,634 [1] DEBUG DefaultBootstrap - The Bootstrap has been initialized!
2017-12-23 16:51:36,655 [1] DEBUG LISTServer - Listener (0.0.0.0:2018) was started
2017-12-23 16:51:36,659 [1] DEBUG DefaultBootstrap - The PerformanceMonitor has been started!
2017-12-23 16:51:45,483 [13] DEBUG LISTServer - 登陆sssionID--------7658069f-73c4-4945-9300-85692795c706
2017-12-23 16:51:45,483 [13] DEBUG LISTServer - 登录游戏----------2017/12/23 16:51:45
2017-12-23 16:51:46,287 [13] DEBUG LISTServer - 登录用户openid:9697486827159f30f5cab73bbab97a1b56966c2a|昵称:测试用户969----------2017/12/23 16:51:46
2017-12-23 16:51:48,175 [13] DEBUG LISTServer - 登录游戏成功----------2017/12/23 16:51:48
2017-12-23 16:51:48,175 [13] DEBUG LISTServer - 新登录用户openid:9697486827159f30f5cab73bbab97a1b56966c2a
2017-12-23 16:55:35,427 [7] DEBUG LISTServer - 登陆sssionID--------c65445fe-7ccf-4cf7-8e31-c1948bd0ab79
2017-12-23 16:55:35,427 [7] DEBUG LISTServer - 登录游戏----------2017/12/23 16:55:35
2017-12-23 16:55:35,673 [7] DEBUG LISTServer - 登录用户openid:9697486827159f30f5cab73bbab97a1b56966c2a|昵称:测试用户969----------2017/12/23 16:55:35
2017-12-23 16:55:35,747 [7] DEBUG LISTServer - 登录游戏成功,当前对象存在----------2017/12/23 16:55:35
2017-12-23 16:55:37,071 [7] DEBUG LISTServer - 登录游戏成功,当前对象存在----------2017/12/23 16:55:37
2017-12-23 17:04:31,992 [1] DEBUG DefaultBootstrap - The server instance LISTServer has been created!
2017-12-23 17:04:32,199 [1] DEBUG LISTServer - The command 11105(ListBLL.Logic.AgentGetGroupInfo) has been discovered
2017-12-23 17:04:32,199 [1] DEBUG LISTServer - The command 11107(ListBLL.Logic.AgentGroupUsersManager) has been discovered
2017-12-23 17:04:32,200 [1] DEBUG LISTServer - The command 11060(ListBLL.Logic.ApplyRecord) has been discovered
2017-12-23 17:04:32,200 [1] DEBUG LISTServer - The command 11040(ListBLL.Logic.ApplyToJoin) has been discovered
2017-12-23 17:04:32,200 [1] DEBUG LISTServer - The command 11070(ListBLL.Logic.ChangeApplyStatus) has been discovered
2017-12-23 17:04:32,200 [1] DEBUG LISTServer - The command 11103(ListBLL.Logic.CreateGroup) has been discovered
2017-12-23 17:04:32,200 [1] DEBUG LISTServer - The command 11109(ListBLL.Logic.DeleteGroup) has been discovered
2017-12-23 17:04:32,200 [1] DEBUG LISTServer - The command 19005(ListBLL.Logic.Feedback) has been discovered
2017-12-23 17:04:32,200 [1] DEBUG LISTServer - The command 11020(ListBLL.Logic.GameOperation) has been discovered
2017-12-23 17:04:32,200 [1] DEBUG LISTServer - The command 11030(ListBLL.Logic.GetGroupInfo) has been discovered
2017-12-23 17:04:32,200 [1] DEBUG LISTServer - The command 11022(ListBLL.Logic.GetRoomCard) has been discovered
2017-12-23 17:04:32,200 [1] DEBUG LISTServer - The command 11050(ListBLL.Logic.GroupUsersManager) has been discovered
2017-12-23 17:04:32,200 [1] DEBUG LISTServer - The command 10001(ListBLL.Logic.Heartbeat) has been discovered
2017-12-23 17:04:32,200 [1] DEBUG LISTServer - The command 11080(ListBLL.Logic.LobbyInfo) has been discovered
2017-12-23 17:04:32,200 [1] DEBUG LISTServer - The command 11001(ListBLL.Logic.Login) has been discovered
2017-12-23 17:04:32,200 [1] DEBUG LISTServer - The command 11101(ListBLL.Logic.Package) has been discovered
2017-12-23 17:04:32,201 [1] DEBUG LISTServer - The command 11090(ListBLL.Logic.QuitGroup) has been discovered
2017-12-23 17:04:32,201 [1] DEBUG LISTServer - The command 11108(ListBLL.Logic.SearchPlayer) has been discovered
2017-12-23 17:04:32,201 [1] DEBUG LISTServer - The command 19003(ListBLL.Logic.UserGamePlaybackLogic) has been discovered
2017-12-23 17:04:32,201 [1] DEBUG LISTServer - The command 19001(ListBLL.Logic.UserRecordLogic) has been discovered
2017-12-23 17:04:32,213 [1] DEBUG DefaultBootstrap - The server instance LISTServer has been initialized!
2017-12-23 17:04:33,213 [1] DEBUG DefaultBootstrap - The PerformanceMonitor has been initialized!
2017-12-23 17:04:33,213 [1] DEBUG DefaultBootstrap - The Bootstrap has been initialized!
2017-12-23 17:04:33,235 [1] DEBUG LISTServer - Listener (0.0.0.0:2018) was started
2017-12-23 17:04:33,239 [1] DEBUG DefaultBootstrap - The PerformanceMonitor has been started!
2017-12-23 17:06:09,019 [7] DEBUG LISTServer - 登陆sssionID--------f24435d6-f525-4e54-939a-e10ab9762341
2017-12-23 17:06:09,019 [7] DEBUG LISTServer - 登录游戏----------2017/12/23 17:06:09
2017-12-23 17:06:11,234 [7] DEBUG LISTServer - 登录用户openid:13cdd4e572743f204c3335c7376a4711|昵称:测试用户13c----------2017/12/23 17:06:11
2017-12-23 17:06:13,067 [7] DEBUG LISTServer - 登录游戏成功----------2017/12/23 17:06:13
2017-12-23 17:06:13,067 [7] DEBUG LISTServer - 新登录用户openid:13cdd4e572743f204c3335c7376a4711
