2017-12-01 16:09:43,176 [1] DEBUG DefaultBootstrap - The server instance LISTServer has been created!
2017-12-01 16:09:43,808 [1] DEBUG LISTServer - The command 11060(ListBLL.Logic.ApplyRecord) has been discovered
2017-12-01 16:09:43,809 [1] DEBUG LISTServer - The command 11040(ListBLL.Logic.ApplyToJoin) has been discovered
2017-12-01 16:09:43,809 [1] DEBUG LISTServer - The command 11070(ListBLL.Logic.ChangeApplyStatus) has been discovered
2017-12-01 16:09:43,809 [1] DEBUG LISTServer - The command 19005(ListBLL.Logic.Feedback) has been discovered
2017-12-01 16:09:43,809 [1] DEBUG LISTServer - The command 11020(ListBLL.Logic.GameOperation) has been discovered
2017-12-01 16:09:43,809 [1] DEBUG LISTServer - The command 11030(ListBLL.Logic.GetGroupInfo) has been discovered
2017-12-01 16:09:43,810 [1] DEBUG LISTServer - The command 11050(ListBLL.Logic.GroupUsersManager) has been discovered
2017-12-01 16:09:43,810 [1] DEBUG LISTServer - The command 10001(ListBLL.Logic.Heartbeat) has been discovered
2017-12-01 16:09:43,810 [1] DEBUG LISTServer - The command 11080(ListBLL.Logic.LobbyInfo) has been discovered
2017-12-01 16:09:43,810 [1] DEBUG LISTServer - The command 11001(ListBLL.Logic.Login) has been discovered
2017-12-01 16:09:43,810 [1] DEBUG LISTServer - The command 19003(ListBLL.Logic.UserGamePlaybackLogic) has been discovered
2017-12-01 16:09:43,810 [1] DEBUG LISTServer - The command 19001(ListBLL.Logic.UserRecordLogic) has been discovered
2017-12-01 16:09:43,834 [1] DEBUG DefaultBootstrap - The server instance LISTServer has been initialized!
2017-12-01 16:09:44,925 [1] DEBUG DefaultBootstrap - The PerformanceMonitor has been initialized!
2017-12-01 16:09:44,925 [1] DEBUG DefaultBootstrap - The Bootstrap has been initialized!
2017-12-01 16:09:44,977 [1] DEBUG LISTServer - Listener (0.0.0.0:2018) was started
2017-12-01 16:09:44,981 [1] DEBUG DefaultBootstrap - The PerformanceMonitor has been started!
2017-12-01 16:14:05,741 [1] DEBUG DefaultBootstrap - The server instance LISTServer has been created!
2017-12-01 16:14:05,927 [1] DEBUG LISTServer - The command 11060(ListBLL.Logic.ApplyRecord) has been discovered
2017-12-01 16:14:05,927 [1] DEBUG LISTServer - The command 11040(ListBLL.Logic.ApplyToJoin) has been discovered
2017-12-01 16:14:05,927 [1] DEBUG LISTServer - The command 11070(ListBLL.Logic.ChangeApplyStatus) has been discovered
2017-12-01 16:14:05,927 [1] DEBUG LISTServer - The command 19005(ListBLL.Logic.Feedback) has been discovered
2017-12-01 16:14:05,927 [1] DEBUG LISTServer - The command 11020(ListBLL.Logic.GameOperation) has been discovered
2017-12-01 16:14:05,927 [1] DEBUG LISTServer - The command 11030(ListBLL.Logic.GetGroupInfo) has been discovered
2017-12-01 16:14:05,927 [1] DEBUG LISTServer - The command 11050(ListBLL.Logic.GroupUsersManager) has been discovered
2017-12-01 16:14:05,927 [1] DEBUG LISTServer - The command 10001(ListBLL.Logic.Heartbeat) has been discovered
2017-12-01 16:14:05,928 [1] DEBUG LISTServer - The command 11080(ListBLL.Logic.LobbyInfo) has been discovered
2017-12-01 16:14:05,928 [1] DEBUG LISTServer - The command 11001(ListBLL.Logic.Login) has been discovered
2017-12-01 16:14:05,928 [1] DEBUG LISTServer - The command 19003(ListBLL.Logic.UserGamePlaybackLogic) has been discovered
2017-12-01 16:14:05,928 [1] DEBUG LISTServer - The command 19001(ListBLL.Logic.UserRecordLogic) has been discovered
2017-12-01 16:14:05,940 [1] DEBUG DefaultBootstrap - The server instance LISTServer has been initialized!
2017-12-01 16:14:06,994 [1] DEBUG DefaultBootstrap - The PerformanceMonitor has been initialized!
2017-12-01 16:14:06,994 [1] DEBUG DefaultBootstrap - The Bootstrap has been initialized!
2017-12-01 16:14:07,016 [1] DEBUG LISTServer - Listener (0.0.0.0:2018) was started
2017-12-01 16:14:07,020 [1] DEBUG DefaultBootstrap - The PerformanceMonitor has been started!
2017-12-01 16:15:14,681 [11] DEBUG LISTServer - 登陆sssionID--------a719653b-2484-4ec6-bd67-ee6f2845a441
2017-12-01 16:15:14,681 [11] DEBUG LISTServer - 登录游戏----------2017/12/1 16:15:14
2017-12-01 16:15:15,699 [11] DEBUG LISTServer - 登录用户openid:cb02228dfbbc35594d8f3b7bdaa129cfedd86e9d|昵称:测试用户cb0----------2017/12/1 16:15:15
2017-12-01 16:15:19,492 [11] DEBUG LISTServer - 登录游戏成功----------2017/12/1 16:15:19
2017-12-01 16:15:19,492 [11] DEBUG LISTServer - 新登录用户openid:cb02228dfbbc35594d8f3b7bdaa129cfedd86e9d
2017-12-01 16:16:05,457 [14] DEBUG LISTServer - 登陆sssionID--------cddaf191-1976-4266-a314-27650d64882a
2017-12-01 16:16:05,457 [14] DEBUG LISTServer - 登录游戏----------2017/12/1 16:16:05
2017-12-01 16:16:05,497 [14] DEBUG LISTServer - 登录用户openid:9697486827159f30f5cab73bbab97a1b56966c2a|昵称:测试用户969----------2017/12/1 16:16:05
2017-12-01 16:16:07,104 [14] DEBUG LISTServer - 登录游戏成功----------2017/12/1 16:16:07
2017-12-01 16:16:07,104 [14] DEBUG LISTServer - 新登录用户openid:9697486827159f30f5cab73bbab97a1b56966c2a
2017-12-01 16:19:09,416 [13] DEBUG LISTServer - 登陆sssionID--------3acad1fe-6859-469e-a8d2-a3d3bf6d4395
2017-12-01 16:19:09,416 [13] DEBUG LISTServer - 登录游戏----------2017/12/1 16:19:09
2017-12-01 16:19:09,478 [13] DEBUG LISTServer - 登录用户openid:cb02228dfbbc35594d8f3b7bdaa129cfedd86e9d|昵称:测试用户cb0----------2017/12/1 16:19:09
2017-12-01 16:19:09,533 [13] DEBUG LISTServer - 登录游戏成功,当前对象存在----------2017/12/1 16:19:09
2017-12-01 16:19:09,709 [13] DEBUG LISTServer - 登录游戏成功,当前对象存在----------2017/12/1 16:19:09
2017-12-01 16:30:53,893 [51] DEBUG LISTServer - 登陆sssionID--------7d978635-bee8-4266-9766-46670f04c174
2017-12-01 16:30:53,893 [51] DEBUG LISTServer - 登录游戏----------2017/12/1 16:30:53
2017-12-01 16:30:54,050 [51] DEBUG LISTServer - 登录用户openid:9697486827159f30f5cab73bbab97a1b56966c2a|昵称:测试用户969----------2017/12/1 16:30:54
2017-12-01 16:30:54,078 [51] DEBUG LISTServer - 登录游戏成功,当前对象存在----------2017/12/1 16:30:54
2017-12-01 16:30:54,246 [51] DEBUG LISTServer - 登录游戏成功,当前对象存在----------2017/12/1 16:30:54
2017-12-01 16:39:53,556 [38] DEBUG LISTServer - 登陆sssionID--------50a6dc0b-67ed-44a2-baf6-4accf4a4cac9
2017-12-01 16:39:53,556 [38] DEBUG LISTServer - 登录游戏----------2017/12/1 16:39:53
2017-12-01 16:39:53,617 [73] DEBUG LISTServer - 登陆sssionID--------98e640cf-f960-443d-981a-ed40d9ed5130
2017-12-01 16:39:53,617 [73] DEBUG LISTServer - 登录游戏----------2017/12/1 16:39:53
2017-12-01 16:39:53,696 [38] DEBUG LISTServer - 登录用户openid:9697486827159f30f5cab73bbab97a1b56966c2a|昵称:测试用户969----------2017/12/1 16:39:53
2017-12-01 16:39:53,717 [73] DEBUG LISTServer - 登录用户openid:cb02228dfbbc35594d8f3b7bdaa129cfedd86e9d|昵称:测试用户cb0----------2017/12/1 16:39:53
2017-12-01 16:39:53,739 [38] DEBUG LISTServer - 登录游戏成功,当前对象存在----------2017/12/1 16:39:53
2017-12-01 16:39:53,771 [73] DEBUG LISTServer - 登录游戏成功,当前对象存在----------2017/12/1 16:39:53
2017-12-01 16:42:02,965 [49] DEBUG LISTServer - 登陆sssionID--------d0b50c41-0d39-4d54-8171-96118ee3de52
2017-12-01 16:42:02,979 [49] DEBUG LISTServer - 登录游戏----------2017/12/1 16:42:02
2017-12-01 16:42:03,059 [49] DEBUG LISTServer - 登录用户openid:9697486827159f30f5cab73bbab97a1b56966c2a|昵称:测试用户969----------2017/12/1 16:42:03
2017-12-01 16:42:03,131 [49] DEBUG LISTServer - 登录游戏成功,当前对象存在----------2017/12/1 16:42:03
2017-12-01 16:42:03,187 [73] DEBUG LISTServer - 登录游戏成功,当前对象存在----------2017/12/1 16:42:03
2017-12-01 16:42:03,340 [49] DEBUG LISTServer - 登录游戏成功,当前对象存在----------2017/12/1 16:42:03
2017-12-01 16:42:18,709 [73] DEBUG LISTServer - 登陆sssionID--------474984e2-5280-4412-99fb-fcd8f7709766
2017-12-01 16:42:18,710 [73] DEBUG LISTServer - 登录游戏----------2017/12/1 16:42:18
2017-12-01 16:42:19,424 [73] DEBUG LISTServer - 登录用户openid:cb02228dfbbc35594d8f3b7bdaa129cfedd86e9d|昵称:测试用户cb0----------2017/12/1 16:42:19
2017-12-01 16:42:19,495 [73] DEBUG LISTServer - 登录游戏成功,当前对象存在----------2017/12/1 16:42:19
2017-12-01 16:42:19,724 [73] DEBUG LISTServer - 登录游戏成功,当前对象存在----------2017/12/1 16:42:19
2017-12-01 16:42:44,459 [13] DEBUG LISTServer - 登陆sssionID--------672bb039-cf8f-4a7a-8572-482585e3513d
2017-12-01 16:42:44,459 [13] DEBUG LISTServer - 登录游戏----------2017/12/1 16:42:44
2017-12-01 16:42:44,511 [49] DEBUG LISTServer - 登陆sssionID--------a001e3fc-03da-46ff-b8bc-d3e983936ef7
2017-12-01 16:42:44,511 [49] DEBUG LISTServer - 登录游戏----------2017/12/1 16:42:44
2017-12-01 16:42:44,562 [13] DEBUG LISTServer - 登录用户openid:9697486827159f30f5cab73bbab97a1b56966c2a|昵称:测试用户969----------2017/12/1 16:42:44
2017-12-01 16:42:44,624 [49] DEBUG LISTServer - 登录用户openid:cb02228dfbbc35594d8f3b7bdaa129cfedd86e9d|昵称:测试用户cb0----------2017/12/1 16:42:44
2017-12-01 16:42:44,648 [13] DEBUG LISTServer - 登录游戏成功,当前对象存在----------2017/12/1 16:42:44
2017-12-01 16:42:44,714 [49] DEBUG LISTServer - 登录游戏成功,当前对象存在----------2017/12/1 16:42:44
2017-12-01 16:42:44,984 [13] DEBUG LISTServer - 登录游戏成功,当前对象存在----------2017/12/1 16:42:44
2017-12-01 16:42:45,057 [49] DEBUG LISTServer - 登录游戏成功,当前对象存在----------2017/12/1 16:42:45
2017-12-01 17:58:52,414 [1] DEBUG DefaultBootstrap - The server instance LISTServer has been created!
2017-12-01 17:58:52,685 [1] DEBUG LISTServer - The command 11060(ListBLL.Logic.ApplyRecord) has been discovered
2017-12-01 17:58:52,685 [1] DEBUG LISTServer - The command 11040(ListBLL.Logic.ApplyToJoin) has been discovered
2017-12-01 17:58:52,685 [1] DEBUG LISTServer - The command 11070(ListBLL.Logic.ChangeApplyStatus) has been discovered
2017-12-01 17:58:52,685 [1] DEBUG LISTServer - The command 19005(ListBLL.Logic.Feedback) has been discovered
2017-12-01 17:58:52,685 [1] DEBUG LISTServer - The command 11020(ListBLL.Logic.GameOperation) has been discovered
2017-12-01 17:58:52,685 [1] DEBUG LISTServer - The command 11030(ListBLL.Logic.GetGroupInfo) has been discovered
2017-12-01 17:58:52,685 [1] DEBUG LISTServer - The command 11050(ListBLL.Logic.GroupUsersManager) has been discovered
2017-12-01 17:58:52,685 [1] DEBUG LISTServer - The command 10001(ListBLL.Logic.Heartbeat) has been discovered
2017-12-01 17:58:52,685 [1] DEBUG LISTServer - The command 11080(ListBLL.Logic.LobbyInfo) has been discovered
2017-12-01 17:58:52,685 [1] DEBUG LISTServer - The command 11001(ListBLL.Logic.Login) has been discovered
2017-12-01 17:58:52,685 [1] DEBUG LISTServer - The command 19003(ListBLL.Logic.UserGamePlaybackLogic) has been discovered
2017-12-01 17:58:52,686 [1] DEBUG LISTServer - The command 19001(ListBLL.Logic.UserRecordLogic) has been discovered
2017-12-01 17:58:52,698 [1] DEBUG DefaultBootstrap - The server instance LISTServer has been initialized!
2017-12-01 17:58:53,899 [1] DEBUG DefaultBootstrap - The PerformanceMonitor has been initialized!
2017-12-01 17:58:53,899 [1] DEBUG DefaultBootstrap - The Bootstrap has been initialized!
2017-12-01 17:58:53,932 [1] DEBUG LISTServer - Listener (0.0.0.0:2018) was started
2017-12-01 17:58:53,947 [1] DEBUG DefaultBootstrap - The PerformanceMonitor has been started!
2017-12-01 17:59:58,254 [12] DEBUG LISTServer - 登陆sssionID--------7f5ec37f-dadd-45ba-86ad-25d744bf05a8
2017-12-01 17:59:58,254 [12] DEBUG LISTServer - 登录游戏----------2017/12/1 17:59:58
2017-12-01 18:00:39,900 [17] DEBUG LISTServer - 登陆sssionID--------f51f97ca-4202-49c0-8541-d48276b47dcf
2017-12-01 18:00:39,900 [17] DEBUG LISTServer - 登录游戏----------2017/12/1 18:00:39
2017-12-01 18:00:41,520 [12] DEBUG LISTServer - 登陆sssionID--------a061639c-edc9-4ae2-ad73-a216659e0ed2
2017-12-01 18:00:41,520 [12] DEBUG LISTServer - 登录游戏----------2017/12/1 18:00:41
2017-12-01 18:00:47,662 [17] DEBUG LISTServer - 登录用户openid:9697486827159f30f5cab73bbab97a1b56966c2a|昵称:测试用户969----------2017/12/1 18:00:47
2017-12-01 18:00:47,663 [12] DEBUG LISTServer - 登录用户openid:cb02228dfbbc35594d8f3b7bdaa129cfedd86e9d|昵称:测试用户cb0----------2017/12/1 18:00:47
2017-12-01 18:06:37,878 [12] DEBUG LISTServer - 登陆sssionID--------c3b30605-060d-4a61-939b-bff0c7689f4b
2017-12-01 18:06:37,878 [12] DEBUG LISTServer - 登录游戏----------2017/12/1 18:06:37
2017-12-01 18:06:37,992 [12] DEBUG LISTServer - 登录用户openid:cb02228dfbbc35594d8f3b7bdaa129cfedd86e9d|昵称:测试用户cb0----------2017/12/1 18:06:37
2017-12-01 18:07:55,033 [28] DEBUG LISTServer - 登陆sssionID--------64b57365-72a5-4186-9f66-484ec0e1dca7
2017-12-01 18:07:55,033 [28] DEBUG LISTServer - 登录游戏----------2017/12/1 18:07:55
2017-12-01 18:07:55,234 [28] DEBUG LISTServer - 登录用户openid:9697486827159f30f5cab73bbab97a1b56966c2a|昵称:测试用户969----------2017/12/1 18:07:55
2017-12-01 18:07:58,189 [28] DEBUG LISTServer - 登录游戏成功----------2017/12/1 18:07:58
2017-12-01 18:07:58,190 [28] DEBUG LISTServer - 新登录用户openid:9697486827159f30f5cab73bbab97a1b56966c2a
2017-12-01 18:08:58,185 [12] DEBUG LISTServer - 登陆sssionID--------5e8283dd-6d7d-4a25-9e66-04660bdeee4f
2017-12-01 18:08:58,185 [12] DEBUG LISTServer - 登录游戏----------2017/12/1 18:08:58
2017-12-01 18:09:00,835 [12] DEBUG LISTServer - 登录用户openid:cb02228dfbbc35594d8f3b7bdaa129cfedd86e9d|昵称:测试用户cb0----------2017/12/1 18:09:00
2017-12-01 18:09:03,748 [12] DEBUG LISTServer - 登录游戏成功----------2017/12/1 18:09:03
2017-12-01 18:09:03,748 [12] DEBUG LISTServer - 新登录用户openid:cb02228dfbbc35594d8f3b7bdaa129cfedd86e9d
2017-12-01 18:10:58,708 [12] DEBUG LISTServer - 登陆sssionID--------0f38a537-6f6a-4dea-a7fd-2ac6a6824fd9
2017-12-01 18:10:58,708 [12] DEBUG LISTServer - 登录游戏----------2017/12/1 18:10:58
2017-12-01 18:10:59,246 [12] DEBUG LISTServer - 登录用户openid:cb02228dfbbc35594d8f3b7bdaa129cfedd86e9d|昵称:测试用户cb0----------2017/12/1 18:10:59
2017-12-01 18:10:59,396 [12] DEBUG LISTServer - 登录游戏成功,当前对象存在----------2017/12/1 18:10:59
2017-12-01 18:11:00,573 [12] DEBUG LISTServer - 登录游戏成功,当前对象存在----------2017/12/1 18:11:00
2017-12-01 18:13:48,238 [12] DEBUG LISTServer - 登陆sssionID--------a8e57b54-c619-4340-8e81-8bae26020b2d
2017-12-01 18:13:48,238 [12] DEBUG LISTServer - 登录游戏----------2017/12/1 18:13:48
2017-12-01 18:13:48,399 [12] DEBUG LISTServer - 登录用户openid:cb02228dfbbc35594d8f3b7bdaa129cfedd86e9d|昵称:测试用户cb0----------2017/12/1 18:13:48
2017-12-01 18:15:02,892 [12] DEBUG LISTServer - 登陆sssionID--------29dafd8a-69bf-494e-8edc-fef0e5c06645
2017-12-01 18:15:02,892 [12] DEBUG LISTServer - 登录游戏----------2017/12/1 18:15:02
2017-12-01 18:15:03,421 [12] DEBUG LISTServer - 登录用户openid:cb02228dfbbc35594d8f3b7bdaa129cfedd86e9d|昵称:测试用户cb0----------2017/12/1 18:15:03
2017-12-01 18:42:44,990 [75] DEBUG LISTServer - 登陆sssionID--------ef41b1e8-3c6a-40d9-9ef7-a7e788dcc50b
2017-12-01 18:42:44,991 [75] DEBUG LISTServer - 登录游戏----------2017/12/1 18:42:44
2017-12-01 18:42:44,991 [12] DEBUG LISTServer - 登陆sssionID--------c9dff14d-38aa-493e-a93d-504adaeb1c5d
2017-12-01 18:42:44,992 [12] DEBUG LISTServer - 登录游戏----------2017/12/1 18:42:44
2017-12-01 18:42:44,993 [73] DEBUG LISTServer - 登陆sssionID--------d462c8e6-3453-4ea4-be60-75b81cda8e63
2017-12-01 18:42:44,993 [73] DEBUG LISTServer - 登录游戏----------2017/12/1 18:42:44
2017-12-01 18:42:45,029 [67] DEBUG LISTServer - 登陆sssionID--------42a13293-2453-4b57-86ad-03d891dd7190
2017-12-01 18:42:45,029 [67] DEBUG LISTServer - 登录游戏----------2017/12/1 18:42:45
2017-12-01 18:42:45,994 [77] DEBUG LISTServer - 登陆sssionID--------903c5348-3689-4f97-886c-096cb807c891
2017-12-01 18:42:45,994 [77] DEBUG LISTServer - 登录游戏----------2017/12/1 18:42:45
2017-12-01 18:42:46,994 [78] DEBUG LISTServer - 登陆sssionID--------2ab860a0-5743-4d9a-a416-c20ff84234a7
2017-12-01 18:42:46,994 [78] DEBUG LISTServer - 登录游戏----------2017/12/1 18:42:46
2017-12-01 18:42:50,918 [77] DEBUG LISTServer - 登录用户openid:9697486827159f30f5cab73bbab97a1b56966c2a|昵称:测试用户969----------2017/12/1 18:42:50
2017-12-01 18:42:56,820 [78] DEBUG LISTServer - 登录用户openid:9697486827159f30f5cab73bbab97a1b56966c2a|昵称:测试用户969----------2017/12/1 18:42:56
2017-12-01 18:43:00,220 [78] DEBUG LISTServer - 登录游戏成功,当前对象存在----------2017/12/1 18:43:00
2017-12-01 18:43:00,241 [67] DEBUG LISTServer - 登录用户openid:9697486827159f30f5cab73bbab97a1b56966c2a|昵称:测试用户969----------2017/12/1 18:43:00
2017-12-01 18:43:00,285 [73] DEBUG LISTServer - 登录用户openid:cb02228dfbbc35594d8f3b7bdaa129cfedd86e9d|昵称:测试用户cb0----------2017/12/1 18:43:00
2017-12-01 18:43:00,292 [12] DEBUG LISTServer - 登录用户openid:cb02228dfbbc35594d8f3b7bdaa129cfedd86e9d|昵称:测试用户cb0----------2017/12/1 18:43:00
2017-12-01 18:43:00,294 [75] DEBUG LISTServer - 登录用户openid:cb02228dfbbc35594d8f3b7bdaa129cfedd86e9d|昵称:测试用户cb0----------2017/12/1 18:43:00
2017-12-01 18:43:01,456 [73] DEBUG LISTServer - 登录游戏成功,当前对象存在----------2017/12/1 18:43:01
2017-12-01 18:43:01,458 [75] DEBUG LISTServer - 登录游戏成功,当前对象存在----------2017/12/1 18:43:01
2017-12-01 18:43:01,461 [67] DEBUG LISTServer - 登录游戏失败,当前对象存在----------2017/12/1 18:43:01
2017-12-01 18:43:01,461 [67] DEBUG LISTServer - sssionID--------42a13293-2453-4b57-86ad-03d891dd7190
2017-12-01 18:43:01,461 [12] DEBUG LISTServer - 登录游戏成功,当前对象存在----------2017/12/1 18:43:01
2017-12-01 18:43:01,589 [78] DEBUG LISTServer - 登录游戏成功,当前对象存在----------2017/12/1 18:43:01
2017-12-01 18:43:15,332 [73] DEBUG LISTServer - 登录游戏成功,当前对象存在----------2017/12/1 18:43:15
2017-12-01 18:44:15,507 [67] DEBUG LISTServer - 登陆sssionID--------a904c66f-45ac-4d36-9cbd-5f40b9d18512
2017-12-01 18:44:15,507 [67] DEBUG LISTServer - 登录游戏----------2017/12/1 18:44:15
2017-12-01 18:44:15,591 [67] DEBUG LISTServer - 登录用户openid:cb02228dfbbc35594d8f3b7bdaa129cfedd86e9d|昵称:测试用户cb0----------2017/12/1 18:44:15
2017-12-01 18:44:15,630 [67] DEBUG LISTServer - 登录游戏成功,当前对象存在----------2017/12/1 18:44:15
2017-12-01 18:44:41,497 [111] DEBUG LISTServer - 登陆sssionID--------877fa574-3cf1-4047-9915-32025fc81554
2017-12-01 18:44:41,497 [111] DEBUG LISTServer - 登录游戏----------2017/12/1 18:44:41
2017-12-01 18:44:41,575 [111] DEBUG LISTServer - 登录用户openid:cb02228dfbbc35594d8f3b7bdaa129cfedd86e9d|昵称:测试用户cb0----------2017/12/1 18:44:41
2017-12-01 18:44:41,661 [111] DEBUG LISTServer - 登录游戏成功,当前对象存在----------2017/12/1 18:44:41
2017-12-01 18:44:41,962 [111] DEBUG LISTServer - 登录游戏成功,当前对象存在----------2017/12/1 18:44:41
2017-12-01 19:07:18,565 [12] DEBUG LISTServer - 登陆sssionID--------e7d0a372-b516-40f5-a457-5b54206f53f6
2017-12-01 19:07:18,565 [12] DEBUG LISTServer - 登录游戏----------2017/12/1 19:07:18
2017-12-01 19:07:19,326 [12] DEBUG LISTServer - 登录用户openid:9697486827159f30f5cab73bbab97a1b56966c2a|昵称:测试用户969----------2017/12/1 19:07:19
2017-12-01 19:07:19,427 [12] DEBUG LISTServer - 登录游戏成功,当前对象存在----------2017/12/1 19:07:19
