2017-10-17 09:23:33,272 [58] DEBUG LISTServer - 登陆sssionID--------25252e56-b99a-4da3-9d2c-b472b597e5ae
2017-10-17 09:23:33,272 [58] DEBUG LISTServer - 登录游戏----------2017/10/17 9:23:33
2017-10-17 09:23:34,476 [58] DEBUG LISTServer - 登录用户openid:9697486827159f30f5cab73bbab97a1b56966c2a|昵称:测试用户969----------2017/10/17 9:23:34
2017-10-17 09:23:35,773 [58] DEBUG LISTServer - 登录游戏成功,当前对象存在----------2017/10/17 9:23:35
2017-10-17 09:35:53,349 [66] DEBUG LISTServer - 登陆sssionID--------ede6c0f6-6230-4813-99d7-89aa394ea9e4
2017-10-17 09:35:53,349 [66] DEBUG LISTServer - 登录游戏----------2017/10/17 9:35:53
2017-10-17 09:35:53,943 [66] DEBUG LISTServer - 登录用户openid:9697486827159f30f5cab73bbab97a1b56966c2a|昵称:测试用户969----------2017/10/17 9:35:53
2017-10-17 09:35:54,709 [66] DEBUG LISTServer - 登录游戏成功,当前对象存在----------2017/10/17 9:35:54
2017-10-17 09:36:36,955 [74] DEBUG LISTServer - 登陆sssionID--------744f9ee0-7774-44c3-ae62-fa90c3d07328
2017-10-17 09:36:36,955 [74] DEBUG LISTServer - 登录游戏----------2017/10/17 9:36:36
2017-10-17 09:36:37,189 [74] DEBUG LISTServer - 登录用户openid:9697486827159f30f5cab73bbab97a1b56966c2a|昵称:测试用户969----------2017/10/17 9:36:37
2017-10-17 09:36:37,970 [74] DEBUG LISTServer - 登录游戏成功,当前对象存在----------2017/10/17 9:36:37
2017-10-17 09:38:03,690 [12] DEBUG LISTServer - 登陆sssionID--------b04a32dc-7a31-4a91-bc3a-13594d7c9440
2017-10-17 09:38:03,690 [12] DEBUG LISTServer - 登录游戏----------2017/10/17 9:38:03
2017-10-17 09:38:04,206 [12] DEBUG LISTServer - 登录用户openid:9697486827159f30f5cab73bbab97a1b56966c2a|昵称:测试用户969----------2017/10/17 9:38:04
2017-10-17 09:38:04,753 [12] DEBUG LISTServer - 登录游戏成功,当前对象存在----------2017/10/17 9:38:04
2017-10-17 09:42:20,907 [66] DEBUG LISTServer - 登陆sssionID--------a589c99d-0e6c-4161-abcb-a9bee206d3b1
2017-10-17 09:42:20,907 [66] DEBUG LISTServer - 登录游戏----------2017/10/17 9:42:20
2017-10-17 09:42:21,378 [66] DEBUG LISTServer - 登录用户openid:9697486827159f30f5cab73bbab97a1b56966c2a|昵称:测试用户969----------2017/10/17 9:42:21
2017-10-17 09:42:22,212 [66] DEBUG LISTServer - 登录游戏成功,当前对象存在----------2017/10/17 9:42:22
2017-10-17 09:44:19,687 [74] DEBUG LISTServer - 登陆sssionID--------7c51b576-4e34-4ed8-849b-7506d5607b62
2017-10-17 09:44:19,687 [74] DEBUG LISTServer - 登录游戏----------2017/10/17 9:44:19
2017-10-17 09:44:20,154 [74] DEBUG LISTServer - 登录用户openid:9697486827159f30f5cab73bbab97a1b56966c2a|昵称:测试用户969----------2017/10/17 9:44:20
2017-10-17 09:44:20,850 [74] DEBUG LISTServer - 登录游戏成功,当前对象存在----------2017/10/17 9:44:20
2017-10-17 09:44:24,621 [74] DEBUG LISTServer - 登陆sssionID--------9fdbe2f1-dbe1-41f8-a56a-516987d8bc34
2017-10-17 09:44:24,621 [74] DEBUG LISTServer - 登录游戏----------2017/10/17 9:44:24
2017-10-17 09:44:24,790 [74] DEBUG LISTServer - 登录用户openid:2be4087248667baee875b4dd4e4e388e|昵称:测试用户2be----------2017/10/17 9:44:24
2017-10-17 09:44:25,455 [74] DEBUG LISTServer - 登录游戏成功,当前对象存在----------2017/10/17 9:44:25
2017-10-17 13:34:45,949 [66] DEBUG LISTServer - 登陆sssionID--------8612aaee-14bd-4b2c-94cc-0514ba05fc67
2017-10-17 13:34:45,949 [66] DEBUG LISTServer - 登录游戏----------2017/10/17 13:34:45
2017-10-17 13:34:46,528 [66] DEBUG LISTServer - 登录用户openid:9697486827159f30f5cab73bbab97a1b56966c2a|昵称:测试用户969----------2017/10/17 13:34:46
2017-10-17 13:34:47,822 [66] DEBUG LISTServer - 登录游戏成功----------2017/10/17 13:34:47
2017-10-17 13:38:28,693 [74] DEBUG LISTServer - 登陆sssionID--------42bbb50a-c3fa-48aa-927c-1d1345b5c2ba
2017-10-17 13:38:28,693 [74] DEBUG LISTServer - 登录游戏----------2017/10/17 13:38:28
2017-10-17 13:38:29,177 [74] DEBUG LISTServer - 登录用户openid:9697486827159f30f5cab73bbab97a1b56966c2a|昵称:测试用户969----------2017/10/17 13:38:29
2017-10-17 13:38:30,054 [74] DEBUG LISTServer - 登录游戏成功,当前对象存在----------2017/10/17 13:38:30
2017-10-17 13:39:25,888 [58] DEBUG LISTServer - 登陆sssionID--------c3d1deba-9a34-466c-81a9-fe70cc6dfff7
2017-10-17 13:39:25,888 [58] DEBUG LISTServer - 登录游戏----------2017/10/17 13:39:25
2017-10-17 13:39:26,122 [58] DEBUG LISTServer - 登录用户openid:9697486827159f30f5cab73bbab97a1b56966c2a|昵称:测试用户969----------2017/10/17 13:39:26
2017-10-17 13:39:26,732 [58] DEBUG LISTServer - 登录游戏成功,当前对象存在----------2017/10/17 13:39:26
2017-10-17 13:40:59,092 [58] DEBUG LISTServer - 登陆sssionID--------7c4fd81e-aee0-4f9c-86d7-b103fc4de3a1
2017-10-17 13:40:59,092 [58] DEBUG LISTServer - 登录游戏----------2017/10/17 13:40:59
2017-10-17 13:40:59,605 [58] DEBUG LISTServer - 登录用户openid:9697486827159f30f5cab73bbab97a1b56966c2a|昵称:测试用户969----------2017/10/17 13:40:59
2017-10-17 13:41:00,137 [58] DEBUG LISTServer - 登录游戏成功,当前对象存在----------2017/10/17 13:41:00
2017-10-17 13:43:33,453 [72] DEBUG LISTServer - 登陆sssionID--------142a5c9c-5d8c-4629-ba42-d783d2fc73e0
2017-10-17 13:43:33,453 [72] DEBUG LISTServer - 登录游戏----------2017/10/17 13:43:33
2017-10-17 13:43:33,844 [72] DEBUG LISTServer - 登录用户openid:9697486827159f30f5cab73bbab97a1b56966c2a|昵称:测试用户969----------2017/10/17 13:43:33
2017-10-17 13:43:34,594 [72] DEBUG LISTServer - 登录游戏成功,当前对象存在----------2017/10/17 13:43:34
2017-10-17 13:44:17,644 [58] DEBUG LISTServer - 登陆sssionID--------88e2f01d-144b-4d28-b2e0-90f8bb6c18eb
2017-10-17 13:44:17,644 [58] DEBUG LISTServer - 登录游戏----------2017/10/17 13:44:17
2017-10-17 13:44:17,785 [58] DEBUG LISTServer - 登录用户openid:9697486827159f30f5cab73bbab97a1b56966c2a|昵称:测试用户969----------2017/10/17 13:44:17
2017-10-17 13:44:18,425 [58] DEBUG LISTServer - 登录游戏成功,当前对象存在----------2017/10/17 13:44:18
2017-10-17 13:45:30,348 [66] DEBUG LISTServer - 登陆sssionID--------c1f5c2f5-aa48-4aa7-92a6-5e197a510010
2017-10-17 13:45:30,348 [66] DEBUG LISTServer - 登录游戏----------2017/10/17 13:45:30
2017-10-17 13:45:30,630 [66] DEBUG LISTServer - 登录用户openid:9697486827159f30f5cab73bbab97a1b56966c2a|昵称:测试用户969----------2017/10/17 13:45:30
2017-10-17 13:45:31,223 [66] DEBUG LISTServer - 登录游戏成功,当前对象存在----------2017/10/17 13:45:31
2017-10-17 13:48:29,364 [66] DEBUG LISTServer - 登陆sssionID--------024ac5bb-282b-491c-91f7-1bb3d2862c18
2017-10-17 13:48:29,364 [66] DEBUG LISTServer - 登录游戏----------2017/10/17 13:48:29
2017-10-17 13:48:29,817 [66] DEBUG LISTServer - 登录用户openid:9697486827159f30f5cab73bbab97a1b56966c2a|昵称:测试用户969----------2017/10/17 13:48:29
2017-10-17 13:48:30,657 [66] DEBUG LISTServer - 登录游戏成功,当前对象存在----------2017/10/17 13:48:30
2017-10-17 13:49:59,148 [43] DEBUG LISTServer - 登陆sssionID--------95cd3fb5-1e3b-4a8c-a243-7dcb1a4698a8
2017-10-17 13:49:59,148 [43] DEBUG LISTServer - 登录游戏----------2017/10/17 13:49:59
2017-10-17 13:49:59,464 [43] DEBUG LISTServer - 登录用户openid:9697486827159f30f5cab73bbab97a1b56966c2a|昵称:测试用户969----------2017/10/17 13:49:59
2017-10-17 13:50:00,074 [43] DEBUG LISTServer - 登录游戏成功,当前对象存在----------2017/10/17 13:50:00
2017-10-17 13:51:40,588 [58] DEBUG LISTServer - 登陆sssionID--------af9c573f-152f-40e9-a56b-a05e76fd21d9
2017-10-17 13:51:40,588 [58] DEBUG LISTServer - 登录游戏----------2017/10/17 13:51:40
2017-10-17 13:51:40,963 [58] DEBUG LISTServer - 登录用户openid:9697486827159f30f5cab73bbab97a1b56966c2a|昵称:测试用户969----------2017/10/17 13:51:40
2017-10-17 13:51:41,542 [58] DEBUG LISTServer - 登录游戏成功,当前对象存在----------2017/10/17 13:51:41
2017-10-17 13:53:29,046 [66] DEBUG LISTServer - 登陆sssionID--------ed52d63a-ec9a-41ea-a2ca-33b18b23afe7
2017-10-17 13:53:29,046 [66] DEBUG LISTServer - 登录游戏----------2017/10/17 13:53:29
2017-10-17 13:53:29,437 [66] DEBUG LISTServer - 登录用户openid:9697486827159f30f5cab73bbab97a1b56966c2a|昵称:测试用户969----------2017/10/17 13:53:29
2017-10-17 13:53:30,046 [66] DEBUG LISTServer - 登录游戏成功,当前对象存在----------2017/10/17 13:53:30
2017-10-17 13:55:10,101 [58] DEBUG LISTServer - 登陆sssionID--------5e794441-e1f9-4c14-882f-a5e2e8dea28f
2017-10-17 13:55:10,101 [58] DEBUG LISTServer - 登录游戏----------2017/10/17 13:55:10
2017-10-17 13:55:10,460 [58] DEBUG LISTServer - 登录用户openid:9697486827159f30f5cab73bbab97a1b56966c2a|昵称:测试用户969----------2017/10/17 13:55:10
2017-10-17 13:55:11,007 [58] DEBUG LISTServer - 登录游戏成功,当前对象存在----------2017/10/17 13:55:11
2017-10-17 14:15:12,677 [43] DEBUG LISTServer - 登陆sssionID--------83f35f93-9a32-4f40-b681-53c8338f3aed
2017-10-17 14:15:12,677 [43] DEBUG LISTServer - 登录游戏----------2017/10/17 14:15:12
2017-10-17 14:15:13,177 [43] DEBUG LISTServer - 登录用户openid:9697486827159f30f5cab73bbab97a1b56966c2a|昵称:测试用户969----------2017/10/17 14:15:13
2017-10-17 14:15:14,069 [43] DEBUG LISTServer - 登录游戏成功,当前对象存在----------2017/10/17 14:15:14
2017-10-17 14:43:40,570 [43] DEBUG LISTServer - 登陆sssionID--------4a0c6bac-e600-478b-baeb-6301f7f842f0
2017-10-17 14:43:40,570 [43] DEBUG LISTServer - 登录游戏----------2017/10/17 14:43:40
2017-10-17 14:43:44,077 [43] DEBUG LISTServer - 登录用户openid:9697486827159f30f5cab73bbab97a1b56966c2a|昵称:测试用户969----------2017/10/17 14:43:44
2017-10-17 14:43:45,395 [43] DEBUG LISTServer - 登录游戏成功,当前对象存在----------2017/10/17 14:43:45
2017-10-17 14:44:41,480 [66] DEBUG LISTServer - 登陆sssionID--------01dfae86-4202-46f9-99c7-62b1f9dc6b0b
2017-10-17 14:44:41,480 [66] DEBUG LISTServer - 登录游戏----------2017/10/17 14:44:41
2017-10-17 14:44:43,315 [66] DEBUG LISTServer - 登录用户openid:9697486827159f30f5cab73bbab97a1b56966c2a|昵称:测试用户969----------2017/10/17 14:44:43
2017-10-17 14:45:09,191 [60] DEBUG LISTServer - 登陆sssionID--------0bfaaadc-2ead-454e-9a12-0ff1f87382c8
2017-10-17 14:45:09,191 [60] DEBUG LISTServer - 登录游戏----------2017/10/17 14:45:09
2017-10-17 14:45:09,460 [60] DEBUG LISTServer - 登录用户openid:9697486827159f30f5cab73bbab97a1b56966c2a|昵称:测试用户969----------2017/10/17 14:45:09
2017-10-17 14:45:15,299 [60] DEBUG LISTServer - 登录游戏成功,当前对象存在----------2017/10/17 14:45:15
2017-10-17 14:47:44,403 [45] DEBUG LISTServer - 登陆sssionID--------dc683fd1-66e0-483c-b8d4-fd4a1550c077
2017-10-17 14:47:44,403 [45] DEBUG LISTServer - 登录游戏----------2017/10/17 14:47:44
2017-10-17 14:47:44,899 [45] DEBUG LISTServer - 登录用户openid:9697486827159f30f5cab73bbab97a1b56966c2a|昵称:测试用户969----------2017/10/17 14:47:44
2017-10-17 14:47:45,824 [45] DEBUG LISTServer - 登录游戏成功,当前对象存在----------2017/10/17 14:47:45
2017-10-17 14:50:40,647 [52] DEBUG LISTServer - 登陆sssionID--------0d4f503e-b81e-4505-8ebf-79ac6cf247e5
2017-10-17 14:50:40,647 [52] DEBUG LISTServer - 登录游戏----------2017/10/17 14:50:40
2017-10-17 14:51:01,447 [66] DEBUG LISTServer - 登陆sssionID--------eae3d25b-a5f7-4bc3-9bc9-37bc1c53bf8b
2017-10-17 14:51:01,447 [66] DEBUG LISTServer - 登录游戏----------2017/10/17 14:51:01
2017-10-17 14:51:04,768 [66] DEBUG LISTServer - 登录用户openid:9697486827159f30f5cab73bbab97a1b56966c2a|昵称:测试用户969----------2017/10/17 14:51:04
2017-10-17 14:51:15,807 [66] DEBUG LISTServer - 登录游戏成功,当前对象存在----------2017/10/17 14:51:15
2017-10-17 14:52:44,460 [52] DEBUG LISTServer - 登陆sssionID--------63914dd6-f2fd-4285-9967-5ed065782fd1
2017-10-17 14:52:44,460 [52] DEBUG LISTServer - 登录游戏----------2017/10/17 14:52:44
2017-10-17 14:52:44,849 [52] DEBUG LISTServer - 登录用户openid:9697486827159f30f5cab73bbab97a1b56966c2a|昵称:测试用户969----------2017/10/17 14:52:44
2017-10-17 14:52:50,554 [52] DEBUG LISTServer - 登录游戏成功,当前对象存在----------2017/10/17 14:52:50
2017-10-17 14:53:56,137 [59] DEBUG LISTServer - 登陆sssionID--------a453b220-ddb5-45b4-90fc-eb03954fc297
2017-10-17 14:53:56,137 [59] DEBUG LISTServer - 登录游戏----------2017/10/17 14:53:56
2017-10-17 14:54:01,403 [59] DEBUG LISTServer - 登录用户openid:9697486827159f30f5cab73bbab97a1b56966c2a|昵称:测试用户969----------2017/10/17 14:54:01
2017-10-17 14:54:02,017 [59] DEBUG LISTServer - 登录游戏成功,当前对象存在----------2017/10/17 14:54:02
2017-10-17 14:54:57,706 [30] DEBUG LISTServer - 登陆sssionID--------7a8570f7-9414-4543-8d39-c902e00a99d8
2017-10-17 14:54:57,706 [30] DEBUG LISTServer - 登录游戏----------2017/10/17 14:54:57
2017-10-17 14:56:09,856 [28] DEBUG LISTServer - 登陆sssionID--------7d8b819f-b4fa-4de6-8e5a-9aeeac9e862c
2017-10-17 14:56:09,856 [28] DEBUG LISTServer - 登录游戏----------2017/10/17 14:56:09
2017-10-17 14:56:10,030 [28] DEBUG LISTServer - 登录用户openid:89f5ef72e82d130fda1ec076c054b52d|昵称:测试用户89f----------2017/10/17 14:56:10
2017-10-17 14:56:10,612 [28] DEBUG LISTServer - 登录游戏成功----------2017/10/17 14:56:10
2017-10-17 14:58:32,584 [36] DEBUG LISTServer - 登陆sssionID--------726d716d-8173-4b8d-a8b3-9330e655008c
2017-10-17 14:58:32,584 [36] DEBUG LISTServer - 登录游戏----------2017/10/17 14:58:32
2017-10-17 14:58:33,058 [36] DEBUG LISTServer - 登录用户openid:9697486827159f30f5cab73bbab97a1b56966c2a|昵称:测试用户969----------2017/10/17 14:58:33
2017-10-17 14:58:33,737 [36] DEBUG LISTServer - 登录游戏成功,当前对象存在----------2017/10/17 14:58:33
2017-10-17 15:01:20,523 [42] DEBUG LISTServer - 登陆sssionID--------2c1f6587-9563-4e4f-a865-802e3baa0ca5
2017-10-17 15:01:20,523 [42] DEBUG LISTServer - 登录游戏----------2017/10/17 15:01:20
2017-10-17 15:01:20,846 [42] DEBUG LISTServer - 登录用户openid:9697486827159f30f5cab73bbab97a1b56966c2a|昵称:测试用户969----------2017/10/17 15:01:20
2017-10-17 15:01:21,388 [42] DEBUG LISTServer - 登录游戏成功,当前对象存在----------2017/10/17 15:01:21
2017-10-17 15:05:22,733 [30] DEBUG LISTServer - 登陆sssionID--------51b211bc-19ef-498b-9808-0a6e0cf3fcba
2017-10-17 15:05:22,733 [30] DEBUG LISTServer - 登录游戏----------2017/10/17 15:05:22
2017-10-17 15:05:23,111 [30] DEBUG LISTServer - 登录用户openid:9697486827159f30f5cab73bbab97a1b56966c2a|昵称:测试用户969----------2017/10/17 15:05:23
2017-10-17 15:05:23,813 [30] DEBUG LISTServer - 登录游戏成功,当前对象存在----------2017/10/17 15:05:23
2017-10-17 15:08:53,894 [65] DEBUG LISTServer - 登陆sssionID--------b8749d0a-abc3-4044-a607-9b297ef27aa9
2017-10-17 15:08:53,894 [65] DEBUG LISTServer - 登录游戏----------2017/10/17 15:08:53
2017-10-17 15:09:04,350 [59] DEBUG LISTServer - 登陆sssionID--------ccdbed0a-6a64-4eb4-918c-a444f64aa7af
2017-10-17 15:09:04,350 [59] DEBUG LISTServer - 登录游戏----------2017/10/17 15:09:04
2017-10-17 15:09:04,654 [59] DEBUG LISTServer - 登录用户openid:9697486827159f30f5cab73bbab97a1b56966c2a|昵称:测试用户969----------2017/10/17 15:09:04
2017-10-17 15:09:10,168 [65] DEBUG LISTServer - 登录用户openid:89f5ef72e82d130fda1ec076c054b52d|昵称:测试用户89f----------2017/10/17 15:09:10
2017-10-17 15:09:15,366 [59] DEBUG LISTServer - 登录游戏成功,当前对象存在----------2017/10/17 15:09:15
2017-10-17 15:09:19,848 [65] DEBUG LISTServer - 登录游戏成功,当前对象存在----------2017/10/17 15:09:19
2017-10-17 15:09:53,146 [59] DEBUG LISTServer - 登陆sssionID--------7b5a3a62-d4c0-4318-aa8b-145467e5d12e
2017-10-17 15:09:53,146 [59] DEBUG LISTServer - 登录游戏----------2017/10/17 15:09:53
2017-10-17 15:09:53,312 [59] DEBUG LISTServer - 登录用户openid:89f5ef72e82d130fda1ec076c054b52d|昵称:测试用户89f----------2017/10/17 15:09:53
2017-10-17 15:09:53,932 [59] DEBUG LISTServer - 登录游戏成功,当前对象存在----------2017/10/17 15:09:53
2017-10-17 15:12:10,719 [1] DEBUG DefaultBootstrap - The server instance LISTServer has been created!
2017-10-17 15:12:10,844 [1] DEBUG LISTServer - The command 11020(ListBLL.Logic.GameOperation) has been discovered
2017-10-17 15:12:10,844 [1] DEBUG LISTServer - The command 10001(ListBLL.Logic.Heartbeat) has been discovered
2017-10-17 15:12:10,844 [1] DEBUG LISTServer - The command 11001(ListBLL.Logic.Login) has been discovered
2017-10-17 15:12:10,844 [1] DEBUG LISTServer - The command 19003(ListBLL.Logic.UserGamePlaybackLogic) has been discovered
2017-10-17 15:12:10,845 [1] DEBUG LISTServer - The command 19001(ListBLL.Logic.UserRecordLogic) has been discovered
2017-10-17 15:12:10,856 [1] DEBUG DefaultBootstrap - The server instance LISTServer has been initialized!
2017-10-17 15:12:11,939 [1] DEBUG DefaultBootstrap - The PerformanceMonitor has been initialized!
2017-10-17 15:12:11,939 [1] DEBUG DefaultBootstrap - The Bootstrap has been initialized!
2017-10-17 15:12:11,952 [1] DEBUG LISTServer - Listener (0.0.0.0:2018) was started
2017-10-17 15:12:11,956 [1] DEBUG DefaultBootstrap - The PerformanceMonitor has been started!
2017-10-17 15:15:23,691 [12] DEBUG LISTServer - 登陆sssionID--------561b241b-1657-4d3b-8b08-724ac3858180
2017-10-17 15:15:23,691 [12] DEBUG LISTServer - 登录游戏----------2017/10/17 15:15:23
2017-10-17 15:15:24,651 [12] DEBUG LISTServer - 登录用户openid:9697486827159f30f5cab73bbab97a1b56966c2a|昵称:测试用户969----------2017/10/17 15:15:24
2017-10-17 15:16:26,565 [13] DEBUG LISTServer - 登陆sssionID--------910340a5-c959-4ae4-bd9d-890755be3648
2017-10-17 15:16:26,565 [13] DEBUG LISTServer - 登录游戏----------2017/10/17 15:16:26
2017-10-17 15:16:54,921 [13] DEBUG LISTServer - 登录用户openid:9697486827159f30f5cab73bbab97a1b56966c2a|昵称:测试用户969----------2017/10/17 15:16:54
2017-10-17 15:17:05,931 [13] DEBUG LISTServer - 登录游戏成功----------2017/10/17 15:17:05
2017-10-17 15:18:20,556 [7] DEBUG LISTServer - 登陆sssionID--------594fef0f-0175-447f-bada-0a5260a73693
2017-10-17 15:18:20,556 [7] DEBUG LISTServer - 登录游戏----------2017/10/17 15:18:20
2017-10-17 15:18:20,815 [7] DEBUG LISTServer - 登录用户openid:9697486827159f30f5cab73bbab97a1b56966c2a|昵称:测试用户969----------2017/10/17 15:18:20
2017-10-17 15:18:21,743 [7] DEBUG LISTServer - 登录游戏成功,当前对象存在----------2017/10/17 15:18:21
2017-10-17 15:22:15,819 [7] DEBUG LISTServer - 登陆sssionID--------a04debd2-1339-4fcd-923e-42d2ba311513
2017-10-17 15:22:15,819 [7] DEBUG LISTServer - 登录游戏----------2017/10/17 15:22:15
2017-10-17 15:24:56,968 [7] DEBUG LISTServer - 登陆sssionID--------f13c39cf-bc85-4b64-a5b9-a6ed623f6c33
2017-10-17 15:24:56,968 [7] DEBUG LISTServer - 登录游戏----------2017/10/17 15:24:56
2017-10-17 15:24:57,300 [7] DEBUG LISTServer - 登录用户openid:9697486827159f30f5cab73bbab97a1b56966c2a|昵称:测试用户969----------2017/10/17 15:24:57
2017-10-17 15:24:57,900 [7] DEBUG LISTServer - 登录游戏成功,当前对象存在----------2017/10/17 15:24:57
2017-10-17 15:32:28,867 [7] DEBUG LISTServer - 登陆sssionID--------aaa6f950-33ff-4e95-a34c-05b1ef9f1b44
2017-10-17 15:32:28,867 [7] DEBUG LISTServer - 登录游戏----------2017/10/17 15:32:28
2017-10-17 15:32:29,238 [7] DEBUG LISTServer - 登录用户openid:9697486827159f30f5cab73bbab97a1b56966c2a|昵称:测试用户969----------2017/10/17 15:32:29
2017-10-17 15:32:29,889 [7] DEBUG LISTServer - 登录游戏成功,当前对象存在----------2017/10/17 15:32:29
2017-10-17 15:33:01,924 [17] DEBUG LISTServer - 登陆sssionID--------e74e9506-137b-445e-bccf-9105fd4960ca
2017-10-17 15:33:01,924 [17] DEBUG LISTServer - 登录游戏----------2017/10/17 15:33:01
2017-10-17 15:33:02,085 [17] DEBUG LISTServer - 登录用户openid:2be4087248667baee875b4dd4e4e388e|昵称:测试用户2be----------2017/10/17 15:33:02
2017-10-17 15:33:02,673 [17] DEBUG LISTServer - 登录游戏成功----------2017/10/17 15:33:02
2017-10-17 15:38:33,659 [32] DEBUG LISTServer - 登陆sssionID--------9d7c2b02-6311-4f40-bc15-583bea38a348
2017-10-17 15:38:33,659 [32] DEBUG LISTServer - 登录游戏----------2017/10/17 15:38:33
2017-10-17 15:38:34,027 [32] DEBUG LISTServer - 登录用户openid:9697486827159f30f5cab73bbab97a1b56966c2a|昵称:测试用户969----------2017/10/17 15:38:34
2017-10-17 15:38:34,706 [32] DEBUG LISTServer - 登录游戏成功,当前对象存在----------2017/10/17 15:38:34
2017-10-17 15:46:02,009 [17] DEBUG LISTServer - 登陆sssionID--------43b223fc-3d33-40e6-8b01-b7a5192249a1
2017-10-17 15:46:02,009 [17] DEBUG LISTServer - 登录游戏----------2017/10/17 15:46:02
2017-10-17 15:46:02,378 [17] DEBUG LISTServer - 登录用户openid:9697486827159f30f5cab73bbab97a1b56966c2a|昵称:测试用户969----------2017/10/17 15:46:02
2017-10-17 15:46:03,163 [17] DEBUG LISTServer - 登录游戏成功,当前对象存在----------2017/10/17 15:46:03
2017-10-17 15:48:12,709 [7] DEBUG LISTServer - 登陆sssionID--------de0f326f-c2e9-4dad-bcfc-44835a4a6dd0
2017-10-17 15:48:12,709 [7] DEBUG LISTServer - 登录游戏----------2017/10/17 15:48:12
2017-10-17 15:48:13,075 [7] DEBUG LISTServer - 登录用户openid:9697486827159f30f5cab73bbab97a1b56966c2a|昵称:测试用户969----------2017/10/17 15:48:13
2017-10-17 15:48:13,775 [7] DEBUG LISTServer - 登录游戏成功,当前对象存在----------2017/10/17 15:48:13
2017-10-17 15:49:25,574 [32] DEBUG LISTServer - 登陆sssionID--------7fbc1da4-6959-4dec-805c-14a4a46fbf86
2017-10-17 15:49:25,574 [32] DEBUG LISTServer - 登录游戏----------2017/10/17 15:49:25
2017-10-17 15:49:25,830 [32] DEBUG LISTServer - 登录用户openid:9697486827159f30f5cab73bbab97a1b56966c2a|昵称:测试用户969----------2017/10/17 15:49:25
2017-10-17 15:49:26,435 [32] DEBUG LISTServer - 登录游戏成功,当前对象存在----------2017/10/17 15:49:26
2017-10-17 15:50:09,272 [32] DEBUG LISTServer - 登陆sssionID--------e2036b40-e348-470f-bfcd-f727331e98f1
2017-10-17 15:50:09,272 [32] DEBUG LISTServer - 登录游戏----------2017/10/17 15:50:09
2017-10-17 15:50:09,455 [32] DEBUG LISTServer - 登录用户openid:2be4087248667baee875b4dd4e4e388e|昵称:测试用户2be----------2017/10/17 15:50:09
2017-10-17 15:50:10,142 [32] DEBUG LISTServer - 登录游戏成功,当前对象存在----------2017/10/17 15:50:10
2017-10-17 15:52:11,632 [13] DEBUG LISTServer - 登陆sssionID--------0e441e08-6760-4df7-b7e1-78612cafa251
2017-10-17 15:52:11,632 [13] DEBUG LISTServer - 登录游戏----------2017/10/17 15:52:11
2017-10-17 15:52:12,043 [13] DEBUG LISTServer - 登录用户openid:9697486827159f30f5cab73bbab97a1b56966c2a|昵称:测试用户969----------2017/10/17 15:52:12
2017-10-17 15:52:12,669 [13] DEBUG LISTServer - 登录游戏成功,当前对象存在----------2017/10/17 15:52:12
2017-10-17 15:56:19,908 [32] DEBUG LISTServer - 登陆sssionID--------9affb4c3-ca21-42e0-bbef-1af444a66da0
2017-10-17 15:56:19,908 [32] DEBUG LISTServer - 登录游戏----------2017/10/17 15:56:19
2017-10-17 15:56:20,230 [32] DEBUG LISTServer - 登录用户openid:9697486827159f30f5cab73bbab97a1b56966c2a|昵称:测试用户969----------2017/10/17 15:56:20
2017-10-17 15:56:20,913 [32] DEBUG LISTServer - 登录游戏成功,当前对象存在----------2017/10/17 15:56:20
2017-10-17 16:19:00,335 [49] DEBUG LISTServer - 登陆sssionID--------a85efe68-f180-48fc-8730-1c0df224dc2d
2017-10-17 16:19:00,335 [49] DEBUG LISTServer - 登录游戏----------2017/10/17 16:19:00
2017-10-17 16:19:00,706 [49] DEBUG LISTServer - 登录用户openid:9697486827159f30f5cab73bbab97a1b56966c2a|昵称:测试用户969----------2017/10/17 16:19:00
2017-10-17 16:19:01,703 [49] DEBUG LISTServer - 登录游戏成功,当前对象存在----------2017/10/17 16:19:01
2017-10-17 16:23:13,965 [7] DEBUG LISTServer - 登陆sssionID--------663b7a96-1f31-4005-9cd1-27a718192252
2017-10-17 16:23:13,965 [7] DEBUG LISTServer - 登录游戏----------2017/10/17 16:23:13
2017-10-17 16:23:14,282 [7] DEBUG LISTServer - 登录用户openid:9697486827159f30f5cab73bbab97a1b56966c2a|昵称:测试用户969----------2017/10/17 16:23:14
2017-10-17 16:23:14,886 [7] DEBUG LISTServer - 登录游戏成功,当前对象存在----------2017/10/17 16:23:14
2017-10-17 16:29:19,754 [32] DEBUG LISTServer - 登陆sssionID--------f0c10e66-d51b-4fd1-a151-ce0ba56a8def
2017-10-17 16:29:19,754 [32] DEBUG LISTServer - 登录游戏----------2017/10/17 16:29:19
2017-10-17 16:29:20,092 [32] DEBUG LISTServer - 登录用户openid:9697486827159f30f5cab73bbab97a1b56966c2a|昵称:测试用户969----------2017/10/17 16:29:20
2017-10-17 16:29:20,797 [32] DEBUG LISTServer - 登录游戏成功,当前对象存在----------2017/10/17 16:29:20
2017-10-17 16:30:30,805 [49] DEBUG LISTServer - 登陆sssionID--------84fad426-8dad-4f14-8dd6-4805809a2954
2017-10-17 16:30:30,805 [49] DEBUG LISTServer - 登录游戏----------2017/10/17 16:30:30
2017-10-17 16:30:31,085 [49] DEBUG LISTServer - 登录用户openid:9697486827159f30f5cab73bbab97a1b56966c2a|昵称:测试用户969----------2017/10/17 16:30:31
2017-10-17 16:30:31,662 [49] DEBUG LISTServer - 登录游戏成功,当前对象存在----------2017/10/17 16:30:31
2017-10-17 16:35:26,624 [49] DEBUG LISTServer - 登陆sssionID--------a2d0f6e4-bf9e-431f-bd86-f4287b8b65ea
2017-10-17 16:35:26,624 [49] DEBUG LISTServer - 登录游戏----------2017/10/17 16:35:26
2017-10-17 16:35:26,991 [49] DEBUG LISTServer - 登录用户openid:9697486827159f30f5cab73bbab97a1b56966c2a|昵称:测试用户969----------2017/10/17 16:35:26
2017-10-17 16:35:27,723 [49] DEBUG LISTServer - 登录游戏成功,当前对象存在----------2017/10/17 16:35:27
2017-10-17 16:39:49,405 [49] DEBUG LISTServer - 登陆sssionID--------afac6508-fd2a-47d5-9f36-7b5310dd3c1c
2017-10-17 16:39:49,405 [49] DEBUG LISTServer - 登录游戏----------2017/10/17 16:39:49
2017-10-17 16:39:49,851 [49] DEBUG LISTServer - 登录用户openid:9697486827159f30f5cab73bbab97a1b56966c2a|昵称:测试用户969----------2017/10/17 16:39:49
2017-10-17 16:39:50,543 [49] DEBUG LISTServer - 登录游戏成功,当前对象存在----------2017/10/17 16:39:50
2017-10-17 16:54:49,588 [32] DEBUG LISTServer - 登陆sssionID--------004a8399-bdbb-439a-b7d7-77c7bc3aff0e
2017-10-17 16:54:49,588 [32] DEBUG LISTServer - 登录游戏----------2017/10/17 16:54:49
2017-10-17 16:54:50,050 [32] DEBUG LISTServer - 登录用户openid:9697486827159f30f5cab73bbab97a1b56966c2a|昵称:测试用户969----------2017/10/17 16:54:50
2017-10-17 16:54:50,817 [32] DEBUG LISTServer - 登录游戏成功,当前对象存在----------2017/10/17 16:54:50
2017-10-17 16:56:02,337 [13] DEBUG LISTServer - 登陆sssionID--------da005a59-059b-4608-b3c3-94be612c946d
2017-10-17 16:56:02,337 [13] DEBUG LISTServer - 登录游戏----------2017/10/17 16:56:02
2017-10-17 16:56:02,548 [13] DEBUG LISTServer - 登录用户openid:9697486827159f30f5cab73bbab97a1b56966c2a|昵称:测试用户969----------2017/10/17 16:56:02
2017-10-17 16:56:03,135 [13] DEBUG LISTServer - 登录游戏成功,当前对象存在----------2017/10/17 16:56:03
2017-10-17 17:08:09,364 [13] DEBUG LISTServer - 登陆sssionID--------1b75a7d4-dae5-4405-a594-3f77678c4af0
2017-10-17 17:08:09,364 [13] DEBUG LISTServer - 登录游戏----------2017/10/17 17:08:09
2017-10-17 17:08:09,717 [13] DEBUG LISTServer - 登录用户openid:9697486827159f30f5cab73bbab97a1b56966c2a|昵称:测试用户969----------2017/10/17 17:08:09
2017-10-17 17:08:10,366 [13] DEBUG LISTServer - 登录游戏成功,当前对象存在----------2017/10/17 17:08:10
2017-10-17 17:08:35,826 [7] DEBUG LISTServer - 登陆sssionID--------3e831a7c-3f5f-4fc4-81dd-985b3d069dc3
2017-10-17 17:08:35,826 [7] DEBUG LISTServer - 登录游戏----------2017/10/17 17:08:35
2017-10-17 17:08:35,971 [7] DEBUG LISTServer - 登录用户openid:9697486827159f30f5cab73bbab97a1b56966c2a|昵称:测试用户969----------2017/10/17 17:08:35
2017-10-17 17:08:36,544 [7] DEBUG LISTServer - 登录游戏成功,当前对象存在----------2017/10/17 17:08:36
2017-10-17 17:14:38,322 [7] DEBUG LISTServer - 登陆sssionID--------7e8e2ff9-f57a-4b97-9b41-d7f5cacd9688
2017-10-17 17:14:38,322 [7] DEBUG LISTServer - 登录游戏----------2017/10/17 17:14:38
2017-10-17 17:14:38,739 [7] DEBUG LISTServer - 登录用户openid:9697486827159f30f5cab73bbab97a1b56966c2a|昵称:测试用户969----------2017/10/17 17:14:38
2017-10-17 17:14:39,435 [7] DEBUG LISTServer - 登录游戏成功,当前对象存在----------2017/10/17 17:14:39
2017-10-17 17:16:53,169 [32] DEBUG LISTServer - 登陆sssionID--------2e05f149-15c6-49a5-b0c3-a4835ea1a793
2017-10-17 17:16:53,169 [32] DEBUG LISTServer - 登录游戏----------2017/10/17 17:16:53
2017-10-17 17:16:53,574 [32] DEBUG LISTServer - 登录用户openid:9697486827159f30f5cab73bbab97a1b56966c2a|昵称:测试用户969----------2017/10/17 17:16:53
2017-10-17 17:16:54,167 [32] DEBUG LISTServer - 登录游戏成功,当前对象存在----------2017/10/17 17:16:54
2017-10-17 17:17:22,930 [13] DEBUG LISTServer - 登陆sssionID--------485a5db5-618b-4564-ac81-e295ff599b1f
2017-10-17 17:17:22,930 [13] DEBUG LISTServer - 登录游戏----------2017/10/17 17:17:22
2017-10-17 17:17:23,106 [13] DEBUG LISTServer - 登录用户openid:9697486827159f30f5cab73bbab97a1b56966c2a|昵称:测试用户969----------2017/10/17 17:17:23
2017-10-17 17:17:23,790 [13] DEBUG LISTServer - 登录游戏成功,当前对象存在----------2017/10/17 17:17:23
2017-10-17 17:32:17,403 [44] DEBUG LISTServer - 登陆sssionID--------f4582259-3b0b-4026-ab5f-24bca7954d15
2017-10-17 17:32:17,403 [44] DEBUG LISTServer - 登录游戏----------2017/10/17 17:32:17
2017-10-17 17:32:17,854 [44] DEBUG LISTServer - 登录用户openid:9697486827159f30f5cab73bbab97a1b56966c2a|昵称:测试用户969----------2017/10/17 17:32:17
2017-10-17 17:32:18,417 [44] DEBUG LISTServer - 登录游戏成功,当前对象存在----------2017/10/17 17:32:18
2017-10-17 17:40:54,924 [7] DEBUG LISTServer - 登陆sssionID--------5de51386-8f1a-4e74-a20d-881ad07daa28
2017-10-17 17:40:54,924 [7] DEBUG LISTServer - 登录游戏----------2017/10/17 17:40:54
2017-10-17 17:40:55,279 [7] DEBUG LISTServer - 登录用户openid:9697486827159f30f5cab73bbab97a1b56966c2a|昵称:测试用户969----------2017/10/17 17:40:55
2017-10-17 17:40:56,009 [7] DEBUG LISTServer - 登录游戏成功,当前对象存在----------2017/10/17 17:40:56
2017-10-17 17:45:00,399 [7] DEBUG LISTServer - 登陆sssionID--------16dd10da-aee5-4130-b7d4-e2d88935784e
2017-10-17 17:45:00,399 [7] DEBUG LISTServer - 登录游戏----------2017/10/17 17:45:00
2017-10-17 17:45:00,760 [7] DEBUG LISTServer - 登录用户openid:9697486827159f30f5cab73bbab97a1b56966c2a|昵称:测试用户969----------2017/10/17 17:45:00
2017-10-17 17:45:01,535 [7] DEBUG LISTServer - 登录游戏成功,当前对象存在----------2017/10/17 17:45:01
2017-10-17 17:46:30,649 [13] DEBUG LISTServer - 登陆sssionID--------2f457f4d-cd3b-4f8e-94fc-3d1c1a9a687d
2017-10-17 17:46:30,649 [13] DEBUG LISTServer - 登录游戏----------2017/10/17 17:46:30
2017-10-17 17:46:30,843 [13] DEBUG LISTServer - 登录用户openid:9697486827159f30f5cab73bbab97a1b56966c2a|昵称:测试用户969----------2017/10/17 17:46:30
2017-10-17 17:46:31,508 [13] DEBUG LISTServer - 登录游戏成功,当前对象存在----------2017/10/17 17:46:31
2017-10-17 17:48:29,123 [13] DEBUG LISTServer - 登陆sssionID--------17def3df-af79-4b4e-8e7c-17337cbf52cb
2017-10-17 17:48:29,123 [13] DEBUG LISTServer - 登录游戏----------2017/10/17 17:48:29
2017-10-17 17:48:29,447 [13] DEBUG LISTServer - 登录用户openid:9697486827159f30f5cab73bbab97a1b56966c2a|昵称:测试用户969----------2017/10/17 17:48:29
2017-10-17 17:48:30,267 [13] DEBUG LISTServer - 登录游戏成功,当前对象存在----------2017/10/17 17:48:30
2017-10-17 18:00:13,529 [44] DEBUG LISTServer - 登陆sssionID--------aef36ba4-0ba7-4c37-8648-d5f86090c85c
2017-10-17 18:00:13,529 [44] DEBUG LISTServer - 登录游戏----------2017/10/17 18:00:13
2017-10-17 18:00:13,889 [44] DEBUG LISTServer - 登录用户openid:9697486827159f30f5cab73bbab97a1b56966c2a|昵称:测试用户969----------2017/10/17 18:00:13
2017-10-17 18:00:14,467 [44] DEBUG LISTServer - 登录游戏成功,当前对象存在----------2017/10/17 18:00:14
2017-10-17 18:11:16,372 [13] DEBUG LISTServer - 登陆sssionID--------590b288a-3e05-4f8e-8315-023ea020e7b7
2017-10-17 18:11:16,372 [13] DEBUG LISTServer - 登录游戏----------2017/10/17 18:11:16
2017-10-17 18:11:16,687 [13] DEBUG LISTServer - 登录用户openid:9697486827159f30f5cab73bbab97a1b56966c2a|昵称:测试用户969----------2017/10/17 18:11:16
2017-10-17 18:11:17,378 [13] DEBUG LISTServer - 登录游戏成功,当前对象存在----------2017/10/17 18:11:17
2017-10-17 18:13:02,504 [7] DEBUG LISTServer - 登陆sssionID--------a185fd14-0775-4677-92b4-a270ad2d2d82
2017-10-17 18:13:02,504 [7] DEBUG LISTServer - 登录游戏----------2017/10/17 18:13:02
2017-10-17 18:13:02,919 [7] DEBUG LISTServer - 登录用户openid:9697486827159f30f5cab73bbab97a1b56966c2a|昵称:测试用户969----------2017/10/17 18:13:02
2017-10-17 18:13:03,732 [7] DEBUG LISTServer - 登录游戏成功,当前对象存在----------2017/10/17 18:13:03
2017-10-17 18:31:57,757 [1] DEBUG DefaultBootstrap - The server instance LISTServer has been created!
2017-10-17 18:31:57,848 [1] DEBUG LISTServer - The command 11020(ListBLL.Logic.GameOperation) has been discovered
2017-10-17 18:31:57,848 [1] DEBUG LISTServer - The command 10001(ListBLL.Logic.Heartbeat) has been discovered
2017-10-17 18:31:57,848 [1] DEBUG LISTServer - The command 11001(ListBLL.Logic.Login) has been discovered
2017-10-17 18:31:57,848 [1] DEBUG LISTServer - The command 19003(ListBLL.Logic.UserGamePlaybackLogic) has been discovered
2017-10-17 18:31:57,848 [1] DEBUG LISTServer - The command 19001(ListBLL.Logic.UserRecordLogic) has been discovered
2017-10-17 18:31:57,861 [1] DEBUG DefaultBootstrap - The server instance LISTServer has been initialized!
2017-10-17 18:31:58,850 [1] DEBUG DefaultBootstrap - The PerformanceMonitor has been initialized!
2017-10-17 18:31:58,850 [1] DEBUG DefaultBootstrap - The Bootstrap has been initialized!
2017-10-17 18:31:58,862 [1] DEBUG LISTServer - Listener (0.0.0.0:2018) was started
2017-10-17 18:31:58,865 [1] DEBUG DefaultBootstrap - The PerformanceMonitor has been started!
2017-10-17 18:49:02,621 [9] DEBUG LISTServer - 登陆sssionID--------ea9a34f5-68ba-41b4-a5f9-5c1992060d62
2017-10-17 18:49:02,622 [9] DEBUG LISTServer - 登录游戏----------2017/10/17 18:49:02
2017-10-17 18:49:03,473 [9] DEBUG LISTServer - 登录用户openid:9697486827159f30f5cab73bbab97a1b56966c2a|昵称:测试用户969----------2017/10/17 18:49:03
2017-10-17 18:49:04,735 [9] DEBUG LISTServer - 登录游戏成功----------2017/10/17 18:49:04
2017-10-17 18:49:34,973 [9] DEBUG LISTServer - 登陆sssionID--------f154a436-2f78-4f28-9a14-b1bfe1c2db40
2017-10-17 18:49:34,973 [9] DEBUG LISTServer - 登录游戏----------2017/10/17 18:49:34
2017-10-17 18:49:35,153 [9] DEBUG LISTServer - 登录用户openid:9697486827159f30f5cab73bbab97a1b56966c2a|昵称:测试用户969----------2017/10/17 18:49:35
2017-10-17 18:49:35,974 [9] DEBUG LISTServer - 登录游戏成功,当前对象存在----------2017/10/17 18:49:35
2017-10-17 18:51:32,615 [1] DEBUG DefaultBootstrap - The server instance LISTServer has been created!
2017-10-17 18:51:32,722 [1] DEBUG LISTServer - The command 11020(ListBLL.Logic.GameOperation) has been discovered
2017-10-17 18:51:32,722 [1] DEBUG LISTServer - The command 10001(ListBLL.Logic.Heartbeat) has been discovered
2017-10-17 18:51:32,723 [1] DEBUG LISTServer - The command 11001(ListBLL.Logic.Login) has been discovered
2017-10-17 18:51:32,723 [1] DEBUG LISTServer - The command 19003(ListBLL.Logic.UserGamePlaybackLogic) has been discovered
2017-10-17 18:51:32,723 [1] DEBUG LISTServer - The command 19001(ListBLL.Logic.UserRecordLogic) has been discovered
2017-10-17 18:51:32,735 [1] DEBUG DefaultBootstrap - The server instance LISTServer has been initialized!
2017-10-17 18:51:33,516 [1] DEBUG DefaultBootstrap - The PerformanceMonitor has been initialized!
2017-10-17 18:51:33,516 [1] DEBUG DefaultBootstrap - The Bootstrap has been initialized!
2017-10-17 18:51:33,527 [1] DEBUG LISTServer - Listener (0.0.0.0:2018) was started
2017-10-17 18:51:33,531 [1] DEBUG DefaultBootstrap - The PerformanceMonitor has been started!
2017-10-17 18:52:32,324 [12] DEBUG LISTServer - 登陆sssionID--------e7c3ebd6-6f6c-402c-9970-b0c2132b9ce9
2017-10-17 18:52:32,325 [12] DEBUG LISTServer - 登录游戏----------2017/10/17 18:52:32
2017-10-17 18:52:34,763 [12] DEBUG LISTServer - 登录用户openid:9697486827159f30f5cab73bbab97a1b56966c2a|昵称:测试用户969----------2017/10/17 18:52:34
2017-10-17 18:52:35,875 [12] DEBUG LISTServer - 登录游戏成功----------2017/10/17 18:52:35
2017-10-17 18:54:53,640 [7] DEBUG LISTServer - 登陆sssionID--------2c3ddc8d-c2e7-4106-8845-cbd09090eb17
2017-10-17 18:54:53,640 [7] DEBUG LISTServer - 登录游戏----------2017/10/17 18:54:53
2017-10-17 18:54:54,077 [7] DEBUG LISTServer - 登录用户openid:9697486827159f30f5cab73bbab97a1b56966c2a|昵称:测试用户969----------2017/10/17 18:54:54
2017-10-17 18:54:54,700 [7] DEBUG LISTServer - 登录游戏成功,当前对象存在----------2017/10/17 18:54:54
2017-10-17 18:57:14,746 [22] DEBUG LISTServer - 登陆sssionID--------b5ef4c21-1459-468f-a313-23caca2da76e
2017-10-17 18:57:14,746 [22] DEBUG LISTServer - 登录游戏----------2017/10/17 18:57:14
2017-10-17 18:57:15,099 [22] DEBUG LISTServer - 登录用户openid:9697486827159f30f5cab73bbab97a1b56966c2a|昵称:测试用户969----------2017/10/17 18:57:15
2017-10-17 18:57:15,793 [22] DEBUG LISTServer - 登录游戏成功,当前对象存在----------2017/10/17 18:57:15
2017-10-17 19:29:21,111 [7] DEBUG LISTServer - 登陆sssionID--------1cfe3c2b-4fe8-41b0-b1b6-65a814d556bf
2017-10-17 19:29:21,111 [7] DEBUG LISTServer - 登录游戏----------2017/10/17 19:29:21
2017-10-17 19:29:21,473 [7] DEBUG LISTServer - 登录用户openid:9697486827159f30f5cab73bbab97a1b56966c2a|昵称:123----------2017/10/17 19:29:21
2017-10-17 19:29:22,746 [7] DEBUG LISTServer - 登录游戏成功----------2017/10/17 19:29:22
2017-10-17 19:34:13,524 [28] DEBUG LISTServer - 登陆sssionID--------a01cef22-b7c6-4fa7-89fa-84f29df64087
2017-10-17 19:34:13,524 [28] DEBUG LISTServer - 登录游戏----------2017/10/17 19:34:13
2017-10-17 19:34:13,943 [28] DEBUG LISTServer - 登录用户openid:9697486827159f30f5cab73bbab97a1b56966c2a|昵称:123----------2017/10/17 19:34:13
2017-10-17 19:34:14,588 [28] DEBUG LISTServer - 登录游戏成功,当前对象存在----------2017/10/17 19:34:14
2017-10-17 19:36:53,224 [12] DEBUG LISTServer - 登陆sssionID--------e5496290-070c-40b8-8b9f-816d476ad21f
2017-10-17 19:36:53,224 [12] DEBUG LISTServer - 登录游戏----------2017/10/17 19:36:53
2017-10-17 19:36:53,618 [12] DEBUG LISTServer - 登录用户openid:ef2110d6b36f7eca009a60551ab3db1f|昵称:123----------2017/10/17 19:36:53
2017-10-17 19:36:54,245 [12] DEBUG LISTServer - 登录游戏成功----------2017/10/17 19:36:54
