2017-12-22 14:49:39,012 [1] DEBUG DefaultBootstrap - The server instance LISTServer has been created!
2017-12-22 14:49:39,560 [1] DEBUG LISTServer - The command 11105(ListBLL.Logic.AgentGetGroupInfo) has been discovered
2017-12-22 14:49:39,561 [1] DEBUG LISTServer - The command 11107(ListBLL.Logic.AgentGroupUsersManager) has been discovered
2017-12-22 14:49:39,561 [1] DEBUG LISTServer - The command 11060(ListBLL.Logic.ApplyRecord) has been discovered
2017-12-22 14:49:39,561 [1] DEBUG LISTServer - The command 11040(ListBLL.Logic.ApplyToJoin) has been discovered
2017-12-22 14:49:39,561 [1] DEBUG LISTServer - The command 11070(ListBLL.Logic.ChangeApplyStatus) has been discovered
2017-12-22 14:49:39,561 [1] DEBUG LISTServer - The command 11103(ListBLL.Logic.CreateGroup) has been discovered
2017-12-22 14:49:39,562 [1] DEBUG LISTServer - The command 11109(ListBLL.Logic.DeleteGroup) has been discovered
2017-12-22 14:49:39,562 [1] DEBUG LISTServer - The command 19005(ListBLL.Logic.Feedback) has been discovered
2017-12-22 14:49:39,562 [1] DEBUG LISTServer - The command 11020(ListBLL.Logic.GameOperation) has been discovered
2017-12-22 14:49:39,562 [1] DEBUG LISTServer - The command 11030(ListBLL.Logic.GetGroupInfo) has been discovered
2017-12-22 14:49:39,562 [1] DEBUG LISTServer - The command 11022(ListBLL.Logic.GetRoomCard) has been discovered
2017-12-22 14:49:39,562 [1] DEBUG LISTServer - The command 11050(ListBLL.Logic.GroupUsersManager) has been discovered
2017-12-22 14:49:39,562 [1] DEBUG LISTServer - The command 10001(ListBLL.Logic.Heartbeat) has been discovered
2017-12-22 14:49:39,562 [1] DEBUG LISTServer - The command 11080(ListBLL.Logic.LobbyInfo) has been discovered
2017-12-22 14:49:39,562 [1] DEBUG LISTServer - The command 11001(ListBLL.Logic.Login) has been discovered
2017-12-22 14:49:39,562 [1] DEBUG LISTServer - The command 11101(ListBLL.Logic.Package) has been discovered
2017-12-22 14:49:39,562 [1] DEBUG LISTServer - The command 11090(ListBLL.Logic.QuitGroup) has been discovered
2017-12-22 14:49:39,562 [1] DEBUG LISTServer - The command 11108(ListBLL.Logic.SearchPlayer) has been discovered
2017-12-22 14:49:39,562 [1] DEBUG LISTServer - The command 19003(ListBLL.Logic.UserGamePlaybackLogic) has been discovered
2017-12-22 14:49:39,563 [1] DEBUG LISTServer - The command 19001(ListBLL.Logic.UserRecordLogic) has been discovered
2017-12-22 14:49:39,577 [1] DEBUG DefaultBootstrap - The server instance LISTServer has been initialized!
2017-12-22 14:49:40,924 [1] DEBUG DefaultBootstrap - The PerformanceMonitor has been initialized!
2017-12-22 14:49:40,924 [1] DEBUG DefaultBootstrap - The Bootstrap has been initialized!
2017-12-22 14:49:40,971 [1] DEBUG LISTServer - Listener (0.0.0.0:2018) was started
2017-12-22 14:49:40,976 [1] DEBUG DefaultBootstrap - The PerformanceMonitor has been started!
2017-12-22 16:11:14,867 [1] DEBUG DefaultBootstrap - The server instance LISTServer has been created!
2017-12-22 16:11:15,195 [1] DEBUG LISTServer - The command 11105(ListBLL.Logic.AgentGetGroupInfo) has been discovered
2017-12-22 16:11:15,195 [1] DEBUG LISTServer - The command 11107(ListBLL.Logic.AgentGroupUsersManager) has been discovered
2017-12-22 16:11:15,195 [1] DEBUG LISTServer - The command 11060(ListBLL.Logic.ApplyRecord) has been discovered
2017-12-22 16:11:15,195 [1] DEBUG LISTServer - The command 11040(ListBLL.Logic.ApplyToJoin) has been discovered
2017-12-22 16:11:15,196 [1] DEBUG LISTServer - The command 11070(ListBLL.Logic.ChangeApplyStatus) has been discovered
2017-12-22 16:11:15,196 [1] DEBUG LISTServer - The command 11103(ListBLL.Logic.CreateGroup) has been discovered
2017-12-22 16:11:15,196 [1] DEBUG LISTServer - The command 11109(ListBLL.Logic.DeleteGroup) has been discovered
2017-12-22 16:11:15,196 [1] DEBUG LISTServer - The command 19005(ListBLL.Logic.Feedback) has been discovered
2017-12-22 16:11:15,196 [1] DEBUG LISTServer - The command 11020(ListBLL.Logic.GameOperation) has been discovered
2017-12-22 16:11:15,196 [1] DEBUG LISTServer - The command 11030(ListBLL.Logic.GetGroupInfo) has been discovered
2017-12-22 16:11:15,196 [1] DEBUG LISTServer - The command 11022(ListBLL.Logic.GetRoomCard) has been discovered
2017-12-22 16:11:15,196 [1] DEBUG LISTServer - The command 11050(ListBLL.Logic.GroupUsersManager) has been discovered
2017-12-22 16:11:15,196 [1] DEBUG LISTServer - The command 10001(ListBLL.Logic.Heartbeat) has been discovered
2017-12-22 16:11:15,196 [1] DEBUG LISTServer - The command 11080(ListBLL.Logic.LobbyInfo) has been discovered
2017-12-22 16:11:15,196 [1] DEBUG LISTServer - The command 11001(ListBLL.Logic.Login) has been discovered
2017-12-22 16:11:15,196 [1] DEBUG LISTServer - The command 11101(ListBLL.Logic.Package) has been discovered
2017-12-22 16:11:15,197 [1] DEBUG LISTServer - The command 11090(ListBLL.Logic.QuitGroup) has been discovered
2017-12-22 16:11:15,197 [1] DEBUG LISTServer - The command 11108(ListBLL.Logic.SearchPlayer) has been discovered
2017-12-22 16:11:15,197 [1] DEBUG LISTServer - The command 19003(ListBLL.Logic.UserGamePlaybackLogic) has been discovered
2017-12-22 16:11:15,197 [1] DEBUG LISTServer - The command 19001(ListBLL.Logic.UserRecordLogic) has been discovered
2017-12-22 16:11:15,210 [1] DEBUG DefaultBootstrap - The server instance LISTServer has been initialized!
2017-12-22 16:11:15,960 [1] DEBUG DefaultBootstrap - The PerformanceMonitor has been initialized!
2017-12-22 16:11:15,960 [1] DEBUG DefaultBootstrap - The Bootstrap has been initialized!
2017-12-22 16:11:15,981 [1] DEBUG LISTServer - Listener (0.0.0.0:2018) was started
2017-12-22 16:11:15,985 [1] DEBUG DefaultBootstrap - The PerformanceMonitor has been started!
2017-12-22 16:14:26,226 [13] DEBUG LISTServer - 登陆sssionID--------5562178c-e453-488d-b921-70130bacbde0
2017-12-22 16:14:26,226 [13] DEBUG LISTServer - 登录游戏----------2017/12/22 16:14:26
2017-12-22 16:14:28,354 [13] DEBUG LISTServer - 登录用户openid:15381|昵称:压测用户15381----------2017/12/22 16:14:28
2017-12-22 16:14:32,541 [13] DEBUG LISTServer - 登录游戏成功----------2017/12/22 16:14:32
2017-12-22 16:17:12,493 [7] DEBUG LISTServer - 登陆sssionID--------b9e0e731-5fe7-490a-abad-c411d4c13f5f
2017-12-22 16:17:12,493 [7] DEBUG LISTServer - 登录游戏----------2017/12/22 16:17:12
2017-12-22 16:17:13,389 [7] DEBUG LISTServer - 登录用户openid:18838|昵称:压测用户18838----------2017/12/22 16:17:13
2017-12-22 16:17:18,643 [7] DEBUG LISTServer - 登录游戏成功----------2017/12/22 16:17:18
2017-12-22 16:18:03,168 [7] DEBUG LISTServer - 登陆sssionID--------35c5d5e1-a6e2-4a12-801d-9f0df4e9039e
2017-12-22 16:18:03,169 [7] DEBUG LISTServer - 登录游戏----------2017/12/22 16:18:03
2017-12-22 16:18:03,466 [7] DEBUG LISTServer - 登录用户openid:80632|昵称:压测用户80632----------2017/12/22 16:18:03
2017-12-22 16:18:04,202 [7] DEBUG LISTServer - 登录游戏成功----------2017/12/22 16:18:04
2017-12-22 16:18:08,290 [48] DEBUG LISTServer - 登陆sssionID--------547aa000-a1b4-4a5f-8312-e477fe05298d
2017-12-22 16:18:08,290 [48] DEBUG LISTServer - 登录游戏----------2017/12/22 16:18:08
2017-12-22 16:18:08,561 [48] DEBUG LISTServer - 登录用户openid:65136|昵称:压测用户65136----------2017/12/22 16:18:08
2017-12-22 16:18:09,233 [48] DEBUG LISTServer - 登录游戏成功----------2017/12/22 16:18:09
2017-12-22 16:18:46,964 [7] DEBUG LISTServer - 登陆sssionID--------86fd1a6e-97c5-46f7-96cb-0a276a5941b2
2017-12-22 16:18:46,965 [7] DEBUG LISTServer - 登录游戏----------2017/12/22 16:18:46
2017-12-22 16:18:48,309 [7] DEBUG LISTServer - 登录用户openid:42411|昵称:压测用户42411----------2017/12/22 16:18:48
2017-12-22 16:18:50,515 [7] DEBUG LISTServer - 登录游戏成功----------2017/12/22 16:18:50
2017-12-22 16:21:37,423 [82] DEBUG LISTServer - 登陆sssionID--------aa422036-c0a0-45f9-bf0c-f22fbd7e8b0a
2017-12-22 16:21:37,423 [82] DEBUG LISTServer - 登录游戏----------2017/12/22 16:21:37
2017-12-22 16:21:37,646 [82] DEBUG LISTServer - 登录用户openid:85422|昵称:压测用户85422----------2017/12/22 16:21:37
2017-12-22 16:21:38,198 [82] DEBUG LISTServer - 登录游戏成功----------2017/12/22 16:21:38
2017-12-22 16:26:31,467 [7] DEBUG LISTServer - 登陆sssionID--------4faf6988-82dd-42f0-b793-6e83f87918d4
2017-12-22 16:26:31,467 [7] DEBUG LISTServer - 登录游戏----------2017/12/22 16:26:31
2017-12-22 16:26:31,768 [7] DEBUG LISTServer - 登录用户openid:81387|昵称:压测用户81387----------2017/12/22 16:26:31
2017-12-22 16:26:32,233 [7] DEBUG LISTServer - 登录游戏成功----------2017/12/22 16:26:32
2017-12-22 16:27:25,542 [7] DEBUG LISTServer - 登陆sssionID--------cf8f5c26-9799-42ad-b7fd-47f3d330c9f2
2017-12-22 16:27:25,542 [7] DEBUG LISTServer - 登录游戏----------2017/12/22 16:27:25
2017-12-22 16:27:25,943 [7] DEBUG LISTServer - 登录用户openid:95980|昵称:压测用户95980----------2017/12/22 16:27:25
2017-12-22 16:27:26,893 [7] DEBUG LISTServer - 登录游戏成功----------2017/12/22 16:27:26
2017-12-22 16:28:22,137 [98] DEBUG LISTServer - 登陆sssionID--------b7cbb98b-a5d1-4ab1-bcae-914a59f35f7c
2017-12-22 16:28:22,138 [98] DEBUG LISTServer - 登录游戏----------2017/12/22 16:28:22
2017-12-22 16:28:22,447 [98] DEBUG LISTServer - 登录用户openid:50714|昵称:压测用户50714----------2017/12/22 16:28:22
2017-12-22 16:28:24,881 [98] DEBUG LISTServer - 登录游戏成功----------2017/12/22 16:28:24
2017-12-22 16:29:28,886 [1] DEBUG DefaultBootstrap - The server instance LISTServer has been created!
2017-12-22 16:29:29,227 [1] DEBUG LISTServer - The command 11105(ListBLL.Logic.AgentGetGroupInfo) has been discovered
2017-12-22 16:29:29,227 [1] DEBUG LISTServer - The command 11107(ListBLL.Logic.AgentGroupUsersManager) has been discovered
2017-12-22 16:29:29,227 [1] DEBUG LISTServer - The command 11060(ListBLL.Logic.ApplyRecord) has been discovered
2017-12-22 16:29:29,227 [1] DEBUG LISTServer - The command 11040(ListBLL.Logic.ApplyToJoin) has been discovered
2017-12-22 16:29:29,227 [1] DEBUG LISTServer - The command 11070(ListBLL.Logic.ChangeApplyStatus) has been discovered
2017-12-22 16:29:29,227 [1] DEBUG LISTServer - The command 11103(ListBLL.Logic.CreateGroup) has been discovered
2017-12-22 16:29:29,228 [1] DEBUG LISTServer - The command 11109(ListBLL.Logic.DeleteGroup) has been discovered
2017-12-22 16:29:29,228 [1] DEBUG LISTServer - The command 19005(ListBLL.Logic.Feedback) has been discovered
2017-12-22 16:29:29,228 [1] DEBUG LISTServer - The command 11020(ListBLL.Logic.GameOperation) has been discovered
2017-12-22 16:29:29,228 [1] DEBUG LISTServer - The command 11030(ListBLL.Logic.GetGroupInfo) has been discovered
2017-12-22 16:29:29,228 [1] DEBUG LISTServer - The command 11022(ListBLL.Logic.GetRoomCard) has been discovered
2017-12-22 16:29:29,228 [1] DEBUG LISTServer - The command 11050(ListBLL.Logic.GroupUsersManager) has been discovered
2017-12-22 16:29:29,228 [1] DEBUG LISTServer - The command 10001(ListBLL.Logic.Heartbeat) has been discovered
2017-12-22 16:29:29,228 [1] DEBUG LISTServer - The command 11080(ListBLL.Logic.LobbyInfo) has been discovered
2017-12-22 16:29:29,228 [1] DEBUG LISTServer - The command 11001(ListBLL.Logic.Login) has been discovered
2017-12-22 16:29:29,228 [1] DEBUG LISTServer - The command 11101(ListBLL.Logic.Package) has been discovered
2017-12-22 16:29:29,228 [1] DEBUG LISTServer - The command 11090(ListBLL.Logic.QuitGroup) has been discovered
2017-12-22 16:29:29,228 [1] DEBUG LISTServer - The command 11108(ListBLL.Logic.SearchPlayer) has been discovered
2017-12-22 16:29:29,228 [1] DEBUG LISTServer - The command 19003(ListBLL.Logic.UserGamePlaybackLogic) has been discovered
2017-12-22 16:29:29,228 [1] DEBUG LISTServer - The command 19001(ListBLL.Logic.UserRecordLogic) has been discovered
2017-12-22 16:29:29,243 [1] DEBUG DefaultBootstrap - The server instance LISTServer has been initialized!
2017-12-22 16:29:30,310 [1] DEBUG DefaultBootstrap - The PerformanceMonitor has been initialized!
2017-12-22 16:29:30,310 [1] DEBUG DefaultBootstrap - The Bootstrap has been initialized!
2017-12-22 16:29:30,331 [1] DEBUG LISTServer - Listener (0.0.0.0:2018) was started
2017-12-22 16:29:30,336 [1] DEBUG DefaultBootstrap - The PerformanceMonitor has been started!
2017-12-22 16:29:43,331 [9] DEBUG LISTServer - 登陆sssionID--------b4bf3c04-0453-4e22-a388-245f4c65a590
2017-12-22 16:29:43,331 [9] DEBUG LISTServer - 登录游戏----------2017/12/22 16:29:43
2017-12-22 16:29:44,240 [9] DEBUG LISTServer - 登录用户openid:90042|昵称:压测用户90042----------2017/12/22 16:29:44
2017-12-22 16:29:48,531 [9] DEBUG LISTServer - 登录游戏成功----------2017/12/22 16:29:48
2017-12-22 16:30:23,484 [7] DEBUG LISTServer - 登陆sssionID--------888f784b-b450-4e73-bed0-87d4cdf8800b
2017-12-22 16:30:23,484 [7] DEBUG LISTServer - 登录游戏----------2017/12/22 16:30:23
2017-12-22 16:30:23,693 [7] DEBUG LISTServer - 登录用户openid:60454|昵称:压测用户60454----------2017/12/22 16:30:23
2017-12-22 16:30:24,911 [7] DEBUG LISTServer - 登录游戏成功----------2017/12/22 16:30:24
2017-12-22 16:30:45,696 [24] DEBUG LISTServer - 登陆sssionID--------c960ee0f-8451-4406-8b22-74ace51b631a
2017-12-22 16:30:45,696 [24] DEBUG LISTServer - 登录游戏----------2017/12/22 16:30:45
2017-12-22 16:30:45,902 [24] DEBUG LISTServer - 登录用户openid:39579|昵称:压测用户39579----------2017/12/22 16:30:45
2017-12-22 16:30:54,230 [24] DEBUG LISTServer - 登录游戏成功----------2017/12/22 16:30:54
2017-12-22 16:31:08,420 [7] DEBUG LISTServer - 登陆sssionID--------bbb51e39-54d9-4d6b-ab71-0a9818d257d4
2017-12-22 16:31:08,420 [7] DEBUG LISTServer - 登录游戏----------2017/12/22 16:31:08
2017-12-22 16:31:08,662 [7] DEBUG LISTServer - 登录用户openid:37843|昵称:压测用户37843----------2017/12/22 16:31:08
2017-12-22 16:31:09,250 [7] DEBUG LISTServer - 登录游戏成功----------2017/12/22 16:31:09
2017-12-22 16:31:26,658 [26] DEBUG LISTServer - 登陆sssionID--------7702d246-7c3a-4f51-ab6f-eafb8db2955b
2017-12-22 16:31:26,658 [26] DEBUG LISTServer - 登录游戏----------2017/12/22 16:31:26
2017-12-22 16:31:26,863 [26] DEBUG LISTServer - 登录用户openid:29129|昵称:压测用户29129----------2017/12/22 16:31:26
2017-12-22 16:31:27,419 [26] DEBUG LISTServer - 登录游戏成功----------2017/12/22 16:31:27
2017-12-22 16:31:35,476 [35] DEBUG LISTServer - 登陆sssionID--------80b85bc5-8822-47b5-a7c7-c96dd232eada
2017-12-22 16:31:35,476 [35] DEBUG LISTServer - 登录游戏----------2017/12/22 16:31:35
2017-12-22 16:31:35,685 [35] DEBUG LISTServer - 登录用户openid:26490|昵称:压测用户26490----------2017/12/22 16:31:35
2017-12-22 16:31:36,316 [35] DEBUG LISTServer - 登录游戏成功----------2017/12/22 16:31:36
2017-12-22 16:32:22,277 [7] DEBUG LISTServer - 登陆sssionID--------51b89221-078e-425c-8e32-b4b5725de870
2017-12-22 16:32:22,277 [7] DEBUG LISTServer - 登录游戏----------2017/12/22 16:32:22
2017-12-22 16:32:22,571 [7] DEBUG LISTServer - 登录用户openid:87626|昵称:压测用户87626----------2017/12/22 16:32:22
2017-12-22 16:32:23,179 [7] DEBUG LISTServer - 登录游戏成功----------2017/12/22 16:32:23
2017-12-22 16:32:27,461 [7] DEBUG LISTServer - 登陆sssionID--------4cae25d7-8e8d-4d58-9286-1c245bdd31a2
2017-12-22 16:32:27,461 [7] DEBUG LISTServer - 登录游戏----------2017/12/22 16:32:27
2017-12-22 16:32:27,660 [7] DEBUG LISTServer - 登录用户openid:25316|昵称:压测用户25316----------2017/12/22 16:32:27
2017-12-22 16:32:28,248 [7] DEBUG LISTServer - 登录游戏成功----------2017/12/22 16:32:28
2017-12-22 16:32:39,262 [90] DEBUG LISTServer - 登陆sssionID--------3edb4b75-9937-4f4b-bf5d-6a8f1eec79e6
2017-12-22 16:32:39,262 [90] DEBUG LISTServer - 登录游戏----------2017/12/22 16:32:39
2017-12-22 16:32:39,463 [90] DEBUG LISTServer - 登录用户openid:72926|昵称:压测用户72926----------2017/12/22 16:32:39
2017-12-22 16:32:39,978 [90] DEBUG LISTServer - 登录游戏成功----------2017/12/22 16:32:39
2017-12-22 16:32:40,950 [7] DEBUG LISTServer - 登陆sssionID--------7f5a2fd4-b99e-4c7b-83d9-b3177af7d3b7
2017-12-22 16:32:40,950 [7] DEBUG LISTServer - 登录游戏----------2017/12/22 16:32:40
2017-12-22 16:32:41,152 [7] DEBUG LISTServer - 登录用户openid:59780|昵称:压测用户59780----------2017/12/22 16:32:41
2017-12-22 16:32:41,728 [7] DEBUG LISTServer - 登录游戏成功----------2017/12/22 16:32:41
2017-12-22 16:32:44,928 [90] DEBUG LISTServer - 登陆sssionID--------f207e1e2-c81c-44a2-8760-05ae97edb448
2017-12-22 16:32:44,928 [90] DEBUG LISTServer - 登录游戏----------2017/12/22 16:32:44
2017-12-22 16:32:45,161 [90] DEBUG LISTServer - 登录用户openid:90600|昵称:压测用户90600----------2017/12/22 16:32:45
2017-12-22 16:32:45,748 [90] DEBUG LISTServer - 登录游戏成功----------2017/12/22 16:32:45
2017-12-22 16:32:47,353 [90] DEBUG LISTServer - 登陆sssionID--------346951c7-86f8-4cf5-85d3-e38622c41f2a
2017-12-22 16:32:47,353 [90] DEBUG LISTServer - 登录游戏----------2017/12/22 16:32:47
2017-12-22 16:32:47,561 [90] DEBUG LISTServer - 登录用户openid:28871|昵称:压测用户28871----------2017/12/22 16:32:47
2017-12-22 16:32:48,249 [90] DEBUG LISTServer - 登录游戏成功----------2017/12/22 16:32:48
2017-12-22 16:32:59,973 [90] DEBUG LISTServer - 登陆sssionID--------54e9adf5-d859-46be-8710-c824ed9a26d0
2017-12-22 16:32:59,973 [90] DEBUG LISTServer - 登录游戏----------2017/12/22 16:32:59
2017-12-22 16:33:00,207 [90] DEBUG LISTServer - 登录用户openid:99359|昵称:压测用户99359----------2017/12/22 16:33:00
2017-12-22 16:33:00,868 [90] DEBUG LISTServer - 登录游戏成功----------2017/12/22 16:33:00
2017-12-22 16:33:01,822 [90] DEBUG LISTServer - 登陆sssionID--------daef154d-6c04-4b43-94ab-5ed2a66e18b8
2017-12-22 16:33:01,822 [90] DEBUG LISTServer - 登录游戏----------2017/12/22 16:33:01
2017-12-22 16:33:02,032 [90] DEBUG LISTServer - 登录用户openid:26339|昵称:压测用户26339----------2017/12/22 16:33:02
2017-12-22 16:33:02,628 [90] DEBUG LISTServer - 登录游戏成功----------2017/12/22 16:33:02
2017-12-22 16:33:03,639 [92] DEBUG LISTServer - 登陆sssionID--------feb7ebf2-940b-4d42-ac6e-85814e07d7fa
2017-12-22 16:33:03,639 [92] DEBUG LISTServer - 登录游戏----------2017/12/22 16:33:03
2017-12-22 16:33:03,839 [92] DEBUG LISTServer - 登录用户openid:83459|昵称:压测用户83459----------2017/12/22 16:33:03
2017-12-22 16:33:04,521 [92] DEBUG LISTServer - 登录游戏成功----------2017/12/22 16:33:04
2017-12-22 16:33:05,511 [91] DEBUG LISTServer - 登陆sssionID--------3a88f0ce-a15e-45e2-b9f1-041c1b9178bb
2017-12-22 16:33:05,511 [91] DEBUG LISTServer - 登录游戏----------2017/12/22 16:33:05
2017-12-22 16:33:05,711 [91] DEBUG LISTServer - 登录用户openid:42731|昵称:压测用户42731----------2017/12/22 16:33:05
2017-12-22 16:33:06,239 [91] DEBUG LISTServer - 登录游戏成功----------2017/12/22 16:33:06
2017-12-22 16:33:07,006 [92] DEBUG LISTServer - 登陆sssionID--------f13bd5c7-17f8-4317-8f0d-4ce344db96af
2017-12-22 16:33:07,006 [7] DEBUG LISTServer - 登陆sssionID--------89317758-6527-40f4-a7ab-8b79179b8689
2017-12-22 16:33:07,006 [7] DEBUG LISTServer - 登录游戏----------2017/12/22 16:33:07
2017-12-22 16:33:07,006 [92] DEBUG LISTServer - 登录游戏----------2017/12/22 16:33:07
2017-12-22 16:33:07,101 [7] DEBUG LISTServer - 登录用户openid:24875|昵称:压测用户24875----------2017/12/22 16:33:07
2017-12-22 16:33:07,185 [92] DEBUG LISTServer - 登录用户openid:24875|昵称:压测用户24875----------2017/12/22 16:33:07
2017-12-22 16:33:07,678 [7] DEBUG LISTServer - 登录游戏成功----------2017/12/22 16:33:07
2017-12-22 16:33:56,459 [92] DEBUG LISTServer - 登录游戏成功----------2017/12/22 16:33:56
2017-12-22 16:34:07,738 [224] DEBUG LISTServer - 登陆sssionID--------280c732b-6396-4d49-803c-1715a0ed388f
2017-12-22 16:34:07,739 [224] DEBUG LISTServer - 登录游戏----------2017/12/22 16:34:07
2017-12-22 16:34:07,864 [224] DEBUG LISTServer - 登录用户openid:22987|昵称:压测用户22987----------2017/12/22 16:34:07
2017-12-22 16:34:08,276 [224] DEBUG LISTServer - 登录游戏成功----------2017/12/22 16:34:08
2017-12-22 16:34:08,998 [224] DEBUG LISTServer - 登陆sssionID--------a3a2bbee-b1f9-4752-acbc-cef3b8422715
2017-12-22 16:34:08,998 [224] DEBUG LISTServer - 登录游戏----------2017/12/22 16:34:08
2017-12-22 16:34:09,120 [224] DEBUG LISTServer - 登录用户openid:43402|昵称:压测用户43402----------2017/12/22 16:34:09
2017-12-22 16:34:09,682 [224] DEBUG LISTServer - 登录游戏成功----------2017/12/22 16:34:09
2017-12-22 16:34:15,177 [92] DEBUG LISTServer - 登陆sssionID--------ef34d51a-a0d1-4737-be2f-7336fa1842f1
2017-12-22 16:34:15,177 [92] DEBUG LISTServer - 登录游戏----------2017/12/22 16:34:15
2017-12-22 16:34:15,315 [92] DEBUG LISTServer - 登录用户openid:80215|昵称:压测用户80215----------2017/12/22 16:34:15
2017-12-22 16:34:16,087 [92] DEBUG LISTServer - 登录游戏成功----------2017/12/22 16:34:16
2017-12-22 16:34:16,784 [363] DEBUG LISTServer - 登陆sssionID--------ec571095-1ef2-494f-aef4-2653ac834bad
2017-12-22 16:34:16,784 [363] DEBUG LISTServer - 登录游戏----------2017/12/22 16:34:16
2017-12-22 16:34:16,976 [363] DEBUG LISTServer - 登录用户openid:89643|昵称:压测用户89643----------2017/12/22 16:34:16
2017-12-22 16:34:17,521 [363] DEBUG LISTServer - 登录游戏成功----------2017/12/22 16:34:17
2017-12-22 16:34:22,430 [224] DEBUG LISTServer - 登陆sssionID--------b2d12739-3560-4da8-b70f-1028cd4761d2
2017-12-22 16:34:22,430 [224] DEBUG LISTServer - 登录游戏----------2017/12/22 16:34:22
2017-12-22 16:34:22,563 [224] DEBUG LISTServer - 登录用户openid:42733|昵称:压测用户42733----------2017/12/22 16:34:22
2017-12-22 16:34:23,137 [224] DEBUG LISTServer - 登录游戏成功----------2017/12/22 16:34:23
2017-12-22 16:34:23,888 [716] DEBUG LISTServer - 登陆sssionID--------ba339059-e679-4a92-835b-dfe25d4be865
2017-12-22 16:34:23,888 [716] DEBUG LISTServer - 登录游戏----------2017/12/22 16:34:23
2017-12-22 16:34:24,007 [716] DEBUG LISTServer - 登录用户openid:82583|昵称:压测用户82583----------2017/12/22 16:34:24
2017-12-22 16:34:24,436 [716] DEBUG LISTServer - 登录游戏成功----------2017/12/22 16:34:24
2017-12-22 16:34:28,468 [531] DEBUG LISTServer - 登陆sssionID--------ce860210-c91c-49e4-a544-e593d5797c3b
2017-12-22 16:34:28,468 [531] DEBUG LISTServer - 登录游戏----------2017/12/22 16:34:28
2017-12-22 16:34:28,569 [531] DEBUG LISTServer - 登录用户openid:84553|昵称:压测用户84553----------2017/12/22 16:34:28
2017-12-22 16:34:29,048 [531] DEBUG LISTServer - 登录游戏成功----------2017/12/22 16:34:29
2017-12-22 16:34:29,907 [7] DEBUG LISTServer - 登陆sssionID--------70954dac-8e13-48c1-b1d3-e091bea8843c
2017-12-22 16:34:29,907 [7] DEBUG LISTServer - 登录游戏----------2017/12/22 16:34:29
2017-12-22 16:34:30,418 [7] DEBUG LISTServer - 登录用户openid:42253|昵称:压测用户42253----------2017/12/22 16:34:30
2017-12-22 16:34:42,447 [92] DEBUG LISTServer - 登陆sssionID--------69c9b112-5007-4999-aec2-074cfcf561dc
2017-12-22 16:34:42,447 [92] DEBUG LISTServer - 登录游戏----------2017/12/22 16:34:42
2017-12-22 16:34:42,463 [224] DEBUG LISTServer - 登陆sssionID--------c6fd3cd3-4f45-4b84-b359-2743f99c62b2
2017-12-22 16:34:42,495 [224] DEBUG LISTServer - 登录游戏----------2017/12/22 16:34:42
2017-12-22 16:34:42,601 [92] DEBUG LISTServer - 登录用户openid:27237|昵称:压测用户27237----------2017/12/22 16:34:42
2017-12-22 16:34:42,630 [224] DEBUG LISTServer - 登录用户openid:41963|昵称:压测用户41963----------2017/12/22 16:34:42
2017-12-22 16:34:43,720 [92] DEBUG LISTServer - 登录游戏成功----------2017/12/22 16:34:43
2017-12-22 16:34:44,160 [224] DEBUG LISTServer - 登录游戏成功----------2017/12/22 16:34:44
2017-12-22 16:34:54,428 [716] DEBUG LISTServer - 登陆sssionID--------3f7d8a26-0e2d-4e79-99a7-4f80cffa0062
2017-12-22 16:34:54,428 [716] DEBUG LISTServer - 登录游戏----------2017/12/22 16:34:54
2017-12-22 16:34:54,562 [716] DEBUG LISTServer - 登录用户openid:97637|昵称:压测用户97637----------2017/12/22 16:34:54
2017-12-22 16:34:55,119 [716] DEBUG LISTServer - 登录游戏成功----------2017/12/22 16:34:55
2017-12-22 16:34:55,895 [385] DEBUG LISTServer - 登陆sssionID--------4f9abb3d-9b58-46e1-a358-1cc67946538b
2017-12-22 16:34:55,895 [385] DEBUG LISTServer - 登录游戏----------2017/12/22 16:34:55
2017-12-22 16:34:56,039 [385] DEBUG LISTServer - 登录用户openid:47488|昵称:压测用户47488----------2017/12/22 16:34:56
2017-12-22 16:34:56,550 [385] DEBUG LISTServer - 登录游戏成功----------2017/12/22 16:34:56
2017-12-22 16:34:57,789 [531] DEBUG LISTServer - 登陆sssionID--------d2b290e1-b6a1-45db-add2-21dac1e2e409
2017-12-22 16:34:57,789 [531] DEBUG LISTServer - 登录游戏----------2017/12/22 16:34:57
2017-12-22 16:34:57,892 [531] DEBUG LISTServer - 登录用户openid:24327|昵称:压测用户24327----------2017/12/22 16:34:57
2017-12-22 16:34:58,340 [531] DEBUG LISTServer - 登录游戏成功----------2017/12/22 16:34:58
2017-12-22 16:34:59,007 [385] DEBUG LISTServer - 登陆sssionID--------9e7fe1db-f7e1-42af-aeca-8bd2d2e3a254
2017-12-22 16:34:59,007 [385] DEBUG LISTServer - 登录游戏----------2017/12/22 16:34:59
2017-12-22 16:34:59,128 [385] DEBUG LISTServer - 登录用户openid:99607|昵称:压测用户99607----------2017/12/22 16:34:59
2017-12-22 16:34:59,764 [385] DEBUG LISTServer - 登录游戏成功----------2017/12/22 16:34:59
2017-12-22 16:35:03,392 [92] DEBUG LISTServer - 登陆sssionID--------de421b0c-8515-4964-9cd9-fc993943d8f6
2017-12-22 16:35:03,392 [92] DEBUG LISTServer - 登录游戏----------2017/12/22 16:35:03
2017-12-22 16:35:03,548 [92] DEBUG LISTServer - 登录用户openid:32283|昵称:压测用户32283----------2017/12/22 16:35:03
2017-12-22 16:35:03,967 [92] DEBUG LISTServer - 登录游戏成功----------2017/12/22 16:35:03
2017-12-22 16:35:04,630 [716] DEBUG LISTServer - 登陆sssionID--------f7aeb150-879c-4db5-949c-488686da8a0e
2017-12-22 16:35:04,630 [716] DEBUG LISTServer - 登录游戏----------2017/12/22 16:35:04
2017-12-22 16:35:04,754 [716] DEBUG LISTServer - 登录用户openid:35131|昵称:压测用户35131----------2017/12/22 16:35:04
2017-12-22 16:35:05,288 [716] DEBUG LISTServer - 登录游戏成功----------2017/12/22 16:35:05
2017-12-22 16:35:07,308 [531] DEBUG LISTServer - 登陆sssionID--------fde5918f-b485-467e-b34a-93168dc9bbb7
2017-12-22 16:35:07,308 [531] DEBUG LISTServer - 登录游戏----------2017/12/22 16:35:07
2017-12-22 16:35:07,474 [531] DEBUG LISTServer - 登录用户openid:60263|昵称:压测用户60263----------2017/12/22 16:35:07
2017-12-22 16:35:07,947 [531] DEBUG LISTServer - 登录游戏成功----------2017/12/22 16:35:07
2017-12-22 16:35:08,768 [224] DEBUG LISTServer - 登陆sssionID--------39ab8907-0580-4a6f-afa5-ad57646e58c9
2017-12-22 16:35:08,768 [224] DEBUG LISTServer - 登录游戏----------2017/12/22 16:35:08
2017-12-22 16:35:08,941 [224] DEBUG LISTServer - 登录用户openid:67821|昵称:压测用户67821----------2017/12/22 16:35:08
2017-12-22 16:35:09,331 [224] DEBUG LISTServer - 登录游戏成功----------2017/12/22 16:35:09
2017-12-22 16:35:10,809 [224] DEBUG LISTServer - 登陆sssionID--------46d037a8-7ab5-4105-851a-b3f339d334f0
2017-12-22 16:35:10,809 [224] DEBUG LISTServer - 登录游戏----------2017/12/22 16:35:10
2017-12-22 16:35:11,486 [224] DEBUG LISTServer - 登录用户openid:99526|昵称:压测用户99526----------2017/12/22 16:35:11
2017-12-22 16:35:12,635 [224] DEBUG LISTServer - 登录游戏成功----------2017/12/22 16:35:12
2017-12-22 16:35:14,492 [385] DEBUG LISTServer - 登陆sssionID--------21f40def-568e-4ad3-afd1-dfd5f56d5272
2017-12-22 16:35:14,492 [385] DEBUG LISTServer - 登录游戏----------2017/12/22 16:35:14
2017-12-22 16:35:14,612 [385] DEBUG LISTServer - 登录用户openid:45355|昵称:压测用户45355----------2017/12/22 16:35:14
2017-12-22 16:35:15,081 [385] DEBUG LISTServer - 登录游戏成功----------2017/12/22 16:35:15
2017-12-22 16:35:15,887 [92] DEBUG LISTServer - 登陆sssionID--------0f8b0dad-cfd2-46f9-a7d9-5230604850ce
2017-12-22 16:35:15,887 [92] DEBUG LISTServer - 登录游戏----------2017/12/22 16:35:15
2017-12-22 16:35:16,011 [92] DEBUG LISTServer - 登录用户openid:93053|昵称:压测用户93053----------2017/12/22 16:35:16
2017-12-22 16:35:16,502 [92] DEBUG LISTServer - 登录游戏成功----------2017/12/22 16:35:16
2017-12-22 16:35:17,203 [7] DEBUG LISTServer - 登陆sssionID--------38d8d82d-986b-41cb-a838-0fded11092a9
2017-12-22 16:35:17,203 [7] DEBUG LISTServer - 登录游戏----------2017/12/22 16:35:17
2017-12-22 16:35:17,350 [7] DEBUG LISTServer - 登录用户openid:88053|昵称:压测用户88053----------2017/12/22 16:35:17
2017-12-22 16:35:17,937 [7] DEBUG LISTServer - 登录游戏成功----------2017/12/22 16:35:17
2017-12-22 16:35:22,682 [385] DEBUG LISTServer - 登陆sssionID--------ab1a8fec-d1b6-4429-9357-30776bb7e52c
2017-12-22 16:35:22,682 [385] DEBUG LISTServer - 登录游戏----------2017/12/22 16:35:22
2017-12-22 16:35:22,885 [385] DEBUG LISTServer - 登录用户openid:64014|昵称:压测用户64014----------2017/12/22 16:35:22
2017-12-22 16:35:23,630 [385] DEBUG LISTServer - 登录游戏成功----------2017/12/22 16:35:23
2017-12-22 16:35:26,028 [385] DEBUG LISTServer - 登陆sssionID--------c3867129-2f01-49d7-88d9-2fdcbfc39f1b
2017-12-22 16:35:26,028 [385] DEBUG LISTServer - 登录游戏----------2017/12/22 16:35:26
2017-12-22 16:35:26,137 [385] DEBUG LISTServer - 登录用户openid:85413|昵称:压测用户85413----------2017/12/22 16:35:26
2017-12-22 16:35:26,969 [385] DEBUG LISTServer - 登录游戏成功----------2017/12/22 16:35:26
2017-12-22 16:35:28,562 [531] DEBUG LISTServer - 登陆sssionID--------493c757d-b3ba-4a14-abe8-fb9e218442ba
2017-12-22 16:35:28,562 [531] DEBUG LISTServer - 登录游戏----------2017/12/22 16:35:28
2017-12-22 16:35:28,728 [531] DEBUG LISTServer - 登录用户openid:76383|昵称:压测用户76383----------2017/12/22 16:35:28
2017-12-22 16:35:29,262 [531] DEBUG LISTServer - 登录游戏成功----------2017/12/22 16:35:29
2017-12-22 16:35:30,079 [224] DEBUG LISTServer - 登陆sssionID--------365f6b2a-3386-4802-a4cb-270364683f38
2017-12-22 16:35:30,079 [224] DEBUG LISTServer - 登录游戏----------2017/12/22 16:35:30
2017-12-22 16:35:30,267 [224] DEBUG LISTServer - 登录用户openid:18386|昵称:压测用户18386----------2017/12/22 16:35:30
2017-12-22 16:35:30,772 [224] DEBUG LISTServer - 登录游戏成功----------2017/12/22 16:35:30
2017-12-22 16:35:37,290 [224] DEBUG LISTServer - 登陆sssionID--------806036a8-8d26-48ce-8aed-ecfb01e15019
2017-12-22 16:35:37,290 [224] DEBUG LISTServer - 登录游戏----------2017/12/22 16:35:37
2017-12-22 16:35:37,519 [224] DEBUG LISTServer - 登录用户openid:46757|昵称:压测用户46757----------2017/12/22 16:35:37
2017-12-22 16:35:38,218 [224] DEBUG LISTServer - 登录游戏成功----------2017/12/22 16:35:38
2017-12-22 16:35:38,837 [92] DEBUG LISTServer - 登陆sssionID--------0992a429-3992-4e20-a713-105f56205a46
2017-12-22 16:35:38,837 [92] DEBUG LISTServer - 登录游戏----------2017/12/22 16:35:38
2017-12-22 16:35:38,945 [92] DEBUG LISTServer - 登录用户openid:38321|昵称:压测用户38321----------2017/12/22 16:35:38
2017-12-22 16:35:39,365 [92] DEBUG LISTServer - 登录游戏成功----------2017/12/22 16:35:39
2017-12-22 16:35:40,998 [224] DEBUG LISTServer - 登陆sssionID--------aa29fb8f-eb61-4426-aa2b-029fff4a2688
2017-12-22 16:35:40,998 [224] DEBUG LISTServer - 登录游戏----------2017/12/22 16:35:40
2017-12-22 16:35:41,106 [224] DEBUG LISTServer - 登录用户openid:19870|昵称:压测用户19870----------2017/12/22 16:35:41
2017-12-22 16:35:41,646 [224] DEBUG LISTServer - 登录游戏成功----------2017/12/22 16:35:41
2017-12-22 16:35:42,750 [92] DEBUG LISTServer - 登陆sssionID--------88188b7c-53be-44b9-b6d6-be8917756ecb
2017-12-22 16:35:42,750 [92] DEBUG LISTServer - 登录游戏----------2017/12/22 16:35:42
2017-12-22 16:35:42,868 [92] DEBUG LISTServer - 登录用户openid:76990|昵称:压测用户76990----------2017/12/22 16:35:42
2017-12-22 16:35:43,446 [92] DEBUG LISTServer - 登录游戏成功----------2017/12/22 16:35:43
2017-12-22 16:35:49,284 [7] DEBUG LISTServer - 登陆sssionID--------809198ef-78df-4d65-b95d-cb3354db02fd
2017-12-22 16:35:49,284 [7] DEBUG LISTServer - 登录游戏----------2017/12/22 16:35:49
2017-12-22 16:35:49,398 [7] DEBUG LISTServer - 登录用户openid:95548|昵称:压测用户95548----------2017/12/22 16:35:49
2017-12-22 16:35:49,866 [7] DEBUG LISTServer - 登录游戏成功----------2017/12/22 16:35:49
2017-12-22 16:35:50,568 [92] DEBUG LISTServer - 登陆sssionID--------b5d6c633-40f9-40fd-ac24-303833381e57
2017-12-22 16:35:50,568 [92] DEBUG LISTServer - 登录游戏----------2017/12/22 16:35:50
2017-12-22 16:35:50,762 [92] DEBUG LISTServer - 登录用户openid:50798|昵称:压测用户50798----------2017/12/22 16:35:50
2017-12-22 16:35:51,299 [92] DEBUG LISTServer - 登录游戏成功----------2017/12/22 16:35:51
2017-12-22 16:36:33,118 [385] DEBUG LISTServer - 登陆sssionID--------1ab509ce-5098-41b8-9bfa-1a99ce5d94c0
2017-12-22 16:36:33,118 [385] DEBUG LISTServer - 登录游戏----------2017/12/22 16:36:33
2017-12-22 16:36:33,268 [385] DEBUG LISTServer - 登录用户openid:54480|昵称:压测用户54480----------2017/12/22 16:36:33
2017-12-22 16:36:34,516 [385] DEBUG LISTServer - 登录游戏成功----------2017/12/22 16:36:34
2017-12-22 16:36:37,898 [531] DEBUG LISTServer - 登陆sssionID--------0c1d1571-5360-4c30-b706-a1679b647c8a
2017-12-22 16:36:37,898 [531] DEBUG LISTServer - 登录游戏----------2017/12/22 16:36:37
2017-12-22 16:36:38,085 [531] DEBUG LISTServer - 登录用户openid:64306|昵称:压测用户64306----------2017/12/22 16:36:38
2017-12-22 16:36:38,936 [531] DEBUG LISTServer - 登录游戏成功----------2017/12/22 16:36:38
2017-12-22 16:36:46,830 [264] DEBUG LISTServer - 登陆sssionID--------2d29ae56-9221-49b9-9164-91f18f1e281a
2017-12-22 16:36:46,830 [264] DEBUG LISTServer - 登录游戏----------2017/12/22 16:36:46
2017-12-22 16:36:47,360 [264] DEBUG LISTServer - 登录用户openid:53811|昵称:压测用户53811----------2017/12/22 16:36:47
2017-12-22 16:36:47,946 [264] DEBUG LISTServer - 登录游戏成功----------2017/12/22 16:36:47
2017-12-22 16:36:49,791 [363] DEBUG LISTServer - 登陆sssionID--------e49f9e54-7123-4007-8d0e-dbcd88a52ec3
2017-12-22 16:36:49,791 [363] DEBUG LISTServer - 登录游戏----------2017/12/22 16:36:49
2017-12-22 16:36:50,014 [363] DEBUG LISTServer - 登录用户openid:31635|昵称:压测用户31635----------2017/12/22 16:36:50
2017-12-22 16:36:50,701 [363] DEBUG LISTServer - 登录游戏成功----------2017/12/22 16:36:50
2017-12-22 16:36:52,167 [531] DEBUG LISTServer - 登陆sssionID--------e873f5a1-01f0-4a7f-9590-de74e9e68356
2017-12-22 16:36:52,167 [531] DEBUG LISTServer - 登录游戏----------2017/12/22 16:36:52
2017-12-22 16:36:52,332 [531] DEBUG LISTServer - 登录用户openid:74630|昵称:压测用户74630----------2017/12/22 16:36:52
2017-12-22 16:36:54,794 [531] DEBUG LISTServer - 登录游戏成功----------2017/12/22 16:36:54
2017-12-22 16:36:58,223 [272] DEBUG LISTServer - 登陆sssionID--------3d339b90-112d-42a0-8833-05a72b83fc30
2017-12-22 16:36:58,223 [272] DEBUG LISTServer - 登录游戏----------2017/12/22 16:36:58
2017-12-22 16:36:58,662 [272] DEBUG LISTServer - 登录用户openid:69433|昵称:压测用户69433----------2017/12/22 16:36:58
2017-12-22 16:37:02,456 [272] DEBUG LISTServer - 登录游戏成功----------2017/12/22 16:37:02
2017-12-22 16:37:02,660 [272] DEBUG LISTServer - 登陆sssionID--------0a402e7a-2ec3-4caa-a020-679a976e3b91
2017-12-22 16:37:02,660 [272] DEBUG LISTServer - 登录游戏----------2017/12/22 16:37:02
2017-12-22 16:37:04,388 [272] DEBUG LISTServer - 登录用户openid:42844|昵称:压测用户42844----------2017/12/22 16:37:04
2017-12-22 16:37:05,111 [272] DEBUG LISTServer - 登录游戏成功----------2017/12/22 16:37:05
2017-12-22 16:37:18,841 [503] DEBUG LISTServer - 登陆sssionID--------28899a71-8cfa-4587-8a79-6d243da7d84b
2017-12-22 16:37:18,841 [503] DEBUG LISTServer - 登录游戏----------2017/12/22 16:37:18
2017-12-22 16:37:19,099 [503] DEBUG LISTServer - 登录用户openid:58068|昵称:压测用户58068----------2017/12/22 16:37:19
2017-12-22 16:37:19,676 [503] DEBUG LISTServer - 登录游戏成功----------2017/12/22 16:37:19
2017-12-22 16:37:30,405 [503] DEBUG LISTServer - 登陆sssionID--------03c897b6-04b4-4cea-91cc-d3cf0702c26b
2017-12-22 16:37:30,405 [503] DEBUG LISTServer - 登录游戏----------2017/12/22 16:37:30
2017-12-22 16:37:30,610 [503] DEBUG LISTServer - 登录用户openid:89205|昵称:压测用户89205----------2017/12/22 16:37:30
2017-12-22 16:37:31,175 [503] DEBUG LISTServer - 登录游戏成功----------2017/12/22 16:37:31
2017-12-22 16:37:32,125 [961] DEBUG LISTServer - 登陆sssionID--------7f3c3ab0-c11d-4361-a7bb-274890a77d87
2017-12-22 16:37:32,125 [961] DEBUG LISTServer - 登录游戏----------2017/12/22 16:37:32
2017-12-22 16:37:32,327 [961] DEBUG LISTServer - 登录用户openid:43469|昵称:压测用户43469----------2017/12/22 16:37:32
2017-12-22 16:37:32,941 [961] DEBUG LISTServer - 登录游戏成功----------2017/12/22 16:37:32
2017-12-22 16:37:37,038 [363] DEBUG LISTServer - 登陆sssionID--------bf11ee59-6ad6-44d9-ae02-69180ab88a60
2017-12-22 16:37:37,038 [363] DEBUG LISTServer - 登录游戏----------2017/12/22 16:37:37
2017-12-22 16:37:37,259 [363] DEBUG LISTServer - 登录用户openid:59868|昵称:压测用户59868----------2017/12/22 16:37:37
2017-12-22 16:37:37,864 [363] DEBUG LISTServer - 登录游戏成功----------2017/12/22 16:37:37
2017-12-22 16:37:39,190 [264] DEBUG LISTServer - 登陆sssionID--------898e9b0f-90f9-4886-b48b-eedd5d1ac0fe
2017-12-22 16:37:39,190 [264] DEBUG LISTServer - 登录游戏----------2017/12/22 16:37:39
2017-12-22 16:37:39,390 [264] DEBUG LISTServer - 登录用户openid:23851|昵称:压测用户23851----------2017/12/22 16:37:39
2017-12-22 16:37:39,915 [264] DEBUG LISTServer - 登录游戏成功----------2017/12/22 16:37:39
2017-12-22 16:37:42,529 [272] DEBUG LISTServer - 登陆sssionID--------5810e81b-91be-4e14-90e8-2ba59e40efb3
2017-12-22 16:37:42,529 [272] DEBUG LISTServer - 登录游戏----------2017/12/22 16:37:42
2017-12-22 16:37:42,748 [272] DEBUG LISTServer - 登录用户openid:90398|昵称:压测用户90398----------2017/12/22 16:37:42
2017-12-22 16:37:43,344 [272] DEBUG LISTServer - 登录游戏成功----------2017/12/22 16:37:43
2017-12-22 16:37:44,554 [961] DEBUG LISTServer - 登陆sssionID--------bd130084-3320-4f7f-a409-e06c41d7164b
2017-12-22 16:37:44,554 [961] DEBUG LISTServer - 登录游戏----------2017/12/22 16:37:44
2017-12-22 16:37:44,837 [961] DEBUG LISTServer - 登录用户openid:94521|昵称:压测用户94521----------2017/12/22 16:37:44
2017-12-22 16:37:47,057 [961] DEBUG LISTServer - 登录游戏成功----------2017/12/22 16:37:47
2017-12-22 16:37:47,557 [272] DEBUG LISTServer - 登陆sssionID--------bbc998c5-8f1f-4408-8de6-a75c6d9ddac6
2017-12-22 16:37:47,557 [272] DEBUG LISTServer - 登录游戏----------2017/12/22 16:37:47
2017-12-22 16:37:48,518 [272] DEBUG LISTServer - 登录用户openid:29357|昵称:压测用户29357----------2017/12/22 16:37:48
2017-12-22 16:37:49,463 [272] DEBUG LISTServer - 登录游戏成功----------2017/12/22 16:37:49
2017-12-22 16:37:50,625 [961] DEBUG LISTServer - 登陆sssionID--------60deffc4-084b-419a-85c8-294843d66c3c
2017-12-22 16:37:50,625 [961] DEBUG LISTServer - 登录游戏----------2017/12/22 16:37:50
2017-12-22 16:37:50,839 [961] DEBUG LISTServer - 登录用户openid:89324|昵称:压测用户89324----------2017/12/22 16:37:50
2017-12-22 16:37:51,444 [961] DEBUG LISTServer - 登录游戏成功----------2017/12/22 16:37:51
2017-12-22 16:37:54,144 [272] DEBUG LISTServer - 登陆sssionID--------df1b5bf5-6fbf-46b9-95b6-e8dca66ad7b7
2017-12-22 16:37:54,144 [272] DEBUG LISTServer - 登录游戏----------2017/12/22 16:37:54
2017-12-22 16:37:54,809 [272] DEBUG LISTServer - 登录用户openid:40458|昵称:压测用户40458----------2017/12/22 16:37:54
2017-12-22 16:37:57,330 [272] DEBUG LISTServer - 登录游戏成功----------2017/12/22 16:37:57
2017-12-22 16:37:58,608 [272] DEBUG LISTServer - 登陆sssionID--------0cbce6a3-0f4c-40e9-8750-d3459d77ae10
2017-12-22 16:37:58,608 [272] DEBUG LISTServer - 登录游戏----------2017/12/22 16:37:58
2017-12-22 16:37:59,128 [272] DEBUG LISTServer - 登录用户openid:50277|昵称:压测用户50277----------2017/12/22 16:37:59
2017-12-22 16:37:59,793 [272] DEBUG LISTServer - 登录游戏成功----------2017/12/22 16:37:59
2017-12-22 16:38:01,567 [272] DEBUG LISTServer - 登陆sssionID--------4fccd91c-6f3d-48ea-ab76-9f60a03259bb
2017-12-22 16:38:01,567 [272] DEBUG LISTServer - 登录游戏----------2017/12/22 16:38:01
2017-12-22 16:38:01,768 [272] DEBUG LISTServer - 登录用户openid:25253|昵称:压测用户25253----------2017/12/22 16:38:01
2017-12-22 16:38:02,319 [272] DEBUG LISTServer - 登录游戏成功----------2017/12/22 16:38:02
2017-12-22 16:38:04,072 [272] DEBUG LISTServer - 登陆sssionID--------748adcf3-a59c-45ed-9cd9-cd287d737803
2017-12-22 16:38:04,072 [272] DEBUG LISTServer - 登录游戏----------2017/12/22 16:38:04
2017-12-22 16:38:04,359 [272] DEBUG LISTServer - 登录用户openid:13382|昵称:压测用户13382----------2017/12/22 16:38:04
2017-12-22 16:38:07,126 [272] DEBUG LISTServer - 登录游戏成功----------2017/12/22 16:38:07
2017-12-22 16:38:08,065 [264] DEBUG LISTServer - 登陆sssionID--------b3af9ce2-3d49-4696-9580-cbf04d125222
2017-12-22 16:38:08,065 [264] DEBUG LISTServer - 登录游戏----------2017/12/22 16:38:08
2017-12-22 16:38:08,503 [264] DEBUG LISTServer - 登录用户openid:26926|昵称:压测用户26926----------2017/12/22 16:38:08
2017-12-22 16:38:09,735 [264] DEBUG LISTServer - 登录游戏成功----------2017/12/22 16:38:09
2017-12-22 16:38:11,669 [264] DEBUG LISTServer - 登陆sssionID--------34608eec-d439-4a21-b143-896059b87d4b
2017-12-22 16:38:11,669 [264] DEBUG LISTServer - 登录游戏----------2017/12/22 16:38:11
2017-12-22 16:38:11,941 [264] DEBUG LISTServer - 登录用户openid:30469|昵称:压测用户30469----------2017/12/22 16:38:11
2017-12-22 16:38:13,334 [264] DEBUG LISTServer - 登录游戏成功----------2017/12/22 16:38:13
2017-12-22 16:38:15,496 [264] DEBUG LISTServer - 登陆sssionID--------f21a3cd8-7235-4050-925b-d4644eecf42a
2017-12-22 16:38:15,496 [264] DEBUG LISTServer - 登录游戏----------2017/12/22 16:38:15
2017-12-22 16:38:17,712 [264] DEBUG LISTServer - 登录用户openid:79153|昵称:压测用户79153----------2017/12/22 16:38:17
2017-12-22 16:38:21,352 [264] DEBUG LISTServer - 登录游戏成功----------2017/12/22 16:38:21
2017-12-22 16:38:23,067 [961] DEBUG LISTServer - 登陆sssionID--------6821f325-4aaa-4620-aec3-4b9267f85bb5
2017-12-22 16:38:23,067 [961] DEBUG LISTServer - 登录游戏----------2017/12/22 16:38:23
2017-12-22 16:38:23,263 [961] DEBUG LISTServer - 登录用户openid:70528|昵称:压测用户70528----------2017/12/22 16:38:23
2017-12-22 16:38:24,296 [961] DEBUG LISTServer - 登录游戏成功----------2017/12/22 16:38:24
2017-12-22 16:38:30,012 [363] DEBUG LISTServer - 登陆sssionID--------246ddcd0-87f4-4c4d-b38f-983ac94cbd21
2017-12-22 16:38:30,012 [363] DEBUG LISTServer - 登录游戏----------2017/12/22 16:38:30
2017-12-22 16:38:31,207 [363] DEBUG LISTServer - 登录用户openid:97913|昵称:压测用户97913----------2017/12/22 16:38:31
2017-12-22 16:38:34,618 [363] DEBUG LISTServer - 登录游戏成功----------2017/12/22 16:38:34
2017-12-22 16:38:37,764 [264] DEBUG LISTServer - 登陆sssionID--------b0708552-7ceb-4f35-aa01-5f74c3bf6ca0
2017-12-22 16:38:37,764 [264] DEBUG LISTServer - 登录游戏----------2017/12/22 16:38:37
2017-12-22 16:38:38,047 [264] DEBUG LISTServer - 登录用户openid:57981|昵称:压测用户57981----------2017/12/22 16:38:38
2017-12-22 16:38:38,774 [264] DEBUG LISTServer - 登录游戏成功----------2017/12/22 16:38:38
2017-12-22 16:38:44,346 [961] DEBUG LISTServer - 登陆sssionID--------a29a0b6e-8944-477b-ad0a-478841b83a99
2017-12-22 16:38:44,346 [961] DEBUG LISTServer - 登录游戏----------2017/12/22 16:38:44
2017-12-22 16:38:44,578 [961] DEBUG LISTServer - 登录用户openid:14216|昵称:压测用户14216----------2017/12/22 16:38:44
2017-12-22 16:38:45,173 [961] DEBUG LISTServer - 登录游戏成功----------2017/12/22 16:38:45
2017-12-22 16:38:47,687 [272] DEBUG LISTServer - 登陆sssionID--------a61188b8-8b36-4615-805b-2990f3ba788f
2017-12-22 16:38:47,687 [272] DEBUG LISTServer - 登录游戏----------2017/12/22 16:38:47
2017-12-22 16:38:47,897 [272] DEBUG LISTServer - 登录用户openid:13339|昵称:压测用户13339----------2017/12/22 16:38:47
2017-12-22 16:38:48,466 [272] DEBUG LISTServer - 登录游戏成功----------2017/12/22 16:38:48
2017-12-22 16:38:51,480 [264] DEBUG LISTServer - 登陆sssionID--------f4bd2f50-272f-463f-8090-8736f38e0806
2017-12-22 16:38:51,480 [264] DEBUG LISTServer - 登录游戏----------2017/12/22 16:38:51
2017-12-22 16:38:51,692 [264] DEBUG LISTServer - 登录用户openid:71740|昵称:压测用户71740----------2017/12/22 16:38:51
2017-12-22 16:38:52,243 [264] DEBUG LISTServer - 登录游戏成功----------2017/12/22 16:38:52
2017-12-22 16:38:53,347 [272] DEBUG LISTServer - 登陆sssionID--------38185ce7-e828-458f-8e68-b4b86dd8619b
2017-12-22 16:38:53,347 [272] DEBUG LISTServer - 登录游戏----------2017/12/22 16:38:53
2017-12-22 16:38:53,606 [272] DEBUG LISTServer - 登录用户openid:88720|昵称:压测用户88720----------2017/12/22 16:38:53
2017-12-22 16:38:54,193 [272] DEBUG LISTServer - 登录游戏成功----------2017/12/22 16:38:54
2017-12-22 16:39:04,851 [272] DEBUG LISTServer - 登陆sssionID--------657eb663-263f-4a9b-af74-9048011c09da
2017-12-22 16:39:04,851 [272] DEBUG LISTServer - 登录游戏----------2017/12/22 16:39:04
2017-12-22 16:39:05,158 [272] DEBUG LISTServer - 登录用户openid:78920|昵称:压测用户78920----------2017/12/22 16:39:05
2017-12-22 16:39:07,222 [272] DEBUG LISTServer - 登录游戏成功----------2017/12/22 16:39:07
2017-12-22 16:39:09,259 [264] DEBUG LISTServer - 登陆sssionID--------b78b6720-fd73-41dc-89f9-368bd691242c
2017-12-22 16:39:09,259 [264] DEBUG LISTServer - 登录游戏----------2017/12/22 16:39:09
2017-12-22 16:39:10,077 [264] DEBUG LISTServer - 登录用户openid:76180|昵称:压测用户76180----------2017/12/22 16:39:10
2017-12-22 16:39:11,526 [264] DEBUG LISTServer - 登录游戏成功----------2017/12/22 16:39:11
2017-12-22 16:39:18,088 [961] DEBUG LISTServer - 登陆sssionID--------c73895f8-4335-438a-83f2-06d63a579eda
2017-12-22 16:39:18,088 [961] DEBUG LISTServer - 登录游戏----------2017/12/22 16:39:18
2017-12-22 16:39:18,343 [961] DEBUG LISTServer - 登录用户openid:15834|昵称:压测用户15834----------2017/12/22 16:39:18
2017-12-22 16:39:19,033 [961] DEBUG LISTServer - 登录游戏成功----------2017/12/22 16:39:19
2017-12-22 16:39:20,430 [264] DEBUG LISTServer - 登陆sssionID--------ba729672-bed1-4eac-bcf0-43e7ecebcd23
2017-12-22 16:39:20,430 [264] DEBUG LISTServer - 登录游戏----------2017/12/22 16:39:20
2017-12-22 16:39:20,799 [264] DEBUG LISTServer - 登录用户openid:34385|昵称:压测用户34385----------2017/12/22 16:39:20
2017-12-22 16:39:21,683 [264] DEBUG LISTServer - 登录游戏成功----------2017/12/22 16:39:21
2017-12-22 16:39:28,782 [363] DEBUG LISTServer - 登陆sssionID--------7d422a6d-b013-4184-aea8-a05950480d50
2017-12-22 16:39:28,782 [363] DEBUG LISTServer - 登录游戏----------2017/12/22 16:39:28
2017-12-22 16:39:29,006 [363] DEBUG LISTServer - 登录用户openid:62465|昵称:压测用户62465----------2017/12/22 16:39:29
2017-12-22 16:39:31,612 [363] DEBUG LISTServer - 登录游戏成功----------2017/12/22 16:39:31
2017-12-22 16:39:33,029 [363] DEBUG LISTServer - 登陆sssionID--------adaa1bb5-af51-4bee-9fd5-3504a08630de
2017-12-22 16:39:33,029 [363] DEBUG LISTServer - 登录游戏----------2017/12/22 16:39:33
2017-12-22 16:39:33,244 [363] DEBUG LISTServer - 登录用户openid:90148|昵称:压测用户90148----------2017/12/22 16:39:33
2017-12-22 16:39:33,983 [363] DEBUG LISTServer - 登录游戏成功----------2017/12/22 16:39:33
2017-12-22 16:39:36,972 [363] DEBUG LISTServer - 登陆sssionID--------da915eac-6267-4043-ad48-38e966269ab9
2017-12-22 16:39:36,972 [363] DEBUG LISTServer - 登录游戏----------2017/12/22 16:39:36
2017-12-22 16:39:37,217 [363] DEBUG LISTServer - 登录用户openid:98691|昵称:压测用户98691----------2017/12/22 16:39:37
2017-12-22 16:39:37,874 [363] DEBUG LISTServer - 登录游戏成功----------2017/12/22 16:39:37
2017-12-22 16:39:39,002 [961] DEBUG LISTServer - 登陆sssionID--------73ba8362-c45c-464f-a68c-17d6343f1ee5
2017-12-22 16:39:39,002 [961] DEBUG LISTServer - 登录游戏----------2017/12/22 16:39:39
2017-12-22 16:39:39,226 [961] DEBUG LISTServer - 登录用户openid:75233|昵称:压测用户75233----------2017/12/22 16:39:39
2017-12-22 16:39:39,804 [961] DEBUG LISTServer - 登录游戏成功----------2017/12/22 16:39:39
2017-12-22 16:39:48,755 [264] DEBUG LISTServer - 登陆sssionID--------29169626-af0b-4b58-83ff-4e6c0e56c5df
2017-12-22 16:39:48,756 [264] DEBUG LISTServer - 登录游戏----------2017/12/22 16:39:48
2017-12-22 16:39:48,951 [264] DEBUG LISTServer - 登录用户openid:43446|昵称:压测用户43446----------2017/12/22 16:39:48
2017-12-22 16:39:49,568 [264] DEBUG LISTServer - 登录游戏成功----------2017/12/22 16:39:49
2017-12-22 16:39:51,566 [272] DEBUG LISTServer - 登陆sssionID--------ab59e98a-36ad-44f7-b386-3d682d681432
2017-12-22 16:39:51,566 [272] DEBUG LISTServer - 登录游戏----------2017/12/22 16:39:51
2017-12-22 16:39:51,777 [272] DEBUG LISTServer - 登录用户openid:38156|昵称:压测用户38156----------2017/12/22 16:39:51
2017-12-22 16:39:52,393 [272] DEBUG LISTServer - 登录游戏成功----------2017/12/22 16:39:52
2017-12-22 16:39:54,805 [264] DEBUG LISTServer - 登陆sssionID--------9551e1e2-bb6c-4202-a51d-727567250535
2017-12-22 16:39:54,805 [264] DEBUG LISTServer - 登录游戏----------2017/12/22 16:39:54
2017-12-22 16:39:55,036 [264] DEBUG LISTServer - 登录用户openid:67701|昵称:压测用户67701----------2017/12/22 16:39:55
2017-12-22 16:39:56,983 [264] DEBUG LISTServer - 登录游戏成功----------2017/12/22 16:39:56
2017-12-22 16:39:58,359 [961] DEBUG LISTServer - 登陆sssionID--------f4c46422-65ac-4fda-8e4f-9134c095f311
2017-12-22 16:39:58,359 [961] DEBUG LISTServer - 登录游戏----------2017/12/22 16:39:58
2017-12-22 16:39:58,722 [961] DEBUG LISTServer - 登录用户openid:71534|昵称:压测用户71534----------2017/12/22 16:39:58
2017-12-22 16:39:59,428 [961] DEBUG LISTServer - 登录游戏成功----------2017/12/22 16:39:59
2017-12-22 16:40:06,895 [272] DEBUG LISTServer - 登陆sssionID--------034ac745-bbf1-4c62-b795-108e9ccee8fb
2017-12-22 16:40:06,895 [272] DEBUG LISTServer - 登录游戏----------2017/12/22 16:40:06
2017-12-22 16:40:07,106 [272] DEBUG LISTServer - 登录用户openid:39740|昵称:压测用户39740----------2017/12/22 16:40:07
2017-12-22 16:40:07,682 [272] DEBUG LISTServer - 登录游戏成功----------2017/12/22 16:40:07
2017-12-22 16:40:08,615 [272] DEBUG LISTServer - 登陆sssionID--------66504042-9339-4cda-8d28-e3409709e00d
2017-12-22 16:40:08,615 [272] DEBUG LISTServer - 登录游戏----------2017/12/22 16:40:08
2017-12-22 16:40:08,835 [272] DEBUG LISTServer - 登录用户openid:44160|昵称:压测用户44160----------2017/12/22 16:40:08
2017-12-22 16:40:09,392 [272] DEBUG LISTServer - 登录游戏成功----------2017/12/22 16:40:09
2017-12-22 16:40:10,562 [272] DEBUG LISTServer - 登陆sssionID--------6b457abb-ddb3-45ca-8807-e666989a70a1
2017-12-22 16:40:10,562 [272] DEBUG LISTServer - 登录游戏----------2017/12/22 16:40:10
2017-12-22 16:40:10,754 [272] DEBUG LISTServer - 登录用户openid:13151|昵称:压测用户13151----------2017/12/22 16:40:10
2017-12-22 16:40:11,332 [272] DEBUG LISTServer - 登录游戏成功----------2017/12/22 16:40:11
2017-12-22 16:40:12,378 [961] DEBUG LISTServer - 登陆sssionID--------96f911d4-d5bc-478c-8839-fde010f2c8f5
2017-12-22 16:40:12,378 [961] DEBUG LISTServer - 登录游戏----------2017/12/22 16:40:12
2017-12-22 16:40:12,619 [961] DEBUG LISTServer - 登录用户openid:70270|昵称:压测用户70270----------2017/12/22 16:40:12
2017-12-22 16:40:13,339 [961] DEBUG LISTServer - 登录游戏成功----------2017/12/22 16:40:13
2017-12-22 16:40:23,613 [264] DEBUG LISTServer - 登陆sssionID--------06770e5c-5a61-410b-b9bd-19100d05ea15
2017-12-22 16:40:23,613 [264] DEBUG LISTServer - 登录游戏----------2017/12/22 16:40:23
2017-12-22 16:40:23,614 [961] DEBUG LISTServer - 登陆sssionID--------c3b3da92-52cd-40f7-85a8-26bf60a280e0
2017-12-22 16:40:23,614 [961] DEBUG LISTServer - 登录游戏----------2017/12/22 16:40:23
2017-12-22 16:40:23,854 [264] DEBUG LISTServer - 登录用户openid:20627|昵称:压测用户20627----------2017/12/22 16:40:23
2017-12-22 16:40:23,855 [961] DEBUG LISTServer - 登录用户openid:20627|昵称:压测用户20627----------2017/12/22 16:40:23
2017-12-22 16:41:34,373 [961] DEBUG LISTServer - 登录游戏成功----------2017/12/22 16:41:34
