2017-07-20 09:12:06,415 [1] DEBUG DefaultBootstrap - The server instance DBServer has been created!
2017-07-20 09:12:06,477 [1] DEBUG DBServer - The command 12003(MJBLL.mjrule.AddRoom) has been discovered
2017-07-20 09:12:06,477 [1] DEBUG DBServer - The command 15005(MJBLL.mjrule.ClearByUser) has been discovered
2017-07-20 09:12:06,477 [1] DEBUG DBServer - The command 15019(MJBLL.mjrule.ConnData) has been discovered
2017-07-20 09:12:06,477 [1] DEBUG DBServer - The command 12001(MJBLL.mjrule.CreateRoom) has been discovered
2017-07-20 09:12:06,477 [1] DEBUG DBServer - The command 15001(MJBLL.mjrule.DayToL) has been discovered
2017-07-20 09:12:06,477 [1] DEBUG DBServer - The command 14001(MJBLL.mjrule.Gang) has been discovered
2017-07-20 09:12:06,477 [1] DEBUG DBServer - The command 15016(MJBLL.mjrule.GetH) has been discovered
2017-07-20 09:12:06,477 [1] DEBUG DBServer - The command 10001(MJBLL.mjrule.Heartbeat) has been discovered
2017-07-20 09:12:06,477 [1] DEBUG DBServer - The command 13001(MJBLL.mjrule.ChuPai) has been discovered
2017-07-20 09:12:06,477 [1] DEBUG DBServer - The command 15017(MJBLL.mjrule.JX_Game) has been discovered
2017-07-20 09:12:06,477 [1] DEBUG DBServer - The command 13002(MJBLL.mjrule.MoPai) has been discovered
2017-07-20 09:12:06,477 [1] DEBUG DBServer - The command 15011(MJBLL.mjrule.QYM) has been discovered
2017-07-20 09:12:06,477 [1] DEBUG DBServer - The command 15003(MJBLL.mjrule.RemoveRoom) has been discovered
2017-07-20 09:12:06,477 [1] DEBUG DBServer - The command 12007(MJBLL.mjrule.StartGame) has been discovered
2017-07-20 09:12:06,477 [1] DEBUG DBServer - The command 15008(MJBLL.mjrule.UserRemove) has been discovered
2017-07-20 09:12:06,477 [1] DEBUG DBServer - The command 11001(MJBLL.mjrule.WXLogin) has been discovered
2017-07-20 09:12:06,493 [1] DEBUG DefaultBootstrap - The server instance DBServer has been initialized!
2017-07-20 09:12:07,897 [1] DEBUG DefaultBootstrap - The PerformanceMonitor has been initialized!
2017-07-20 09:12:07,897 [1] DEBUG DefaultBootstrap - The Bootstrap has been initialized!
2017-07-20 09:12:07,928 [1] DEBUG DBServer - Listener (0.0.0.0:2013) was started
2017-07-20 09:12:07,928 [1] DEBUG DefaultBootstrap - The PerformanceMonitor has been started!
2017-07-20 09:15:30,729 [16] DEBUG DBServer - 登陆sssionID--------e15d29e3-ce56-4edb-8911-cec41058f3d9
2017-07-20 09:17:55,578 [21] DEBUG DBServer - 登陆sssionID--------27ac4315-e52e-4b48-a116-276744807c70
2017-07-20 09:17:56,811 [21] DEBUG DBServer - 登录游戏成功----------2017/7/20 9:17:56
2017-07-20 09:19:08,649 [21] DEBUG DBServer - 登陆sssionID--------394cfd03-b1cc-46fc-8231-ce8d8b517e88
2017-07-20 09:19:09,242 [21] DEBUG DBServer - 登录游戏成功----------2017/7/20 9:19:09
2017-07-20 09:19:17,962 [21] DEBUG DBServer - 创建sssionID--------394cfd03-b1cc-46fc-8231-ce8d8b517e88
2017-07-20 09:19:17,993 [21] DEBUG DBServer - 参数dataSystem.Byte[]----------2017/7/20 9:19:17
2017-07-20 09:19:17,993 [21] DEBUG DBServer - 当前用户创建房间----------2017/7/20 9:19:17
2017-07-20 09:20:21,826 [26] DEBUG DBServer - 登陆sssionID--------d4396540-6f08-40e2-9ca6-35a791437814
2017-07-20 09:20:24,884 [26] DEBUG DBServer - 登录游戏成功----------2017/7/20 9:20:24
2017-07-20 09:21:05,170 [26] DEBUG DBServer - 登陆sssionID--------2bd7197a-e3f0-406e-9484-916b88ccbbd6
2017-07-20 09:21:05,591 [26] DEBUG DBServer - 登录游戏成功----------2017/7/20 9:21:05
2017-07-20 09:21:11,800 [26] DEBUG DBServer - 创建sssionID--------2bd7197a-e3f0-406e-9484-916b88ccbbd6
2017-07-20 09:21:11,800 [26] DEBUG DBServer - 参数dataSystem.Byte[]----------2017/7/20 9:21:11
2017-07-20 09:21:11,800 [26] DEBUG DBServer - 当前用户创建房间----------2017/7/20 9:21:11
2017-07-20 09:21:18,352 [26] DEBUG DBServer - 登陆sssionID--------562831b8-f4d7-4d29-b645-e5a597d6ba12
2017-07-20 09:21:18,757 [26] DEBUG DBServer - 登录游戏成功----------2017/7/20 9:21:18
2017-07-20 09:27:39,034 [15] DEBUG DBServer - 登陆sssionID--------ffad787a-52d7-4f7e-8365-62d93cefd1f4
2017-07-20 09:27:40,360 [15] DEBUG DBServer - 登录游戏成功----------2017/7/20 9:27:40
2017-07-20 09:27:51,748 [15] DEBUG DBServer - 登陆sssionID--------0e517a2f-e0de-4b8c-b209-98b932e0e403
2017-07-20 09:27:52,294 [15] DEBUG DBServer - 登录游戏成功----------2017/7/20 9:27:52
2017-07-20 09:27:53,417 [15] DEBUG DBServer - 登陆sssionID--------e0ff342f-422f-4391-aa3d-7c67388b768a
2017-07-20 09:27:58,441 [15] DEBUG DBServer - 登录游戏成功----------2017/7/20 9:27:58
2017-07-20 09:28:10,141 [26] DEBUG DBServer - 登陆sssionID--------262ad8da-3f0f-4216-ae01-d993a517e528
2017-07-20 09:28:10,687 [26] DEBUG DBServer - 登录游戏成功----------2017/7/20 9:28:10
2017-07-20 09:28:29,141 [15] DEBUG DBServer - 创建sssionID--------0e517a2f-e0de-4b8c-b209-98b932e0e403
2017-07-20 09:28:29,141 [15] DEBUG DBServer - 参数dataSystem.Byte[]----------2017/7/20 9:28:29
2017-07-20 09:28:29,141 [15] DEBUG DBServer - 当前用户创建房间----------2017/7/20 9:28:29
2017-07-20 09:29:31,978 [15] DEBUG DBServer - 登陆sssionID--------c068db16-2815-4b28-bd2e-45a02f9697ba
2017-07-20 09:29:32,633 [15] DEBUG DBServer - 登录游戏成功----------2017/7/20 9:29:32
2017-07-20 09:29:47,703 [15] DEBUG DBServer - 创建sssionID--------c068db16-2815-4b28-bd2e-45a02f9697ba
2017-07-20 09:29:47,703 [15] DEBUG DBServer - 参数dataSystem.Byte[]----------2017/7/20 9:29:47
2017-07-20 09:29:47,703 [15] DEBUG DBServer - 当前用户创建房间----------2017/7/20 9:29:47
2017-07-20 09:29:50,776 [15] DEBUG DBServer - 登陆sssionID--------36e0e753-fc6b-42e1-8907-c02ecd2800a4
2017-07-20 09:29:51,260 [15] DEBUG DBServer - 登录游戏成功----------2017/7/20 9:29:51
2017-07-20 09:30:12,757 [20] DEBUG DBServer - 登陆sssionID--------68c63cbd-2ece-4353-8a0d-eb1f2beeb01f
2017-07-20 09:30:17,156 [20] DEBUG DBServer - 登录游戏成功----------2017/7/20 9:30:17
2017-07-20 09:34:04,291 [26] DEBUG DBServer - 登陆sssionID--------d1bcf93b-03bc-44f1-8c40-9c0866846bf6
2017-07-20 09:34:04,619 [29] DEBUG DBServer - 创建sssionID--------262ad8da-3f0f-4216-ae01-d993a517e528
2017-07-20 09:34:04,619 [29] DEBUG DBServer - 参数dataSystem.Byte[]----------2017/7/20 9:34:04
2017-07-20 09:34:04,619 [29] DEBUG DBServer - 当前用户创建房间----------2017/7/20 9:34:04
2017-07-20 09:34:05,056 [26] DEBUG DBServer - 登录游戏成功----------2017/7/20 9:34:05
2017-07-20 09:34:05,056 [26] DEBUG DBServer - 登陆sssionID--------d1bcf93b-03bc-44f1-8c40-9c0866846bf6
2017-07-20 09:34:05,071 [26] DEBUG DBServer - 登录游戏失败,当前对象存在----------2017/7/20 9:34:05
2017-07-20 09:34:05,071 [26] DEBUG DBServer - sssionID--------d1bcf93b-03bc-44f1-8c40-9c0866846bf6
2017-07-20 09:34:22,144 [10] DEBUG DBServer - 登陆sssionID--------f7e6483f-8180-425d-b0a4-8e81bff64c5f
2017-07-20 09:34:22,565 [10] DEBUG DBServer - 登录游戏成功----------2017/7/20 9:34:22
2017-07-20 09:34:32,750 [10] DEBUG DBServer - 登陆sssionID--------6897340d-7004-4339-9d65-404891915fe2
2017-07-20 09:34:33,171 [10] DEBUG DBServer - 登录游戏成功----------2017/7/20 9:34:33
2017-07-20 09:34:42,141 [29] DEBUG DBServer - 创建sssionID--------6897340d-7004-4339-9d65-404891915fe2
2017-07-20 09:34:42,141 [29] DEBUG DBServer - 参数dataSystem.Byte[]----------2017/7/20 9:34:42
2017-07-20 09:34:42,141 [29] DEBUG DBServer - 当前用户创建房间----------2017/7/20 9:34:42
2017-07-20 09:35:26,273 [29] DEBUG DBServer - 登陆sssionID--------8ae7303f-2cb3-405a-aecf-7b6d0f4504b9
2017-07-20 09:35:26,726 [29] DEBUG DBServer - 登录游戏成功----------2017/7/20 9:35:26
2017-07-20 09:37:48,141 [26] DEBUG DBServer - 登陆sssionID--------a0dd3c1d-3451-4b2e-a6e7-37adf36d8ecf
2017-07-20 09:37:48,750 [26] DEBUG DBServer - 登录游戏成功----------2017/7/20 9:37:48
2017-07-20 09:38:06,674 [29] DEBUG DBServer - 创建sssionID--------a0dd3c1d-3451-4b2e-a6e7-37adf36d8ecf
2017-07-20 09:38:06,674 [29] DEBUG DBServer - 参数dataSystem.Byte[]----------2017/7/20 9:38:06
2017-07-20 09:38:06,674 [29] DEBUG DBServer - 当前用户创建房间----------2017/7/20 9:38:06
2017-07-20 09:44:17,673 [28] DEBUG DBServer - 登陆sssionID--------256073f7-6236-4a5a-a352-71b854c3e379
2017-07-20 09:44:18,531 [28] DEBUG DBServer - 登录游戏成功----------2017/7/20 9:44:18
2017-07-20 09:44:20,279 [29] DEBUG DBServer - 登陆sssionID--------211b638d-eb70-4ea2-8be1-906944cd4973
2017-07-20 09:44:20,793 [29] DEBUG DBServer - 登录游戏成功----------2017/7/20 9:44:20
2017-07-20 09:44:33,788 [29] DEBUG DBServer - 创建sssionID--------256073f7-6236-4a5a-a352-71b854c3e379
2017-07-20 09:44:33,788 [29] DEBUG DBServer - 参数dataSystem.Byte[]----------2017/7/20 9:44:33
2017-07-20 09:44:33,788 [29] DEBUG DBServer - 当前用户创建房间----------2017/7/20 9:44:33
2017-07-20 09:44:51,900 [10] DEBUG DBServer - 登陆sssionID--------ed6714ee-3bd1-4581-b5f3-d96aee3e1a63
2017-07-20 09:44:52,461 [10] DEBUG DBServer - 登录游戏成功----------2017/7/20 9:44:52
2017-07-20 09:56:05,586 [29] DEBUG DBServer - 登陆sssionID--------28dec0cd-0fd6-40bb-ae93-d11dbe28cc5e
2017-07-20 09:56:06,335 [29] DEBUG DBServer - 登录游戏成功----------2017/7/20 9:56:06
2017-07-20 09:56:16,022 [52] DEBUG DBServer - 创建sssionID--------28dec0cd-0fd6-40bb-ae93-d11dbe28cc5e
2017-07-20 09:56:16,022 [52] DEBUG DBServer - 参数dataSystem.Byte[]----------2017/7/20 9:56:16
2017-07-20 09:56:16,022 [52] DEBUG DBServer - 当前用户创建房间----------2017/7/20 9:56:16
2017-07-20 09:56:31,685 [48] DEBUG DBServer - 登陆sssionID--------84c9e536-e023-4967-9aa4-201444de87fc
2017-07-20 09:56:32,121 [48] DEBUG DBServer - 登录游戏成功----------2017/7/20 9:56:32
2017-07-20 09:56:34,274 [48] DEBUG DBServer - 登陆sssionID--------c697c0a5-9344-4f66-a7a2-cccc8618d7a3
2017-07-20 09:56:34,695 [48] DEBUG DBServer - 登录游戏成功----------2017/7/20 9:56:34
