2017-10-22 10:25:06,672 [1] DEBUG DefaultBootstrap - The server instance LISTServer has been created!
2017-10-22 10:25:06,797 [1] DEBUG LISTServer - The command 11020(ListBLL.Logic.GameOperation) has been discovered
2017-10-22 10:25:06,797 [1] DEBUG LISTServer - The command 10001(ListBLL.Logic.Heartbeat) has been discovered
2017-10-22 10:25:06,797 [1] DEBUG LISTServer - The command 11001(ListBLL.Logic.Login) has been discovered
2017-10-22 10:25:06,797 [1] DEBUG LISTServer - The command 19003(ListBLL.Logic.UserGamePlaybackLogic) has been discovered
2017-10-22 10:25:06,797 [1] DEBUG LISTServer - The command 19001(ListBLL.Logic.UserRecordLogic) has been discovered
2017-10-22 10:25:06,829 [1] DEBUG DefaultBootstrap - The server instance LISTServer has been initialized!
2017-10-22 10:25:08,235 [1] DEBUG DefaultBootstrap - The PerformanceMonitor has been initialized!
2017-10-22 10:25:08,235 [1] DEBUG DefaultBootstrap - The Bootstrap has been initialized!
2017-10-22 10:25:08,266 [1] DEBUG LISTServer - Listener (0.0.0.0:2018) was started
2017-10-22 10:25:08,266 [1] DEBUG DefaultBootstrap - The PerformanceMonitor has been started!
2017-10-22 10:30:27,424 [8] DEBUG LISTServer - 登陆sssionID--------05f539db-fbdc-45da-9571-863978eeef13
2017-10-22 10:30:27,424 [8] DEBUG LISTServer - 登录游戏----------2017/10/22 10:30:27
2017-10-22 10:31:15,748 [8] DEBUG LISTServer - 登陆sssionID--------37065fa2-43b0-453c-a0bd-e80f929a19e2
2017-10-22 10:31:16,600 [8] DEBUG LISTServer - 登录游戏----------2017/10/22 10:31:16
2017-10-22 10:32:40,475 [1] DEBUG DefaultBootstrap - The server instance LISTServer has been created!
2017-10-22 10:32:40,571 [1] DEBUG LISTServer - The command 11020(ListBLL.Logic.GameOperation) has been discovered
2017-10-22 10:32:40,572 [1] DEBUG LISTServer - The command 10001(ListBLL.Logic.Heartbeat) has been discovered
2017-10-22 10:32:40,572 [1] DEBUG LISTServer - The command 11001(ListBLL.Logic.Login) has been discovered
2017-10-22 10:32:40,572 [1] DEBUG LISTServer - The command 19003(ListBLL.Logic.UserGamePlaybackLogic) has been discovered
2017-10-22 10:32:40,572 [1] DEBUG LISTServer - The command 19001(ListBLL.Logic.UserRecordLogic) has been discovered
2017-10-22 10:32:40,582 [1] DEBUG DefaultBootstrap - The server instance LISTServer has been initialized!
2017-10-22 10:32:41,478 [1] DEBUG DefaultBootstrap - The PerformanceMonitor has been initialized!
2017-10-22 10:32:41,478 [1] DEBUG DefaultBootstrap - The Bootstrap has been initialized!
2017-10-22 10:32:41,488 [1] DEBUG LISTServer - Listener (0.0.0.0:2018) was started
2017-10-22 10:32:41,491 [1] DEBUG DefaultBootstrap - The PerformanceMonitor has been started!
2017-10-22 10:32:49,662 [12] DEBUG LISTServer - 登陆sssionID--------fa4d46ac-5003-43ea-a12e-c17b3ca01554
2017-10-22 10:32:49,662 [12] DEBUG LISTServer - 登录游戏----------2017/10/22 10:32:49
2017-10-22 10:32:52,808 [12] DEBUG LISTServer - 登录用户openid:9697486827159f30f5cab73bbab97a1b56966c2a|昵称:测试用户969----------2017/10/22 10:32:52
2017-10-22 10:33:17,744 [13] DEBUG LISTServer - 登陆sssionID--------80d72769-8e2a-4067-bf2c-be7a906306a7
2017-10-22 10:33:18,354 [13] DEBUG LISTServer - 登录游戏----------2017/10/22 10:33:18
2017-10-22 10:33:31,607 [13] DEBUG LISTServer - 登录用户openid:9697486827159f30f5cab73bbab97a1b56966c2a|昵称:测试用户969----------2017/10/22 10:33:31
2017-10-22 10:39:55,810 [33] DEBUG LISTServer - 登陆sssionID--------8f8ec718-0d31-437b-b6a7-56d673ad3f8c
2017-10-22 10:39:55,810 [33] DEBUG LISTServer - 登录游戏----------2017/10/22 10:39:55
2017-10-22 10:39:58,429 [33] DEBUG LISTServer - 登录用户openid:9697486827159f30f5cab73bbab97a1b56966c2a|昵称:测试用户969----------2017/10/22 10:39:58
2017-10-22 10:40:01,587 [33] DEBUG LISTServer - 登录游戏成功----------2017/10/22 10:40:01
2017-10-22 10:45:47,407 [7] DEBUG LISTServer - 登陆sssionID--------7d7b68eb-01ac-468b-bac5-e69ba8f07084
2017-10-22 10:45:47,407 [7] DEBUG LISTServer - 登录游戏----------2017/10/22 10:45:47
2017-10-22 10:46:36,341 [7] DEBUG LISTServer - 登陆sssionID--------405af2f2-00c7-4539-927f-bcdeb846f791
2017-10-22 10:46:37,164 [7] DEBUG LISTServer - 登录游戏----------2017/10/22 10:46:37
2017-10-22 10:49:22,427 [1] DEBUG DefaultBootstrap - The server instance LISTServer has been created!
2017-10-22 10:49:22,523 [1] DEBUG LISTServer - The command 11020(ListBLL.Logic.GameOperation) has been discovered
2017-10-22 10:49:22,523 [1] DEBUG LISTServer - The command 10001(ListBLL.Logic.Heartbeat) has been discovered
2017-10-22 10:49:22,523 [1] DEBUG LISTServer - The command 11001(ListBLL.Logic.Login) has been discovered
2017-10-22 10:49:22,523 [1] DEBUG LISTServer - The command 19003(ListBLL.Logic.UserGamePlaybackLogic) has been discovered
2017-10-22 10:49:22,523 [1] DEBUG LISTServer - The command 19001(ListBLL.Logic.UserRecordLogic) has been discovered
2017-10-22 10:49:22,533 [1] DEBUG DefaultBootstrap - The server instance LISTServer has been initialized!
2017-10-22 10:49:23,442 [1] DEBUG DefaultBootstrap - The PerformanceMonitor has been initialized!
2017-10-22 10:49:23,442 [1] DEBUG DefaultBootstrap - The Bootstrap has been initialized!
2017-10-22 10:49:23,453 [1] DEBUG LISTServer - Listener (0.0.0.0:2018) was started
2017-10-22 10:49:23,457 [1] DEBUG DefaultBootstrap - The PerformanceMonitor has been started!
2017-10-22 10:49:49,077 [13] DEBUG LISTServer - 登陆sssionID--------c8e5d07b-fa8a-4489-a639-5cb1eb6e2e97
2017-10-22 10:49:49,077 [13] DEBUG LISTServer - 登录游戏----------2017/10/22 10:49:49
2017-10-22 10:50:28,223 [12] DEBUG LISTServer - 登陆sssionID--------037978fd-ea39-44c5-a17f-844fd72e0f54
2017-10-22 10:50:28,223 [12] DEBUG LISTServer - 登录游戏----------2017/10/22 10:50:28
2017-10-22 11:07:34,264 [7] DEBUG LISTServer - 登陆sssionID--------844e9344-e394-4186-8196-8ca3a9062cf7
2017-10-22 11:07:34,264 [7] DEBUG LISTServer - 登录游戏----------2017/10/22 11:07:34
2017-10-22 11:08:25,796 [1] DEBUG DefaultBootstrap - The server instance LISTServer has been created!
2017-10-22 11:08:25,894 [1] DEBUG LISTServer - The command 11020(ListBLL.Logic.GameOperation) has been discovered
2017-10-22 11:08:25,894 [1] DEBUG LISTServer - The command 10001(ListBLL.Logic.Heartbeat) has been discovered
2017-10-22 11:08:25,894 [1] DEBUG LISTServer - The command 11001(ListBLL.Logic.Login) has been discovered
2017-10-22 11:08:25,894 [1] DEBUG LISTServer - The command 19003(ListBLL.Logic.UserGamePlaybackLogic) has been discovered
2017-10-22 11:08:25,894 [1] DEBUG LISTServer - The command 19001(ListBLL.Logic.UserRecordLogic) has been discovered
2017-10-22 11:08:25,905 [1] DEBUG DefaultBootstrap - The server instance LISTServer has been initialized!
2017-10-22 11:08:26,572 [1] DEBUG DefaultBootstrap - The PerformanceMonitor has been initialized!
2017-10-22 11:08:26,572 [1] DEBUG DefaultBootstrap - The Bootstrap has been initialized!
2017-10-22 11:08:26,583 [1] DEBUG LISTServer - Listener (0.0.0.0:2018) was started
2017-10-22 11:08:26,587 [1] DEBUG DefaultBootstrap - The PerformanceMonitor has been started!
2017-10-22 11:08:38,312 [11] DEBUG LISTServer - 登陆sssionID--------3cf1d2da-dd54-4c87-8b68-8a16948b8839
2017-10-22 11:08:38,312 [11] DEBUG LISTServer - 登录游戏----------2017/10/22 11:08:38
2017-10-22 11:08:47,340 [11] DEBUG LISTServer - 登录用户openid:9697486827159f30f5cab73bbab97a1b56966c2a|昵称:测试用户969----------2017/10/22 11:08:47
2017-10-22 13:54:48,007 [1] DEBUG DefaultBootstrap - The server instance LISTServer has been created!
2017-10-22 13:54:48,134 [1] DEBUG LISTServer - The command 11020(ListBLL.Logic.GameOperation) has been discovered
2017-10-22 13:54:48,134 [1] DEBUG LISTServer - The command 10001(ListBLL.Logic.Heartbeat) has been discovered
2017-10-22 13:54:48,134 [1] DEBUG LISTServer - The command 11001(ListBLL.Logic.Login) has been discovered
2017-10-22 13:54:48,134 [1] DEBUG LISTServer - The command 19003(ListBLL.Logic.UserGamePlaybackLogic) has been discovered
2017-10-22 13:54:48,134 [1] DEBUG LISTServer - The command 19001(ListBLL.Logic.UserRecordLogic) has been discovered
2017-10-22 13:54:48,145 [1] DEBUG DefaultBootstrap - The server instance LISTServer has been initialized!
2017-10-22 13:54:48,793 [1] DEBUG DefaultBootstrap - The PerformanceMonitor has been initialized!
2017-10-22 13:54:48,793 [1] DEBUG DefaultBootstrap - The Bootstrap has been initialized!
2017-10-22 13:54:48,803 [1] DEBUG LISTServer - Listener (0.0.0.0:2018) was started
2017-10-22 13:54:48,806 [1] DEBUG DefaultBootstrap - The PerformanceMonitor has been started!
2017-10-22 14:11:51,116 [16] DEBUG LISTServer - 登陆sssionID--------f1d737ab-a0fc-4218-8c6f-9b0786f5fe48
2017-10-22 14:11:51,117 [16] DEBUG LISTServer - 登录游戏----------2017/10/22 14:11:51
2017-10-22 14:11:53,913 [16] DEBUG LISTServer - 登录用户openid:9697486827159f30f5cab73bbab97a1b56966c2a|昵称:测试用户969----------2017/10/22 14:11:53
2017-10-22 14:11:55,603 [16] DEBUG LISTServer - 登录游戏成功----------2017/10/22 14:11:55
2017-10-22 14:13:48,436 [15] DEBUG LISTServer - 登陆sssionID--------7179414a-1c89-445f-9c05-f447aa85e2cf
2017-10-22 14:13:48,436 [15] DEBUG LISTServer - 登录游戏----------2017/10/22 14:13:48
2017-10-22 14:13:52,330 [15] DEBUG LISTServer - 登录用户openid:9697486827159f30f5cab73bbab97a1b56966c2a|昵称:测试用户969----------2017/10/22 14:13:52
2017-10-22 14:13:53,541 [15] DEBUG LISTServer - 登录游戏成功,当前对象存在----------2017/10/22 14:13:53
2017-10-22 14:16:22,480 [15] DEBUG LISTServer - 登陆sssionID--------93a3f63b-d9c4-4e21-bf47-d5f1043b7553
2017-10-22 14:16:22,480 [15] DEBUG LISTServer - 登录游戏----------2017/10/22 14:16:22
2017-10-22 14:16:24,734 [15] DEBUG LISTServer - 登录用户openid:9697486827159f30f5cab73bbab97a1b56966c2a|昵称:测试用户969----------2017/10/22 14:16:24
2017-10-22 14:16:25,941 [15] DEBUG LISTServer - 登录游戏成功,当前对象存在----------2017/10/22 14:16:25
2017-10-22 14:17:33,103 [30] DEBUG LISTServer - 登陆sssionID--------0dba5834-de91-43ab-8adb-b1089a302381
2017-10-22 14:17:33,103 [30] DEBUG LISTServer - 登录游戏----------2017/10/22 14:17:33
2017-10-22 14:17:36,038 [30] DEBUG LISTServer - 登录用户openid:9697486827159f30f5cab73bbab97a1b56966c2a|昵称:测试用户969----------2017/10/22 14:17:36
2017-10-22 14:17:41,926 [30] DEBUG LISTServer - 登录游戏成功,当前对象存在----------2017/10/22 14:17:41
2017-10-22 14:21:23,244 [30] DEBUG LISTServer - 登陆sssionID--------c3b54838-c316-40b7-ab3e-20820fde13fc
2017-10-22 14:21:23,244 [30] DEBUG LISTServer - 登录游戏----------2017/10/22 14:21:23
2017-10-22 14:21:25,399 [30] DEBUG LISTServer - 登录用户openid:9697486827159f30f5cab73bbab97a1b56966c2a|昵称:测试用户969----------2017/10/22 14:21:25
2017-10-22 14:21:26,555 [30] DEBUG LISTServer - 登录游戏成功,当前对象存在----------2017/10/22 14:21:26
2017-10-22 14:21:26,561 [15] DEBUG LISTServer - 登陆sssionID--------152049cb-d871-49cd-b49e-a83a7edf82b3
2017-10-22 14:21:26,561 [15] DEBUG LISTServer - 登录游戏----------2017/10/22 14:21:26
2017-10-22 14:21:28,401 [15] DEBUG LISTServer - 登录用户openid:e55263276b188a13a14c21ba3e6e71c8|昵称:测试用户e55----------2017/10/22 14:21:28
2017-10-22 14:21:31,188 [15] DEBUG LISTServer - 登录游戏成功----------2017/10/22 14:21:31
2017-10-22 14:37:40,209 [12] DEBUG LISTServer - 登陆sssionID--------16a5f9e5-4c8e-435b-a4f5-f30857f51dac
2017-10-22 14:37:40,209 [12] DEBUG LISTServer - 登录游戏----------2017/10/22 14:37:40
2017-10-22 14:37:44,611 [12] DEBUG LISTServer - 登录用户openid:9697486827159f30f5cab73bbab97a1b56966c2a|昵称:测试用户969----------2017/10/22 14:37:44
2017-10-22 14:40:21,934 [15] DEBUG LISTServer - 登陆sssionID--------ef38332b-938c-47cf-88eb-e41ed8b31ba4
2017-10-22 14:40:21,934 [15] DEBUG LISTServer - 登录游戏----------2017/10/22 14:40:21
2017-10-22 14:40:24,538 [15] DEBUG LISTServer - 登录用户openid:9697486827159f30f5cab73bbab97a1b56966c2a|昵称:测试用户969----------2017/10/22 14:40:24
2017-10-22 14:47:00,736 [29] DEBUG LISTServer - 登陆sssionID--------1b23af3a-a180-4257-8381-7180c66a55d5
2017-10-22 14:47:00,736 [29] DEBUG LISTServer - 登录游戏----------2017/10/22 14:47:00
2017-10-22 14:47:04,228 [29] DEBUG LISTServer - 登录用户openid:9697486827159f30f5cab73bbab97a1b56966c2a|昵称:测试用户969----------2017/10/22 14:47:04
2017-10-22 14:47:06,019 [29] DEBUG LISTServer - 登录游戏成功,当前对象存在----------2017/10/22 14:47:06
