2018-10-22 10:22:13,476 [1] DEBUG DefaultBootstrap - The server instance LISTServer has been created!
2018-10-22 10:22:16,333 [1] DEBUG LISTServer - The command 11105(ListBLL.Logic.AgentGetGroupInfo) has been discovered
2018-10-22 10:22:16,333 [1] DEBUG LISTServer - The command 11107(ListBLL.Logic.AgentGroupUsersManager) has been discovered
2018-10-22 10:22:16,333 [1] DEBUG LISTServer - The command 11110(ListBLL.Logic.AgentSignIn) has been discovered
2018-10-22 10:22:16,333 [1] DEBUG LISTServer - The command 11060(ListBLL.Logic.ApplyRecord) has been discovered
2018-10-22 10:22:16,333 [1] DEBUG LISTServer - The command 11040(ListBLL.Logic.ApplyToJoin) has been discovered
2018-10-22 10:22:16,333 [1] DEBUG LISTServer - The command 11070(ListBLL.Logic.ChangeApplyStatus) has been discovered
2018-10-22 10:22:16,334 [1] DEBUG LISTServer - The command 11103(ListBLL.Logic.CreateGroup) has been discovered
2018-10-22 10:22:16,334 [1] DEBUG LISTServer - The command 11109(ListBLL.Logic.DeleteGroup) has been discovered
2018-10-22 10:22:16,334 [1] DEBUG LISTServer - The command 19005(ListBLL.Logic.Feedback) has been discovered
2018-10-22 10:22:16,334 [1] DEBUG LISTServer - The command 11020(ListBLL.Logic.GameOperation) has been discovered
2018-10-22 10:22:16,334 [1] DEBUG LISTServer - The command 11030(ListBLL.Logic.GetGroupInfo) has been discovered
2018-10-22 10:22:16,335 [1] DEBUG LISTServer - The command 11032(ListBLL.Logic.GetGroupInfoByGroupID) has been discovered
2018-10-22 10:22:16,335 [1] DEBUG LISTServer - The command 11034(ListBLL.Logic.GetGroupUserInfoByGroupID) has been discovered
2018-10-22 10:22:16,335 [1] DEBUG LISTServer - The command 11022(ListBLL.Logic.GetRoomCard) has been discovered
2018-10-22 10:22:16,335 [1] DEBUG LISTServer - The command 11050(ListBLL.Logic.GroupUsersManager) has been discovered
2018-10-22 10:22:16,335 [1] DEBUG LISTServer - The command 10001(ListBLL.Logic.Heartbeat) has been discovered
2018-10-22 10:22:16,335 [1] DEBUG LISTServer - The command 11080(ListBLL.Logic.LobbyInfo) has been discovered
2018-10-22 10:22:16,335 [1] DEBUG LISTServer - The command 11001(ListBLL.Logic.Login) has been discovered
2018-10-22 10:22:16,335 [1] DEBUG LISTServer - The command 11003(ListBLL.Logic.LoginPW) has been discovered
2018-10-22 10:22:16,335 [1] DEBUG LISTServer - The command 11101(ListBLL.Logic.Package) has been discovered
2018-10-22 10:22:16,335 [1] DEBUG LISTServer - The command 11090(ListBLL.Logic.QuitGroup) has been discovered
2018-10-22 10:22:16,335 [1] DEBUG LISTServer - The command 11108(ListBLL.Logic.SearchPlayer) has been discovered
2018-10-22 10:22:16,335 [1] DEBUG LISTServer - The command 19003(ListBLL.Logic.UserGamePlaybackLogic) has been discovered
2018-10-22 10:22:16,335 [1] DEBUG LISTServer - The command 19001(ListBLL.Logic.UserRecordLogic) has been discovered
2018-10-22 10:22:16,386 [1] DEBUG DefaultBootstrap - The server instance LISTServer has been initialized!
2018-10-22 10:22:22,248 [1] DEBUG DefaultBootstrap - The PerformanceMonitor has been initialized!
2018-10-22 10:22:22,248 [1] DEBUG DefaultBootstrap - The Bootstrap has been initialized!
2018-10-22 10:22:22,364 [1] DEBUG LISTServer - Listener (0.0.0.0:2018) was started
2018-10-22 10:22:22,372 [1] DEBUG DefaultBootstrap - The PerformanceMonitor has been started!
2018-10-22 10:23:15,606 [11] DEBUG LISTServer - 登陆sssionID--------1fd89e39-a612-4bc1-af8d-d987865a26bc
2018-10-22 10:23:15,606 [11] DEBUG LISTServer - 登录游戏----------2018/10/22 星期一 10:23:15
2018-10-22 10:23:16,952 [11] DEBUG LISTServer - 登录用户openid:9a4d034479a00a7cbae4a33eefd634f8110552ba|昵称:测试用户9a4----------2018/10/22 星期一 10:23:16
2018-10-22 10:23:19,633 [11] DEBUG LISTServer - 登录游戏成功----------2018/10/22 星期一 10:23:19
2018-10-22 10:28:43,191 [8] DEBUG LISTServer - 登陆sssionID--------df5be9d0-1019-4abb-b557-8f12f5ec0660
2018-10-22 10:28:43,191 [8] DEBUG LISTServer - 登录游戏----------2018/10/22 星期一 10:28:43
2018-10-22 10:28:43,204 [8] DEBUG LISTServer - 登录用户openid:7ca8632e9664781b80bbc606018427d8|昵称:测试用户7ca----------2018/10/22 星期一 10:28:43
2018-10-22 10:28:44,219 [8] DEBUG LISTServer - 登录游戏成功----------2018/10/22 星期一 10:28:44
2018-10-22 10:34:08,611 [12] DEBUG LISTServer - 登陆sssionID--------cc1a88e1-c423-4543-88dd-f85c25fc8991
2018-10-22 10:34:08,612 [12] DEBUG LISTServer - 登录游戏----------2018/10/22 星期一 10:34:08
2018-10-22 10:34:08,618 [12] DEBUG LISTServer - 登录用户openid:9a4d034479a00a7cbae4a33eefd634f8110552ba|昵称:测试用户9a4----------2018/10/22 星期一 10:34:08
2018-10-22 10:34:10,682 [12] DEBUG LISTServer - System.Net.Sockets.SocketException (0x80004005): 由于目标计算机积极拒绝，无法连接。 192.168.1.104:2019
   在 System.Net.Sockets.Socket.DoConnect(EndPoint endPointSnapshot, SocketAddress socketAddress)
   在 System.Net.Sockets.Socket.Connect(EndPoint remoteEP)
   在 ListBLL.common.RedisUtility.GetServerIP(String serverName, Int32 messageNum, GameSession session, Int32 status, String openid, String unionid, Boolean cutover, Int32 roomID, Int32 roomAddStatus, Int32 roomType) 位置 D:\千羽瑞佳-白\Guizhoule\ZH_LIST_MJ\list_mj\ListBLL\common\RedisUtility.cs:行号 248
2018-10-22 10:34:10,683 [12] DEBUG LISTServer - 登录游戏成功----------2018/10/22 星期一 10:34:10
2018-10-22 10:35:03,366 [11] DEBUG LISTServer - 登陆sssionID--------0a44e4d7-0421-4b55-8cfb-72521791d02f
2018-10-22 10:35:03,366 [11] DEBUG LISTServer - 登录游戏----------2018/10/22 星期一 10:35:03
2018-10-22 10:35:03,367 [11] DEBUG LISTServer - 登录用户openid:7ca8632e9664781b80bbc606018427d8|昵称:测试用户7ca----------2018/10/22 星期一 10:35:03
2018-10-22 10:35:04,673 [11] DEBUG LISTServer - 登录游戏成功----------2018/10/22 星期一 10:35:04
2018-10-22 10:35:10,325 [12] DEBUG LISTServer - 登陆sssionID--------03450d09-7920-409b-b010-a6f03080e1ac
2018-10-22 10:35:10,325 [12] DEBUG LISTServer - 登录游戏----------2018/10/22 星期一 10:35:10
2018-10-22 10:35:10,327 [12] DEBUG LISTServer - 登录用户openid:9a4d034479a00a7cbae4a33eefd634f8110552ba|昵称:测试用户9a4----------2018/10/22 星期一 10:35:10
2018-10-22 10:35:11,480 [12] DEBUG LISTServer - 登录游戏成功----------2018/10/22 星期一 10:35:11
2018-10-22 10:36:18,627 [12] DEBUG LISTServer - 登陆sssionID--------f4692c76-0293-4556-9b49-15dc4cf28aa9
2018-10-22 10:36:18,627 [12] DEBUG LISTServer - 登录游戏----------2018/10/22 星期一 10:36:18
2018-10-22 10:36:18,629 [12] DEBUG LISTServer - 登录用户openid:7ca8632e9664781b80bbc606018427d8|昵称:测试用户7ca----------2018/10/22 星期一 10:36:18
2018-10-22 10:36:25,066 [26] DEBUG LISTServer - 登陆sssionID--------3c213774-d0bf-4545-a3a2-a9aaddf71ee2
2018-10-22 10:36:25,066 [26] DEBUG LISTServer - 登录游戏----------2018/10/22 星期一 10:36:25
2018-10-22 10:36:25,067 [26] DEBUG LISTServer - 登录用户openid:9a4d034479a00a7cbae4a33eefd634f8110552ba|昵称:测试用户9a4----------2018/10/22 星期一 10:36:25
2018-10-22 10:36:41,837 [25] DEBUG LISTServer - 登陆sssionID--------8ee8d03c-a297-4cc0-9493-e72bdda64bb0
2018-10-22 10:36:41,838 [25] DEBUG LISTServer - 登录游戏----------2018/10/22 星期一 10:36:41
2018-10-22 10:36:41,839 [25] DEBUG LISTServer - 登录用户openid:7ca8632e9664781b80bbc606018427d8|昵称:测试用户7ca----------2018/10/22 星期一 10:36:41
2018-10-22 10:36:41,840 [25] DEBUG LISTServer - 登录游戏失败,当前对象存在----------2018/10/22 星期一 10:36:41
2018-10-22 10:36:41,840 [25] DEBUG LISTServer - sssionID--------8ee8d03c-a297-4cc0-9493-e72bdda64bb0
2018-10-22 10:36:47,694 [11] DEBUG LISTServer - 登陆sssionID--------8ee8d03c-a297-4cc0-9493-e72bdda64bb0
2018-10-22 10:36:47,694 [11] DEBUG LISTServer - 登录游戏----------2018/10/22 星期一 10:36:47
2018-10-22 10:36:47,696 [11] DEBUG LISTServer - 登录用户openid:7ca8632e9664781b80bbc606018427d8|昵称:测试用户7ca----------2018/10/22 星期一 10:36:47
2018-10-22 10:36:47,697 [11] DEBUG LISTServer - 登录游戏失败,当前对象存在----------2018/10/22 星期一 10:36:47
2018-10-22 10:36:47,697 [11] DEBUG LISTServer - sssionID--------8ee8d03c-a297-4cc0-9493-e72bdda64bb0
2018-10-22 10:36:57,042 [26] DEBUG LISTServer - 登录游戏成功----------2018/10/22 星期一 10:36:57
2018-10-22 10:36:57,083 [12] DEBUG LISTServer - 登录游戏成功----------2018/10/22 星期一 10:36:57
2018-10-22 10:37:36,186 [12] DEBUG LISTServer - 登陆sssionID--------90ca7cfa-36ed-488d-a988-b88d61218df8
2018-10-22 10:37:36,186 [12] DEBUG LISTServer - 登录游戏----------2018/10/22 星期一 10:37:36
2018-10-22 10:37:36,188 [12] DEBUG LISTServer - 登录用户openid:9a4d034479a00a7cbae4a33eefd634f8110552ba|昵称:测试用户9a4----------2018/10/22 星期一 10:37:36
2018-10-22 10:37:37,518 [8] DEBUG LISTServer - 登陆sssionID--------08c1a802-6ca9-4ebf-a760-f95afd5bd75b
2018-10-22 10:37:37,518 [8] DEBUG LISTServer - 登录游戏----------2018/10/22 星期一 10:37:37
2018-10-22 10:37:37,523 [8] DEBUG LISTServer - 登录用户openid:7ca8632e9664781b80bbc606018427d8|昵称:测试用户7ca----------2018/10/22 星期一 10:37:37
2018-10-22 10:37:38,230 [12] DEBUG LISTServer - System.Net.Sockets.SocketException (0x80004005): 由于目标计算机积极拒绝，无法连接。 192.168.1.104:2019
   在 System.Net.Sockets.Socket.DoConnect(EndPoint endPointSnapshot, SocketAddress socketAddress)
   在 System.Net.Sockets.Socket.Connect(EndPoint remoteEP)
   在 ListBLL.common.RedisUtility.GetServerIP(String serverName, Int32 messageNum, GameSession session, Int32 status, String openid, String unionid, Boolean cutover, Int32 roomID, Int32 roomAddStatus, Int32 roomType) 位置 D:\千羽瑞佳-白\Guizhoule\ZH_LIST_MJ\list_mj\ListBLL\common\RedisUtility.cs:行号 248
2018-10-22 10:37:38,231 [12] DEBUG LISTServer - 登录游戏成功----------2018/10/22 星期一 10:37:38
2018-10-22 10:37:38,543 [8] DEBUG LISTServer - 登录游戏成功----------2018/10/22 星期一 10:37:38
2018-10-22 10:38:16,075 [29] DEBUG LISTServer - 登陆sssionID--------662fab92-1dbb-498d-b8f0-963d6e0322c5
2018-10-22 10:38:16,076 [29] DEBUG LISTServer - 登录游戏----------2018/10/22 星期一 10:38:16
2018-10-22 10:38:16,077 [29] DEBUG LISTServer - 登录用户openid:9a4d034479a00a7cbae4a33eefd634f8110552ba|昵称:测试用户9a4----------2018/10/22 星期一 10:38:16
2018-10-22 10:38:17,358 [29] DEBUG LISTServer - 登录游戏成功----------2018/10/22 星期一 10:38:17
2018-10-22 11:05:54,111 [8] DEBUG LISTServer - 登陆sssionID--------76064ffc-cff7-4b3b-a68f-9df5ab97c3b2
2018-10-22 11:05:54,111 [8] DEBUG LISTServer - 登录游戏----------2018/10/22 星期一 11:05:54
2018-10-22 11:05:54,117 [8] DEBUG LISTServer - 登录用户openid:9a4d034479a00a7cbae4a33eefd634f8110552ba|昵称:测试用户9a4----------2018/10/22 星期一 11:05:54
2018-10-22 11:05:55,508 [8] DEBUG LISTServer - 登录游戏成功----------2018/10/22 星期一 11:05:55
2018-10-22 11:07:39,241 [12] DEBUG LISTServer - 登陆sssionID--------2c6529b2-4db0-4c8a-8cda-9efcb1cddd7f
2018-10-22 11:07:39,241 [12] DEBUG LISTServer - 登录游戏----------2018/10/22 星期一 11:07:39
2018-10-22 11:07:39,243 [12] DEBUG LISTServer - 登录用户openid:7ca8632e9664781b80bbc606018427d8|昵称:测试用户7ca----------2018/10/22 星期一 11:07:39
2018-10-22 11:07:40,495 [12] DEBUG LISTServer - 登录游戏成功----------2018/10/22 星期一 11:07:40
2018-10-22 12:56:14,036 [1] DEBUG DefaultBootstrap - The server instance LISTServer has been created!
2018-10-22 12:56:17,173 [1] DEBUG LISTServer - The command 11105(ListBLL.Logic.AgentGetGroupInfo) has been discovered
2018-10-22 12:56:17,173 [1] DEBUG LISTServer - The command 11107(ListBLL.Logic.AgentGroupUsersManager) has been discovered
2018-10-22 12:56:17,173 [1] DEBUG LISTServer - The command 11110(ListBLL.Logic.AgentSignIn) has been discovered
2018-10-22 12:56:17,173 [1] DEBUG LISTServer - The command 11060(ListBLL.Logic.ApplyRecord) has been discovered
2018-10-22 12:56:17,173 [1] DEBUG LISTServer - The command 11040(ListBLL.Logic.ApplyToJoin) has been discovered
2018-10-22 12:56:17,173 [1] DEBUG LISTServer - The command 11070(ListBLL.Logic.ChangeApplyStatus) has been discovered
2018-10-22 12:56:17,173 [1] DEBUG LISTServer - The command 11103(ListBLL.Logic.CreateGroup) has been discovered
2018-10-22 12:56:17,173 [1] DEBUG LISTServer - The command 11109(ListBLL.Logic.DeleteGroup) has been discovered
2018-10-22 12:56:17,173 [1] DEBUG LISTServer - The command 19005(ListBLL.Logic.Feedback) has been discovered
2018-10-22 12:56:17,174 [1] DEBUG LISTServer - The command 11020(ListBLL.Logic.GameOperation) has been discovered
2018-10-22 12:56:17,174 [1] DEBUG LISTServer - The command 11030(ListBLL.Logic.GetGroupInfo) has been discovered
2018-10-22 12:56:17,174 [1] DEBUG LISTServer - The command 11032(ListBLL.Logic.GetGroupInfoByGroupID) has been discovered
2018-10-22 12:56:17,174 [1] DEBUG LISTServer - The command 11034(ListBLL.Logic.GetGroupUserInfoByGroupID) has been discovered
2018-10-22 12:56:17,174 [1] DEBUG LISTServer - The command 11022(ListBLL.Logic.GetRoomCard) has been discovered
2018-10-22 12:56:17,174 [1] DEBUG LISTServer - The command 11050(ListBLL.Logic.GroupUsersManager) has been discovered
2018-10-22 12:56:17,174 [1] DEBUG LISTServer - The command 10001(ListBLL.Logic.Heartbeat) has been discovered
2018-10-22 12:56:17,174 [1] DEBUG LISTServer - The command 11080(ListBLL.Logic.LobbyInfo) has been discovered
2018-10-22 12:56:17,174 [1] DEBUG LISTServer - The command 11001(ListBLL.Logic.Login) has been discovered
2018-10-22 12:56:17,174 [1] DEBUG LISTServer - The command 11003(ListBLL.Logic.LoginPW) has been discovered
2018-10-22 12:56:17,174 [1] DEBUG LISTServer - The command 11101(ListBLL.Logic.Package) has been discovered
2018-10-22 12:56:17,175 [1] DEBUG LISTServer - The command 11090(ListBLL.Logic.QuitGroup) has been discovered
2018-10-22 12:56:17,175 [1] DEBUG LISTServer - The command 11108(ListBLL.Logic.SearchPlayer) has been discovered
2018-10-22 12:56:17,175 [1] DEBUG LISTServer - The command 19003(ListBLL.Logic.UserGamePlaybackLogic) has been discovered
2018-10-22 12:56:17,175 [1] DEBUG LISTServer - The command 19001(ListBLL.Logic.UserRecordLogic) has been discovered
2018-10-22 12:56:17,336 [1] DEBUG DefaultBootstrap - The server instance LISTServer has been initialized!
2018-10-22 12:56:19,618 [1] DEBUG DefaultBootstrap - The PerformanceMonitor has been initialized!
2018-10-22 12:56:19,618 [1] DEBUG DefaultBootstrap - The Bootstrap has been initialized!
2018-10-22 12:56:19,761 [1] DEBUG LISTServer - Listener (0.0.0.0:2018) was started
2018-10-22 12:56:19,800 [1] DEBUG DefaultBootstrap - The PerformanceMonitor has been started!
2018-10-22 12:56:30,453 [9] DEBUG LISTServer - 登陆sssionID--------f70d204d-e365-4126-9930-b38ec96dff54
2018-10-22 12:56:30,453 [9] DEBUG LISTServer - 登录游戏----------2018/10/22 星期一 12:56:30
2018-10-22 12:56:31,810 [9] DEBUG LISTServer - 登录用户openid:9a4d034479a00a7cbae4a33eefd634f8110552ba|昵称:测试用户9a4----------2018/10/22 星期一 12:56:31
2018-10-22 12:56:31,932 [8] DEBUG LISTServer - 登陆sssionID--------f11dbc99-733b-4809-8eb5-fc40f1e766df
2018-10-22 12:56:31,932 [8] DEBUG LISTServer - 登录游戏----------2018/10/22 星期一 12:56:31
2018-10-22 12:56:31,933 [8] DEBUG LISTServer - 登录用户openid:7ca8632e9664781b80bbc606018427d8|昵称:测试用户7ca----------2018/10/22 星期一 12:56:31
2018-10-22 12:56:34,923 [9] DEBUG LISTServer - 登录游戏成功----------2018/10/22 星期一 12:56:34
2018-10-22 12:56:34,923 [8] DEBUG LISTServer - 登录游戏成功----------2018/10/22 星期一 12:56:34
2018-10-22 13:35:41,321 [1] DEBUG DefaultBootstrap - The server instance LISTServer has been created!
2018-10-22 13:35:41,442 [1] DEBUG LISTServer - The command 11105(ListBLL.Logic.AgentGetGroupInfo) has been discovered
2018-10-22 13:35:41,442 [1] DEBUG LISTServer - The command 11107(ListBLL.Logic.AgentGroupUsersManager) has been discovered
2018-10-22 13:35:41,442 [1] DEBUG LISTServer - The command 11110(ListBLL.Logic.AgentSignIn) has been discovered
2018-10-22 13:35:41,442 [1] DEBUG LISTServer - The command 11060(ListBLL.Logic.ApplyRecord) has been discovered
2018-10-22 13:35:41,442 [1] DEBUG LISTServer - The command 11040(ListBLL.Logic.ApplyToJoin) has been discovered
2018-10-22 13:35:41,443 [1] DEBUG LISTServer - The command 11070(ListBLL.Logic.ChangeApplyStatus) has been discovered
2018-10-22 13:35:41,443 [1] DEBUG LISTServer - The command 11103(ListBLL.Logic.CreateGroup) has been discovered
2018-10-22 13:35:41,443 [1] DEBUG LISTServer - The command 11109(ListBLL.Logic.DeleteGroup) has been discovered
2018-10-22 13:35:41,443 [1] DEBUG LISTServer - The command 19005(ListBLL.Logic.Feedback) has been discovered
2018-10-22 13:35:41,443 [1] DEBUG LISTServer - The command 11020(ListBLL.Logic.GameOperation) has been discovered
2018-10-22 13:35:41,443 [1] DEBUG LISTServer - The command 11030(ListBLL.Logic.GetGroupInfo) has been discovered
2018-10-22 13:35:41,443 [1] DEBUG LISTServer - The command 11032(ListBLL.Logic.GetGroupInfoByGroupID) has been discovered
2018-10-22 13:35:41,443 [1] DEBUG LISTServer - The command 11034(ListBLL.Logic.GetGroupUserInfoByGroupID) has been discovered
2018-10-22 13:35:41,443 [1] DEBUG LISTServer - The command 11022(ListBLL.Logic.GetRoomCard) has been discovered
2018-10-22 13:35:41,443 [1] DEBUG LISTServer - The command 11050(ListBLL.Logic.GroupUsersManager) has been discovered
2018-10-22 13:35:41,443 [1] DEBUG LISTServer - The command 10001(ListBLL.Logic.Heartbeat) has been discovered
2018-10-22 13:35:41,443 [1] DEBUG LISTServer - The command 11080(ListBLL.Logic.LobbyInfo) has been discovered
2018-10-22 13:35:41,443 [1] DEBUG LISTServer - The command 11001(ListBLL.Logic.Login) has been discovered
2018-10-22 13:35:41,443 [1] DEBUG LISTServer - The command 11003(ListBLL.Logic.LoginPW) has been discovered
2018-10-22 13:35:41,443 [1] DEBUG LISTServer - The command 11101(ListBLL.Logic.Package) has been discovered
2018-10-22 13:35:41,443 [1] DEBUG LISTServer - The command 11090(ListBLL.Logic.QuitGroup) has been discovered
2018-10-22 13:35:41,444 [1] DEBUG LISTServer - The command 11108(ListBLL.Logic.SearchPlayer) has been discovered
2018-10-22 13:35:41,444 [1] DEBUG LISTServer - The command 19003(ListBLL.Logic.UserGamePlaybackLogic) has been discovered
2018-10-22 13:35:41,444 [1] DEBUG LISTServer - The command 19001(ListBLL.Logic.UserRecordLogic) has been discovered
2018-10-22 13:35:41,454 [1] DEBUG DefaultBootstrap - The server instance LISTServer has been initialized!
2018-10-22 13:35:42,395 [1] DEBUG DefaultBootstrap - The PerformanceMonitor has been initialized!
2018-10-22 13:35:42,395 [1] DEBUG DefaultBootstrap - The Bootstrap has been initialized!
2018-10-22 13:35:42,409 [1] DEBUG LISTServer - Listener (0.0.0.0:2018) was started
2018-10-22 13:35:42,413 [1] DEBUG DefaultBootstrap - The PerformanceMonitor has been started!
2018-10-22 13:35:54,468 [15] DEBUG LISTServer - 登陆sssionID--------6889362d-ea9d-414c-94c2-b5bdba168b3f
2018-10-22 13:35:54,468 [15] DEBUG LISTServer - 登录游戏----------2018/10/22 星期一 13:35:54
2018-10-22 13:35:54,985 [15] DEBUG LISTServer - 登录用户openid:9a4d034479a00a7cbae4a33eefd634f8110552ba|昵称:测试用户9a4----------2018/10/22 星期一 13:35:54
2018-10-22 13:35:56,464 [15] DEBUG LISTServer - 登录游戏成功----------2018/10/22 星期一 13:35:56
2018-10-22 13:36:38,346 [15] DEBUG LISTServer - 登陆sssionID--------0f7144ac-d652-4d24-96ba-fce98cbc62ff
2018-10-22 13:36:38,346 [15] DEBUG LISTServer - 登录游戏----------2018/10/22 星期一 13:36:38
2018-10-22 13:36:38,361 [15] DEBUG LISTServer - 登录用户openid:7ca8632e9664781b80bbc606018427d8|昵称:测试用户7ca----------2018/10/22 星期一 13:36:38
2018-10-22 13:36:39,375 [15] DEBUG LISTServer - 登录游戏成功----------2018/10/22 星期一 13:36:39
2018-10-22 13:44:31,052 [15] DEBUG LISTServer - 登陆sssionID--------e75c748c-b2d7-4b34-b528-19e777c92cbc
2018-10-22 13:44:31,052 [15] DEBUG LISTServer - 登录游戏----------2018/10/22 星期一 13:44:31
2018-10-22 13:44:31,055 [15] DEBUG LISTServer - 登录用户openid:9a4d034479a00a7cbae4a33eefd634f8110552ba|昵称:测试用户9a4----------2018/10/22 星期一 13:44:31
2018-10-22 13:44:32,074 [15] DEBUG LISTServer - 登录游戏成功----------2018/10/22 星期一 13:44:32
2018-10-22 13:44:32,667 [13] DEBUG LISTServer - 登陆sssionID--------b4c2932a-f037-4c28-9d8c-89a1cc4b85af
2018-10-22 13:44:32,667 [13] DEBUG LISTServer - 登录游戏----------2018/10/22 星期一 13:44:32
2018-10-22 13:44:32,669 [13] DEBUG LISTServer - 登录用户openid:7ca8632e9664781b80bbc606018427d8|昵称:测试用户7ca----------2018/10/22 星期一 13:44:32
2018-10-22 13:44:33,740 [13] DEBUG LISTServer - 登录游戏成功----------2018/10/22 星期一 13:44:33
2018-10-22 13:45:24,023 [15] DEBUG LISTServer - 登陆sssionID--------908d31d8-95dc-4bb6-a4d3-b6951c1d5d31
2018-10-22 13:45:24,023 [15] DEBUG LISTServer - 登录游戏----------2018/10/22 星期一 13:45:24
2018-10-22 13:45:24,025 [15] DEBUG LISTServer - 登录用户openid:9a4d034479a00a7cbae4a33eefd634f8110552ba|昵称:测试用户9a4----------2018/10/22 星期一 13:45:24
2018-10-22 13:45:25,070 [15] DEBUG LISTServer - 登录游戏成功----------2018/10/22 星期一 13:45:25
2018-10-22 13:55:11,805 [15] DEBUG LISTServer - 登陆sssionID--------f9066b47-8289-46db-b68b-2e25efeb5ced
2018-10-22 13:55:11,805 [15] DEBUG LISTServer - 登录游戏----------2018/10/22 星期一 13:55:11
2018-10-22 13:55:11,807 [15] DEBUG LISTServer - 登录用户openid:9a4d034479a00a7cbae4a33eefd634f8110552ba|昵称:测试用户9a4----------2018/10/22 星期一 13:55:11
2018-10-22 13:55:12,831 [15] DEBUG LISTServer - 登录游戏成功----------2018/10/22 星期一 13:55:12
2018-10-22 13:55:17,122 [13] DEBUG LISTServer - 登陆sssionID--------9b6d1385-ebfb-41e2-bfdd-d06e21401a66
2018-10-22 13:55:17,123 [13] DEBUG LISTServer - 登录游戏----------2018/10/22 星期一 13:55:17
2018-10-22 13:55:17,126 [13] DEBUG LISTServer - 登录用户openid:7ca8632e9664781b80bbc606018427d8|昵称:测试用户7ca----------2018/10/22 星期一 13:55:17
2018-10-22 13:55:18,142 [13] DEBUG LISTServer - 登录游戏成功----------2018/10/22 星期一 13:55:18
