2017-10-18 10:28:54,160 [1] DEBUG DefaultBootstrap - The server instance LISTServer has been created!
2017-10-18 10:28:54,260 [1] DEBUG LISTServer - The command 11020(ListBLL.Logic.GameOperation) has been discovered
2017-10-18 10:28:54,260 [1] DEBUG LISTServer - The command 10001(ListBLL.Logic.Heartbeat) has been discovered
2017-10-18 10:28:54,260 [1] DEBUG LISTServer - The command 11001(ListBLL.Logic.Login) has been discovered
2017-10-18 10:28:54,260 [1] DEBUG LISTServer - The command 19003(ListBLL.Logic.UserGamePlaybackLogic) has been discovered
2017-10-18 10:28:54,260 [1] DEBUG LISTServer - The command 19001(ListBLL.Logic.UserRecordLogic) has been discovered
2017-10-18 10:28:54,260 [1] DEBUG DefaultBootstrap - The server instance LISTServer has been initialized!
2017-10-18 10:28:54,861 [1] DEBUG DefaultBootstrap - The PerformanceMonitor has been initialized!
2017-10-18 10:28:54,861 [1] DEBUG DefaultBootstrap - The Bootstrap has been initialized!
2017-10-18 10:28:54,861 [1] DEBUG LISTServer - Listener (0.0.0.0:2018) was started
2017-10-18 10:28:54,861 [1] DEBUG DefaultBootstrap - The PerformanceMonitor has been started!
2017-10-18 11:47:55,659 [12] DEBUG LISTServer - 登陆sssionID--------71594189-4e3e-4266-823f-f71bf1ac874d
2017-10-18 11:47:55,659 [12] DEBUG LISTServer - 登录游戏----------2017/10/18 11:47:55
2017-10-18 11:47:56,653 [12] DEBUG LISTServer - 登录用户openid:9697486827159f30f5cab73bbab97a1b56966c2a|昵称:123----------2017/10/18 11:47:56
2017-10-18 11:47:58,087 [12] DEBUG LISTServer - 登录游戏成功----------2017/10/18 11:47:58
2017-10-18 11:49:00,009 [12] DEBUG LISTServer - 登陆sssionID--------948e45fd-7cd3-4082-869b-8ef8295bee5d
2017-10-18 11:49:00,010 [12] DEBUG LISTServer - 登录游戏----------2017/10/18 11:49:00
2017-10-18 11:49:00,345 [12] DEBUG LISTServer - 登录用户openid:9697486827159f30f5cab73bbab97a1b56966c2a|昵称:123----------2017/10/18 11:49:00
2017-10-18 11:49:00,939 [12] DEBUG LISTServer - 登录游戏成功,当前对象存在----------2017/10/18 11:49:00
2017-10-18 11:59:18,187 [19] DEBUG LISTServer - 登陆sssionID--------5b1959a9-1d18-477c-8cd8-d85e7a714eff
2017-10-18 11:59:18,188 [19] DEBUG LISTServer - 登录游戏----------2017/10/18 11:59:18
2017-10-18 11:59:18,749 [19] DEBUG LISTServer - 登录用户openid:9697486827159f30f5cab73bbab97a1b56966c2a|昵称:123----------2017/10/18 11:59:18
2017-10-18 11:59:19,411 [19] DEBUG LISTServer - 登录游戏成功,当前对象存在----------2017/10/18 11:59:19
2017-10-18 12:07:24,403 [12] DEBUG LISTServer - 登陆sssionID--------c23a2ce4-98af-4854-be1b-e2660399fdbf
2017-10-18 12:07:24,403 [12] DEBUG LISTServer - 登录游戏----------2017/10/18 12:07:24
2017-10-18 12:07:24,906 [12] DEBUG LISTServer - 登录用户openid:9697486827159f30f5cab73bbab97a1b56966c2a|昵称:123----------2017/10/18 12:07:24
2017-10-18 12:07:25,489 [12] DEBUG LISTServer - 登录游戏成功,当前对象存在----------2017/10/18 12:07:25
2017-10-18 12:10:15,643 [18] DEBUG LISTServer - 登陆sssionID--------db99925a-40d3-4b00-8300-3eeb341693a7
2017-10-18 12:10:15,643 [18] DEBUG LISTServer - 登录游戏----------2017/10/18 12:10:15
2017-10-18 12:10:16,145 [18] DEBUG LISTServer - 登录用户openid:9697486827159f30f5cab73bbab97a1b56966c2a|昵称:123----------2017/10/18 12:10:16
2017-10-18 12:10:16,700 [18] DEBUG LISTServer - 登录游戏成功,当前对象存在----------2017/10/18 12:10:16
2017-10-18 12:14:32,834 [18] DEBUG LISTServer - 登陆sssionID--------52684021-53a1-4165-a172-15482e30c4b7
2017-10-18 12:14:32,834 [18] DEBUG LISTServer - 登录游戏----------2017/10/18 12:14:32
2017-10-18 12:14:33,390 [18] DEBUG LISTServer - 登录用户openid:9697486827159f30f5cab73bbab97a1b56966c2a|昵称:123----------2017/10/18 12:14:33
2017-10-18 12:14:34,011 [18] DEBUG LISTServer - 登录游戏成功,当前对象存在----------2017/10/18 12:14:34
2017-10-18 14:08:08,822 [12] DEBUG LISTServer - 登陆sssionID--------4e79f9ef-63f2-4b6b-9666-f46183d5bd6d
2017-10-18 14:08:08,822 [12] DEBUG LISTServer - 登录游戏----------2017/10/18 14:08:08
2017-10-18 14:08:09,620 [12] DEBUG LISTServer - 登录用户openid:17da9228849df8ed9400ca4e907dca8c776081ad|昵称:123----------2017/10/18 14:08:09
2017-10-18 14:08:10,316 [12] DEBUG LISTServer - 登录游戏成功----------2017/10/18 14:08:10
2017-10-18 14:14:37,202 [19] DEBUG LISTServer - 登陆sssionID--------59227f1e-bd11-49f9-9422-a5e16b95cdc2
2017-10-18 14:14:37,202 [19] DEBUG LISTServer - 登录游戏----------2017/10/18 14:14:37
2017-10-18 14:14:37,717 [19] DEBUG LISTServer - 登录用户openid:17da9228849df8ed9400ca4e907dca8c776081ad|昵称:123----------2017/10/18 14:14:37
2017-10-18 14:14:38,303 [19] DEBUG LISTServer - 登录游戏成功,当前对象存在----------2017/10/18 14:14:38
2017-10-18 14:15:07,550 [18] DEBUG LISTServer - 登陆sssionID--------b432cdfc-bea4-4776-947e-e3fd5f1e3bfd
2017-10-18 14:15:07,550 [18] DEBUG LISTServer - 登录游戏----------2017/10/18 14:15:07
2017-10-18 14:15:07,717 [18] DEBUG LISTServer - 登录用户openid:ba9888ce2db1bd530ba845f3283b7b0a|昵称:123----------2017/10/18 14:15:07
2017-10-18 14:15:08,279 [18] DEBUG LISTServer - 登录游戏成功----------2017/10/18 14:15:08
2017-10-18 14:27:34,430 [12] DEBUG LISTServer - 登陆sssionID--------fe76f61b-0305-4f84-9be3-14d6672c0829
2017-10-18 14:27:34,430 [12] DEBUG LISTServer - 登录游戏----------2017/10/18 14:27:34
2017-10-18 14:27:34,874 [12] DEBUG LISTServer - 登录用户openid:17da9228849df8ed9400ca4e907dca8c776081ad|昵称:123----------2017/10/18 14:27:34
2017-10-18 14:27:35,450 [12] DEBUG LISTServer - 登录游戏成功,当前对象存在----------2017/10/18 14:27:35
2017-10-18 14:31:10,937 [18] DEBUG LISTServer - 登陆sssionID--------409c2ee7-16fe-4623-8546-4ca564fc4168
2017-10-18 14:31:10,937 [18] DEBUG LISTServer - 登录游戏----------2017/10/18 14:31:10
2017-10-18 14:31:11,500 [18] DEBUG LISTServer - 登录用户openid:17da9228849df8ed9400ca4e907dca8c776081ad|昵称:123----------2017/10/18 14:31:11
2017-10-18 14:31:12,035 [18] DEBUG LISTServer - 登录游戏成功,当前对象存在----------2017/10/18 14:31:12
2017-10-18 14:32:10,815 [19] DEBUG LISTServer - 登陆sssionID--------d71ebcde-4143-4f2d-bdb2-e7cf8777cf1a
2017-10-18 14:32:10,815 [19] DEBUG LISTServer - 登录游戏----------2017/10/18 14:32:10
2017-10-18 14:32:11,006 [19] DEBUG LISTServer - 登录用户openid:17da9228849df8ed9400ca4e907dca8c776081ad|昵称:123----------2017/10/18 14:32:11
2017-10-18 14:32:11,708 [19] DEBUG LISTServer - 登录游戏成功,当前对象存在----------2017/10/18 14:32:11
2017-10-18 14:38:08,902 [12] DEBUG LISTServer - 登陆sssionID--------d09302c4-dd16-4599-b0b9-977ff36fde7d
2017-10-18 14:38:08,902 [12] DEBUG LISTServer - 登录游戏----------2017/10/18 14:38:08
2017-10-18 14:38:09,312 [12] DEBUG LISTServer - 登录用户openid:56de59c92137862db80d942259702f67|昵称:123----------2017/10/18 14:38:09
2017-10-18 14:38:10,004 [12] DEBUG LISTServer - 登录游戏成功----------2017/10/18 14:38:10
2017-10-18 14:41:08,622 [12] DEBUG LISTServer - 登陆sssionID--------a4f5076f-15b0-42c2-a62d-64200dc63a4d
2017-10-18 14:41:08,622 [12] DEBUG LISTServer - 登录游戏----------2017/10/18 14:41:08
2017-10-18 14:41:09,092 [12] DEBUG LISTServer - 登录用户openid:17da9228849df8ed9400ca4e907dca8c776081ad|昵称:123----------2017/10/18 14:41:09
2017-10-18 14:41:09,887 [12] DEBUG LISTServer - 登录游戏成功,当前对象存在----------2017/10/18 14:41:09
2017-10-18 14:45:23,463 [4] DEBUG LISTServer - 登陆sssionID--------205665d8-cd1d-4c9e-b4e1-5357226ee858
2017-10-18 14:45:23,463 [4] DEBUG LISTServer - 登录游戏----------2017/10/18 14:45:23
2017-10-18 14:45:23,939 [4] DEBUG LISTServer - 登录用户openid:56de59c92137862db80d942259702f67|昵称:123----------2017/10/18 14:45:23
2017-10-18 14:45:24,503 [4] DEBUG LISTServer - 登录游戏成功,当前对象存在----------2017/10/18 14:45:24
2017-10-18 14:47:35,260 [4] DEBUG LISTServer - 登陆sssionID--------88e9818b-9a37-433d-88f0-2882c82c12cf
2017-10-18 14:47:35,260 [4] DEBUG LISTServer - 登录游戏----------2017/10/18 14:47:35
2017-10-18 14:47:35,790 [4] DEBUG LISTServer - 登录用户openid:17da9228849df8ed9400ca4e907dca8c776081ad|昵称:123----------2017/10/18 14:47:35
2017-10-18 14:47:36,340 [4] DEBUG LISTServer - 登录游戏成功,当前对象存在----------2017/10/18 14:47:36
2017-10-18 15:24:47,868 [4] DEBUG LISTServer - 登陆sssionID--------6dbea864-d994-4f4a-b770-14aaecfe3c37
2017-10-18 15:24:47,868 [4] DEBUG LISTServer - 登录游戏----------2017/10/18 15:24:47
2017-10-18 15:24:48,428 [4] DEBUG LISTServer - 登录用户openid:9697486827159f30f5cab73bbab97a1b56966c2a|昵称:123----------2017/10/18 15:24:48
2017-10-18 15:24:49,401 [4] DEBUG LISTServer - 登录游戏成功,当前对象存在----------2017/10/18 15:24:49
2017-10-18 15:25:51,502 [18] DEBUG LISTServer - 登陆sssionID--------46e1ca2d-c49b-4cc4-b0c8-9e2566aa5997
2017-10-18 15:25:51,502 [18] DEBUG LISTServer - 登录游戏----------2017/10/18 15:25:51
2017-10-18 15:25:51,683 [18] DEBUG LISTServer - 登录用户openid:56de59c92137862db80d942259702f67|昵称:123----------2017/10/18 15:25:51
2017-10-18 15:25:52,304 [18] DEBUG LISTServer - 登录游戏成功,当前对象存在----------2017/10/18 15:25:52
2017-10-18 15:25:53,908 [4] DEBUG LISTServer - 登陆sssionID--------74a4b3d7-f9dc-4251-bafd-db19cf4e7fa1
2017-10-18 15:25:53,908 [4] DEBUG LISTServer - 登录游戏----------2017/10/18 15:25:53
2017-10-18 15:25:54,064 [4] DEBUG LISTServer - 登录用户openid:9697486827159f30f5cab73bbab97a1b56966c2a|昵称:123----------2017/10/18 15:25:54
2017-10-18 15:25:54,658 [4] DEBUG LISTServer - 登录游戏成功,当前对象存在----------2017/10/18 15:25:54
2017-10-18 15:26:28,218 [19] DEBUG LISTServer - 登陆sssionID--------cbf78786-62c1-443a-a5a0-ba93aeef2fa8
2017-10-18 15:26:28,218 [19] DEBUG LISTServer - 登录游戏----------2017/10/18 15:26:28
2017-10-18 15:26:28,374 [19] DEBUG LISTServer - 登录用户openid:56de59c92137862db80d942259702f67|昵称:123----------2017/10/18 15:26:28
2017-10-18 15:26:28,904 [19] DEBUG LISTServer - 登录游戏成功,当前对象存在----------2017/10/18 15:26:28
2017-10-18 16:09:19,082 [60] DEBUG LISTServer - 登陆sssionID--------1bce52e0-bacb-4a5e-89c8-095ead383a7f
2017-10-18 16:09:19,082 [60] DEBUG LISTServer - 登录游戏----------2017/10/18 16:09:19
2017-10-18 16:09:19,526 [60] DEBUG LISTServer - 登录用户openid:17da9228849df8ed9400ca4e907dca8c776081ad|昵称:123----------2017/10/18 16:09:19
2017-10-18 16:09:20,440 [60] DEBUG LISTServer - 登录游戏成功,当前对象存在----------2017/10/18 16:09:20
2017-10-18 16:17:36,242 [12] DEBUG LISTServer - 登陆sssionID--------c287466f-462d-4eb0-95b4-bdfaf24fb015
2017-10-18 16:17:36,242 [12] DEBUG LISTServer - 登录游戏----------2017/10/18 16:17:36
2017-10-18 16:17:36,754 [12] DEBUG LISTServer - 登录用户openid:B02D2EDC-7216-4A3D-B02B-BD8FB0E5D597|昵称:123----------2017/10/18 16:17:36
2017-10-18 16:17:37,575 [12] DEBUG LISTServer - 登录游戏成功----------2017/10/18 16:17:37
2017-10-18 16:19:45,281 [12] DEBUG LISTServer - 登陆sssionID--------4b0f8e7d-694d-4cce-8fb6-546872a87105
2017-10-18 16:19:45,281 [12] DEBUG LISTServer - 登录游戏----------2017/10/18 16:19:45
2017-10-18 16:19:45,795 [12] DEBUG LISTServer - 登录用户openid:B02D2EDC-7216-4A3D-B02B-BD8FB0E5D597|昵称:123----------2017/10/18 16:19:45
2017-10-18 16:19:46,520 [12] DEBUG LISTServer - 登录游戏成功,当前对象存在----------2017/10/18 16:19:46
2017-10-18 16:23:15,044 [60] DEBUG LISTServer - 登陆sssionID--------88e3b861-2045-4c64-9bd7-e3a427a740ad
2017-10-18 16:23:15,044 [60] DEBUG LISTServer - 登录游戏----------2017/10/18 16:23:15
2017-10-18 16:23:15,583 [60] DEBUG LISTServer - 登录用户openid:B02D2EDC-7216-4A3D-B02B-BD8FB0E5D597|昵称:123----------2017/10/18 16:23:15
2017-10-18 16:23:16,452 [60] DEBUG LISTServer - 登录游戏成功,当前对象存在----------2017/10/18 16:23:16
2017-10-18 16:25:35,455 [12] DEBUG LISTServer - 登陆sssionID--------0a2c3ce6-0a29-496a-bfde-70d114823a4a
2017-10-18 16:25:35,455 [12] DEBUG LISTServer - 登录游戏----------2017/10/18 16:25:35
2017-10-18 16:25:36,045 [12] DEBUG LISTServer - 登录用户openid:C706B02E-C316-5CAF-BD77-E2AD7590BFF2|昵称:123----------2017/10/18 16:25:36
2017-10-18 16:25:36,579 [12] DEBUG LISTServer - 登录游戏成功----------2017/10/18 16:25:36
2017-10-18 16:27:32,293 [12] DEBUG LISTServer - 登陆sssionID--------423f6aed-b000-4f5b-b40c-93582f1d166a
2017-10-18 16:27:32,293 [12] DEBUG LISTServer - 登录游戏----------2017/10/18 16:27:32
2017-10-18 16:27:32,795 [12] DEBUG LISTServer - 登录用户openid:56de59c92137862db80d942259702f67|昵称:123----------2017/10/18 16:27:32
2017-10-18 16:27:33,394 [12] DEBUG LISTServer - 登录游戏成功,当前对象存在----------2017/10/18 16:27:33
2017-10-18 16:27:40,318 [19] DEBUG LISTServer - 登陆sssionID--------6fa85325-4440-4660-b01d-9baab14d22de
2017-10-18 16:27:40,318 [19] DEBUG LISTServer - 登录游戏----------2017/10/18 16:27:40
2017-10-18 16:27:40,456 [19] DEBUG LISTServer - 登录用户openid:9697486827159f30f5cab73bbab97a1b56966c2a|昵称:123----------2017/10/18 16:27:40
2017-10-18 16:27:40,999 [19] DEBUG LISTServer - 登录游戏成功,当前对象存在----------2017/10/18 16:27:40
2017-10-18 16:28:40,890 [12] DEBUG LISTServer - 登陆sssionID--------d4d9aa64-66c9-4ece-bc45-05bfeb2af361
2017-10-18 16:28:40,890 [12] DEBUG LISTServer - 登录游戏----------2017/10/18 16:28:40
2017-10-18 16:28:41,275 [12] DEBUG LISTServer - 登录用户openid:9697486827159f30f5cab73bbab97a1b56966c2a|昵称:123----------2017/10/18 16:28:41
2017-10-18 16:29:19,342 [45] DEBUG LISTServer - 登陆sssionID--------8a744d76-89b6-47f7-9d29-10fdcdc56e72
2017-10-18 16:29:19,342 [45] DEBUG LISTServer - 登录游戏----------2017/10/18 16:29:19
2017-10-18 16:29:19,599 [45] DEBUG LISTServer - 登录用户openid:9697486827159f30f5cab73bbab97a1b56966c2a|昵称:123----------2017/10/18 16:29:19
2017-10-18 16:29:20,310 [45] DEBUG LISTServer - 登录游戏成功,当前对象存在----------2017/10/18 16:29:20
2017-10-18 16:30:36,565 [18] DEBUG LISTServer - 登陆sssionID--------2c9aab62-6e9c-46ab-b6f2-0901130effb1
2017-10-18 16:30:36,565 [18] DEBUG LISTServer - 登录游戏----------2017/10/18 16:30:36
2017-10-18 16:30:36,960 [18] DEBUG LISTServer - 登录用户openid:9697486827159f30f5cab73bbab97a1b56966c2a|昵称:123----------2017/10/18 16:30:36
2017-10-18 16:30:37,666 [18] DEBUG LISTServer - 登录游戏成功,当前对象存在----------2017/10/18 16:30:37
2017-10-18 16:37:11,401 [18] DEBUG LISTServer - 登陆sssionID--------ac719826-89da-4a7b-8c1f-8017c49cb1b0
2017-10-18 16:37:11,401 [18] DEBUG LISTServer - 登录游戏----------2017/10/18 16:37:11
2017-10-18 16:37:11,948 [18] DEBUG LISTServer - 登录用户openid:9697486827159f30f5cab73bbab97a1b56966c2a|昵称:123----------2017/10/18 16:37:11
2017-10-18 16:37:12,589 [18] DEBUG LISTServer - 登录游戏成功,当前对象存在----------2017/10/18 16:37:12
2017-10-18 16:40:52,616 [12] DEBUG LISTServer - 登陆sssionID--------ed21dc32-3aeb-41ce-bb85-239060f2c1f7
2017-10-18 16:40:52,616 [12] DEBUG LISTServer - 登录游戏----------2017/10/18 16:40:52
2017-10-18 16:40:53,230 [12] DEBUG LISTServer - 登录用户openid:9697486827159f30f5cab73bbab97a1b56966c2a|昵称:123----------2017/10/18 16:40:53
2017-10-18 16:40:53,851 [12] DEBUG LISTServer - 登录游戏成功,当前对象存在----------2017/10/18 16:40:53
2017-10-18 16:42:27,563 [18] DEBUG LISTServer - 登陆sssionID--------a844b72b-3c39-48ab-9e26-bce30fca8892
2017-10-18 16:42:27,563 [18] DEBUG LISTServer - 登录游戏----------2017/10/18 16:42:27
2017-10-18 16:42:27,779 [18] DEBUG LISTServer - 登录用户openid:9697486827159f30f5cab73bbab97a1b56966c2a|昵称:123----------2017/10/18 16:42:27
2017-10-18 16:42:28,320 [18] DEBUG LISTServer - 登录游戏成功,当前对象存在----------2017/10/18 16:42:28
2017-10-18 16:45:34,819 [60] DEBUG LISTServer - 登陆sssionID--------443b9ae7-76c7-4472-9646-c41dce5ac295
2017-10-18 16:45:34,819 [60] DEBUG LISTServer - 登录游戏----------2017/10/18 16:45:34
2017-10-18 16:45:35,207 [60] DEBUG LISTServer - 登录用户openid:9697486827159f30f5cab73bbab97a1b56966c2a|昵称:123----------2017/10/18 16:45:35
2017-10-18 16:45:35,865 [60] DEBUG LISTServer - 登录游戏成功,当前对象存在----------2017/10/18 16:45:35
2017-10-18 16:53:43,836 [18] DEBUG LISTServer - 登陆sssionID--------870ef55d-635d-44ba-b46b-8d8b7f35b8e1
2017-10-18 16:53:43,837 [18] DEBUG LISTServer - 登录游戏----------2017/10/18 16:53:43
2017-10-18 16:53:44,232 [18] DEBUG LISTServer - 登录用户openid:9697486827159f30f5cab73bbab97a1b56966c2a|昵称:123----------2017/10/18 16:53:44
2017-10-18 16:53:44,830 [18] DEBUG LISTServer - 登录游戏成功,当前对象存在----------2017/10/18 16:53:44
2017-10-18 16:56:46,117 [12] DEBUG LISTServer - 登陆sssionID--------3aaf4e40-6097-41af-9ff4-c16caa6b91ed
2017-10-18 16:56:46,117 [12] DEBUG LISTServer - 登录游戏----------2017/10/18 16:56:46
2017-10-18 16:56:46,616 [12] DEBUG LISTServer - 登录用户openid:9697486827159f30f5cab73bbab97a1b56966c2a|昵称:123----------2017/10/18 16:56:46
2017-10-18 16:56:47,319 [12] DEBUG LISTServer - 登录游戏成功,当前对象存在----------2017/10/18 16:56:47
2017-10-18 17:06:06,797 [44] DEBUG LISTServer - 登陆sssionID--------cf06cb40-6aa9-4977-9c5c-89a0a163ff15
2017-10-18 17:06:06,797 [44] DEBUG LISTServer - 登录游戏----------2017/10/18 17:06:06
2017-10-18 17:07:44,645 [18] DEBUG LISTServer - 登陆sssionID--------f22bd2ba-8bfd-44a1-a4a9-e4d9a503a712
2017-10-18 17:07:44,645 [18] DEBUG LISTServer - 登录游戏----------2017/10/18 17:07:44
2017-10-18 17:07:45,080 [18] DEBUG LISTServer - 登录用户openid:9697486827159f30f5cab73bbab97a1b56966c2a|昵称:123----------2017/10/18 17:07:45
2017-10-18 17:07:46,352 [18] DEBUG LISTServer - 登录游戏成功,当前对象存在----------2017/10/18 17:07:46
2017-10-18 17:08:15,219 [18] DEBUG LISTServer - 登陆sssionID--------90e6518d-d1fc-4267-8897-072f4ddb47c2
2017-10-18 17:08:15,219 [18] DEBUG LISTServer - 登录游戏----------2017/10/18 17:08:15
2017-10-18 17:08:15,485 [18] DEBUG LISTServer - 登录用户openid:9697486827159f30f5cab73bbab97a1b56966c2a|昵称:123----------2017/10/18 17:08:15
2017-10-18 17:08:16,116 [18] DEBUG LISTServer - 登录游戏成功,当前对象存在----------2017/10/18 17:08:16
2017-10-18 17:09:13,632 [12] DEBUG LISTServer - 登陆sssionID--------d107ed46-1264-43fe-b79c-800b3e1893ff
2017-10-18 17:09:13,632 [12] DEBUG LISTServer - 登录游戏----------2017/10/18 17:09:13
2017-10-18 17:09:13,771 [12] DEBUG LISTServer - 登录用户openid:9697486827159f30f5cab73bbab97a1b56966c2a|昵称:123----------2017/10/18 17:09:13
2017-10-18 17:09:14,437 [12] DEBUG LISTServer - 登录游戏成功,当前对象存在----------2017/10/18 17:09:14
2017-10-18 17:09:57,287 [44] DEBUG LISTServer - 登陆sssionID--------173f6c23-edf8-4813-b6f2-edb86e7f50e1
2017-10-18 17:09:57,287 [44] DEBUG LISTServer - 登录游戏----------2017/10/18 17:09:57
2017-10-18 17:09:57,447 [44] DEBUG LISTServer - 登录用户openid:9697486827159f30f5cab73bbab97a1b56966c2a|昵称:123----------2017/10/18 17:09:57
2017-10-18 17:09:58,106 [44] DEBUG LISTServer - 登录游戏成功,当前对象存在----------2017/10/18 17:09:58
2017-10-18 17:11:22,920 [44] DEBUG LISTServer - 登陆sssionID--------d3b88edf-d773-48c7-9698-eb2b3abc0390
2017-10-18 17:11:22,920 [44] DEBUG LISTServer - 登录游戏----------2017/10/18 17:11:22
2017-10-18 17:11:23,359 [44] DEBUG LISTServer - 登录用户openid:9697486827159f30f5cab73bbab97a1b56966c2a|昵称:123----------2017/10/18 17:11:23
2017-10-18 17:11:24,060 [44] DEBUG LISTServer - 登录游戏成功,当前对象存在----------2017/10/18 17:11:24
2017-10-18 17:12:49,297 [60] DEBUG LISTServer - 登陆sssionID--------9860305b-ba77-424b-b190-2a11487d8959
2017-10-18 17:12:49,297 [60] DEBUG LISTServer - 登录游戏----------2017/10/18 17:12:49
2017-10-18 17:12:49,582 [60] DEBUG LISTServer - 登录用户openid:9697486827159f30f5cab73bbab97a1b56966c2a|昵称:123----------2017/10/18 17:12:49
2017-10-18 17:12:50,341 [60] DEBUG LISTServer - 登录游戏成功,当前对象存在----------2017/10/18 17:12:50
2017-10-18 17:14:15,393 [12] DEBUG LISTServer - 登陆sssionID--------f145012b-e6a0-4c01-8bc3-fb6b202590f0
2017-10-18 17:14:15,393 [12] DEBUG LISTServer - 登录游戏----------2017/10/18 17:14:15
2017-10-18 17:14:15,840 [12] DEBUG LISTServer - 登录用户openid:9697486827159f30f5cab73bbab97a1b56966c2a|昵称:123----------2017/10/18 17:14:15
2017-10-18 17:14:16,465 [12] DEBUG LISTServer - 登录游戏成功,当前对象存在----------2017/10/18 17:14:16
2017-10-18 17:16:10,729 [60] DEBUG LISTServer - 登陆sssionID--------ef3f7889-c921-470a-a48c-d65d998037c8
2017-10-18 17:16:10,729 [60] DEBUG LISTServer - 登录游戏----------2017/10/18 17:16:10
2017-10-18 17:16:11,123 [60] DEBUG LISTServer - 登录用户openid:9697486827159f30f5cab73bbab97a1b56966c2a|昵称:123----------2017/10/18 17:16:11
2017-10-18 17:16:11,775 [60] DEBUG LISTServer - 登录游戏成功,当前对象存在----------2017/10/18 17:16:11
2017-10-18 17:20:11,801 [44] DEBUG LISTServer - 登陆sssionID--------c7b0f47b-b139-4273-a9be-947fc280e8ac
2017-10-18 17:20:11,801 [44] DEBUG LISTServer - 登录游戏----------2017/10/18 17:20:11
2017-10-18 17:20:12,203 [44] DEBUG LISTServer - 登录用户openid:9697486827159f30f5cab73bbab97a1b56966c2a|昵称:123----------2017/10/18 17:20:12
2017-10-18 17:20:12,897 [44] DEBUG LISTServer - 登录游戏成功,当前对象存在----------2017/10/18 17:20:12
2017-10-18 17:20:36,510 [12] DEBUG LISTServer - 登陆sssionID--------95d9d5a4-f87d-4e5e-8660-4b189913a3ec
2017-10-18 17:20:36,510 [12] DEBUG LISTServer - 登录游戏----------2017/10/18 17:20:36
2017-10-18 17:20:36,653 [12] DEBUG LISTServer - 登录用户openid:9697486827159f30f5cab73bbab97a1b56966c2a|昵称:123----------2017/10/18 17:20:36
2017-10-18 17:20:37,246 [12] DEBUG LISTServer - 登录游戏成功,当前对象存在----------2017/10/18 17:20:37
2017-10-18 17:21:53,883 [60] DEBUG LISTServer - 登陆sssionID--------5863a31a-b42b-44f5-a903-47ae49fc449b
2017-10-18 17:21:53,883 [60] DEBUG LISTServer - 登录游戏----------2017/10/18 17:21:53
2017-10-18 17:21:54,163 [60] DEBUG LISTServer - 登录用户openid:9697486827159f30f5cab73bbab97a1b56966c2a|昵称:123----------2017/10/18 17:21:54
2017-10-18 17:21:54,806 [60] DEBUG LISTServer - 登录游戏成功,当前对象存在----------2017/10/18 17:21:54
2017-10-18 17:22:43,747 [12] DEBUG LISTServer - 登陆sssionID--------3d25d4b8-1d72-428e-811a-c818a7d27c03
2017-10-18 17:22:43,747 [12] DEBUG LISTServer - 登录游戏----------2017/10/18 17:22:43
2017-10-18 17:22:44,061 [12] DEBUG LISTServer - 登录用户openid:9697486827159f30f5cab73bbab97a1b56966c2a|昵称:123----------2017/10/18 17:22:44
2017-10-18 17:22:44,649 [12] DEBUG LISTServer - 登录游戏成功,当前对象存在----------2017/10/18 17:22:44
2017-10-18 17:24:35,292 [12] DEBUG LISTServer - 登陆sssionID--------484eb14d-4846-4588-a6e8-b5398ea520e9
2017-10-18 17:24:35,292 [12] DEBUG LISTServer - 登录游戏----------2017/10/18 17:24:35
2017-10-18 17:24:35,664 [12] DEBUG LISTServer - 登录用户openid:9697486827159f30f5cab73bbab97a1b56966c2a|昵称:123----------2017/10/18 17:24:35
2017-10-18 17:24:36,330 [12] DEBUG LISTServer - 登录游戏成功,当前对象存在----------2017/10/18 17:24:36
2017-10-18 17:25:20,199 [44] DEBUG LISTServer - 登陆sssionID--------fc7ac88f-1ee6-4127-b01e-5e4af9a65263
2017-10-18 17:25:20,199 [44] DEBUG LISTServer - 登录游戏----------2017/10/18 17:25:20
2017-10-18 17:25:20,362 [44] DEBUG LISTServer - 登录用户openid:9697486827159f30f5cab73bbab97a1b56966c2a|昵称:123----------2017/10/18 17:25:20
2017-10-18 17:25:20,923 [44] DEBUG LISTServer - 登录游戏成功,当前对象存在----------2017/10/18 17:25:20
2017-10-18 17:29:57,235 [60] DEBUG LISTServer - 登陆sssionID--------3a798dae-5082-448f-893c-48057a4d1436
2017-10-18 17:29:57,235 [60] DEBUG LISTServer - 登录游戏----------2017/10/18 17:29:57
2017-10-18 17:29:57,690 [60] DEBUG LISTServer - 登录用户openid:9697486827159f30f5cab73bbab97a1b56966c2a|昵称:123----------2017/10/18 17:29:57
2017-10-18 17:29:58,393 [60] DEBUG LISTServer - 登录游戏成功,当前对象存在----------2017/10/18 17:29:58
2017-10-18 17:30:17,450 [44] DEBUG LISTServer - 登陆sssionID--------cfca3621-789e-4437-9960-eae6bcecdbc8
2017-10-18 17:30:17,450 [44] DEBUG LISTServer - 登录游戏----------2017/10/18 17:30:17
2017-10-18 17:30:17,644 [44] DEBUG LISTServer - 登录用户openid:9697486827159f30f5cab73bbab97a1b56966c2a|昵称:123----------2017/10/18 17:30:17
2017-10-18 17:30:18,400 [44] DEBUG LISTServer - 登录游戏成功,当前对象存在----------2017/10/18 17:30:18
2017-10-18 17:33:21,420 [12] DEBUG LISTServer - 登陆sssionID--------8755b840-89b4-4187-845b-3626c209f35f
2017-10-18 17:33:21,420 [12] DEBUG LISTServer - 登录游戏----------2017/10/18 17:33:21
2017-10-18 17:33:21,944 [12] DEBUG LISTServer - 登录用户openid:9697486827159f30f5cab73bbab97a1b56966c2a|昵称:123----------2017/10/18 17:33:21
2017-10-18 17:33:22,622 [12] DEBUG LISTServer - 登录游戏成功,当前对象存在----------2017/10/18 17:33:22
2017-10-18 17:35:11,277 [60] DEBUG LISTServer - 登陆sssionID--------01920b41-827a-4fd3-94d8-c7bdcf378f68
2017-10-18 17:35:11,277 [60] DEBUG LISTServer - 登录游戏----------2017/10/18 17:35:11
2017-10-18 17:35:11,675 [60] DEBUG LISTServer - 登录用户openid:9697486827159f30f5cab73bbab97a1b56966c2a|昵称:123----------2017/10/18 17:35:11
2017-10-18 17:35:12,340 [60] DEBUG LISTServer - 登录游戏成功,当前对象存在----------2017/10/18 17:35:12
2017-10-18 17:49:07,415 [60] DEBUG LISTServer - 登陆sssionID--------ef6225f0-37c7-46f1-abed-373da1d3482f
2017-10-18 17:49:07,415 [60] DEBUG LISTServer - 登录游戏----------2017/10/18 17:49:07
2017-10-18 17:49:07,931 [60] DEBUG LISTServer - 登录用户openid:9697486827159f30f5cab73bbab97a1b56966c2a|昵称:123----------2017/10/18 17:49:07
2017-10-18 17:49:08,499 [60] DEBUG LISTServer - 登录游戏成功,当前对象存在----------2017/10/18 17:49:08
2017-10-18 17:50:47,000 [60] DEBUG LISTServer - 登陆sssionID--------c43f1b9e-b250-4b30-92e6-4718a8e74626
2017-10-18 17:50:47,000 [60] DEBUG LISTServer - 登录游戏----------2017/10/18 17:50:47
2017-10-18 17:50:47,190 [60] DEBUG LISTServer - 登录用户openid:9697486827159f30f5cab73bbab97a1b56966c2a|昵称:123----------2017/10/18 17:50:47
2017-10-18 17:50:47,781 [60] DEBUG LISTServer - 登录游戏成功,当前对象存在----------2017/10/18 17:50:47
2017-10-18 17:51:26,777 [60] DEBUG LISTServer - 登陆sssionID--------155bbcb0-f713-4f1f-83f5-054e523a6210
2017-10-18 17:51:26,777 [60] DEBUG LISTServer - 登录游戏----------2017/10/18 17:51:26
2017-10-18 17:51:27,027 [60] DEBUG LISTServer - 登录用户openid:9697486827159f30f5cab73bbab97a1b56966c2a|昵称:123----------2017/10/18 17:51:27
2017-10-18 17:51:27,665 [60] DEBUG LISTServer - 登录游戏成功,当前对象存在----------2017/10/18 17:51:27
2017-10-18 17:54:53,845 [12] DEBUG LISTServer - 登陆sssionID--------397f0f55-dcb7-4da0-848a-a1dc21c76137
2017-10-18 17:54:53,845 [12] DEBUG LISTServer - 登录游戏----------2017/10/18 17:54:53
2017-10-18 17:54:54,284 [12] DEBUG LISTServer - 登录用户openid:B02D2EDC-7216-4A3D-B02B-BD8FB0E5D597|昵称:123----------2017/10/18 17:54:54
2017-10-18 17:54:55,650 [12] DEBUG LISTServer - 登录游戏成功,当前对象存在----------2017/10/18 17:54:55
2017-10-18 17:59:12,060 [16] DEBUG LISTServer - 登陆sssionID--------3e06779f-eb91-4e8f-82fa-58803f210b8c
2017-10-18 17:59:12,060 [16] DEBUG LISTServer - 登录游戏----------2017/10/18 17:59:12
2017-10-18 17:59:12,518 [16] DEBUG LISTServer - 登录用户openid:9697486827159f30f5cab73bbab97a1b56966c2a|昵称:123----------2017/10/18 17:59:12
2017-10-18 17:59:13,139 [16] DEBUG LISTServer - 登录游戏成功,当前对象存在----------2017/10/18 17:59:13
2017-10-18 17:59:39,311 [18] DEBUG LISTServer - 登陆sssionID--------407c7604-9bac-4c7a-a6c7-a8e5bff99db1
2017-10-18 17:59:39,311 [18] DEBUG LISTServer - 登录游戏----------2017/10/18 17:59:39
2017-10-18 17:59:39,469 [18] DEBUG LISTServer - 登录用户openid:56de59c92137862db80d942259702f67|昵称:123----------2017/10/18 17:59:39
2017-10-18 17:59:40,117 [18] DEBUG LISTServer - 登录游戏成功,当前对象存在----------2017/10/18 17:59:40
2017-10-18 18:00:08,596 [16] DEBUG LISTServer - 登陆sssionID--------628fee96-877e-43f5-bae6-4fb27d2da7ba
2017-10-18 18:00:08,596 [16] DEBUG LISTServer - 登录游戏----------2017/10/18 18:00:08
2017-10-18 18:00:08,812 [16] DEBUG LISTServer - 登录用户openid:56de59c92137862db80d942259702f67|昵称:123----------2017/10/18 18:00:08
2017-10-18 18:00:09,616 [16] DEBUG LISTServer - 登录游戏成功,当前对象存在----------2017/10/18 18:00:09
2017-10-18 18:01:09,976 [60] DEBUG LISTServer - 登陆sssionID--------fe6aecbd-29f5-4849-97dc-c9b88e00a569
2017-10-18 18:01:09,976 [60] DEBUG LISTServer - 登录游戏----------2017/10/18 18:01:09
2017-10-18 18:01:10,149 [60] DEBUG LISTServer - 登录用户openid:56de59c92137862db80d942259702f67|昵称:123----------2017/10/18 18:01:10
2017-10-18 18:01:10,674 [60] DEBUG LISTServer - 登录游戏成功,当前对象存在----------2017/10/18 18:01:10
2017-10-18 18:01:12,316 [12] DEBUG LISTServer - 登陆sssionID--------ee029293-a502-43d1-b5ab-651f952f5eb5
2017-10-18 18:01:12,316 [12] DEBUG LISTServer - 登录游戏----------2017/10/18 18:01:12
2017-10-18 18:01:12,454 [12] DEBUG LISTServer - 登录用户openid:9697486827159f30f5cab73bbab97a1b56966c2a|昵称:123----------2017/10/18 18:01:12
2017-10-18 18:01:13,189 [12] DEBUG LISTServer - 登录游戏成功,当前对象存在----------2017/10/18 18:01:13
2017-10-18 18:02:30,197 [16] DEBUG LISTServer - 登陆sssionID--------47095b29-1106-4760-9fbe-7ed91f197ab2
2017-10-18 18:02:30,197 [16] DEBUG LISTServer - 登录游戏----------2017/10/18 18:02:30
2017-10-18 18:02:30,581 [16] DEBUG LISTServer - 登录用户openid:B02D2EDC-7216-4A3D-B02B-BD8FB0E5D597|昵称:123----------2017/10/18 18:02:30
2017-10-18 18:02:31,201 [16] DEBUG LISTServer - 登录游戏成功,当前对象存在----------2017/10/18 18:02:31
2017-10-18 18:03:05,731 [12] DEBUG LISTServer - 登陆sssionID--------85d0693d-70f8-4ccf-9566-bdf939e9d8ab
2017-10-18 18:03:05,731 [12] DEBUG LISTServer - 登录游戏----------2017/10/18 18:03:05
2017-10-18 18:03:05,882 [12] DEBUG LISTServer - 登录用户openid:9697486827159f30f5cab73bbab97a1b56966c2a|昵称:123----------2017/10/18 18:03:05
2017-10-18 18:03:06,454 [12] DEBUG LISTServer - 登录游戏成功,当前对象存在----------2017/10/18 18:03:06
2017-10-18 18:06:19,741 [18] DEBUG LISTServer - 登陆sssionID--------314dc275-b6f7-4ed3-8322-2ae29d397fc3
2017-10-18 18:06:19,741 [18] DEBUG LISTServer - 登录游戏----------2017/10/18 18:06:19
2017-10-18 18:06:20,234 [18] DEBUG LISTServer - 登录用户openid:9697486827159f30f5cab73bbab97a1b56966c2a|昵称:测试用户969----------2017/10/18 18:06:20
2017-10-18 18:06:20,926 [18] DEBUG LISTServer - 登录游戏成功,当前对象存在----------2017/10/18 18:06:20
2017-10-18 18:06:41,156 [60] DEBUG LISTServer - 登陆sssionID--------74421486-b3d7-4284-8a83-f320ce7f8124
2017-10-18 18:06:41,156 [60] DEBUG LISTServer - 登录游戏----------2017/10/18 18:06:41
2017-10-18 18:06:41,339 [60] DEBUG LISTServer - 登录用户openid:56de59c92137862db80d942259702f67|昵称:123----------2017/10/18 18:06:41
2017-10-18 18:06:41,963 [60] DEBUG LISTServer - 登录游戏成功,当前对象存在----------2017/10/18 18:06:41
2017-10-18 18:06:46,797 [18] DEBUG LISTServer - 登陆sssionID--------0d710f55-d62d-40b5-a18a-d891c453bb26
2017-10-18 18:06:46,797 [18] DEBUG LISTServer - 登录游戏----------2017/10/18 18:06:46
2017-10-18 18:06:46,989 [18] DEBUG LISTServer - 登录用户openid:B02D2EDC-7216-4A3D-B02B-BD8FB0E5D597|昵称:123----------2017/10/18 18:06:46
2017-10-18 18:06:47,635 [18] DEBUG LISTServer - 登录游戏成功,当前对象存在----------2017/10/18 18:06:47
2017-10-18 18:11:41,178 [12] DEBUG LISTServer - 登陆sssionID--------63f12990-8154-4f38-b500-4d353ec997c8
2017-10-18 18:11:42,831 [12] DEBUG LISTServer - 登录游戏----------2017/10/18 18:11:42
2017-10-18 18:11:45,672 [12] DEBUG LISTServer - 登录用户openid:B02D2EDC-7216-4A3D-B02B-BD8FB0E5D597|昵称:123----------2017/10/18 18:11:45
2017-10-18 18:11:54,168 [12] DEBUG LISTServer - 登录游戏成功,当前对象存在----------2017/10/18 18:11:54
2017-10-18 18:12:28,837 [93] DEBUG LISTServer - 登陆sssionID--------d76fe07f-2e70-432e-957c-c0f5c597ac48
2017-10-18 18:12:28,837 [93] DEBUG LISTServer - 登录游戏----------2017/10/18 18:12:28
2017-10-18 18:12:30,722 [93] DEBUG LISTServer - 登录用户openid:9697486827159f30f5cab73bbab97a1b56966c2a|昵称:测试用户969----------2017/10/18 18:12:30
2017-10-18 18:12:42,392 [93] DEBUG LISTServer - 登录游戏成功,当前对象存在----------2017/10/18 18:12:42
2017-10-18 18:18:49,188 [93] DEBUG LISTServer - 登陆sssionID--------bc8139a1-766a-4258-b579-cf2027803c4d
2017-10-18 18:18:49,188 [93] DEBUG LISTServer - 登录游戏----------2017/10/18 18:18:49
2017-10-18 18:18:49,735 [93] DEBUG LISTServer - 登录用户openid:9697486827159f30f5cab73bbab97a1b56966c2a|昵称:测试用户969----------2017/10/18 18:18:49
2017-10-18 18:18:50,414 [93] DEBUG LISTServer - 登录游戏成功,当前对象存在----------2017/10/18 18:18:50
2017-10-18 18:19:12,733 [93] DEBUG LISTServer - 登陆sssionID--------1c685767-ef8c-420a-9850-1b181df427a8
2017-10-18 18:19:12,733 [93] DEBUG LISTServer - 登录游戏----------2017/10/18 18:19:12
2017-10-18 18:19:12,926 [93] DEBUG LISTServer - 登录用户openid:9697486827159f30f5cab73bbab97a1b56966c2a|昵称:测试用户969----------2017/10/18 18:19:12
2017-10-18 18:19:13,612 [93] DEBUG LISTServer - 登录游戏成功,当前对象存在----------2017/10/18 18:19:13
2017-10-18 18:19:39,930 [94] DEBUG LISTServer - 登陆sssionID--------de37c7c6-3024-46e0-ace4-c39715b671a5
2017-10-18 18:19:39,930 [94] DEBUG LISTServer - 登录游戏----------2017/10/18 18:19:39
2017-10-18 18:19:40,127 [94] DEBUG LISTServer - 登录用户openid:9697486827159f30f5cab73bbab97a1b56966c2a|昵称:测试用户969----------2017/10/18 18:19:40
2017-10-18 18:19:40,745 [94] DEBUG LISTServer - 登录游戏成功,当前对象存在----------2017/10/18 18:19:40
2017-10-18 18:20:02,550 [99] DEBUG LISTServer - 登陆sssionID--------cb911f01-1a7d-4fbf-abbf-e2f5082033f7
2017-10-18 18:20:02,551 [99] DEBUG LISTServer - 登录游戏----------2017/10/18 18:20:02
2017-10-18 18:20:02,742 [99] DEBUG LISTServer - 登录用户openid:56de59c92137862db80d942259702f67|昵称:123----------2017/10/18 18:20:02
2017-10-18 18:20:03,295 [99] DEBUG LISTServer - 登录游戏成功,当前对象存在----------2017/10/18 18:20:03
2017-10-18 18:20:25,889 [99] DEBUG LISTServer - 登陆sssionID--------f70630b8-b4eb-4398-b859-665bdbb41c7c
2017-10-18 18:20:25,889 [99] DEBUG LISTServer - 登录游戏----------2017/10/18 18:20:25
2017-10-18 18:20:26,098 [99] DEBUG LISTServer - 登录用户openid:9697486827159f30f5cab73bbab97a1b56966c2a|昵称:测试用户969----------2017/10/18 18:20:26
2017-10-18 18:20:26,608 [99] DEBUG LISTServer - 登录游戏成功,当前对象存在----------2017/10/18 18:20:26
2017-10-18 18:21:37,172 [99] DEBUG LISTServer - 登陆sssionID--------dc38e79c-2500-46f6-b4df-a5ccd76d8397
2017-10-18 18:21:37,172 [99] DEBUG LISTServer - 登录游戏----------2017/10/18 18:21:37
2017-10-18 18:21:37,604 [99] DEBUG LISTServer - 登录用户openid:9697486827159f30f5cab73bbab97a1b56966c2a|昵称:测试用户969----------2017/10/18 18:21:37
2017-10-18 18:21:38,142 [99] DEBUG LISTServer - 登录游戏成功,当前对象存在----------2017/10/18 18:21:38
2017-10-18 18:24:13,086 [93] DEBUG LISTServer - 登陆sssionID--------9a3a2873-10f8-42e8-9345-59cec6984993
2017-10-18 18:24:13,086 [93] DEBUG LISTServer - 登录游戏----------2017/10/18 18:24:13
2017-10-18 18:24:13,556 [93] DEBUG LISTServer - 登录用户openid:9697486827159f30f5cab73bbab97a1b56966c2a|昵称:测试用户969----------2017/10/18 18:24:13
2017-10-18 18:24:14,180 [93] DEBUG LISTServer - 登录游戏成功,当前对象存在----------2017/10/18 18:24:14
2017-10-18 18:30:07,563 [99] DEBUG LISTServer - 登陆sssionID--------6e7e466b-fae9-428f-b6b6-3995d36a99f1
2017-10-18 18:30:07,563 [99] DEBUG LISTServer - 登录游戏----------2017/10/18 18:30:07
2017-10-18 18:30:07,970 [99] DEBUG LISTServer - 登录用户openid:56de59c92137862db80d942259702f67|昵称:测试用户56d----------2017/10/18 18:30:07
2017-10-18 18:30:08,607 [99] DEBUG LISTServer - 登录游戏成功----------2017/10/18 18:30:08
2017-10-18 18:30:12,434 [93] DEBUG LISTServer - 登陆sssionID--------7966aed8-bb1c-4428-ae63-7304f537a9c6
2017-10-18 18:30:12,434 [93] DEBUG LISTServer - 登录游戏----------2017/10/18 18:30:12
2017-10-18 18:30:12,595 [93] DEBUG LISTServer - 登录用户openid:89f5ef72e82d130fda1ec076c054b52d|昵称:测试用户89f----------2017/10/18 18:30:12
2017-10-18 18:30:13,119 [93] DEBUG LISTServer - 登录游戏成功----------2017/10/18 18:30:13
2017-10-18 18:33:25,862 [99] DEBUG LISTServer - 登陆sssionID--------4e938948-9823-4cc9-9c66-d7befbc1f847
2017-10-18 18:33:25,862 [99] DEBUG LISTServer - 登录游戏----------2017/10/18 18:33:25
2017-10-18 18:33:26,291 [99] DEBUG LISTServer - 登录用户openid:2be4087248667baee875b4dd4e4e388e|昵称:测试用户2be----------2017/10/18 18:33:26
2017-10-18 18:33:26,855 [99] DEBUG LISTServer - 登录游戏成功----------2017/10/18 18:33:26
2017-10-18 18:34:20,311 [94] DEBUG LISTServer - 登陆sssionID--------6a880d08-049a-45ce-a1b5-5d055b1e28f9
2017-10-18 18:34:20,311 [94] DEBUG LISTServer - 登录游戏----------2017/10/18 18:34:20
2017-10-18 18:34:20,474 [94] DEBUG LISTServer - 登录用户openid:724bb3ec1355840ed0e3fb88b56b9197|昵称:测试用户724----------2017/10/18 18:34:20
2017-10-18 18:34:21,055 [94] DEBUG LISTServer - 登录游戏成功----------2017/10/18 18:34:21
2017-10-18 18:37:36,335 [94] DEBUG LISTServer - 登陆sssionID--------d561a25c-9b78-4aa4-9ae1-57140e0dcd43
2017-10-18 18:37:36,335 [94] DEBUG LISTServer - 登录游戏----------2017/10/18 18:37:36
2017-10-18 18:37:36,755 [94] DEBUG LISTServer - 登录用户openid:9697486827159f30f5cab73bbab97a1b56966c2a|昵称:测试用户969----------2017/10/18 18:37:36
2017-10-18 18:37:37,322 [94] DEBUG LISTServer - 登录游戏成功,当前对象存在----------2017/10/18 18:37:37
2017-10-18 18:38:16,823 [96] DEBUG LISTServer - 登陆sssionID--------b78e7ac1-7ab1-49bf-92e5-dba6e1b974d0
2017-10-18 18:38:16,823 [96] DEBUG LISTServer - 登录游戏----------2017/10/18 18:38:16
2017-10-18 18:38:16,965 [96] DEBUG LISTServer - 登录用户openid:弗拉基米尔|昵称:测试用户弗拉基----------2017/10/18 18:38:16
2017-10-18 18:38:17,719 [96] DEBUG LISTServer - 登录游戏成功----------2017/10/18 18:38:17
2017-10-18 19:05:49,936 [93] DEBUG LISTServer - 登陆sssionID--------3605d0d9-825a-4f5f-bb8e-0cc02bee6981
2017-10-18 19:05:49,936 [93] DEBUG LISTServer - 登录游戏----------2017/10/18 19:05:49
2017-10-18 19:05:50,371 [93] DEBUG LISTServer - 登录用户openid:弗拉基米尔|昵称:测试用户弗拉基----------2017/10/18 19:05:50
2017-10-18 19:05:51,465 [93] DEBUG LISTServer - 登录游戏成功,当前对象存在----------2017/10/18 19:05:51
2017-10-18 19:06:25,886 [99] DEBUG LISTServer - 登陆sssionID--------33d9fdfc-8f79-494e-94ca-f4720afab568
2017-10-18 19:06:25,886 [99] DEBUG LISTServer - 登录游戏----------2017/10/18 19:06:25
2017-10-18 19:06:26,033 [99] DEBUG LISTServer - 登录用户openid:弗拉基米尔|昵称:测试用户弗拉基----------2017/10/18 19:06:26
2017-10-18 19:06:26,526 [99] DEBUG LISTServer - 登录游戏成功,当前对象存在----------2017/10/18 19:06:26
2017-10-18 19:08:24,588 [96] DEBUG LISTServer - 登陆sssionID--------005dab46-836d-43a6-931f-b2bf37d75f59
2017-10-18 19:08:24,588 [96] DEBUG LISTServer - 登录游戏----------2017/10/18 19:08:24
2017-10-18 19:08:25,000 [96] DEBUG LISTServer - 登录用户openid:9697486827159f30f5cab73bbab97a1b56966c2a|昵称:测试用户969----------2017/10/18 19:08:25
2017-10-18 19:08:25,673 [96] DEBUG LISTServer - 登录游戏成功----------2017/10/18 19:08:25
2017-10-18 19:08:58,030 [99] DEBUG LISTServer - 登陆sssionID--------41d6c80d-3349-41e3-8d94-94c6b8236f22
2017-10-18 19:08:58,030 [99] DEBUG LISTServer - 登录游戏----------2017/10/18 19:08:58
2017-10-18 19:08:58,174 [99] DEBUG LISTServer - 登录用户openid:17da9228849df8ed9400ca4e907dca8c776081ad|昵称:测试用户17d----------2017/10/18 19:08:58
2017-10-18 19:08:58,883 [99] DEBUG LISTServer - 登录游戏成功,当前对象存在----------2017/10/18 19:08:58
