2018-02-01 18:23:46,046 [9] ERROR LISTServer - StackExchange.Redis.RedisTimeoutException: Timeout performing GET Community:UserInfo:, inst: 1, mgr: ExecuteSelect, err: never, queue: 2, qu: 2, qs: 0, qc: 0, wr: 0, wq: 0, in: 0, ar: 0, clientName: DESKTOP-AQ7QR9L, serverEndpoint: 192.168.2.12:6379, keyHashSlot: 11611, IOCP: (Busy=0,Free=1000,Min=4,Max=1000), WORKER: (Busy=1,Free=2046,Min=4,Max=2047) (Please take a look at this article for some common client-side issues that can cause timeouts: http://stackexchange.github.io/StackExchange.Redis/Timeouts)
   在 StackExchange.Redis.ConnectionMultiplexer.ExecuteSyncImpl[T](Message message, ResultProcessor`1 processor, ServerEndPoint server)
   在 StackExchange.Redis.RedisBase.ExecuteSync[T](Message message, ResultProcessor`1 processor, ServerEndPoint server)
   在 StackExchange.Redis.RedisDatabase.StringGet(RedisKey key, CommandFlags flags)
   在 ListBLL.common.RedisUtility.Get[T](String key) 位置 D:\工作\ZH_LIST_MJ\list_mj\ListBLL\common\RedisUtility.cs:行号 109
   在 ListBLL.Logic.Heartbeat.ExecuteCommand(GameSession session, ProtobufRequestInfo requestInfo) 位置 D:\工作\ZH_LIST_MJ\list_mj\ListBLL\Logic\Heartbeat.cs:行号 32
2018-02-01 18:23:53,252 [9] ERROR LISTServer - StackExchange.Redis.RedisConnectionException: No connection is available to service this operation: DEL Community:UserList:9b2944cdf162ca7c468bf2b136b4a80e; SocketFailure on 192.168.2.12:6379/Interactive, origin: CheckForStaleConnection, input-buffer: 0, outstanding: 2, last-read: 2s ago, last-write: 0s ago, unanswered-write: 1s ago, keep-alive: 180s, pending: 0, state: ConnectedEstablished, in: 0, ar: 0, last-heartbeat: 0s ago, last-mbeat: 0s ago, global: 0s ago, mgr: RecordConnectionFailed_ReportFailure, err: never; IOCP: (Busy=0,Free=1000,Min=4,Max=1000), WORKER: (Busy=1,Free=2046,Min=4,Max=2047), Local-CPU: n/a ---> StackExchange.Redis.RedisConnectionException: SocketFailure on 192.168.2.12:6379/Interactive, origin: CheckForStaleConnection, input-buffer: 0, outstanding: 2, last-read: 2s ago, last-write: 0s ago, unanswered-write: 1s ago, keep-alive: 180s, pending: 0, state: ConnectedEstablished, in: 0, ar: 0, last-heartbeat: 0s ago, last-mbeat: 0s ago, global: 0s ago, mgr: RecordConnectionFailed_ReportFailure, err: never
   --- 内部异常堆栈跟踪的结尾 ---
   在 StackExchange.Redis.ConnectionMultiplexer.ExecuteSyncImpl[T](Message message, ResultProcessor`1 processor, ServerEndPoint server)
   在 StackExchange.Redis.RedisBase.ExecuteSync[T](Message message, ResultProcessor`1 processor, ServerEndPoint server)
   在 StackExchange.Redis.RedisDatabase.KeyDelete(RedisKey key, CommandFlags flags)
   在 ListBLL.common.RedisUtility.Remove(String key) 位置 D:\工作\ZH_LIST_MJ\list_mj\ListBLL\common\RedisUtility.cs:行号 143
   在 ListBLL.common.GameSession.OnSessionClosed(CloseReason reason) 位置 D:\工作\ZH_LIST_MJ\list_mj\ListBLL\common\GameSession.cs:行号 46
   在 SuperSocket.SocketBase.AppServerBase`2.OnSessionClosed(TAppSession session, CloseReason reason)
   在 SuperSocket.SocketBase.AppServer`2.OnSessionClosed(TAppSession session, CloseReason reason)
   在 SuperSocket.SocketBase.AppServerBase`2.OnSocketSessionClosed(ISocketSession session, CloseReason reason)
   在 System.Action`2.Invoke(T1 arg1, T2 arg2)
   在 SuperSocket.SocketEngine.SocketSession.OnClosed(CloseReason reason)
   在 SuperSocket.SocketEngine.AsyncSocketSession.OnClosed(CloseReason reason)
   在 SuperSocket.SocketEngine.SocketSession.InternalClose(Socket client, CloseReason reason, Boolean setCloseReason)
   在 SuperSocket.SocketEngine.SocketSession.Close(CloseReason reason)
   在 SuperSocket.SocketBase.AppSession`2.Close(CloseReason reason)
   在 SuperSocket.SocketBase.AppSession`2.Close()
   在 ListBLL.Logic.Heartbeat.ExecuteCommand(GameSession session, ProtobufRequestInfo requestInfo) 位置 D:\工作\ZH_LIST_MJ\list_mj\ListBLL\Logic\Heartbeat.cs:行号 95
   在 SuperSocket.SocketBase.AppServerBase`2.ExecuteCommand(TAppSession session, TRequestInfo requestInfo)
   在 SuperSocket.SocketBase.AppServerBase`2.ExecuteCommand(IAppSession session, TRequestInfo requestInfo)
   在 SuperSocket.SocketBase.AppSession`2.SuperSocket.SocketBase.IAppSession.ProcessRequest(Byte[] readBuffer, Int32 offset, Int32 length, Boolean toBeCopied)
2018-02-01 18:23:53,292 [25] ERROR LISTServer - StackExchange.Redis.RedisConnectionException: No connection is available to service this operation: GET Community:UserInfo:; It was not possible to connect to the redis server(s); ConnectTimeout; IOCP: (Busy=2,Free=998,Min=4,Max=1000), WORKER: (Busy=2,Free=2045,Min=4,Max=2047), Local-CPU: n/a ---> StackExchange.Redis.RedisConnectionException: It was not possible to connect to the redis server(s); ConnectTimeout
   --- 内部异常堆栈跟踪的结尾 ---
   在 StackExchange.Redis.ConnectionMultiplexer.ExecuteSyncImpl[T](Message message, ResultProcessor`1 processor, ServerEndPoint server)
   在 StackExchange.Redis.RedisBase.ExecuteSync[T](Message message, ResultProcessor`1 processor, ServerEndPoint server)
   在 StackExchange.Redis.RedisDatabase.StringGet(RedisKey key, CommandFlags flags)
   在 ListBLL.common.RedisUtility.Get[T](String key) 位置 D:\工作\ZH_LIST_MJ\list_mj\ListBLL\common\RedisUtility.cs:行号 109
   在 ListBLL.Logic.Heartbeat.ExecuteCommand(GameSession session, ProtobufRequestInfo requestInfo) 位置 D:\工作\ZH_LIST_MJ\list_mj\ListBLL\Logic\Heartbeat.cs:行号 32
