2018-01-31 10:14:07,506 [26] ERROR LISTServer - StackExchange.Redis.RedisTimeoutException: Timeout performing DEL Community:UserList:9b2944cdf162ca7c468bf2b136b4a80e, inst: 1, mgr: ExecuteSelect, err: never, queue: 3, qu: 0, qs: 3, qc: 0, wr: 0, wq: 0, in: 0, ar: 0, clientName: DESKTOP-AQ7QR9L, serverEndpoint: 192.168.2.12:6379, keyHashSlot: 671, IOCP: (Busy=0,Free=1000,Min=4,Max=1000), WORKER: (Busy=1,Free=2046,Min=4,Max=2047) (Please take a look at this article for some common client-side issues that can cause timeouts: http://stackexchange.github.io/StackExchange.Redis/Timeouts)
   在 StackExchange.Redis.ConnectionMultiplexer.ExecuteSyncImpl[T](Message message, ResultProcessor`1 processor, ServerEndPoint server)
   在 StackExchange.Redis.RedisBase.ExecuteSync[T](Message message, ResultProcessor`1 processor, ServerEndPoint server)
   在 StackExchange.Redis.RedisDatabase.KeyDelete(RedisKey key, CommandFlags flags)
   在 ListBLL.common.RedisUtility.Remove(String key) 位置 D:\工作\ZH_LIST_MJ\list_mj\ListBLL\common\RedisUtility.cs:行号 143
   在 ListBLL.common.GameSession.OnSessionClosed(CloseReason reason) 位置 D:\工作\ZH_LIST_MJ\list_mj\ListBLL\common\GameSession.cs:行号 46
   在 SuperSocket.SocketBase.AppServerBase`2.OnSessionClosed(TAppSession session, CloseReason reason)
   在 SuperSocket.SocketBase.AppServer`2.OnSessionClosed(TAppSession session, CloseReason reason)
   在 SuperSocket.SocketBase.AppServerBase`2.OnSocketSessionClosed(ISocketSession session, CloseReason reason)
   在 System.Action`2.Invoke(T1 arg1, T2 arg2)
   在 SuperSocket.SocketEngine.SocketSession.OnClosed(CloseReason reason)
   在 SuperSocket.SocketEngine.AsyncSocketSession.OnClosed(CloseReason reason)
   在 SuperSocket.SocketEngine.SocketSession.InternalClose(Socket client, CloseReason reason, Boolean setCloseReason)
   在 SuperSocket.SocketEngine.SocketSession.Close(CloseReason reason)
   在 SuperSocket.SocketEngine.SocketSession.ValidateClosed(CloseReason closeReason)
   在 SuperSocket.SocketEngine.SocketSession.OnReceiveTerminated(CloseReason closeReason)
   在 SuperSocket.SocketEngine.AsyncSocketSession.ProcessReceive(SocketAsyncEventArgs e)
   在 SuperSocket.SocketEngine.AsyncSocket.SocketAsyncEventArgsProxy.<>c__DisplayClass2.<SocketEventArgs_Completed>b__0()
   在 System.Threading.Tasks.Task.InnerInvoke()
   在 System.Threading.Tasks.Task.Execute()
2018-01-31 14:21:57,331 [12] ERROR LISTServer - StackExchange.Redis.RedisTimeoutException: Timeout performing GET Community:UserList:622d2708-8fbd-460f-b814-1b05854bd246, inst: 1, mgr: CheckForStaleConnections, err: never, queue: 2, qu: 0, qs: 2, qc: 0, wr: 0, wq: 0, in: 0, ar: 0, clientName: DESKTOP-AQ7QR9L, serverEndpoint: 192.168.2.12:6379, keyHashSlot: 12814, IOCP: (Busy=0,Free=1000,Min=4,Max=1000), WORKER: (Busy=1,Free=2046,Min=4,Max=2047) (Please take a look at this article for some common client-side issues that can cause timeouts: http://stackexchange.github.io/StackExchange.Redis/Timeouts)
   在 StackExchange.Redis.ConnectionMultiplexer.ExecuteSyncImpl[T](Message message, ResultProcessor`1 processor, ServerEndPoint server)
   在 StackExchange.Redis.RedisBase.ExecuteSync[T](Message message, ResultProcessor`1 processor, ServerEndPoint server)
   在 StackExchange.Redis.RedisDatabase.StringGet(RedisKey key, CommandFlags flags)
   在 ListBLL.common.RedisUtility.Get[T](String key) 位置 D:\工作\ZH_LIST_MJ\list_mj\ListBLL\common\RedisUtility.cs:行号 109
   在 ListBLL.Logic.GetRoomCard.ExecuteCommand(GameSession session, ProtobufRequestInfo requestInfo) 位置 D:\工作\ZH_LIST_MJ\list_mj\ListBLL\Logic\GetRoomCard.cs:行号 22
   在 SuperSocket.SocketBase.AppServerBase`2.ExecuteCommand(TAppSession session, TRequestInfo requestInfo)
   在 SuperSocket.SocketBase.AppServerBase`2.ExecuteCommand(IAppSession session, TRequestInfo requestInfo)
   在 SuperSocket.SocketBase.AppSession`2.SuperSocket.SocketBase.IAppSession.ProcessRequest(Byte[] readBuffer, Int32 offset, Int32 length, Boolean toBeCopied)
