2017-12-01 16:42:02,962 [38] ERROR LISTServer - MySql.Data.MySqlClient.MySqlException (0x80004005): There is already an open DataReader associated with this Connection which must be closed first.
   在 MySql.Data.MySqlClient.MySqlCommand.CheckState()
   在 MySql.Data.MySqlClient.MySqlCommand.ExecuteReader(CommandBehavior behavior)
   在 MySql.Data.MySqlClient.MySqlCommand.ExecuteDbDataReader(CommandBehavior behavior)
   在 System.Data.Common.DbCommand.System.Data.IDbCommand.ExecuteReader(CommandBehavior behavior)
   在 Dapper.SqlMapper.ExecuteReaderWithFlagsFallback(IDbCommand cmd, Boolean wasClosed, CommandBehavior behavior)
   在 Dapper.SqlMapper.<QueryImpl>d__125`1.MoveNext()
   在 System.Collections.Generic.List`1..ctor(IEnumerable`1 collection)
   在 System.Linq.Enumerable.ToList[TSource](IEnumerable`1 source)
   在 Dapper.SqlMapper.Query[T](IDbConnection cnn, String sql, Object param, IDbTransaction transaction, Boolean buffered, Nullable`1 commandTimeout, Nullable`1 commandType)
   在 DAL.DAL.GroupStaffInfoDAL.GetGroupIDByUserID(Int64 userID) 位置 D:\工作\ZH_LIST_MJ\list_mj\DAL\DAL\GroupStaffInfoDAL.cs:行号 18
   在 ListBLL.Logic.Login.ExecuteCommand(GameSession session, ProtobufRequestInfo requestInfo) 位置 D:\工作\ZH_LIST_MJ\list_mj\ListBLL\Logic\Login.cs:行号 110
   在 SuperSocket.SocketBase.AppServerBase`2.ExecuteCommand(TAppSession session, TRequestInfo requestInfo)
   在 SuperSocket.SocketBase.AppServerBase`2.ExecuteCommand(IAppSession session, TRequestInfo requestInfo)
   在 SuperSocket.SocketBase.AppSession`2.SuperSocket.SocketBase.IAppSession.ProcessRequest(Byte[] readBuffer, Int32 offset, Int32 length, Boolean toBeCopied)
2017-12-01 18:00:34,918 [12] ERROR LISTServer - MySql.Data.MySqlClient.MySqlException (0x80004005): Access denied for user 'root'@'192.168.2.54' (using password: YES)
   在 MySql.Data.MySqlClient.MySqlStream.ReadPacket()
   在 MySql.Data.MySqlClient.NativeDriver.AuthenticateNew(Boolean reset)
   在 MySql.Data.MySqlClient.NativeDriver.Authenticate(Boolean reset)
   在 MySql.Data.MySqlClient.NativeDriver.Open()
   在 MySql.Data.MySqlClient.Driver.Open()
   在 MySql.Data.MySqlClient.Driver.Create(MySqlConnectionStringBuilder settings)
   在 MySql.Data.MySqlClient.MySqlPool.GetPooledConnection()
   在 MySql.Data.MySqlClient.MySqlPool.TryToGetDriver()
   在 MySql.Data.MySqlClient.MySqlPool.GetConnection()
   在 MySql.Data.MySqlClient.MySqlConnection.Open()
   在 DAL.DBHelp.DbHelperMySQL.PrepareCommand(MySqlCommand cmd, MySqlConnection conn, MySqlTransaction trans, String cmdText, MySqlParameter[] cmdParms) 位置 D:\工作\ZH_LIST_MJ\list_mj\DAL\DBHelp\DbHelperMySQL.cs:行号 733
   在 DAL.DBHelp.DbHelperMySQL.Query(String SQLString, MySqlParameter[] cmdParms) 位置 D:\工作\ZH_LIST_MJ\list_mj\DAL\DBHelp\DbHelperMySQL.cs:行号 711
   在 DAL.DAL.mjuserinfoDAL.GetModel(String openid) 位置 D:\工作\ZH_LIST_MJ\list_mj\DAL\DAL\mjuserinfoDAL.cs:行号 226
   在 ListBLL.Logic.Login.AddUser(mjuserinfo md, GameSession session) 位置 D:\工作\ZH_LIST_MJ\list_mj\ListBLL\Logic\Login.cs:行号 219
   在 ListBLL.Logic.Login.ExecuteCommand(GameSession session, ProtobufRequestInfo requestInfo) 位置 D:\工作\ZH_LIST_MJ\list_mj\ListBLL\Logic\Login.cs:行号 58
   在 SuperSocket.SocketBase.AppServerBase`2.ExecuteCommand(TAppSession session, TRequestInfo requestInfo)
   在 SuperSocket.SocketBase.AppServerBase`2.ExecuteCommand(IAppSession session, TRequestInfo requestInfo)
   在 SuperSocket.SocketBase.AppSession`2.SuperSocket.SocketBase.IAppSession.ProcessRequest(Byte[] readBuffer, Int32 offset, Int32 length, Boolean toBeCopied)
2017-12-01 18:01:55,433 [12] ERROR LISTServer - StackExchange.Redis.RedisConnectionException: It was not possible to connect to the redis server(s); to create a disconnected multiplexer, disable AbortOnConnectFail. SocketFailure on PING
   在 StackExchange.Redis.ConnectionMultiplexer.ConnectImpl(Func`1 multiplexerFactory, TextWriter log)
   在 StackExchange.Redis.ConnectionMultiplexer.Connect(ConfigurationOptions configuration, TextWriter log)
   在 ListBLL.common.RedisUtility.Get[T](String key) 位置 D:\工作\ZH_LIST_MJ\list_mj\ListBLL\common\RedisUtility.cs:行号 167
   在 ListBLL.Logic.Login.ExecuteCommand(GameSession session, ProtobufRequestInfo requestInfo) 位置 D:\工作\ZH_LIST_MJ\list_mj\ListBLL\Logic\Login.cs:行号 62
   在 SuperSocket.SocketBase.AppServerBase`2.ExecuteCommand(TAppSession session, TRequestInfo requestInfo)
   在 SuperSocket.SocketBase.AppServerBase`2.ExecuteCommand(IAppSession session, TRequestInfo requestInfo)
   在 SuperSocket.SocketBase.AppSession`2.SuperSocket.SocketBase.IAppSession.ProcessRequest(Byte[] readBuffer, Int32 offset, Int32 length, Boolean toBeCopied)
2017-12-01 18:01:55,433 [17] ERROR LISTServer - StackExchange.Redis.RedisConnectionException: It was not possible to connect to the redis server(s); to create a disconnected multiplexer, disable AbortOnConnectFail. SocketFailure on PING
   在 StackExchange.Redis.ConnectionMultiplexer.ConnectImpl(Func`1 multiplexerFactory, TextWriter log)
   在 StackExchange.Redis.ConnectionMultiplexer.Connect(ConfigurationOptions configuration, TextWriter log)
   在 ListBLL.common.RedisUtility.Get[T](String key) 位置 D:\工作\ZH_LIST_MJ\list_mj\ListBLL\common\RedisUtility.cs:行号 167
   在 ListBLL.Logic.Login.ExecuteCommand(GameSession session, ProtobufRequestInfo requestInfo) 位置 D:\工作\ZH_LIST_MJ\list_mj\ListBLL\Logic\Login.cs:行号 62
   在 SuperSocket.SocketBase.AppServerBase`2.ExecuteCommand(TAppSession session, TRequestInfo requestInfo)
   在 SuperSocket.SocketBase.AppServerBase`2.ExecuteCommand(IAppSession session, TRequestInfo requestInfo)
   在 SuperSocket.SocketBase.AppSession`2.SuperSocket.SocketBase.IAppSession.ProcessRequest(Byte[] readBuffer, Int32 offset, Int32 length, Boolean toBeCopied)
2017-12-01 18:06:43,684 [12] ERROR LISTServer - StackExchange.Redis.RedisConnectionException: It was not possible to connect to the redis server(s); to create a disconnected multiplexer, disable AbortOnConnectFail. SocketFailure on PING
   在 StackExchange.Redis.ConnectionMultiplexer.ConnectImpl(Func`1 multiplexerFactory, TextWriter log)
   在 StackExchange.Redis.ConnectionMultiplexer.Connect(ConfigurationOptions configuration, TextWriter log)
   在 ListBLL.common.RedisUtility.Get[T](String key) 位置 D:\工作\ZH_LIST_MJ\list_mj\ListBLL\common\RedisUtility.cs:行号 167
   在 ListBLL.Logic.Login.ExecuteCommand(GameSession session, ProtobufRequestInfo requestInfo) 位置 D:\工作\ZH_LIST_MJ\list_mj\ListBLL\Logic\Login.cs:行号 62
   在 SuperSocket.SocketBase.AppServerBase`2.ExecuteCommand(TAppSession session, TRequestInfo requestInfo)
   在 SuperSocket.SocketBase.AppServerBase`2.ExecuteCommand(IAppSession session, TRequestInfo requestInfo)
   在 SuperSocket.SocketBase.AppSession`2.SuperSocket.SocketBase.IAppSession.ProcessRequest(Byte[] readBuffer, Int32 offset, Int32 length, Boolean toBeCopied)
2017-12-01 18:09:24,692 [28] ERROR LISTServer - StackExchange.Redis.RedisConnectionException: It was not possible to connect to the redis server(s); to create a disconnected multiplexer, disable AbortOnConnectFail. SocketFailure on PING
   在 StackExchange.Redis.ConnectionMultiplexer.ConnectImpl(Func`1 multiplexerFactory, TextWriter log)
   在 StackExchange.Redis.ConnectionMultiplexer.Connect(ConfigurationOptions configuration, TextWriter log)
   在 ListBLL.common.RedisUtility.Get[T](String key) 位置 D:\工作\ZH_LIST_MJ\list_mj\ListBLL\common\RedisUtility.cs:行号 167
   在 ListBLL.Logic.GameOperation.ExecuteCommand(GameSession session, ProtobufRequestInfo requestInfo) 位置 D:\工作\ZH_LIST_MJ\list_mj\ListBLL\Logic\GameOperation.cs:行号 23
   在 SuperSocket.SocketBase.AppServerBase`2.ExecuteCommand(TAppSession session, TRequestInfo requestInfo)
   在 SuperSocket.SocketBase.AppServerBase`2.ExecuteCommand(IAppSession session, TRequestInfo requestInfo)
   在 SuperSocket.SocketBase.AppSession`2.SuperSocket.SocketBase.IAppSession.ProcessRequest(Byte[] readBuffer, Int32 offset, Int32 length, Boolean toBeCopied)
2017-12-01 18:11:36,513 [12] ERROR LISTServer - StackExchange.Redis.RedisConnectionException: It was not possible to connect to the redis server(s); to create a disconnected multiplexer, disable AbortOnConnectFail. SocketFailure on PING
   在 StackExchange.Redis.ConnectionMultiplexer.ConnectImpl(Func`1 multiplexerFactory, TextWriter log)
   在 StackExchange.Redis.ConnectionMultiplexer.Connect(ConfigurationOptions configuration, TextWriter log)
   在 ListBLL.common.RedisUtility.Get[T](String key) 位置 D:\工作\ZH_LIST_MJ\list_mj\ListBLL\common\RedisUtility.cs:行号 167
   在 ListBLL.Logic.GameOperation.ExecuteCommand(GameSession session, ProtobufRequestInfo requestInfo) 位置 D:\工作\ZH_LIST_MJ\list_mj\ListBLL\Logic\GameOperation.cs:行号 23
   在 SuperSocket.SocketBase.AppServerBase`2.ExecuteCommand(TAppSession session, TRequestInfo requestInfo)
   在 SuperSocket.SocketBase.AppServerBase`2.ExecuteCommand(IAppSession session, TRequestInfo requestInfo)
   在 SuperSocket.SocketBase.AppSession`2.SuperSocket.SocketBase.IAppSession.ProcessRequest(Byte[] readBuffer, Int32 offset, Int32 length, Boolean toBeCopied)
2017-12-01 18:14:35,327 [12] ERROR LISTServer - StackExchange.Redis.RedisConnectionException: It was not possible to connect to the redis server(s); to create a disconnected multiplexer, disable AbortOnConnectFail. MISCONF Redis is configured to save RDB snapshots, but it is currently not able to persist on disk. Commands that may modify the data set are disabled, because this instance is configured to report errors during writes if RDB snapshotting fails (stop-writes-on-bgsave-error option). Please check the Redis logs for details about the RDB error.
   在 StackExchange.Redis.ConnectionMultiplexer.ConnectImpl(Func`1 multiplexerFactory, TextWriter log)
   在 StackExchange.Redis.ConnectionMultiplexer.Connect(ConfigurationOptions configuration, TextWriter log)
   在 ListBLL.common.RedisUtility.Get[T](String key) 位置 D:\工作\ZH_LIST_MJ\list_mj\ListBLL\common\RedisUtility.cs:行号 167
   在 ListBLL.Logic.Login.ExecuteCommand(GameSession session, ProtobufRequestInfo requestInfo) 位置 D:\工作\ZH_LIST_MJ\list_mj\ListBLL\Logic\Login.cs:行号 62
   在 SuperSocket.SocketBase.AppServerBase`2.ExecuteCommand(TAppSession session, TRequestInfo requestInfo)
   在 SuperSocket.SocketBase.AppServerBase`2.ExecuteCommand(IAppSession session, TRequestInfo requestInfo)
   在 SuperSocket.SocketBase.AppSession`2.SuperSocket.SocketBase.IAppSession.ProcessRequest(Byte[] readBuffer, Int32 offset, Int32 length, Boolean toBeCopied)
2017-12-01 18:42:44,958 [12] ERROR LISTServer - StackExchange.Redis.RedisConnectionException: It was not possible to connect to the redis server(s); to create a disconnected multiplexer, disable AbortOnConnectFail. MISCONF Redis is configured to save RDB snapshots, but it is currently not able to persist on disk. Commands that may modify the data set are disabled, because this instance is configured to report errors during writes if RDB snapshotting fails (stop-writes-on-bgsave-error option). Please check the Redis logs for details about the RDB error.
   在 StackExchange.Redis.ConnectionMultiplexer.ConnectImpl(Func`1 multiplexerFactory, TextWriter log)
   在 StackExchange.Redis.ConnectionMultiplexer.Connect(ConfigurationOptions configuration, TextWriter log)
   在 ListBLL.common.RedisUtility.Get[T](String key) 位置 D:\工作\ZH_LIST_MJ\list_mj\ListBLL\common\RedisUtility.cs:行号 167
   在 ListBLL.Logic.Login.ExecuteCommand(GameSession session, ProtobufRequestInfo requestInfo) 位置 D:\工作\ZH_LIST_MJ\list_mj\ListBLL\Logic\Login.cs:行号 62
   在 SuperSocket.SocketBase.AppServerBase`2.ExecuteCommand(TAppSession session, TRequestInfo requestInfo)
   在 SuperSocket.SocketBase.AppServerBase`2.ExecuteCommand(IAppSession session, TRequestInfo requestInfo)
   在 SuperSocket.SocketBase.AppSession`2.SuperSocket.SocketBase.IAppSession.ProcessRequest(Byte[] readBuffer, Int32 offset, Int32 length, Boolean toBeCopied)
2017-12-01 18:42:56,832 [77] ERROR LISTServer - StackExchange.Redis.RedisTimeoutException: Timeout performing GET Community:UserList:9697486827159f30f5cab73bbab97a1b56966c2a, inst: 13, mgr: ExecuteSelect, err: never, queue: 1, qu: 0, qs: 1, qc: 0, wr: 0, wq: 0, in: 0, ar: 0, clientName: DESKTOP-AQ7QR9L, serverEndpoint: 192.168.2.12:6379, keyHashSlot: 5266, IOCP: (Busy=0,Free=1000,Min=4,Max=1000), WORKER: (Busy=6,Free=2041,Min=4,Max=2047) (Please take a look at this article for some common client-side issues that can cause timeouts: http://stackexchange.github.io/StackExchange.Redis/Timeouts)
   在 StackExchange.Redis.ConnectionMultiplexer.ExecuteSyncImpl[T](Message message, ResultProcessor`1 processor, ServerEndPoint server)
   在 StackExchange.Redis.RedisBase.ExecuteSync[T](Message message, ResultProcessor`1 processor, ServerEndPoint server)
   在 StackExchange.Redis.RedisDatabase.StringGet(RedisKey key, CommandFlags flags)
   在 ListBLL.common.RedisUtility.Get[T](String key) 位置 D:\工作\ZH_LIST_MJ\list_mj\ListBLL\common\RedisUtility.cs:行号 169
   在 ListBLL.Logic.Login.ExecuteCommand(GameSession session, ProtobufRequestInfo requestInfo) 位置 D:\工作\ZH_LIST_MJ\list_mj\ListBLL\Logic\Login.cs:行号 62
   在 SuperSocket.SocketBase.AppServerBase`2.ExecuteCommand(TAppSession session, TRequestInfo requestInfo)
   在 SuperSocket.SocketBase.AppServerBase`2.ExecuteCommand(IAppSession session, TRequestInfo requestInfo)
   在 SuperSocket.SocketBase.AppSession`2.SuperSocket.SocketBase.IAppSession.ProcessRequest(Byte[] readBuffer, Int32 offset, Int32 length, Boolean toBeCopied)
2017-12-01 18:43:15,229 [12] ERROR LISTServer - System.InvalidOperationException: Connection must be valid and open.
   在 MySql.Data.MySqlClient.MySqlCommand.CheckState()
   在 MySql.Data.MySqlClient.MySqlCommand.ExecuteReader(CommandBehavior behavior)
   在 MySql.Data.MySqlClient.MySqlCommand.ExecuteDbDataReader(CommandBehavior behavior)
   在 System.Data.Common.DbCommand.System.Data.IDbCommand.ExecuteReader(CommandBehavior behavior)
   在 Dapper.SqlMapper.ExecuteReaderWithFlagsFallback(IDbCommand cmd, Boolean wasClosed, CommandBehavior behavior)
   在 Dapper.SqlMapper.<QueryImpl>d__125`1.MoveNext()
   在 System.Collections.Generic.List`1..ctor(IEnumerable`1 collection)
   在 System.Linq.Enumerable.ToList[TSource](IEnumerable`1 source)
   在 Dapper.SqlMapper.Query[T](IDbConnection cnn, String sql, Object param, IDbTransaction transaction, Boolean buffered, Nullable`1 commandTimeout, Nullable`1 commandType)
   在 DAL.DAL.GroupStaffInfoDAL.GetGroupIDByUserID(Int64 userID) 位置 D:\工作\ZH_LIST_MJ\list_mj\DAL\DAL\GroupStaffInfoDAL.cs:行号 18
   在 ListBLL.Logic.Login.ExecuteCommand(GameSession session, ProtobufRequestInfo requestInfo) 位置 D:\工作\ZH_LIST_MJ\list_mj\ListBLL\Logic\Login.cs:行号 110
   在 SuperSocket.SocketBase.AppServerBase`2.ExecuteCommand(TAppSession session, TRequestInfo requestInfo)
   在 SuperSocket.SocketBase.AppServerBase`2.ExecuteCommand(IAppSession session, TRequestInfo requestInfo)
   在 SuperSocket.SocketBase.AppSession`2.SuperSocket.SocketBase.IAppSession.ProcessRequest(Byte[] readBuffer, Int32 offset, Int32 length, Boolean toBeCopied)
2017-12-01 18:43:15,229 [75] ERROR LISTServer - System.InvalidOperationException: Connection must be valid and open.
   在 MySql.Data.MySqlClient.MySqlCommand.CheckState()
   在 MySql.Data.MySqlClient.MySqlCommand.ExecuteReader(CommandBehavior behavior)
   在 MySql.Data.MySqlClient.MySqlCommand.ExecuteDbDataReader(CommandBehavior behavior)
   在 System.Data.Common.DbCommand.System.Data.IDbCommand.ExecuteReader(CommandBehavior behavior)
   在 Dapper.SqlMapper.ExecuteReaderWithFlagsFallback(IDbCommand cmd, Boolean wasClosed, CommandBehavior behavior)
   在 Dapper.SqlMapper.<QueryImpl>d__125`1.MoveNext()
   在 System.Collections.Generic.List`1..ctor(IEnumerable`1 collection)
   在 System.Linq.Enumerable.ToList[TSource](IEnumerable`1 source)
   在 Dapper.SqlMapper.Query[T](IDbConnection cnn, String sql, Object param, IDbTransaction transaction, Boolean buffered, Nullable`1 commandTimeout, Nullable`1 commandType)
   在 DAL.DAL.GroupStaffInfoDAL.GetGroupIDByUserID(Int64 userID) 位置 D:\工作\ZH_LIST_MJ\list_mj\DAL\DAL\GroupStaffInfoDAL.cs:行号 18
   在 ListBLL.Logic.Login.ExecuteCommand(GameSession session, ProtobufRequestInfo requestInfo) 位置 D:\工作\ZH_LIST_MJ\list_mj\ListBLL\Logic\Login.cs:行号 110
   在 SuperSocket.SocketBase.AppServerBase`2.ExecuteCommand(TAppSession session, TRequestInfo requestInfo)
   在 SuperSocket.SocketBase.AppServerBase`2.ExecuteCommand(IAppSession session, TRequestInfo requestInfo)
   在 SuperSocket.SocketBase.AppSession`2.SuperSocket.SocketBase.IAppSession.ProcessRequest(Byte[] readBuffer, Int32 offset, Int32 length, Boolean toBeCopied)
2017-12-01 18:44:18,614 [67] ERROR LISTServer - StackExchange.Redis.RedisTimeoutException: Timeout performing SETEX Community:UserInfo:cb02228dfbbc35594d8f3b7bdaa129cfedd86e9d, inst: 13, mgr: ExecuteSelect, err: never, queue: 1, qu: 0, qs: 1, qc: 0, wr: 0, wq: 0, in: 0, ar: 0, clientName: DESKTOP-AQ7QR9L, serverEndpoint: 192.168.2.12:6379, keyHashSlot: 11891, IOCP: (Busy=0,Free=1000,Min=4,Max=1000), WORKER: (Busy=1,Free=2046,Min=4,Max=2047) (Please take a look at this article for some common client-side issues that can cause timeouts: http://stackexchange.github.io/StackExchange.Redis/Timeouts)
   在 StackExchange.Redis.ConnectionMultiplexer.ExecuteSyncImpl[T](Message message, ResultProcessor`1 processor, ServerEndPoint server)
   在 StackExchange.Redis.RedisBase.ExecuteSync[T](Message message, ResultProcessor`1 processor, ServerEndPoint server)
   在 StackExchange.Redis.RedisDatabase.StringSet(RedisKey key, RedisValue value, Nullable`1 expiry, When when, CommandFlags flags)
   在 ListBLL.common.RedisUtility.Set[T](String key, T t, Int32 hour) 位置 D:\工作\ZH_LIST_MJ\list_mj\ListBLL\common\RedisUtility.cs:行号 154
   在 ListBLL.Logic.Login.ExecuteCommand(GameSession session, ProtobufRequestInfo requestInfo) 位置 D:\工作\ZH_LIST_MJ\list_mj\ListBLL\Logic\Login.cs:行号 112
   在 SuperSocket.SocketBase.AppServerBase`2.ExecuteCommand(TAppSession session, TRequestInfo requestInfo)
   在 SuperSocket.SocketBase.AppServerBase`2.ExecuteCommand(IAppSession session, TRequestInfo requestInfo)
   在 SuperSocket.SocketBase.AppSession`2.SuperSocket.SocketBase.IAppSession.ProcessRequest(Byte[] readBuffer, Int32 offset, Int32 length, Boolean toBeCopied)
2017-12-01 19:07:48,672 [12] ERROR LISTServer - System.Net.Sockets.SocketException (0x80004005): 由于连接方在一段时间后没有正确答复或连接的主机没有反应，连接尝试失败。 192.168.2.222:2000
   在 System.Net.Sockets.Socket.DoConnect(EndPoint endPointSnapshot, SocketAddress socketAddress)
   在 System.Net.Sockets.Socket.Connect(EndPoint remoteEP)
   在 ListBLL.common.MySocket..ctor(String ip, Int32 point) 位置 D:\工作\ZH_LIST_MJ\list_mj\ListBLL\common\MySocket.cs:行号 22
   在 ListBLL.common.RoomCardUtility.GetRoomCard(Int64 userID) 位置 D:\工作\ZH_LIST_MJ\list_mj\ListBLL\common\RoomCardUtility.cs:行号 19
   在 ListBLL.Logic.Login.ExecuteCommand(GameSession session, ProtobufRequestInfo requestInfo) 位置 D:\工作\ZH_LIST_MJ\list_mj\ListBLL\Logic\Login.cs:行号 124
   在 SuperSocket.SocketBase.AppServerBase`2.ExecuteCommand(TAppSession session, TRequestInfo requestInfo)
   在 SuperSocket.SocketBase.AppServerBase`2.ExecuteCommand(IAppSession session, TRequestInfo requestInfo)
   在 SuperSocket.SocketBase.AppSession`2.SuperSocket.SocketBase.IAppSession.ProcessRequest(Byte[] readBuffer, Int32 offset, Int32 length, Boolean toBeCopied)
