2018-01-17 14:27:37,390 [17] ERROR LISTServer - StackExchange.Redis.RedisTimeoutException: Timeout performing GET Community:UserList:cb02228dfbbc35594d8f3b7bdaa129cfedd86e9d, inst: 0, mgr: ExecuteSelect, err: never, queue: 0, qu: 0, qs: 0, qc: 0, wr: 0, wq: 0, in: 0, ar: 0, clientName: DESKTOP-AQ7QR9L, serverEndpoint: 192.168.2.12:6379, keyHashSlot: 9289, IOCP: (Busy=0,Free=1000,Min=4,Max=1000), WORKER: (Busy=2,Free=2045,Min=4,Max=2047) (Please take a look at this article for some common client-side issues that can cause timeouts: http://stackexchange.github.io/StackExchange.Redis/Timeouts)
   在 StackExchange.Redis.ConnectionMultiplexer.ExecuteSyncImpl[T](Message message, ResultProcessor`1 processor, ServerEndPoint server)
   在 StackExchange.Redis.RedisBase.ExecuteSync[T](Message message, ResultProcessor`1 processor, ServerEndPoint server)
   在 StackExchange.Redis.RedisDatabase.StringGet(RedisKey key, CommandFlags flags)
   在 ListBLL.common.RedisUtility.Get[T](String key) 位置 D:\工作\ZH_LIST_MJ\list_mj\ListBLL\common\RedisUtility.cs:行号 109
   在 ListBLL.Logic.GetRoomCard.ExecuteCommand(GameSession session, ProtobufRequestInfo requestInfo) 位置 D:\工作\ZH_LIST_MJ\list_mj\ListBLL\Logic\GetRoomCard.cs:行号 22
   在 SuperSocket.SocketBase.AppServerBase`2.ExecuteCommand(TAppSession session, TRequestInfo requestInfo)
   在 SuperSocket.SocketBase.AppServerBase`2.ExecuteCommand(IAppSession session, TRequestInfo requestInfo)
   在 SuperSocket.SocketBase.AppSession`2.SuperSocket.SocketBase.IAppSession.ProcessRequest(Byte[] readBuffer, Int32 offset, Int32 length, Boolean toBeCopied)
2018-01-17 15:01:15,092 [13] ERROR LISTServer - StackExchange.Redis.RedisConnectionException: No connection is available to service this operation: GET Community:UserInfo:9697486827159f30f5cab73bbab97a1b56966c2a; SocketClosed on 192.168.2.12:6379/Interactive, origin: ProcessReadBytes, input-buffer: 0, outstanding: 0, last-read: 14s ago, last-write: 14s ago, unanswered-write: 450492s ago, keep-alive: 180s, pending: 0, state: ConnectedEstablished, in: 0, ar: 1, last-heartbeat: 0s ago, last-mbeat: 0s ago, global: 0s ago, mgr: ProcessReadQueue, err: never; IOCP: (Busy=0,Free=1000,Min=4,Max=1000), WORKER: (Busy=2,Free=2045,Min=4,Max=2047), Local-CPU: n/a ---> StackExchange.Redis.RedisConnectionException: SocketClosed on 192.168.2.12:6379/Interactive, origin: ProcessReadBytes, input-buffer: 0, outstanding: 0, last-read: 14s ago, last-write: 14s ago, unanswered-write: 450492s ago, keep-alive: 180s, pending: 0, state: ConnectedEstablished, in: 0, ar: 1, last-heartbeat: 0s ago, last-mbeat: 0s ago, global: 0s ago, mgr: ProcessReadQueue, err: never
   --- 内部异常堆栈跟踪的结尾 ---
   在 StackExchange.Redis.ConnectionMultiplexer.ExecuteSyncImpl[T](Message message, ResultProcessor`1 processor, ServerEndPoint server)
   在 StackExchange.Redis.RedisBase.ExecuteSync[T](Message message, ResultProcessor`1 processor, ServerEndPoint server)
   在 StackExchange.Redis.RedisDatabase.StringGet(RedisKey key, CommandFlags flags)
   在 ListBLL.common.RedisUtility.Get[T](String key) 位置 D:\工作\ZH_LIST_MJ\list_mj\ListBLL\common\RedisUtility.cs:行号 109
   在 ListBLL.Logic.ApplyToJoin.ExecuteCommand(GameSession session, ProtobufRequestInfo requestInfo) 位置 D:\工作\ZH_LIST_MJ\list_mj\ListBLL\Logic\ApplyToJoin.cs:行号 25
   在 SuperSocket.SocketBase.AppServerBase`2.ExecuteCommand(TAppSession session, TRequestInfo requestInfo)
   在 SuperSocket.SocketBase.AppServerBase`2.ExecuteCommand(IAppSession session, TRequestInfo requestInfo)
   在 SuperSocket.SocketBase.AppSession`2.SuperSocket.SocketBase.IAppSession.ProcessRequest(Byte[] readBuffer, Int32 offset, Int32 length, Boolean toBeCopied)
2018-01-17 15:01:15,825 [12] ERROR LISTServer - StackExchange.Redis.RedisConnectionException: No connection is available to service this operation: GET Community:UserList:cb02228dfbbc35594d8f3b7bdaa129cfedd86e9d; IOCP: (Busy=2,Free=998,Min=4,Max=1000), WORKER: (Busy=4,Free=2043,Min=4,Max=2047), Local-CPU: n/a
   在 StackExchange.Redis.ConnectionMultiplexer.ExecuteSyncImpl[T](Message message, ResultProcessor`1 processor, ServerEndPoint server)
   在 StackExchange.Redis.RedisBase.ExecuteSync[T](Message message, ResultProcessor`1 processor, ServerEndPoint server)
   在 StackExchange.Redis.RedisDatabase.StringGet(RedisKey key, CommandFlags flags)
   在 ListBLL.common.RedisUtility.Get[T](String key) 位置 D:\工作\ZH_LIST_MJ\list_mj\ListBLL\common\RedisUtility.cs:行号 109
   在 ListBLL.Logic.GetRoomCard.ExecuteCommand(GameSession session, ProtobufRequestInfo requestInfo) 位置 D:\工作\ZH_LIST_MJ\list_mj\ListBLL\Logic\GetRoomCard.cs:行号 22
   在 SuperSocket.SocketBase.AppServerBase`2.ExecuteCommand(TAppSession session, TRequestInfo requestInfo)
   在 SuperSocket.SocketBase.AppServerBase`2.ExecuteCommand(IAppSession session, TRequestInfo requestInfo)
   在 SuperSocket.SocketBase.AppSession`2.SuperSocket.SocketBase.IAppSession.ProcessRequest(Byte[] readBuffer, Int32 offset, Int32 length, Boolean toBeCopied)
2018-01-17 15:01:16,410 [11] ERROR LISTServer - StackExchange.Redis.RedisConnectionException: No connection is available to service this operation: GET Community:UserInfo:9697486827159f30f5cab73bbab97a1b56966c2a; IOCP: (Busy=0,Free=1000,Min=4,Max=1000), WORKER: (Busy=2,Free=2045,Min=4,Max=2047), Local-CPU: n/a
   在 StackExchange.Redis.ConnectionMultiplexer.ExecuteSyncImpl[T](Message message, ResultProcessor`1 processor, ServerEndPoint server)
   在 StackExchange.Redis.RedisBase.ExecuteSync[T](Message message, ResultProcessor`1 processor, ServerEndPoint server)
   在 StackExchange.Redis.RedisDatabase.StringGet(RedisKey key, CommandFlags flags)
   在 ListBLL.common.RedisUtility.Get[T](String key) 位置 D:\工作\ZH_LIST_MJ\list_mj\ListBLL\common\RedisUtility.cs:行号 109
   在 ListBLL.Logic.GetGroupInfo.ExecuteCommand(GameSession session, ProtobufRequestInfo requestInfo) 位置 D:\工作\ZH_LIST_MJ\list_mj\ListBLL\Logic\GetGroupInfo.cs:行号 26
   在 SuperSocket.SocketBase.AppServerBase`2.ExecuteCommand(TAppSession session, TRequestInfo requestInfo)
   在 SuperSocket.SocketBase.AppServerBase`2.ExecuteCommand(IAppSession session, TRequestInfo requestInfo)
   在 SuperSocket.SocketBase.AppSession`2.SuperSocket.SocketBase.IAppSession.ProcessRequest(Byte[] readBuffer, Int32 offset, Int32 length, Boolean toBeCopied)
