2018-01-06 16:35:39,229 [3] ERROR LISTServer - StackExchange.Redis.RedisTimeoutException: Timeout performing GET Community:UserInfo:cb02228dfbbc35594d8f3b7bdaa129cfedd86e9d, inst: 1, mgr: ExecuteSelect, err: never, queue: 2, qu: 0, qs: 2, qc: 0, wr: 0, wq: 0, in: 0, ar: 0, clientName: DESKTOP-AQ7QR9L, serverEndpoint: 192.168.2.12:6379, keyHashSlot: 11891, IOCP: (Busy=0,Free=1000,Min=4,Max=1000), WORKER: (Busy=1,Free=2046,Min=4,Max=2047) (Please take a look at this article for some common client-side issues that can cause timeouts: http://stackexchange.github.io/StackExchange.Redis/Timeouts)
   在 StackExchange.Redis.ConnectionMultiplexer.ExecuteSyncImpl[T](Message message, ResultProcessor`1 processor, ServerEndPoint server)
   在 StackExchange.Redis.RedisBase.ExecuteSync[T](Message message, ResultProcessor`1 processor, ServerEndPoint server)
   在 StackExchange.Redis.RedisDatabase.StringGet(RedisKey key, CommandFlags flags)
   在 ListBLL.common.RedisUtility.Get[T](String key) 位置 D:\工作\ZH_LIST_MJ\list_mj\ListBLL\common\RedisUtility.cs:行号 109
   在 ListBLL.Logic.GetGroupInfo.ExecuteCommand(GameSession session, ProtobufRequestInfo requestInfo) 位置 D:\工作\ZH_LIST_MJ\list_mj\ListBLL\Logic\GetGroupInfo.cs:行号 26
   在 SuperSocket.SocketBase.AppServerBase`2.ExecuteCommand(TAppSession session, TRequestInfo requestInfo)
   在 SuperSocket.SocketBase.AppServerBase`2.ExecuteCommand(IAppSession session, TRequestInfo requestInfo)
   在 SuperSocket.SocketBase.AppSession`2.SuperSocket.SocketBase.IAppSession.ProcessRequest(Byte[] readBuffer, Int32 offset, Int32 length, Boolean toBeCopied)
2018-01-06 16:35:41,267 [11] ERROR LISTServer - StackExchange.Redis.RedisConnectionException: SocketClosed on GET
   在 StackExchange.Redis.ConnectionMultiplexer.ExecuteSyncImpl[T](Message message, ResultProcessor`1 processor, ServerEndPoint server)
   在 StackExchange.Redis.RedisBase.ExecuteSync[T](Message message, ResultProcessor`1 processor, ServerEndPoint server)
   在 StackExchange.Redis.RedisDatabase.StringGet(RedisKey key, CommandFlags flags)
   在 ListBLL.common.RedisUtility.Get[T](String key) 位置 D:\工作\ZH_LIST_MJ\list_mj\ListBLL\common\RedisUtility.cs:行号 109
   在 ListBLL.Logic.GetRoomCard.ExecuteCommand(GameSession session, ProtobufRequestInfo requestInfo) 位置 D:\工作\ZH_LIST_MJ\list_mj\ListBLL\Logic\GetRoomCard.cs:行号 22
   在 SuperSocket.SocketBase.AppServerBase`2.ExecuteCommand(TAppSession session, TRequestInfo requestInfo)
   在 SuperSocket.SocketBase.AppServerBase`2.ExecuteCommand(IAppSession session, TRequestInfo requestInfo)
   在 SuperSocket.SocketBase.AppSession`2.SuperSocket.SocketBase.IAppSession.ProcessRequest(Byte[] readBuffer, Int32 offset, Int32 length, Boolean toBeCopied)
2018-01-06 16:36:50,953 [9] ERROR LISTServer - StackExchange.Redis.RedisTimeoutException: Timeout performing GET Community:UserList:9697486827159f30f5cab73bbab97a1b56966c2a, inst: 1, mgr: ExecuteSelect, err: never, queue: 3, qu: 0, qs: 3, qc: 0, wr: 0, wq: 0, in: 0, ar: 0, clientName: DESKTOP-AQ7QR9L, serverEndpoint: 192.168.2.12:6379, keyHashSlot: 5266, IOCP: (Busy=0,Free=1000,Min=4,Max=1000), WORKER: (Busy=1,Free=2046,Min=4,Max=2047) (Please take a look at this article for some common client-side issues that can cause timeouts: http://stackexchange.github.io/StackExchange.Redis/Timeouts)
   在 StackExchange.Redis.ConnectionMultiplexer.ExecuteSyncImpl[T](Message message, ResultProcessor`1 processor, ServerEndPoint server)
   在 StackExchange.Redis.RedisBase.ExecuteSync[T](Message message, ResultProcessor`1 processor, ServerEndPoint server)
   在 StackExchange.Redis.RedisDatabase.StringGet(RedisKey key, CommandFlags flags)
   在 ListBLL.common.RedisUtility.Get[T](String key) 位置 D:\工作\ZH_LIST_MJ\list_mj\ListBLL\common\RedisUtility.cs:行号 109
   在 ListBLL.Logic.Login.ExecuteCommand(GameSession session, ProtobufRequestInfo requestInfo) 位置 D:\工作\ZH_LIST_MJ\list_mj\ListBLL\Logic\Login.cs:行号 62
   在 SuperSocket.SocketBase.AppServerBase`2.ExecuteCommand(TAppSession session, TRequestInfo requestInfo)
   在 SuperSocket.SocketBase.AppServerBase`2.ExecuteCommand(IAppSession session, TRequestInfo requestInfo)
   在 SuperSocket.SocketBase.AppSession`2.SuperSocket.SocketBase.IAppSession.ProcessRequest(Byte[] readBuffer, Int32 offset, Int32 length, Boolean toBeCopied)
2018-01-06 16:56:05,734 [11] ERROR LISTServer - StackExchange.Redis.RedisConnectionException: No connection is available to service this operation: GET Community:UserList:cb02228dfbbc35594d8f3b7bdaa129cfedd86e9d; SocketClosed on 192.168.2.12:6379/Interactive, origin: ProcessReadBytes, input-buffer: 0, outstanding: 0, last-read: 11s ago, last-write: 11s ago, unanswered-write: 94472s ago, keep-alive: 180s, pending: 0, state: ConnectedEstablished, in: 0, ar: 1, last-heartbeat: 0s ago, last-mbeat: 0s ago, global: 0s ago, mgr: ProcessReadQueue, err: never; IOCP: (Busy=0,Free=1000,Min=4,Max=1000), WORKER: (Busy=1,Free=2046,Min=4,Max=2047), Local-CPU: n/a ---> StackExchange.Redis.RedisConnectionException: SocketClosed on 192.168.2.12:6379/Interactive, origin: ProcessReadBytes, input-buffer: 0, outstanding: 0, last-read: 11s ago, last-write: 11s ago, unanswered-write: 94472s ago, keep-alive: 180s, pending: 0, state: ConnectedEstablished, in: 0, ar: 1, last-heartbeat: 0s ago, last-mbeat: 0s ago, global: 0s ago, mgr: ProcessReadQueue, err: never
   --- 内部异常堆栈跟踪的结尾 ---
   在 StackExchange.Redis.ConnectionMultiplexer.ExecuteSyncImpl[T](Message message, ResultProcessor`1 processor, ServerEndPoint server)
   在 StackExchange.Redis.RedisBase.ExecuteSync[T](Message message, ResultProcessor`1 processor, ServerEndPoint server)
   在 StackExchange.Redis.RedisDatabase.StringGet(RedisKey key, CommandFlags flags)
   在 ListBLL.common.RedisUtility.Get[T](String key) 位置 D:\工作\ZH_LIST_MJ\list_mj\ListBLL\common\RedisUtility.cs:行号 109
   在 ListBLL.Logic.GetRoomCard.ExecuteCommand(GameSession session, ProtobufRequestInfo requestInfo) 位置 D:\工作\ZH_LIST_MJ\list_mj\ListBLL\Logic\GetRoomCard.cs:行号 22
   在 SuperSocket.SocketBase.AppServerBase`2.ExecuteCommand(TAppSession session, TRequestInfo requestInfo)
   在 SuperSocket.SocketBase.AppServerBase`2.ExecuteCommand(IAppSession session, TRequestInfo requestInfo)
   在 SuperSocket.SocketBase.AppSession`2.SuperSocket.SocketBase.IAppSession.ProcessRequest(Byte[] readBuffer, Int32 offset, Int32 length, Boolean toBeCopied)
2018-01-06 17:02:07,081 [26] ERROR LISTServer - StackExchange.Redis.RedisTimeoutException: Timeout performing GET Community:UserList:cb02228dfbbc35594d8f3b7bdaa129cfedd86e9d, inst: 1, mgr: ExecuteSelect, err: never, queue: 3, qu: 0, qs: 3, qc: 0, wr: 0, wq: 0, in: 0, ar: 0, clientName: DESKTOP-AQ7QR9L, serverEndpoint: 192.168.2.12:6379, keyHashSlot: 9289, IOCP: (Busy=0,Free=1000,Min=4,Max=1000), WORKER: (Busy=1,Free=2046,Min=4,Max=2047) (Please take a look at this article for some common client-side issues that can cause timeouts: http://stackexchange.github.io/StackExchange.Redis/Timeouts)
   在 StackExchange.Redis.ConnectionMultiplexer.ExecuteSyncImpl[T](Message message, ResultProcessor`1 processor, ServerEndPoint server)
   在 StackExchange.Redis.RedisBase.ExecuteSync[T](Message message, ResultProcessor`1 processor, ServerEndPoint server)
   在 StackExchange.Redis.RedisDatabase.StringGet(RedisKey key, CommandFlags flags)
   在 ListBLL.common.RedisUtility.Get[T](String key) 位置 D:\工作\ZH_LIST_MJ\list_mj\ListBLL\common\RedisUtility.cs:行号 109
   在 ListBLL.Logic.UserRecordLogic.ExecuteCommand(GameSession session, ProtobufRequestInfo requestInfo) 位置 D:\工作\ZH_LIST_MJ\list_mj\ListBLL\Logic\UserRecordLogic.cs:行号 20
   在 SuperSocket.SocketBase.AppServerBase`2.ExecuteCommand(TAppSession session, TRequestInfo requestInfo)
   在 SuperSocket.SocketBase.AppServerBase`2.ExecuteCommand(IAppSession session, TRequestInfo requestInfo)
   在 SuperSocket.SocketBase.AppSession`2.SuperSocket.SocketBase.IAppSession.ProcessRequest(Byte[] readBuffer, Int32 offset, Int32 length, Boolean toBeCopied)
2018-01-06 17:36:17,123 [23] ERROR LISTServer - StackExchange.Redis.RedisTimeoutException: Timeout performing GET Community:UserList:cb02228dfbbc35594d8f3b7bdaa129cfedd86e9d, inst: 1, mgr: ExecuteSelect, err: never, queue: 2, qu: 0, qs: 2, qc: 0, wr: 0, wq: 0, in: 0, ar: 0, clientName: DESKTOP-AQ7QR9L, serverEndpoint: 192.168.2.12:6379, keyHashSlot: 9289, IOCP: (Busy=0,Free=1000,Min=4,Max=1000), WORKER: (Busy=1,Free=2046,Min=4,Max=2047) (Please take a look at this article for some common client-side issues that can cause timeouts: http://stackexchange.github.io/StackExchange.Redis/Timeouts)
   在 StackExchange.Redis.ConnectionMultiplexer.ExecuteSyncImpl[T](Message message, ResultProcessor`1 processor, ServerEndPoint server)
   在 StackExchange.Redis.RedisBase.ExecuteSync[T](Message message, ResultProcessor`1 processor, ServerEndPoint server)
   在 StackExchange.Redis.RedisDatabase.StringGet(RedisKey key, CommandFlags flags)
   在 ListBLL.common.RedisUtility.Get[T](String key) 位置 D:\工作\ZH_LIST_MJ\list_mj\ListBLL\common\RedisUtility.cs:行号 109
   在 ListBLL.Logic.GetRoomCard.ExecuteCommand(GameSession session, ProtobufRequestInfo requestInfo) 位置 D:\工作\ZH_LIST_MJ\list_mj\ListBLL\Logic\GetRoomCard.cs:行号 22
   在 SuperSocket.SocketBase.AppServerBase`2.ExecuteCommand(TAppSession session, TRequestInfo requestInfo)
   在 SuperSocket.SocketBase.AppServerBase`2.ExecuteCommand(IAppSession session, TRequestInfo requestInfo)
   在 SuperSocket.SocketBase.AppSession`2.SuperSocket.SocketBase.IAppSession.ProcessRequest(Byte[] readBuffer, Int32 offset, Int32 length, Boolean toBeCopied)
2018-01-06 17:36:18,996 [23] ERROR LISTServer - StackExchange.Redis.RedisTimeoutException: Timeout performing GET Community:UserList:cb02228dfbbc35594d8f3b7bdaa129cfedd86e9d, inst: 1, mgr: ExecuteSelect, err: never, queue: 2, qu: 0, qs: 2, qc: 0, wr: 0, wq: 0, in: 0, ar: 0, clientName: DESKTOP-AQ7QR9L, serverEndpoint: 192.168.2.12:6379, keyHashSlot: 9289, IOCP: (Busy=0,Free=1000,Min=4,Max=1000), WORKER: (Busy=1,Free=2046,Min=4,Max=2047) (Please take a look at this article for some common client-side issues that can cause timeouts: http://stackexchange.github.io/StackExchange.Redis/Timeouts)
   在 StackExchange.Redis.ConnectionMultiplexer.ExecuteSyncImpl[T](Message message, ResultProcessor`1 processor, ServerEndPoint server)
   在 StackExchange.Redis.RedisBase.ExecuteSync[T](Message message, ResultProcessor`1 processor, ServerEndPoint server)
   在 StackExchange.Redis.RedisDatabase.StringGet(RedisKey key, CommandFlags flags)
   在 ListBLL.common.RedisUtility.Get[T](String key) 位置 D:\工作\ZH_LIST_MJ\list_mj\ListBLL\common\RedisUtility.cs:行号 109
   在 ListBLL.Logic.UserRecordLogic.ExecuteCommand(GameSession session, ProtobufRequestInfo requestInfo) 位置 D:\工作\ZH_LIST_MJ\list_mj\ListBLL\Logic\UserRecordLogic.cs:行号 20
   在 SuperSocket.SocketBase.AppServerBase`2.ExecuteCommand(TAppSession session, TRequestInfo requestInfo)
   在 SuperSocket.SocketBase.AppServerBase`2.ExecuteCommand(IAppSession session, TRequestInfo requestInfo)
   在 SuperSocket.SocketBase.AppSession`2.SuperSocket.SocketBase.IAppSession.ProcessRequest(Byte[] readBuffer, Int32 offset, Int32 length, Boolean toBeCopied)
2018-01-06 18:10:01,349 [19] ERROR LISTServer - StackExchange.Redis.RedisTimeoutException: Timeout performing GET Community:UserList:cb02228dfbbc35594d8f3b7bdaa129cfedd86e9d, inst: 1, mgr: ExecuteSelect, err: never, queue: 2, qu: 0, qs: 2, qc: 0, wr: 0, wq: 0, in: 0, ar: 0, clientName: DESKTOP-AQ7QR9L, serverEndpoint: 192.168.2.12:6379, keyHashSlot: 9289, IOCP: (Busy=0,Free=1000,Min=4,Max=1000), WORKER: (Busy=1,Free=2046,Min=4,Max=2047) (Please take a look at this article for some common client-side issues that can cause timeouts: http://stackexchange.github.io/StackExchange.Redis/Timeouts)
   在 StackExchange.Redis.ConnectionMultiplexer.ExecuteSyncImpl[T](Message message, ResultProcessor`1 processor, ServerEndPoint server)
   在 StackExchange.Redis.RedisBase.ExecuteSync[T](Message message, ResultProcessor`1 processor, ServerEndPoint server)
   在 StackExchange.Redis.RedisDatabase.StringGet(RedisKey key, CommandFlags flags)
   在 ListBLL.common.RedisUtility.Get[T](String key) 位置 D:\工作\ZH_LIST_MJ\list_mj\ListBLL\common\RedisUtility.cs:行号 109
   在 ListBLL.Logic.UserRecordLogic.ExecuteCommand(GameSession session, ProtobufRequestInfo requestInfo) 位置 D:\工作\ZH_LIST_MJ\list_mj\ListBLL\Logic\UserRecordLogic.cs:行号 20
   在 SuperSocket.SocketBase.AppServerBase`2.ExecuteCommand(TAppSession session, TRequestInfo requestInfo)
   在 SuperSocket.SocketBase.AppServerBase`2.ExecuteCommand(IAppSession session, TRequestInfo requestInfo)
   在 SuperSocket.SocketBase.AppSession`2.SuperSocket.SocketBase.IAppSession.ProcessRequest(Byte[] readBuffer, Int32 offset, Int32 length, Boolean toBeCopied)
2018-01-06 18:10:02,108 [19] ERROR LISTServer - StackExchange.Redis.RedisConnectionException: No connection is available to service this operation: GET Community:UserList:cb02228dfbbc35594d8f3b7bdaa129cfedd86e9d; It was not possible to connect to the redis server(s); ConnectTimeout; IOCP: (Busy=1,Free=999,Min=4,Max=1000), WORKER: (Busy=1,Free=2046,Min=4,Max=2047), Local-CPU: n/a ---> StackExchange.Redis.RedisConnectionException: It was not possible to connect to the redis server(s); ConnectTimeout
   --- 内部异常堆栈跟踪的结尾 ---
   在 StackExchange.Redis.ConnectionMultiplexer.ExecuteSyncImpl[T](Message message, ResultProcessor`1 processor, ServerEndPoint server)
   在 StackExchange.Redis.RedisBase.ExecuteSync[T](Message message, ResultProcessor`1 processor, ServerEndPoint server)
   在 StackExchange.Redis.RedisDatabase.StringGet(RedisKey key, CommandFlags flags)
   在 ListBLL.common.RedisUtility.Get[T](String key) 位置 D:\工作\ZH_LIST_MJ\list_mj\ListBLL\common\RedisUtility.cs:行号 109
   在 ListBLL.Logic.UserRecordLogic.ExecuteCommand(GameSession session, ProtobufRequestInfo requestInfo) 位置 D:\工作\ZH_LIST_MJ\list_mj\ListBLL\Logic\UserRecordLogic.cs:行号 20
   在 SuperSocket.SocketBase.AppServerBase`2.ExecuteCommand(TAppSession session, TRequestInfo requestInfo)
   在 SuperSocket.SocketBase.AppServerBase`2.ExecuteCommand(IAppSession session, TRequestInfo requestInfo)
   在 SuperSocket.SocketBase.AppSession`2.SuperSocket.SocketBase.IAppSession.ProcessRequest(Byte[] readBuffer, Int32 offset, Int32 length, Boolean toBeCopied)
