2017-10-22 10:30:27,972 [8] ERROR LISTServer - System.TypeInitializationException: “ListBLL.common.PutObjectSample”的类型初始值设定项引发异常。 ---> System.ArgumentException: 参数为空引用或值为长度是零的字符串。
参数名: accessKeySecret
   在 Aliyun.OSS.Util.OssUtils.CheckCredentials(String accessKeyId, String accessKeySecret) 位置 D:\work\oss\csharp\aliyun-oss-csharp-sdk\sdk\Util\OssUtils.cs:行号 374
   在 Aliyun.OSS.OssClient..ctor(String endpoint, String accessKeyId, String accessKeySecret) 位置 D:\work\oss\csharp\aliyun-oss-csharp-sdk\sdk\OssClient.cs:行号 51
   在 ListBLL.common.PutObjectSample..cctor() 位置 D:\工作\ZH_LIST_MJ\list_mj\ListBLL\common\PutObjectSample.cs:行号 23
   --- 内部异常堆栈跟踪的结尾 ---
   在 ListBLL.Logic.Login.AddUser(mjuserinfo md) 位置 D:\工作\ZH_LIST_MJ\list_mj\ListBLL\Logic\Login.cs:行号 269
   在 ListBLL.Logic.Login.ExecuteCommand(GameSession session, ProtobufRequestInfo requestInfo) 位置 D:\工作\ZH_LIST_MJ\list_mj\ListBLL\Logic\Login.cs:行号 57
   在 SuperSocket.SocketBase.AppServerBase`2.ExecuteCommand(TAppSession session, TRequestInfo requestInfo)
   在 SuperSocket.SocketBase.AppServerBase`2.ExecuteCommand(IAppSession session, TRequestInfo requestInfo)
   在 SuperSocket.SocketBase.AppSession`2.SuperSocket.SocketBase.IAppSession.ProcessRequest(Byte[] readBuffer, Int32 offset, Int32 length, Boolean toBeCopied)
2017-10-22 10:32:08,933 [8] ERROR LISTServer - System.TypeInitializationException: “ListBLL.common.PutObjectSample”的类型初始值设定项引发异常。 ---> System.ArgumentException: 参数为空引用或值为长度是零的字符串。
参数名: accessKeySecret
   在 Aliyun.OSS.Util.OssUtils.CheckCredentials(String accessKeyId, String accessKeySecret) 位置 D:\work\oss\csharp\aliyun-oss-csharp-sdk\sdk\Util\OssUtils.cs:行号 374
   在 Aliyun.OSS.OssClient..ctor(String endpoint, String accessKeyId, String accessKeySecret) 位置 D:\work\oss\csharp\aliyun-oss-csharp-sdk\sdk\OssClient.cs:行号 51
   在 ListBLL.common.PutObjectSample..cctor() 位置 D:\工作\ZH_LIST_MJ\list_mj\ListBLL\common\PutObjectSample.cs:行号 23
   --- 内部异常堆栈跟踪的结尾 ---
   在 ListBLL.Logic.Login.AddUser(mjuserinfo md) 位置 D:\工作\ZH_LIST_MJ\list_mj\ListBLL\Logic\Login.cs:行号 269
   在 ListBLL.Logic.Login.ExecuteCommand(GameSession session, ProtobufRequestInfo requestInfo) 位置 D:\工作\ZH_LIST_MJ\list_mj\ListBLL\Logic\Login.cs:行号 57
   在 SuperSocket.SocketBase.AppServerBase`2.ExecuteCommand(TAppSession session, TRequestInfo requestInfo)
   在 SuperSocket.SocketBase.AppServerBase`2.ExecuteCommand(IAppSession session, TRequestInfo requestInfo)
   在 SuperSocket.SocketBase.AppSession`2.SuperSocket.SocketBase.IAppSession.ProcessRequest(Byte[] readBuffer, Int32 offset, Int32 length, Boolean toBeCopied)
2017-10-22 10:32:56,270 [12] ERROR LISTServer - StackExchange.Redis.RedisConnectionException: It was not possible to connect to the redis server(s); to create a disconnected multiplexer, disable AbortOnConnectFail. SocketFailure on PING
   在 StackExchange.Redis.ConnectionMultiplexer.ConnectImpl(Func`1 multiplexerFactory, TextWriter log)
   在 StackExchange.Redis.ConnectionMultiplexer.Connect(ConfigurationOptions configuration, TextWriter log)
   在 ListBLL.common.RedisUtility.Get[T](String key) 位置 D:\工作\ZH_LIST_MJ\list_mj\ListBLL\common\RedisUtility.cs:行号 166
   在 ListBLL.Logic.Login.ExecuteCommand(GameSession session, ProtobufRequestInfo requestInfo) 位置 D:\工作\ZH_LIST_MJ\list_mj\ListBLL\Logic\Login.cs:行号 61
   在 SuperSocket.SocketBase.AppServerBase`2.ExecuteCommand(TAppSession session, TRequestInfo requestInfo)
   在 SuperSocket.SocketBase.AppServerBase`2.ExecuteCommand(IAppSession session, TRequestInfo requestInfo)
   在 SuperSocket.SocketBase.AppSession`2.SuperSocket.SocketBase.IAppSession.ProcessRequest(Byte[] readBuffer, Int32 offset, Int32 length, Boolean toBeCopied)
2017-10-22 10:35:34,728 [13] ERROR LISTServer - StackExchange.Redis.RedisConnectionException: It was not possible to connect to the redis server(s); to create a disconnected multiplexer, disable AbortOnConnectFail. SocketFailure on PING
   在 StackExchange.Redis.ConnectionMultiplexer.ConnectImpl(Func`1 multiplexerFactory, TextWriter log)
   在 StackExchange.Redis.ConnectionMultiplexer.Connect(ConfigurationOptions configuration, TextWriter log)
   在 ListBLL.common.RedisUtility.Get[T](String key) 位置 D:\工作\ZH_LIST_MJ\list_mj\ListBLL\common\RedisUtility.cs:行号 166
   在 ListBLL.Logic.Login.ExecuteCommand(GameSession session, ProtobufRequestInfo requestInfo) 位置 D:\工作\ZH_LIST_MJ\list_mj\ListBLL\Logic\Login.cs:行号 61
   在 SuperSocket.SocketBase.AppServerBase`2.ExecuteCommand(TAppSession session, TRequestInfo requestInfo)
   在 SuperSocket.SocketBase.AppServerBase`2.ExecuteCommand(IAppSession session, TRequestInfo requestInfo)
   在 SuperSocket.SocketBase.AppSession`2.SuperSocket.SocketBase.IAppSession.ProcessRequest(Byte[] readBuffer, Int32 offset, Int32 length, Boolean toBeCopied)
2017-10-22 10:41:11,559 [13] ERROR LISTServer - StackExchange.Redis.RedisConnectionException: It was not possible to connect to the redis server(s); to create a disconnected multiplexer, disable AbortOnConnectFail. 
   在 StackExchange.Redis.ConnectionMultiplexer.ConnectImpl(Func`1 multiplexerFactory, TextWriter log)
   在 StackExchange.Redis.ConnectionMultiplexer.Connect(ConfigurationOptions configuration, TextWriter log)
   在 ListBLL.common.RedisUtility.Get[T](String key) 位置 D:\工作\ZH_LIST_MJ\list_mj\ListBLL\common\RedisUtility.cs:行号 166
   在 ListBLL.Logic.GameOperation.ExecuteCommand(GameSession session, ProtobufRequestInfo requestInfo) 位置 D:\工作\ZH_LIST_MJ\list_mj\ListBLL\Logic\GameOperation.cs:行号 23
   在 SuperSocket.SocketBase.AppServerBase`2.ExecuteCommand(TAppSession session, TRequestInfo requestInfo)
   在 SuperSocket.SocketBase.AppServerBase`2.ExecuteCommand(IAppSession session, TRequestInfo requestInfo)
   在 SuperSocket.SocketBase.AppSession`2.SuperSocket.SocketBase.IAppSession.ProcessRequest(Byte[] readBuffer, Int32 offset, Int32 length, Boolean toBeCopied)
2017-10-22 10:46:08,437 [7] ERROR LISTServer - MySql.Data.MySqlClient.MySqlException (0x80004005): Unable to connect to any of the specified MySQL hosts. ---> System.Net.Sockets.SocketException (0x80004005): 由于连接方在一段时间后没有正确答复或连接的主机没有反应，连接尝试失败。 192.168.2.215:3306
   在 System.Net.Sockets.Socket.EndConnect(IAsyncResult asyncResult)
   在 MySql.Data.Common.StreamCreator.CreateSocketStream(IPAddress ip, Boolean unix)
   在 MySql.Data.Common.StreamCreator.GetStreamFromHost(String pipeName, String hostName, UInt32 timeout)
   在 MySql.Data.Common.StreamCreator.GetStream(UInt32 timeout)
   在 MySql.Data.MySqlClient.NativeDriver.Open()
   在 MySql.Data.MySqlClient.NativeDriver.Open()
   在 MySql.Data.MySqlClient.Driver.Open()
   在 MySql.Data.MySqlClient.Driver.Create(MySqlConnectionStringBuilder settings)
   在 MySql.Data.MySqlClient.MySqlPool.GetPooledConnection()
   在 MySql.Data.MySqlClient.MySqlPool.TryToGetDriver()
   在 MySql.Data.MySqlClient.MySqlPool.GetConnection()
   在 MySql.Data.MySqlClient.MySqlConnection.Open()
   在 DAL.DBHelp.DbHelperMySQL.PrepareCommand(MySqlCommand cmd, MySqlConnection conn, MySqlTransaction trans, String cmdText, MySqlParameter[] cmdParms) 位置 D:\工作\ZH_LIST_MJ\list_mj\DAL\DBHelp\DbHelperMySQL.cs:行号 733
   在 DAL.DBHelp.DbHelperMySQL.Query(String SQLString, MySqlParameter[] cmdParms) 位置 D:\工作\ZH_LIST_MJ\list_mj\DAL\DBHelp\DbHelperMySQL.cs:行号 711
   在 DAL.DAL.mjuserinfoDAL.GetModel(String openid) 位置 D:\工作\ZH_LIST_MJ\list_mj\DAL\DAL\mjuserinfoDAL.cs:行号 226
   在 ListBLL.Logic.Login.AddUser(mjuserinfo md) 位置 D:\工作\ZH_LIST_MJ\list_mj\ListBLL\Logic\Login.cs:行号 214
   在 ListBLL.Logic.Login.ExecuteCommand(GameSession session, ProtobufRequestInfo requestInfo) 位置 D:\工作\ZH_LIST_MJ\list_mj\ListBLL\Logic\Login.cs:行号 57
   在 SuperSocket.SocketBase.AppServerBase`2.ExecuteCommand(TAppSession session, TRequestInfo requestInfo)
   在 SuperSocket.SocketBase.AppServerBase`2.ExecuteCommand(IAppSession session, TRequestInfo requestInfo)
   在 SuperSocket.SocketBase.AppSession`2.SuperSocket.SocketBase.IAppSession.ProcessRequest(Byte[] readBuffer, Int32 offset, Int32 length, Boolean toBeCopied)
2017-10-22 10:48:21,139 [7] ERROR LISTServer - MySql.Data.MySqlClient.MySqlException (0x80004005): Unable to connect to any of the specified MySQL hosts. ---> System.Net.Sockets.SocketException (0x80004005): 由于连接方在一段时间后没有正确答复或连接的主机没有反应，连接尝试失败。 192.168.2.215:3306
   在 System.Net.Sockets.Socket.EndConnect(IAsyncResult asyncResult)
   在 MySql.Data.Common.StreamCreator.CreateSocketStream(IPAddress ip, Boolean unix)
   在 MySql.Data.Common.StreamCreator.GetStreamFromHost(String pipeName, String hostName, UInt32 timeout)
   在 MySql.Data.Common.StreamCreator.GetStream(UInt32 timeout)
   在 MySql.Data.MySqlClient.NativeDriver.Open()
   在 MySql.Data.MySqlClient.NativeDriver.Open()
   在 MySql.Data.MySqlClient.Driver.Open()
   在 MySql.Data.MySqlClient.Driver.Create(MySqlConnectionStringBuilder settings)
   在 MySql.Data.MySqlClient.MySqlPool.GetPooledConnection()
   在 MySql.Data.MySqlClient.MySqlPool.TryToGetDriver()
   在 MySql.Data.MySqlClient.MySqlPool.GetConnection()
   在 MySql.Data.MySqlClient.MySqlConnection.Open()
   在 DAL.DBHelp.DbHelperMySQL.PrepareCommand(MySqlCommand cmd, MySqlConnection conn, MySqlTransaction trans, String cmdText, MySqlParameter[] cmdParms) 位置 D:\工作\ZH_LIST_MJ\list_mj\DAL\DBHelp\DbHelperMySQL.cs:行号 733
   在 DAL.DBHelp.DbHelperMySQL.Query(String SQLString, MySqlParameter[] cmdParms) 位置 D:\工作\ZH_LIST_MJ\list_mj\DAL\DBHelp\DbHelperMySQL.cs:行号 711
   在 DAL.DAL.mjuserinfoDAL.GetModel(String openid) 位置 D:\工作\ZH_LIST_MJ\list_mj\DAL\DAL\mjuserinfoDAL.cs:行号 226
   在 ListBLL.Logic.Login.AddUser(mjuserinfo md) 位置 D:\工作\ZH_LIST_MJ\list_mj\ListBLL\Logic\Login.cs:行号 214
   在 ListBLL.Logic.Login.ExecuteCommand(GameSession session, ProtobufRequestInfo requestInfo) 位置 D:\工作\ZH_LIST_MJ\list_mj\ListBLL\Logic\Login.cs:行号 57
   在 SuperSocket.SocketBase.AppServerBase`2.ExecuteCommand(TAppSession session, TRequestInfo requestInfo)
   在 SuperSocket.SocketBase.AppServerBase`2.ExecuteCommand(IAppSession session, TRequestInfo requestInfo)
   在 SuperSocket.SocketBase.AppSession`2.SuperSocket.SocketBase.IAppSession.ProcessRequest(Byte[] readBuffer, Int32 offset, Int32 length, Boolean toBeCopied)
2017-10-22 10:50:10,345 [13] ERROR LISTServer - MySql.Data.MySqlClient.MySqlException (0x80004005): Unable to connect to any of the specified MySQL hosts. ---> System.Net.Sockets.SocketException (0x80004005): 由于连接方在一段时间后没有正确答复或连接的主机没有反应，连接尝试失败。 192.168.2.215:3306
   在 System.Net.Sockets.Socket.EndConnect(IAsyncResult asyncResult)
   在 MySql.Data.Common.StreamCreator.CreateSocketStream(IPAddress ip, Boolean unix)
   在 MySql.Data.Common.StreamCreator.GetStreamFromHost(String pipeName, String hostName, UInt32 timeout)
   在 MySql.Data.Common.StreamCreator.GetStream(UInt32 timeout)
   在 MySql.Data.MySqlClient.NativeDriver.Open()
   在 MySql.Data.MySqlClient.NativeDriver.Open()
   在 MySql.Data.MySqlClient.Driver.Open()
   在 MySql.Data.MySqlClient.Driver.Create(MySqlConnectionStringBuilder settings)
   在 MySql.Data.MySqlClient.MySqlPool.GetPooledConnection()
   在 MySql.Data.MySqlClient.MySqlPool.TryToGetDriver()
   在 MySql.Data.MySqlClient.MySqlPool.GetConnection()
   在 MySql.Data.MySqlClient.MySqlConnection.Open()
   在 DAL.DBHelp.DbHelperMySQL.PrepareCommand(MySqlCommand cmd, MySqlConnection conn, MySqlTransaction trans, String cmdText, MySqlParameter[] cmdParms) 位置 D:\工作\ZH_LIST_MJ\list_mj\DAL\DBHelp\DbHelperMySQL.cs:行号 733
   在 DAL.DBHelp.DbHelperMySQL.Query(String SQLString, MySqlParameter[] cmdParms) 位置 D:\工作\ZH_LIST_MJ\list_mj\DAL\DBHelp\DbHelperMySQL.cs:行号 711
   在 DAL.DAL.mjuserinfoDAL.GetModel(String openid) 位置 D:\工作\ZH_LIST_MJ\list_mj\DAL\DAL\mjuserinfoDAL.cs:行号 226
   在 ListBLL.Logic.Login.AddUser(mjuserinfo md) 位置 D:\工作\ZH_LIST_MJ\list_mj\ListBLL\Logic\Login.cs:行号 214
   在 ListBLL.Logic.Login.ExecuteCommand(GameSession session, ProtobufRequestInfo requestInfo) 位置 D:\工作\ZH_LIST_MJ\list_mj\ListBLL\Logic\Login.cs:行号 57
   在 SuperSocket.SocketBase.AppServerBase`2.ExecuteCommand(TAppSession session, TRequestInfo requestInfo)
   在 SuperSocket.SocketBase.AppServerBase`2.ExecuteCommand(IAppSession session, TRequestInfo requestInfo)
   在 SuperSocket.SocketBase.AppSession`2.SuperSocket.SocketBase.IAppSession.ProcessRequest(Byte[] readBuffer, Int32 offset, Int32 length, Boolean toBeCopied)
2017-10-22 10:50:51,028 [12] ERROR LISTServer - MySql.Data.MySqlClient.MySqlException (0x80004005): Unable to connect to any of the specified MySQL hosts. ---> System.Net.Sockets.SocketException (0x80004005): 由于连接方在一段时间后没有正确答复或连接的主机没有反应，连接尝试失败。 192.168.2.215:3306
   在 System.Net.Sockets.Socket.EndConnect(IAsyncResult asyncResult)
   在 MySql.Data.Common.StreamCreator.CreateSocketStream(IPAddress ip, Boolean unix)
   在 MySql.Data.Common.StreamCreator.GetStreamFromHost(String pipeName, String hostName, UInt32 timeout)
   在 MySql.Data.Common.StreamCreator.GetStream(UInt32 timeout)
   在 MySql.Data.MySqlClient.NativeDriver.Open()
   在 MySql.Data.MySqlClient.NativeDriver.Open()
   在 MySql.Data.MySqlClient.Driver.Open()
   在 MySql.Data.MySqlClient.Driver.Create(MySqlConnectionStringBuilder settings)
   在 MySql.Data.MySqlClient.MySqlPool.GetPooledConnection()
   在 MySql.Data.MySqlClient.MySqlPool.TryToGetDriver()
   在 MySql.Data.MySqlClient.MySqlPool.GetConnection()
   在 MySql.Data.MySqlClient.MySqlConnection.Open()
   在 DAL.DBHelp.DbHelperMySQL.PrepareCommand(MySqlCommand cmd, MySqlConnection conn, MySqlTransaction trans, String cmdText, MySqlParameter[] cmdParms) 位置 D:\工作\ZH_LIST_MJ\list_mj\DAL\DBHelp\DbHelperMySQL.cs:行号 733
   在 DAL.DBHelp.DbHelperMySQL.Query(String SQLString, MySqlParameter[] cmdParms) 位置 D:\工作\ZH_LIST_MJ\list_mj\DAL\DBHelp\DbHelperMySQL.cs:行号 711
   在 DAL.DAL.mjuserinfoDAL.GetModel(String openid) 位置 D:\工作\ZH_LIST_MJ\list_mj\DAL\DAL\mjuserinfoDAL.cs:行号 226
   在 ListBLL.Logic.Login.AddUser(mjuserinfo md) 位置 D:\工作\ZH_LIST_MJ\list_mj\ListBLL\Logic\Login.cs:行号 214
   在 ListBLL.Logic.Login.ExecuteCommand(GameSession session, ProtobufRequestInfo requestInfo) 位置 D:\工作\ZH_LIST_MJ\list_mj\ListBLL\Logic\Login.cs:行号 57
   在 SuperSocket.SocketBase.AppServerBase`2.ExecuteCommand(TAppSession session, TRequestInfo requestInfo)
   在 SuperSocket.SocketBase.AppServerBase`2.ExecuteCommand(IAppSession session, TRequestInfo requestInfo)
   在 SuperSocket.SocketBase.AppSession`2.SuperSocket.SocketBase.IAppSession.ProcessRequest(Byte[] readBuffer, Int32 offset, Int32 length, Boolean toBeCopied)
2017-10-22 11:07:55,284 [7] ERROR LISTServer - MySql.Data.MySqlClient.MySqlException (0x80004005): Unable to connect to any of the specified MySQL hosts. ---> System.Net.Sockets.SocketException (0x80004005): 由于连接方在一段时间后没有正确答复或连接的主机没有反应，连接尝试失败。 192.168.2.215:3306
   在 System.Net.Sockets.Socket.EndConnect(IAsyncResult asyncResult)
   在 MySql.Data.Common.StreamCreator.CreateSocketStream(IPAddress ip, Boolean unix)
   在 MySql.Data.Common.StreamCreator.GetStreamFromHost(String pipeName, String hostName, UInt32 timeout)
   在 MySql.Data.Common.StreamCreator.GetStream(UInt32 timeout)
   在 MySql.Data.MySqlClient.NativeDriver.Open()
   在 MySql.Data.MySqlClient.NativeDriver.Open()
   在 MySql.Data.MySqlClient.Driver.Open()
   在 MySql.Data.MySqlClient.Driver.Create(MySqlConnectionStringBuilder settings)
   在 MySql.Data.MySqlClient.MySqlPool.GetPooledConnection()
   在 MySql.Data.MySqlClient.MySqlPool.TryToGetDriver()
   在 MySql.Data.MySqlClient.MySqlPool.GetConnection()
   在 MySql.Data.MySqlClient.MySqlConnection.Open()
   在 DAL.DBHelp.DbHelperMySQL.PrepareCommand(MySqlCommand cmd, MySqlConnection conn, MySqlTransaction trans, String cmdText, MySqlParameter[] cmdParms) 位置 D:\工作\ZH_LIST_MJ\list_mj\DAL\DBHelp\DbHelperMySQL.cs:行号 733
   在 DAL.DBHelp.DbHelperMySQL.Query(String SQLString, MySqlParameter[] cmdParms) 位置 D:\工作\ZH_LIST_MJ\list_mj\DAL\DBHelp\DbHelperMySQL.cs:行号 711
   在 DAL.DAL.mjuserinfoDAL.GetModel(String openid) 位置 D:\工作\ZH_LIST_MJ\list_mj\DAL\DAL\mjuserinfoDAL.cs:行号 226
   在 ListBLL.Logic.Login.AddUser(mjuserinfo md) 位置 D:\工作\ZH_LIST_MJ\list_mj\ListBLL\Logic\Login.cs:行号 214
   在 ListBLL.Logic.Login.ExecuteCommand(GameSession session, ProtobufRequestInfo requestInfo) 位置 D:\工作\ZH_LIST_MJ\list_mj\ListBLL\Logic\Login.cs:行号 57
   在 SuperSocket.SocketBase.AppServerBase`2.ExecuteCommand(TAppSession session, TRequestInfo requestInfo)
   在 SuperSocket.SocketBase.AppServerBase`2.ExecuteCommand(IAppSession session, TRequestInfo requestInfo)
   在 SuperSocket.SocketBase.AppSession`2.SuperSocket.SocketBase.IAppSession.ProcessRequest(Byte[] readBuffer, Int32 offset, Int32 length, Boolean toBeCopied)
2017-10-22 11:08:53,270 [11] ERROR LISTServer - StackExchange.Redis.RedisConnectionException: It was not possible to connect to the redis server(s); to create a disconnected multiplexer, disable AbortOnConnectFail. SocketFailure on PING
   在 StackExchange.Redis.ConnectionMultiplexer.ConnectImpl(Func`1 multiplexerFactory, TextWriter log)
   在 StackExchange.Redis.ConnectionMultiplexer.Connect(ConfigurationOptions configuration, TextWriter log)
   在 ListBLL.common.RedisUtility.Get[T](String key) 位置 D:\工作\ZH_LIST_MJ\list_mj\ListBLL\common\RedisUtility.cs:行号 166
   在 ListBLL.Logic.Login.ExecuteCommand(GameSession session, ProtobufRequestInfo requestInfo) 位置 D:\工作\ZH_LIST_MJ\list_mj\ListBLL\Logic\Login.cs:行号 61
   在 SuperSocket.SocketBase.AppServerBase`2.ExecuteCommand(TAppSession session, TRequestInfo requestInfo)
   在 SuperSocket.SocketBase.AppServerBase`2.ExecuteCommand(IAppSession session, TRequestInfo requestInfo)
   在 SuperSocket.SocketBase.AppSession`2.SuperSocket.SocketBase.IAppSession.ProcessRequest(Byte[] readBuffer, Int32 offset, Int32 length, Boolean toBeCopied)
2017-10-22 14:12:08,996 [12] ERROR LISTServer - StackExchange.Redis.RedisTimeoutException: Timeout performing GET Community:UserList:9697486827159f30f5cab73bbab97a1b56966c2a, inst: 13, mgr: ExecuteSelect, err: never, queue: 1, qu: 0, qs: 1, qc: 0, wr: 0, wq: 0, in: 0, ar: 0, clientName: DESKTOP-AQ7QR9L, serverEndpoint: 120.78.22.215:6379, keyHashSlot: 5266, IOCP: (Busy=0,Free=1000,Min=4,Max=1000), WORKER: (Busy=2,Free=2045,Min=4,Max=2047) (Please take a look at this article for some common client-side issues that can cause timeouts: http://stackexchange.github.io/StackExchange.Redis/Timeouts)
   在 StackExchange.Redis.ConnectionMultiplexer.ExecuteSyncImpl[T](Message message, ResultProcessor`1 processor, ServerEndPoint server)
   在 StackExchange.Redis.RedisBase.ExecuteSync[T](Message message, ResultProcessor`1 processor, ServerEndPoint server)
   在 StackExchange.Redis.RedisDatabase.StringGet(RedisKey key, CommandFlags flags)
   在 ListBLL.common.RedisUtility.Get[T](String key) 位置 D:\工作\ZH_LIST_MJ\list_mj\ListBLL\common\RedisUtility.cs:行号 168
   在 ListBLL.Logic.GameOperation.ExecuteCommand(GameSession session, ProtobufRequestInfo requestInfo) 位置 D:\工作\ZH_LIST_MJ\list_mj\ListBLL\Logic\GameOperation.cs:行号 23
   在 SuperSocket.SocketBase.AppServerBase`2.ExecuteCommand(TAppSession session, TRequestInfo requestInfo)
   在 SuperSocket.SocketBase.AppServerBase`2.ExecuteCommand(IAppSession session, TRequestInfo requestInfo)
   在 SuperSocket.SocketBase.AppSession`2.SuperSocket.SocketBase.IAppSession.ProcessRequest(Byte[] readBuffer, Int32 offset, Int32 length, Boolean toBeCopied)
2017-10-22 14:37:47,044 [12] ERROR LISTServer - StackExchange.Redis.RedisConnectionException: It was not possible to connect to the redis server(s); to create a disconnected multiplexer, disable AbortOnConnectFail. SocketFailure on PING
   在 StackExchange.Redis.ConnectionMultiplexer.ConnectImpl(Func`1 multiplexerFactory, TextWriter log)
   在 StackExchange.Redis.ConnectionMultiplexer.Connect(ConfigurationOptions configuration, TextWriter log)
   在 ListBLL.common.RedisUtility.Get[T](String key) 位置 D:\工作\ZH_LIST_MJ\list_mj\ListBLL\common\RedisUtility.cs:行号 166
   在 ListBLL.Logic.Login.ExecuteCommand(GameSession session, ProtobufRequestInfo requestInfo) 位置 D:\工作\ZH_LIST_MJ\list_mj\ListBLL\Logic\Login.cs:行号 61
   在 SuperSocket.SocketBase.AppServerBase`2.ExecuteCommand(TAppSession session, TRequestInfo requestInfo)
   在 SuperSocket.SocketBase.AppServerBase`2.ExecuteCommand(IAppSession session, TRequestInfo requestInfo)
   在 SuperSocket.SocketBase.AppSession`2.SuperSocket.SocketBase.IAppSession.ProcessRequest(Byte[] readBuffer, Int32 offset, Int32 length, Boolean toBeCopied)
2017-10-22 14:40:32,103 [15] ERROR LISTServer - StackExchange.Redis.RedisConnectionException: It was not possible to connect to the redis server(s); to create a disconnected multiplexer, disable AbortOnConnectFail. SocketFailure on PING
   在 StackExchange.Redis.ConnectionMultiplexer.ConnectImpl(Func`1 multiplexerFactory, TextWriter log)
   在 StackExchange.Redis.ConnectionMultiplexer.Connect(ConfigurationOptions configuration, TextWriter log)
   在 ListBLL.common.RedisUtility.Get[T](String key) 位置 D:\工作\ZH_LIST_MJ\list_mj\ListBLL\common\RedisUtility.cs:行号 166
   在 ListBLL.Logic.Login.ExecuteCommand(GameSession session, ProtobufRequestInfo requestInfo) 位置 D:\工作\ZH_LIST_MJ\list_mj\ListBLL\Logic\Login.cs:行号 61
   在 SuperSocket.SocketBase.AppServerBase`2.ExecuteCommand(TAppSession session, TRequestInfo requestInfo)
   在 SuperSocket.SocketBase.AppServerBase`2.ExecuteCommand(IAppSession session, TRequestInfo requestInfo)
   在 SuperSocket.SocketBase.AppSession`2.SuperSocket.SocketBase.IAppSession.ProcessRequest(Byte[] readBuffer, Int32 offset, Int32 length, Boolean toBeCopied)
