2017-12-25 10:13:22,074 [33] ERROR LISTServer - StackExchange.Redis.RedisConnectionException: It was not possible to connect to the redis server(s); to create a disconnected multiplexer, disable AbortOnConnectFail. SocketFailure on PING
   在 StackExchange.Redis.ConnectionMultiplexer.ConnectImpl(Func`1 multiplexerFactory, TextWriter log)
   在 StackExchange.Redis.ConnectionMultiplexer.Connect(ConfigurationOptions configuration, TextWriter log)
   在 ListBLL.common.RedisUtility.Get[T](String key) 位置 D:\工作\ZH_LIST_MJ\list_mj\ListBLL\common\RedisUtility.cs:行号 167
   在 ListBLL.Logic.Login.ExecuteCommand(GameSession session, ProtobufRequestInfo requestInfo) 位置 D:\工作\ZH_LIST_MJ\list_mj\ListBLL\Logic\Login.cs:行号 62
   在 SuperSocket.SocketBase.AppServerBase`2.ExecuteCommand(TAppSession session, TRequestInfo requestInfo)
   在 SuperSocket.SocketBase.AppServerBase`2.ExecuteCommand(IAppSession session, TRequestInfo requestInfo)
   在 SuperSocket.SocketBase.AppSession`2.SuperSocket.SocketBase.IAppSession.ProcessRequest(Byte[] readBuffer, Int32 offset, Int32 length, Boolean toBeCopied)
2017-12-25 15:32:04,250 [17] ERROR LISTServer - System.InvalidOperationException: Connection must be valid and open.
   在 MySql.Data.MySqlClient.MySqlCommand.CheckState()
   在 MySql.Data.MySqlClient.MySqlCommand.ExecuteReader(CommandBehavior behavior)
   在 MySql.Data.MySqlClient.MySqlCommand.ExecuteDbDataReader(CommandBehavior behavior)
   在 System.Data.Common.DbCommand.System.Data.IDbCommand.ExecuteReader(CommandBehavior behavior)
   在 Dapper.SqlMapper.ExecuteReaderWithFlagsFallback(IDbCommand cmd, Boolean wasClosed, CommandBehavior behavior)
   在 Dapper.SqlMapper.<QueryImpl>d__125`1.MoveNext()
   在 System.Collections.Generic.List`1..ctor(IEnumerable`1 collection)
   在 System.Linq.Enumerable.ToList[TSource](IEnumerable`1 source)
   在 Dapper.SqlMapper.Query[T](IDbConnection cnn, String sql, Object param, IDbTransaction transaction, Boolean buffered, Nullable`1 commandTimeout, Nullable`1 commandType)
   在 DAL.DAL.GroupStaffInfoDAL.GetGroupIDByUserID(Int64 userID) 位置 D:\工作\ZH_LIST_MJ\list_mj\DAL\DAL\GroupStaffInfoDAL.cs:行号 30
   在 ListBLL.Logic.Login.NewUserLogin(SendLogin userinfo, mjuserinfo usermodel, GameSession session, IPEndPoint clientipe, String serverName, ProtobufRequestInfo requestInfo) 位置 D:\工作\ZH_LIST_MJ\list_mj\ListBLL\Logic\Login.cs:行号 164
   在 ListBLL.Logic.Login.ExecuteCommand(GameSession session, ProtobufRequestInfo requestInfo) 位置 D:\工作\ZH_LIST_MJ\list_mj\ListBLL\Logic\Login.cs:行号 66
   在 SuperSocket.SocketBase.AppServerBase`2.ExecuteCommand(TAppSession session, TRequestInfo requestInfo)
   在 SuperSocket.SocketBase.AppServerBase`2.ExecuteCommand(IAppSession session, TRequestInfo requestInfo)
   在 SuperSocket.SocketBase.AppSession`2.SuperSocket.SocketBase.IAppSession.ProcessRequest(Byte[] readBuffer, Int32 offset, Int32 length, Boolean toBeCopied)
2017-12-25 15:32:05,333 [14] ERROR LISTServer - MySql.Data.MySqlClient.MySqlException (0x80004005): There is already an open DataReader associated with this Connection which must be closed first.
   在 MySql.Data.MySqlClient.MySqlCommand.CheckState()
   在 MySql.Data.MySqlClient.MySqlCommand.ExecuteReader(CommandBehavior behavior)
   在 MySql.Data.MySqlClient.MySqlCommand.ExecuteDbDataReader(CommandBehavior behavior)
   在 System.Data.Common.DbCommand.System.Data.IDbCommand.ExecuteReader(CommandBehavior behavior)
   在 Dapper.SqlMapper.ExecuteReaderWithFlagsFallback(IDbCommand cmd, Boolean wasClosed, CommandBehavior behavior)
   在 Dapper.SqlMapper.<QueryImpl>d__125`1.MoveNext()
   在 System.Collections.Generic.List`1..ctor(IEnumerable`1 collection)
   在 System.Linq.Enumerable.ToList[TSource](IEnumerable`1 source)
   在 Dapper.SqlMapper.Query[T](IDbConnection cnn, String sql, Object param, IDbTransaction transaction, Boolean buffered, Nullable`1 commandTimeout, Nullable`1 commandType)
   在 DAL.DAL.GroupStaffInfoDAL.GetGroupIDByUserID(Int64 userID) 位置 D:\工作\ZH_LIST_MJ\list_mj\DAL\DAL\GroupStaffInfoDAL.cs:行号 30
   在 ListBLL.Logic.Login.NewUserLogin(SendLogin userinfo, mjuserinfo usermodel, GameSession session, IPEndPoint clientipe, String serverName, ProtobufRequestInfo requestInfo) 位置 D:\工作\ZH_LIST_MJ\list_mj\ListBLL\Logic\Login.cs:行号 164
   在 ListBLL.Logic.Login.ExecuteCommand(GameSession session, ProtobufRequestInfo requestInfo) 位置 D:\工作\ZH_LIST_MJ\list_mj\ListBLL\Logic\Login.cs:行号 66
   在 SuperSocket.SocketBase.AppServerBase`2.ExecuteCommand(TAppSession session, TRequestInfo requestInfo)
   在 SuperSocket.SocketBase.AppServerBase`2.ExecuteCommand(IAppSession session, TRequestInfo requestInfo)
   在 SuperSocket.SocketBase.AppSession`2.SuperSocket.SocketBase.IAppSession.ProcessRequest(Byte[] readBuffer, Int32 offset, Int32 length, Boolean toBeCopied)
2017-12-25 15:33:01,017 [17] ERROR LISTServer - MySql.Data.MySqlClient.MySqlException (0x80004005): There is already an open DataReader associated with this Connection which must be closed first.
   在 MySql.Data.MySqlClient.MySqlCommand.CheckState()
   在 MySql.Data.MySqlClient.MySqlCommand.ExecuteReader(CommandBehavior behavior)
   在 MySql.Data.MySqlClient.MySqlCommand.ExecuteDbDataReader(CommandBehavior behavior)
   在 System.Data.Common.DbCommand.System.Data.IDbCommand.ExecuteReader(CommandBehavior behavior)
   在 Dapper.SqlMapper.ExecuteReaderWithFlagsFallback(IDbCommand cmd, Boolean wasClosed, CommandBehavior behavior)
   在 Dapper.SqlMapper.<QueryImpl>d__125`1.MoveNext()
   在 System.Collections.Generic.List`1..ctor(IEnumerable`1 collection)
   在 System.Linq.Enumerable.ToList[TSource](IEnumerable`1 source)
   在 Dapper.SqlMapper.Query[T](IDbConnection cnn, String sql, Object param, IDbTransaction transaction, Boolean buffered, Nullable`1 commandTimeout, Nullable`1 commandType)
   在 DAL.DAL.GroupStaffInfoDAL.GetGroupIDByUserID(Int64 userID) 位置 D:\工作\ZH_LIST_MJ\list_mj\DAL\DAL\GroupStaffInfoDAL.cs:行号 30
   在 ListBLL.Logic.Login.NewUserLogin(SendLogin userinfo, mjuserinfo usermodel, GameSession session, IPEndPoint clientipe, String serverName, ProtobufRequestInfo requestInfo) 位置 D:\工作\ZH_LIST_MJ\list_mj\ListBLL\Logic\Login.cs:行号 164
   在 ListBLL.Logic.Login.ExecuteCommand(GameSession session, ProtobufRequestInfo requestInfo) 位置 D:\工作\ZH_LIST_MJ\list_mj\ListBLL\Logic\Login.cs:行号 66
   在 SuperSocket.SocketBase.AppServerBase`2.ExecuteCommand(TAppSession session, TRequestInfo requestInfo)
   在 SuperSocket.SocketBase.AppServerBase`2.ExecuteCommand(IAppSession session, TRequestInfo requestInfo)
   在 SuperSocket.SocketBase.AppSession`2.SuperSocket.SocketBase.IAppSession.ProcessRequest(Byte[] readBuffer, Int32 offset, Int32 length, Boolean toBeCopied)
2017-12-25 15:33:03,350 [7] ERROR LISTServer - MySql.Data.MySqlClient.MySqlException (0x80004005): There is already an open DataReader associated with this Connection which must be closed first.
   在 MySql.Data.MySqlClient.MySqlCommand.CheckState()
   在 MySql.Data.MySqlClient.MySqlCommand.ExecuteReader(CommandBehavior behavior)
   在 MySql.Data.MySqlClient.MySqlCommand.ExecuteDbDataReader(CommandBehavior behavior)
   在 System.Data.Common.DbCommand.System.Data.IDbCommand.ExecuteReader(CommandBehavior behavior)
   在 Dapper.SqlMapper.ExecuteReaderWithFlagsFallback(IDbCommand cmd, Boolean wasClosed, CommandBehavior behavior)
   在 Dapper.SqlMapper.<QueryImpl>d__125`1.MoveNext()
   在 System.Collections.Generic.List`1..ctor(IEnumerable`1 collection)
   在 System.Linq.Enumerable.ToList[TSource](IEnumerable`1 source)
   在 Dapper.SqlMapper.Query[T](IDbConnection cnn, String sql, Object param, IDbTransaction transaction, Boolean buffered, Nullable`1 commandTimeout, Nullable`1 commandType)
   在 DAL.DAL.GroupStaffInfoDAL.GetGroupIDByUserID(Int64 userID) 位置 D:\工作\ZH_LIST_MJ\list_mj\DAL\DAL\GroupStaffInfoDAL.cs:行号 30
   在 ListBLL.Logic.Login.NewUserLogin(SendLogin userinfo, mjuserinfo usermodel, GameSession session, IPEndPoint clientipe, String serverName, ProtobufRequestInfo requestInfo) 位置 D:\工作\ZH_LIST_MJ\list_mj\ListBLL\Logic\Login.cs:行号 164
   在 ListBLL.Logic.Login.ExecuteCommand(GameSession session, ProtobufRequestInfo requestInfo) 位置 D:\工作\ZH_LIST_MJ\list_mj\ListBLL\Logic\Login.cs:行号 66
   在 SuperSocket.SocketBase.AppServerBase`2.ExecuteCommand(TAppSession session, TRequestInfo requestInfo)
   在 SuperSocket.SocketBase.AppServerBase`2.ExecuteCommand(IAppSession session, TRequestInfo requestInfo)
   在 SuperSocket.SocketBase.AppSession`2.SuperSocket.SocketBase.IAppSession.ProcessRequest(Byte[] readBuffer, Int32 offset, Int32 length, Boolean toBeCopied)
