2018-11-27 09:32:58,611 [16] ERROR 手动添加日志 - 请求扣除房卡异常:System.Net.Sockets.SocketException (0x80004005): 远程主机强迫关闭了一个现有的连接。
   在 System.Net.Sockets.Socket.Receive(Byte[] buffer, Int32 offset, Int32 size, SocketFlags socketFlags)
   在 System.Net.Sockets.Socket.Receive(Byte[] buffer)
   在 ListBLL.common.MySocket.SendReceive(Byte[] data) 位置 D:\千羽瑞佳-白\Guizhoule\ZH_LIST_MJ\list_mj\ListBLL\common\MySocket.cs:行号 38
   在 ListBLL.common.RoomCardUtility.GetRoomCard(Int64 userID) 位置 D:\千羽瑞佳-白\Guizhoule\ZH_LIST_MJ\list_mj\ListBLL\common\RoomCardUtility.cs:行号 24
2018-11-27 09:32:59,651 [16] ERROR 手动添加日志 - 请求扣除房卡异常:System.Net.Sockets.SocketException (0x80004005): 由于目标计算机积极拒绝，无法连接。 127.0.0.1:2020
   在 System.Net.Sockets.Socket.DoConnect(EndPoint endPointSnapshot, SocketAddress socketAddress)
   在 System.Net.Sockets.Socket.Connect(EndPoint remoteEP)
   在 ListBLL.common.MySocket..ctor(String ip, Int32 point) 位置 D:\千羽瑞佳-白\Guizhoule\ZH_LIST_MJ\list_mj\ListBLL\common\MySocket.cs:行号 22
   在 ListBLL.common.RoomCardUtility.GetRoomCard(Int64 userID) 位置 D:\千羽瑞佳-白\Guizhoule\ZH_LIST_MJ\list_mj\ListBLL\common\RoomCardUtility.cs:行号 24
2018-11-27 09:33:00,667 [16] ERROR 手动添加日志 - 请求扣除房卡异常:System.Net.Sockets.SocketException (0x80004005): 由于目标计算机积极拒绝，无法连接。 127.0.0.1:2020
   在 System.Net.Sockets.Socket.DoConnect(EndPoint endPointSnapshot, SocketAddress socketAddress)
   在 System.Net.Sockets.Socket.Connect(EndPoint remoteEP)
   在 ListBLL.common.MySocket..ctor(String ip, Int32 point) 位置 D:\千羽瑞佳-白\Guizhoule\ZH_LIST_MJ\list_mj\ListBLL\common\MySocket.cs:行号 22
   在 ListBLL.common.RoomCardUtility.GetRoomCard(Int64 userID) 位置 D:\千羽瑞佳-白\Guizhoule\ZH_LIST_MJ\list_mj\ListBLL\common\RoomCardUtility.cs:行号 24
2018-11-27 09:33:01,687 [16] ERROR 手动添加日志 - 请求扣除房卡异常:System.Net.Sockets.SocketException (0x80004005): 由于目标计算机积极拒绝，无法连接。 127.0.0.1:2020
   在 System.Net.Sockets.Socket.DoConnect(EndPoint endPointSnapshot, SocketAddress socketAddress)
   在 System.Net.Sockets.Socket.Connect(EndPoint remoteEP)
   在 ListBLL.common.MySocket..ctor(String ip, Int32 point) 位置 D:\千羽瑞佳-白\Guizhoule\ZH_LIST_MJ\list_mj\ListBLL\common\MySocket.cs:行号 22
   在 ListBLL.common.RoomCardUtility.GetRoomCard(Int64 userID) 位置 D:\千羽瑞佳-白\Guizhoule\ZH_LIST_MJ\list_mj\ListBLL\common\RoomCardUtility.cs:行号 24
2018-11-27 09:33:02,705 [16] ERROR 手动添加日志 - 请求扣除房卡异常:System.Net.Sockets.SocketException (0x80004005): 由于目标计算机积极拒绝，无法连接。 127.0.0.1:2020
   在 System.Net.Sockets.Socket.DoConnect(EndPoint endPointSnapshot, SocketAddress socketAddress)
   在 System.Net.Sockets.Socket.Connect(EndPoint remoteEP)
   在 ListBLL.common.MySocket..ctor(String ip, Int32 point) 位置 D:\千羽瑞佳-白\Guizhoule\ZH_LIST_MJ\list_mj\ListBLL\common\MySocket.cs:行号 22
   在 ListBLL.common.RoomCardUtility.GetRoomCard(Int64 userID) 位置 D:\千羽瑞佳-白\Guizhoule\ZH_LIST_MJ\list_mj\ListBLL\common\RoomCardUtility.cs:行号 24
2018-11-27 09:33:03,722 [16] ERROR 手动添加日志 - 请求扣除房卡异常:System.Net.Sockets.SocketException (0x80004005): 由于目标计算机积极拒绝，无法连接。 127.0.0.1:2020
   在 System.Net.Sockets.Socket.DoConnect(EndPoint endPointSnapshot, SocketAddress socketAddress)
   在 System.Net.Sockets.Socket.Connect(EndPoint remoteEP)
   在 ListBLL.common.MySocket..ctor(String ip, Int32 point) 位置 D:\千羽瑞佳-白\Guizhoule\ZH_LIST_MJ\list_mj\ListBLL\common\MySocket.cs:行号 22
   在 ListBLL.common.RoomCardUtility.GetRoomCard(Int64 userID) 位置 D:\千羽瑞佳-白\Guizhoule\ZH_LIST_MJ\list_mj\ListBLL\common\RoomCardUtility.cs:行号 24
2018-11-27 09:33:04,741 [16] ERROR 手动添加日志 - 请求扣除房卡异常:System.Net.Sockets.SocketException (0x80004005): 由于目标计算机积极拒绝，无法连接。 127.0.0.1:2020
   在 System.Net.Sockets.Socket.DoConnect(EndPoint endPointSnapshot, SocketAddress socketAddress)
   在 System.Net.Sockets.Socket.Connect(EndPoint remoteEP)
   在 ListBLL.common.MySocket..ctor(String ip, Int32 point) 位置 D:\千羽瑞佳-白\Guizhoule\ZH_LIST_MJ\list_mj\ListBLL\common\MySocket.cs:行号 22
   在 ListBLL.common.RoomCardUtility.GetRoomCard(Int64 userID) 位置 D:\千羽瑞佳-白\Guizhoule\ZH_LIST_MJ\list_mj\ListBLL\common\RoomCardUtility.cs:行号 24
2018-11-27 16:10:00,111 [15] ERROR LISTServer - System.NullReferenceException: 未将对象引用设置到对象的实例。
   在 ListBLL.Logic.ApplyRecord.ExecuteCommand(GameSession session, ProtobufRequestInfo requestInfo) 位置 D:\千羽瑞佳-白\Guizhoule\ZH_LIST_MJ\list_mj\ListBLL\Logic\ApplyRecord.cs:行号 50
   在 SuperSocket.SocketBase.AppServerBase`2.ExecuteCommand(TAppSession session, TRequestInfo requestInfo)
   在 SuperSocket.SocketBase.AppServerBase`2.ExecuteCommand(IAppSession session, TRequestInfo requestInfo)
   在 SuperSocket.SocketBase.AppSession`2.SuperSocket.SocketBase.IAppSession.ProcessRequest(Byte[] readBuffer, Int32 offset, Int32 length, Boolean toBeCopied)
2018-11-27 16:10:10,195 [28] ERROR LISTServer - System.NullReferenceException: 未将对象引用设置到对象的实例。
   在 ListBLL.Logic.ApplyRecord.ExecuteCommand(GameSession session, ProtobufRequestInfo requestInfo) 位置 D:\千羽瑞佳-白\Guizhoule\ZH_LIST_MJ\list_mj\ListBLL\Logic\ApplyRecord.cs:行号 50
   在 SuperSocket.SocketBase.AppServerBase`2.ExecuteCommand(TAppSession session, TRequestInfo requestInfo)
   在 SuperSocket.SocketBase.AppServerBase`2.ExecuteCommand(IAppSession session, TRequestInfo requestInfo)
   在 SuperSocket.SocketBase.AppSession`2.SuperSocket.SocketBase.IAppSession.ProcessRequest(Byte[] readBuffer, Int32 offset, Int32 length, Boolean toBeCopied)
