2017-10-30 14:51:13,339 [18] ERROR LISTServer - Google.ProtocolBuffers.InvalidProtocolBufferException: Protocol message tag had invalid wire type.
   在 Google.ProtocolBuffers.UnknownFieldSet.Builder.MergeFieldFrom(UInt32 tag, ICodedInputStream input)
   在 Google.ProtocolBuffers.GeneratedBuilder`2.ParseUnknownField(ICodedInputStream input, Builder unknownFields, ExtensionRegistry extensionRegistry, UInt32 tag, String fieldName)
   在 SendLogin.Builder.MergeFrom(ICodedInputStream input, ExtensionRegistry extensionRegistry)
   在 SendLogin.Builder.MergeFrom(ICodedInputStream input)
   在 Google.ProtocolBuffers.AbstractBuilderLite`2.MergeFrom(Byte[] data)
   在 SendLogin.ParseFrom(Byte[] data)
   在 ListBLL.Logic.Login.ExecuteCommand(GameSession session, ProtobufRequestInfo requestInfo)
   在 SuperSocket.SocketBase.AppServerBase`2.ExecuteCommand(TAppSession session, TRequestInfo requestInfo)
   在 SuperSocket.SocketBase.AppServerBase`2.ExecuteCommand(IAppSession session, TRequestInfo requestInfo)
   在 SuperSocket.SocketBase.AppSession`2.SuperSocket.SocketBase.IAppSession.ProcessRequest(Byte[] readBuffer, Int32 offset, Int32 length, Boolean toBeCopied)
2017-10-30 14:58:29,241 [18] ERROR LISTServer - Google.ProtocolBuffers.InvalidProtocolBufferException: Protocol message tag had invalid wire type.
   在 Google.ProtocolBuffers.UnknownFieldSet.Builder.MergeFieldFrom(UInt32 tag, ICodedInputStream input)
   在 Google.ProtocolBuffers.GeneratedBuilder`2.ParseUnknownField(ICodedInputStream input, Builder unknownFields, ExtensionRegistry extensionRegistry, UInt32 tag, String fieldName)
   在 SendLogin.Builder.MergeFrom(ICodedInputStream input, ExtensionRegistry extensionRegistry)
   在 SendLogin.Builder.MergeFrom(ICodedInputStream input)
   在 Google.ProtocolBuffers.AbstractBuilderLite`2.MergeFrom(Byte[] data)
   在 SendLogin.ParseFrom(Byte[] data)
   在 ListBLL.Logic.Login.ExecuteCommand(GameSession session, ProtobufRequestInfo requestInfo)
   在 SuperSocket.SocketBase.AppServerBase`2.ExecuteCommand(TAppSession session, TRequestInfo requestInfo)
   在 SuperSocket.SocketBase.AppServerBase`2.ExecuteCommand(IAppSession session, TRequestInfo requestInfo)
   在 SuperSocket.SocketBase.AppSession`2.SuperSocket.SocketBase.IAppSession.ProcessRequest(Byte[] readBuffer, Int32 offset, Int32 length, Boolean toBeCopied)
2017-10-30 15:37:17,871 [8] ERROR LISTServer - Google.ProtocolBuffers.InvalidProtocolBufferException: Message missing required fields: unionid, Operation
   在 Google.ProtocolBuffers.GeneratedBuilder`2.BuildParsed()
   在 SendGameOperation.ParseFrom(Byte[] data)
   在 ListBLL.Logic.GameOperation.ExecuteCommand(GameSession session, ProtobufRequestInfo requestInfo)
   在 SuperSocket.SocketBase.AppServerBase`2.ExecuteCommand(TAppSession session, TRequestInfo requestInfo)
   在 SuperSocket.SocketBase.AppServerBase`2.ExecuteCommand(IAppSession session, TRequestInfo requestInfo)
   在 SuperSocket.SocketBase.AppSession`2.SuperSocket.SocketBase.IAppSession.ProcessRequest(Byte[] readBuffer, Int32 offset, Int32 length, Boolean toBeCopied)
2017-10-30 15:37:19,056 [18] ERROR LISTServer - Google.ProtocolBuffers.InvalidProtocolBufferException: Message missing required fields: state, openid
   在 Google.ProtocolBuffers.GeneratedBuilder`2.BuildParsed()
   在 MaintainHeartbeat.ParseFrom(Byte[] data)
   在 ListBLL.Logic.Heartbeat.ExecuteCommand(GameSession session, ProtobufRequestInfo requestInfo)
2017-10-30 15:37:31,233 [20] ERROR LISTServer - Google.ProtocolBuffers.InvalidProtocolBufferException: Message missing required fields: state, openid
   在 Google.ProtocolBuffers.GeneratedBuilder`2.BuildParsed()
   在 MaintainHeartbeat.ParseFrom(Byte[] data)
   在 ListBLL.Logic.Heartbeat.ExecuteCommand(GameSession session, ProtobufRequestInfo requestInfo)
2017-10-30 15:37:40,781 [25] ERROR LISTServer - Google.ProtocolBuffers.InvalidProtocolBufferException: Message missing required fields: state, openid
   在 Google.ProtocolBuffers.GeneratedBuilder`2.BuildParsed()
   在 MaintainHeartbeat.ParseFrom(Byte[] data)
   在 ListBLL.Logic.Heartbeat.ExecuteCommand(GameSession session, ProtobufRequestInfo requestInfo)
2017-10-30 15:40:36,154 [8] ERROR LISTServer - Google.ProtocolBuffers.InvalidProtocolBufferException: Message missing required fields: unionid, Operation
   在 Google.ProtocolBuffers.GeneratedBuilder`2.BuildParsed()
   在 SendGameOperation.ParseFrom(Byte[] data)
   在 ListBLL.Logic.GameOperation.ExecuteCommand(GameSession session, ProtobufRequestInfo requestInfo)
   在 SuperSocket.SocketBase.AppServerBase`2.ExecuteCommand(TAppSession session, TRequestInfo requestInfo)
   在 SuperSocket.SocketBase.AppServerBase`2.ExecuteCommand(IAppSession session, TRequestInfo requestInfo)
   在 SuperSocket.SocketBase.AppSession`2.SuperSocket.SocketBase.IAppSession.ProcessRequest(Byte[] readBuffer, Int32 offset, Int32 length, Boolean toBeCopied)
2017-10-30 15:40:39,953 [8] ERROR LISTServer - Google.ProtocolBuffers.InvalidProtocolBufferException: Message missing required fields: state, openid
   在 Google.ProtocolBuffers.GeneratedBuilder`2.BuildParsed()
   在 MaintainHeartbeat.ParseFrom(Byte[] data)
   在 ListBLL.Logic.Heartbeat.ExecuteCommand(GameSession session, ProtobufRequestInfo requestInfo)
2017-10-30 15:40:49,950 [25] ERROR LISTServer - Google.ProtocolBuffers.InvalidProtocolBufferException: Message missing required fields: state, openid
   在 Google.ProtocolBuffers.GeneratedBuilder`2.BuildParsed()
   在 MaintainHeartbeat.ParseFrom(Byte[] data)
   在 ListBLL.Logic.Heartbeat.ExecuteCommand(GameSession session, ProtobufRequestInfo requestInfo)
