2018-01-17 13:42:17,295 Performance - ---------------------------------------------------
CPU Usage: 0.00%, Physical Memory Usage: 41,750,528.00, Total Thread Count: 26
AvailableWorkingThreads: 2046, AvailableCompletionPortThreads: 1000
MaxWorkingThreads: 2047, MaxCompletionPortThreads: 1000
LISTServer ----------------------------------
Started Time: 2018/1/17 13:42:17
Is Running: True
Total Connections: 0
Maximum Allowed Connection Number: 1000
Total Handled Requests: 0
Request Handling Speed (#/second): 0
Avialable Sending Queue Items: 256
Total Sending Queue Items: 256

2018-01-17 13:43:17,205 Performance - ---------------------------------------------------
CPU Usage: 0.37%, Physical Memory Usage: 67,780,608.00, Total Thread Count: 39
AvailableWorkingThreads: 2046, AvailableCompletionPortThreads: 1000
MaxWorkingThreads: 2047, MaxCompletionPortThreads: 1000
LISTServer ----------------------------------
Started Time: 2018/1/17 13:42:17
Is Running: True
Total Connections: 1
Maximum Allowed Connection Number: 1000
Total Handled Requests: 39
Request Handling Speed (#/second): 1
Avialable Sending Queue Items: 255
Total Sending Queue Items: 256

2018-01-17 13:44:17,212 Performance - ---------------------------------------------------
CPU Usage: 0.05%, Physical Memory Usage: 68,947,968.00, Total Thread Count: 39
AvailableWorkingThreads: 2046, AvailableCompletionPortThreads: 1000
MaxWorkingThreads: 2047, MaxCompletionPortThreads: 1000
LISTServer ----------------------------------
Started Time: 2018/1/17 13:42:17
Is Running: True
Total Connections: 1
Maximum Allowed Connection Number: 1000
Total Handled Requests: 99
Request Handling Speed (#/second): 1
Avialable Sending Queue Items: 255
Total Sending Queue Items: 256

2018-01-17 13:45:17,217 Performance - ---------------------------------------------------
CPU Usage: 0.07%, Physical Memory Usage: 71,004,160.00, Total Thread Count: 39
AvailableWorkingThreads: 2046, AvailableCompletionPortThreads: 1000
MaxWorkingThreads: 2047, MaxCompletionPortThreads: 1000
LISTServer ----------------------------------
Started Time: 2018/1/17 13:42:17
Is Running: True
Total Connections: 2
Maximum Allowed Connection Number: 1000
Total Handled Requests: 180
Request Handling Speed (#/second): 1
Avialable Sending Queue Items: 254
Total Sending Queue Items: 256

2018-01-17 13:46:17,218 Performance - ---------------------------------------------------
CPU Usage: 0.10%, Physical Memory Usage: 71,458,816.00, Total Thread Count: 38
AvailableWorkingThreads: 2046, AvailableCompletionPortThreads: 1000
MaxWorkingThreads: 2047, MaxCompletionPortThreads: 1000
LISTServer ----------------------------------
Started Time: 2018/1/17 13:42:17
Is Running: True
Total Connections: 1
Maximum Allowed Connection Number: 1000
Total Handled Requests: 255
Request Handling Speed (#/second): 1
Avialable Sending Queue Items: 255
Total Sending Queue Items: 256

2018-01-17 13:47:17,216 Performance - ---------------------------------------------------
CPU Usage: 0.04%, Physical Memory Usage: 9,400,320.00, Total Thread Count: 38
AvailableWorkingThreads: 2046, AvailableCompletionPortThreads: 1000
MaxWorkingThreads: 2047, MaxCompletionPortThreads: 1000
LISTServer ----------------------------------
Started Time: 2018/1/17 13:42:17
Is Running: True
Total Connections: 1
Maximum Allowed Connection Number: 1000
Total Handled Requests: 332
Request Handling Speed (#/second): 1
Avialable Sending Queue Items: 255
Total Sending Queue Items: 256

2018-01-17 13:48:17,216 Performance - ---------------------------------------------------
CPU Usage: 0.08%, Physical Memory Usage: 21,061,632.00, Total Thread Count: 38
AvailableWorkingThreads: 2046, AvailableCompletionPortThreads: 1000
MaxWorkingThreads: 2047, MaxCompletionPortThreads: 1000
LISTServer ----------------------------------
Started Time: 2018/1/17 13:42:17
Is Running: True
Total Connections: 2
Maximum Allowed Connection Number: 1000
Total Handled Requests: 409
Request Handling Speed (#/second): 1
Avialable Sending Queue Items: 254
Total Sending Queue Items: 256

2018-01-17 13:49:17,226 Performance - ---------------------------------------------------
CPU Usage: 0.08%, Physical Memory Usage: 30,625,792.00, Total Thread Count: 37
AvailableWorkingThreads: 2046, AvailableCompletionPortThreads: 1000
MaxWorkingThreads: 2047, MaxCompletionPortThreads: 1000
LISTServer ----------------------------------
Started Time: 2018/1/17 13:42:17
Is Running: True
Total Connections: 1
Maximum Allowed Connection Number: 1000
Total Handled Requests: 524
Request Handling Speed (#/second): 2
Avialable Sending Queue Items: 255
Total Sending Queue Items: 256

2018-01-17 13:50:17,238 Performance - ---------------------------------------------------
CPU Usage: 0.05%, Physical Memory Usage: 32,546,816.00, Total Thread Count: 38
AvailableWorkingThreads: 2045, AvailableCompletionPortThreads: 1000
MaxWorkingThreads: 2047, MaxCompletionPortThreads: 1000
LISTServer ----------------------------------
Started Time: 2018/1/17 13:42:17
Is Running: True
Total Connections: 2
Maximum Allowed Connection Number: 1000
Total Handled Requests: 588
Request Handling Speed (#/second): 1
Avialable Sending Queue Items: 254
Total Sending Queue Items: 256

2018-01-17 13:51:17,247 Performance - ---------------------------------------------------
CPU Usage: 0.04%, Physical Memory Usage: 34,267,136.00, Total Thread Count: 38
AvailableWorkingThreads: 2046, AvailableCompletionPortThreads: 1000
MaxWorkingThreads: 2047, MaxCompletionPortThreads: 1000
LISTServer ----------------------------------
Started Time: 2018/1/17 13:42:17
Is Running: True
Total Connections: 2
Maximum Allowed Connection Number: 1000
Total Handled Requests: 650
Request Handling Speed (#/second): 1
Avialable Sending Queue Items: 254
Total Sending Queue Items: 256

2018-01-17 13:52:17,254 Performance - ---------------------------------------------------
CPU Usage: 0.03%, Physical Memory Usage: 36,233,216.00, Total Thread Count: 37
AvailableWorkingThreads: 2046, AvailableCompletionPortThreads: 1000
MaxWorkingThreads: 2047, MaxCompletionPortThreads: 1000
LISTServer ----------------------------------
Started Time: 2018/1/17 13:42:17
Is Running: True
Total Connections: 2
Maximum Allowed Connection Number: 1000
Total Handled Requests: 710
Request Handling Speed (#/second): 1
Avialable Sending Queue Items: 254
Total Sending Queue Items: 256

2018-01-17 13:53:17,282 Performance - ---------------------------------------------------
CPU Usage: 0.07%, Physical Memory Usage: 42,549,248.00, Total Thread Count: 37
AvailableWorkingThreads: 2046, AvailableCompletionPortThreads: 1000
MaxWorkingThreads: 2047, MaxCompletionPortThreads: 1000
LISTServer ----------------------------------
Started Time: 2018/1/17 13:42:17
Is Running: True
Total Connections: 2
Maximum Allowed Connection Number: 1000
Total Handled Requests: 770
Request Handling Speed (#/second): 1
Avialable Sending Queue Items: 254
Total Sending Queue Items: 256

2018-01-17 13:54:17,270 Performance - ---------------------------------------------------
CPU Usage: 0.02%, Physical Memory Usage: 43,356,160.00, Total Thread Count: 38
AvailableWorkingThreads: 2046, AvailableCompletionPortThreads: 1000
MaxWorkingThreads: 2047, MaxCompletionPortThreads: 1000
LISTServer ----------------------------------
Started Time: 2018/1/17 13:42:17
Is Running: True
Total Connections: 2
Maximum Allowed Connection Number: 1000
Total Handled Requests: 830
Request Handling Speed (#/second): 1
Avialable Sending Queue Items: 254
Total Sending Queue Items: 256

2018-01-17 13:55:17,292 Performance - ---------------------------------------------------
CPU Usage: 0.05%, Physical Memory Usage: 45,129,728.00, Total Thread Count: 38
AvailableWorkingThreads: 2046, AvailableCompletionPortThreads: 1000
MaxWorkingThreads: 2047, MaxCompletionPortThreads: 1000
LISTServer ----------------------------------
Started Time: 2018/1/17 13:42:17
Is Running: True
Total Connections: 2
Maximum Allowed Connection Number: 1000
Total Handled Requests: 890
Request Handling Speed (#/second): 1
Avialable Sending Queue Items: 254
Total Sending Queue Items: 256

2018-01-17 13:56:17,298 Performance - ---------------------------------------------------
CPU Usage: 0.03%, Physical Memory Usage: 45,645,824.00, Total Thread Count: 38
AvailableWorkingThreads: 2046, AvailableCompletionPortThreads: 1000
MaxWorkingThreads: 2047, MaxCompletionPortThreads: 1000
LISTServer ----------------------------------
Started Time: 2018/1/17 13:42:17
Is Running: True
Total Connections: 2
Maximum Allowed Connection Number: 1000
Total Handled Requests: 950
Request Handling Speed (#/second): 1
Avialable Sending Queue Items: 254
Total Sending Queue Items: 256

2018-01-17 13:57:17,310 Performance - ---------------------------------------------------
CPU Usage: 0.05%, Physical Memory Usage: 46,223,360.00, Total Thread Count: 38
AvailableWorkingThreads: 2045, AvailableCompletionPortThreads: 1000
MaxWorkingThreads: 2047, MaxCompletionPortThreads: 1000
LISTServer ----------------------------------
Started Time: 2018/1/17 13:42:17
Is Running: True
Total Connections: 2
Maximum Allowed Connection Number: 1000
Total Handled Requests: 1,011
Request Handling Speed (#/second): 1
Avialable Sending Queue Items: 254
Total Sending Queue Items: 256

2018-01-17 13:58:17,324 Performance - ---------------------------------------------------
CPU Usage: 0.01%, Physical Memory Usage: 46,592,000.00, Total Thread Count: 38
AvailableWorkingThreads: 2045, AvailableCompletionPortThreads: 1000
MaxWorkingThreads: 2047, MaxCompletionPortThreads: 1000
LISTServer ----------------------------------
Started Time: 2018/1/17 13:42:17
Is Running: True
Total Connections: 2
Maximum Allowed Connection Number: 1000
Total Handled Requests: 1,071
Request Handling Speed (#/second): 1
Avialable Sending Queue Items: 254
Total Sending Queue Items: 256

2018-01-17 13:59:17,326 Performance - ---------------------------------------------------
CPU Usage: 0.03%, Physical Memory Usage: 46,837,760.00, Total Thread Count: 38
AvailableWorkingThreads: 2046, AvailableCompletionPortThreads: 1000
MaxWorkingThreads: 2047, MaxCompletionPortThreads: 1000
LISTServer ----------------------------------
Started Time: 2018/1/17 13:42:17
Is Running: True
Total Connections: 2
Maximum Allowed Connection Number: 1000
Total Handled Requests: 1,130
Request Handling Speed (#/second): 1
Avialable Sending Queue Items: 254
Total Sending Queue Items: 256

2018-01-17 14:00:17,336 Performance - ---------------------------------------------------
CPU Usage: 0.03%, Physical Memory Usage: 47,955,968.00, Total Thread Count: 38
AvailableWorkingThreads: 2045, AvailableCompletionPortThreads: 1000
MaxWorkingThreads: 2047, MaxCompletionPortThreads: 1000
LISTServer ----------------------------------
Started Time: 2018/1/17 13:42:17
Is Running: True
Total Connections: 2
Maximum Allowed Connection Number: 1000
Total Handled Requests: 1,191
Request Handling Speed (#/second): 1
Avialable Sending Queue Items: 254
Total Sending Queue Items: 256

2018-01-17 14:01:17,340 Performance - ---------------------------------------------------
CPU Usage: 0.04%, Physical Memory Usage: 48,414,720.00, Total Thread Count: 37
AvailableWorkingThreads: 2045, AvailableCompletionPortThreads: 1000
MaxWorkingThreads: 2047, MaxCompletionPortThreads: 1000
LISTServer ----------------------------------
Started Time: 2018/1/17 13:42:17
Is Running: True
Total Connections: 2
Maximum Allowed Connection Number: 1000
Total Handled Requests: 1,250
Request Handling Speed (#/second): 1
Avialable Sending Queue Items: 254
Total Sending Queue Items: 256

2018-01-17 14:02:17,348 Performance - ---------------------------------------------------
CPU Usage: 0.03%, Physical Memory Usage: 48,771,072.00, Total Thread Count: 37
AvailableWorkingThreads: 2045, AvailableCompletionPortThreads: 1000
MaxWorkingThreads: 2047, MaxCompletionPortThreads: 1000
LISTServer ----------------------------------
Started Time: 2018/1/17 13:42:17
Is Running: True
Total Connections: 2
Maximum Allowed Connection Number: 1000
Total Handled Requests: 1,310
Request Handling Speed (#/second): 1
Avialable Sending Queue Items: 254
Total Sending Queue Items: 256

2018-01-17 14:03:17,358 Performance - ---------------------------------------------------
CPU Usage: 0.05%, Physical Memory Usage: 49,225,728.00, Total Thread Count: 37
AvailableWorkingThreads: 2045, AvailableCompletionPortThreads: 1000
MaxWorkingThreads: 2047, MaxCompletionPortThreads: 1000
LISTServer ----------------------------------
Started Time: 2018/1/17 13:42:17
Is Running: True
Total Connections: 2
Maximum Allowed Connection Number: 1000
Total Handled Requests: 1,372
Request Handling Speed (#/second): 1
Avialable Sending Queue Items: 254
Total Sending Queue Items: 256

2018-01-17 14:04:17,370 Performance - ---------------------------------------------------
CPU Usage: 0.03%, Physical Memory Usage: 45,309,952.00, Total Thread Count: 38
AvailableWorkingThreads: 2045, AvailableCompletionPortThreads: 1000
MaxWorkingThreads: 2047, MaxCompletionPortThreads: 1000
LISTServer ----------------------------------
Started Time: 2018/1/17 13:42:17
Is Running: True
Total Connections: 2
Maximum Allowed Connection Number: 1000
Total Handled Requests: 1,432
Request Handling Speed (#/second): 1
Avialable Sending Queue Items: 254
Total Sending Queue Items: 256

2018-01-17 14:05:17,389 Performance - ---------------------------------------------------
CPU Usage: 0.05%, Physical Memory Usage: 45,559,808.00, Total Thread Count: 38
AvailableWorkingThreads: 2045, AvailableCompletionPortThreads: 1000
MaxWorkingThreads: 2047, MaxCompletionPortThreads: 1000
LISTServer ----------------------------------
Started Time: 2018/1/17 13:42:17
Is Running: True
Total Connections: 2
Maximum Allowed Connection Number: 1000
Total Handled Requests: 1,490
Request Handling Speed (#/second): 1
Avialable Sending Queue Items: 254
Total Sending Queue Items: 256

2018-01-17 14:06:17,380 Performance - ---------------------------------------------------
CPU Usage: 0.03%, Physical Memory Usage: 45,928,448.00, Total Thread Count: 37
AvailableWorkingThreads: 2046, AvailableCompletionPortThreads: 1000
MaxWorkingThreads: 2047, MaxCompletionPortThreads: 1000
LISTServer ----------------------------------
Started Time: 2018/1/17 13:42:17
Is Running: True
Total Connections: 2
Maximum Allowed Connection Number: 1000
Total Handled Requests: 1,552
Request Handling Speed (#/second): 1
Avialable Sending Queue Items: 254
Total Sending Queue Items: 256

2018-01-17 14:07:17,387 Performance - ---------------------------------------------------
CPU Usage: 0.07%, Physical Memory Usage: 46,374,912.00, Total Thread Count: 38
AvailableWorkingThreads: 2045, AvailableCompletionPortThreads: 1000
MaxWorkingThreads: 2047, MaxCompletionPortThreads: 1000
LISTServer ----------------------------------
Started Time: 2018/1/17 13:42:17
Is Running: True
Total Connections: 2
Maximum Allowed Connection Number: 1000
Total Handled Requests: 1,612
Request Handling Speed (#/second): 1
Avialable Sending Queue Items: 254
Total Sending Queue Items: 256

2018-01-17 14:08:17,391 Performance - ---------------------------------------------------
CPU Usage: 0.03%, Physical Memory Usage: 46,837,760.00, Total Thread Count: 37
AvailableWorkingThreads: 2046, AvailableCompletionPortThreads: 1000
MaxWorkingThreads: 2047, MaxCompletionPortThreads: 1000
LISTServer ----------------------------------
Started Time: 2018/1/17 13:42:17
Is Running: True
Total Connections: 2
Maximum Allowed Connection Number: 1000
Total Handled Requests: 1,672
Request Handling Speed (#/second): 1
Avialable Sending Queue Items: 254
Total Sending Queue Items: 256

2018-01-17 14:09:17,402 Performance - ---------------------------------------------------
CPU Usage: 0.05%, Physical Memory Usage: 47,480,832.00, Total Thread Count: 38
AvailableWorkingThreads: 2046, AvailableCompletionPortThreads: 1000
MaxWorkingThreads: 2047, MaxCompletionPortThreads: 1000
LISTServer ----------------------------------
Started Time: 2018/1/17 13:42:17
Is Running: True
Total Connections: 2
Maximum Allowed Connection Number: 1000
Total Handled Requests: 1,732
Request Handling Speed (#/second): 1
Avialable Sending Queue Items: 254
Total Sending Queue Items: 256

2018-01-17 14:10:17,420 Performance - ---------------------------------------------------
CPU Usage: 0.01%, Physical Memory Usage: 47,882,240.00, Total Thread Count: 37
AvailableWorkingThreads: 2046, AvailableCompletionPortThreads: 1000
MaxWorkingThreads: 2047, MaxCompletionPortThreads: 1000
LISTServer ----------------------------------
Started Time: 2018/1/17 13:42:17
Is Running: True
Total Connections: 1
Maximum Allowed Connection Number: 1000
Total Handled Requests: 1,792
Request Handling Speed (#/second): 1
Avialable Sending Queue Items: 255
Total Sending Queue Items: 256

2018-01-17 14:11:17,424 Performance - ---------------------------------------------------
CPU Usage: 0.05%, Physical Memory Usage: 48,136,192.00, Total Thread Count: 37
AvailableWorkingThreads: 2044, AvailableCompletionPortThreads: 1000
MaxWorkingThreads: 2047, MaxCompletionPortThreads: 1000
LISTServer ----------------------------------
Started Time: 2018/1/17 13:42:17
Is Running: True
Total Connections: 1
Maximum Allowed Connection Number: 1000
Total Handled Requests: 1,852
Request Handling Speed (#/second): 1
Avialable Sending Queue Items: 255
Total Sending Queue Items: 256

2018-01-17 14:12:17,482 Performance - ---------------------------------------------------
CPU Usage: 0.05%, Physical Memory Usage: 48,431,104.00, Total Thread Count: 37
AvailableWorkingThreads: 2046, AvailableCompletionPortThreads: 1000
MaxWorkingThreads: 2047, MaxCompletionPortThreads: 1000
LISTServer ----------------------------------
Started Time: 2018/1/17 13:42:17
Is Running: True
Total Connections: 1
Maximum Allowed Connection Number: 1000
Total Handled Requests: 1,912
Request Handling Speed (#/second): 1
Avialable Sending Queue Items: 255
Total Sending Queue Items: 256

2018-01-17 14:13:17,466 Performance - ---------------------------------------------------
CPU Usage: 0.07%, Physical Memory Usage: 48,713,728.00, Total Thread Count: 37
AvailableWorkingThreads: 2046, AvailableCompletionPortThreads: 1000
MaxWorkingThreads: 2047, MaxCompletionPortThreads: 1000
LISTServer ----------------------------------
Started Time: 2018/1/17 13:42:17
Is Running: True
Total Connections: 1
Maximum Allowed Connection Number: 1000
Total Handled Requests: 1,972
Request Handling Speed (#/second): 1
Avialable Sending Queue Items: 255
Total Sending Queue Items: 256

2018-01-17 14:19:31,349 Performance - ---------------------------------------------------
CPU Usage: 0.00%, Physical Memory Usage: 45,703,168.00, Total Thread Count: 25
AvailableWorkingThreads: 2046, AvailableCompletionPortThreads: 1000
MaxWorkingThreads: 2047, MaxCompletionPortThreads: 1000
LISTServer ----------------------------------
Started Time: 2018/1/17 14:19:31
Is Running: True
Total Connections: 0
Maximum Allowed Connection Number: 1000
Total Handled Requests: 0
Request Handling Speed (#/second): 0
Avialable Sending Queue Items: 256
Total Sending Queue Items: 256

2018-01-17 14:20:31,258 Performance - ---------------------------------------------------
CPU Usage: 0.02%, Physical Memory Usage: 49,643,520.00, Total Thread Count: 32
AvailableWorkingThreads: 2046, AvailableCompletionPortThreads: 1000
MaxWorkingThreads: 2047, MaxCompletionPortThreads: 1000
LISTServer ----------------------------------
Started Time: 2018/1/17 14:19:31
Is Running: True
Total Connections: 0
Maximum Allowed Connection Number: 1000
Total Handled Requests: 0
Request Handling Speed (#/second): 0
Avialable Sending Queue Items: 256
Total Sending Queue Items: 256

2018-01-17 14:21:31,263 Performance - ---------------------------------------------------
CPU Usage: 0.02%, Physical Memory Usage: 50,212,864.00, Total Thread Count: 32
AvailableWorkingThreads: 2046, AvailableCompletionPortThreads: 1000
MaxWorkingThreads: 2047, MaxCompletionPortThreads: 1000
LISTServer ----------------------------------
Started Time: 2018/1/17 14:19:31
Is Running: True
Total Connections: 0
Maximum Allowed Connection Number: 1000
Total Handled Requests: 0
Request Handling Speed (#/second): 0
Avialable Sending Queue Items: 256
Total Sending Queue Items: 256

2018-01-17 14:22:50,032 Performance - ---------------------------------------------------
CPU Usage: 0.00%, Physical Memory Usage: 44,347,392.00, Total Thread Count: 29
AvailableWorkingThreads: 2046, AvailableCompletionPortThreads: 1000
MaxWorkingThreads: 2047, MaxCompletionPortThreads: 1000
LISTServer ----------------------------------
Started Time: 2018/1/17 14:22:49
Is Running: True
Total Connections: 0
Maximum Allowed Connection Number: 1000
Total Handled Requests: 0
Request Handling Speed (#/second): 0
Avialable Sending Queue Items: 256
Total Sending Queue Items: 256

2018-01-17 14:26:15,449 Performance - ---------------------------------------------------
CPU Usage: 0.14%, Physical Memory Usage: 67,321,856.00, Total Thread Count: 35
AvailableWorkingThreads: 2043, AvailableCompletionPortThreads: 1000
MaxWorkingThreads: 2047, MaxCompletionPortThreads: 1000
LISTServer ----------------------------------
Started Time: 2018/1/17 14:22:49
Is Running: True
Total Connections: 1
Maximum Allowed Connection Number: 1000
Total Handled Requests: 9
Request Handling Speed (#/second): 0
Avialable Sending Queue Items: 255
Total Sending Queue Items: 256

2018-01-17 14:27:13,724 Performance - ---------------------------------------------------
CPU Usage: 0.13%, Physical Memory Usage: 70,479,872.00, Total Thread Count: 36
AvailableWorkingThreads: 2045, AvailableCompletionPortThreads: 1000
MaxWorkingThreads: 2047, MaxCompletionPortThreads: 1000
LISTServer ----------------------------------
Started Time: 2018/1/17 14:22:49
Is Running: True
Total Connections: 2
Maximum Allowed Connection Number: 1000
Total Handled Requests: 89
Request Handling Speed (#/second): 1
Avialable Sending Queue Items: 254
Total Sending Queue Items: 256

2018-01-17 14:28:14,694 Performance - ---------------------------------------------------
CPU Usage: 0.00%, Physical Memory Usage: 45,498,368.00, Total Thread Count: 29
AvailableWorkingThreads: 2046, AvailableCompletionPortThreads: 1000
MaxWorkingThreads: 2047, MaxCompletionPortThreads: 1000
LISTServer ----------------------------------
Started Time: 2018/1/17 14:28:14
Is Running: True
Total Connections: 0
Maximum Allowed Connection Number: 1000
Total Handled Requests: 0
Request Handling Speed (#/second): 0
Avialable Sending Queue Items: 256
Total Sending Queue Items: 256

2018-01-17 14:29:14,639 Performance - ---------------------------------------------------
CPU Usage: 0.41%, Physical Memory Usage: 69,365,760.00, Total Thread Count: 39
AvailableWorkingThreads: 2045, AvailableCompletionPortThreads: 1000
MaxWorkingThreads: 2047, MaxCompletionPortThreads: 1000
LISTServer ----------------------------------
Started Time: 2018/1/17 14:28:14
Is Running: True
Total Connections: 2
Maximum Allowed Connection Number: 1000
Total Handled Requests: 105
Request Handling Speed (#/second): 2
Avialable Sending Queue Items: 254
Total Sending Queue Items: 256

2018-01-17 14:30:14,636 Performance - ---------------------------------------------------
CPU Usage: 0.12%, Physical Memory Usage: 72,421,376.00, Total Thread Count: 40
AvailableWorkingThreads: 2044, AvailableCompletionPortThreads: 1000
MaxWorkingThreads: 2047, MaxCompletionPortThreads: 1000
LISTServer ----------------------------------
Started Time: 2018/1/17 14:28:14
Is Running: True
Total Connections: 2
Maximum Allowed Connection Number: 1000
Total Handled Requests: 251
Request Handling Speed (#/second): 2
Avialable Sending Queue Items: 254
Total Sending Queue Items: 256

2018-01-17 14:31:14,639 Performance - ---------------------------------------------------
CPU Usage: 0.07%, Physical Memory Usage: 74,194,944.00, Total Thread Count: 38
AvailableWorkingThreads: 2045, AvailableCompletionPortThreads: 1000
MaxWorkingThreads: 2047, MaxCompletionPortThreads: 1000
LISTServer ----------------------------------
Started Time: 2018/1/17 14:28:14
Is Running: True
Total Connections: 2
Maximum Allowed Connection Number: 1000
Total Handled Requests: 404
Request Handling Speed (#/second): 3
Avialable Sending Queue Items: 254
Total Sending Queue Items: 256

2018-01-17 14:32:14,641 Performance - ---------------------------------------------------
CPU Usage: 0.07%, Physical Memory Usage: 76,283,904.00, Total Thread Count: 37
AvailableWorkingThreads: 2046, AvailableCompletionPortThreads: 1000
MaxWorkingThreads: 2047, MaxCompletionPortThreads: 1000
LISTServer ----------------------------------
Started Time: 2018/1/17 14:28:14
Is Running: True
Total Connections: 2
Maximum Allowed Connection Number: 1000
Total Handled Requests: 526
Request Handling Speed (#/second): 2
Avialable Sending Queue Items: 254
Total Sending Queue Items: 256

2018-01-17 14:33:14,657 Performance - ---------------------------------------------------
CPU Usage: 0.07%, Physical Memory Usage: 78,716,928.00, Total Thread Count: 38
AvailableWorkingThreads: 2046, AvailableCompletionPortThreads: 1000
MaxWorkingThreads: 2047, MaxCompletionPortThreads: 1000
LISTServer ----------------------------------
Started Time: 2018/1/17 14:28:14
Is Running: True
Total Connections: 2
Maximum Allowed Connection Number: 1000
Total Handled Requests: 646
Request Handling Speed (#/second): 2
Avialable Sending Queue Items: 254
Total Sending Queue Items: 256

2018-01-17 14:34:14,656 Performance - ---------------------------------------------------
CPU Usage: 0.05%, Physical Memory Usage: 80,879,616.00, Total Thread Count: 38
AvailableWorkingThreads: 2044, AvailableCompletionPortThreads: 1000
MaxWorkingThreads: 2047, MaxCompletionPortThreads: 1000
LISTServer ----------------------------------
Started Time: 2018/1/17 14:28:14
Is Running: True
Total Connections: 2
Maximum Allowed Connection Number: 1000
Total Handled Requests: 763
Request Handling Speed (#/second): 2
Avialable Sending Queue Items: 254
Total Sending Queue Items: 256

2018-01-17 14:35:14,651 Performance - ---------------------------------------------------
CPU Usage: 0.05%, Physical Memory Usage: 83,333,120.00, Total Thread Count: 39
AvailableWorkingThreads: 2046, AvailableCompletionPortThreads: 1000
MaxWorkingThreads: 2047, MaxCompletionPortThreads: 1000
LISTServer ----------------------------------
Started Time: 2018/1/17 14:28:14
Is Running: True
Total Connections: 2
Maximum Allowed Connection Number: 1000
Total Handled Requests: 886
Request Handling Speed (#/second): 2
Avialable Sending Queue Items: 254
Total Sending Queue Items: 256

2018-01-17 14:36:14,652 Performance - ---------------------------------------------------
CPU Usage: 0.06%, Physical Memory Usage: 85,639,168.00, Total Thread Count: 37
AvailableWorkingThreads: 2045, AvailableCompletionPortThreads: 1000
MaxWorkingThreads: 2047, MaxCompletionPortThreads: 1000
LISTServer ----------------------------------
Started Time: 2018/1/17 14:28:14
Is Running: True
Total Connections: 2
Maximum Allowed Connection Number: 1000
Total Handled Requests: 1,005
Request Handling Speed (#/second): 2
Avialable Sending Queue Items: 254
Total Sending Queue Items: 256

2018-01-17 14:39:06,672 Performance - ---------------------------------------------------
CPU Usage: 0.00%, Physical Memory Usage: 44,675,072.00, Total Thread Count: 25
AvailableWorkingThreads: 2046, AvailableCompletionPortThreads: 1000
MaxWorkingThreads: 2047, MaxCompletionPortThreads: 1000
LISTServer ----------------------------------
Started Time: 2018/1/17 14:39:06
Is Running: True
Total Connections: 0
Maximum Allowed Connection Number: 1000
Total Handled Requests: 0
Request Handling Speed (#/second): 0
Avialable Sending Queue Items: 256
Total Sending Queue Items: 256

2018-01-17 14:40:06,624 Performance - ---------------------------------------------------
CPU Usage: 0.42%, Physical Memory Usage: 71,020,544.00, Total Thread Count: 35
AvailableWorkingThreads: 2046, AvailableCompletionPortThreads: 1000
MaxWorkingThreads: 2047, MaxCompletionPortThreads: 1000
LISTServer ----------------------------------
Started Time: 2018/1/17 14:39:06
Is Running: True
Total Connections: 2
Maximum Allowed Connection Number: 1000
Total Handled Requests: 113
Request Handling Speed (#/second): 2
Avialable Sending Queue Items: 254
Total Sending Queue Items: 256

2018-01-17 14:41:06,635 Performance - ---------------------------------------------------
CPU Usage: 0.07%, Physical Memory Usage: 73,334,784.00, Total Thread Count: 35
AvailableWorkingThreads: 2046, AvailableCompletionPortThreads: 1000
MaxWorkingThreads: 2047, MaxCompletionPortThreads: 1000
LISTServer ----------------------------------
Started Time: 2018/1/17 14:39:06
Is Running: True
Total Connections: 2
Maximum Allowed Connection Number: 1000
Total Handled Requests: 250
Request Handling Speed (#/second): 2
Avialable Sending Queue Items: 254
Total Sending Queue Items: 256

2018-01-17 14:42:06,646 Performance - ---------------------------------------------------
CPU Usage: 0.05%, Physical Memory Usage: 75,382,784.00, Total Thread Count: 34
AvailableWorkingThreads: 2046, AvailableCompletionPortThreads: 1000
MaxWorkingThreads: 2047, MaxCompletionPortThreads: 1000
LISTServer ----------------------------------
Started Time: 2018/1/17 14:39:06
Is Running: True
Total Connections: 0
Maximum Allowed Connection Number: 1000
Total Handled Requests: 323
Request Handling Speed (#/second): 1
Avialable Sending Queue Items: 256
Total Sending Queue Items: 256

2018-01-17 14:43:06,665 Performance - ---------------------------------------------------
CPU Usage: 0.02%, Physical Memory Usage: 76,615,680.00, Total Thread Count: 33
AvailableWorkingThreads: 2046, AvailableCompletionPortThreads: 1000
MaxWorkingThreads: 2047, MaxCompletionPortThreads: 1000
LISTServer ----------------------------------
Started Time: 2018/1/17 14:39:06
Is Running: True
Total Connections: 0
Maximum Allowed Connection Number: 1000
Total Handled Requests: 323
Request Handling Speed (#/second): 0
Avialable Sending Queue Items: 256
Total Sending Queue Items: 256

2018-01-17 14:44:06,669 Performance - ---------------------------------------------------
CPU Usage: 0.05%, Physical Memory Usage: 78,491,648.00, Total Thread Count: 34
AvailableWorkingThreads: 2046, AvailableCompletionPortThreads: 1000
MaxWorkingThreads: 2047, MaxCompletionPortThreads: 1000
LISTServer ----------------------------------
Started Time: 2018/1/17 14:39:06
Is Running: True
Total Connections: 1
Maximum Allowed Connection Number: 1000
Total Handled Requests: 379
Request Handling Speed (#/second): 1
Avialable Sending Queue Items: 255
Total Sending Queue Items: 256

2018-01-17 14:45:06,668 Performance - ---------------------------------------------------
CPU Usage: 0.03%, Physical Memory Usage: 80,261,120.00, Total Thread Count: 35
AvailableWorkingThreads: 2046, AvailableCompletionPortThreads: 1000
MaxWorkingThreads: 2047, MaxCompletionPortThreads: 1000
LISTServer ----------------------------------
Started Time: 2018/1/17 14:39:06
Is Running: True
Total Connections: 1
Maximum Allowed Connection Number: 1000
Total Handled Requests: 439
Request Handling Speed (#/second): 1
Avialable Sending Queue Items: 255
Total Sending Queue Items: 256

2018-01-17 14:46:06,669 Performance - ---------------------------------------------------
CPU Usage: 0.03%, Physical Memory Usage: 83,107,840.00, Total Thread Count: 35
AvailableWorkingThreads: 2046, AvailableCompletionPortThreads: 1000
MaxWorkingThreads: 2047, MaxCompletionPortThreads: 1000
LISTServer ----------------------------------
Started Time: 2018/1/17 14:39:06
Is Running: True
Total Connections: 2
Maximum Allowed Connection Number: 1000
Total Handled Requests: 556
Request Handling Speed (#/second): 2
Avialable Sending Queue Items: 254
Total Sending Queue Items: 256

2018-01-17 14:47:06,678 Performance - ---------------------------------------------------
CPU Usage: 0.05%, Physical Memory Usage: 85,581,824.00, Total Thread Count: 39
AvailableWorkingThreads: 2046, AvailableCompletionPortThreads: 1000
MaxWorkingThreads: 2047, MaxCompletionPortThreads: 1000
LISTServer ----------------------------------
Started Time: 2018/1/17 14:39:06
Is Running: True
Total Connections: 2
Maximum Allowed Connection Number: 1000
Total Handled Requests: 676
Request Handling Speed (#/second): 2
Avialable Sending Queue Items: 254
Total Sending Queue Items: 256

2018-01-17 14:48:06,672 Performance - ---------------------------------------------------
CPU Usage: 0.08%, Physical Memory Usage: 85,549,056.00, Total Thread Count: 37
AvailableWorkingThreads: 2046, AvailableCompletionPortThreads: 1000
MaxWorkingThreads: 2047, MaxCompletionPortThreads: 1000
LISTServer ----------------------------------
Started Time: 2018/1/17 14:39:06
Is Running: True
Total Connections: 2
Maximum Allowed Connection Number: 1000
Total Handled Requests: 796
Request Handling Speed (#/second): 2
Avialable Sending Queue Items: 254
Total Sending Queue Items: 256

2018-01-17 14:48:34,785 Performance - ---------------------------------------------------
CPU Usage: 0.00%, Physical Memory Usage: 44,359,680.00, Total Thread Count: 29
AvailableWorkingThreads: 2046, AvailableCompletionPortThreads: 1000
MaxWorkingThreads: 2047, MaxCompletionPortThreads: 1000
LISTServer ----------------------------------
Started Time: 2018/1/17 14:48:34
Is Running: True
Total Connections: 0
Maximum Allowed Connection Number: 1000
Total Handled Requests: 0
Request Handling Speed (#/second): 0
Avialable Sending Queue Items: 256
Total Sending Queue Items: 256

2018-01-17 14:49:34,718 Performance - ---------------------------------------------------
CPU Usage: 0.33%, Physical Memory Usage: 62,267,392.00, Total Thread Count: 38
AvailableWorkingThreads: 2046, AvailableCompletionPortThreads: 1000
MaxWorkingThreads: 2047, MaxCompletionPortThreads: 1000
LISTServer ----------------------------------
Started Time: 2018/1/17 14:48:34
Is Running: True
Total Connections: 2
Maximum Allowed Connection Number: 1000
Total Handled Requests: 109
Request Handling Speed (#/second): 2
Avialable Sending Queue Items: 254
Total Sending Queue Items: 256

2018-01-17 14:50:34,719 Performance - ---------------------------------------------------
CPU Usage: 0.05%, Physical Memory Usage: 62,832,640.00, Total Thread Count: 38
AvailableWorkingThreads: 2045, AvailableCompletionPortThreads: 1000
MaxWorkingThreads: 2047, MaxCompletionPortThreads: 1000
LISTServer ----------------------------------
Started Time: 2018/1/17 14:48:34
Is Running: True
Total Connections: 1
Maximum Allowed Connection Number: 1000
Total Handled Requests: 223
Request Handling Speed (#/second): 2
Avialable Sending Queue Items: 255
Total Sending Queue Items: 256

2018-01-17 14:51:34,730 Performance - ---------------------------------------------------
CPU Usage: 0.10%, Physical Memory Usage: 70,725,632.00, Total Thread Count: 39
AvailableWorkingThreads: 2046, AvailableCompletionPortThreads: 1000
MaxWorkingThreads: 2047, MaxCompletionPortThreads: 1000
LISTServer ----------------------------------
Started Time: 2018/1/17 14:48:34
Is Running: True
Total Connections: 2
Maximum Allowed Connection Number: 1000
Total Handled Requests: 298
Request Handling Speed (#/second): 1
Avialable Sending Queue Items: 254
Total Sending Queue Items: 256

2018-01-17 14:52:34,732 Performance - ---------------------------------------------------
CPU Usage: 0.08%, Physical Memory Usage: 72,486,912.00, Total Thread Count: 39
AvailableWorkingThreads: 2046, AvailableCompletionPortThreads: 1000
MaxWorkingThreads: 2047, MaxCompletionPortThreads: 1000
LISTServer ----------------------------------
Started Time: 2018/1/17 14:48:34
Is Running: True
Total Connections: 2
Maximum Allowed Connection Number: 1000
Total Handled Requests: 435
Request Handling Speed (#/second): 2
Avialable Sending Queue Items: 254
Total Sending Queue Items: 256

2018-01-17 14:53:34,733 Performance - ---------------------------------------------------
CPU Usage: 0.01%, Physical Memory Usage: 74,108,928.00, Total Thread Count: 39
AvailableWorkingThreads: 2046, AvailableCompletionPortThreads: 1000
MaxWorkingThreads: 2047, MaxCompletionPortThreads: 1000
LISTServer ----------------------------------
Started Time: 2018/1/17 14:48:34
Is Running: True
Total Connections: 1
Maximum Allowed Connection Number: 1000
Total Handled Requests: 501
Request Handling Speed (#/second): 1
Avialable Sending Queue Items: 255
Total Sending Queue Items: 256

2018-01-17 14:54:43,929 Performance - ---------------------------------------------------
CPU Usage: 0.07%, Physical Memory Usage: 76,673,024.00, Total Thread Count: 40
AvailableWorkingThreads: 2040, AvailableCompletionPortThreads: 1000
MaxWorkingThreads: 2047, MaxCompletionPortThreads: 1000
LISTServer ----------------------------------
Started Time: 2018/1/17 14:48:34
Is Running: True
Total Connections: 1
Maximum Allowed Connection Number: 1000
Total Handled Requests: 549
Request Handling Speed (#/second): 1
Avialable Sending Queue Items: 255
Total Sending Queue Items: 256

2018-01-17 15:00:39,293 Performance - ---------------------------------------------------
CPU Usage: 0.00%, Physical Memory Usage: 44,306,432.00, Total Thread Count: 29
AvailableWorkingThreads: 2046, AvailableCompletionPortThreads: 1000
MaxWorkingThreads: 2047, MaxCompletionPortThreads: 1000
LISTServer ----------------------------------
Started Time: 2018/1/17 15:00:39
Is Running: True
Total Connections: 0
Maximum Allowed Connection Number: 1000
Total Handled Requests: 0
Request Handling Speed (#/second): 0
Avialable Sending Queue Items: 256
Total Sending Queue Items: 256

2018-01-17 15:01:39,235 Performance - ---------------------------------------------------
CPU Usage: 0.46%, Physical Memory Usage: 74,121,216.00, Total Thread Count: 44
AvailableWorkingThreads: 2046, AvailableCompletionPortThreads: 1000
MaxWorkingThreads: 2047, MaxCompletionPortThreads: 1000
LISTServer ----------------------------------
Started Time: 2018/1/17 15:00:39
Is Running: True
Total Connections: 2
Maximum Allowed Connection Number: 1000
Total Handled Requests: 108
Request Handling Speed (#/second): 2
Avialable Sending Queue Items: 254
Total Sending Queue Items: 256

2018-01-17 15:02:39,226 Performance - ---------------------------------------------------
CPU Usage: 0.10%, Physical Memory Usage: 76,398,592.00, Total Thread Count: 42
AvailableWorkingThreads: 2045, AvailableCompletionPortThreads: 1000
MaxWorkingThreads: 2047, MaxCompletionPortThreads: 1000
LISTServer ----------------------------------
Started Time: 2018/1/17 15:00:39
Is Running: True
Total Connections: 2
Maximum Allowed Connection Number: 1000
Total Handled Requests: 265
Request Handling Speed (#/second): 3
Avialable Sending Queue Items: 254
Total Sending Queue Items: 256

2018-01-17 15:03:39,227 Performance - ---------------------------------------------------
CPU Usage: 0.08%, Physical Memory Usage: 79,028,224.00, Total Thread Count: 40
AvailableWorkingThreads: 2046, AvailableCompletionPortThreads: 1000
MaxWorkingThreads: 2047, MaxCompletionPortThreads: 1000
LISTServer ----------------------------------
Started Time: 2018/1/17 15:00:39
Is Running: True
Total Connections: 1
Maximum Allowed Connection Number: 1000
Total Handled Requests: 366
Request Handling Speed (#/second): 2
Avialable Sending Queue Items: 255
Total Sending Queue Items: 256

2018-01-17 15:04:39,234 Performance - ---------------------------------------------------
CPU Usage: 0.05%, Physical Memory Usage: 80,613,376.00, Total Thread Count: 39
AvailableWorkingThreads: 2046, AvailableCompletionPortThreads: 1000
MaxWorkingThreads: 2047, MaxCompletionPortThreads: 1000
LISTServer ----------------------------------
Started Time: 2018/1/17 15:00:39
Is Running: True
Total Connections: 1
Maximum Allowed Connection Number: 1000
Total Handled Requests: 426
Request Handling Speed (#/second): 1
Avialable Sending Queue Items: 255
Total Sending Queue Items: 256

2018-01-17 15:05:39,230 Performance - ---------------------------------------------------
CPU Usage: 0.12%, Physical Memory Usage: 81,022,976.00, Total Thread Count: 40
AvailableWorkingThreads: 2045, AvailableCompletionPortThreads: 1000
MaxWorkingThreads: 2047, MaxCompletionPortThreads: 1000
LISTServer ----------------------------------
Started Time: 2018/1/17 15:00:39
Is Running: True
Total Connections: 2
Maximum Allowed Connection Number: 1000
Total Handled Requests: 577
Request Handling Speed (#/second): 3
Avialable Sending Queue Items: 254
Total Sending Queue Items: 256

2018-01-17 15:06:39,231 Performance - ---------------------------------------------------
CPU Usage: 0.08%, Physical Memory Usage: 83,394,560.00, Total Thread Count: 38
AvailableWorkingThreads: 2046, AvailableCompletionPortThreads: 1000
MaxWorkingThreads: 2047, MaxCompletionPortThreads: 1000
LISTServer ----------------------------------
Started Time: 2018/1/17 15:00:39
Is Running: True
Total Connections: 2
Maximum Allowed Connection Number: 1000
Total Handled Requests: 722
Request Handling Speed (#/second): 2
Avialable Sending Queue Items: 254
Total Sending Queue Items: 256

2018-01-17 15:07:39,234 Performance - ---------------------------------------------------
CPU Usage: 0.07%, Physical Memory Usage: 82,288,640.00, Total Thread Count: 38
AvailableWorkingThreads: 2046, AvailableCompletionPortThreads: 1000
MaxWorkingThreads: 2047, MaxCompletionPortThreads: 1000
LISTServer ----------------------------------
Started Time: 2018/1/17 15:00:39
Is Running: True
Total Connections: 2
Maximum Allowed Connection Number: 1000
Total Handled Requests: 848
Request Handling Speed (#/second): 2
Avialable Sending Queue Items: 254
Total Sending Queue Items: 256

2018-01-17 15:08:39,242 Performance - ---------------------------------------------------
CPU Usage: 0.06%, Physical Memory Usage: 85,307,392.00, Total Thread Count: 37
AvailableWorkingThreads: 2046, AvailableCompletionPortThreads: 1000
MaxWorkingThreads: 2047, MaxCompletionPortThreads: 1000
LISTServer ----------------------------------
Started Time: 2018/1/17 15:00:39
Is Running: True
Total Connections: 1
Maximum Allowed Connection Number: 1000
Total Handled Requests: 979
Request Handling Speed (#/second): 2
Avialable Sending Queue Items: 255
Total Sending Queue Items: 256

2018-01-17 15:09:39,264 Performance - ---------------------------------------------------
CPU Usage: 0.07%, Physical Memory Usage: 87,810,048.00, Total Thread Count: 37
AvailableWorkingThreads: 2046, AvailableCompletionPortThreads: 1000
MaxWorkingThreads: 2047, MaxCompletionPortThreads: 1000
LISTServer ----------------------------------
Started Time: 2018/1/17 15:00:39
Is Running: True
Total Connections: 2
Maximum Allowed Connection Number: 1000
Total Handled Requests: 1,088
Request Handling Speed (#/second): 2
Avialable Sending Queue Items: 254
Total Sending Queue Items: 256

2018-01-17 15:10:39,287 Performance - ---------------------------------------------------
CPU Usage: 0.07%, Physical Memory Usage: 88,993,792.00, Total Thread Count: 37
AvailableWorkingThreads: 2046, AvailableCompletionPortThreads: 1000
MaxWorkingThreads: 2047, MaxCompletionPortThreads: 1000
LISTServer ----------------------------------
Started Time: 2018/1/17 15:00:39
Is Running: True
Total Connections: 1
Maximum Allowed Connection Number: 1000
Total Handled Requests: 1,208
Request Handling Speed (#/second): 2
Avialable Sending Queue Items: 255
Total Sending Queue Items: 256

2018-01-17 15:11:39,260 Performance - ---------------------------------------------------
CPU Usage: 0.06%, Physical Memory Usage: 90,841,088.00, Total Thread Count: 38
AvailableWorkingThreads: 2046, AvailableCompletionPortThreads: 1000
MaxWorkingThreads: 2047, MaxCompletionPortThreads: 1000
LISTServer ----------------------------------
Started Time: 2018/1/17 15:00:39
Is Running: True
Total Connections: 1
Maximum Allowed Connection Number: 1000
Total Handled Requests: 1,268
Request Handling Speed (#/second): 1
Avialable Sending Queue Items: 255
Total Sending Queue Items: 256

2018-01-17 15:12:39,274 Performance - ---------------------------------------------------
CPU Usage: 0.06%, Physical Memory Usage: 91,320,320.00, Total Thread Count: 38
AvailableWorkingThreads: 2046, AvailableCompletionPortThreads: 1000
MaxWorkingThreads: 2047, MaxCompletionPortThreads: 1000
LISTServer ----------------------------------
Started Time: 2018/1/17 15:00:39
Is Running: True
Total Connections: 1
Maximum Allowed Connection Number: 1000
Total Handled Requests: 1,328
Request Handling Speed (#/second): 1
Avialable Sending Queue Items: 255
Total Sending Queue Items: 256

2018-01-17 15:13:39,279 Performance - ---------------------------------------------------
CPU Usage: 0.03%, Physical Memory Usage: 88,899,584.00, Total Thread Count: 37
AvailableWorkingThreads: 2046, AvailableCompletionPortThreads: 1000
MaxWorkingThreads: 2047, MaxCompletionPortThreads: 1000
LISTServer ----------------------------------
Started Time: 2018/1/17 15:00:39
Is Running: True
Total Connections: 1
Maximum Allowed Connection Number: 1000
Total Handled Requests: 1,386
Request Handling Speed (#/second): 1
Avialable Sending Queue Items: 255
Total Sending Queue Items: 256

2018-01-17 15:14:39,274 Performance - ---------------------------------------------------
CPU Usage: 0.03%, Physical Memory Usage: 89,321,472.00, Total Thread Count: 37
AvailableWorkingThreads: 2045, AvailableCompletionPortThreads: 1000
MaxWorkingThreads: 2047, MaxCompletionPortThreads: 1000
LISTServer ----------------------------------
Started Time: 2018/1/17 15:00:39
Is Running: True
Total Connections: 1
Maximum Allowed Connection Number: 1000
Total Handled Requests: 1,447
Request Handling Speed (#/second): 1
Avialable Sending Queue Items: 255
Total Sending Queue Items: 256

2018-01-17 15:15:39,273 Performance - ---------------------------------------------------
CPU Usage: 0.03%, Physical Memory Usage: 90,259,456.00, Total Thread Count: 37
AvailableWorkingThreads: 2046, AvailableCompletionPortThreads: 1000
MaxWorkingThreads: 2047, MaxCompletionPortThreads: 1000
LISTServer ----------------------------------
Started Time: 2018/1/17 15:00:39
Is Running: True
Total Connections: 1
Maximum Allowed Connection Number: 1000
Total Handled Requests: 1,508
Request Handling Speed (#/second): 1
Avialable Sending Queue Items: 255
Total Sending Queue Items: 256

2018-01-17 15:16:39,273 Performance - ---------------------------------------------------
CPU Usage: 0.03%, Physical Memory Usage: 90,382,336.00, Total Thread Count: 37
AvailableWorkingThreads: 2045, AvailableCompletionPortThreads: 1000
MaxWorkingThreads: 2047, MaxCompletionPortThreads: 1000
LISTServer ----------------------------------
Started Time: 2018/1/17 15:00:39
Is Running: True
Total Connections: 1
Maximum Allowed Connection Number: 1000
Total Handled Requests: 1,566
Request Handling Speed (#/second): 1
Avialable Sending Queue Items: 255
Total Sending Queue Items: 256

2018-01-17 15:17:39,279 Performance - ---------------------------------------------------
CPU Usage: 0.06%, Physical Memory Usage: 90,439,680.00, Total Thread Count: 37
AvailableWorkingThreads: 2046, AvailableCompletionPortThreads: 1000
MaxWorkingThreads: 2047, MaxCompletionPortThreads: 1000
LISTServer ----------------------------------
Started Time: 2018/1/17 15:00:39
Is Running: True
Total Connections: 1
Maximum Allowed Connection Number: 1000
Total Handled Requests: 1,628
Request Handling Speed (#/second): 1
Avialable Sending Queue Items: 255
Total Sending Queue Items: 256

2018-01-17 15:18:39,300 Performance - ---------------------------------------------------
CPU Usage: 0.05%, Physical Memory Usage: 89,452,544.00, Total Thread Count: 37
AvailableWorkingThreads: 2046, AvailableCompletionPortThreads: 1000
MaxWorkingThreads: 2047, MaxCompletionPortThreads: 1000
LISTServer ----------------------------------
Started Time: 2018/1/17 15:00:39
Is Running: True
Total Connections: 1
Maximum Allowed Connection Number: 1000
Total Handled Requests: 1,688
Request Handling Speed (#/second): 1
Avialable Sending Queue Items: 255
Total Sending Queue Items: 256

2018-01-17 15:19:39,301 Performance - ---------------------------------------------------
CPU Usage: 0.02%, Physical Memory Usage: 89,493,504.00, Total Thread Count: 38
AvailableWorkingThreads: 2046, AvailableCompletionPortThreads: 1000
MaxWorkingThreads: 2047, MaxCompletionPortThreads: 1000
LISTServer ----------------------------------
Started Time: 2018/1/17 15:00:39
Is Running: True
Total Connections: 1
Maximum Allowed Connection Number: 1000
Total Handled Requests: 1,748
Request Handling Speed (#/second): 1
Avialable Sending Queue Items: 255
Total Sending Queue Items: 256

2018-01-17 15:20:39,294 Performance - ---------------------------------------------------
CPU Usage: 0.04%, Physical Memory Usage: 89,673,728.00, Total Thread Count: 38
AvailableWorkingThreads: 2045, AvailableCompletionPortThreads: 1000
MaxWorkingThreads: 2047, MaxCompletionPortThreads: 1000
LISTServer ----------------------------------
Started Time: 2018/1/17 15:00:39
Is Running: True
Total Connections: 2
Maximum Allowed Connection Number: 1000
Total Handled Requests: 1,810
Request Handling Speed (#/second): 1
Avialable Sending Queue Items: 254
Total Sending Queue Items: 256

2018-01-17 15:21:39,296 Performance - ---------------------------------------------------
CPU Usage: 0.05%, Physical Memory Usage: 89,714,688.00, Total Thread Count: 38
AvailableWorkingThreads: 2046, AvailableCompletionPortThreads: 1000
MaxWorkingThreads: 2047, MaxCompletionPortThreads: 1000
LISTServer ----------------------------------
Started Time: 2018/1/17 15:00:39
Is Running: True
Total Connections: 2
Maximum Allowed Connection Number: 1000
Total Handled Requests: 1,964
Request Handling Speed (#/second): 3
Avialable Sending Queue Items: 254
Total Sending Queue Items: 256

2018-01-17 15:22:39,296 Performance - ---------------------------------------------------
CPU Usage: 0.04%, Physical Memory Usage: 84,209,664.00, Total Thread Count: 38
AvailableWorkingThreads: 2045, AvailableCompletionPortThreads: 1000
MaxWorkingThreads: 2047, MaxCompletionPortThreads: 1000
LISTServer ----------------------------------
Started Time: 2018/1/17 15:00:39
Is Running: True
Total Connections: 1
Maximum Allowed Connection Number: 1000
Total Handled Requests: 2,044
Request Handling Speed (#/second): 1
Avialable Sending Queue Items: 255
Total Sending Queue Items: 256

2018-01-17 15:25:21,016 Performance - ---------------------------------------------------
CPU Usage: 0.00%, Physical Memory Usage: 45,207,552.00, Total Thread Count: 29
AvailableWorkingThreads: 2046, AvailableCompletionPortThreads: 1000
MaxWorkingThreads: 2047, MaxCompletionPortThreads: 1000
LISTServer ----------------------------------
Started Time: 2018/1/17 15:25:20
Is Running: True
Total Connections: 0
Maximum Allowed Connection Number: 1000
Total Handled Requests: 0
Request Handling Speed (#/second): 0
Avialable Sending Queue Items: 256
Total Sending Queue Items: 256

2018-01-17 15:26:20,945 Performance - ---------------------------------------------------
CPU Usage: 0.44%, Physical Memory Usage: 70,041,600.00, Total Thread Count: 42
AvailableWorkingThreads: 2046, AvailableCompletionPortThreads: 1000
MaxWorkingThreads: 2047, MaxCompletionPortThreads: 1000
LISTServer ----------------------------------
Started Time: 2018/1/17 15:25:20
Is Running: True
Total Connections: 1
Maximum Allowed Connection Number: 1000
Total Handled Requests: 53
Request Handling Speed (#/second): 1
Avialable Sending Queue Items: 255
Total Sending Queue Items: 256

2018-01-17 15:27:20,943 Performance - ---------------------------------------------------
CPU Usage: 0.05%, Physical Memory Usage: 71,970,816.00, Total Thread Count: 40
AvailableWorkingThreads: 2046, AvailableCompletionPortThreads: 1000
MaxWorkingThreads: 2047, MaxCompletionPortThreads: 1000
LISTServer ----------------------------------
Started Time: 2018/1/17 15:25:20
Is Running: True
Total Connections: 2
Maximum Allowed Connection Number: 1000
Total Handled Requests: 137
Request Handling Speed (#/second): 1
Avialable Sending Queue Items: 254
Total Sending Queue Items: 256

2018-01-17 15:28:20,950 Performance - ---------------------------------------------------
CPU Usage: 0.05%, Physical Memory Usage: 73,154,560.00, Total Thread Count: 40
AvailableWorkingThreads: 2046, AvailableCompletionPortThreads: 1000
MaxWorkingThreads: 2047, MaxCompletionPortThreads: 1000
LISTServer ----------------------------------
Started Time: 2018/1/17 15:25:20
Is Running: True
Total Connections: 1
Maximum Allowed Connection Number: 1000
Total Handled Requests: 201
Request Handling Speed (#/second): 1
Avialable Sending Queue Items: 255
Total Sending Queue Items: 256

2018-01-17 15:29:20,946 Performance - ---------------------------------------------------
CPU Usage: 0.05%, Physical Memory Usage: 73,596,928.00, Total Thread Count: 39
AvailableWorkingThreads: 2046, AvailableCompletionPortThreads: 1000
MaxWorkingThreads: 2047, MaxCompletionPortThreads: 1000
LISTServer ----------------------------------
Started Time: 2018/1/17 15:25:20
Is Running: True
Total Connections: 1
Maximum Allowed Connection Number: 1000
Total Handled Requests: 261
Request Handling Speed (#/second): 1
Avialable Sending Queue Items: 255
Total Sending Queue Items: 256

2018-01-17 15:30:20,948 Performance - ---------------------------------------------------
CPU Usage: 0.03%, Physical Memory Usage: 73,846,784.00, Total Thread Count: 39
AvailableWorkingThreads: 2046, AvailableCompletionPortThreads: 1000
MaxWorkingThreads: 2047, MaxCompletionPortThreads: 1000
LISTServer ----------------------------------
Started Time: 2018/1/17 15:25:20
Is Running: True
Total Connections: 1
Maximum Allowed Connection Number: 1000
Total Handled Requests: 321
Request Handling Speed (#/second): 1
Avialable Sending Queue Items: 255
Total Sending Queue Items: 256

2018-01-17 15:31:20,962 Performance - ---------------------------------------------------
CPU Usage: 0.03%, Physical Memory Usage: 75,177,984.00, Total Thread Count: 38
AvailableWorkingThreads: 2046, AvailableCompletionPortThreads: 1000
MaxWorkingThreads: 2047, MaxCompletionPortThreads: 1000
LISTServer ----------------------------------
Started Time: 2018/1/17 15:25:20
Is Running: True
Total Connections: 1
Maximum Allowed Connection Number: 1000
Total Handled Requests: 381
Request Handling Speed (#/second): 1
Avialable Sending Queue Items: 255
Total Sending Queue Items: 256

2018-01-17 15:32:20,964 Performance - ---------------------------------------------------
CPU Usage: 0.03%, Physical Memory Usage: 76,926,976.00, Total Thread Count: 39
AvailableWorkingThreads: 2046, AvailableCompletionPortThreads: 1000
MaxWorkingThreads: 2047, MaxCompletionPortThreads: 1000
LISTServer ----------------------------------
Started Time: 2018/1/17 15:25:20
Is Running: True
Total Connections: 1
Maximum Allowed Connection Number: 1000
Total Handled Requests: 441
Request Handling Speed (#/second): 1
Avialable Sending Queue Items: 255
Total Sending Queue Items: 256

