2018-10-22 10:22:22,574 Performance - ---------------------------------------------------
CPU Usage: 0.00%, Physical Memory Usage: 44,924,928.00, Total Thread Count: 30
AvailableWorkingThreads: 2046, AvailableCompletionPortThreads: 1000
MaxWorkingThreads: 2047, MaxCompletionPortThreads: 1000
LISTServer ----------------------------------
Started Time: 2018/10/22 星期一 10:22:22
Is Running: True
Total Connections: 0
Maximum Allowed Connection Number: 1000
Total Handled Requests: 0
Request Handling Speed (#/second): 0
Avialable Sending Queue Items: 256
Total Sending Queue Items: 256

2018-10-22 10:23:22,452 Performance - ---------------------------------------------------
CPU Usage: 0.30%, Physical Memory Usage: 65,949,696.00, Total Thread Count: 41
AvailableWorkingThreads: 2045, AvailableCompletionPortThreads: 1000
MaxWorkingThreads: 2047, MaxCompletionPortThreads: 1000
LISTServer ----------------------------------
Started Time: 2018/10/22 星期一 10:22:22
Is Running: True
Total Connections: 1
Maximum Allowed Connection Number: 1000
Total Handled Requests: 2
Request Handling Speed (#/second): 0
Avialable Sending Queue Items: 255
Total Sending Queue Items: 256

2018-10-22 10:24:22,450 Performance - ---------------------------------------------------
CPU Usage: 0.03%, Physical Memory Usage: 68,083,712.00, Total Thread Count: 39
AvailableWorkingThreads: 2046, AvailableCompletionPortThreads: 1000
MaxWorkingThreads: 2047, MaxCompletionPortThreads: 1000
LISTServer ----------------------------------
Started Time: 2018/10/22 星期一 10:22:22
Is Running: True
Total Connections: 0
Maximum Allowed Connection Number: 1000
Total Handled Requests: 5
Request Handling Speed (#/second): 0
Avialable Sending Queue Items: 256
Total Sending Queue Items: 256

2018-10-22 10:25:22,450 Performance - ---------------------------------------------------
CPU Usage: 0.01%, Physical Memory Usage: 69,373,952.00, Total Thread Count: 39
AvailableWorkingThreads: 2046, AvailableCompletionPortThreads: 1000
MaxWorkingThreads: 2047, MaxCompletionPortThreads: 1000
LISTServer ----------------------------------
Started Time: 2018/10/22 星期一 10:22:22
Is Running: True
Total Connections: 0
Maximum Allowed Connection Number: 1000
Total Handled Requests: 5
Request Handling Speed (#/second): 0
Avialable Sending Queue Items: 256
Total Sending Queue Items: 256

2018-10-22 10:26:22,454 Performance - ---------------------------------------------------
CPU Usage: 0.02%, Physical Memory Usage: 70,692,864.00, Total Thread Count: 39
AvailableWorkingThreads: 2046, AvailableCompletionPortThreads: 1000
MaxWorkingThreads: 2047, MaxCompletionPortThreads: 1000
LISTServer ----------------------------------
Started Time: 2018/10/22 星期一 10:22:22
Is Running: True
Total Connections: 0
Maximum Allowed Connection Number: 1000
Total Handled Requests: 5
Request Handling Speed (#/second): 0
Avialable Sending Queue Items: 256
Total Sending Queue Items: 256

2018-10-22 10:27:22,488 Performance - ---------------------------------------------------
CPU Usage: 0.02%, Physical Memory Usage: 71,262,208.00, Total Thread Count: 38
AvailableWorkingThreads: 2046, AvailableCompletionPortThreads: 1000
MaxWorkingThreads: 2047, MaxCompletionPortThreads: 1000
LISTServer ----------------------------------
Started Time: 2018/10/22 星期一 10:22:22
Is Running: True
Total Connections: 0
Maximum Allowed Connection Number: 1000
Total Handled Requests: 5
Request Handling Speed (#/second): 0
Avialable Sending Queue Items: 256
Total Sending Queue Items: 256

2018-10-22 10:28:22,449 Performance - ---------------------------------------------------
CPU Usage: 0.01%, Physical Memory Usage: 72,413,184.00, Total Thread Count: 38
AvailableWorkingThreads: 2046, AvailableCompletionPortThreads: 1000
MaxWorkingThreads: 2047, MaxCompletionPortThreads: 1000
LISTServer ----------------------------------
Started Time: 2018/10/22 星期一 10:22:22
Is Running: True
Total Connections: 0
Maximum Allowed Connection Number: 1000
Total Handled Requests: 5
Request Handling Speed (#/second): 0
Avialable Sending Queue Items: 256
Total Sending Queue Items: 256

2018-10-22 10:29:22,478 Performance - ---------------------------------------------------
CPU Usage: 0.06%, Physical Memory Usage: 74,661,888.00, Total Thread Count: 38
AvailableWorkingThreads: 2046, AvailableCompletionPortThreads: 1000
MaxWorkingThreads: 2047, MaxCompletionPortThreads: 1000
LISTServer ----------------------------------
Started Time: 2018/10/22 星期一 10:22:22
Is Running: True
Total Connections: 0
Maximum Allowed Connection Number: 1000
Total Handled Requests: 14
Request Handling Speed (#/second): 0
Avialable Sending Queue Items: 256
Total Sending Queue Items: 256

2018-10-22 10:30:22,455 Performance - ---------------------------------------------------
CPU Usage: 0.01%, Physical Memory Usage: 75,669,504.00, Total Thread Count: 38
AvailableWorkingThreads: 2046, AvailableCompletionPortThreads: 1000
MaxWorkingThreads: 2047, MaxCompletionPortThreads: 1000
LISTServer ----------------------------------
Started Time: 2018/10/22 星期一 10:22:22
Is Running: True
Total Connections: 0
Maximum Allowed Connection Number: 1000
Total Handled Requests: 14
Request Handling Speed (#/second): 0
Avialable Sending Queue Items: 256
Total Sending Queue Items: 256

2018-10-22 10:31:22,460 Performance - ---------------------------------------------------
CPU Usage: 0.01%, Physical Memory Usage: 73,162,752.00, Total Thread Count: 38
AvailableWorkingThreads: 2046, AvailableCompletionPortThreads: 1000
MaxWorkingThreads: 2047, MaxCompletionPortThreads: 1000
LISTServer ----------------------------------
Started Time: 2018/10/22 星期一 10:22:22
Is Running: True
Total Connections: 0
Maximum Allowed Connection Number: 1000
Total Handled Requests: 14
Request Handling Speed (#/second): 0
Avialable Sending Queue Items: 256
Total Sending Queue Items: 256

2018-10-22 10:32:22,461 Performance - ---------------------------------------------------
CPU Usage: 0.01%, Physical Memory Usage: 73,793,536.00, Total Thread Count: 38
AvailableWorkingThreads: 2046, AvailableCompletionPortThreads: 1000
MaxWorkingThreads: 2047, MaxCompletionPortThreads: 1000
LISTServer ----------------------------------
Started Time: 2018/10/22 星期一 10:22:22
Is Running: True
Total Connections: 0
Maximum Allowed Connection Number: 1000
Total Handled Requests: 14
Request Handling Speed (#/second): 0
Avialable Sending Queue Items: 256
Total Sending Queue Items: 256

2018-10-22 10:33:22,444 Performance - ---------------------------------------------------
CPU Usage: 0.00%, Physical Memory Usage: 74,014,720.00, Total Thread Count: 38
AvailableWorkingThreads: 2046, AvailableCompletionPortThreads: 1000
MaxWorkingThreads: 2047, MaxCompletionPortThreads: 1000
LISTServer ----------------------------------
Started Time: 2018/10/22 星期一 10:22:22
Is Running: True
Total Connections: 0
Maximum Allowed Connection Number: 1000
Total Handled Requests: 14
Request Handling Speed (#/second): 0
Avialable Sending Queue Items: 256
Total Sending Queue Items: 256

2018-10-22 10:34:22,491 Performance - ---------------------------------------------------
CPU Usage: 0.02%, Physical Memory Usage: 76,251,136.00, Total Thread Count: 40
AvailableWorkingThreads: 2046, AvailableCompletionPortThreads: 1000
MaxWorkingThreads: 2047, MaxCompletionPortThreads: 1000
LISTServer ----------------------------------
Started Time: 2018/10/22 星期一 10:22:22
Is Running: True
Total Connections: 1
Maximum Allowed Connection Number: 1000
Total Handled Requests: 22
Request Handling Speed (#/second): 0
Avialable Sending Queue Items: 255
Total Sending Queue Items: 256

2018-10-22 10:35:22,475 Performance - ---------------------------------------------------
CPU Usage: 0.03%, Physical Memory Usage: 81,203,200.00, Total Thread Count: 40
AvailableWorkingThreads: 2045, AvailableCompletionPortThreads: 1000
MaxWorkingThreads: 2047, MaxCompletionPortThreads: 1000
LISTServer ----------------------------------
Started Time: 2018/10/22 星期一 10:22:22
Is Running: True
Total Connections: 1
Maximum Allowed Connection Number: 1000
Total Handled Requests: 38
Request Handling Speed (#/second): 0
Avialable Sending Queue Items: 255
Total Sending Queue Items: 256

2018-10-22 10:36:22,475 Performance - ---------------------------------------------------
CPU Usage: 0.01%, Physical Memory Usage: 84,082,688.00, Total Thread Count: 39
AvailableWorkingThreads: 2045, AvailableCompletionPortThreads: 1000
MaxWorkingThreads: 2047, MaxCompletionPortThreads: 1000
LISTServer ----------------------------------
Started Time: 2018/10/22 星期一 10:22:22
Is Running: True
Total Connections: 1
Maximum Allowed Connection Number: 1000
Total Handled Requests: 46
Request Handling Speed (#/second): 0
Avialable Sending Queue Items: 255
Total Sending Queue Items: 256

2018-10-22 10:37:22,462 Performance - ---------------------------------------------------
CPU Usage: 0.02%, Physical Memory Usage: 86,974,464.00, Total Thread Count: 39
AvailableWorkingThreads: 2046, AvailableCompletionPortThreads: 1000
MaxWorkingThreads: 2047, MaxCompletionPortThreads: 1000
LISTServer ----------------------------------
Started Time: 2018/10/22 星期一 10:22:22
Is Running: True
Total Connections: 0
Maximum Allowed Connection Number: 1000
Total Handled Requests: 51
Request Handling Speed (#/second): 0
Avialable Sending Queue Items: 256
Total Sending Queue Items: 256

2018-10-22 10:38:22,476 Performance - ---------------------------------------------------
CPU Usage: 0.11%, Physical Memory Usage: 93,564,928.00, Total Thread Count: 40
AvailableWorkingThreads: 2045, AvailableCompletionPortThreads: 1000
MaxWorkingThreads: 2047, MaxCompletionPortThreads: 1000
LISTServer ----------------------------------
Started Time: 2018/10/22 星期一 10:22:22
Is Running: True
Total Connections: 1
Maximum Allowed Connection Number: 1000
Total Handled Requests: 98
Request Handling Speed (#/second): 1
Avialable Sending Queue Items: 255
Total Sending Queue Items: 256

2018-10-22 10:39:22,479 Performance - ---------------------------------------------------
CPU Usage: 0.02%, Physical Memory Usage: 93,863,936.00, Total Thread Count: 38
AvailableWorkingThreads: 2046, AvailableCompletionPortThreads: 1000
MaxWorkingThreads: 2047, MaxCompletionPortThreads: 1000
LISTServer ----------------------------------
Started Time: 2018/10/22 星期一 10:22:22
Is Running: True
Total Connections: 0
Maximum Allowed Connection Number: 1000
Total Handled Requests: 106
Request Handling Speed (#/second): 0
Avialable Sending Queue Items: 256
Total Sending Queue Items: 256

2018-10-22 10:40:22,489 Performance - ---------------------------------------------------
CPU Usage: 0.03%, Physical Memory Usage: 94,105,600.00, Total Thread Count: 38
AvailableWorkingThreads: 2046, AvailableCompletionPortThreads: 1000
MaxWorkingThreads: 2047, MaxCompletionPortThreads: 1000
LISTServer ----------------------------------
Started Time: 2018/10/22 星期一 10:22:22
Is Running: True
Total Connections: 0
Maximum Allowed Connection Number: 1000
Total Handled Requests: 106
Request Handling Speed (#/second): 0
Avialable Sending Queue Items: 256
Total Sending Queue Items: 256

2018-10-22 10:41:22,476 Performance - ---------------------------------------------------
CPU Usage: 0.01%, Physical Memory Usage: 94,236,672.00, Total Thread Count: 38
AvailableWorkingThreads: 2046, AvailableCompletionPortThreads: 1000
MaxWorkingThreads: 2047, MaxCompletionPortThreads: 1000
LISTServer ----------------------------------
Started Time: 2018/10/22 星期一 10:22:22
Is Running: True
Total Connections: 0
Maximum Allowed Connection Number: 1000
Total Handled Requests: 106
Request Handling Speed (#/second): 0
Avialable Sending Queue Items: 256
Total Sending Queue Items: 256

2018-10-22 10:42:22,484 Performance - ---------------------------------------------------
CPU Usage: 0.01%, Physical Memory Usage: 94,679,040.00, Total Thread Count: 38
AvailableWorkingThreads: 2046, AvailableCompletionPortThreads: 1000
MaxWorkingThreads: 2047, MaxCompletionPortThreads: 1000
LISTServer ----------------------------------
Started Time: 2018/10/22 星期一 10:22:22
Is Running: True
Total Connections: 0
Maximum Allowed Connection Number: 1000
Total Handled Requests: 106
Request Handling Speed (#/second): 0
Avialable Sending Queue Items: 256
Total Sending Queue Items: 256

2018-10-22 10:43:22,499 Performance - ---------------------------------------------------
CPU Usage: 0.01%, Physical Memory Usage: 93,642,752.00, Total Thread Count: 38
AvailableWorkingThreads: 2046, AvailableCompletionPortThreads: 1000
MaxWorkingThreads: 2047, MaxCompletionPortThreads: 1000
LISTServer ----------------------------------
Started Time: 2018/10/22 星期一 10:22:22
Is Running: True
Total Connections: 0
Maximum Allowed Connection Number: 1000
Total Handled Requests: 106
Request Handling Speed (#/second): 0
Avialable Sending Queue Items: 256
Total Sending Queue Items: 256

2018-10-22 10:44:22,489 Performance - ---------------------------------------------------
CPU Usage: 0.01%, Physical Memory Usage: 93,855,744.00, Total Thread Count: 38
AvailableWorkingThreads: 2046, AvailableCompletionPortThreads: 1000
MaxWorkingThreads: 2047, MaxCompletionPortThreads: 1000
LISTServer ----------------------------------
Started Time: 2018/10/22 星期一 10:22:22
Is Running: True
Total Connections: 0
Maximum Allowed Connection Number: 1000
Total Handled Requests: 106
Request Handling Speed (#/second): 0
Avialable Sending Queue Items: 256
Total Sending Queue Items: 256

2018-10-22 10:45:22,488 Performance - ---------------------------------------------------
CPU Usage: 0.01%, Physical Memory Usage: 94,068,736.00, Total Thread Count: 38
AvailableWorkingThreads: 2046, AvailableCompletionPortThreads: 1000
MaxWorkingThreads: 2047, MaxCompletionPortThreads: 1000
LISTServer ----------------------------------
Started Time: 2018/10/22 星期一 10:22:22
Is Running: True
Total Connections: 0
Maximum Allowed Connection Number: 1000
Total Handled Requests: 106
Request Handling Speed (#/second): 0
Avialable Sending Queue Items: 256
Total Sending Queue Items: 256

2018-10-22 10:46:22,479 Performance - ---------------------------------------------------
CPU Usage: 0.01%, Physical Memory Usage: 94,302,208.00, Total Thread Count: 38
AvailableWorkingThreads: 2046, AvailableCompletionPortThreads: 1000
MaxWorkingThreads: 2047, MaxCompletionPortThreads: 1000
LISTServer ----------------------------------
Started Time: 2018/10/22 星期一 10:22:22
Is Running: True
Total Connections: 0
Maximum Allowed Connection Number: 1000
Total Handled Requests: 106
Request Handling Speed (#/second): 0
Avialable Sending Queue Items: 256
Total Sending Queue Items: 256

2018-10-22 10:47:22,481 Performance - ---------------------------------------------------
CPU Usage: 0.00%, Physical Memory Usage: 94,564,352.00, Total Thread Count: 38
AvailableWorkingThreads: 2046, AvailableCompletionPortThreads: 1000
MaxWorkingThreads: 2047, MaxCompletionPortThreads: 1000
LISTServer ----------------------------------
Started Time: 2018/10/22 星期一 10:22:22
Is Running: True
Total Connections: 0
Maximum Allowed Connection Number: 1000
Total Handled Requests: 106
Request Handling Speed (#/second): 0
Avialable Sending Queue Items: 256
Total Sending Queue Items: 256

2018-10-22 10:48:22,486 Performance - ---------------------------------------------------
CPU Usage: 0.01%, Physical Memory Usage: 93,114,368.00, Total Thread Count: 38
AvailableWorkingThreads: 2046, AvailableCompletionPortThreads: 1000
MaxWorkingThreads: 2047, MaxCompletionPortThreads: 1000
LISTServer ----------------------------------
Started Time: 2018/10/22 星期一 10:22:22
Is Running: True
Total Connections: 0
Maximum Allowed Connection Number: 1000
Total Handled Requests: 106
Request Handling Speed (#/second): 0
Avialable Sending Queue Items: 256
Total Sending Queue Items: 256

2018-10-22 10:49:22,480 Performance - ---------------------------------------------------
CPU Usage: 0.01%, Physical Memory Usage: 93,347,840.00, Total Thread Count: 38
AvailableWorkingThreads: 2046, AvailableCompletionPortThreads: 1000
MaxWorkingThreads: 2047, MaxCompletionPortThreads: 1000
LISTServer ----------------------------------
Started Time: 2018/10/22 星期一 10:22:22
Is Running: True
Total Connections: 0
Maximum Allowed Connection Number: 1000
Total Handled Requests: 106
Request Handling Speed (#/second): 0
Avialable Sending Queue Items: 256
Total Sending Queue Items: 256

2018-10-22 10:50:22,493 Performance - ---------------------------------------------------
CPU Usage: 0.01%, Physical Memory Usage: 93,577,216.00, Total Thread Count: 38
AvailableWorkingThreads: 2046, AvailableCompletionPortThreads: 1000
MaxWorkingThreads: 2047, MaxCompletionPortThreads: 1000
LISTServer ----------------------------------
Started Time: 2018/10/22 星期一 10:22:22
Is Running: True
Total Connections: 0
Maximum Allowed Connection Number: 1000
Total Handled Requests: 106
Request Handling Speed (#/second): 0
Avialable Sending Queue Items: 256
Total Sending Queue Items: 256

2018-10-22 10:51:22,502 Performance - ---------------------------------------------------
CPU Usage: 0.00%, Physical Memory Usage: 92,221,440.00, Total Thread Count: 38
AvailableWorkingThreads: 2046, AvailableCompletionPortThreads: 1000
MaxWorkingThreads: 2047, MaxCompletionPortThreads: 1000
LISTServer ----------------------------------
Started Time: 2018/10/22 星期一 10:22:22
Is Running: True
Total Connections: 0
Maximum Allowed Connection Number: 1000
Total Handled Requests: 106
Request Handling Speed (#/second): 0
Avialable Sending Queue Items: 256
Total Sending Queue Items: 256

2018-10-22 10:52:22,520 Performance - ---------------------------------------------------
CPU Usage: 0.03%, Physical Memory Usage: 92,573,696.00, Total Thread Count: 38
AvailableWorkingThreads: 2046, AvailableCompletionPortThreads: 1000
MaxWorkingThreads: 2047, MaxCompletionPortThreads: 1000
LISTServer ----------------------------------
Started Time: 2018/10/22 星期一 10:22:22
Is Running: True
Total Connections: 0
Maximum Allowed Connection Number: 1000
Total Handled Requests: 106
Request Handling Speed (#/second): 0
Avialable Sending Queue Items: 256
Total Sending Queue Items: 256

2018-10-22 10:53:22,496 Performance - ---------------------------------------------------
CPU Usage: 0.01%, Physical Memory Usage: 85,716,992.00, Total Thread Count: 38
AvailableWorkingThreads: 2046, AvailableCompletionPortThreads: 1000
MaxWorkingThreads: 2047, MaxCompletionPortThreads: 1000
LISTServer ----------------------------------
Started Time: 2018/10/22 星期一 10:22:22
Is Running: True
Total Connections: 0
Maximum Allowed Connection Number: 1000
Total Handled Requests: 106
Request Handling Speed (#/second): 0
Avialable Sending Queue Items: 256
Total Sending Queue Items: 256

2018-10-22 10:54:22,511 Performance - ---------------------------------------------------
CPU Usage: 0.01%, Physical Memory Usage: 85,884,928.00, Total Thread Count: 38
AvailableWorkingThreads: 2046, AvailableCompletionPortThreads: 1000
MaxWorkingThreads: 2047, MaxCompletionPortThreads: 1000
LISTServer ----------------------------------
Started Time: 2018/10/22 星期一 10:22:22
Is Running: True
Total Connections: 0
Maximum Allowed Connection Number: 1000
Total Handled Requests: 106
Request Handling Speed (#/second): 0
Avialable Sending Queue Items: 256
Total Sending Queue Items: 256

2018-10-22 10:55:22,508 Performance - ---------------------------------------------------
CPU Usage: 0.01%, Physical Memory Usage: 86,122,496.00, Total Thread Count: 38
AvailableWorkingThreads: 2046, AvailableCompletionPortThreads: 1000
MaxWorkingThreads: 2047, MaxCompletionPortThreads: 1000
LISTServer ----------------------------------
Started Time: 2018/10/22 星期一 10:22:22
Is Running: True
Total Connections: 0
Maximum Allowed Connection Number: 1000
Total Handled Requests: 106
Request Handling Speed (#/second): 0
Avialable Sending Queue Items: 256
Total Sending Queue Items: 256

2018-10-22 10:56:22,509 Performance - ---------------------------------------------------
CPU Usage: 0.00%, Physical Memory Usage: 86,360,064.00, Total Thread Count: 38
AvailableWorkingThreads: 2046, AvailableCompletionPortThreads: 1000
MaxWorkingThreads: 2047, MaxCompletionPortThreads: 1000
LISTServer ----------------------------------
Started Time: 2018/10/22 星期一 10:22:22
Is Running: True
Total Connections: 0
Maximum Allowed Connection Number: 1000
Total Handled Requests: 106
Request Handling Speed (#/second): 0
Avialable Sending Queue Items: 256
Total Sending Queue Items: 256

2018-10-22 10:57:22,515 Performance - ---------------------------------------------------
CPU Usage: 0.00%, Physical Memory Usage: 85,479,424.00, Total Thread Count: 38
AvailableWorkingThreads: 2046, AvailableCompletionPortThreads: 1000
MaxWorkingThreads: 2047, MaxCompletionPortThreads: 1000
LISTServer ----------------------------------
Started Time: 2018/10/22 星期一 10:22:22
Is Running: True
Total Connections: 0
Maximum Allowed Connection Number: 1000
Total Handled Requests: 106
Request Handling Speed (#/second): 0
Avialable Sending Queue Items: 256
Total Sending Queue Items: 256

2018-10-22 10:58:22,511 Performance - ---------------------------------------------------
CPU Usage: 0.00%, Physical Memory Usage: 84,803,584.00, Total Thread Count: 38
AvailableWorkingThreads: 2046, AvailableCompletionPortThreads: 1000
MaxWorkingThreads: 2047, MaxCompletionPortThreads: 1000
LISTServer ----------------------------------
Started Time: 2018/10/22 星期一 10:22:22
Is Running: True
Total Connections: 0
Maximum Allowed Connection Number: 1000
Total Handled Requests: 106
Request Handling Speed (#/second): 0
Avialable Sending Queue Items: 256
Total Sending Queue Items: 256

2018-10-22 10:59:22,526 Performance - ---------------------------------------------------
CPU Usage: 0.01%, Physical Memory Usage: 84,979,712.00, Total Thread Count: 38
AvailableWorkingThreads: 2046, AvailableCompletionPortThreads: 1000
MaxWorkingThreads: 2047, MaxCompletionPortThreads: 1000
LISTServer ----------------------------------
Started Time: 2018/10/22 星期一 10:22:22
Is Running: True
Total Connections: 0
Maximum Allowed Connection Number: 1000
Total Handled Requests: 106
Request Handling Speed (#/second): 0
Avialable Sending Queue Items: 256
Total Sending Queue Items: 256

2018-10-22 11:00:22,525 Performance - ---------------------------------------------------
CPU Usage: 0.00%, Physical Memory Usage: 85,196,800.00, Total Thread Count: 38
AvailableWorkingThreads: 2046, AvailableCompletionPortThreads: 1000
MaxWorkingThreads: 2047, MaxCompletionPortThreads: 1000
LISTServer ----------------------------------
Started Time: 2018/10/22 星期一 10:22:22
Is Running: True
Total Connections: 0
Maximum Allowed Connection Number: 1000
Total Handled Requests: 106
Request Handling Speed (#/second): 0
Avialable Sending Queue Items: 256
Total Sending Queue Items: 256

2018-10-22 11:01:22,528 Performance - ---------------------------------------------------
CPU Usage: 0.00%, Physical Memory Usage: 85,434,368.00, Total Thread Count: 38
AvailableWorkingThreads: 2046, AvailableCompletionPortThreads: 1000
MaxWorkingThreads: 2047, MaxCompletionPortThreads: 1000
LISTServer ----------------------------------
Started Time: 2018/10/22 星期一 10:22:22
Is Running: True
Total Connections: 0
Maximum Allowed Connection Number: 1000
Total Handled Requests: 106
Request Handling Speed (#/second): 0
Avialable Sending Queue Items: 256
Total Sending Queue Items: 256

2018-10-22 11:02:22,527 Performance - ---------------------------------------------------
CPU Usage: 0.01%, Physical Memory Usage: 85,671,936.00, Total Thread Count: 38
AvailableWorkingThreads: 2046, AvailableCompletionPortThreads: 1000
MaxWorkingThreads: 2047, MaxCompletionPortThreads: 1000
LISTServer ----------------------------------
Started Time: 2018/10/22 星期一 10:22:22
Is Running: True
Total Connections: 0
Maximum Allowed Connection Number: 1000
Total Handled Requests: 106
Request Handling Speed (#/second): 0
Avialable Sending Queue Items: 256
Total Sending Queue Items: 256

2018-10-22 11:03:22,554 Performance - ---------------------------------------------------
CPU Usage: 0.01%, Physical Memory Usage: 80,289,792.00, Total Thread Count: 38
AvailableWorkingThreads: 2046, AvailableCompletionPortThreads: 1000
MaxWorkingThreads: 2047, MaxCompletionPortThreads: 1000
LISTServer ----------------------------------
Started Time: 2018/10/22 星期一 10:22:22
Is Running: True
Total Connections: 0
Maximum Allowed Connection Number: 1000
Total Handled Requests: 106
Request Handling Speed (#/second): 0
Avialable Sending Queue Items: 256
Total Sending Queue Items: 256

2018-10-22 11:04:22,545 Performance - ---------------------------------------------------
CPU Usage: 0.02%, Physical Memory Usage: 80,523,264.00, Total Thread Count: 38
AvailableWorkingThreads: 2046, AvailableCompletionPortThreads: 1000
MaxWorkingThreads: 2047, MaxCompletionPortThreads: 1000
LISTServer ----------------------------------
Started Time: 2018/10/22 星期一 10:22:22
Is Running: True
Total Connections: 0
Maximum Allowed Connection Number: 1000
Total Handled Requests: 106
Request Handling Speed (#/second): 0
Avialable Sending Queue Items: 256
Total Sending Queue Items: 256

2018-10-22 11:05:22,551 Performance - ---------------------------------------------------
CPU Usage: 0.01%, Physical Memory Usage: 80,732,160.00, Total Thread Count: 38
AvailableWorkingThreads: 2046, AvailableCompletionPortThreads: 1000
MaxWorkingThreads: 2047, MaxCompletionPortThreads: 1000
LISTServer ----------------------------------
Started Time: 2018/10/22 星期一 10:22:22
Is Running: True
Total Connections: 0
Maximum Allowed Connection Number: 1000
Total Handled Requests: 106
Request Handling Speed (#/second): 0
Avialable Sending Queue Items: 256
Total Sending Queue Items: 256

2018-10-22 11:06:22,557 Performance - ---------------------------------------------------
CPU Usage: 0.02%, Physical Memory Usage: 81,719,296.00, Total Thread Count: 38
AvailableWorkingThreads: 2046, AvailableCompletionPortThreads: 1000
MaxWorkingThreads: 2047, MaxCompletionPortThreads: 1000
LISTServer ----------------------------------
Started Time: 2018/10/22 星期一 10:22:22
Is Running: True
Total Connections: 0
Maximum Allowed Connection Number: 1000
Total Handled Requests: 109
Request Handling Speed (#/second): 0
Avialable Sending Queue Items: 256
Total Sending Queue Items: 256

2018-10-22 11:07:22,568 Performance - ---------------------------------------------------
CPU Usage: 0.01%, Physical Memory Usage: 82,616,320.00, Total Thread Count: 38
AvailableWorkingThreads: 2046, AvailableCompletionPortThreads: 1000
MaxWorkingThreads: 2047, MaxCompletionPortThreads: 1000
LISTServer ----------------------------------
Started Time: 2018/10/22 星期一 10:22:22
Is Running: True
Total Connections: 0
Maximum Allowed Connection Number: 1000
Total Handled Requests: 109
Request Handling Speed (#/second): 0
Avialable Sending Queue Items: 256
Total Sending Queue Items: 256

2018-10-22 11:08:22,566 Performance - ---------------------------------------------------
CPU Usage: 0.03%, Physical Memory Usage: 73,195,520.00, Total Thread Count: 38
AvailableWorkingThreads: 2046, AvailableCompletionPortThreads: 1000
MaxWorkingThreads: 2047, MaxCompletionPortThreads: 1000
LISTServer ----------------------------------
Started Time: 2018/10/22 星期一 10:22:22
Is Running: True
Total Connections: 0
Maximum Allowed Connection Number: 1000
Total Handled Requests: 120
Request Handling Speed (#/second): 0
Avialable Sending Queue Items: 256
Total Sending Queue Items: 256

2018-10-22 11:09:22,556 Performance - ---------------------------------------------------
CPU Usage: 0.01%, Physical Memory Usage: 73,617,408.00, Total Thread Count: 38
AvailableWorkingThreads: 2046, AvailableCompletionPortThreads: 1000
MaxWorkingThreads: 2047, MaxCompletionPortThreads: 1000
LISTServer ----------------------------------
Started Time: 2018/10/22 星期一 10:22:22
Is Running: True
Total Connections: 0
Maximum Allowed Connection Number: 1000
Total Handled Requests: 120
Request Handling Speed (#/second): 0
Avialable Sending Queue Items: 256
Total Sending Queue Items: 256

2018-10-22 11:10:22,565 Performance - ---------------------------------------------------
CPU Usage: 0.00%, Physical Memory Usage: 73,973,760.00, Total Thread Count: 38
AvailableWorkingThreads: 2046, AvailableCompletionPortThreads: 1000
MaxWorkingThreads: 2047, MaxCompletionPortThreads: 1000
LISTServer ----------------------------------
Started Time: 2018/10/22 星期一 10:22:22
Is Running: True
Total Connections: 0
Maximum Allowed Connection Number: 1000
Total Handled Requests: 120
Request Handling Speed (#/second): 0
Avialable Sending Queue Items: 256
Total Sending Queue Items: 256

2018-10-22 11:11:22,559 Performance - ---------------------------------------------------
CPU Usage: 0.01%, Physical Memory Usage: 74,694,656.00, Total Thread Count: 38
AvailableWorkingThreads: 2046, AvailableCompletionPortThreads: 1000
MaxWorkingThreads: 2047, MaxCompletionPortThreads: 1000
LISTServer ----------------------------------
Started Time: 2018/10/22 星期一 10:22:22
Is Running: True
Total Connections: 0
Maximum Allowed Connection Number: 1000
Total Handled Requests: 120
Request Handling Speed (#/second): 0
Avialable Sending Queue Items: 256
Total Sending Queue Items: 256

2018-10-22 11:12:22,563 Performance - ---------------------------------------------------
CPU Usage: 0.01%, Physical Memory Usage: 75,481,088.00, Total Thread Count: 38
AvailableWorkingThreads: 2046, AvailableCompletionPortThreads: 1000
MaxWorkingThreads: 2047, MaxCompletionPortThreads: 1000
LISTServer ----------------------------------
Started Time: 2018/10/22 星期一 10:22:22
Is Running: True
Total Connections: 0
Maximum Allowed Connection Number: 1000
Total Handled Requests: 120
Request Handling Speed (#/second): 0
Avialable Sending Queue Items: 256
Total Sending Queue Items: 256

2018-10-22 11:13:22,560 Performance - ---------------------------------------------------
CPU Usage: 0.01%, Physical Memory Usage: 74,182,656.00, Total Thread Count: 38
AvailableWorkingThreads: 2046, AvailableCompletionPortThreads: 1000
MaxWorkingThreads: 2047, MaxCompletionPortThreads: 1000
LISTServer ----------------------------------
Started Time: 2018/10/22 星期一 10:22:22
Is Running: True
Total Connections: 0
Maximum Allowed Connection Number: 1000
Total Handled Requests: 120
Request Handling Speed (#/second): 0
Avialable Sending Queue Items: 256
Total Sending Queue Items: 256

2018-10-22 11:14:22,573 Performance - ---------------------------------------------------
CPU Usage: 0.01%, Physical Memory Usage: 74,981,376.00, Total Thread Count: 38
AvailableWorkingThreads: 2046, AvailableCompletionPortThreads: 1000
MaxWorkingThreads: 2047, MaxCompletionPortThreads: 1000
LISTServer ----------------------------------
Started Time: 2018/10/22 星期一 10:22:22
Is Running: True
Total Connections: 0
Maximum Allowed Connection Number: 1000
Total Handled Requests: 120
Request Handling Speed (#/second): 0
Avialable Sending Queue Items: 256
Total Sending Queue Items: 256

2018-10-22 11:15:22,598 Performance - ---------------------------------------------------
CPU Usage: 0.01%, Physical Memory Usage: 71,364,608.00, Total Thread Count: 38
AvailableWorkingThreads: 2046, AvailableCompletionPortThreads: 1000
MaxWorkingThreads: 2047, MaxCompletionPortThreads: 1000
LISTServer ----------------------------------
Started Time: 2018/10/22 星期一 10:22:22
Is Running: True
Total Connections: 0
Maximum Allowed Connection Number: 1000
Total Handled Requests: 120
Request Handling Speed (#/second): 0
Avialable Sending Queue Items: 256
Total Sending Queue Items: 256

2018-10-22 11:16:22,575 Performance - ---------------------------------------------------
CPU Usage: 0.01%, Physical Memory Usage: 71,557,120.00, Total Thread Count: 38
AvailableWorkingThreads: 2046, AvailableCompletionPortThreads: 1000
MaxWorkingThreads: 2047, MaxCompletionPortThreads: 1000
LISTServer ----------------------------------
Started Time: 2018/10/22 星期一 10:22:22
Is Running: True
Total Connections: 0
Maximum Allowed Connection Number: 1000
Total Handled Requests: 120
Request Handling Speed (#/second): 0
Avialable Sending Queue Items: 256
Total Sending Queue Items: 256

2018-10-22 11:17:22,578 Performance - ---------------------------------------------------
CPU Usage: 0.03%, Physical Memory Usage: 69,525,504.00, Total Thread Count: 38
AvailableWorkingThreads: 2046, AvailableCompletionPortThreads: 1000
MaxWorkingThreads: 2047, MaxCompletionPortThreads: 1000
LISTServer ----------------------------------
Started Time: 2018/10/22 星期一 10:22:22
Is Running: True
Total Connections: 0
Maximum Allowed Connection Number: 1000
Total Handled Requests: 120
Request Handling Speed (#/second): 0
Avialable Sending Queue Items: 256
Total Sending Queue Items: 256

2018-10-22 11:18:22,588 Performance - ---------------------------------------------------
CPU Usage: 0.01%, Physical Memory Usage: 69,885,952.00, Total Thread Count: 38
AvailableWorkingThreads: 2046, AvailableCompletionPortThreads: 1000
MaxWorkingThreads: 2047, MaxCompletionPortThreads: 1000
LISTServer ----------------------------------
Started Time: 2018/10/22 星期一 10:22:22
Is Running: True
Total Connections: 0
Maximum Allowed Connection Number: 1000
Total Handled Requests: 120
Request Handling Speed (#/second): 0
Avialable Sending Queue Items: 256
Total Sending Queue Items: 256

2018-10-22 11:19:22,597 Performance - ---------------------------------------------------
CPU Usage: 0.00%, Physical Memory Usage: 70,238,208.00, Total Thread Count: 38
AvailableWorkingThreads: 2046, AvailableCompletionPortThreads: 1000
MaxWorkingThreads: 2047, MaxCompletionPortThreads: 1000
LISTServer ----------------------------------
Started Time: 2018/10/22 星期一 10:22:22
Is Running: True
Total Connections: 0
Maximum Allowed Connection Number: 1000
Total Handled Requests: 120
Request Handling Speed (#/second): 0
Avialable Sending Queue Items: 256
Total Sending Queue Items: 256

2018-10-22 11:20:22,598 Performance - ---------------------------------------------------
CPU Usage: 0.01%, Physical Memory Usage: 70,635,520.00, Total Thread Count: 38
AvailableWorkingThreads: 2046, AvailableCompletionPortThreads: 1000
MaxWorkingThreads: 2047, MaxCompletionPortThreads: 1000
LISTServer ----------------------------------
Started Time: 2018/10/22 星期一 10:22:22
Is Running: True
Total Connections: 0
Maximum Allowed Connection Number: 1000
Total Handled Requests: 120
Request Handling Speed (#/second): 0
Avialable Sending Queue Items: 256
Total Sending Queue Items: 256

2018-10-22 11:21:22,592 Performance - ---------------------------------------------------
CPU Usage: 0.01%, Physical Memory Usage: 71,032,832.00, Total Thread Count: 38
AvailableWorkingThreads: 2046, AvailableCompletionPortThreads: 1000
MaxWorkingThreads: 2047, MaxCompletionPortThreads: 1000
LISTServer ----------------------------------
Started Time: 2018/10/22 星期一 10:22:22
Is Running: True
Total Connections: 0
Maximum Allowed Connection Number: 1000
Total Handled Requests: 120
Request Handling Speed (#/second): 0
Avialable Sending Queue Items: 256
Total Sending Queue Items: 256

2018-10-22 11:22:22,619 Performance - ---------------------------------------------------
CPU Usage: 0.02%, Physical Memory Usage: 71,462,912.00, Total Thread Count: 38
AvailableWorkingThreads: 2046, AvailableCompletionPortThreads: 1000
MaxWorkingThreads: 2047, MaxCompletionPortThreads: 1000
LISTServer ----------------------------------
Started Time: 2018/10/22 星期一 10:22:22
Is Running: True
Total Connections: 0
Maximum Allowed Connection Number: 1000
Total Handled Requests: 120
Request Handling Speed (#/second): 0
Avialable Sending Queue Items: 256
Total Sending Queue Items: 256

2018-10-22 11:23:22,652 Performance - ---------------------------------------------------
CPU Usage: 0.00%, Physical Memory Usage: 70,672,384.00, Total Thread Count: 38
AvailableWorkingThreads: 2046, AvailableCompletionPortThreads: 1000
MaxWorkingThreads: 2047, MaxCompletionPortThreads: 1000
LISTServer ----------------------------------
Started Time: 2018/10/22 星期一 10:22:22
Is Running: True
Total Connections: 0
Maximum Allowed Connection Number: 1000
Total Handled Requests: 120
Request Handling Speed (#/second): 0
Avialable Sending Queue Items: 256
Total Sending Queue Items: 256

2018-10-22 11:24:22,603 Performance - ---------------------------------------------------
CPU Usage: 0.00%, Physical Memory Usage: 71,151,616.00, Total Thread Count: 38
AvailableWorkingThreads: 2046, AvailableCompletionPortThreads: 1000
MaxWorkingThreads: 2047, MaxCompletionPortThreads: 1000
LISTServer ----------------------------------
Started Time: 2018/10/22 星期一 10:22:22
Is Running: True
Total Connections: 0
Maximum Allowed Connection Number: 1000
Total Handled Requests: 120
Request Handling Speed (#/second): 0
Avialable Sending Queue Items: 256
Total Sending Queue Items: 256

2018-10-22 11:25:22,609 Performance - ---------------------------------------------------
CPU Usage: 0.01%, Physical Memory Usage: 71,573,504.00, Total Thread Count: 38
AvailableWorkingThreads: 2046, AvailableCompletionPortThreads: 1000
MaxWorkingThreads: 2047, MaxCompletionPortThreads: 1000
LISTServer ----------------------------------
Started Time: 2018/10/22 星期一 10:22:22
Is Running: True
Total Connections: 0
Maximum Allowed Connection Number: 1000
Total Handled Requests: 120
Request Handling Speed (#/second): 0
Avialable Sending Queue Items: 256
Total Sending Queue Items: 256

2018-10-22 11:26:22,607 Performance - ---------------------------------------------------
CPU Usage: 0.01%, Physical Memory Usage: 71,868,416.00, Total Thread Count: 38
AvailableWorkingThreads: 2046, AvailableCompletionPortThreads: 1000
MaxWorkingThreads: 2047, MaxCompletionPortThreads: 1000
LISTServer ----------------------------------
Started Time: 2018/10/22 星期一 10:22:22
Is Running: True
Total Connections: 0
Maximum Allowed Connection Number: 1000
Total Handled Requests: 120
Request Handling Speed (#/second): 0
Avialable Sending Queue Items: 256
Total Sending Queue Items: 256

2018-10-22 11:27:22,619 Performance - ---------------------------------------------------
CPU Usage: 0.01%, Physical Memory Usage: 72,273,920.00, Total Thread Count: 38
AvailableWorkingThreads: 2046, AvailableCompletionPortThreads: 1000
MaxWorkingThreads: 2047, MaxCompletionPortThreads: 1000
LISTServer ----------------------------------
Started Time: 2018/10/22 星期一 10:22:22
Is Running: True
Total Connections: 0
Maximum Allowed Connection Number: 1000
Total Handled Requests: 120
Request Handling Speed (#/second): 0
Avialable Sending Queue Items: 256
Total Sending Queue Items: 256

2018-10-22 11:28:22,646 Performance - ---------------------------------------------------
CPU Usage: 0.03%, Physical Memory Usage: 72,347,648.00, Total Thread Count: 38
AvailableWorkingThreads: 2046, AvailableCompletionPortThreads: 1000
MaxWorkingThreads: 2047, MaxCompletionPortThreads: 1000
LISTServer ----------------------------------
Started Time: 2018/10/22 星期一 10:22:22
Is Running: True
Total Connections: 0
Maximum Allowed Connection Number: 1000
Total Handled Requests: 120
Request Handling Speed (#/second): 0
Avialable Sending Queue Items: 256
Total Sending Queue Items: 256

2018-10-22 11:29:22,631 Performance - ---------------------------------------------------
CPU Usage: 0.01%, Physical Memory Usage: 74,100,736.00, Total Thread Count: 38
AvailableWorkingThreads: 2046, AvailableCompletionPortThreads: 1000
MaxWorkingThreads: 2047, MaxCompletionPortThreads: 1000
LISTServer ----------------------------------
Started Time: 2018/10/22 星期一 10:22:22
Is Running: True
Total Connections: 0
Maximum Allowed Connection Number: 1000
Total Handled Requests: 120
Request Handling Speed (#/second): 0
Avialable Sending Queue Items: 256
Total Sending Queue Items: 256

2018-10-22 11:30:22,652 Performance - ---------------------------------------------------
CPU Usage: 0.01%, Physical Memory Usage: 74,612,736.00, Total Thread Count: 38
AvailableWorkingThreads: 2046, AvailableCompletionPortThreads: 1000
MaxWorkingThreads: 2047, MaxCompletionPortThreads: 1000
LISTServer ----------------------------------
Started Time: 2018/10/22 星期一 10:22:22
Is Running: True
Total Connections: 0
Maximum Allowed Connection Number: 1000
Total Handled Requests: 120
Request Handling Speed (#/second): 0
Avialable Sending Queue Items: 256
Total Sending Queue Items: 256

2018-10-22 11:31:22,668 Performance - ---------------------------------------------------
CPU Usage: 0.02%, Physical Memory Usage: 75,104,256.00, Total Thread Count: 38
AvailableWorkingThreads: 2046, AvailableCompletionPortThreads: 1000
MaxWorkingThreads: 2047, MaxCompletionPortThreads: 1000
LISTServer ----------------------------------
Started Time: 2018/10/22 星期一 10:22:22
Is Running: True
Total Connections: 0
Maximum Allowed Connection Number: 1000
Total Handled Requests: 120
Request Handling Speed (#/second): 0
Avialable Sending Queue Items: 256
Total Sending Queue Items: 256

2018-10-22 11:32:22,649 Performance - ---------------------------------------------------
CPU Usage: 0.01%, Physical Memory Usage: 75,522,048.00, Total Thread Count: 38
AvailableWorkingThreads: 2046, AvailableCompletionPortThreads: 1000
MaxWorkingThreads: 2047, MaxCompletionPortThreads: 1000
LISTServer ----------------------------------
Started Time: 2018/10/22 星期一 10:22:22
Is Running: True
Total Connections: 0
Maximum Allowed Connection Number: 1000
Total Handled Requests: 120
Request Handling Speed (#/second): 0
Avialable Sending Queue Items: 256
Total Sending Queue Items: 256

2018-10-22 11:33:22,651 Performance - ---------------------------------------------------
CPU Usage: 0.01%, Physical Memory Usage: 75,481,088.00, Total Thread Count: 38
AvailableWorkingThreads: 2046, AvailableCompletionPortThreads: 1000
MaxWorkingThreads: 2047, MaxCompletionPortThreads: 1000
LISTServer ----------------------------------
Started Time: 2018/10/22 星期一 10:22:22
Is Running: True
Total Connections: 0
Maximum Allowed Connection Number: 1000
Total Handled Requests: 120
Request Handling Speed (#/second): 0
Avialable Sending Queue Items: 256
Total Sending Queue Items: 256

2018-10-22 11:34:22,650 Performance - ---------------------------------------------------
CPU Usage: 0.01%, Physical Memory Usage: 71,520,256.00, Total Thread Count: 38
AvailableWorkingThreads: 2046, AvailableCompletionPortThreads: 1000
MaxWorkingThreads: 2047, MaxCompletionPortThreads: 1000
LISTServer ----------------------------------
Started Time: 2018/10/22 星期一 10:22:22
Is Running: True
Total Connections: 0
Maximum Allowed Connection Number: 1000
Total Handled Requests: 120
Request Handling Speed (#/second): 0
Avialable Sending Queue Items: 256
Total Sending Queue Items: 256

2018-10-22 11:35:22,648 Performance - ---------------------------------------------------
CPU Usage: 0.01%, Physical Memory Usage: 72,060,928.00, Total Thread Count: 38
AvailableWorkingThreads: 2046, AvailableCompletionPortThreads: 1000
MaxWorkingThreads: 2047, MaxCompletionPortThreads: 1000
LISTServer ----------------------------------
Started Time: 2018/10/22 星期一 10:22:22
Is Running: True
Total Connections: 0
Maximum Allowed Connection Number: 1000
Total Handled Requests: 120
Request Handling Speed (#/second): 0
Avialable Sending Queue Items: 256
Total Sending Queue Items: 256

2018-10-22 11:36:22,638 Performance - ---------------------------------------------------
CPU Usage: 0.01%, Physical Memory Usage: 72,273,920.00, Total Thread Count: 38
AvailableWorkingThreads: 2046, AvailableCompletionPortThreads: 1000
MaxWorkingThreads: 2047, MaxCompletionPortThreads: 1000
LISTServer ----------------------------------
Started Time: 2018/10/22 星期一 10:22:22
Is Running: True
Total Connections: 0
Maximum Allowed Connection Number: 1000
Total Handled Requests: 120
Request Handling Speed (#/second): 0
Avialable Sending Queue Items: 256
Total Sending Queue Items: 256

2018-10-22 11:37:22,644 Performance - ---------------------------------------------------
CPU Usage: 0.01%, Physical Memory Usage: 71,630,848.00, Total Thread Count: 38
AvailableWorkingThreads: 2046, AvailableCompletionPortThreads: 1000
MaxWorkingThreads: 2047, MaxCompletionPortThreads: 1000
LISTServer ----------------------------------
Started Time: 2018/10/22 星期一 10:22:22
Is Running: True
Total Connections: 0
Maximum Allowed Connection Number: 1000
Total Handled Requests: 120
Request Handling Speed (#/second): 0
Avialable Sending Queue Items: 256
Total Sending Queue Items: 256

2018-10-22 11:38:22,637 Performance - ---------------------------------------------------
CPU Usage: 0.01%, Physical Memory Usage: 66,760,704.00, Total Thread Count: 38
AvailableWorkingThreads: 2046, AvailableCompletionPortThreads: 1000
MaxWorkingThreads: 2047, MaxCompletionPortThreads: 1000
LISTServer ----------------------------------
Started Time: 2018/10/22 星期一 10:22:22
Is Running: True
Total Connections: 0
Maximum Allowed Connection Number: 1000
Total Handled Requests: 120
Request Handling Speed (#/second): 0
Avialable Sending Queue Items: 256
Total Sending Queue Items: 256

2018-10-22 11:39:22,638 Performance - ---------------------------------------------------
CPU Usage: 0.01%, Physical Memory Usage: 67,022,848.00, Total Thread Count: 38
AvailableWorkingThreads: 2046, AvailableCompletionPortThreads: 1000
MaxWorkingThreads: 2047, MaxCompletionPortThreads: 1000
LISTServer ----------------------------------
Started Time: 2018/10/22 星期一 10:22:22
Is Running: True
Total Connections: 0
Maximum Allowed Connection Number: 1000
Total Handled Requests: 120
Request Handling Speed (#/second): 0
Avialable Sending Queue Items: 256
Total Sending Queue Items: 256

2018-10-22 11:40:22,652 Performance - ---------------------------------------------------
CPU Usage: 0.01%, Physical Memory Usage: 67,235,840.00, Total Thread Count: 38
AvailableWorkingThreads: 2046, AvailableCompletionPortThreads: 1000
MaxWorkingThreads: 2047, MaxCompletionPortThreads: 1000
LISTServer ----------------------------------
Started Time: 2018/10/22 星期一 10:22:22
Is Running: True
Total Connections: 0
Maximum Allowed Connection Number: 1000
Total Handled Requests: 120
Request Handling Speed (#/second): 0
Avialable Sending Queue Items: 256
Total Sending Queue Items: 256

2018-10-22 11:41:22,651 Performance - ---------------------------------------------------
CPU Usage: 0.00%, Physical Memory Usage: 67,489,792.00, Total Thread Count: 38
AvailableWorkingThreads: 2046, AvailableCompletionPortThreads: 1000
MaxWorkingThreads: 2047, MaxCompletionPortThreads: 1000
LISTServer ----------------------------------
Started Time: 2018/10/22 星期一 10:22:22
Is Running: True
Total Connections: 0
Maximum Allowed Connection Number: 1000
Total Handled Requests: 120
Request Handling Speed (#/second): 0
Avialable Sending Queue Items: 256
Total Sending Queue Items: 256

2018-10-22 11:42:22,652 Performance - ---------------------------------------------------
CPU Usage: 0.02%, Physical Memory Usage: 67,919,872.00, Total Thread Count: 38
AvailableWorkingThreads: 2046, AvailableCompletionPortThreads: 1000
MaxWorkingThreads: 2047, MaxCompletionPortThreads: 1000
LISTServer ----------------------------------
Started Time: 2018/10/22 星期一 10:22:22
Is Running: True
Total Connections: 0
Maximum Allowed Connection Number: 1000
Total Handled Requests: 120
Request Handling Speed (#/second): 0
Avialable Sending Queue Items: 256
Total Sending Queue Items: 256

2018-10-22 11:43:22,660 Performance - ---------------------------------------------------
CPU Usage: 0.03%, Physical Memory Usage: 61,485,056.00, Total Thread Count: 38
AvailableWorkingThreads: 2046, AvailableCompletionPortThreads: 1000
MaxWorkingThreads: 2047, MaxCompletionPortThreads: 1000
LISTServer ----------------------------------
Started Time: 2018/10/22 星期一 10:22:22
Is Running: True
Total Connections: 0
Maximum Allowed Connection Number: 1000
Total Handled Requests: 120
Request Handling Speed (#/second): 0
Avialable Sending Queue Items: 256
Total Sending Queue Items: 256

2018-10-22 11:44:22,658 Performance - ---------------------------------------------------
CPU Usage: 0.01%, Physical Memory Usage: 61,665,280.00, Total Thread Count: 38
AvailableWorkingThreads: 2046, AvailableCompletionPortThreads: 1000
MaxWorkingThreads: 2047, MaxCompletionPortThreads: 1000
LISTServer ----------------------------------
Started Time: 2018/10/22 星期一 10:22:22
Is Running: True
Total Connections: 0
Maximum Allowed Connection Number: 1000
Total Handled Requests: 120
Request Handling Speed (#/second): 0
Avialable Sending Queue Items: 256
Total Sending Queue Items: 256

2018-10-22 11:45:22,658 Performance - ---------------------------------------------------
CPU Usage: 0.01%, Physical Memory Usage: 61,931,520.00, Total Thread Count: 38
AvailableWorkingThreads: 2046, AvailableCompletionPortThreads: 1000
MaxWorkingThreads: 2047, MaxCompletionPortThreads: 1000
LISTServer ----------------------------------
Started Time: 2018/10/22 星期一 10:22:22
Is Running: True
Total Connections: 0
Maximum Allowed Connection Number: 1000
Total Handled Requests: 120
Request Handling Speed (#/second): 0
Avialable Sending Queue Items: 256
Total Sending Queue Items: 256

2018-10-22 11:46:22,666 Performance - ---------------------------------------------------
CPU Usage: 0.01%, Physical Memory Usage: 62,144,512.00, Total Thread Count: 38
AvailableWorkingThreads: 2046, AvailableCompletionPortThreads: 1000
MaxWorkingThreads: 2047, MaxCompletionPortThreads: 1000
LISTServer ----------------------------------
Started Time: 2018/10/22 星期一 10:22:22
Is Running: True
Total Connections: 0
Maximum Allowed Connection Number: 1000
Total Handled Requests: 120
Request Handling Speed (#/second): 0
Avialable Sending Queue Items: 256
Total Sending Queue Items: 256

2018-10-22 11:47:22,669 Performance - ---------------------------------------------------
CPU Usage: 0.00%, Physical Memory Usage: 62,918,656.00, Total Thread Count: 38
AvailableWorkingThreads: 2046, AvailableCompletionPortThreads: 1000
MaxWorkingThreads: 2047, MaxCompletionPortThreads: 1000
LISTServer ----------------------------------
Started Time: 2018/10/22 星期一 10:22:22
Is Running: True
Total Connections: 0
Maximum Allowed Connection Number: 1000
Total Handled Requests: 120
Request Handling Speed (#/second): 0
Avialable Sending Queue Items: 256
Total Sending Queue Items: 256

2018-10-22 11:48:22,670 Performance - ---------------------------------------------------
CPU Usage: 0.01%, Physical Memory Usage: 63,045,632.00, Total Thread Count: 38
AvailableWorkingThreads: 2046, AvailableCompletionPortThreads: 1000
MaxWorkingThreads: 2047, MaxCompletionPortThreads: 1000
LISTServer ----------------------------------
Started Time: 2018/10/22 星期一 10:22:22
Is Running: True
Total Connections: 0
Maximum Allowed Connection Number: 1000
Total Handled Requests: 120
Request Handling Speed (#/second): 0
Avialable Sending Queue Items: 256
Total Sending Queue Items: 256

2018-10-22 11:49:22,672 Performance - ---------------------------------------------------
CPU Usage: 0.01%, Physical Memory Usage: 63,524,864.00, Total Thread Count: 38
AvailableWorkingThreads: 2046, AvailableCompletionPortThreads: 1000
MaxWorkingThreads: 2047, MaxCompletionPortThreads: 1000
LISTServer ----------------------------------
Started Time: 2018/10/22 星期一 10:22:22
Is Running: True
Total Connections: 0
Maximum Allowed Connection Number: 1000
Total Handled Requests: 120
Request Handling Speed (#/second): 0
Avialable Sending Queue Items: 256
Total Sending Queue Items: 256

2018-10-22 11:50:22,670 Performance - ---------------------------------------------------
CPU Usage: 0.03%, Physical Memory Usage: 62,083,072.00, Total Thread Count: 38
AvailableWorkingThreads: 2046, AvailableCompletionPortThreads: 1000
MaxWorkingThreads: 2047, MaxCompletionPortThreads: 1000
LISTServer ----------------------------------
Started Time: 2018/10/22 星期一 10:22:22
Is Running: True
Total Connections: 0
Maximum Allowed Connection Number: 1000
Total Handled Requests: 120
Request Handling Speed (#/second): 0
Avialable Sending Queue Items: 256
Total Sending Queue Items: 256

2018-10-22 11:51:22,684 Performance - ---------------------------------------------------
CPU Usage: 0.01%, Physical Memory Usage: 58,871,808.00, Total Thread Count: 38
AvailableWorkingThreads: 2046, AvailableCompletionPortThreads: 1000
MaxWorkingThreads: 2047, MaxCompletionPortThreads: 1000
LISTServer ----------------------------------
Started Time: 2018/10/22 星期一 10:22:22
Is Running: True
Total Connections: 0
Maximum Allowed Connection Number: 1000
Total Handled Requests: 120
Request Handling Speed (#/second): 0
Avialable Sending Queue Items: 256
Total Sending Queue Items: 256

2018-10-22 11:52:22,701 Performance - ---------------------------------------------------
CPU Usage: 0.01%, Physical Memory Usage: 60,137,472.00, Total Thread Count: 38
AvailableWorkingThreads: 2046, AvailableCompletionPortThreads: 1000
MaxWorkingThreads: 2047, MaxCompletionPortThreads: 1000
LISTServer ----------------------------------
Started Time: 2018/10/22 星期一 10:22:22
Is Running: True
Total Connections: 0
Maximum Allowed Connection Number: 1000
Total Handled Requests: 120
Request Handling Speed (#/second): 0
Avialable Sending Queue Items: 256
Total Sending Queue Items: 256

2018-10-22 11:53:22,685 Performance - ---------------------------------------------------
CPU Usage: 0.01%, Physical Memory Usage: 60,686,336.00, Total Thread Count: 38
AvailableWorkingThreads: 2046, AvailableCompletionPortThreads: 1000
MaxWorkingThreads: 2047, MaxCompletionPortThreads: 1000
LISTServer ----------------------------------
Started Time: 2018/10/22 星期一 10:22:22
Is Running: True
Total Connections: 0
Maximum Allowed Connection Number: 1000
Total Handled Requests: 120
Request Handling Speed (#/second): 0
Avialable Sending Queue Items: 256
Total Sending Queue Items: 256

2018-10-22 11:54:22,684 Performance - ---------------------------------------------------
CPU Usage: 0.01%, Physical Memory Usage: 61,476,864.00, Total Thread Count: 38
AvailableWorkingThreads: 2046, AvailableCompletionPortThreads: 1000
MaxWorkingThreads: 2047, MaxCompletionPortThreads: 1000
LISTServer ----------------------------------
Started Time: 2018/10/22 星期一 10:22:22
Is Running: True
Total Connections: 0
Maximum Allowed Connection Number: 1000
Total Handled Requests: 120
Request Handling Speed (#/second): 0
Avialable Sending Queue Items: 256
Total Sending Queue Items: 256

2018-10-22 11:55:22,686 Performance - ---------------------------------------------------
CPU Usage: 0.01%, Physical Memory Usage: 62,529,536.00, Total Thread Count: 39
AvailableWorkingThreads: 2046, AvailableCompletionPortThreads: 1000
MaxWorkingThreads: 2047, MaxCompletionPortThreads: 1000
LISTServer ----------------------------------
Started Time: 2018/10/22 星期一 10:22:22
Is Running: True
Total Connections: 0
Maximum Allowed Connection Number: 1000
Total Handled Requests: 120
Request Handling Speed (#/second): 0
Avialable Sending Queue Items: 256
Total Sending Queue Items: 256

2018-10-22 11:56:22,690 Performance - ---------------------------------------------------
CPU Usage: 0.01%, Physical Memory Usage: 63,496,192.00, Total Thread Count: 38
AvailableWorkingThreads: 2046, AvailableCompletionPortThreads: 1000
MaxWorkingThreads: 2047, MaxCompletionPortThreads: 1000
LISTServer ----------------------------------
Started Time: 2018/10/22 星期一 10:22:22
Is Running: True
Total Connections: 0
Maximum Allowed Connection Number: 1000
Total Handled Requests: 120
Request Handling Speed (#/second): 0
Avialable Sending Queue Items: 256
Total Sending Queue Items: 256

2018-10-22 11:57:22,692 Performance - ---------------------------------------------------
CPU Usage: 0.01%, Physical Memory Usage: 64,512,000.00, Total Thread Count: 38
AvailableWorkingThreads: 2046, AvailableCompletionPortThreads: 1000
MaxWorkingThreads: 2047, MaxCompletionPortThreads: 1000
LISTServer ----------------------------------
Started Time: 2018/10/22 星期一 10:22:22
Is Running: True
Total Connections: 0
Maximum Allowed Connection Number: 1000
Total Handled Requests: 120
Request Handling Speed (#/second): 0
Avialable Sending Queue Items: 256
Total Sending Queue Items: 256

2018-10-22 11:58:22,697 Performance - ---------------------------------------------------
CPU Usage: 0.01%, Physical Memory Usage: 65,351,680.00, Total Thread Count: 38
AvailableWorkingThreads: 2046, AvailableCompletionPortThreads: 1000
MaxWorkingThreads: 2047, MaxCompletionPortThreads: 1000
LISTServer ----------------------------------
Started Time: 2018/10/22 星期一 10:22:22
Is Running: True
Total Connections: 0
Maximum Allowed Connection Number: 1000
Total Handled Requests: 120
Request Handling Speed (#/second): 0
Avialable Sending Queue Items: 256
Total Sending Queue Items: 256

2018-10-22 11:59:22,704 Performance - ---------------------------------------------------
CPU Usage: 0.03%, Physical Memory Usage: 64,561,152.00, Total Thread Count: 38
AvailableWorkingThreads: 2046, AvailableCompletionPortThreads: 1000
MaxWorkingThreads: 2047, MaxCompletionPortThreads: 1000
LISTServer ----------------------------------
Started Time: 2018/10/22 星期一 10:22:22
Is Running: True
Total Connections: 0
Maximum Allowed Connection Number: 1000
Total Handled Requests: 120
Request Handling Speed (#/second): 0
Avialable Sending Queue Items: 256
Total Sending Queue Items: 256

2018-10-22 12:00:22,699 Performance - ---------------------------------------------------
CPU Usage: 0.01%, Physical Memory Usage: 65,531,904.00, Total Thread Count: 38
AvailableWorkingThreads: 2046, AvailableCompletionPortThreads: 1000
MaxWorkingThreads: 2047, MaxCompletionPortThreads: 1000
LISTServer ----------------------------------
Started Time: 2018/10/22 星期一 10:22:22
Is Running: True
Total Connections: 0
Maximum Allowed Connection Number: 1000
Total Handled Requests: 120
Request Handling Speed (#/second): 0
Avialable Sending Queue Items: 256
Total Sending Queue Items: 256

2018-10-22 12:01:22,717 Performance - ---------------------------------------------------
CPU Usage: 0.00%, Physical Memory Usage: 66,043,904.00, Total Thread Count: 38
AvailableWorkingThreads: 2046, AvailableCompletionPortThreads: 1000
MaxWorkingThreads: 2047, MaxCompletionPortThreads: 1000
LISTServer ----------------------------------
Started Time: 2018/10/22 星期一 10:22:22
Is Running: True
Total Connections: 0
Maximum Allowed Connection Number: 1000
Total Handled Requests: 120
Request Handling Speed (#/second): 0
Avialable Sending Queue Items: 256
Total Sending Queue Items: 256

2018-10-22 12:02:22,715 Performance - ---------------------------------------------------
CPU Usage: 0.01%, Physical Memory Usage: 66,781,184.00, Total Thread Count: 38
AvailableWorkingThreads: 2046, AvailableCompletionPortThreads: 1000
MaxWorkingThreads: 2047, MaxCompletionPortThreads: 1000
LISTServer ----------------------------------
Started Time: 2018/10/22 星期一 10:22:22
Is Running: True
Total Connections: 0
Maximum Allowed Connection Number: 1000
Total Handled Requests: 120
Request Handling Speed (#/second): 0
Avialable Sending Queue Items: 256
Total Sending Queue Items: 256

2018-10-22 12:03:22,713 Performance - ---------------------------------------------------
CPU Usage: 0.01%, Physical Memory Usage: 67,792,896.00, Total Thread Count: 38
AvailableWorkingThreads: 2046, AvailableCompletionPortThreads: 1000
MaxWorkingThreads: 2047, MaxCompletionPortThreads: 1000
LISTServer ----------------------------------
Started Time: 2018/10/22 星期一 10:22:22
Is Running: True
Total Connections: 0
Maximum Allowed Connection Number: 1000
Total Handled Requests: 120
Request Handling Speed (#/second): 0
Avialable Sending Queue Items: 256
Total Sending Queue Items: 256

2018-10-22 12:04:22,718 Performance - ---------------------------------------------------
CPU Usage: 0.00%, Physical Memory Usage: 68,714,496.00, Total Thread Count: 38
AvailableWorkingThreads: 2046, AvailableCompletionPortThreads: 1000
MaxWorkingThreads: 2047, MaxCompletionPortThreads: 1000
LISTServer ----------------------------------
Started Time: 2018/10/22 星期一 10:22:22
Is Running: True
Total Connections: 0
Maximum Allowed Connection Number: 1000
Total Handled Requests: 120
Request Handling Speed (#/second): 0
Avialable Sending Queue Items: 256
Total Sending Queue Items: 256

2018-10-22 12:05:22,715 Performance - ---------------------------------------------------
CPU Usage: 0.01%, Physical Memory Usage: 69,726,208.00, Total Thread Count: 38
AvailableWorkingThreads: 2046, AvailableCompletionPortThreads: 1000
MaxWorkingThreads: 2047, MaxCompletionPortThreads: 1000
LISTServer ----------------------------------
Started Time: 2018/10/22 星期一 10:22:22
Is Running: True
Total Connections: 0
Maximum Allowed Connection Number: 1000
Total Handled Requests: 120
Request Handling Speed (#/second): 0
Avialable Sending Queue Items: 256
Total Sending Queue Items: 256

2018-10-22 12:06:22,731 Performance - ---------------------------------------------------
CPU Usage: 0.01%, Physical Memory Usage: 67,198,976.00, Total Thread Count: 38
AvailableWorkingThreads: 2046, AvailableCompletionPortThreads: 1000
MaxWorkingThreads: 2047, MaxCompletionPortThreads: 1000
LISTServer ----------------------------------
Started Time: 2018/10/22 星期一 10:22:22
Is Running: True
Total Connections: 0
Maximum Allowed Connection Number: 1000
Total Handled Requests: 120
Request Handling Speed (#/second): 0
Avialable Sending Queue Items: 256
Total Sending Queue Items: 256

2018-10-22 12:07:22,731 Performance - ---------------------------------------------------
CPU Usage: 0.01%, Physical Memory Usage: 68,100,096.00, Total Thread Count: 38
AvailableWorkingThreads: 2046, AvailableCompletionPortThreads: 1000
MaxWorkingThreads: 2047, MaxCompletionPortThreads: 1000
LISTServer ----------------------------------
Started Time: 2018/10/22 星期一 10:22:22
Is Running: True
Total Connections: 0
Maximum Allowed Connection Number: 1000
Total Handled Requests: 120
Request Handling Speed (#/second): 0
Avialable Sending Queue Items: 256
Total Sending Queue Items: 256

2018-10-22 12:08:22,732 Performance - ---------------------------------------------------
CPU Usage: 0.01%, Physical Memory Usage: 68,927,488.00, Total Thread Count: 38
AvailableWorkingThreads: 2046, AvailableCompletionPortThreads: 1000
MaxWorkingThreads: 2047, MaxCompletionPortThreads: 1000
LISTServer ----------------------------------
Started Time: 2018/10/22 星期一 10:22:22
Is Running: True
Total Connections: 0
Maximum Allowed Connection Number: 1000
Total Handled Requests: 120
Request Handling Speed (#/second): 0
Avialable Sending Queue Items: 256
Total Sending Queue Items: 256

2018-10-22 12:09:22,748 Performance - ---------------------------------------------------
CPU Usage: 0.02%, Physical Memory Usage: 69,840,896.00, Total Thread Count: 38
AvailableWorkingThreads: 2046, AvailableCompletionPortThreads: 1000
MaxWorkingThreads: 2047, MaxCompletionPortThreads: 1000
LISTServer ----------------------------------
Started Time: 2018/10/22 星期一 10:22:22
Is Running: True
Total Connections: 0
Maximum Allowed Connection Number: 1000
Total Handled Requests: 120
Request Handling Speed (#/second): 0
Avialable Sending Queue Items: 256
Total Sending Queue Items: 256

2018-10-22 12:10:22,746 Performance - ---------------------------------------------------
CPU Usage: 0.01%, Physical Memory Usage: 70,836,224.00, Total Thread Count: 38
AvailableWorkingThreads: 2046, AvailableCompletionPortThreads: 1000
MaxWorkingThreads: 2047, MaxCompletionPortThreads: 1000
LISTServer ----------------------------------
Started Time: 2018/10/22 星期一 10:22:22
Is Running: True
Total Connections: 0
Maximum Allowed Connection Number: 1000
Total Handled Requests: 120
Request Handling Speed (#/second): 0
Avialable Sending Queue Items: 256
Total Sending Queue Items: 256

2018-10-22 12:11:22,767 Performance - ---------------------------------------------------
CPU Usage: 0.00%, Physical Memory Usage: 68,247,552.00, Total Thread Count: 38
AvailableWorkingThreads: 2046, AvailableCompletionPortThreads: 1000
MaxWorkingThreads: 2047, MaxCompletionPortThreads: 1000
LISTServer ----------------------------------
Started Time: 2018/10/22 星期一 10:22:22
Is Running: True
Total Connections: 0
Maximum Allowed Connection Number: 1000
Total Handled Requests: 120
Request Handling Speed (#/second): 0
Avialable Sending Queue Items: 256
Total Sending Queue Items: 256

2018-10-22 12:12:22,747 Performance - ---------------------------------------------------
CPU Usage: 0.04%, Physical Memory Usage: 68,685,824.00, Total Thread Count: 38
AvailableWorkingThreads: 2046, AvailableCompletionPortThreads: 1000
MaxWorkingThreads: 2047, MaxCompletionPortThreads: 1000
LISTServer ----------------------------------
Started Time: 2018/10/22 星期一 10:22:22
Is Running: True
Total Connections: 0
Maximum Allowed Connection Number: 1000
Total Handled Requests: 120
Request Handling Speed (#/second): 0
Avialable Sending Queue Items: 256
Total Sending Queue Items: 256

2018-10-22 12:13:22,748 Performance - ---------------------------------------------------
CPU Usage: 0.01%, Physical Memory Usage: 69,308,416.00, Total Thread Count: 38
AvailableWorkingThreads: 2046, AvailableCompletionPortThreads: 1000
MaxWorkingThreads: 2047, MaxCompletionPortThreads: 1000
LISTServer ----------------------------------
Started Time: 2018/10/22 星期一 10:22:22
Is Running: True
Total Connections: 0
Maximum Allowed Connection Number: 1000
Total Handled Requests: 120
Request Handling Speed (#/second): 0
Avialable Sending Queue Items: 256
Total Sending Queue Items: 256

2018-10-22 12:14:22,760 Performance - ---------------------------------------------------
CPU Usage: 0.01%, Physical Memory Usage: 70,369,280.00, Total Thread Count: 38
AvailableWorkingThreads: 2046, AvailableCompletionPortThreads: 1000
MaxWorkingThreads: 2047, MaxCompletionPortThreads: 1000
LISTServer ----------------------------------
Started Time: 2018/10/22 星期一 10:22:22
Is Running: True
Total Connections: 0
Maximum Allowed Connection Number: 1000
Total Handled Requests: 120
Request Handling Speed (#/second): 0
Avialable Sending Queue Items: 256
Total Sending Queue Items: 256

2018-10-22 12:15:22,764 Performance - ---------------------------------------------------
CPU Usage: 0.01%, Physical Memory Usage: 71,127,040.00, Total Thread Count: 38
AvailableWorkingThreads: 2046, AvailableCompletionPortThreads: 1000
MaxWorkingThreads: 2047, MaxCompletionPortThreads: 1000
LISTServer ----------------------------------
Started Time: 2018/10/22 星期一 10:22:22
Is Running: True
Total Connections: 0
Maximum Allowed Connection Number: 1000
Total Handled Requests: 120
Request Handling Speed (#/second): 0
Avialable Sending Queue Items: 256
Total Sending Queue Items: 256

2018-10-22 12:16:22,758 Performance - ---------------------------------------------------
CPU Usage: 0.01%, Physical Memory Usage: 71,397,376.00, Total Thread Count: 38
AvailableWorkingThreads: 2046, AvailableCompletionPortThreads: 1000
MaxWorkingThreads: 2047, MaxCompletionPortThreads: 1000
LISTServer ----------------------------------
Started Time: 2018/10/22 星期一 10:22:22
Is Running: True
Total Connections: 0
Maximum Allowed Connection Number: 1000
Total Handled Requests: 120
Request Handling Speed (#/second): 0
Avialable Sending Queue Items: 256
Total Sending Queue Items: 256

2018-10-22 12:17:22,761 Performance - ---------------------------------------------------
CPU Usage: 0.01%, Physical Memory Usage: 71,860,224.00, Total Thread Count: 38
AvailableWorkingThreads: 2046, AvailableCompletionPortThreads: 1000
MaxWorkingThreads: 2047, MaxCompletionPortThreads: 1000
LISTServer ----------------------------------
Started Time: 2018/10/22 星期一 10:22:22
Is Running: True
Total Connections: 0
Maximum Allowed Connection Number: 1000
Total Handled Requests: 120
Request Handling Speed (#/second): 0
Avialable Sending Queue Items: 256
Total Sending Queue Items: 256

2018-10-22 12:18:22,760 Performance - ---------------------------------------------------
CPU Usage: 0.01%, Physical Memory Usage: 72,695,808.00, Total Thread Count: 38
AvailableWorkingThreads: 2046, AvailableCompletionPortThreads: 1000
MaxWorkingThreads: 2047, MaxCompletionPortThreads: 1000
LISTServer ----------------------------------
Started Time: 2018/10/22 星期一 10:22:22
Is Running: True
Total Connections: 0
Maximum Allowed Connection Number: 1000
Total Handled Requests: 120
Request Handling Speed (#/second): 0
Avialable Sending Queue Items: 256
Total Sending Queue Items: 256

2018-10-22 12:19:22,763 Performance - ---------------------------------------------------
CPU Usage: 0.01%, Physical Memory Usage: 73,080,832.00, Total Thread Count: 38
AvailableWorkingThreads: 2046, AvailableCompletionPortThreads: 1000
MaxWorkingThreads: 2047, MaxCompletionPortThreads: 1000
LISTServer ----------------------------------
Started Time: 2018/10/22 星期一 10:22:22
Is Running: True
Total Connections: 0
Maximum Allowed Connection Number: 1000
Total Handled Requests: 120
Request Handling Speed (#/second): 0
Avialable Sending Queue Items: 256
Total Sending Queue Items: 256

2018-10-22 12:20:22,762 Performance - ---------------------------------------------------
CPU Usage: 0.01%, Physical Memory Usage: 73,437,184.00, Total Thread Count: 38
AvailableWorkingThreads: 2046, AvailableCompletionPortThreads: 1000
MaxWorkingThreads: 2047, MaxCompletionPortThreads: 1000
LISTServer ----------------------------------
Started Time: 2018/10/22 星期一 10:22:22
Is Running: True
Total Connections: 0
Maximum Allowed Connection Number: 1000
Total Handled Requests: 120
Request Handling Speed (#/second): 0
Avialable Sending Queue Items: 256
Total Sending Queue Items: 256

2018-10-22 12:21:22,770 Performance - ---------------------------------------------------
CPU Usage: 0.01%, Physical Memory Usage: 68,890,624.00, Total Thread Count: 38
AvailableWorkingThreads: 2046, AvailableCompletionPortThreads: 1000
MaxWorkingThreads: 2047, MaxCompletionPortThreads: 1000
LISTServer ----------------------------------
Started Time: 2018/10/22 星期一 10:22:22
Is Running: True
Total Connections: 0
Maximum Allowed Connection Number: 1000
Total Handled Requests: 120
Request Handling Speed (#/second): 0
Avialable Sending Queue Items: 256
Total Sending Queue Items: 256

2018-10-22 12:22:22,780 Performance - ---------------------------------------------------
CPU Usage: 0.02%, Physical Memory Usage: 69,296,128.00, Total Thread Count: 38
AvailableWorkingThreads: 2046, AvailableCompletionPortThreads: 1000
MaxWorkingThreads: 2047, MaxCompletionPortThreads: 1000
LISTServer ----------------------------------
Started Time: 2018/10/22 星期一 10:22:22
Is Running: True
Total Connections: 0
Maximum Allowed Connection Number: 1000
Total Handled Requests: 120
Request Handling Speed (#/second): 0
Avialable Sending Queue Items: 256
Total Sending Queue Items: 256

2018-10-22 12:23:22,774 Performance - ---------------------------------------------------
CPU Usage: 0.01%, Physical Memory Usage: 69,652,480.00, Total Thread Count: 38
AvailableWorkingThreads: 2046, AvailableCompletionPortThreads: 1000
MaxWorkingThreads: 2047, MaxCompletionPortThreads: 1000
LISTServer ----------------------------------
Started Time: 2018/10/22 星期一 10:22:22
Is Running: True
Total Connections: 0
Maximum Allowed Connection Number: 1000
Total Handled Requests: 120
Request Handling Speed (#/second): 0
Avialable Sending Queue Items: 256
Total Sending Queue Items: 256

2018-10-22 12:56:19,954 Performance - ---------------------------------------------------
CPU Usage: 0.00%, Physical Memory Usage: 45,174,784.00, Total Thread Count: 29
AvailableWorkingThreads: 2046, AvailableCompletionPortThreads: 1000
MaxWorkingThreads: 2047, MaxCompletionPortThreads: 1000
LISTServer ----------------------------------
Started Time: 2018/10/22 星期一 12:56:19
Is Running: True
Total Connections: 0
Maximum Allowed Connection Number: 1000
Total Handled Requests: 0
Request Handling Speed (#/second): 0
Avialable Sending Queue Items: 256
Total Sending Queue Items: 256

2018-10-22 13:35:42,510 Performance - ---------------------------------------------------
CPU Usage: 0.00%, Physical Memory Usage: 46,317,568.00, Total Thread Count: 35
AvailableWorkingThreads: 2046, AvailableCompletionPortThreads: 1000
MaxWorkingThreads: 2047, MaxCompletionPortThreads: 1000
LISTServer ----------------------------------
Started Time: 2018/10/22 星期一 13:35:42
Is Running: True
Total Connections: 0
Maximum Allowed Connection Number: 1000
Total Handled Requests: 0
Request Handling Speed (#/second): 0
Avialable Sending Queue Items: 256
Total Sending Queue Items: 256

2018-10-22 13:36:42,485 Performance - ---------------------------------------------------
CPU Usage: 0.33%, Physical Memory Usage: 70,074,368.00, Total Thread Count: 40
AvailableWorkingThreads: 2045, AvailableCompletionPortThreads: 1000
MaxWorkingThreads: 2047, MaxCompletionPortThreads: 1000
LISTServer ----------------------------------
Started Time: 2018/10/22 星期一 13:35:42
Is Running: True
Total Connections: 1
Maximum Allowed Connection Number: 1000
Total Handled Requests: 15
Request Handling Speed (#/second): 0
Avialable Sending Queue Items: 255
Total Sending Queue Items: 256

2018-10-22 13:37:42,505 Performance - ---------------------------------------------------
CPU Usage: 0.04%, Physical Memory Usage: 73,142,272.00, Total Thread Count: 39
AvailableWorkingThreads: 2046, AvailableCompletionPortThreads: 1000
MaxWorkingThreads: 2047, MaxCompletionPortThreads: 1000
LISTServer ----------------------------------
Started Time: 2018/10/22 星期一 13:35:42
Is Running: True
Total Connections: 0
Maximum Allowed Connection Number: 1000
Total Handled Requests: 20
Request Handling Speed (#/second): 0
Avialable Sending Queue Items: 256
Total Sending Queue Items: 256

2018-10-22 13:38:42,514 Performance - ---------------------------------------------------
CPU Usage: 0.03%, Physical Memory Usage: 74,915,840.00, Total Thread Count: 39
AvailableWorkingThreads: 2046, AvailableCompletionPortThreads: 1000
MaxWorkingThreads: 2047, MaxCompletionPortThreads: 1000
LISTServer ----------------------------------
Started Time: 2018/10/22 星期一 13:35:42
Is Running: True
Total Connections: 0
Maximum Allowed Connection Number: 1000
Total Handled Requests: 20
Request Handling Speed (#/second): 0
Avialable Sending Queue Items: 256
Total Sending Queue Items: 256

2018-10-22 13:39:42,509 Performance - ---------------------------------------------------
CPU Usage: 0.02%, Physical Memory Usage: 76,324,864.00, Total Thread Count: 39
AvailableWorkingThreads: 2046, AvailableCompletionPortThreads: 1000
MaxWorkingThreads: 2047, MaxCompletionPortThreads: 1000
LISTServer ----------------------------------
Started Time: 2018/10/22 星期一 13:35:42
Is Running: True
Total Connections: 0
Maximum Allowed Connection Number: 1000
Total Handled Requests: 20
Request Handling Speed (#/second): 0
Avialable Sending Queue Items: 256
Total Sending Queue Items: 256

2018-10-22 13:40:42,504 Performance - ---------------------------------------------------
CPU Usage: 0.04%, Physical Memory Usage: 77,852,672.00, Total Thread Count: 39
AvailableWorkingThreads: 2046, AvailableCompletionPortThreads: 1000
MaxWorkingThreads: 2047, MaxCompletionPortThreads: 1000
LISTServer ----------------------------------
Started Time: 2018/10/22 星期一 13:35:42
Is Running: True
Total Connections: 2
Maximum Allowed Connection Number: 1000
Total Handled Requests: 22
Request Handling Speed (#/second): 0
Avialable Sending Queue Items: 254
Total Sending Queue Items: 256

2018-10-22 13:41:42,490 Performance - ---------------------------------------------------
CPU Usage: 0.07%, Physical Memory Usage: 86,548,480.00, Total Thread Count: 38
AvailableWorkingThreads: 2046, AvailableCompletionPortThreads: 1000
MaxWorkingThreads: 2047, MaxCompletionPortThreads: 1000
LISTServer ----------------------------------
Started Time: 2018/10/22 星期一 13:35:42
Is Running: True
Total Connections: 0
Maximum Allowed Connection Number: 1000
Total Handled Requests: 72
Request Handling Speed (#/second): 1
Avialable Sending Queue Items: 256
Total Sending Queue Items: 256

2018-10-22 13:42:42,490 Performance - ---------------------------------------------------
CPU Usage: 0.01%, Physical Memory Usage: 86,339,584.00, Total Thread Count: 38
AvailableWorkingThreads: 2046, AvailableCompletionPortThreads: 1000
MaxWorkingThreads: 2047, MaxCompletionPortThreads: 1000
LISTServer ----------------------------------
Started Time: 2018/10/22 星期一 13:35:42
Is Running: True
Total Connections: 0
Maximum Allowed Connection Number: 1000
Total Handled Requests: 72
Request Handling Speed (#/second): 0
Avialable Sending Queue Items: 256
Total Sending Queue Items: 256

2018-10-22 13:43:42,493 Performance - ---------------------------------------------------
CPU Usage: 0.01%, Physical Memory Usage: 86,675,456.00, Total Thread Count: 38
AvailableWorkingThreads: 2046, AvailableCompletionPortThreads: 1000
MaxWorkingThreads: 2047, MaxCompletionPortThreads: 1000
LISTServer ----------------------------------
Started Time: 2018/10/22 星期一 13:35:42
Is Running: True
Total Connections: 0
Maximum Allowed Connection Number: 1000
Total Handled Requests: 72
Request Handling Speed (#/second): 0
Avialable Sending Queue Items: 256
Total Sending Queue Items: 256

2018-10-22 13:44:42,531 Performance - ---------------------------------------------------
CPU Usage: 0.05%, Physical Memory Usage: 87,048,192.00, Total Thread Count: 39
AvailableWorkingThreads: 2045, AvailableCompletionPortThreads: 1000
MaxWorkingThreads: 2047, MaxCompletionPortThreads: 1000
LISTServer ----------------------------------
Started Time: 2018/10/22 星期一 13:35:42
Is Running: True
Total Connections: 2
Maximum Allowed Connection Number: 1000
Total Handled Requests: 83
Request Handling Speed (#/second): 0
Avialable Sending Queue Items: 254
Total Sending Queue Items: 256

2018-10-22 13:45:42,564 Performance - ---------------------------------------------------
CPU Usage: 0.15%, Physical Memory Usage: 90,726,400.00, Total Thread Count: 39
AvailableWorkingThreads: 2046, AvailableCompletionPortThreads: 1000
MaxWorkingThreads: 2047, MaxCompletionPortThreads: 1000
LISTServer ----------------------------------
Started Time: 2018/10/22 星期一 13:35:42
Is Running: True
Total Connections: 0
Maximum Allowed Connection Number: 1000
Total Handled Requests: 108
Request Handling Speed (#/second): 0
Avialable Sending Queue Items: 256
Total Sending Queue Items: 256

2018-10-22 13:46:42,580 Performance - ---------------------------------------------------
CPU Usage: 0.03%, Physical Memory Usage: 90,939,392.00, Total Thread Count: 38
AvailableWorkingThreads: 2046, AvailableCompletionPortThreads: 1000
MaxWorkingThreads: 2047, MaxCompletionPortThreads: 1000
LISTServer ----------------------------------
Started Time: 2018/10/22 星期一 13:35:42
Is Running: True
Total Connections: 0
Maximum Allowed Connection Number: 1000
Total Handled Requests: 108
Request Handling Speed (#/second): 0
Avialable Sending Queue Items: 256
Total Sending Queue Items: 256

2018-10-22 13:47:42,558 Performance - ---------------------------------------------------
CPU Usage: 0.05%, Physical Memory Usage: 91,086,848.00, Total Thread Count: 38
AvailableWorkingThreads: 2046, AvailableCompletionPortThreads: 1000
MaxWorkingThreads: 2047, MaxCompletionPortThreads: 1000
LISTServer ----------------------------------
Started Time: 2018/10/22 星期一 13:35:42
Is Running: True
Total Connections: 0
Maximum Allowed Connection Number: 1000
Total Handled Requests: 108
Request Handling Speed (#/second): 0
Avialable Sending Queue Items: 256
Total Sending Queue Items: 256

2018-10-22 13:48:42,577 Performance - ---------------------------------------------------
CPU Usage: 0.04%, Physical Memory Usage: 91,385,856.00, Total Thread Count: 38
AvailableWorkingThreads: 2046, AvailableCompletionPortThreads: 1000
MaxWorkingThreads: 2047, MaxCompletionPortThreads: 1000
LISTServer ----------------------------------
Started Time: 2018/10/22 星期一 13:35:42
Is Running: True
Total Connections: 0
Maximum Allowed Connection Number: 1000
Total Handled Requests: 108
Request Handling Speed (#/second): 0
Avialable Sending Queue Items: 256
Total Sending Queue Items: 256

2018-10-22 13:49:42,583 Performance - ---------------------------------------------------
CPU Usage: 0.03%, Physical Memory Usage: 91,869,184.00, Total Thread Count: 38
AvailableWorkingThreads: 2046, AvailableCompletionPortThreads: 1000
MaxWorkingThreads: 2047, MaxCompletionPortThreads: 1000
LISTServer ----------------------------------
Started Time: 2018/10/22 星期一 13:35:42
Is Running: True
Total Connections: 0
Maximum Allowed Connection Number: 1000
Total Handled Requests: 108
Request Handling Speed (#/second): 0
Avialable Sending Queue Items: 256
Total Sending Queue Items: 256

2018-10-22 13:50:42,577 Performance - ---------------------------------------------------
CPU Usage: 0.03%, Physical Memory Usage: 92,295,168.00, Total Thread Count: 38
AvailableWorkingThreads: 2046, AvailableCompletionPortThreads: 1000
MaxWorkingThreads: 2047, MaxCompletionPortThreads: 1000
LISTServer ----------------------------------
Started Time: 2018/10/22 星期一 13:35:42
Is Running: True
Total Connections: 0
Maximum Allowed Connection Number: 1000
Total Handled Requests: 108
Request Handling Speed (#/second): 0
Avialable Sending Queue Items: 256
Total Sending Queue Items: 256

2018-10-22 13:51:42,544 Performance - ---------------------------------------------------
CPU Usage: 0.07%, Physical Memory Usage: 92,807,168.00, Total Thread Count: 39
AvailableWorkingThreads: 2046, AvailableCompletionPortThreads: 1000
MaxWorkingThreads: 2047, MaxCompletionPortThreads: 1000
LISTServer ----------------------------------
Started Time: 2018/10/22 星期一 13:35:42
Is Running: True
Total Connections: 1
Maximum Allowed Connection Number: 1000
Total Handled Requests: 144
Request Handling Speed (#/second): 1
Avialable Sending Queue Items: 255
Total Sending Queue Items: 256

2018-10-22 13:52:42,535 Performance - ---------------------------------------------------
CPU Usage: 0.12%, Physical Memory Usage: 89,575,424.00, Total Thread Count: 38
AvailableWorkingThreads: 2046, AvailableCompletionPortThreads: 1000
MaxWorkingThreads: 2047, MaxCompletionPortThreads: 1000
LISTServer ----------------------------------
Started Time: 2018/10/22 星期一 13:35:42
Is Running: True
Total Connections: 0
Maximum Allowed Connection Number: 1000
Total Handled Requests: 192
Request Handling Speed (#/second): 1
Avialable Sending Queue Items: 256
Total Sending Queue Items: 256

2018-10-22 13:53:42,541 Performance - ---------------------------------------------------
CPU Usage: 0.01%, Physical Memory Usage: 89,423,872.00, Total Thread Count: 38
AvailableWorkingThreads: 2046, AvailableCompletionPortThreads: 1000
MaxWorkingThreads: 2047, MaxCompletionPortThreads: 1000
LISTServer ----------------------------------
Started Time: 2018/10/22 星期一 13:35:42
Is Running: True
Total Connections: 0
Maximum Allowed Connection Number: 1000
Total Handled Requests: 192
Request Handling Speed (#/second): 0
Avialable Sending Queue Items: 256
Total Sending Queue Items: 256

2018-10-22 13:54:42,566 Performance - ---------------------------------------------------
CPU Usage: 0.01%, Physical Memory Usage: 89,808,896.00, Total Thread Count: 38
AvailableWorkingThreads: 2046, AvailableCompletionPortThreads: 1000
MaxWorkingThreads: 2047, MaxCompletionPortThreads: 1000
LISTServer ----------------------------------
Started Time: 2018/10/22 星期一 13:35:42
Is Running: True
Total Connections: 0
Maximum Allowed Connection Number: 1000
Total Handled Requests: 192
Request Handling Speed (#/second): 0
Avialable Sending Queue Items: 256
Total Sending Queue Items: 256

2018-10-22 13:55:42,610 Performance - ---------------------------------------------------
CPU Usage: 0.08%, Physical Memory Usage: 90,210,304.00, Total Thread Count: 41
AvailableWorkingThreads: 2046, AvailableCompletionPortThreads: 1000
MaxWorkingThreads: 2047, MaxCompletionPortThreads: 1000
LISTServer ----------------------------------
Started Time: 2018/10/22 星期一 13:35:42
Is Running: True
Total Connections: 0
Maximum Allowed Connection Number: 1000
Total Handled Requests: 212
Request Handling Speed (#/second): 0
Avialable Sending Queue Items: 256
Total Sending Queue Items: 256

2018-10-22 13:56:42,604 Performance - ---------------------------------------------------
CPU Usage: 0.02%, Physical Memory Usage: 90,529,792.00, Total Thread Count: 38
AvailableWorkingThreads: 2046, AvailableCompletionPortThreads: 1000
MaxWorkingThreads: 2047, MaxCompletionPortThreads: 1000
LISTServer ----------------------------------
Started Time: 2018/10/22 星期一 13:35:42
Is Running: True
Total Connections: 0
Maximum Allowed Connection Number: 1000
Total Handled Requests: 212
Request Handling Speed (#/second): 0
Avialable Sending Queue Items: 256
Total Sending Queue Items: 256

2018-10-22 13:57:42,615 Performance - ---------------------------------------------------
CPU Usage: 0.03%, Physical Memory Usage: 90,456,064.00, Total Thread Count: 38
AvailableWorkingThreads: 2046, AvailableCompletionPortThreads: 1000
MaxWorkingThreads: 2047, MaxCompletionPortThreads: 1000
LISTServer ----------------------------------
Started Time: 2018/10/22 星期一 13:35:42
Is Running: True
Total Connections: 0
Maximum Allowed Connection Number: 1000
Total Handled Requests: 212
Request Handling Speed (#/second): 0
Avialable Sending Queue Items: 256
Total Sending Queue Items: 256

2018-10-22 13:58:42,591 Performance - ---------------------------------------------------
CPU Usage: 0.03%, Physical Memory Usage: 90,873,856.00, Total Thread Count: 39
AvailableWorkingThreads: 2046, AvailableCompletionPortThreads: 1000
MaxWorkingThreads: 2047, MaxCompletionPortThreads: 1000
LISTServer ----------------------------------
Started Time: 2018/10/22 星期一 13:35:42
Is Running: True
Total Connections: 1
Maximum Allowed Connection Number: 1000
Total Handled Requests: 220
Request Handling Speed (#/second): 0
Avialable Sending Queue Items: 255
Total Sending Queue Items: 256

2018-10-22 13:59:42,572 Performance - ---------------------------------------------------
CPU Usage: 0.02%, Physical Memory Usage: 91,254,784.00, Total Thread Count: 38
AvailableWorkingThreads: 2046, AvailableCompletionPortThreads: 1000
MaxWorkingThreads: 2047, MaxCompletionPortThreads: 1000
LISTServer ----------------------------------
Started Time: 2018/10/22 星期一 13:35:42
Is Running: True
Total Connections: 1
Maximum Allowed Connection Number: 1000
Total Handled Requests: 220
Request Handling Speed (#/second): 0
Avialable Sending Queue Items: 255
Total Sending Queue Items: 256

2018-10-22 14:00:42,641 Performance - ---------------------------------------------------
CPU Usage: 0.03%, Physical Memory Usage: 89,817,088.00, Total Thread Count: 38
AvailableWorkingThreads: 2046, AvailableCompletionPortThreads: 1000
MaxWorkingThreads: 2047, MaxCompletionPortThreads: 1000
LISTServer ----------------------------------
Started Time: 2018/10/22 星期一 13:35:42
Is Running: True
Total Connections: 1
Maximum Allowed Connection Number: 1000
Total Handled Requests: 220
Request Handling Speed (#/second): 0
Avialable Sending Queue Items: 255
Total Sending Queue Items: 256

2018-10-22 14:01:42,592 Performance - ---------------------------------------------------
CPU Usage: 0.02%, Physical Memory Usage: 90,234,880.00, Total Thread Count: 38
AvailableWorkingThreads: 2046, AvailableCompletionPortThreads: 1000
MaxWorkingThreads: 2047, MaxCompletionPortThreads: 1000
LISTServer ----------------------------------
Started Time: 2018/10/22 星期一 13:35:42
Is Running: True
Total Connections: 1
Maximum Allowed Connection Number: 1000
Total Handled Requests: 220
Request Handling Speed (#/second): 0
Avialable Sending Queue Items: 255
Total Sending Queue Items: 256

2018-10-22 14:02:42,581 Performance - ---------------------------------------------------
CPU Usage: 0.02%, Physical Memory Usage: 83,427,328.00, Total Thread Count: 38
AvailableWorkingThreads: 2046, AvailableCompletionPortThreads: 1000
MaxWorkingThreads: 2047, MaxCompletionPortThreads: 1000
LISTServer ----------------------------------
Started Time: 2018/10/22 星期一 13:35:42
Is Running: True
Total Connections: 1
Maximum Allowed Connection Number: 1000
Total Handled Requests: 220
Request Handling Speed (#/second): 0
Avialable Sending Queue Items: 255
Total Sending Queue Items: 256

2018-10-22 14:03:42,583 Performance - ---------------------------------------------------
CPU Usage: 0.02%, Physical Memory Usage: 83,853,312.00, Total Thread Count: 38
AvailableWorkingThreads: 2046, AvailableCompletionPortThreads: 1000
MaxWorkingThreads: 2047, MaxCompletionPortThreads: 1000
LISTServer ----------------------------------
Started Time: 2018/10/22 星期一 13:35:42
Is Running: True
Total Connections: 1
Maximum Allowed Connection Number: 1000
Total Handled Requests: 220
Request Handling Speed (#/second): 0
Avialable Sending Queue Items: 255
Total Sending Queue Items: 256

2018-10-22 14:04:42,590 Performance - ---------------------------------------------------
CPU Usage: 0.03%, Physical Memory Usage: 83,574,784.00, Total Thread Count: 38
AvailableWorkingThreads: 2046, AvailableCompletionPortThreads: 1000
MaxWorkingThreads: 2047, MaxCompletionPortThreads: 1000
LISTServer ----------------------------------
Started Time: 2018/10/22 星期一 13:35:42
Is Running: True
Total Connections: 1
Maximum Allowed Connection Number: 1000
Total Handled Requests: 220
Request Handling Speed (#/second): 0
Avialable Sending Queue Items: 255
Total Sending Queue Items: 256

2018-10-22 14:05:42,616 Performance - ---------------------------------------------------
CPU Usage: 0.02%, Physical Memory Usage: 83,939,328.00, Total Thread Count: 38
AvailableWorkingThreads: 2046, AvailableCompletionPortThreads: 1000
MaxWorkingThreads: 2047, MaxCompletionPortThreads: 1000
LISTServer ----------------------------------
Started Time: 2018/10/22 星期一 13:35:42
Is Running: True
Total Connections: 1
Maximum Allowed Connection Number: 1000
Total Handled Requests: 220
Request Handling Speed (#/second): 0
Avialable Sending Queue Items: 255
Total Sending Queue Items: 256

2018-10-22 14:06:42,596 Performance - ---------------------------------------------------
CPU Usage: 0.01%, Physical Memory Usage: 84,365,312.00, Total Thread Count: 38
AvailableWorkingThreads: 2046, AvailableCompletionPortThreads: 1000
MaxWorkingThreads: 2047, MaxCompletionPortThreads: 1000
LISTServer ----------------------------------
Started Time: 2018/10/22 星期一 13:35:42
Is Running: True
Total Connections: 1
Maximum Allowed Connection Number: 1000
Total Handled Requests: 220
Request Handling Speed (#/second): 0
Avialable Sending Queue Items: 255
Total Sending Queue Items: 256

2018-10-22 14:07:42,599 Performance - ---------------------------------------------------
CPU Usage: 0.01%, Physical Memory Usage: 82,714,624.00, Total Thread Count: 38
AvailableWorkingThreads: 2046, AvailableCompletionPortThreads: 1000
MaxWorkingThreads: 2047, MaxCompletionPortThreads: 1000
LISTServer ----------------------------------
Started Time: 2018/10/22 星期一 13:35:42
Is Running: True
Total Connections: 1
Maximum Allowed Connection Number: 1000
Total Handled Requests: 220
Request Handling Speed (#/second): 0
Avialable Sending Queue Items: 255
Total Sending Queue Items: 256

2018-10-22 14:08:42,597 Performance - ---------------------------------------------------
CPU Usage: 0.02%, Physical Memory Usage: 83,136,512.00, Total Thread Count: 38
AvailableWorkingThreads: 2046, AvailableCompletionPortThreads: 1000
MaxWorkingThreads: 2047, MaxCompletionPortThreads: 1000
LISTServer ----------------------------------
Started Time: 2018/10/22 星期一 13:35:42
Is Running: True
Total Connections: 1
Maximum Allowed Connection Number: 1000
Total Handled Requests: 220
Request Handling Speed (#/second): 0
Avialable Sending Queue Items: 255
Total Sending Queue Items: 256

2018-10-22 14:09:42,624 Performance - ---------------------------------------------------
CPU Usage: 0.01%, Physical Memory Usage: 83,451,904.00, Total Thread Count: 38
AvailableWorkingThreads: 2046, AvailableCompletionPortThreads: 1000
MaxWorkingThreads: 2047, MaxCompletionPortThreads: 1000
LISTServer ----------------------------------
Started Time: 2018/10/22 星期一 13:35:42
Is Running: True
Total Connections: 1
Maximum Allowed Connection Number: 1000
Total Handled Requests: 220
Request Handling Speed (#/second): 0
Avialable Sending Queue Items: 255
Total Sending Queue Items: 256

2018-10-22 14:10:42,667 Performance - ---------------------------------------------------
CPU Usage: 0.02%, Physical Memory Usage: 80,912,384.00, Total Thread Count: 38
AvailableWorkingThreads: 2046, AvailableCompletionPortThreads: 1000
MaxWorkingThreads: 2047, MaxCompletionPortThreads: 1000
LISTServer ----------------------------------
Started Time: 2018/10/22 星期一 13:35:42
Is Running: True
Total Connections: 1
Maximum Allowed Connection Number: 1000
Total Handled Requests: 220
Request Handling Speed (#/second): 0
Avialable Sending Queue Items: 255
Total Sending Queue Items: 256

2018-10-22 14:11:42,637 Performance - ---------------------------------------------------
CPU Usage: 0.02%, Physical Memory Usage: 81,190,912.00, Total Thread Count: 38
AvailableWorkingThreads: 2044, AvailableCompletionPortThreads: 1000
MaxWorkingThreads: 2047, MaxCompletionPortThreads: 1000
LISTServer ----------------------------------
Started Time: 2018/10/22 星期一 13:35:42
Is Running: True
Total Connections: 1
Maximum Allowed Connection Number: 1000
Total Handled Requests: 220
Request Handling Speed (#/second): 0
Avialable Sending Queue Items: 255
Total Sending Queue Items: 256

2018-10-22 14:12:42,625 Performance - ---------------------------------------------------
CPU Usage: 0.02%, Physical Memory Usage: 78,471,168.00, Total Thread Count: 38
AvailableWorkingThreads: 2046, AvailableCompletionPortThreads: 1000
MaxWorkingThreads: 2047, MaxCompletionPortThreads: 1000
LISTServer ----------------------------------
Started Time: 2018/10/22 星期一 13:35:42
Is Running: True
Total Connections: 1
Maximum Allowed Connection Number: 1000
Total Handled Requests: 220
Request Handling Speed (#/second): 0
Avialable Sending Queue Items: 255
Total Sending Queue Items: 256

