2018-01-29 16:09:41,734 Performance - ---------------------------------------------------
CPU Usage: 0.00%, Physical Memory Usage: 45,871,104.00, Total Thread Count: 31
AvailableWorkingThreads: 2046, AvailableCompletionPortThreads: 1000
MaxWorkingThreads: 2047, MaxCompletionPortThreads: 1000
LISTServer ----------------------------------
Started Time: 2018/1/29 16:09:41
Is Running: True
Total Connections: 0
Maximum Allowed Connection Number: 1000
Total Handled Requests: 0
Request Handling Speed (#/second): 0
Avialable Sending Queue Items: 256
Total Sending Queue Items: 256

2018-01-29 16:11:10,565 Performance - ---------------------------------------------------
CPU Usage: 0.09%, Physical Memory Usage: 54,923,264.00, Total Thread Count: 36
AvailableWorkingThreads: 2044, AvailableCompletionPortThreads: 1000
MaxWorkingThreads: 2047, MaxCompletionPortThreads: 1000
LISTServer ----------------------------------
Started Time: 2018/1/29 16:09:41
Is Running: True
Total Connections: 1
Maximum Allowed Connection Number: 1000
Total Handled Requests: 0
Request Handling Speed (#/second): 0
Avialable Sending Queue Items: 256
Total Sending Queue Items: 256

2018-01-29 16:12:10,551 Performance - ---------------------------------------------------
CPU Usage: 0.01%, Physical Memory Usage: 56,504,320.00, Total Thread Count: 34
AvailableWorkingThreads: 2045, AvailableCompletionPortThreads: 1000
MaxWorkingThreads: 2047, MaxCompletionPortThreads: 1000
LISTServer ----------------------------------
Started Time: 2018/1/29 16:09:41
Is Running: True
Total Connections: 0
Maximum Allowed Connection Number: 1000
Total Handled Requests: 0
Request Handling Speed (#/second): 0
Avialable Sending Queue Items: 256
Total Sending Queue Items: 256

2018-01-29 16:13:10,553 Performance - ---------------------------------------------------
CPU Usage: 0.05%, Physical Memory Usage: 56,778,752.00, Total Thread Count: 35
AvailableWorkingThreads: 2046, AvailableCompletionPortThreads: 1000
MaxWorkingThreads: 2047, MaxCompletionPortThreads: 1000
LISTServer ----------------------------------
Started Time: 2018/1/29 16:09:41
Is Running: True
Total Connections: 0
Maximum Allowed Connection Number: 1000
Total Handled Requests: 0
Request Handling Speed (#/second): 0
Avialable Sending Queue Items: 256
Total Sending Queue Items: 256

2018-01-29 16:18:52,154 Performance - ---------------------------------------------------
CPU Usage: 0.01%, Physical Memory Usage: 57,561,088.00, Total Thread Count: 34
AvailableWorkingThreads: 2043, AvailableCompletionPortThreads: 998
MaxWorkingThreads: 2047, MaxCompletionPortThreads: 1000
LISTServer ----------------------------------
Started Time: 2018/1/29 16:09:41
Is Running: True
Total Connections: 3
Maximum Allowed Connection Number: 1000
Total Handled Requests: 0
Request Handling Speed (#/second): 0
Avialable Sending Queue Items: 253
Total Sending Queue Items: 256

2018-01-29 16:20:49,240 Performance - ---------------------------------------------------
CPU Usage: 0.07%, Physical Memory Usage: 58,859,520.00, Total Thread Count: 32
AvailableWorkingThreads: 2044, AvailableCompletionPortThreads: 1000
MaxWorkingThreads: 2047, MaxCompletionPortThreads: 1000
LISTServer ----------------------------------
Started Time: 2018/1/29 16:09:41
Is Running: True
Total Connections: 1
Maximum Allowed Connection Number: 1000
Total Handled Requests: 0
Request Handling Speed (#/second): 0
Avialable Sending Queue Items: 255
Total Sending Queue Items: 256

2018-01-29 16:21:48,137 Performance - ---------------------------------------------------
CPU Usage: 0.00%, Physical Memory Usage: 43,601,920.00, Total Thread Count: 29
AvailableWorkingThreads: 2046, AvailableCompletionPortThreads: 1000
MaxWorkingThreads: 2047, MaxCompletionPortThreads: 1000
LISTServer ----------------------------------
Started Time: 2018/1/29 16:21:48
Is Running: True
Total Connections: 0
Maximum Allowed Connection Number: 1000
Total Handled Requests: 0
Request Handling Speed (#/second): 0
Avialable Sending Queue Items: 256
Total Sending Queue Items: 256

2018-01-29 16:22:48,072 Performance - ---------------------------------------------------
CPU Usage: 0.19%, Physical Memory Usage: 57,421,824.00, Total Thread Count: 36
AvailableWorkingThreads: 2046, AvailableCompletionPortThreads: 1000
MaxWorkingThreads: 2047, MaxCompletionPortThreads: 1000
LISTServer ----------------------------------
Started Time: 2018/1/29 16:21:48
Is Running: True
Total Connections: 1
Maximum Allowed Connection Number: 1000
Total Handled Requests: 1
Request Handling Speed (#/second): 0
Avialable Sending Queue Items: 255
Total Sending Queue Items: 256

2018-01-29 16:23:48,072 Performance - ---------------------------------------------------
CPU Usage: 0.01%, Physical Memory Usage: 58,290,176.00, Total Thread Count: 35
AvailableWorkingThreads: 2046, AvailableCompletionPortThreads: 1000
MaxWorkingThreads: 2047, MaxCompletionPortThreads: 1000
LISTServer ----------------------------------
Started Time: 2018/1/29 16:21:48
Is Running: True
Total Connections: 0
Maximum Allowed Connection Number: 1000
Total Handled Requests: 1
Request Handling Speed (#/second): 0
Avialable Sending Queue Items: 256
Total Sending Queue Items: 256

2018-01-29 16:24:48,101 Performance - ---------------------------------------------------
CPU Usage: 0.05%, Physical Memory Usage: 58,060,800.00, Total Thread Count: 33
AvailableWorkingThreads: 2046, AvailableCompletionPortThreads: 1000
MaxWorkingThreads: 2047, MaxCompletionPortThreads: 1000
LISTServer ----------------------------------
Started Time: 2018/1/29 16:21:48
Is Running: True
Total Connections: 1
Maximum Allowed Connection Number: 1000
Total Handled Requests: 2
Request Handling Speed (#/second): 0
Avialable Sending Queue Items: 255
Total Sending Queue Items: 256

2018-01-29 16:25:48,088 Performance - ---------------------------------------------------
CPU Usage: 0.03%, Physical Memory Usage: 58,417,152.00, Total Thread Count: 32
AvailableWorkingThreads: 2046, AvailableCompletionPortThreads: 1000
MaxWorkingThreads: 2047, MaxCompletionPortThreads: 1000
LISTServer ----------------------------------
Started Time: 2018/1/29 16:21:48
Is Running: True
Total Connections: 1
Maximum Allowed Connection Number: 1000
Total Handled Requests: 2
Request Handling Speed (#/second): 0
Avialable Sending Queue Items: 255
Total Sending Queue Items: 256

2018-01-29 16:28:50,959 Performance - ---------------------------------------------------
CPU Usage: 0.00%, Physical Memory Usage: 46,444,544.00, Total Thread Count: 31
AvailableWorkingThreads: 2046, AvailableCompletionPortThreads: 1000
MaxWorkingThreads: 2047, MaxCompletionPortThreads: 1000
LISTServer ----------------------------------
Started Time: 2018/1/29 16:28:50
Is Running: True
Total Connections: 0
Maximum Allowed Connection Number: 1000
Total Handled Requests: 0
Request Handling Speed (#/second): 0
Avialable Sending Queue Items: 256
Total Sending Queue Items: 256

2018-01-29 16:29:52,562 Performance - ---------------------------------------------------
CPU Usage: 0.01%, Physical Memory Usage: 49,082,368.00, Total Thread Count: 35
AvailableWorkingThreads: 2044, AvailableCompletionPortThreads: 1000
MaxWorkingThreads: 2047, MaxCompletionPortThreads: 1000
LISTServer ----------------------------------
Started Time: 2018/1/29 16:28:50
Is Running: True
Total Connections: 1
Maximum Allowed Connection Number: 1000
Total Handled Requests: 0
Request Handling Speed (#/second): 0
Avialable Sending Queue Items: 255
Total Sending Queue Items: 256

2018-01-29 16:31:19,983 Performance - ---------------------------------------------------
CPU Usage: 0.00%, Physical Memory Usage: 44,376,064.00, Total Thread Count: 25
AvailableWorkingThreads: 2046, AvailableCompletionPortThreads: 1000
MaxWorkingThreads: 2047, MaxCompletionPortThreads: 1000
LISTServer ----------------------------------
Started Time: 2018/1/29 16:31:19
Is Running: True
Total Connections: 0
Maximum Allowed Connection Number: 1000
Total Handled Requests: 0
Request Handling Speed (#/second): 0
Avialable Sending Queue Items: 256
Total Sending Queue Items: 256

2018-01-29 16:34:53,537 Performance - ---------------------------------------------------
CPU Usage: 0.00%, Physical Memory Usage: 42,401,792.00, Total Thread Count: 29
AvailableWorkingThreads: 2046, AvailableCompletionPortThreads: 1000
MaxWorkingThreads: 2047, MaxCompletionPortThreads: 1000
LISTServer ----------------------------------
Started Time: 2018/1/29 16:34:53
Is Running: True
Total Connections: 0
Maximum Allowed Connection Number: 1000
Total Handled Requests: 0
Request Handling Speed (#/second): 0
Avialable Sending Queue Items: 256
Total Sending Queue Items: 256

2018-01-29 16:35:53,490 Performance - ---------------------------------------------------
CPU Usage: 0.03%, Physical Memory Usage: 45,559,808.00, Total Thread Count: 32
AvailableWorkingThreads: 2046, AvailableCompletionPortThreads: 1000
MaxWorkingThreads: 2047, MaxCompletionPortThreads: 1000
LISTServer ----------------------------------
Started Time: 2018/1/29 16:34:53
Is Running: True
Total Connections: 0
Maximum Allowed Connection Number: 1000
Total Handled Requests: 0
Request Handling Speed (#/second): 0
Avialable Sending Queue Items: 256
Total Sending Queue Items: 256

2018-01-29 16:36:53,491 Performance - ---------------------------------------------------
CPU Usage: 0.01%, Physical Memory Usage: 46,534,656.00, Total Thread Count: 32
AvailableWorkingThreads: 2046, AvailableCompletionPortThreads: 1000
MaxWorkingThreads: 2047, MaxCompletionPortThreads: 1000
LISTServer ----------------------------------
Started Time: 2018/1/29 16:34:53
Is Running: True
Total Connections: 0
Maximum Allowed Connection Number: 1000
Total Handled Requests: 0
Request Handling Speed (#/second): 0
Avialable Sending Queue Items: 256
Total Sending Queue Items: 256

2018-01-29 16:38:44,762 Performance - ---------------------------------------------------
CPU Usage: 0.00%, Physical Memory Usage: 46,886,912.00, Total Thread Count: 29
AvailableWorkingThreads: 2046, AvailableCompletionPortThreads: 1000
MaxWorkingThreads: 2047, MaxCompletionPortThreads: 1000
LISTServer ----------------------------------
Started Time: 2018/1/29 16:38:44
Is Running: True
Total Connections: 0
Maximum Allowed Connection Number: 1000
Total Handled Requests: 0
Request Handling Speed (#/second): 0
Avialable Sending Queue Items: 256
Total Sending Queue Items: 256

2018-01-29 16:40:21,991 Performance - ---------------------------------------------------
CPU Usage: 0.00%, Physical Memory Usage: 43,032,576.00, Total Thread Count: 29
AvailableWorkingThreads: 2046, AvailableCompletionPortThreads: 1000
MaxWorkingThreads: 2047, MaxCompletionPortThreads: 1000
LISTServer ----------------------------------
Started Time: 2018/1/29 16:40:21
Is Running: True
Total Connections: 0
Maximum Allowed Connection Number: 1000
Total Handled Requests: 0
Request Handling Speed (#/second): 0
Avialable Sending Queue Items: 256
Total Sending Queue Items: 256

2018-01-29 16:41:21,947 Performance - ---------------------------------------------------
CPU Usage: 0.00%, Physical Memory Usage: 46,657,536.00, Total Thread Count: 32
AvailableWorkingThreads: 2046, AvailableCompletionPortThreads: 1000
MaxWorkingThreads: 2047, MaxCompletionPortThreads: 1000
LISTServer ----------------------------------
Started Time: 2018/1/29 16:40:21
Is Running: True
Total Connections: 0
Maximum Allowed Connection Number: 1000
Total Handled Requests: 0
Request Handling Speed (#/second): 0
Avialable Sending Queue Items: 256
Total Sending Queue Items: 256

2018-01-29 16:44:33,585 Performance - ---------------------------------------------------
CPU Usage: 0.16%, Physical Memory Usage: 77,205,504.00, Total Thread Count: 35
AvailableWorkingThreads: 2042, AvailableCompletionPortThreads: 1000
MaxWorkingThreads: 2047, MaxCompletionPortThreads: 1000
LISTServer ----------------------------------
Started Time: 2018/1/29 16:40:21
Is Running: True
Total Connections: 0
Maximum Allowed Connection Number: 1000
Total Handled Requests: 1
Request Handling Speed (#/second): 0
Avialable Sending Queue Items: 256
Total Sending Queue Items: 256

2018-01-29 16:45:33,577 Performance - ---------------------------------------------------
CPU Usage: 0.02%, Physical Memory Usage: 77,316,096.00, Total Thread Count: 33
AvailableWorkingThreads: 2046, AvailableCompletionPortThreads: 1000
MaxWorkingThreads: 2047, MaxCompletionPortThreads: 1000
LISTServer ----------------------------------
Started Time: 2018/1/29 16:40:21
Is Running: True
Total Connections: 0
Maximum Allowed Connection Number: 1000
Total Handled Requests: 1
Request Handling Speed (#/second): 0
Avialable Sending Queue Items: 256
Total Sending Queue Items: 256

2018-01-29 16:46:33,587 Performance - ---------------------------------------------------
CPU Usage: 0.00%, Physical Memory Usage: 77,676,544.00, Total Thread Count: 34
AvailableWorkingThreads: 2045, AvailableCompletionPortThreads: 1000
MaxWorkingThreads: 2047, MaxCompletionPortThreads: 1000
LISTServer ----------------------------------
Started Time: 2018/1/29 16:40:21
Is Running: True
Total Connections: 1
Maximum Allowed Connection Number: 1000
Total Handled Requests: 1
Request Handling Speed (#/second): 0
Avialable Sending Queue Items: 255
Total Sending Queue Items: 256

2018-01-29 16:47:33,590 Performance - ---------------------------------------------------
CPU Usage: 0.02%, Physical Memory Usage: 77,934,592.00, Total Thread Count: 34
AvailableWorkingThreads: 2045, AvailableCompletionPortThreads: 1000
MaxWorkingThreads: 2047, MaxCompletionPortThreads: 1000
LISTServer ----------------------------------
Started Time: 2018/1/29 16:40:21
Is Running: True
Total Connections: 1
Maximum Allowed Connection Number: 1000
Total Handled Requests: 1
Request Handling Speed (#/second): 0
Avialable Sending Queue Items: 255
Total Sending Queue Items: 256

2018-01-29 16:48:34,918 Performance - ---------------------------------------------------
CPU Usage: 0.07%, Physical Memory Usage: 78,594,048.00, Total Thread Count: 36
AvailableWorkingThreads: 2043, AvailableCompletionPortThreads: 1000
MaxWorkingThreads: 2047, MaxCompletionPortThreads: 1000
LISTServer ----------------------------------
Started Time: 2018/1/29 16:40:21
Is Running: True
Total Connections: 2
Maximum Allowed Connection Number: 1000
Total Handled Requests: 1
Request Handling Speed (#/second): 0
Avialable Sending Queue Items: 254
Total Sending Queue Items: 256

2018-01-29 16:49:34,915 Performance - ---------------------------------------------------
CPU Usage: 0.03%, Physical Memory Usage: 79,597,568.00, Total Thread Count: 34
AvailableWorkingThreads: 2046, AvailableCompletionPortThreads: 1000
MaxWorkingThreads: 2047, MaxCompletionPortThreads: 1000
LISTServer ----------------------------------
Started Time: 2018/1/29 16:40:21
Is Running: True
Total Connections: 0
Maximum Allowed Connection Number: 1000
Total Handled Requests: 1
Request Handling Speed (#/second): 0
Avialable Sending Queue Items: 256
Total Sending Queue Items: 256

2018-01-29 16:50:34,913 Performance - ---------------------------------------------------
CPU Usage: 0.01%, Physical Memory Usage: 80,052,224.00, Total Thread Count: 34
AvailableWorkingThreads: 2046, AvailableCompletionPortThreads: 1000
MaxWorkingThreads: 2047, MaxCompletionPortThreads: 1000
LISTServer ----------------------------------
Started Time: 2018/1/29 16:40:21
Is Running: True
Total Connections: 0
Maximum Allowed Connection Number: 1000
Total Handled Requests: 1
Request Handling Speed (#/second): 0
Avialable Sending Queue Items: 256
Total Sending Queue Items: 256

2018-01-29 16:51:34,914 Performance - ---------------------------------------------------
CPU Usage: 0.01%, Physical Memory Usage: 80,658,432.00, Total Thread Count: 34
AvailableWorkingThreads: 2046, AvailableCompletionPortThreads: 1000
MaxWorkingThreads: 2047, MaxCompletionPortThreads: 1000
LISTServer ----------------------------------
Started Time: 2018/1/29 16:40:21
Is Running: True
Total Connections: 0
Maximum Allowed Connection Number: 1000
Total Handled Requests: 1
Request Handling Speed (#/second): 0
Avialable Sending Queue Items: 256
Total Sending Queue Items: 256

2018-01-29 16:52:34,920 Performance - ---------------------------------------------------
CPU Usage: 0.00%, Physical Memory Usage: 81,166,336.00, Total Thread Count: 34
AvailableWorkingThreads: 2046, AvailableCompletionPortThreads: 1000
MaxWorkingThreads: 2047, MaxCompletionPortThreads: 1000
LISTServer ----------------------------------
Started Time: 2018/1/29 16:40:21
Is Running: True
Total Connections: 0
Maximum Allowed Connection Number: 1000
Total Handled Requests: 1
Request Handling Speed (#/second): 0
Avialable Sending Queue Items: 256
Total Sending Queue Items: 256

2018-01-29 16:53:34,915 Performance - ---------------------------------------------------
CPU Usage: 0.03%, Physical Memory Usage: 78,610,432.00, Total Thread Count: 34
AvailableWorkingThreads: 2046, AvailableCompletionPortThreads: 1000
MaxWorkingThreads: 2047, MaxCompletionPortThreads: 1000
LISTServer ----------------------------------
Started Time: 2018/1/29 16:40:21
Is Running: True
Total Connections: 0
Maximum Allowed Connection Number: 1000
Total Handled Requests: 1
Request Handling Speed (#/second): 0
Avialable Sending Queue Items: 256
Total Sending Queue Items: 256

2018-01-29 16:54:34,916 Performance - ---------------------------------------------------
CPU Usage: 0.01%, Physical Memory Usage: 78,999,552.00, Total Thread Count: 34
AvailableWorkingThreads: 2046, AvailableCompletionPortThreads: 1000
MaxWorkingThreads: 2047, MaxCompletionPortThreads: 1000
LISTServer ----------------------------------
Started Time: 2018/1/29 16:40:21
Is Running: True
Total Connections: 0
Maximum Allowed Connection Number: 1000
Total Handled Requests: 1
Request Handling Speed (#/second): 0
Avialable Sending Queue Items: 256
Total Sending Queue Items: 256

2018-01-29 16:55:34,921 Performance - ---------------------------------------------------
CPU Usage: 0.06%, Physical Memory Usage: 86,507,520.00, Total Thread Count: 36
AvailableWorkingThreads: 2046, AvailableCompletionPortThreads: 1000
MaxWorkingThreads: 2047, MaxCompletionPortThreads: 1000
LISTServer ----------------------------------
Started Time: 2018/1/29 16:40:21
Is Running: True
Total Connections: 1
Maximum Allowed Connection Number: 1000
Total Handled Requests: 25
Request Handling Speed (#/second): 0
Avialable Sending Queue Items: 255
Total Sending Queue Items: 256

2018-01-29 16:56:34,918 Performance - ---------------------------------------------------
CPU Usage: 0.01%, Physical Memory Usage: 88,219,648.00, Total Thread Count: 36
AvailableWorkingThreads: 2045, AvailableCompletionPortThreads: 1000
MaxWorkingThreads: 2047, MaxCompletionPortThreads: 1000
LISTServer ----------------------------------
Started Time: 2018/1/29 16:40:21
Is Running: True
Total Connections: 1
Maximum Allowed Connection Number: 1000
Total Handled Requests: 38
Request Handling Speed (#/second): 0
Avialable Sending Queue Items: 255
Total Sending Queue Items: 256

2018-01-29 16:57:34,930 Performance - ---------------------------------------------------
CPU Usage: 0.01%, Physical Memory Usage: 89,415,680.00, Total Thread Count: 34
AvailableWorkingThreads: 2046, AvailableCompletionPortThreads: 1000
MaxWorkingThreads: 2047, MaxCompletionPortThreads: 1000
LISTServer ----------------------------------
Started Time: 2018/1/29 16:40:21
Is Running: True
Total Connections: 0
Maximum Allowed Connection Number: 1000
Total Handled Requests: 43
Request Handling Speed (#/second): 0
Avialable Sending Queue Items: 256
Total Sending Queue Items: 256

2018-01-29 16:58:34,933 Performance - ---------------------------------------------------
CPU Usage: 0.01%, Physical Memory Usage: 90,226,688.00, Total Thread Count: 34
AvailableWorkingThreads: 2046, AvailableCompletionPortThreads: 1000
MaxWorkingThreads: 2047, MaxCompletionPortThreads: 1000
LISTServer ----------------------------------
Started Time: 2018/1/29 16:40:21
Is Running: True
Total Connections: 0
Maximum Allowed Connection Number: 1000
Total Handled Requests: 43
Request Handling Speed (#/second): 0
Avialable Sending Queue Items: 256
Total Sending Queue Items: 256

2018-01-29 16:59:34,932 Performance - ---------------------------------------------------
CPU Usage: 0.01%, Physical Memory Usage: 91,881,472.00, Total Thread Count: 34
AvailableWorkingThreads: 2046, AvailableCompletionPortThreads: 1000
MaxWorkingThreads: 2047, MaxCompletionPortThreads: 1000
LISTServer ----------------------------------
Started Time: 2018/1/29 16:40:21
Is Running: True
Total Connections: 0
Maximum Allowed Connection Number: 1000
Total Handled Requests: 43
Request Handling Speed (#/second): 0
Avialable Sending Queue Items: 256
Total Sending Queue Items: 256

2018-01-29 17:00:34,933 Performance - ---------------------------------------------------
CPU Usage: 0.01%, Physical Memory Usage: 92,639,232.00, Total Thread Count: 34
AvailableWorkingThreads: 2046, AvailableCompletionPortThreads: 1000
MaxWorkingThreads: 2047, MaxCompletionPortThreads: 1000
LISTServer ----------------------------------
Started Time: 2018/1/29 16:40:21
Is Running: True
Total Connections: 0
Maximum Allowed Connection Number: 1000
Total Handled Requests: 43
Request Handling Speed (#/second): 0
Avialable Sending Queue Items: 256
Total Sending Queue Items: 256

2018-01-29 17:01:34,933 Performance - ---------------------------------------------------
CPU Usage: 0.01%, Physical Memory Usage: 93,638,656.00, Total Thread Count: 34
AvailableWorkingThreads: 2046, AvailableCompletionPortThreads: 1000
MaxWorkingThreads: 2047, MaxCompletionPortThreads: 1000
LISTServer ----------------------------------
Started Time: 2018/1/29 16:40:21
Is Running: True
Total Connections: 0
Maximum Allowed Connection Number: 1000
Total Handled Requests: 43
Request Handling Speed (#/second): 0
Avialable Sending Queue Items: 256
Total Sending Queue Items: 256

2018-01-29 17:02:34,947 Performance - ---------------------------------------------------
CPU Usage: 0.01%, Physical Memory Usage: 94,650,368.00, Total Thread Count: 34
AvailableWorkingThreads: 2046, AvailableCompletionPortThreads: 1000
MaxWorkingThreads: 2047, MaxCompletionPortThreads: 1000
LISTServer ----------------------------------
Started Time: 2018/1/29 16:40:21
Is Running: True
Total Connections: 0
Maximum Allowed Connection Number: 1000
Total Handled Requests: 43
Request Handling Speed (#/second): 0
Avialable Sending Queue Items: 256
Total Sending Queue Items: 256

2018-01-29 17:03:34,947 Performance - ---------------------------------------------------
CPU Usage: 0.01%, Physical Memory Usage: 95,617,024.00, Total Thread Count: 33
AvailableWorkingThreads: 2046, AvailableCompletionPortThreads: 1000
MaxWorkingThreads: 2047, MaxCompletionPortThreads: 1000
LISTServer ----------------------------------
Started Time: 2018/1/29 16:40:21
Is Running: True
Total Connections: 0
Maximum Allowed Connection Number: 1000
Total Handled Requests: 43
Request Handling Speed (#/second): 0
Avialable Sending Queue Items: 256
Total Sending Queue Items: 256

2018-01-29 17:04:46,692 Performance - ---------------------------------------------------
CPU Usage: 0.05%, Physical Memory Usage: 97,067,008.00, Total Thread Count: 34
AvailableWorkingThreads: 2043, AvailableCompletionPortThreads: 1000
MaxWorkingThreads: 2047, MaxCompletionPortThreads: 1000
LISTServer ----------------------------------
Started Time: 2018/1/29 16:40:21
Is Running: True
Total Connections: 1
Maximum Allowed Connection Number: 1000
Total Handled Requests: 43
Request Handling Speed (#/second): 0
Avialable Sending Queue Items: 255
Total Sending Queue Items: 256

2018-01-29 17:06:02,569 Performance - ---------------------------------------------------
CPU Usage: 0.04%, Physical Memory Usage: 98,541,568.00, Total Thread Count: 37
AvailableWorkingThreads: 2043, AvailableCompletionPortThreads: 998
MaxWorkingThreads: 2047, MaxCompletionPortThreads: 1000
LISTServer ----------------------------------
Started Time: 2018/1/29 16:40:21
Is Running: True
Total Connections: 2
Maximum Allowed Connection Number: 1000
Total Handled Requests: 44
Request Handling Speed (#/second): 0
Avialable Sending Queue Items: 253
Total Sending Queue Items: 256

2018-01-29 17:07:02,553 Performance - ---------------------------------------------------
CPU Usage: 0.02%, Physical Memory Usage: 95,870,976.00, Total Thread Count: 34
AvailableWorkingThreads: 2044, AvailableCompletionPortThreads: 1000
MaxWorkingThreads: 2047, MaxCompletionPortThreads: 1000
LISTServer ----------------------------------
Started Time: 2018/1/29 16:40:21
Is Running: True
Total Connections: 0
Maximum Allowed Connection Number: 1000
Total Handled Requests: 45
Request Handling Speed (#/second): 0
Avialable Sending Queue Items: 256
Total Sending Queue Items: 256

2018-01-29 17:08:02,542 Performance - ---------------------------------------------------
CPU Usage: 0.03%, Physical Memory Usage: 96,002,048.00, Total Thread Count: 33
AvailableWorkingThreads: 2046, AvailableCompletionPortThreads: 1000
MaxWorkingThreads: 2047, MaxCompletionPortThreads: 1000
LISTServer ----------------------------------
Started Time: 2018/1/29 16:40:21
Is Running: True
Total Connections: 0
Maximum Allowed Connection Number: 1000
Total Handled Requests: 45
Request Handling Speed (#/second): 0
Avialable Sending Queue Items: 256
Total Sending Queue Items: 256

2018-01-29 17:09:02,555 Performance - ---------------------------------------------------
CPU Usage: 0.01%, Physical Memory Usage: 96,309,248.00, Total Thread Count: 33
AvailableWorkingThreads: 2046, AvailableCompletionPortThreads: 1000
MaxWorkingThreads: 2047, MaxCompletionPortThreads: 1000
LISTServer ----------------------------------
Started Time: 2018/1/29 16:40:21
Is Running: True
Total Connections: 0
Maximum Allowed Connection Number: 1000
Total Handled Requests: 45
Request Handling Speed (#/second): 0
Avialable Sending Queue Items: 256
Total Sending Queue Items: 256

2018-01-29 17:10:02,555 Performance - ---------------------------------------------------
CPU Usage: 0.01%, Physical Memory Usage: 96,526,336.00, Total Thread Count: 33
AvailableWorkingThreads: 2046, AvailableCompletionPortThreads: 1000
MaxWorkingThreads: 2047, MaxCompletionPortThreads: 1000
LISTServer ----------------------------------
Started Time: 2018/1/29 16:40:21
Is Running: True
Total Connections: 0
Maximum Allowed Connection Number: 1000
Total Handled Requests: 45
Request Handling Speed (#/second): 0
Avialable Sending Queue Items: 256
Total Sending Queue Items: 256

2018-01-29 17:11:02,582 Performance - ---------------------------------------------------
CPU Usage: 0.01%, Physical Memory Usage: 97,517,568.00, Total Thread Count: 33
AvailableWorkingThreads: 2046, AvailableCompletionPortThreads: 1000
MaxWorkingThreads: 2047, MaxCompletionPortThreads: 1000
LISTServer ----------------------------------
Started Time: 2018/1/29 16:40:21
Is Running: True
Total Connections: 0
Maximum Allowed Connection Number: 1000
Total Handled Requests: 45
Request Handling Speed (#/second): 0
Avialable Sending Queue Items: 256
Total Sending Queue Items: 256

2018-01-29 17:12:02,560 Performance - ---------------------------------------------------
CPU Usage: 0.00%, Physical Memory Usage: 97,562,624.00, Total Thread Count: 33
AvailableWorkingThreads: 2046, AvailableCompletionPortThreads: 1000
MaxWorkingThreads: 2047, MaxCompletionPortThreads: 1000
LISTServer ----------------------------------
Started Time: 2018/1/29 16:40:21
Is Running: True
Total Connections: 0
Maximum Allowed Connection Number: 1000
Total Handled Requests: 45
Request Handling Speed (#/second): 0
Avialable Sending Queue Items: 256
Total Sending Queue Items: 256

2018-01-29 17:13:02,573 Performance - ---------------------------------------------------
CPU Usage: 0.01%, Physical Memory Usage: 91,947,008.00, Total Thread Count: 33
AvailableWorkingThreads: 2046, AvailableCompletionPortThreads: 1000
MaxWorkingThreads: 2047, MaxCompletionPortThreads: 1000
LISTServer ----------------------------------
Started Time: 2018/1/29 16:40:21
Is Running: True
Total Connections: 0
Maximum Allowed Connection Number: 1000
Total Handled Requests: 45
Request Handling Speed (#/second): 0
Avialable Sending Queue Items: 256
Total Sending Queue Items: 256

2018-01-29 17:14:02,573 Performance - ---------------------------------------------------
CPU Usage: 0.01%, Physical Memory Usage: 86,130,688.00, Total Thread Count: 33
AvailableWorkingThreads: 2046, AvailableCompletionPortThreads: 1000
MaxWorkingThreads: 2047, MaxCompletionPortThreads: 1000
LISTServer ----------------------------------
Started Time: 2018/1/29 16:40:21
Is Running: True
Total Connections: 0
Maximum Allowed Connection Number: 1000
Total Handled Requests: 45
Request Handling Speed (#/second): 0
Avialable Sending Queue Items: 256
Total Sending Queue Items: 256

2018-01-29 17:15:02,595 Performance - ---------------------------------------------------
CPU Usage: 0.01%, Physical Memory Usage: 86,544,384.00, Total Thread Count: 33
AvailableWorkingThreads: 2046, AvailableCompletionPortThreads: 1000
MaxWorkingThreads: 2047, MaxCompletionPortThreads: 1000
LISTServer ----------------------------------
Started Time: 2018/1/29 16:40:21
Is Running: True
Total Connections: 0
Maximum Allowed Connection Number: 1000
Total Handled Requests: 45
Request Handling Speed (#/second): 0
Avialable Sending Queue Items: 256
Total Sending Queue Items: 256

2018-01-29 17:16:02,588 Performance - ---------------------------------------------------
CPU Usage: 0.04%, Physical Memory Usage: 87,289,856.00, Total Thread Count: 33
AvailableWorkingThreads: 2046, AvailableCompletionPortThreads: 1000
MaxWorkingThreads: 2047, MaxCompletionPortThreads: 1000
LISTServer ----------------------------------
Started Time: 2018/1/29 16:40:21
Is Running: True
Total Connections: 0
Maximum Allowed Connection Number: 1000
Total Handled Requests: 45
Request Handling Speed (#/second): 0
Avialable Sending Queue Items: 256
Total Sending Queue Items: 256

2018-01-29 17:17:02,587 Performance - ---------------------------------------------------
CPU Usage: 0.01%, Physical Memory Usage: 87,642,112.00, Total Thread Count: 33
AvailableWorkingThreads: 2046, AvailableCompletionPortThreads: 1000
MaxWorkingThreads: 2047, MaxCompletionPortThreads: 1000
LISTServer ----------------------------------
Started Time: 2018/1/29 16:40:21
Is Running: True
Total Connections: 0
Maximum Allowed Connection Number: 1000
Total Handled Requests: 45
Request Handling Speed (#/second): 0
Avialable Sending Queue Items: 256
Total Sending Queue Items: 256

2018-01-29 17:18:02,613 Performance - ---------------------------------------------------
CPU Usage: 0.01%, Physical Memory Usage: 88,846,336.00, Total Thread Count: 33
AvailableWorkingThreads: 2046, AvailableCompletionPortThreads: 1000
MaxWorkingThreads: 2047, MaxCompletionPortThreads: 1000
LISTServer ----------------------------------
Started Time: 2018/1/29 16:40:21
Is Running: True
Total Connections: 0
Maximum Allowed Connection Number: 1000
Total Handled Requests: 45
Request Handling Speed (#/second): 0
Avialable Sending Queue Items: 256
Total Sending Queue Items: 256

2018-01-29 17:19:02,606 Performance - ---------------------------------------------------
CPU Usage: 0.01%, Physical Memory Usage: 89,382,912.00, Total Thread Count: 33
AvailableWorkingThreads: 2046, AvailableCompletionPortThreads: 1000
MaxWorkingThreads: 2047, MaxCompletionPortThreads: 1000
LISTServer ----------------------------------
Started Time: 2018/1/29 16:40:21
Is Running: True
Total Connections: 0
Maximum Allowed Connection Number: 1000
Total Handled Requests: 45
Request Handling Speed (#/second): 0
Avialable Sending Queue Items: 256
Total Sending Queue Items: 256

2018-01-29 17:20:02,603 Performance - ---------------------------------------------------
CPU Usage: 0.01%, Physical Memory Usage: 89,608,192.00, Total Thread Count: 33
AvailableWorkingThreads: 2046, AvailableCompletionPortThreads: 1000
MaxWorkingThreads: 2047, MaxCompletionPortThreads: 1000
LISTServer ----------------------------------
Started Time: 2018/1/29 16:40:21
Is Running: True
Total Connections: 0
Maximum Allowed Connection Number: 1000
Total Handled Requests: 45
Request Handling Speed (#/second): 0
Avialable Sending Queue Items: 256
Total Sending Queue Items: 256

2018-01-29 17:21:02,617 Performance - ---------------------------------------------------
CPU Usage: 0.01%, Physical Memory Usage: 89,882,624.00, Total Thread Count: 33
AvailableWorkingThreads: 2046, AvailableCompletionPortThreads: 1000
MaxWorkingThreads: 2047, MaxCompletionPortThreads: 1000
LISTServer ----------------------------------
Started Time: 2018/1/29 16:40:21
Is Running: True
Total Connections: 0
Maximum Allowed Connection Number: 1000
Total Handled Requests: 45
Request Handling Speed (#/second): 0
Avialable Sending Queue Items: 256
Total Sending Queue Items: 256

2018-01-29 17:22:02,618 Performance - ---------------------------------------------------
CPU Usage: 0.02%, Physical Memory Usage: 90,370,048.00, Total Thread Count: 35
AvailableWorkingThreads: 2046, AvailableCompletionPortThreads: 1000
MaxWorkingThreads: 2047, MaxCompletionPortThreads: 1000
LISTServer ----------------------------------
Started Time: 2018/1/29 16:40:21
Is Running: True
Total Connections: 0
Maximum Allowed Connection Number: 1000
Total Handled Requests: 55
Request Handling Speed (#/second): 0
Avialable Sending Queue Items: 256
Total Sending Queue Items: 256

2018-01-29 17:23:02,627 Performance - ---------------------------------------------------
CPU Usage: 0.03%, Physical Memory Usage: 86,691,840.00, Total Thread Count: 33
AvailableWorkingThreads: 2046, AvailableCompletionPortThreads: 1000
MaxWorkingThreads: 2047, MaxCompletionPortThreads: 1000
LISTServer ----------------------------------
Started Time: 2018/1/29 16:40:21
Is Running: True
Total Connections: 0
Maximum Allowed Connection Number: 1000
Total Handled Requests: 55
Request Handling Speed (#/second): 0
Avialable Sending Queue Items: 256
Total Sending Queue Items: 256

2018-01-29 17:24:02,635 Performance - ---------------------------------------------------
CPU Usage: 0.00%, Physical Memory Usage: 84,238,336.00, Total Thread Count: 33
AvailableWorkingThreads: 2046, AvailableCompletionPortThreads: 1000
MaxWorkingThreads: 2047, MaxCompletionPortThreads: 1000
LISTServer ----------------------------------
Started Time: 2018/1/29 16:40:21
Is Running: True
Total Connections: 0
Maximum Allowed Connection Number: 1000
Total Handled Requests: 55
Request Handling Speed (#/second): 0
Avialable Sending Queue Items: 256
Total Sending Queue Items: 256

2018-01-29 17:25:02,639 Performance - ---------------------------------------------------
CPU Usage: 0.01%, Physical Memory Usage: 84,414,464.00, Total Thread Count: 34
AvailableWorkingThreads: 2046, AvailableCompletionPortThreads: 1000
MaxWorkingThreads: 2047, MaxCompletionPortThreads: 1000
LISTServer ----------------------------------
Started Time: 2018/1/29 16:40:21
Is Running: True
Total Connections: 0
Maximum Allowed Connection Number: 1000
Total Handled Requests: 55
Request Handling Speed (#/second): 0
Avialable Sending Queue Items: 256
Total Sending Queue Items: 256

2018-01-29 17:26:02,649 Performance - ---------------------------------------------------
CPU Usage: 0.02%, Physical Memory Usage: 84,746,240.00, Total Thread Count: 35
AvailableWorkingThreads: 2046, AvailableCompletionPortThreads: 1000
MaxWorkingThreads: 2047, MaxCompletionPortThreads: 1000
LISTServer ----------------------------------
Started Time: 2018/1/29 16:40:21
Is Running: True
Total Connections: 0
Maximum Allowed Connection Number: 1000
Total Handled Requests: 57
Request Handling Speed (#/second): 0
Avialable Sending Queue Items: 256
Total Sending Queue Items: 256

2018-01-29 17:28:02,617 Performance - ---------------------------------------------------
CPU Usage: 0.04%, Physical Memory Usage: 85,504,000.00, Total Thread Count: 37
AvailableWorkingThreads: 2043, AvailableCompletionPortThreads: 998
MaxWorkingThreads: 2047, MaxCompletionPortThreads: 1000
LISTServer ----------------------------------
Started Time: 2018/1/29 16:40:21
Is Running: True
Total Connections: 0
Maximum Allowed Connection Number: 1000
Total Handled Requests: 58
Request Handling Speed (#/second): 0
Avialable Sending Queue Items: 256
Total Sending Queue Items: 256

2018-01-29 17:29:02,587 Performance - ---------------------------------------------------
CPU Usage: 0.01%, Physical Memory Usage: 86,130,688.00, Total Thread Count: 37
AvailableWorkingThreads: 2046, AvailableCompletionPortThreads: 1000
MaxWorkingThreads: 2047, MaxCompletionPortThreads: 1000
LISTServer ----------------------------------
Started Time: 2018/1/29 16:40:21
Is Running: True
Total Connections: 0
Maximum Allowed Connection Number: 1000
Total Handled Requests: 58
Request Handling Speed (#/second): 0
Avialable Sending Queue Items: 256
Total Sending Queue Items: 256

2018-01-29 17:30:02,586 Performance - ---------------------------------------------------
CPU Usage: 0.01%, Physical Memory Usage: 86,351,872.00, Total Thread Count: 35
AvailableWorkingThreads: 2046, AvailableCompletionPortThreads: 1000
MaxWorkingThreads: 2047, MaxCompletionPortThreads: 1000
LISTServer ----------------------------------
Started Time: 2018/1/29 16:40:21
Is Running: True
Total Connections: 0
Maximum Allowed Connection Number: 1000
Total Handled Requests: 58
Request Handling Speed (#/second): 0
Avialable Sending Queue Items: 256
Total Sending Queue Items: 256

2018-01-29 17:31:02,604 Performance - ---------------------------------------------------
CPU Usage: 0.02%, Physical Memory Usage: 86,585,344.00, Total Thread Count: 35
AvailableWorkingThreads: 2046, AvailableCompletionPortThreads: 1000
MaxWorkingThreads: 2047, MaxCompletionPortThreads: 1000
LISTServer ----------------------------------
Started Time: 2018/1/29 16:40:21
Is Running: True
Total Connections: 0
Maximum Allowed Connection Number: 1000
Total Handled Requests: 58
Request Handling Speed (#/second): 0
Avialable Sending Queue Items: 256
Total Sending Queue Items: 256

2018-01-29 17:32:02,602 Performance - ---------------------------------------------------
CPU Usage: 0.01%, Physical Memory Usage: 87,154,688.00, Total Thread Count: 36
AvailableWorkingThreads: 2046, AvailableCompletionPortThreads: 1000
MaxWorkingThreads: 2047, MaxCompletionPortThreads: 1000
LISTServer ----------------------------------
Started Time: 2018/1/29 16:40:21
Is Running: True
Total Connections: 0
Maximum Allowed Connection Number: 1000
Total Handled Requests: 58
Request Handling Speed (#/second): 0
Avialable Sending Queue Items: 256
Total Sending Queue Items: 256

2018-01-29 17:33:02,620 Performance - ---------------------------------------------------
CPU Usage: 0.01%, Physical Memory Usage: 87,474,176.00, Total Thread Count: 36
AvailableWorkingThreads: 2046, AvailableCompletionPortThreads: 1000
MaxWorkingThreads: 2047, MaxCompletionPortThreads: 1000
LISTServer ----------------------------------
Started Time: 2018/1/29 16:40:21
Is Running: True
Total Connections: 0
Maximum Allowed Connection Number: 1000
Total Handled Requests: 58
Request Handling Speed (#/second): 0
Avialable Sending Queue Items: 256
Total Sending Queue Items: 256

2018-01-29 17:34:02,623 Performance - ---------------------------------------------------
CPU Usage: 0.01%, Physical Memory Usage: 83,382,272.00, Total Thread Count: 36
AvailableWorkingThreads: 2046, AvailableCompletionPortThreads: 1000
MaxWorkingThreads: 2047, MaxCompletionPortThreads: 1000
LISTServer ----------------------------------
Started Time: 2018/1/29 16:40:21
Is Running: True
Total Connections: 0
Maximum Allowed Connection Number: 1000
Total Handled Requests: 58
Request Handling Speed (#/second): 0
Avialable Sending Queue Items: 256
Total Sending Queue Items: 256

2018-01-29 17:35:02,619 Performance - ---------------------------------------------------
CPU Usage: 0.01%, Physical Memory Usage: 83,509,248.00, Total Thread Count: 36
AvailableWorkingThreads: 2046, AvailableCompletionPortThreads: 1000
MaxWorkingThreads: 2047, MaxCompletionPortThreads: 1000
LISTServer ----------------------------------
Started Time: 2018/1/29 16:40:21
Is Running: True
Total Connections: 0
Maximum Allowed Connection Number: 1000
Total Handled Requests: 60
Request Handling Speed (#/second): 0
Avialable Sending Queue Items: 256
Total Sending Queue Items: 256

2018-01-29 17:36:02,621 Performance - ---------------------------------------------------
CPU Usage: 0.01%, Physical Memory Usage: 84,099,072.00, Total Thread Count: 34
AvailableWorkingThreads: 2046, AvailableCompletionPortThreads: 1000
MaxWorkingThreads: 2047, MaxCompletionPortThreads: 1000
LISTServer ----------------------------------
Started Time: 2018/1/29 16:40:21
Is Running: True
Total Connections: 0
Maximum Allowed Connection Number: 1000
Total Handled Requests: 60
Request Handling Speed (#/second): 0
Avialable Sending Queue Items: 256
Total Sending Queue Items: 256

2018-01-29 17:37:02,880 Performance - ---------------------------------------------------
CPU Usage: 0.02%, Physical Memory Usage: 84,733,952.00, Total Thread Count: 38
AvailableWorkingThreads: 2040, AvailableCompletionPortThreads: 1000
MaxWorkingThreads: 2047, MaxCompletionPortThreads: 1000
LISTServer ----------------------------------
Started Time: 2018/1/29 16:40:21
Is Running: True
Total Connections: 1
Maximum Allowed Connection Number: 1000
Total Handled Requests: 60
Request Handling Speed (#/second): 0
Avialable Sending Queue Items: 255
Total Sending Queue Items: 256

2018-01-29 17:37:47,248 Performance - ---------------------------------------------------
CPU Usage: 0.00%, Physical Memory Usage: 45,858,816.00, Total Thread Count: 29
AvailableWorkingThreads: 2046, AvailableCompletionPortThreads: 1000
MaxWorkingThreads: 2047, MaxCompletionPortThreads: 1000
LISTServer ----------------------------------
Started Time: 2018/1/29 17:37:47
Is Running: True
Total Connections: 0
Maximum Allowed Connection Number: 1000
Total Handled Requests: 0
Request Handling Speed (#/second): 0
Avialable Sending Queue Items: 256
Total Sending Queue Items: 256

2018-01-29 17:38:56,144 Performance - ---------------------------------------------------
CPU Usage: 0.02%, Physical Memory Usage: 51,769,344.00, Total Thread Count: 36
AvailableWorkingThreads: 2043, AvailableCompletionPortThreads: 1000
MaxWorkingThreads: 2047, MaxCompletionPortThreads: 1000
LISTServer ----------------------------------
Started Time: 2018/1/29 17:37:47
Is Running: True
Total Connections: 0
Maximum Allowed Connection Number: 1000
Total Handled Requests: 0
Request Handling Speed (#/second): 0
Avialable Sending Queue Items: 256
Total Sending Queue Items: 256

2018-01-29 17:39:48,853 Performance - ---------------------------------------------------
CPU Usage: 0.03%, Physical Memory Usage: 52,166,656.00, Total Thread Count: 33
AvailableWorkingThreads: 2046, AvailableCompletionPortThreads: 1000
MaxWorkingThreads: 2047, MaxCompletionPortThreads: 1000
LISTServer ----------------------------------
Started Time: 2018/1/29 17:37:47
Is Running: True
Total Connections: 0
Maximum Allowed Connection Number: 1000
Total Handled Requests: 0
Request Handling Speed (#/second): 0
Avialable Sending Queue Items: 256
Total Sending Queue Items: 256

2018-01-29 17:44:30,285 Performance - ---------------------------------------------------
CPU Usage: 0.00%, Physical Memory Usage: 46,440,448.00, Total Thread Count: 29
AvailableWorkingThreads: 2046, AvailableCompletionPortThreads: 1000
MaxWorkingThreads: 2047, MaxCompletionPortThreads: 1000
LISTServer ----------------------------------
Started Time: 2018/1/29 17:44:30
Is Running: True
Total Connections: 0
Maximum Allowed Connection Number: 1000
Total Handled Requests: 0
Request Handling Speed (#/second): 0
Avialable Sending Queue Items: 256
Total Sending Queue Items: 256

2018-01-29 17:45:35,093 Performance - ---------------------------------------------------
CPU Usage: 0.36%, Physical Memory Usage: 59,514,880.00, Total Thread Count: 36
AvailableWorkingThreads: 2044, AvailableCompletionPortThreads: 1000
MaxWorkingThreads: 2047, MaxCompletionPortThreads: 1000
LISTServer ----------------------------------
Started Time: 2018/1/29 17:44:30
Is Running: True
Total Connections: 1
Maximum Allowed Connection Number: 1000
Total Handled Requests: 0
Request Handling Speed (#/second): 0
Avialable Sending Queue Items: 255
Total Sending Queue Items: 256

2018-01-29 17:46:34,543 Performance - ---------------------------------------------------
CPU Usage: 0.24%, Physical Memory Usage: 74,981,376.00, Total Thread Count: 36
AvailableWorkingThreads: 2046, AvailableCompletionPortThreads: 1000
MaxWorkingThreads: 2047, MaxCompletionPortThreads: 1000
LISTServer ----------------------------------
Started Time: 2018/1/29 17:44:30
Is Running: True
Total Connections: 0
Maximum Allowed Connection Number: 1000
Total Handled Requests: 1
Request Handling Speed (#/second): 0
Avialable Sending Queue Items: 256
Total Sending Queue Items: 256

2018-01-29 17:51:05,786 Performance - ---------------------------------------------------
CPU Usage: 0.01%, Physical Memory Usage: 75,534,336.00, Total Thread Count: 34
AvailableWorkingThreads: 2043, AvailableCompletionPortThreads: 1000
MaxWorkingThreads: 2047, MaxCompletionPortThreads: 1000
LISTServer ----------------------------------
Started Time: 2018/1/29 17:44:30
Is Running: True
Total Connections: 0
Maximum Allowed Connection Number: 1000
Total Handled Requests: 1
Request Handling Speed (#/second): 0
Avialable Sending Queue Items: 256
Total Sending Queue Items: 256

2018-01-29 17:55:56,548 Performance - ---------------------------------------------------
CPU Usage: 0.00%, Physical Memory Usage: 44,396,544.00, Total Thread Count: 29
AvailableWorkingThreads: 2046, AvailableCompletionPortThreads: 1000
MaxWorkingThreads: 2047, MaxCompletionPortThreads: 1000
LISTServer ----------------------------------
Started Time: 2018/1/29 17:55:56
Is Running: True
Total Connections: 0
Maximum Allowed Connection Number: 1000
Total Handled Requests: 0
Request Handling Speed (#/second): 0
Avialable Sending Queue Items: 256
Total Sending Queue Items: 256

2018-01-29 17:57:34,621 Performance - ---------------------------------------------------
CPU Usage: 0.26%, Physical Memory Usage: 61,100,032.00, Total Thread Count: 36
AvailableWorkingThreads: 2044, AvailableCompletionPortThreads: 1000
MaxWorkingThreads: 2047, MaxCompletionPortThreads: 1000
LISTServer ----------------------------------
Started Time: 2018/1/29 17:55:56
Is Running: True
Total Connections: 1
Maximum Allowed Connection Number: 1000
Total Handled Requests: 0
Request Handling Speed (#/second): 0
Avialable Sending Queue Items: 255
Total Sending Queue Items: 256

2018-01-29 17:58:34,203 Performance - ---------------------------------------------------
CPU Usage: 0.22%, Physical Memory Usage: 75,165,696.00, Total Thread Count: 36
AvailableWorkingThreads: 2046, AvailableCompletionPortThreads: 1000
MaxWorkingThreads: 2047, MaxCompletionPortThreads: 1000
LISTServer ----------------------------------
Started Time: 2018/1/29 17:55:56
Is Running: True
Total Connections: 0
Maximum Allowed Connection Number: 1000
Total Handled Requests: 1
Request Handling Speed (#/second): 0
Avialable Sending Queue Items: 256
Total Sending Queue Items: 256

2018-01-29 17:59:41,262 Performance - ---------------------------------------------------
CPU Usage: 0.04%, Physical Memory Usage: 75,538,432.00, Total Thread Count: 38
AvailableWorkingThreads: 2045, AvailableCompletionPortThreads: 1000
MaxWorkingThreads: 2047, MaxCompletionPortThreads: 1000
LISTServer ----------------------------------
Started Time: 2018/1/29 17:55:56
Is Running: True
Total Connections: 1
Maximum Allowed Connection Number: 1000
Total Handled Requests: 1
Request Handling Speed (#/second): 0
Avialable Sending Queue Items: 255
Total Sending Queue Items: 256

2018-01-29 18:00:34,734 Performance - ---------------------------------------------------
CPU Usage: 0.06%, Physical Memory Usage: 75,890,688.00, Total Thread Count: 37
AvailableWorkingThreads: 2046, AvailableCompletionPortThreads: 1000
MaxWorkingThreads: 2047, MaxCompletionPortThreads: 1000
LISTServer ----------------------------------
Started Time: 2018/1/29 17:55:56
Is Running: True
Total Connections: 0
Maximum Allowed Connection Number: 1000
Total Handled Requests: 1
Request Handling Speed (#/second): 0
Avialable Sending Queue Items: 256
Total Sending Queue Items: 256

2018-01-29 18:01:34,754 Performance - ---------------------------------------------------
CPU Usage: 0.01%, Physical Memory Usage: 77,324,288.00, Total Thread Count: 37
AvailableWorkingThreads: 2046, AvailableCompletionPortThreads: 1000
MaxWorkingThreads: 2047, MaxCompletionPortThreads: 1000
LISTServer ----------------------------------
Started Time: 2018/1/29 17:55:56
Is Running: True
Total Connections: 0
Maximum Allowed Connection Number: 1000
Total Handled Requests: 1
Request Handling Speed (#/second): 0
Avialable Sending Queue Items: 256
Total Sending Queue Items: 256

2018-01-29 18:02:34,760 Performance - ---------------------------------------------------
CPU Usage: 0.00%, Physical Memory Usage: 77,922,304.00, Total Thread Count: 36
AvailableWorkingThreads: 2046, AvailableCompletionPortThreads: 1000
MaxWorkingThreads: 2047, MaxCompletionPortThreads: 1000
LISTServer ----------------------------------
Started Time: 2018/1/29 17:55:56
Is Running: True
Total Connections: 0
Maximum Allowed Connection Number: 1000
Total Handled Requests: 1
Request Handling Speed (#/second): 0
Avialable Sending Queue Items: 256
Total Sending Queue Items: 256

2018-01-29 18:03:34,761 Performance - ---------------------------------------------------
CPU Usage: 0.02%, Physical Memory Usage: 78,966,784.00, Total Thread Count: 37
AvailableWorkingThreads: 2046, AvailableCompletionPortThreads: 1000
MaxWorkingThreads: 2047, MaxCompletionPortThreads: 1000
LISTServer ----------------------------------
Started Time: 2018/1/29 17:55:56
Is Running: True
Total Connections: 0
Maximum Allowed Connection Number: 1000
Total Handled Requests: 1
Request Handling Speed (#/second): 0
Avialable Sending Queue Items: 256
Total Sending Queue Items: 256

2018-01-29 18:07:15,769 Performance - ---------------------------------------------------
CPU Usage: 0.00%, Physical Memory Usage: 47,411,200.00, Total Thread Count: 25
AvailableWorkingThreads: 2046, AvailableCompletionPortThreads: 1000
MaxWorkingThreads: 2047, MaxCompletionPortThreads: 1000
LISTServer ----------------------------------
Started Time: 2018/1/29 18:07:15
Is Running: True
Total Connections: 0
Maximum Allowed Connection Number: 1000
Total Handled Requests: 0
Request Handling Speed (#/second): 0
Avialable Sending Queue Items: 256
Total Sending Queue Items: 256

2018-01-29 18:08:21,616 Performance - ---------------------------------------------------
CPU Usage: 0.34%, Physical Memory Usage: 63,692,800.00, Total Thread Count: 36
AvailableWorkingThreads: 2043, AvailableCompletionPortThreads: 1000
MaxWorkingThreads: 2047, MaxCompletionPortThreads: 1000
LISTServer ----------------------------------
Started Time: 2018/1/29 18:07:15
Is Running: True
Total Connections: 1
Maximum Allowed Connection Number: 1000
Total Handled Requests: 0
Request Handling Speed (#/second): 0
Avialable Sending Queue Items: 255
Total Sending Queue Items: 256

2018-01-29 18:09:29,441 Performance - ---------------------------------------------------
CPU Usage: 0.20%, Physical Memory Usage: 79,368,192.00, Total Thread Count: 37
AvailableWorkingThreads: 2043, AvailableCompletionPortThreads: 1000
MaxWorkingThreads: 2047, MaxCompletionPortThreads: 1000
LISTServer ----------------------------------
Started Time: 2018/1/29 18:07:15
Is Running: True
Total Connections: 1
Maximum Allowed Connection Number: 1000
Total Handled Requests: 1
Request Handling Speed (#/second): 0
Avialable Sending Queue Items: 255
Total Sending Queue Items: 256

2018-01-29 18:10:51,590 Performance - ---------------------------------------------------
CPU Usage: 0.01%, Physical Memory Usage: 79,863,808.00, Total Thread Count: 38
AvailableWorkingThreads: 2043, AvailableCompletionPortThreads: 1000
MaxWorkingThreads: 2047, MaxCompletionPortThreads: 1000
LISTServer ----------------------------------
Started Time: 2018/1/29 18:07:15
Is Running: True
Total Connections: 1
Maximum Allowed Connection Number: 1000
Total Handled Requests: 2
Request Handling Speed (#/second): 0
Avialable Sending Queue Items: 255
Total Sending Queue Items: 256

2018-01-29 18:11:47,965 Performance - ---------------------------------------------------
CPU Usage: 0.00%, Physical Memory Usage: 46,960,640.00, Total Thread Count: 25
AvailableWorkingThreads: 2046, AvailableCompletionPortThreads: 1000
MaxWorkingThreads: 2047, MaxCompletionPortThreads: 1000
LISTServer ----------------------------------
Started Time: 2018/1/29 18:11:47
Is Running: True
Total Connections: 0
Maximum Allowed Connection Number: 1000
Total Handled Requests: 0
Request Handling Speed (#/second): 0
Avialable Sending Queue Items: 256
Total Sending Queue Items: 256

2018-01-29 18:16:26,889 Performance - ---------------------------------------------------
CPU Usage: 0.00%, Physical Memory Usage: 47,099,904.00, Total Thread Count: 25
AvailableWorkingThreads: 2046, AvailableCompletionPortThreads: 1000
MaxWorkingThreads: 2047, MaxCompletionPortThreads: 1000
LISTServer ----------------------------------
Started Time: 2018/1/29 18:16:26
Is Running: True
Total Connections: 0
Maximum Allowed Connection Number: 1000
Total Handled Requests: 0
Request Handling Speed (#/second): 0
Avialable Sending Queue Items: 256
Total Sending Queue Items: 256

2018-01-29 18:17:26,848 Performance - ---------------------------------------------------
CPU Usage: 0.62%, Physical Memory Usage: 77,557,760.00, Total Thread Count: 40
AvailableWorkingThreads: 2046, AvailableCompletionPortThreads: 1000
MaxWorkingThreads: 2047, MaxCompletionPortThreads: 1000
LISTServer ----------------------------------
Started Time: 2018/1/29 18:16:26
Is Running: True
Total Connections: 1
Maximum Allowed Connection Number: 1000
Total Handled Requests: 1
Request Handling Speed (#/second): 0
Avialable Sending Queue Items: 255
Total Sending Queue Items: 256

2018-01-29 18:18:43,360 Performance - ---------------------------------------------------
CPU Usage: 0.02%, Physical Memory Usage: 78,725,120.00, Total Thread Count: 38
AvailableWorkingThreads: 2044, AvailableCompletionPortThreads: 1000
MaxWorkingThreads: 2047, MaxCompletionPortThreads: 1000
LISTServer ----------------------------------
Started Time: 2018/1/29 18:16:26
Is Running: True
Total Connections: 1
Maximum Allowed Connection Number: 1000
Total Handled Requests: 1
Request Handling Speed (#/second): 0
Avialable Sending Queue Items: 255
Total Sending Queue Items: 256

2018-01-29 18:19:44,006 Performance - ---------------------------------------------------
CPU Usage: 0.00%, Physical Memory Usage: 47,058,944.00, Total Thread Count: 25
AvailableWorkingThreads: 2046, AvailableCompletionPortThreads: 1000
MaxWorkingThreads: 2047, MaxCompletionPortThreads: 1000
LISTServer ----------------------------------
Started Time: 2018/1/29 18:19:43
Is Running: True
Total Connections: 0
Maximum Allowed Connection Number: 1000
Total Handled Requests: 0
Request Handling Speed (#/second): 0
Avialable Sending Queue Items: 256
Total Sending Queue Items: 256

2018-01-29 18:20:43,970 Performance - ---------------------------------------------------
CPU Usage: 0.02%, Physical Memory Usage: 48,173,056.00, Total Thread Count: 30
AvailableWorkingThreads: 2045, AvailableCompletionPortThreads: 1000
MaxWorkingThreads: 2047, MaxCompletionPortThreads: 1000
LISTServer ----------------------------------
Started Time: 2018/1/29 18:19:43
Is Running: True
Total Connections: 0
Maximum Allowed Connection Number: 1000
Total Handled Requests: 0
Request Handling Speed (#/second): 0
Avialable Sending Queue Items: 256
Total Sending Queue Items: 256

2018-01-29 18:21:43,971 Performance - ---------------------------------------------------
CPU Usage: 0.59%, Physical Memory Usage: 73,842,688.00, Total Thread Count: 37
AvailableWorkingThreads: 2046, AvailableCompletionPortThreads: 1000
MaxWorkingThreads: 2047, MaxCompletionPortThreads: 1000
LISTServer ----------------------------------
Started Time: 2018/1/29 18:19:43
Is Running: True
Total Connections: 1
Maximum Allowed Connection Number: 1000
Total Handled Requests: 1
Request Handling Speed (#/second): 0
Avialable Sending Queue Items: 255
Total Sending Queue Items: 256

2018-01-29 18:22:43,963 Performance - ---------------------------------------------------
CPU Usage: 0.01%, Physical Memory Usage: 76,488,704.00, Total Thread Count: 38
AvailableWorkingThreads: 2046, AvailableCompletionPortThreads: 1000
MaxWorkingThreads: 2047, MaxCompletionPortThreads: 1000
LISTServer ----------------------------------
Started Time: 2018/1/29 18:19:43
Is Running: True
Total Connections: 0
Maximum Allowed Connection Number: 1000
Total Handled Requests: 1
Request Handling Speed (#/second): 0
Avialable Sending Queue Items: 256
Total Sending Queue Items: 256

2018-01-29 18:23:43,963 Performance - ---------------------------------------------------
CPU Usage: 0.01%, Physical Memory Usage: 76,689,408.00, Total Thread Count: 37
AvailableWorkingThreads: 2046, AvailableCompletionPortThreads: 1000
MaxWorkingThreads: 2047, MaxCompletionPortThreads: 1000
LISTServer ----------------------------------
Started Time: 2018/1/29 18:19:43
Is Running: True
Total Connections: 0
Maximum Allowed Connection Number: 1000
Total Handled Requests: 1
Request Handling Speed (#/second): 0
Avialable Sending Queue Items: 256
Total Sending Queue Items: 256

2018-01-29 18:24:57,420 Performance - ---------------------------------------------------
CPU Usage: 0.19%, Physical Memory Usage: 77,479,936.00, Total Thread Count: 38
AvailableWorkingThreads: 2042, AvailableCompletionPortThreads: 1000
MaxWorkingThreads: 2047, MaxCompletionPortThreads: 1000
LISTServer ----------------------------------
Started Time: 2018/1/29 18:19:43
Is Running: True
Total Connections: 1
Maximum Allowed Connection Number: 1000
Total Handled Requests: 1
Request Handling Speed (#/second): 0
Avialable Sending Queue Items: 255
Total Sending Queue Items: 256

