2018-01-06 16:34:55,833 Performance - ---------------------------------------------------
CPU Usage: 0.00%, Physical Memory Usage: 46,202,880.00, Total Thread Count: 27
AvailableWorkingThreads: 2046, AvailableCompletionPortThreads: 1000
MaxWorkingThreads: 2047, MaxCompletionPortThreads: 1000
LISTServer ----------------------------------
Started Time: 2018/1/6 16:34:55
Is Running: True
Total Connections: 0
Maximum Allowed Connection Number: 1000
Total Handled Requests: 0
Request Handling Speed (#/second): 0
Avialable Sending Queue Items: 256
Total Sending Queue Items: 256

2018-01-06 16:35:55,789 Performance - ---------------------------------------------------
CPU Usage: 0.42%, Physical Memory Usage: 75,886,592.00, Total Thread Count: 42
AvailableWorkingThreads: 2046, AvailableCompletionPortThreads: 1000
MaxWorkingThreads: 2047, MaxCompletionPortThreads: 1000
LISTServer ----------------------------------
Started Time: 2018/1/6 16:34:55
Is Running: True
Total Connections: 2
Maximum Allowed Connection Number: 1000
Total Handled Requests: 31
Request Handling Speed (#/second): 1
Avialable Sending Queue Items: 254
Total Sending Queue Items: 256

2018-01-06 16:36:55,794 Performance - ---------------------------------------------------
CPU Usage: 0.05%, Physical Memory Usage: 76,382,208.00, Total Thread Count: 43
AvailableWorkingThreads: 2046, AvailableCompletionPortThreads: 1000
MaxWorkingThreads: 2047, MaxCompletionPortThreads: 1000
LISTServer ----------------------------------
Started Time: 2018/1/6 16:34:55
Is Running: True
Total Connections: 2
Maximum Allowed Connection Number: 1000
Total Handled Requests: 51
Request Handling Speed (#/second): 0
Avialable Sending Queue Items: 254
Total Sending Queue Items: 256

2018-01-06 16:37:55,792 Performance - ---------------------------------------------------
CPU Usage: 0.03%, Physical Memory Usage: 77,037,568.00, Total Thread Count: 39
AvailableWorkingThreads: 2046, AvailableCompletionPortThreads: 1000
MaxWorkingThreads: 2047, MaxCompletionPortThreads: 1000
LISTServer ----------------------------------
Started Time: 2018/1/6 16:34:55
Is Running: True
Total Connections: 0
Maximum Allowed Connection Number: 1000
Total Handled Requests: 79
Request Handling Speed (#/second): 0
Avialable Sending Queue Items: 256
Total Sending Queue Items: 256

2018-01-06 16:38:55,821 Performance - ---------------------------------------------------
CPU Usage: 0.01%, Physical Memory Usage: 77,676,544.00, Total Thread Count: 40
AvailableWorkingThreads: 2046, AvailableCompletionPortThreads: 1000
MaxWorkingThreads: 2047, MaxCompletionPortThreads: 1000
LISTServer ----------------------------------
Started Time: 2018/1/6 16:34:55
Is Running: True
Total Connections: 0
Maximum Allowed Connection Number: 1000
Total Handled Requests: 79
Request Handling Speed (#/second): 0
Avialable Sending Queue Items: 256
Total Sending Queue Items: 256

2018-01-06 16:39:55,814 Performance - ---------------------------------------------------
CPU Usage: 0.02%, Physical Memory Usage: 74,600,448.00, Total Thread Count: 39
AvailableWorkingThreads: 2046, AvailableCompletionPortThreads: 1000
MaxWorkingThreads: 2047, MaxCompletionPortThreads: 1000
LISTServer ----------------------------------
Started Time: 2018/1/6 16:34:55
Is Running: True
Total Connections: 0
Maximum Allowed Connection Number: 1000
Total Handled Requests: 79
Request Handling Speed (#/second): 0
Avialable Sending Queue Items: 256
Total Sending Queue Items: 256

2018-01-06 16:40:55,808 Performance - ---------------------------------------------------
CPU Usage: 0.02%, Physical Memory Usage: 75,165,696.00, Total Thread Count: 38
AvailableWorkingThreads: 2046, AvailableCompletionPortThreads: 1000
MaxWorkingThreads: 2047, MaxCompletionPortThreads: 1000
LISTServer ----------------------------------
Started Time: 2018/1/6 16:34:55
Is Running: True
Total Connections: 0
Maximum Allowed Connection Number: 1000
Total Handled Requests: 79
Request Handling Speed (#/second): 0
Avialable Sending Queue Items: 256
Total Sending Queue Items: 256

2018-01-06 16:41:55,807 Performance - ---------------------------------------------------
CPU Usage: 0.03%, Physical Memory Usage: 76,300,288.00, Total Thread Count: 39
AvailableWorkingThreads: 2046, AvailableCompletionPortThreads: 1000
MaxWorkingThreads: 2047, MaxCompletionPortThreads: 1000
LISTServer ----------------------------------
Started Time: 2018/1/6 16:34:55
Is Running: True
Total Connections: 0
Maximum Allowed Connection Number: 1000
Total Handled Requests: 81
Request Handling Speed (#/second): 0
Avialable Sending Queue Items: 256
Total Sending Queue Items: 256

2018-01-06 16:42:55,812 Performance - ---------------------------------------------------
CPU Usage: 0.02%, Physical Memory Usage: 78,942,208.00, Total Thread Count: 39
AvailableWorkingThreads: 2046, AvailableCompletionPortThreads: 1000
MaxWorkingThreads: 2047, MaxCompletionPortThreads: 1000
LISTServer ----------------------------------
Started Time: 2018/1/6 16:34:55
Is Running: True
Total Connections: 0
Maximum Allowed Connection Number: 1000
Total Handled Requests: 81
Request Handling Speed (#/second): 0
Avialable Sending Queue Items: 256
Total Sending Queue Items: 256

2018-01-06 16:43:55,827 Performance - ---------------------------------------------------
CPU Usage: 0.03%, Physical Memory Usage: 77,492,224.00, Total Thread Count: 39
AvailableWorkingThreads: 2046, AvailableCompletionPortThreads: 1000
MaxWorkingThreads: 2047, MaxCompletionPortThreads: 1000
LISTServer ----------------------------------
Started Time: 2018/1/6 16:34:55
Is Running: True
Total Connections: 0
Maximum Allowed Connection Number: 1000
Total Handled Requests: 81
Request Handling Speed (#/second): 0
Avialable Sending Queue Items: 256
Total Sending Queue Items: 256

2018-01-06 16:44:55,828 Performance - ---------------------------------------------------
CPU Usage: 0.03%, Physical Memory Usage: 78,012,416.00, Total Thread Count: 38
AvailableWorkingThreads: 2046, AvailableCompletionPortThreads: 1000
MaxWorkingThreads: 2047, MaxCompletionPortThreads: 1000
LISTServer ----------------------------------
Started Time: 2018/1/6 16:34:55
Is Running: True
Total Connections: 0
Maximum Allowed Connection Number: 1000
Total Handled Requests: 81
Request Handling Speed (#/second): 0
Avialable Sending Queue Items: 256
Total Sending Queue Items: 256

2018-01-06 16:45:55,823 Performance - ---------------------------------------------------
CPU Usage: 0.01%, Physical Memory Usage: 78,557,184.00, Total Thread Count: 39
AvailableWorkingThreads: 2046, AvailableCompletionPortThreads: 1000
MaxWorkingThreads: 2047, MaxCompletionPortThreads: 1000
LISTServer ----------------------------------
Started Time: 2018/1/6 16:34:55
Is Running: True
Total Connections: 0
Maximum Allowed Connection Number: 1000
Total Handled Requests: 81
Request Handling Speed (#/second): 0
Avialable Sending Queue Items: 256
Total Sending Queue Items: 256

2018-01-06 16:46:55,833 Performance - ---------------------------------------------------
CPU Usage: 0.02%, Physical Memory Usage: 79,249,408.00, Total Thread Count: 39
AvailableWorkingThreads: 2046, AvailableCompletionPortThreads: 1000
MaxWorkingThreads: 2047, MaxCompletionPortThreads: 1000
LISTServer ----------------------------------
Started Time: 2018/1/6 16:34:55
Is Running: True
Total Connections: 0
Maximum Allowed Connection Number: 1000
Total Handled Requests: 81
Request Handling Speed (#/second): 0
Avialable Sending Queue Items: 256
Total Sending Queue Items: 256

2018-01-06 16:47:55,831 Performance - ---------------------------------------------------
CPU Usage: 0.04%, Physical Memory Usage: 78,876,672.00, Total Thread Count: 39
AvailableWorkingThreads: 2046, AvailableCompletionPortThreads: 1000
MaxWorkingThreads: 2047, MaxCompletionPortThreads: 1000
LISTServer ----------------------------------
Started Time: 2018/1/6 16:34:55
Is Running: True
Total Connections: 0
Maximum Allowed Connection Number: 1000
Total Handled Requests: 81
Request Handling Speed (#/second): 0
Avialable Sending Queue Items: 256
Total Sending Queue Items: 256

2018-01-06 16:48:55,837 Performance - ---------------------------------------------------
CPU Usage: 0.01%, Physical Memory Usage: 79,212,544.00, Total Thread Count: 37
AvailableWorkingThreads: 2046, AvailableCompletionPortThreads: 1000
MaxWorkingThreads: 2047, MaxCompletionPortThreads: 1000
LISTServer ----------------------------------
Started Time: 2018/1/6 16:34:55
Is Running: True
Total Connections: 0
Maximum Allowed Connection Number: 1000
Total Handled Requests: 81
Request Handling Speed (#/second): 0
Avialable Sending Queue Items: 256
Total Sending Queue Items: 256

2018-01-06 16:49:55,845 Performance - ---------------------------------------------------
CPU Usage: 0.05%, Physical Memory Usage: 80,326,656.00, Total Thread Count: 38
AvailableWorkingThreads: 2046, AvailableCompletionPortThreads: 1000
MaxWorkingThreads: 2047, MaxCompletionPortThreads: 1000
LISTServer ----------------------------------
Started Time: 2018/1/6 16:34:55
Is Running: True
Total Connections: 0
Maximum Allowed Connection Number: 1000
Total Handled Requests: 81
Request Handling Speed (#/second): 0
Avialable Sending Queue Items: 256
Total Sending Queue Items: 256

2018-01-06 16:50:55,842 Performance - ---------------------------------------------------
CPU Usage: 0.02%, Physical Memory Usage: 81,891,328.00, Total Thread Count: 39
AvailableWorkingThreads: 2046, AvailableCompletionPortThreads: 1000
MaxWorkingThreads: 2047, MaxCompletionPortThreads: 1000
LISTServer ----------------------------------
Started Time: 2018/1/6 16:34:55
Is Running: True
Total Connections: 0
Maximum Allowed Connection Number: 1000
Total Handled Requests: 81
Request Handling Speed (#/second): 0
Avialable Sending Queue Items: 256
Total Sending Queue Items: 256

2018-01-06 16:51:55,857 Performance - ---------------------------------------------------
CPU Usage: 0.02%, Physical Memory Usage: 81,989,632.00, Total Thread Count: 38
AvailableWorkingThreads: 2046, AvailableCompletionPortThreads: 1000
MaxWorkingThreads: 2047, MaxCompletionPortThreads: 1000
LISTServer ----------------------------------
Started Time: 2018/1/6 16:34:55
Is Running: True
Total Connections: 0
Maximum Allowed Connection Number: 1000
Total Handled Requests: 81
Request Handling Speed (#/second): 0
Avialable Sending Queue Items: 256
Total Sending Queue Items: 256

2018-01-06 16:52:55,866 Performance - ---------------------------------------------------
CPU Usage: 0.03%, Physical Memory Usage: 80,158,720.00, Total Thread Count: 38
AvailableWorkingThreads: 2046, AvailableCompletionPortThreads: 1000
MaxWorkingThreads: 2047, MaxCompletionPortThreads: 1000
LISTServer ----------------------------------
Started Time: 2018/1/6 16:34:55
Is Running: True
Total Connections: 0
Maximum Allowed Connection Number: 1000
Total Handled Requests: 81
Request Handling Speed (#/second): 0
Avialable Sending Queue Items: 256
Total Sending Queue Items: 256

2018-01-06 16:53:55,875 Performance - ---------------------------------------------------
CPU Usage: 0.03%, Physical Memory Usage: 80,273,408.00, Total Thread Count: 38
AvailableWorkingThreads: 2046, AvailableCompletionPortThreads: 1000
MaxWorkingThreads: 2047, MaxCompletionPortThreads: 1000
LISTServer ----------------------------------
Started Time: 2018/1/6 16:34:55
Is Running: True
Total Connections: 0
Maximum Allowed Connection Number: 1000
Total Handled Requests: 81
Request Handling Speed (#/second): 0
Avialable Sending Queue Items: 256
Total Sending Queue Items: 256

2018-01-06 16:54:55,889 Performance - ---------------------------------------------------
CPU Usage: 0.03%, Physical Memory Usage: 80,416,768.00, Total Thread Count: 38
AvailableWorkingThreads: 2046, AvailableCompletionPortThreads: 1000
MaxWorkingThreads: 2047, MaxCompletionPortThreads: 1000
LISTServer ----------------------------------
Started Time: 2018/1/6 16:34:55
Is Running: True
Total Connections: 0
Maximum Allowed Connection Number: 1000
Total Handled Requests: 81
Request Handling Speed (#/second): 0
Avialable Sending Queue Items: 256
Total Sending Queue Items: 256

2018-01-06 16:55:55,883 Performance - ---------------------------------------------------
CPU Usage: 0.02%, Physical Memory Usage: 80,809,984.00, Total Thread Count: 38
AvailableWorkingThreads: 2046, AvailableCompletionPortThreads: 1000
MaxWorkingThreads: 2047, MaxCompletionPortThreads: 1000
LISTServer ----------------------------------
Started Time: 2018/1/6 16:34:55
Is Running: True
Total Connections: 0
Maximum Allowed Connection Number: 1000
Total Handled Requests: 81
Request Handling Speed (#/second): 0
Avialable Sending Queue Items: 256
Total Sending Queue Items: 256

2018-01-06 16:56:55,913 Performance - ---------------------------------------------------
CPU Usage: 0.04%, Physical Memory Usage: 82,948,096.00, Total Thread Count: 39
AvailableWorkingThreads: 2046, AvailableCompletionPortThreads: 1000
MaxWorkingThreads: 2047, MaxCompletionPortThreads: 1000
LISTServer ----------------------------------
Started Time: 2018/1/6 16:34:55
Is Running: True
Total Connections: 2
Maximum Allowed Connection Number: 1000
Total Handled Requests: 129
Request Handling Speed (#/second): 1
Avialable Sending Queue Items: 254
Total Sending Queue Items: 256

2018-01-06 16:57:55,899 Performance - ---------------------------------------------------
CPU Usage: 0.03%, Physical Memory Usage: 83,423,232.00, Total Thread Count: 39
AvailableWorkingThreads: 2046, AvailableCompletionPortThreads: 1000
MaxWorkingThreads: 2047, MaxCompletionPortThreads: 1000
LISTServer ----------------------------------
Started Time: 2018/1/6 16:34:55
Is Running: True
Total Connections: 2
Maximum Allowed Connection Number: 1000
Total Handled Requests: 198
Request Handling Speed (#/second): 1
Avialable Sending Queue Items: 254
Total Sending Queue Items: 256

2018-01-06 16:59:29,457 Performance - ---------------------------------------------------
CPU Usage: 0.03%, Physical Memory Usage: 83,992,576.00, Total Thread Count: 39
AvailableWorkingThreads: 2045, AvailableCompletionPortThreads: 999
MaxWorkingThreads: 2047, MaxCompletionPortThreads: 1000
LISTServer ----------------------------------
Started Time: 2018/1/6 16:34:55
Is Running: True
Total Connections: 2
Maximum Allowed Connection Number: 1000
Total Handled Requests: 291
Request Handling Speed (#/second): 1
Avialable Sending Queue Items: 254
Total Sending Queue Items: 256

2018-01-06 16:59:58,866 Performance - ---------------------------------------------------
CPU Usage: 0.07%, Physical Memory Usage: 84,041,728.00, Total Thread Count: 39
AvailableWorkingThreads: 2044, AvailableCompletionPortThreads: 999
MaxWorkingThreads: 2047, MaxCompletionPortThreads: 1000
LISTServer ----------------------------------
Started Time: 2018/1/6 16:34:55
Is Running: True
Total Connections: 2
Maximum Allowed Connection Number: 1000
Total Handled Requests: 331
Request Handling Speed (#/second): 1
Avialable Sending Queue Items: 254
Total Sending Queue Items: 256

2018-01-06 17:01:26,403 Performance - ---------------------------------------------------
CPU Usage: 0.14%, Physical Memory Usage: 85,094,400.00, Total Thread Count: 45
AvailableWorkingThreads: 2037, AvailableCompletionPortThreads: 998
MaxWorkingThreads: 2047, MaxCompletionPortThreads: 1000
LISTServer ----------------------------------
Started Time: 2018/1/6 16:34:55
Is Running: True
Total Connections: 2
Maximum Allowed Connection Number: 1000
Total Handled Requests: 353
Request Handling Speed (#/second): 0
Avialable Sending Queue Items: 253
Total Sending Queue Items: 256

2018-01-06 17:02:26,333 Performance - ---------------------------------------------------
CPU Usage: 0.13%, Physical Memory Usage: 83,972,096.00, Total Thread Count: 40
AvailableWorkingThreads: 2046, AvailableCompletionPortThreads: 1000
MaxWorkingThreads: 2047, MaxCompletionPortThreads: 1000
LISTServer ----------------------------------
Started Time: 2018/1/6 16:34:55
Is Running: True
Total Connections: 2
Maximum Allowed Connection Number: 1000
Total Handled Requests: 464
Request Handling Speed (#/second): 2
Avialable Sending Queue Items: 254
Total Sending Queue Items: 256

2018-01-06 17:03:26,326 Performance - ---------------------------------------------------
CPU Usage: 0.02%, Physical Memory Usage: 84,688,896.00, Total Thread Count: 40
AvailableWorkingThreads: 2046, AvailableCompletionPortThreads: 1000
MaxWorkingThreads: 2047, MaxCompletionPortThreads: 1000
LISTServer ----------------------------------
Started Time: 2018/1/6 16:34:55
Is Running: True
Total Connections: 2
Maximum Allowed Connection Number: 1000
Total Handled Requests: 524
Request Handling Speed (#/second): 1
Avialable Sending Queue Items: 254
Total Sending Queue Items: 256

2018-01-06 17:04:26,344 Performance - ---------------------------------------------------
CPU Usage: 0.01%, Physical Memory Usage: 85,471,232.00, Total Thread Count: 40
AvailableWorkingThreads: 2046, AvailableCompletionPortThreads: 1000
MaxWorkingThreads: 2047, MaxCompletionPortThreads: 1000
LISTServer ----------------------------------
Started Time: 2018/1/6 16:34:55
Is Running: True
Total Connections: 2
Maximum Allowed Connection Number: 1000
Total Handled Requests: 586
Request Handling Speed (#/second): 1
Avialable Sending Queue Items: 254
Total Sending Queue Items: 256

2018-01-06 17:05:26,387 Performance - ---------------------------------------------------
CPU Usage: 0.03%, Physical Memory Usage: 80,019,456.00, Total Thread Count: 40
AvailableWorkingThreads: 2046, AvailableCompletionPortThreads: 1000
MaxWorkingThreads: 2047, MaxCompletionPortThreads: 1000
LISTServer ----------------------------------
Started Time: 2018/1/6 16:34:55
Is Running: True
Total Connections: 2
Maximum Allowed Connection Number: 1000
Total Handled Requests: 646
Request Handling Speed (#/second): 1
Avialable Sending Queue Items: 254
Total Sending Queue Items: 256

2018-01-06 17:06:26,351 Performance - ---------------------------------------------------
CPU Usage: 0.03%, Physical Memory Usage: 81,133,568.00, Total Thread Count: 40
AvailableWorkingThreads: 2046, AvailableCompletionPortThreads: 1000
MaxWorkingThreads: 2047, MaxCompletionPortThreads: 1000
LISTServer ----------------------------------
Started Time: 2018/1/6 16:34:55
Is Running: True
Total Connections: 2
Maximum Allowed Connection Number: 1000
Total Handled Requests: 706
Request Handling Speed (#/second): 1
Avialable Sending Queue Items: 254
Total Sending Queue Items: 256

2018-01-06 17:07:26,351 Performance - ---------------------------------------------------
CPU Usage: 0.04%, Physical Memory Usage: 78,336,000.00, Total Thread Count: 40
AvailableWorkingThreads: 2046, AvailableCompletionPortThreads: 1000
MaxWorkingThreads: 2047, MaxCompletionPortThreads: 1000
LISTServer ----------------------------------
Started Time: 2018/1/6 16:34:55
Is Running: True
Total Connections: 2
Maximum Allowed Connection Number: 1000
Total Handled Requests: 765
Request Handling Speed (#/second): 1
Avialable Sending Queue Items: 254
Total Sending Queue Items: 256

2018-01-06 17:08:26,353 Performance - ---------------------------------------------------
CPU Usage: 0.01%, Physical Memory Usage: 78,336,000.00, Total Thread Count: 40
AvailableWorkingThreads: 2046, AvailableCompletionPortThreads: 1000
MaxWorkingThreads: 2047, MaxCompletionPortThreads: 1000
LISTServer ----------------------------------
Started Time: 2018/1/6 16:34:55
Is Running: True
Total Connections: 2
Maximum Allowed Connection Number: 1000
Total Handled Requests: 814
Request Handling Speed (#/second): 1
Avialable Sending Queue Items: 254
Total Sending Queue Items: 256

2018-01-06 17:09:26,357 Performance - ---------------------------------------------------
CPU Usage: 0.02%, Physical Memory Usage: 78,372,864.00, Total Thread Count: 37
AvailableWorkingThreads: 2046, AvailableCompletionPortThreads: 1000
MaxWorkingThreads: 2047, MaxCompletionPortThreads: 1000
LISTServer ----------------------------------
Started Time: 2018/1/6 16:34:55
Is Running: True
Total Connections: 2
Maximum Allowed Connection Number: 1000
Total Handled Requests: 844
Request Handling Speed (#/second): 0
Avialable Sending Queue Items: 254
Total Sending Queue Items: 256

2018-01-06 17:10:26,370 Performance - ---------------------------------------------------
CPU Usage: 0.03%, Physical Memory Usage: 76,222,464.00, Total Thread Count: 37
AvailableWorkingThreads: 2046, AvailableCompletionPortThreads: 1000
MaxWorkingThreads: 2047, MaxCompletionPortThreads: 1000
LISTServer ----------------------------------
Started Time: 2018/1/6 16:34:55
Is Running: True
Total Connections: 2
Maximum Allowed Connection Number: 1000
Total Handled Requests: 876
Request Handling Speed (#/second): 1
Avialable Sending Queue Items: 254
Total Sending Queue Items: 256

2018-01-06 17:11:26,366 Performance - ---------------------------------------------------
CPU Usage: 0.03%, Physical Memory Usage: 76,488,704.00, Total Thread Count: 37
AvailableWorkingThreads: 2046, AvailableCompletionPortThreads: 1000
MaxWorkingThreads: 2047, MaxCompletionPortThreads: 1000
LISTServer ----------------------------------
Started Time: 2018/1/6 16:34:55
Is Running: True
Total Connections: 2
Maximum Allowed Connection Number: 1000
Total Handled Requests: 934
Request Handling Speed (#/second): 1
Avialable Sending Queue Items: 254
Total Sending Queue Items: 256

2018-01-06 17:12:26,379 Performance - ---------------------------------------------------
CPU Usage: 0.01%, Physical Memory Usage: 76,984,320.00, Total Thread Count: 41
AvailableWorkingThreads: 2046, AvailableCompletionPortThreads: 1000
MaxWorkingThreads: 2047, MaxCompletionPortThreads: 1000
LISTServer ----------------------------------
Started Time: 2018/1/6 16:34:55
Is Running: True
Total Connections: 2
Maximum Allowed Connection Number: 1000
Total Handled Requests: 968
Request Handling Speed (#/second): 1
Avialable Sending Queue Items: 254
Total Sending Queue Items: 256

2018-01-06 17:13:26,380 Performance - ---------------------------------------------------
CPU Usage: 0.01%, Physical Memory Usage: 77,402,112.00, Total Thread Count: 40
AvailableWorkingThreads: 2046, AvailableCompletionPortThreads: 1000
MaxWorkingThreads: 2047, MaxCompletionPortThreads: 1000
LISTServer ----------------------------------
Started Time: 2018/1/6 16:34:55
Is Running: True
Total Connections: 2
Maximum Allowed Connection Number: 1000
Total Handled Requests: 998
Request Handling Speed (#/second): 0
Avialable Sending Queue Items: 254
Total Sending Queue Items: 256

2018-01-06 17:14:26,382 Performance - ---------------------------------------------------
CPU Usage: 0.04%, Physical Memory Usage: 77,602,816.00, Total Thread Count: 40
AvailableWorkingThreads: 2046, AvailableCompletionPortThreads: 1000
MaxWorkingThreads: 2047, MaxCompletionPortThreads: 1000
LISTServer ----------------------------------
Started Time: 2018/1/6 16:34:55
Is Running: True
Total Connections: 2
Maximum Allowed Connection Number: 1000
Total Handled Requests: 1,043
Request Handling Speed (#/second): 1
Avialable Sending Queue Items: 254
Total Sending Queue Items: 256

2018-01-06 17:15:26,381 Performance - ---------------------------------------------------
CPU Usage: 0.01%, Physical Memory Usage: 77,692,928.00, Total Thread Count: 40
AvailableWorkingThreads: 2046, AvailableCompletionPortThreads: 1000
MaxWorkingThreads: 2047, MaxCompletionPortThreads: 1000
LISTServer ----------------------------------
Started Time: 2018/1/6 16:34:55
Is Running: True
Total Connections: 2
Maximum Allowed Connection Number: 1000
Total Handled Requests: 1,083
Request Handling Speed (#/second): 1
Avialable Sending Queue Items: 254
Total Sending Queue Items: 256

2018-01-06 17:16:26,383 Performance - ---------------------------------------------------
CPU Usage: 0.01%, Physical Memory Usage: 78,200,832.00, Total Thread Count: 37
AvailableWorkingThreads: 2046, AvailableCompletionPortThreads: 1000
MaxWorkingThreads: 2047, MaxCompletionPortThreads: 1000
LISTServer ----------------------------------
Started Time: 2018/1/6 16:34:55
Is Running: True
Total Connections: 2
Maximum Allowed Connection Number: 1000
Total Handled Requests: 1,113
Request Handling Speed (#/second): 0
Avialable Sending Queue Items: 254
Total Sending Queue Items: 256

2018-01-06 17:17:26,390 Performance - ---------------------------------------------------
CPU Usage: 0.04%, Physical Memory Usage: 77,664,256.00, Total Thread Count: 39
AvailableWorkingThreads: 2044, AvailableCompletionPortThreads: 1000
MaxWorkingThreads: 2047, MaxCompletionPortThreads: 1000
LISTServer ----------------------------------
Started Time: 2018/1/6 16:34:55
Is Running: True
Total Connections: 2
Maximum Allowed Connection Number: 1000
Total Handled Requests: 1,143
Request Handling Speed (#/second): 0
Avialable Sending Queue Items: 254
Total Sending Queue Items: 256

2018-01-06 17:18:26,396 Performance - ---------------------------------------------------
CPU Usage: 0.01%, Physical Memory Usage: 77,950,976.00, Total Thread Count: 38
AvailableWorkingThreads: 2046, AvailableCompletionPortThreads: 1000
MaxWorkingThreads: 2047, MaxCompletionPortThreads: 1000
LISTServer ----------------------------------
Started Time: 2018/1/6 16:34:55
Is Running: True
Total Connections: 2
Maximum Allowed Connection Number: 1000
Total Handled Requests: 1,174
Request Handling Speed (#/second): 1
Avialable Sending Queue Items: 254
Total Sending Queue Items: 256

2018-01-06 17:19:26,400 Performance - ---------------------------------------------------
CPU Usage: 0.02%, Physical Memory Usage: 78,262,272.00, Total Thread Count: 38
AvailableWorkingThreads: 2046, AvailableCompletionPortThreads: 1000
MaxWorkingThreads: 2047, MaxCompletionPortThreads: 1000
LISTServer ----------------------------------
Started Time: 2018/1/6 16:34:55
Is Running: True
Total Connections: 1
Maximum Allowed Connection Number: 1000
Total Handled Requests: 1,204
Request Handling Speed (#/second): 0
Avialable Sending Queue Items: 255
Total Sending Queue Items: 256

2018-01-06 17:20:26,401 Performance - ---------------------------------------------------
CPU Usage: 0.01%, Physical Memory Usage: 79,544,320.00, Total Thread Count: 38
AvailableWorkingThreads: 2046, AvailableCompletionPortThreads: 1000
MaxWorkingThreads: 2047, MaxCompletionPortThreads: 1000
LISTServer ----------------------------------
Started Time: 2018/1/6 16:34:55
Is Running: True
Total Connections: 1
Maximum Allowed Connection Number: 1000
Total Handled Requests: 1,234
Request Handling Speed (#/second): 0
Avialable Sending Queue Items: 255
Total Sending Queue Items: 256

2018-01-06 17:21:26,396 Performance - ---------------------------------------------------
CPU Usage: 0.05%, Physical Memory Usage: 79,802,368.00, Total Thread Count: 39
AvailableWorkingThreads: 2046, AvailableCompletionPortThreads: 1000
MaxWorkingThreads: 2047, MaxCompletionPortThreads: 1000
LISTServer ----------------------------------
Started Time: 2018/1/6 16:34:55
Is Running: True
Total Connections: 1
Maximum Allowed Connection Number: 1000
Total Handled Requests: 1,264
Request Handling Speed (#/second): 1
Avialable Sending Queue Items: 255
Total Sending Queue Items: 256

2018-01-06 17:22:26,398 Performance - ---------------------------------------------------
CPU Usage: 0.03%, Physical Memory Usage: 81,264,640.00, Total Thread Count: 39
AvailableWorkingThreads: 2046, AvailableCompletionPortThreads: 1000
MaxWorkingThreads: 2047, MaxCompletionPortThreads: 1000
LISTServer ----------------------------------
Started Time: 2018/1/6 16:34:55
Is Running: True
Total Connections: 1
Maximum Allowed Connection Number: 1000
Total Handled Requests: 1,294
Request Handling Speed (#/second): 0
Avialable Sending Queue Items: 255
Total Sending Queue Items: 256

2018-01-06 17:23:26,412 Performance - ---------------------------------------------------
CPU Usage: 0.01%, Physical Memory Usage: 82,878,464.00, Total Thread Count: 39
AvailableWorkingThreads: 2046, AvailableCompletionPortThreads: 1000
MaxWorkingThreads: 2047, MaxCompletionPortThreads: 1000
LISTServer ----------------------------------
Started Time: 2018/1/6 16:34:55
Is Running: True
Total Connections: 1
Maximum Allowed Connection Number: 1000
Total Handled Requests: 1,324
Request Handling Speed (#/second): 0
Avialable Sending Queue Items: 255
Total Sending Queue Items: 256

2018-01-06 17:24:26,416 Performance - ---------------------------------------------------
CPU Usage: 0.02%, Physical Memory Usage: 77,492,224.00, Total Thread Count: 39
AvailableWorkingThreads: 2046, AvailableCompletionPortThreads: 1000
MaxWorkingThreads: 2047, MaxCompletionPortThreads: 1000
LISTServer ----------------------------------
Started Time: 2018/1/6 16:34:55
Is Running: True
Total Connections: 1
Maximum Allowed Connection Number: 1000
Total Handled Requests: 1,354
Request Handling Speed (#/second): 0
Avialable Sending Queue Items: 255
Total Sending Queue Items: 256

2018-01-06 17:25:26,419 Performance - ---------------------------------------------------
CPU Usage: 0.03%, Physical Memory Usage: 77,676,544.00, Total Thread Count: 38
AvailableWorkingThreads: 2046, AvailableCompletionPortThreads: 1000
MaxWorkingThreads: 2047, MaxCompletionPortThreads: 1000
LISTServer ----------------------------------
Started Time: 2018/1/6 16:34:55
Is Running: True
Total Connections: 1
Maximum Allowed Connection Number: 1000
Total Handled Requests: 1,384
Request Handling Speed (#/second): 0
Avialable Sending Queue Items: 255
Total Sending Queue Items: 256

2018-01-06 17:26:26,414 Performance - ---------------------------------------------------
CPU Usage: 0.03%, Physical Memory Usage: 77,971,456.00, Total Thread Count: 38
AvailableWorkingThreads: 2046, AvailableCompletionPortThreads: 1000
MaxWorkingThreads: 2047, MaxCompletionPortThreads: 1000
LISTServer ----------------------------------
Started Time: 2018/1/6 16:34:55
Is Running: True
Total Connections: 1
Maximum Allowed Connection Number: 1000
Total Handled Requests: 1,414
Request Handling Speed (#/second): 1
Avialable Sending Queue Items: 255
Total Sending Queue Items: 256

2018-01-06 17:27:26,416 Performance - ---------------------------------------------------
CPU Usage: 0.03%, Physical Memory Usage: 79,458,304.00, Total Thread Count: 38
AvailableWorkingThreads: 2046, AvailableCompletionPortThreads: 1000
MaxWorkingThreads: 2047, MaxCompletionPortThreads: 1000
LISTServer ----------------------------------
Started Time: 2018/1/6 16:34:55
Is Running: True
Total Connections: 1
Maximum Allowed Connection Number: 1000
Total Handled Requests: 1,444
Request Handling Speed (#/second): 0
Avialable Sending Queue Items: 255
Total Sending Queue Items: 256

2018-01-06 17:28:26,418 Performance - ---------------------------------------------------
CPU Usage: 0.02%, Physical Memory Usage: 79,646,720.00, Total Thread Count: 39
AvailableWorkingThreads: 2046, AvailableCompletionPortThreads: 1000
MaxWorkingThreads: 2047, MaxCompletionPortThreads: 1000
LISTServer ----------------------------------
Started Time: 2018/1/6 16:34:55
Is Running: True
Total Connections: 1
Maximum Allowed Connection Number: 1000
Total Handled Requests: 1,474
Request Handling Speed (#/second): 0
Avialable Sending Queue Items: 255
Total Sending Queue Items: 256

2018-01-06 17:29:26,423 Performance - ---------------------------------------------------
CPU Usage: 0.04%, Physical Memory Usage: 77,041,664.00, Total Thread Count: 39
AvailableWorkingThreads: 2046, AvailableCompletionPortThreads: 1000
MaxWorkingThreads: 2047, MaxCompletionPortThreads: 1000
LISTServer ----------------------------------
Started Time: 2018/1/6 16:34:55
Is Running: True
Total Connections: 1
Maximum Allowed Connection Number: 1000
Total Handled Requests: 1,504
Request Handling Speed (#/second): 0
Avialable Sending Queue Items: 255
Total Sending Queue Items: 256

2018-01-06 17:30:26,432 Performance - ---------------------------------------------------
CPU Usage: 0.02%, Physical Memory Usage: 75,718,656.00, Total Thread Count: 39
AvailableWorkingThreads: 2046, AvailableCompletionPortThreads: 1000
MaxWorkingThreads: 2047, MaxCompletionPortThreads: 1000
LISTServer ----------------------------------
Started Time: 2018/1/6 16:34:55
Is Running: True
Total Connections: 1
Maximum Allowed Connection Number: 1000
Total Handled Requests: 1,533
Request Handling Speed (#/second): 0
Avialable Sending Queue Items: 255
Total Sending Queue Items: 256

2018-01-06 17:31:26,457 Performance - ---------------------------------------------------
CPU Usage: 0.03%, Physical Memory Usage: 76,988,416.00, Total Thread Count: 38
AvailableWorkingThreads: 2046, AvailableCompletionPortThreads: 1000
MaxWorkingThreads: 2047, MaxCompletionPortThreads: 1000
LISTServer ----------------------------------
Started Time: 2018/1/6 16:34:55
Is Running: True
Total Connections: 1
Maximum Allowed Connection Number: 1000
Total Handled Requests: 1,564
Request Handling Speed (#/second): 1
Avialable Sending Queue Items: 255
Total Sending Queue Items: 256

2018-01-06 17:32:26,461 Performance - ---------------------------------------------------
CPU Usage: 0.03%, Physical Memory Usage: 76,693,504.00, Total Thread Count: 38
AvailableWorkingThreads: 2046, AvailableCompletionPortThreads: 1000
MaxWorkingThreads: 2047, MaxCompletionPortThreads: 1000
LISTServer ----------------------------------
Started Time: 2018/1/6 16:34:55
Is Running: True
Total Connections: 1
Maximum Allowed Connection Number: 1000
Total Handled Requests: 1,594
Request Handling Speed (#/second): 0
Avialable Sending Queue Items: 255
Total Sending Queue Items: 256

2018-01-06 17:33:26,451 Performance - ---------------------------------------------------
CPU Usage: 0.03%, Physical Memory Usage: 77,099,008.00, Total Thread Count: 38
AvailableWorkingThreads: 2046, AvailableCompletionPortThreads: 1000
MaxWorkingThreads: 2047, MaxCompletionPortThreads: 1000
LISTServer ----------------------------------
Started Time: 2018/1/6 16:34:55
Is Running: True
Total Connections: 1
Maximum Allowed Connection Number: 1000
Total Handled Requests: 1,624
Request Handling Speed (#/second): 1
Avialable Sending Queue Items: 255
Total Sending Queue Items: 256

2018-01-06 17:34:26,453 Performance - ---------------------------------------------------
CPU Usage: 0.02%, Physical Memory Usage: 74,825,728.00, Total Thread Count: 38
AvailableWorkingThreads: 2046, AvailableCompletionPortThreads: 1000
MaxWorkingThreads: 2047, MaxCompletionPortThreads: 1000
LISTServer ----------------------------------
Started Time: 2018/1/6 16:34:55
Is Running: True
Total Connections: 1
Maximum Allowed Connection Number: 1000
Total Handled Requests: 1,654
Request Handling Speed (#/second): 0
Avialable Sending Queue Items: 255
Total Sending Queue Items: 256

2018-01-06 17:35:26,496 Performance - ---------------------------------------------------
CPU Usage: 0.03%, Physical Memory Usage: 73,383,936.00, Total Thread Count: 38
AvailableWorkingThreads: 2046, AvailableCompletionPortThreads: 1000
MaxWorkingThreads: 2047, MaxCompletionPortThreads: 1000
LISTServer ----------------------------------
Started Time: 2018/1/6 16:34:55
Is Running: True
Total Connections: 1
Maximum Allowed Connection Number: 1000
Total Handled Requests: 1,684
Request Handling Speed (#/second): 0
Avialable Sending Queue Items: 255
Total Sending Queue Items: 256

2018-01-06 17:36:26,481 Performance - ---------------------------------------------------
CPU Usage: 0.03%, Physical Memory Usage: 74,170,368.00, Total Thread Count: 44
AvailableWorkingThreads: 2046, AvailableCompletionPortThreads: 1000
MaxWorkingThreads: 2047, MaxCompletionPortThreads: 1000
LISTServer ----------------------------------
Started Time: 2018/1/6 16:34:55
Is Running: True
Total Connections: 1
Maximum Allowed Connection Number: 1000
Total Handled Requests: 1,719
Request Handling Speed (#/second): 1
Avialable Sending Queue Items: 255
Total Sending Queue Items: 256

2018-01-06 17:37:26,470 Performance - ---------------------------------------------------
CPU Usage: 0.03%, Physical Memory Usage: 73,867,264.00, Total Thread Count: 42
AvailableWorkingThreads: 2045, AvailableCompletionPortThreads: 1000
MaxWorkingThreads: 2047, MaxCompletionPortThreads: 1000
LISTServer ----------------------------------
Started Time: 2018/1/6 16:34:55
Is Running: True
Total Connections: 2
Maximum Allowed Connection Number: 1000
Total Handled Requests: 1,752
Request Handling Speed (#/second): 1
Avialable Sending Queue Items: 254
Total Sending Queue Items: 256

2018-01-06 17:38:26,466 Performance - ---------------------------------------------------
CPU Usage: 0.01%, Physical Memory Usage: 73,908,224.00, Total Thread Count: 41
AvailableWorkingThreads: 2046, AvailableCompletionPortThreads: 1000
MaxWorkingThreads: 2047, MaxCompletionPortThreads: 1000
LISTServer ----------------------------------
Started Time: 2018/1/6 16:34:55
Is Running: True
Total Connections: 2
Maximum Allowed Connection Number: 1000
Total Handled Requests: 1,791
Request Handling Speed (#/second): 1
Avialable Sending Queue Items: 254
Total Sending Queue Items: 256

2018-01-06 17:39:26,470 Performance - ---------------------------------------------------
CPU Usage: 0.01%, Physical Memory Usage: 73,564,160.00, Total Thread Count: 40
AvailableWorkingThreads: 2046, AvailableCompletionPortThreads: 1000
MaxWorkingThreads: 2047, MaxCompletionPortThreads: 1000
LISTServer ----------------------------------
Started Time: 2018/1/6 16:34:55
Is Running: True
Total Connections: 2
Maximum Allowed Connection Number: 1000
Total Handled Requests: 1,821
Request Handling Speed (#/second): 0
Avialable Sending Queue Items: 254
Total Sending Queue Items: 256

2018-01-06 17:40:26,479 Performance - ---------------------------------------------------
CPU Usage: 0.05%, Physical Memory Usage: 73,367,552.00, Total Thread Count: 39
AvailableWorkingThreads: 2046, AvailableCompletionPortThreads: 1000
MaxWorkingThreads: 2047, MaxCompletionPortThreads: 1000
LISTServer ----------------------------------
Started Time: 2018/1/6 16:34:55
Is Running: True
Total Connections: 2
Maximum Allowed Connection Number: 1000
Total Handled Requests: 1,857
Request Handling Speed (#/second): 1
Avialable Sending Queue Items: 254
Total Sending Queue Items: 256

2018-01-06 17:41:26,480 Performance - ---------------------------------------------------
CPU Usage: 0.05%, Physical Memory Usage: 73,687,040.00, Total Thread Count: 38
AvailableWorkingThreads: 2046, AvailableCompletionPortThreads: 1000
MaxWorkingThreads: 2047, MaxCompletionPortThreads: 1000
LISTServer ----------------------------------
Started Time: 2018/1/6 16:34:55
Is Running: True
Total Connections: 2
Maximum Allowed Connection Number: 1000
Total Handled Requests: 1,902
Request Handling Speed (#/second): 1
Avialable Sending Queue Items: 254
Total Sending Queue Items: 256

2018-01-06 17:42:26,479 Performance - ---------------------------------------------------
CPU Usage: 0.01%, Physical Memory Usage: 74,182,656.00, Total Thread Count: 39
AvailableWorkingThreads: 2046, AvailableCompletionPortThreads: 1000
MaxWorkingThreads: 2047, MaxCompletionPortThreads: 1000
LISTServer ----------------------------------
Started Time: 2018/1/6 16:34:55
Is Running: True
Total Connections: 1
Maximum Allowed Connection Number: 1000
Total Handled Requests: 1,948
Request Handling Speed (#/second): 1
Avialable Sending Queue Items: 255
Total Sending Queue Items: 256

2018-01-06 17:43:26,484 Performance - ---------------------------------------------------
CPU Usage: 0.02%, Physical Memory Usage: 74,457,088.00, Total Thread Count: 38
AvailableWorkingThreads: 2046, AvailableCompletionPortThreads: 1000
MaxWorkingThreads: 2047, MaxCompletionPortThreads: 1000
LISTServer ----------------------------------
Started Time: 2018/1/6 16:34:55
Is Running: True
Total Connections: 1
Maximum Allowed Connection Number: 1000
Total Handled Requests: 1,978
Request Handling Speed (#/second): 0
Avialable Sending Queue Items: 255
Total Sending Queue Items: 256

2018-01-06 17:44:26,493 Performance - ---------------------------------------------------
CPU Usage: 0.03%, Physical Memory Usage: 74,448,896.00, Total Thread Count: 38
AvailableWorkingThreads: 2046, AvailableCompletionPortThreads: 1000
MaxWorkingThreads: 2047, MaxCompletionPortThreads: 1000
LISTServer ----------------------------------
Started Time: 2018/1/6 16:34:55
Is Running: True
Total Connections: 1
Maximum Allowed Connection Number: 1000
Total Handled Requests: 2,008
Request Handling Speed (#/second): 0
Avialable Sending Queue Items: 255
Total Sending Queue Items: 256

2018-01-06 17:45:26,494 Performance - ---------------------------------------------------
CPU Usage: 0.03%, Physical Memory Usage: 76,029,952.00, Total Thread Count: 38
AvailableWorkingThreads: 2046, AvailableCompletionPortThreads: 1000
MaxWorkingThreads: 2047, MaxCompletionPortThreads: 1000
LISTServer ----------------------------------
Started Time: 2018/1/6 16:34:55
Is Running: True
Total Connections: 1
Maximum Allowed Connection Number: 1000
Total Handled Requests: 2,038
Request Handling Speed (#/second): 0
Avialable Sending Queue Items: 255
Total Sending Queue Items: 256

2018-01-06 17:46:26,497 Performance - ---------------------------------------------------
CPU Usage: 0.02%, Physical Memory Usage: 72,642,560.00, Total Thread Count: 37
AvailableWorkingThreads: 2046, AvailableCompletionPortThreads: 1000
MaxWorkingThreads: 2047, MaxCompletionPortThreads: 1000
LISTServer ----------------------------------
Started Time: 2018/1/6 16:34:55
Is Running: True
Total Connections: 1
Maximum Allowed Connection Number: 1000
Total Handled Requests: 2,068
Request Handling Speed (#/second): 0
Avialable Sending Queue Items: 255
Total Sending Queue Items: 256

2018-01-06 17:47:26,496 Performance - ---------------------------------------------------
CPU Usage: 0.03%, Physical Memory Usage: 72,605,696.00, Total Thread Count: 37
AvailableWorkingThreads: 2046, AvailableCompletionPortThreads: 1000
MaxWorkingThreads: 2047, MaxCompletionPortThreads: 1000
LISTServer ----------------------------------
Started Time: 2018/1/6 16:34:55
Is Running: True
Total Connections: 1
Maximum Allowed Connection Number: 1000
Total Handled Requests: 2,098
Request Handling Speed (#/second): 1
Avialable Sending Queue Items: 255
Total Sending Queue Items: 256

2018-01-06 17:48:26,497 Performance - ---------------------------------------------------
CPU Usage: 0.05%, Physical Memory Usage: 73,809,920.00, Total Thread Count: 40
AvailableWorkingThreads: 2046, AvailableCompletionPortThreads: 1000
MaxWorkingThreads: 2047, MaxCompletionPortThreads: 1000
LISTServer ----------------------------------
Started Time: 2018/1/6 16:34:55
Is Running: True
Total Connections: 1
Maximum Allowed Connection Number: 1000
Total Handled Requests: 2,128
Request Handling Speed (#/second): 0
Avialable Sending Queue Items: 255
Total Sending Queue Items: 256

2018-01-06 17:49:26,495 Performance - ---------------------------------------------------
CPU Usage: 0.03%, Physical Memory Usage: 73,826,304.00, Total Thread Count: 39
AvailableWorkingThreads: 2046, AvailableCompletionPortThreads: 1000
MaxWorkingThreads: 2047, MaxCompletionPortThreads: 1000
LISTServer ----------------------------------
Started Time: 2018/1/6 16:34:55
Is Running: True
Total Connections: 1
Maximum Allowed Connection Number: 1000
Total Handled Requests: 2,158
Request Handling Speed (#/second): 1
Avialable Sending Queue Items: 255
Total Sending Queue Items: 256

2018-01-06 17:50:26,498 Performance - ---------------------------------------------------
CPU Usage: 0.03%, Physical Memory Usage: 71,356,416.00, Total Thread Count: 40
AvailableWorkingThreads: 2046, AvailableCompletionPortThreads: 1000
MaxWorkingThreads: 2047, MaxCompletionPortThreads: 1000
LISTServer ----------------------------------
Started Time: 2018/1/6 16:34:55
Is Running: True
Total Connections: 1
Maximum Allowed Connection Number: 1000
Total Handled Requests: 2,188
Request Handling Speed (#/second): 0
Avialable Sending Queue Items: 255
Total Sending Queue Items: 256

2018-01-06 17:51:26,508 Performance - ---------------------------------------------------
CPU Usage: 0.02%, Physical Memory Usage: 71,761,920.00, Total Thread Count: 39
AvailableWorkingThreads: 2046, AvailableCompletionPortThreads: 1000
MaxWorkingThreads: 2047, MaxCompletionPortThreads: 1000
LISTServer ----------------------------------
Started Time: 2018/1/6 16:34:55
Is Running: True
Total Connections: 1
Maximum Allowed Connection Number: 1000
Total Handled Requests: 2,218
Request Handling Speed (#/second): 0
Avialable Sending Queue Items: 255
Total Sending Queue Items: 256

2018-01-06 17:52:26,512 Performance - ---------------------------------------------------
CPU Usage: 0.03%, Physical Memory Usage: 72,699,904.00, Total Thread Count: 39
AvailableWorkingThreads: 2046, AvailableCompletionPortThreads: 1000
MaxWorkingThreads: 2047, MaxCompletionPortThreads: 1000
LISTServer ----------------------------------
Started Time: 2018/1/6 16:34:55
Is Running: True
Total Connections: 2
Maximum Allowed Connection Number: 1000
Total Handled Requests: 2,251
Request Handling Speed (#/second): 1
Avialable Sending Queue Items: 254
Total Sending Queue Items: 256

2018-01-06 17:53:26,509 Performance - ---------------------------------------------------
CPU Usage: 0.03%, Physical Memory Usage: 75,440,128.00, Total Thread Count: 39
AvailableWorkingThreads: 2046, AvailableCompletionPortThreads: 1000
MaxWorkingThreads: 2047, MaxCompletionPortThreads: 1000
LISTServer ----------------------------------
Started Time: 2018/1/6 16:34:55
Is Running: True
Total Connections: 1
Maximum Allowed Connection Number: 1000
Total Handled Requests: 2,302
Request Handling Speed (#/second): 1
Avialable Sending Queue Items: 255
Total Sending Queue Items: 256

2018-01-06 17:54:26,774 Performance - ---------------------------------------------------
CPU Usage: 0.05%, Physical Memory Usage: 69,029,888.00, Total Thread Count: 40
AvailableWorkingThreads: 2046, AvailableCompletionPortThreads: 1000
MaxWorkingThreads: 2047, MaxCompletionPortThreads: 1000
LISTServer ----------------------------------
Started Time: 2018/1/6 16:34:55
Is Running: True
Total Connections: 2
Maximum Allowed Connection Number: 1000
Total Handled Requests: 2,339
Request Handling Speed (#/second): 1
Avialable Sending Queue Items: 254
Total Sending Queue Items: 256

2018-01-06 17:55:26,592 Performance - ---------------------------------------------------
CPU Usage: 0.03%, Physical Memory Usage: 68,063,232.00, Total Thread Count: 39
AvailableWorkingThreads: 2046, AvailableCompletionPortThreads: 1000
MaxWorkingThreads: 2047, MaxCompletionPortThreads: 1000
LISTServer ----------------------------------
Started Time: 2018/1/6 16:34:55
Is Running: True
Total Connections: 2
Maximum Allowed Connection Number: 1000
Total Handled Requests: 2,388
Request Handling Speed (#/second): 1
Avialable Sending Queue Items: 254
Total Sending Queue Items: 256

2018-01-06 17:56:26,589 Performance - ---------------------------------------------------
CPU Usage: 0.01%, Physical Memory Usage: 68,718,592.00, Total Thread Count: 39
AvailableWorkingThreads: 2046, AvailableCompletionPortThreads: 1000
MaxWorkingThreads: 2047, MaxCompletionPortThreads: 1000
LISTServer ----------------------------------
Started Time: 2018/1/6 16:34:55
Is Running: True
Total Connections: 1
Maximum Allowed Connection Number: 1000
Total Handled Requests: 2,445
Request Handling Speed (#/second): 1
Avialable Sending Queue Items: 255
Total Sending Queue Items: 256

2018-01-06 17:57:26,596 Performance - ---------------------------------------------------
CPU Usage: 0.03%, Physical Memory Usage: 70,758,400.00, Total Thread Count: 39
AvailableWorkingThreads: 2046, AvailableCompletionPortThreads: 1000
MaxWorkingThreads: 2047, MaxCompletionPortThreads: 1000
LISTServer ----------------------------------
Started Time: 2018/1/6 16:34:55
Is Running: True
Total Connections: 1
Maximum Allowed Connection Number: 1000
Total Handled Requests: 2,482
Request Handling Speed (#/second): 1
Avialable Sending Queue Items: 255
Total Sending Queue Items: 256

2018-01-06 17:58:26,595 Performance - ---------------------------------------------------
CPU Usage: 0.03%, Physical Memory Usage: 73,150,464.00, Total Thread Count: 39
AvailableWorkingThreads: 2046, AvailableCompletionPortThreads: 1000
MaxWorkingThreads: 2047, MaxCompletionPortThreads: 1000
LISTServer ----------------------------------
Started Time: 2018/1/6 16:34:55
Is Running: True
Total Connections: 1
Maximum Allowed Connection Number: 1000
Total Handled Requests: 2,528
Request Handling Speed (#/second): 1
Avialable Sending Queue Items: 255
Total Sending Queue Items: 256

2018-01-06 17:59:26,612 Performance - ---------------------------------------------------
CPU Usage: 0.03%, Physical Memory Usage: 73,818,112.00, Total Thread Count: 39
AvailableWorkingThreads: 2046, AvailableCompletionPortThreads: 1000
MaxWorkingThreads: 2047, MaxCompletionPortThreads: 1000
LISTServer ----------------------------------
Started Time: 2018/1/6 16:34:55
Is Running: True
Total Connections: 1
Maximum Allowed Connection Number: 1000
Total Handled Requests: 2,568
Request Handling Speed (#/second): 1
Avialable Sending Queue Items: 255
Total Sending Queue Items: 256

2018-01-06 18:00:26,606 Performance - ---------------------------------------------------
CPU Usage: 0.01%, Physical Memory Usage: 74,256,384.00, Total Thread Count: 39
AvailableWorkingThreads: 2046, AvailableCompletionPortThreads: 1000
MaxWorkingThreads: 2047, MaxCompletionPortThreads: 1000
LISTServer ----------------------------------
Started Time: 2018/1/6 16:34:55
Is Running: True
Total Connections: 1
Maximum Allowed Connection Number: 1000
Total Handled Requests: 2,598
Request Handling Speed (#/second): 1
Avialable Sending Queue Items: 255
Total Sending Queue Items: 256

2018-01-06 18:01:26,608 Performance - ---------------------------------------------------
CPU Usage: 0.02%, Physical Memory Usage: 75,321,344.00, Total Thread Count: 39
AvailableWorkingThreads: 2046, AvailableCompletionPortThreads: 1000
MaxWorkingThreads: 2047, MaxCompletionPortThreads: 1000
LISTServer ----------------------------------
Started Time: 2018/1/6 16:34:55
Is Running: True
Total Connections: 1
Maximum Allowed Connection Number: 1000
Total Handled Requests: 2,628
Request Handling Speed (#/second): 0
Avialable Sending Queue Items: 255
Total Sending Queue Items: 256

2018-01-06 18:02:26,612 Performance - ---------------------------------------------------
CPU Usage: 0.01%, Physical Memory Usage: 72,871,936.00, Total Thread Count: 39
AvailableWorkingThreads: 2046, AvailableCompletionPortThreads: 1000
MaxWorkingThreads: 2047, MaxCompletionPortThreads: 1000
LISTServer ----------------------------------
Started Time: 2018/1/6 16:34:55
Is Running: True
Total Connections: 1
Maximum Allowed Connection Number: 1000
Total Handled Requests: 2,658
Request Handling Speed (#/second): 0
Avialable Sending Queue Items: 255
Total Sending Queue Items: 256

2018-01-06 18:03:26,621 Performance - ---------------------------------------------------
CPU Usage: 0.04%, Physical Memory Usage: 73,146,368.00, Total Thread Count: 39
AvailableWorkingThreads: 2046, AvailableCompletionPortThreads: 1000
MaxWorkingThreads: 2047, MaxCompletionPortThreads: 1000
LISTServer ----------------------------------
Started Time: 2018/1/6 16:34:55
Is Running: True
Total Connections: 1
Maximum Allowed Connection Number: 1000
Total Handled Requests: 2,709
Request Handling Speed (#/second): 1
Avialable Sending Queue Items: 255
Total Sending Queue Items: 256

2018-01-06 18:04:26,621 Performance - ---------------------------------------------------
CPU Usage: 0.01%, Physical Memory Usage: 74,035,200.00, Total Thread Count: 39
AvailableWorkingThreads: 2046, AvailableCompletionPortThreads: 1000
MaxWorkingThreads: 2047, MaxCompletionPortThreads: 1000
LISTServer ----------------------------------
Started Time: 2018/1/6 16:34:55
Is Running: True
Total Connections: 1
Maximum Allowed Connection Number: 1000
Total Handled Requests: 2,760
Request Handling Speed (#/second): 1
Avialable Sending Queue Items: 255
Total Sending Queue Items: 256

2018-01-06 18:05:26,668 Performance - ---------------------------------------------------
CPU Usage: 0.04%, Physical Memory Usage: 74,440,704.00, Total Thread Count: 39
AvailableWorkingThreads: 2046, AvailableCompletionPortThreads: 1000
MaxWorkingThreads: 2047, MaxCompletionPortThreads: 1000
LISTServer ----------------------------------
Started Time: 2018/1/6 16:34:55
Is Running: True
Total Connections: 2
Maximum Allowed Connection Number: 1000
Total Handled Requests: 2,810
Request Handling Speed (#/second): 1
Avialable Sending Queue Items: 254
Total Sending Queue Items: 256

2018-01-06 18:06:26,620 Performance - ---------------------------------------------------
CPU Usage: 0.01%, Physical Memory Usage: 76,709,888.00, Total Thread Count: 39
AvailableWorkingThreads: 2046, AvailableCompletionPortThreads: 1000
MaxWorkingThreads: 2047, MaxCompletionPortThreads: 1000
LISTServer ----------------------------------
Started Time: 2018/1/6 16:34:55
Is Running: True
Total Connections: 3
Maximum Allowed Connection Number: 1000
Total Handled Requests: 2,862
Request Handling Speed (#/second): 1
Avialable Sending Queue Items: 253
Total Sending Queue Items: 256

2018-01-06 18:07:26,633 Performance - ---------------------------------------------------
CPU Usage: 0.01%, Physical Memory Usage: 77,139,968.00, Total Thread Count: 40
AvailableWorkingThreads: 2046, AvailableCompletionPortThreads: 1000
MaxWorkingThreads: 2047, MaxCompletionPortThreads: 1000
LISTServer ----------------------------------
Started Time: 2018/1/6 16:34:55
Is Running: True
Total Connections: 2
Maximum Allowed Connection Number: 1000
Total Handled Requests: 2,922
Request Handling Speed (#/second): 1
Avialable Sending Queue Items: 254
Total Sending Queue Items: 256

2018-01-06 18:08:26,643 Performance - ---------------------------------------------------
CPU Usage: 0.01%, Physical Memory Usage: 72,630,272.00, Total Thread Count: 39
AvailableWorkingThreads: 2046, AvailableCompletionPortThreads: 1000
MaxWorkingThreads: 2047, MaxCompletionPortThreads: 1000
LISTServer ----------------------------------
Started Time: 2018/1/6 16:34:55
Is Running: True
Total Connections: 1
Maximum Allowed Connection Number: 1000
Total Handled Requests: 2,967
Request Handling Speed (#/second): 1
Avialable Sending Queue Items: 255
Total Sending Queue Items: 256

2018-01-06 18:09:26,636 Performance - ---------------------------------------------------
CPU Usage: 0.03%, Physical Memory Usage: 73,023,488.00, Total Thread Count: 39
AvailableWorkingThreads: 2046, AvailableCompletionPortThreads: 1000
MaxWorkingThreads: 2047, MaxCompletionPortThreads: 1000
LISTServer ----------------------------------
Started Time: 2018/1/6 16:34:55
Is Running: True
Total Connections: 1
Maximum Allowed Connection Number: 1000
Total Handled Requests: 3,011
Request Handling Speed (#/second): 1
Avialable Sending Queue Items: 255
Total Sending Queue Items: 256

2018-01-06 18:10:26,645 Performance - ---------------------------------------------------
CPU Usage: 0.06%, Physical Memory Usage: 73,887,744.00, Total Thread Count: 39
AvailableWorkingThreads: 2046, AvailableCompletionPortThreads: 1000
MaxWorkingThreads: 2047, MaxCompletionPortThreads: 1000
LISTServer ----------------------------------
Started Time: 2018/1/6 16:34:55
Is Running: True
Total Connections: 1
Maximum Allowed Connection Number: 1000
Total Handled Requests: 3,064
Request Handling Speed (#/second): 1
Avialable Sending Queue Items: 255
Total Sending Queue Items: 256

2018-01-06 18:11:26,649 Performance - ---------------------------------------------------
CPU Usage: 0.04%, Physical Memory Usage: 74,067,968.00, Total Thread Count: 39
AvailableWorkingThreads: 2046, AvailableCompletionPortThreads: 1000
MaxWorkingThreads: 2047, MaxCompletionPortThreads: 1000
LISTServer ----------------------------------
Started Time: 2018/1/6 16:34:55
Is Running: True
Total Connections: 2
Maximum Allowed Connection Number: 1000
Total Handled Requests: 3,124
Request Handling Speed (#/second): 1
Avialable Sending Queue Items: 254
Total Sending Queue Items: 256

2018-01-06 18:12:26,646 Performance - ---------------------------------------------------
CPU Usage: 0.03%, Physical Memory Usage: 74,539,008.00, Total Thread Count: 40
AvailableWorkingThreads: 2046, AvailableCompletionPortThreads: 1000
MaxWorkingThreads: 2047, MaxCompletionPortThreads: 1000
LISTServer ----------------------------------
Started Time: 2018/1/6 16:34:55
Is Running: True
Total Connections: 1
Maximum Allowed Connection Number: 1000
Total Handled Requests: 3,173
Request Handling Speed (#/second): 1
Avialable Sending Queue Items: 255
Total Sending Queue Items: 256

2018-01-06 18:13:26,648 Performance - ---------------------------------------------------
CPU Usage: 0.02%, Physical Memory Usage: 74,977,280.00, Total Thread Count: 40
AvailableWorkingThreads: 2046, AvailableCompletionPortThreads: 1000
MaxWorkingThreads: 2047, MaxCompletionPortThreads: 1000
LISTServer ----------------------------------
Started Time: 2018/1/6 16:34:55
Is Running: True
Total Connections: 1
Maximum Allowed Connection Number: 1000
Total Handled Requests: 3,203
Request Handling Speed (#/second): 0
Avialable Sending Queue Items: 255
Total Sending Queue Items: 256

