2018-01-04 15:37:11,738 Performance - ---------------------------------------------------
CPU Usage: 0.00%, Physical Memory Usage: 43,421,696.00, Total Thread Count: 26
AvailableWorkingThreads: 2046, AvailableCompletionPortThreads: 1000
MaxWorkingThreads: 2047, MaxCompletionPortThreads: 1000
LISTServer ----------------------------------
Started Time: 2018/1/4 15:37:11
Is Running: True
Total Connections: 0
Maximum Allowed Connection Number: 1000
Total Handled Requests: 0
Request Handling Speed (#/second): 0
Avialable Sending Queue Items: 256
Total Sending Queue Items: 256

2018-01-04 15:38:11,712 Performance - ---------------------------------------------------
CPU Usage: 0.33%, Physical Memory Usage: 65,978,368.00, Total Thread Count: 40
AvailableWorkingThreads: 2043, AvailableCompletionPortThreads: 1000
MaxWorkingThreads: 2047, MaxCompletionPortThreads: 1000
LISTServer ----------------------------------
Started Time: 2018/1/4 15:37:11
Is Running: True
Total Connections: 1
Maximum Allowed Connection Number: 1000
Total Handled Requests: 0
Request Handling Speed (#/second): 0
Avialable Sending Queue Items: 255
Total Sending Queue Items: 256

2018-01-04 15:39:11,707 Performance - ---------------------------------------------------
CPU Usage: 0.12%, Physical Memory Usage: 68,239,360.00, Total Thread Count: 36
AvailableWorkingThreads: 2046, AvailableCompletionPortThreads: 1000
MaxWorkingThreads: 2047, MaxCompletionPortThreads: 1000
LISTServer ----------------------------------
Started Time: 2018/1/4 15:37:11
Is Running: True
Total Connections: 1
Maximum Allowed Connection Number: 1000
Total Handled Requests: 35
Request Handling Speed (#/second): 1
Avialable Sending Queue Items: 255
Total Sending Queue Items: 256

2018-01-04 15:40:11,709 Performance - ---------------------------------------------------
CPU Usage: 0.03%, Physical Memory Usage: 69,111,808.00, Total Thread Count: 34
AvailableWorkingThreads: 2046, AvailableCompletionPortThreads: 1000
MaxWorkingThreads: 2047, MaxCompletionPortThreads: 1000
LISTServer ----------------------------------
Started Time: 2018/1/4 15:37:11
Is Running: True
Total Connections: 1
Maximum Allowed Connection Number: 1000
Total Handled Requests: 65
Request Handling Speed (#/second): 0
Avialable Sending Queue Items: 255
Total Sending Queue Items: 256

2018-01-04 15:41:11,727 Performance - ---------------------------------------------------
CPU Usage: 0.01%, Physical Memory Usage: 70,201,344.00, Total Thread Count: 34
AvailableWorkingThreads: 2046, AvailableCompletionPortThreads: 1000
MaxWorkingThreads: 2047, MaxCompletionPortThreads: 1000
LISTServer ----------------------------------
Started Time: 2018/1/4 15:37:11
Is Running: True
Total Connections: 1
Maximum Allowed Connection Number: 1000
Total Handled Requests: 95
Request Handling Speed (#/second): 0
Avialable Sending Queue Items: 255
Total Sending Queue Items: 256

2018-01-04 15:42:11,723 Performance - ---------------------------------------------------
CPU Usage: 0.03%, Physical Memory Usage: 71,397,376.00, Total Thread Count: 35
AvailableWorkingThreads: 2046, AvailableCompletionPortThreads: 1000
MaxWorkingThreads: 2047, MaxCompletionPortThreads: 1000
LISTServer ----------------------------------
Started Time: 2018/1/4 15:37:11
Is Running: True
Total Connections: 1
Maximum Allowed Connection Number: 1000
Total Handled Requests: 125
Request Handling Speed (#/second): 1
Avialable Sending Queue Items: 255
Total Sending Queue Items: 256

2018-01-04 15:43:11,730 Performance - ---------------------------------------------------
CPU Usage: 0.04%, Physical Memory Usage: 72,990,720.00, Total Thread Count: 35
AvailableWorkingThreads: 2046, AvailableCompletionPortThreads: 1000
MaxWorkingThreads: 2047, MaxCompletionPortThreads: 1000
LISTServer ----------------------------------
Started Time: 2018/1/4 15:37:11
Is Running: True
Total Connections: 1
Maximum Allowed Connection Number: 1000
Total Handled Requests: 158
Request Handling Speed (#/second): 1
Avialable Sending Queue Items: 255
Total Sending Queue Items: 256

2018-01-04 15:44:11,740 Performance - ---------------------------------------------------
CPU Usage: 0.02%, Physical Memory Usage: 74,424,320.00, Total Thread Count: 35
AvailableWorkingThreads: 2046, AvailableCompletionPortThreads: 1000
MaxWorkingThreads: 2047, MaxCompletionPortThreads: 1000
LISTServer ----------------------------------
Started Time: 2018/1/4 15:37:11
Is Running: True
Total Connections: 1
Maximum Allowed Connection Number: 1000
Total Handled Requests: 191
Request Handling Speed (#/second): 1
Avialable Sending Queue Items: 255
Total Sending Queue Items: 256

2018-01-04 15:45:11,743 Performance - ---------------------------------------------------
CPU Usage: 0.01%, Physical Memory Usage: 75,501,568.00, Total Thread Count: 35
AvailableWorkingThreads: 2045, AvailableCompletionPortThreads: 1000
MaxWorkingThreads: 2047, MaxCompletionPortThreads: 1000
LISTServer ----------------------------------
Started Time: 2018/1/4 15:37:11
Is Running: True
Total Connections: 2
Maximum Allowed Connection Number: 1000
Total Handled Requests: 221
Request Handling Speed (#/second): 0
Avialable Sending Queue Items: 254
Total Sending Queue Items: 256

2018-01-04 15:46:11,741 Performance - ---------------------------------------------------
CPU Usage: 0.09%, Physical Memory Usage: 77,627,392.00, Total Thread Count: 36
AvailableWorkingThreads: 2046, AvailableCompletionPortThreads: 1000
MaxWorkingThreads: 2047, MaxCompletionPortThreads: 1000
LISTServer ----------------------------------
Started Time: 2018/1/4 15:37:11
Is Running: True
Total Connections: 0
Maximum Allowed Connection Number: 1000
Total Handled Requests: 230
Request Handling Speed (#/second): 0
Avialable Sending Queue Items: 256
Total Sending Queue Items: 256

2018-01-04 15:47:11,759 Performance - ---------------------------------------------------
CPU Usage: 0.01%, Physical Memory Usage: 78,585,856.00, Total Thread Count: 31
AvailableWorkingThreads: 2046, AvailableCompletionPortThreads: 1000
MaxWorkingThreads: 2047, MaxCompletionPortThreads: 1000
LISTServer ----------------------------------
Started Time: 2018/1/4 15:37:11
Is Running: True
Total Connections: 0
Maximum Allowed Connection Number: 1000
Total Handled Requests: 230
Request Handling Speed (#/second): 0
Avialable Sending Queue Items: 256
Total Sending Queue Items: 256

2018-01-04 15:48:11,756 Performance - ---------------------------------------------------
CPU Usage: 0.05%, Physical Memory Usage: 80,486,400.00, Total Thread Count: 35
AvailableWorkingThreads: 2046, AvailableCompletionPortThreads: 1000
MaxWorkingThreads: 2047, MaxCompletionPortThreads: 1000
LISTServer ----------------------------------
Started Time: 2018/1/4 15:37:11
Is Running: True
Total Connections: 0
Maximum Allowed Connection Number: 1000
Total Handled Requests: 236
Request Handling Speed (#/second): 0
Avialable Sending Queue Items: 256
Total Sending Queue Items: 256

2018-01-04 15:49:11,756 Performance - ---------------------------------------------------
CPU Usage: 0.05%, Physical Memory Usage: 82,145,280.00, Total Thread Count: 32
AvailableWorkingThreads: 2046, AvailableCompletionPortThreads: 1000
MaxWorkingThreads: 2047, MaxCompletionPortThreads: 1000
LISTServer ----------------------------------
Started Time: 2018/1/4 15:37:11
Is Running: True
Total Connections: 0
Maximum Allowed Connection Number: 1000
Total Handled Requests: 239
Request Handling Speed (#/second): 0
Avialable Sending Queue Items: 256
Total Sending Queue Items: 256

2018-01-04 15:50:11,756 Performance - ---------------------------------------------------
CPU Usage: 0.08%, Physical Memory Usage: 83,836,928.00, Total Thread Count: 32
AvailableWorkingThreads: 2046, AvailableCompletionPortThreads: 1000
MaxWorkingThreads: 2047, MaxCompletionPortThreads: 1000
LISTServer ----------------------------------
Started Time: 2018/1/4 15:37:11
Is Running: True
Total Connections: 0
Maximum Allowed Connection Number: 1000
Total Handled Requests: 247
Request Handling Speed (#/second): 0
Avialable Sending Queue Items: 256
Total Sending Queue Items: 256

2018-01-04 15:51:11,776 Performance - ---------------------------------------------------
CPU Usage: 0.03%, Physical Memory Usage: 85,553,152.00, Total Thread Count: 35
AvailableWorkingThreads: 2046, AvailableCompletionPortThreads: 1000
MaxWorkingThreads: 2047, MaxCompletionPortThreads: 1000
LISTServer ----------------------------------
Started Time: 2018/1/4 15:37:11
Is Running: True
Total Connections: 1
Maximum Allowed Connection Number: 1000
Total Handled Requests: 255
Request Handling Speed (#/second): 0
Avialable Sending Queue Items: 255
Total Sending Queue Items: 256

2018-01-04 15:54:46,766 Performance - ---------------------------------------------------
CPU Usage: 0.00%, Physical Memory Usage: 45,371,392.00, Total Thread Count: 29
AvailableWorkingThreads: 2046, AvailableCompletionPortThreads: 1000
MaxWorkingThreads: 2047, MaxCompletionPortThreads: 1000
LISTServer ----------------------------------
Started Time: 2018/1/4 15:54:46
Is Running: True
Total Connections: 0
Maximum Allowed Connection Number: 1000
Total Handled Requests: 0
Request Handling Speed (#/second): 0
Avialable Sending Queue Items: 256
Total Sending Queue Items: 256

2018-01-04 15:55:46,742 Performance - ---------------------------------------------------
CPU Usage: 0.35%, Physical Memory Usage: 67,899,392.00, Total Thread Count: 39
AvailableWorkingThreads: 2046, AvailableCompletionPortThreads: 1000
MaxWorkingThreads: 2047, MaxCompletionPortThreads: 1000
LISTServer ----------------------------------
Started Time: 2018/1/4 15:54:46
Is Running: True
Total Connections: 1
Maximum Allowed Connection Number: 1000
Total Handled Requests: 12
Request Handling Speed (#/second): 0
Avialable Sending Queue Items: 255
Total Sending Queue Items: 256

2018-01-04 15:56:46,739 Performance - ---------------------------------------------------
CPU Usage: 0.01%, Physical Memory Usage: 68,517,888.00, Total Thread Count: 39
AvailableWorkingThreads: 2046, AvailableCompletionPortThreads: 1000
MaxWorkingThreads: 2047, MaxCompletionPortThreads: 1000
LISTServer ----------------------------------
Started Time: 2018/1/4 15:54:46
Is Running: True
Total Connections: 0
Maximum Allowed Connection Number: 1000
Total Handled Requests: 36
Request Handling Speed (#/second): 0
Avialable Sending Queue Items: 256
Total Sending Queue Items: 256

2018-01-04 15:57:46,743 Performance - ---------------------------------------------------
CPU Usage: 0.03%, Physical Memory Usage: 69,304,320.00, Total Thread Count: 37
AvailableWorkingThreads: 2046, AvailableCompletionPortThreads: 1000
MaxWorkingThreads: 2047, MaxCompletionPortThreads: 1000
LISTServer ----------------------------------
Started Time: 2018/1/4 15:54:46
Is Running: True
Total Connections: 0
Maximum Allowed Connection Number: 1000
Total Handled Requests: 42
Request Handling Speed (#/second): 0
Avialable Sending Queue Items: 256
Total Sending Queue Items: 256

2018-01-04 15:58:46,745 Performance - ---------------------------------------------------
CPU Usage: 0.01%, Physical Memory Usage: 70,447,104.00, Total Thread Count: 37
AvailableWorkingThreads: 2046, AvailableCompletionPortThreads: 1000
MaxWorkingThreads: 2047, MaxCompletionPortThreads: 1000
LISTServer ----------------------------------
Started Time: 2018/1/4 15:54:46
Is Running: True
Total Connections: 0
Maximum Allowed Connection Number: 1000
Total Handled Requests: 42
Request Handling Speed (#/second): 0
Avialable Sending Queue Items: 256
Total Sending Queue Items: 256

2018-01-04 15:59:46,744 Performance - ---------------------------------------------------
CPU Usage: 0.01%, Physical Memory Usage: 71,606,272.00, Total Thread Count: 37
AvailableWorkingThreads: 2046, AvailableCompletionPortThreads: 1000
MaxWorkingThreads: 2047, MaxCompletionPortThreads: 1000
LISTServer ----------------------------------
Started Time: 2018/1/4 15:54:46
Is Running: True
Total Connections: 0
Maximum Allowed Connection Number: 1000
Total Handled Requests: 42
Request Handling Speed (#/second): 0
Avialable Sending Queue Items: 256
Total Sending Queue Items: 256

2018-01-04 16:00:46,743 Performance - ---------------------------------------------------
CPU Usage: 0.01%, Physical Memory Usage: 69,312,512.00, Total Thread Count: 36
AvailableWorkingThreads: 2046, AvailableCompletionPortThreads: 1000
MaxWorkingThreads: 2047, MaxCompletionPortThreads: 1000
LISTServer ----------------------------------
Started Time: 2018/1/4 15:54:46
Is Running: True
Total Connections: 0
Maximum Allowed Connection Number: 1000
Total Handled Requests: 42
Request Handling Speed (#/second): 0
Avialable Sending Queue Items: 256
Total Sending Queue Items: 256

2018-01-04 16:01:46,756 Performance - ---------------------------------------------------
CPU Usage: 0.01%, Physical Memory Usage: 70,877,184.00, Total Thread Count: 38
AvailableWorkingThreads: 2046, AvailableCompletionPortThreads: 1000
MaxWorkingThreads: 2047, MaxCompletionPortThreads: 1000
LISTServer ----------------------------------
Started Time: 2018/1/4 15:54:46
Is Running: True
Total Connections: 0
Maximum Allowed Connection Number: 1000
Total Handled Requests: 42
Request Handling Speed (#/second): 0
Avialable Sending Queue Items: 256
Total Sending Queue Items: 256

2018-01-04 16:02:46,755 Performance - ---------------------------------------------------
CPU Usage: 0.01%, Physical Memory Usage: 71,909,376.00, Total Thread Count: 38
AvailableWorkingThreads: 2046, AvailableCompletionPortThreads: 1000
MaxWorkingThreads: 2047, MaxCompletionPortThreads: 1000
LISTServer ----------------------------------
Started Time: 2018/1/4 15:54:46
Is Running: True
Total Connections: 0
Maximum Allowed Connection Number: 1000
Total Handled Requests: 42
Request Handling Speed (#/second): 0
Avialable Sending Queue Items: 256
Total Sending Queue Items: 256

2018-01-04 16:03:46,758 Performance - ---------------------------------------------------
CPU Usage: 0.01%, Physical Memory Usage: 73,105,408.00, Total Thread Count: 37
AvailableWorkingThreads: 2046, AvailableCompletionPortThreads: 1000
MaxWorkingThreads: 2047, MaxCompletionPortThreads: 1000
LISTServer ----------------------------------
Started Time: 2018/1/4 15:54:46
Is Running: True
Total Connections: 0
Maximum Allowed Connection Number: 1000
Total Handled Requests: 42
Request Handling Speed (#/second): 0
Avialable Sending Queue Items: 256
Total Sending Queue Items: 256

2018-01-04 16:04:46,758 Performance - ---------------------------------------------------
CPU Usage: 0.01%, Physical Memory Usage: 74,338,304.00, Total Thread Count: 37
AvailableWorkingThreads: 2046, AvailableCompletionPortThreads: 1000
MaxWorkingThreads: 2047, MaxCompletionPortThreads: 1000
LISTServer ----------------------------------
Started Time: 2018/1/4 15:54:46
Is Running: True
Total Connections: 0
Maximum Allowed Connection Number: 1000
Total Handled Requests: 42
Request Handling Speed (#/second): 0
Avialable Sending Queue Items: 256
Total Sending Queue Items: 256

2018-01-04 16:05:46,758 Performance - ---------------------------------------------------
CPU Usage: 0.01%, Physical Memory Usage: 75,481,088.00, Total Thread Count: 37
AvailableWorkingThreads: 2046, AvailableCompletionPortThreads: 1000
MaxWorkingThreads: 2047, MaxCompletionPortThreads: 1000
LISTServer ----------------------------------
Started Time: 2018/1/4 15:54:46
Is Running: True
Total Connections: 0
Maximum Allowed Connection Number: 1000
Total Handled Requests: 42
Request Handling Speed (#/second): 0
Avialable Sending Queue Items: 256
Total Sending Queue Items: 256

2018-01-04 16:06:46,765 Performance - ---------------------------------------------------
CPU Usage: 0.02%, Physical Memory Usage: 76,988,416.00, Total Thread Count: 38
AvailableWorkingThreads: 2046, AvailableCompletionPortThreads: 1000
MaxWorkingThreads: 2047, MaxCompletionPortThreads: 1000
LISTServer ----------------------------------
Started Time: 2018/1/4 15:54:46
Is Running: True
Total Connections: 0
Maximum Allowed Connection Number: 1000
Total Handled Requests: 46
Request Handling Speed (#/second): 0
Avialable Sending Queue Items: 256
Total Sending Queue Items: 256

2018-01-04 16:07:46,755 Performance - ---------------------------------------------------
CPU Usage: 0.01%, Physical Memory Usage: 77,545,472.00, Total Thread Count: 38
AvailableWorkingThreads: 2046, AvailableCompletionPortThreads: 1000
MaxWorkingThreads: 2047, MaxCompletionPortThreads: 1000
LISTServer ----------------------------------
Started Time: 2018/1/4 15:54:46
Is Running: True
Total Connections: 0
Maximum Allowed Connection Number: 1000
Total Handled Requests: 46
Request Handling Speed (#/second): 0
Avialable Sending Queue Items: 256
Total Sending Queue Items: 256

2018-01-04 16:08:46,756 Performance - ---------------------------------------------------
CPU Usage: 0.03%, Physical Memory Usage: 78,716,928.00, Total Thread Count: 39
AvailableWorkingThreads: 2046, AvailableCompletionPortThreads: 1000
MaxWorkingThreads: 2047, MaxCompletionPortThreads: 1000
LISTServer ----------------------------------
Started Time: 2018/1/4 15:54:46
Is Running: True
Total Connections: 0
Maximum Allowed Connection Number: 1000
Total Handled Requests: 48
Request Handling Speed (#/second): 0
Avialable Sending Queue Items: 256
Total Sending Queue Items: 256

2018-01-04 16:09:46,759 Performance - ---------------------------------------------------
CPU Usage: 0.01%, Physical Memory Usage: 79,994,880.00, Total Thread Count: 39
AvailableWorkingThreads: 2046, AvailableCompletionPortThreads: 1000
MaxWorkingThreads: 2047, MaxCompletionPortThreads: 1000
LISTServer ----------------------------------
Started Time: 2018/1/4 15:54:46
Is Running: True
Total Connections: 0
Maximum Allowed Connection Number: 1000
Total Handled Requests: 48
Request Handling Speed (#/second): 0
Avialable Sending Queue Items: 256
Total Sending Queue Items: 256

2018-01-04 16:10:46,770 Performance - ---------------------------------------------------
CPU Usage: 0.03%, Physical Memory Usage: 81,031,168.00, Total Thread Count: 37
AvailableWorkingThreads: 2046, AvailableCompletionPortThreads: 1000
MaxWorkingThreads: 2047, MaxCompletionPortThreads: 1000
LISTServer ----------------------------------
Started Time: 2018/1/4 15:54:46
Is Running: True
Total Connections: 0
Maximum Allowed Connection Number: 1000
Total Handled Requests: 48
Request Handling Speed (#/second): 0
Avialable Sending Queue Items: 256
Total Sending Queue Items: 256

2018-01-04 16:11:46,758 Performance - ---------------------------------------------------
CPU Usage: 0.01%, Physical Memory Usage: 79,167,488.00, Total Thread Count: 38
AvailableWorkingThreads: 2046, AvailableCompletionPortThreads: 1000
MaxWorkingThreads: 2047, MaxCompletionPortThreads: 1000
LISTServer ----------------------------------
Started Time: 2018/1/4 15:54:46
Is Running: True
Total Connections: 0
Maximum Allowed Connection Number: 1000
Total Handled Requests: 48
Request Handling Speed (#/second): 0
Avialable Sending Queue Items: 256
Total Sending Queue Items: 256

2018-01-04 16:12:46,773 Performance - ---------------------------------------------------
CPU Usage: 0.00%, Physical Memory Usage: 79,630,336.00, Total Thread Count: 37
AvailableWorkingThreads: 2046, AvailableCompletionPortThreads: 1000
MaxWorkingThreads: 2047, MaxCompletionPortThreads: 1000
LISTServer ----------------------------------
Started Time: 2018/1/4 15:54:46
Is Running: True
Total Connections: 0
Maximum Allowed Connection Number: 1000
Total Handled Requests: 48
Request Handling Speed (#/second): 0
Avialable Sending Queue Items: 256
Total Sending Queue Items: 256

2018-01-04 16:13:46,790 Performance - ---------------------------------------------------
CPU Usage: 0.03%, Physical Memory Usage: 80,101,376.00, Total Thread Count: 38
AvailableWorkingThreads: 2046, AvailableCompletionPortThreads: 1000
MaxWorkingThreads: 2047, MaxCompletionPortThreads: 1000
LISTServer ----------------------------------
Started Time: 2018/1/4 15:54:46
Is Running: True
Total Connections: 0
Maximum Allowed Connection Number: 1000
Total Handled Requests: 48
Request Handling Speed (#/second): 0
Avialable Sending Queue Items: 256
Total Sending Queue Items: 256

2018-01-04 16:14:46,776 Performance - ---------------------------------------------------
CPU Usage: 0.02%, Physical Memory Usage: 80,519,168.00, Total Thread Count: 38
AvailableWorkingThreads: 2046, AvailableCompletionPortThreads: 1000
MaxWorkingThreads: 2047, MaxCompletionPortThreads: 1000
LISTServer ----------------------------------
Started Time: 2018/1/4 15:54:46
Is Running: True
Total Connections: 0
Maximum Allowed Connection Number: 1000
Total Handled Requests: 48
Request Handling Speed (#/second): 0
Avialable Sending Queue Items: 256
Total Sending Queue Items: 256

2018-01-04 16:15:46,777 Performance - ---------------------------------------------------
CPU Usage: 0.01%, Physical Memory Usage: 80,592,896.00, Total Thread Count: 37
AvailableWorkingThreads: 2046, AvailableCompletionPortThreads: 1000
MaxWorkingThreads: 2047, MaxCompletionPortThreads: 1000
LISTServer ----------------------------------
Started Time: 2018/1/4 15:54:46
Is Running: True
Total Connections: 0
Maximum Allowed Connection Number: 1000
Total Handled Requests: 48
Request Handling Speed (#/second): 0
Avialable Sending Queue Items: 256
Total Sending Queue Items: 256

2018-01-04 16:16:46,782 Performance - ---------------------------------------------------
CPU Usage: 0.00%, Physical Memory Usage: 81,059,840.00, Total Thread Count: 36
AvailableWorkingThreads: 2046, AvailableCompletionPortThreads: 1000
MaxWorkingThreads: 2047, MaxCompletionPortThreads: 1000
LISTServer ----------------------------------
Started Time: 2018/1/4 15:54:46
Is Running: True
Total Connections: 0
Maximum Allowed Connection Number: 1000
Total Handled Requests: 48
Request Handling Speed (#/second): 0
Avialable Sending Queue Items: 256
Total Sending Queue Items: 256

2018-01-04 16:17:46,785 Performance - ---------------------------------------------------
CPU Usage: 0.01%, Physical Memory Usage: 81,600,512.00, Total Thread Count: 38
AvailableWorkingThreads: 2046, AvailableCompletionPortThreads: 1000
MaxWorkingThreads: 2047, MaxCompletionPortThreads: 1000
LISTServer ----------------------------------
Started Time: 2018/1/4 15:54:46
Is Running: True
Total Connections: 0
Maximum Allowed Connection Number: 1000
Total Handled Requests: 48
Request Handling Speed (#/second): 0
Avialable Sending Queue Items: 256
Total Sending Queue Items: 256

2018-01-04 16:18:46,784 Performance - ---------------------------------------------------
CPU Usage: 0.01%, Physical Memory Usage: 81,920,000.00, Total Thread Count: 37
AvailableWorkingThreads: 2046, AvailableCompletionPortThreads: 1000
MaxWorkingThreads: 2047, MaxCompletionPortThreads: 1000
LISTServer ----------------------------------
Started Time: 2018/1/4 15:54:46
Is Running: True
Total Connections: 0
Maximum Allowed Connection Number: 1000
Total Handled Requests: 48
Request Handling Speed (#/second): 0
Avialable Sending Queue Items: 256
Total Sending Queue Items: 256

2018-01-04 16:19:46,784 Performance - ---------------------------------------------------
CPU Usage: 0.01%, Physical Memory Usage: 82,272,256.00, Total Thread Count: 37
AvailableWorkingThreads: 2046, AvailableCompletionPortThreads: 1000
MaxWorkingThreads: 2047, MaxCompletionPortThreads: 1000
LISTServer ----------------------------------
Started Time: 2018/1/4 15:54:46
Is Running: True
Total Connections: 0
Maximum Allowed Connection Number: 1000
Total Handled Requests: 48
Request Handling Speed (#/second): 0
Avialable Sending Queue Items: 256
Total Sending Queue Items: 256

2018-01-04 16:20:46,785 Performance - ---------------------------------------------------
CPU Usage: 0.01%, Physical Memory Usage: 82,456,576.00, Total Thread Count: 37
AvailableWorkingThreads: 2046, AvailableCompletionPortThreads: 1000
MaxWorkingThreads: 2047, MaxCompletionPortThreads: 1000
LISTServer ----------------------------------
Started Time: 2018/1/4 15:54:46
Is Running: True
Total Connections: 0
Maximum Allowed Connection Number: 1000
Total Handled Requests: 48
Request Handling Speed (#/second): 0
Avialable Sending Queue Items: 256
Total Sending Queue Items: 256

2018-01-04 16:21:46,785 Performance - ---------------------------------------------------
CPU Usage: 0.01%, Physical Memory Usage: 82,722,816.00, Total Thread Count: 37
AvailableWorkingThreads: 2046, AvailableCompletionPortThreads: 1000
MaxWorkingThreads: 2047, MaxCompletionPortThreads: 1000
LISTServer ----------------------------------
Started Time: 2018/1/4 15:54:46
Is Running: True
Total Connections: 0
Maximum Allowed Connection Number: 1000
Total Handled Requests: 48
Request Handling Speed (#/second): 0
Avialable Sending Queue Items: 256
Total Sending Queue Items: 256

2018-01-04 16:22:46,802 Performance - ---------------------------------------------------
CPU Usage: 0.01%, Physical Memory Usage: 83,095,552.00, Total Thread Count: 37
AvailableWorkingThreads: 2046, AvailableCompletionPortThreads: 1000
MaxWorkingThreads: 2047, MaxCompletionPortThreads: 1000
LISTServer ----------------------------------
Started Time: 2018/1/4 15:54:46
Is Running: True
Total Connections: 0
Maximum Allowed Connection Number: 1000
Total Handled Requests: 48
Request Handling Speed (#/second): 0
Avialable Sending Queue Items: 256
Total Sending Queue Items: 256

2018-01-04 16:23:46,802 Performance - ---------------------------------------------------
CPU Usage: 0.01%, Physical Memory Usage: 82,931,712.00, Total Thread Count: 38
AvailableWorkingThreads: 2046, AvailableCompletionPortThreads: 1000
MaxWorkingThreads: 2047, MaxCompletionPortThreads: 1000
LISTServer ----------------------------------
Started Time: 2018/1/4 15:54:46
Is Running: True
Total Connections: 0
Maximum Allowed Connection Number: 1000
Total Handled Requests: 48
Request Handling Speed (#/second): 0
Avialable Sending Queue Items: 256
Total Sending Queue Items: 256

2018-01-04 16:24:46,830 Performance - ---------------------------------------------------
CPU Usage: 0.05%, Physical Memory Usage: 83,333,120.00, Total Thread Count: 37
AvailableWorkingThreads: 2046, AvailableCompletionPortThreads: 1000
MaxWorkingThreads: 2047, MaxCompletionPortThreads: 1000
LISTServer ----------------------------------
Started Time: 2018/1/4 15:54:46
Is Running: True
Total Connections: 0
Maximum Allowed Connection Number: 1000
Total Handled Requests: 48
Request Handling Speed (#/second): 0
Avialable Sending Queue Items: 256
Total Sending Queue Items: 256

2018-01-04 16:25:46,802 Performance - ---------------------------------------------------
CPU Usage: 0.01%, Physical Memory Usage: 84,135,936.00, Total Thread Count: 36
AvailableWorkingThreads: 2046, AvailableCompletionPortThreads: 1000
MaxWorkingThreads: 2047, MaxCompletionPortThreads: 1000
LISTServer ----------------------------------
Started Time: 2018/1/4 15:54:46
Is Running: True
Total Connections: 0
Maximum Allowed Connection Number: 1000
Total Handled Requests: 48
Request Handling Speed (#/second): 0
Avialable Sending Queue Items: 256
Total Sending Queue Items: 256

2018-01-04 16:26:46,819 Performance - ---------------------------------------------------
CPU Usage: 0.01%, Physical Memory Usage: 84,537,344.00, Total Thread Count: 37
AvailableWorkingThreads: 2046, AvailableCompletionPortThreads: 1000
MaxWorkingThreads: 2047, MaxCompletionPortThreads: 1000
LISTServer ----------------------------------
Started Time: 2018/1/4 15:54:46
Is Running: True
Total Connections: 0
Maximum Allowed Connection Number: 1000
Total Handled Requests: 48
Request Handling Speed (#/second): 0
Avialable Sending Queue Items: 256
Total Sending Queue Items: 256

2018-01-04 16:27:46,821 Performance - ---------------------------------------------------
CPU Usage: 0.03%, Physical Memory Usage: 84,819,968.00, Total Thread Count: 37
AvailableWorkingThreads: 2046, AvailableCompletionPortThreads: 1000
MaxWorkingThreads: 2047, MaxCompletionPortThreads: 1000
LISTServer ----------------------------------
Started Time: 2018/1/4 15:54:46
Is Running: True
Total Connections: 0
Maximum Allowed Connection Number: 1000
Total Handled Requests: 48
Request Handling Speed (#/second): 0
Avialable Sending Queue Items: 256
Total Sending Queue Items: 256

2018-01-04 16:28:46,866 Performance - ---------------------------------------------------
CPU Usage: 0.01%, Physical Memory Usage: 77,746,176.00, Total Thread Count: 37
AvailableWorkingThreads: 2046, AvailableCompletionPortThreads: 1000
MaxWorkingThreads: 2047, MaxCompletionPortThreads: 1000
LISTServer ----------------------------------
Started Time: 2018/1/4 15:54:46
Is Running: True
Total Connections: 0
Maximum Allowed Connection Number: 1000
Total Handled Requests: 48
Request Handling Speed (#/second): 0
Avialable Sending Queue Items: 256
Total Sending Queue Items: 256

2018-01-04 16:29:46,818 Performance - ---------------------------------------------------
CPU Usage: 0.01%, Physical Memory Usage: 78,004,224.00, Total Thread Count: 36
AvailableWorkingThreads: 2044, AvailableCompletionPortThreads: 1000
MaxWorkingThreads: 2047, MaxCompletionPortThreads: 1000
LISTServer ----------------------------------
Started Time: 2018/1/4 15:54:46
Is Running: True
Total Connections: 0
Maximum Allowed Connection Number: 1000
Total Handled Requests: 48
Request Handling Speed (#/second): 0
Avialable Sending Queue Items: 256
Total Sending Queue Items: 256

2018-01-04 16:30:46,821 Performance - ---------------------------------------------------
CPU Usage: 0.01%, Physical Memory Usage: 78,323,712.00, Total Thread Count: 38
AvailableWorkingThreads: 2046, AvailableCompletionPortThreads: 1000
MaxWorkingThreads: 2047, MaxCompletionPortThreads: 1000
LISTServer ----------------------------------
Started Time: 2018/1/4 15:54:46
Is Running: True
Total Connections: 0
Maximum Allowed Connection Number: 1000
Total Handled Requests: 48
Request Handling Speed (#/second): 0
Avialable Sending Queue Items: 256
Total Sending Queue Items: 256

2018-01-04 16:31:46,820 Performance - ---------------------------------------------------
CPU Usage: 0.01%, Physical Memory Usage: 78,569,472.00, Total Thread Count: 37
AvailableWorkingThreads: 2045, AvailableCompletionPortThreads: 1000
MaxWorkingThreads: 2047, MaxCompletionPortThreads: 1000
LISTServer ----------------------------------
Started Time: 2018/1/4 15:54:46
Is Running: True
Total Connections: 1
Maximum Allowed Connection Number: 1000
Total Handled Requests: 48
Request Handling Speed (#/second): 0
Avialable Sending Queue Items: 255
Total Sending Queue Items: 256

2018-01-04 16:32:46,839 Performance - ---------------------------------------------------
CPU Usage: 0.01%, Physical Memory Usage: 78,913,536.00, Total Thread Count: 38
AvailableWorkingThreads: 2046, AvailableCompletionPortThreads: 1000
MaxWorkingThreads: 2047, MaxCompletionPortThreads: 1000
LISTServer ----------------------------------
Started Time: 2018/1/4 15:54:46
Is Running: True
Total Connections: 0
Maximum Allowed Connection Number: 1000
Total Handled Requests: 60
Request Handling Speed (#/second): 0
Avialable Sending Queue Items: 256
Total Sending Queue Items: 256

2018-01-04 16:33:46,842 Performance - ---------------------------------------------------
CPU Usage: 0.02%, Physical Memory Usage: 73,764,864.00, Total Thread Count: 37
AvailableWorkingThreads: 2046, AvailableCompletionPortThreads: 1000
MaxWorkingThreads: 2047, MaxCompletionPortThreads: 1000
LISTServer ----------------------------------
Started Time: 2018/1/4 15:54:46
Is Running: True
Total Connections: 0
Maximum Allowed Connection Number: 1000
Total Handled Requests: 60
Request Handling Speed (#/second): 0
Avialable Sending Queue Items: 256
Total Sending Queue Items: 256

2018-01-04 16:34:46,848 Performance - ---------------------------------------------------
CPU Usage: 0.01%, Physical Memory Usage: 73,854,976.00, Total Thread Count: 39
AvailableWorkingThreads: 2046, AvailableCompletionPortThreads: 1000
MaxWorkingThreads: 2047, MaxCompletionPortThreads: 1000
LISTServer ----------------------------------
Started Time: 2018/1/4 15:54:46
Is Running: True
Total Connections: 0
Maximum Allowed Connection Number: 1000
Total Handled Requests: 60
Request Handling Speed (#/second): 0
Avialable Sending Queue Items: 256
Total Sending Queue Items: 256

2018-01-04 16:35:46,849 Performance - ---------------------------------------------------
CPU Usage: 0.02%, Physical Memory Usage: 74,035,200.00, Total Thread Count: 37
AvailableWorkingThreads: 2046, AvailableCompletionPortThreads: 1000
MaxWorkingThreads: 2047, MaxCompletionPortThreads: 1000
LISTServer ----------------------------------
Started Time: 2018/1/4 15:54:46
Is Running: True
Total Connections: 0
Maximum Allowed Connection Number: 1000
Total Handled Requests: 60
Request Handling Speed (#/second): 0
Avialable Sending Queue Items: 256
Total Sending Queue Items: 256

2018-01-04 16:36:46,851 Performance - ---------------------------------------------------
CPU Usage: 0.01%, Physical Memory Usage: 74,194,944.00, Total Thread Count: 38
AvailableWorkingThreads: 2046, AvailableCompletionPortThreads: 1000
MaxWorkingThreads: 2047, MaxCompletionPortThreads: 1000
LISTServer ----------------------------------
Started Time: 2018/1/4 15:54:46
Is Running: True
Total Connections: 0
Maximum Allowed Connection Number: 1000
Total Handled Requests: 60
Request Handling Speed (#/second): 0
Avialable Sending Queue Items: 256
Total Sending Queue Items: 256

2018-01-04 16:37:46,851 Performance - ---------------------------------------------------
CPU Usage: 0.01%, Physical Memory Usage: 74,457,088.00, Total Thread Count: 38
AvailableWorkingThreads: 2046, AvailableCompletionPortThreads: 1000
MaxWorkingThreads: 2047, MaxCompletionPortThreads: 1000
LISTServer ----------------------------------
Started Time: 2018/1/4 15:54:46
Is Running: True
Total Connections: 0
Maximum Allowed Connection Number: 1000
Total Handled Requests: 60
Request Handling Speed (#/second): 0
Avialable Sending Queue Items: 256
Total Sending Queue Items: 256

2018-01-04 16:38:46,857 Performance - ---------------------------------------------------
CPU Usage: 0.02%, Physical Memory Usage: 73,465,856.00, Total Thread Count: 37
AvailableWorkingThreads: 2046, AvailableCompletionPortThreads: 1000
MaxWorkingThreads: 2047, MaxCompletionPortThreads: 1000
LISTServer ----------------------------------
Started Time: 2018/1/4 15:54:46
Is Running: True
Total Connections: 0
Maximum Allowed Connection Number: 1000
Total Handled Requests: 60
Request Handling Speed (#/second): 0
Avialable Sending Queue Items: 256
Total Sending Queue Items: 256

2018-01-04 16:39:46,862 Performance - ---------------------------------------------------
CPU Usage: 0.00%, Physical Memory Usage: 72,835,072.00, Total Thread Count: 36
AvailableWorkingThreads: 2046, AvailableCompletionPortThreads: 1000
MaxWorkingThreads: 2047, MaxCompletionPortThreads: 1000
LISTServer ----------------------------------
Started Time: 2018/1/4 15:54:46
Is Running: True
Total Connections: 0
Maximum Allowed Connection Number: 1000
Total Handled Requests: 60
Request Handling Speed (#/second): 0
Avialable Sending Queue Items: 256
Total Sending Queue Items: 256

2018-01-04 16:40:46,864 Performance - ---------------------------------------------------
CPU Usage: 0.01%, Physical Memory Usage: 73,043,968.00, Total Thread Count: 36
AvailableWorkingThreads: 2046, AvailableCompletionPortThreads: 1000
MaxWorkingThreads: 2047, MaxCompletionPortThreads: 1000
LISTServer ----------------------------------
Started Time: 2018/1/4 15:54:46
Is Running: True
Total Connections: 0
Maximum Allowed Connection Number: 1000
Total Handled Requests: 60
Request Handling Speed (#/second): 0
Avialable Sending Queue Items: 256
Total Sending Queue Items: 256

2018-01-04 16:41:46,867 Performance - ---------------------------------------------------
CPU Usage: 0.03%, Physical Memory Usage: 73,375,744.00, Total Thread Count: 37
AvailableWorkingThreads: 2046, AvailableCompletionPortThreads: 1000
MaxWorkingThreads: 2047, MaxCompletionPortThreads: 1000
LISTServer ----------------------------------
Started Time: 2018/1/4 15:54:46
Is Running: True
Total Connections: 0
Maximum Allowed Connection Number: 1000
Total Handled Requests: 60
Request Handling Speed (#/second): 0
Avialable Sending Queue Items: 256
Total Sending Queue Items: 256

2018-01-04 16:42:46,868 Performance - ---------------------------------------------------
CPU Usage: 0.03%, Physical Memory Usage: 72,167,424.00, Total Thread Count: 37
AvailableWorkingThreads: 2046, AvailableCompletionPortThreads: 1000
MaxWorkingThreads: 2047, MaxCompletionPortThreads: 1000
LISTServer ----------------------------------
Started Time: 2018/1/4 15:54:46
Is Running: True
Total Connections: 0
Maximum Allowed Connection Number: 1000
Total Handled Requests: 60
Request Handling Speed (#/second): 0
Avialable Sending Queue Items: 256
Total Sending Queue Items: 256

2018-01-04 16:43:46,865 Performance - ---------------------------------------------------
CPU Usage: 0.01%, Physical Memory Usage: 69,218,304.00, Total Thread Count: 36
AvailableWorkingThreads: 2046, AvailableCompletionPortThreads: 1000
MaxWorkingThreads: 2047, MaxCompletionPortThreads: 1000
LISTServer ----------------------------------
Started Time: 2018/1/4 15:54:46
Is Running: True
Total Connections: 0
Maximum Allowed Connection Number: 1000
Total Handled Requests: 60
Request Handling Speed (#/second): 0
Avialable Sending Queue Items: 256
Total Sending Queue Items: 256

2018-01-04 16:44:46,864 Performance - ---------------------------------------------------
CPU Usage: 0.01%, Physical Memory Usage: 69,447,680.00, Total Thread Count: 37
AvailableWorkingThreads: 2046, AvailableCompletionPortThreads: 1000
MaxWorkingThreads: 2047, MaxCompletionPortThreads: 1000
LISTServer ----------------------------------
Started Time: 2018/1/4 15:54:46
Is Running: True
Total Connections: 0
Maximum Allowed Connection Number: 1000
Total Handled Requests: 60
Request Handling Speed (#/second): 0
Avialable Sending Queue Items: 256
Total Sending Queue Items: 256

2018-01-04 16:45:46,864 Performance - ---------------------------------------------------
CPU Usage: 0.02%, Physical Memory Usage: 69,705,728.00, Total Thread Count: 37
AvailableWorkingThreads: 2046, AvailableCompletionPortThreads: 1000
MaxWorkingThreads: 2047, MaxCompletionPortThreads: 1000
LISTServer ----------------------------------
Started Time: 2018/1/4 15:54:46
Is Running: True
Total Connections: 0
Maximum Allowed Connection Number: 1000
Total Handled Requests: 60
Request Handling Speed (#/second): 0
Avialable Sending Queue Items: 256
Total Sending Queue Items: 256

2018-01-04 16:46:46,871 Performance - ---------------------------------------------------
CPU Usage: 0.04%, Physical Memory Usage: 69,095,424.00, Total Thread Count: 37
AvailableWorkingThreads: 2046, AvailableCompletionPortThreads: 1000
MaxWorkingThreads: 2047, MaxCompletionPortThreads: 1000
LISTServer ----------------------------------
Started Time: 2018/1/4 15:54:46
Is Running: True
Total Connections: 0
Maximum Allowed Connection Number: 1000
Total Handled Requests: 60
Request Handling Speed (#/second): 0
Avialable Sending Queue Items: 256
Total Sending Queue Items: 256

2018-01-04 16:47:46,879 Performance - ---------------------------------------------------
CPU Usage: 0.01%, Physical Memory Usage: 69,165,056.00, Total Thread Count: 37
AvailableWorkingThreads: 2046, AvailableCompletionPortThreads: 1000
MaxWorkingThreads: 2047, MaxCompletionPortThreads: 1000
LISTServer ----------------------------------
Started Time: 2018/1/4 15:54:46
Is Running: True
Total Connections: 0
Maximum Allowed Connection Number: 1000
Total Handled Requests: 60
Request Handling Speed (#/second): 0
Avialable Sending Queue Items: 256
Total Sending Queue Items: 256

2018-01-04 16:48:46,879 Performance - ---------------------------------------------------
CPU Usage: 0.01%, Physical Memory Usage: 69,197,824.00, Total Thread Count: 39
AvailableWorkingThreads: 2046, AvailableCompletionPortThreads: 1000
MaxWorkingThreads: 2047, MaxCompletionPortThreads: 1000
LISTServer ----------------------------------
Started Time: 2018/1/4 15:54:46
Is Running: True
Total Connections: 0
Maximum Allowed Connection Number: 1000
Total Handled Requests: 60
Request Handling Speed (#/second): 0
Avialable Sending Queue Items: 256
Total Sending Queue Items: 256

2018-01-04 16:49:46,880 Performance - ---------------------------------------------------
CPU Usage: 0.01%, Physical Memory Usage: 69,496,832.00, Total Thread Count: 38
AvailableWorkingThreads: 2046, AvailableCompletionPortThreads: 1000
MaxWorkingThreads: 2047, MaxCompletionPortThreads: 1000
LISTServer ----------------------------------
Started Time: 2018/1/4 15:54:46
Is Running: True
Total Connections: 0
Maximum Allowed Connection Number: 1000
Total Handled Requests: 60
Request Handling Speed (#/second): 0
Avialable Sending Queue Items: 256
Total Sending Queue Items: 256

2018-01-04 16:50:46,882 Performance - ---------------------------------------------------
CPU Usage: 0.02%, Physical Memory Usage: 69,742,592.00, Total Thread Count: 38
AvailableWorkingThreads: 2046, AvailableCompletionPortThreads: 1000
MaxWorkingThreads: 2047, MaxCompletionPortThreads: 1000
LISTServer ----------------------------------
Started Time: 2018/1/4 15:54:46
Is Running: True
Total Connections: 0
Maximum Allowed Connection Number: 1000
Total Handled Requests: 60
Request Handling Speed (#/second): 0
Avialable Sending Queue Items: 256
Total Sending Queue Items: 256

2018-01-04 16:51:46,883 Performance - ---------------------------------------------------
CPU Usage: 0.03%, Physical Memory Usage: 69,861,376.00, Total Thread Count: 39
AvailableWorkingThreads: 2046, AvailableCompletionPortThreads: 1000
MaxWorkingThreads: 2047, MaxCompletionPortThreads: 1000
LISTServer ----------------------------------
Started Time: 2018/1/4 15:54:46
Is Running: True
Total Connections: 0
Maximum Allowed Connection Number: 1000
Total Handled Requests: 60
Request Handling Speed (#/second): 0
Avialable Sending Queue Items: 256
Total Sending Queue Items: 256

2018-01-04 16:52:46,899 Performance - ---------------------------------------------------
CPU Usage: 0.00%, Physical Memory Usage: 70,012,928.00, Total Thread Count: 36
AvailableWorkingThreads: 2046, AvailableCompletionPortThreads: 1000
MaxWorkingThreads: 2047, MaxCompletionPortThreads: 1000
LISTServer ----------------------------------
Started Time: 2018/1/4 15:54:46
Is Running: True
Total Connections: 0
Maximum Allowed Connection Number: 1000
Total Handled Requests: 60
Request Handling Speed (#/second): 0
Avialable Sending Queue Items: 256
Total Sending Queue Items: 256

2018-01-04 16:53:46,896 Performance - ---------------------------------------------------
CPU Usage: 0.01%, Physical Memory Usage: 69,611,520.00, Total Thread Count: 37
AvailableWorkingThreads: 2046, AvailableCompletionPortThreads: 1000
MaxWorkingThreads: 2047, MaxCompletionPortThreads: 1000
LISTServer ----------------------------------
Started Time: 2018/1/4 15:54:46
Is Running: True
Total Connections: 0
Maximum Allowed Connection Number: 1000
Total Handled Requests: 60
Request Handling Speed (#/second): 0
Avialable Sending Queue Items: 256
Total Sending Queue Items: 256

2018-01-04 16:54:46,998 Performance - ---------------------------------------------------
CPU Usage: 0.03%, Physical Memory Usage: 69,869,568.00, Total Thread Count: 38
AvailableWorkingThreads: 2046, AvailableCompletionPortThreads: 1000
MaxWorkingThreads: 2047, MaxCompletionPortThreads: 1000
LISTServer ----------------------------------
Started Time: 2018/1/4 15:54:46
Is Running: True
Total Connections: 0
Maximum Allowed Connection Number: 1000
Total Handled Requests: 60
Request Handling Speed (#/second): 0
Avialable Sending Queue Items: 256
Total Sending Queue Items: 256

2018-01-04 16:55:46,903 Performance - ---------------------------------------------------
CPU Usage: 0.01%, Physical Memory Usage: 65,257,472.00, Total Thread Count: 36
AvailableWorkingThreads: 2046, AvailableCompletionPortThreads: 1000
MaxWorkingThreads: 2047, MaxCompletionPortThreads: 1000
LISTServer ----------------------------------
Started Time: 2018/1/4 15:54:46
Is Running: True
Total Connections: 0
Maximum Allowed Connection Number: 1000
Total Handled Requests: 60
Request Handling Speed (#/second): 0
Avialable Sending Queue Items: 256
Total Sending Queue Items: 256

2018-01-04 16:56:46,920 Performance - ---------------------------------------------------
CPU Usage: 0.01%, Physical Memory Usage: 65,769,472.00, Total Thread Count: 38
AvailableWorkingThreads: 2046, AvailableCompletionPortThreads: 1000
MaxWorkingThreads: 2047, MaxCompletionPortThreads: 1000
LISTServer ----------------------------------
Started Time: 2018/1/4 15:54:46
Is Running: True
Total Connections: 0
Maximum Allowed Connection Number: 1000
Total Handled Requests: 60
Request Handling Speed (#/second): 0
Avialable Sending Queue Items: 256
Total Sending Queue Items: 256

2018-01-04 16:57:46,925 Performance - ---------------------------------------------------
CPU Usage: 0.00%, Physical Memory Usage: 66,162,688.00, Total Thread Count: 38
AvailableWorkingThreads: 2046, AvailableCompletionPortThreads: 1000
MaxWorkingThreads: 2047, MaxCompletionPortThreads: 1000
LISTServer ----------------------------------
Started Time: 2018/1/4 15:54:46
Is Running: True
Total Connections: 0
Maximum Allowed Connection Number: 1000
Total Handled Requests: 60
Request Handling Speed (#/second): 0
Avialable Sending Queue Items: 256
Total Sending Queue Items: 256

2018-01-04 16:58:46,933 Performance - ---------------------------------------------------
CPU Usage: 0.01%, Physical Memory Usage: 64,901,120.00, Total Thread Count: 37
AvailableWorkingThreads: 2046, AvailableCompletionPortThreads: 1000
MaxWorkingThreads: 2047, MaxCompletionPortThreads: 1000
LISTServer ----------------------------------
Started Time: 2018/1/4 15:54:46
Is Running: True
Total Connections: 0
Maximum Allowed Connection Number: 1000
Total Handled Requests: 60
Request Handling Speed (#/second): 0
Avialable Sending Queue Items: 256
Total Sending Queue Items: 256

2018-01-04 16:59:46,929 Performance - ---------------------------------------------------
CPU Usage: 0.01%, Physical Memory Usage: 65,757,184.00, Total Thread Count: 38
AvailableWorkingThreads: 2046, AvailableCompletionPortThreads: 1000
MaxWorkingThreads: 2047, MaxCompletionPortThreads: 1000
LISTServer ----------------------------------
Started Time: 2018/1/4 15:54:46
Is Running: True
Total Connections: 0
Maximum Allowed Connection Number: 1000
Total Handled Requests: 60
Request Handling Speed (#/second): 0
Avialable Sending Queue Items: 256
Total Sending Queue Items: 256

2018-01-04 17:00:46,927 Performance - ---------------------------------------------------
CPU Usage: 0.01%, Physical Memory Usage: 66,039,808.00, Total Thread Count: 38
AvailableWorkingThreads: 2046, AvailableCompletionPortThreads: 1000
MaxWorkingThreads: 2047, MaxCompletionPortThreads: 1000
LISTServer ----------------------------------
Started Time: 2018/1/4 15:54:46
Is Running: True
Total Connections: 0
Maximum Allowed Connection Number: 1000
Total Handled Requests: 60
Request Handling Speed (#/second): 0
Avialable Sending Queue Items: 256
Total Sending Queue Items: 256

2018-01-04 17:01:46,931 Performance - ---------------------------------------------------
CPU Usage: 0.03%, Physical Memory Usage: 66,846,720.00, Total Thread Count: 38
AvailableWorkingThreads: 2046, AvailableCompletionPortThreads: 1000
MaxWorkingThreads: 2047, MaxCompletionPortThreads: 1000
LISTServer ----------------------------------
Started Time: 2018/1/4 15:54:46
Is Running: True
Total Connections: 0
Maximum Allowed Connection Number: 1000
Total Handled Requests: 60
Request Handling Speed (#/second): 0
Avialable Sending Queue Items: 256
Total Sending Queue Items: 256

2018-01-04 17:02:46,931 Performance - ---------------------------------------------------
CPU Usage: 0.03%, Physical Memory Usage: 67,170,304.00, Total Thread Count: 37
AvailableWorkingThreads: 2046, AvailableCompletionPortThreads: 1000
MaxWorkingThreads: 2047, MaxCompletionPortThreads: 1000
LISTServer ----------------------------------
Started Time: 2018/1/4 15:54:46
Is Running: True
Total Connections: 0
Maximum Allowed Connection Number: 1000
Total Handled Requests: 60
Request Handling Speed (#/second): 0
Avialable Sending Queue Items: 256
Total Sending Queue Items: 256

2018-01-04 17:03:46,943 Performance - ---------------------------------------------------
CPU Usage: 0.01%, Physical Memory Usage: 68,169,728.00, Total Thread Count: 38
AvailableWorkingThreads: 2046, AvailableCompletionPortThreads: 1000
MaxWorkingThreads: 2047, MaxCompletionPortThreads: 1000
LISTServer ----------------------------------
Started Time: 2018/1/4 15:54:46
Is Running: True
Total Connections: 0
Maximum Allowed Connection Number: 1000
Total Handled Requests: 60
Request Handling Speed (#/second): 0
Avialable Sending Queue Items: 256
Total Sending Queue Items: 256

2018-01-04 17:04:46,941 Performance - ---------------------------------------------------
CPU Usage: 0.01%, Physical Memory Usage: 69,255,168.00, Total Thread Count: 39
AvailableWorkingThreads: 2046, AvailableCompletionPortThreads: 1000
MaxWorkingThreads: 2047, MaxCompletionPortThreads: 1000
LISTServer ----------------------------------
Started Time: 2018/1/4 15:54:46
Is Running: True
Total Connections: 0
Maximum Allowed Connection Number: 1000
Total Handled Requests: 62
Request Handling Speed (#/second): 0
Avialable Sending Queue Items: 256
Total Sending Queue Items: 256

2018-01-04 17:05:46,959 Performance - ---------------------------------------------------
CPU Usage: 0.01%, Physical Memory Usage: 69,545,984.00, Total Thread Count: 39
AvailableWorkingThreads: 2046, AvailableCompletionPortThreads: 1000
MaxWorkingThreads: 2047, MaxCompletionPortThreads: 1000
LISTServer ----------------------------------
Started Time: 2018/1/4 15:54:46
Is Running: True
Total Connections: 0
Maximum Allowed Connection Number: 1000
Total Handled Requests: 66
Request Handling Speed (#/second): 0
Avialable Sending Queue Items: 256
Total Sending Queue Items: 256

2018-01-04 17:13:24,071 Performance - ---------------------------------------------------
CPU Usage: 0.02%, Physical Memory Usage: 67,981,312.00, Total Thread Count: 39
AvailableWorkingThreads: 2043, AvailableCompletionPortThreads: 999
MaxWorkingThreads: 2047, MaxCompletionPortThreads: 1000
LISTServer ----------------------------------
Started Time: 2018/1/4 15:54:46
Is Running: True
Total Connections: 6
Maximum Allowed Connection Number: 1000
Total Handled Requests: 66
Request Handling Speed (#/second): 0
Avialable Sending Queue Items: 250
Total Sending Queue Items: 256

2018-01-04 17:14:23,790 Performance - ---------------------------------------------------
CPU Usage: 0.04%, Physical Memory Usage: 68,542,464.00, Total Thread Count: 43
AvailableWorkingThreads: 2046, AvailableCompletionPortThreads: 1000
MaxWorkingThreads: 2047, MaxCompletionPortThreads: 1000
LISTServer ----------------------------------
Started Time: 2018/1/4 15:54:46
Is Running: True
Total Connections: 2
Maximum Allowed Connection Number: 1000
Total Handled Requests: 122
Request Handling Speed (#/second): 1
Avialable Sending Queue Items: 254
Total Sending Queue Items: 256

2018-01-04 17:15:23,798 Performance - ---------------------------------------------------
CPU Usage: 0.03%, Physical Memory Usage: 70,586,368.00, Total Thread Count: 41
AvailableWorkingThreads: 2046, AvailableCompletionPortThreads: 1000
MaxWorkingThreads: 2047, MaxCompletionPortThreads: 1000
LISTServer ----------------------------------
Started Time: 2018/1/4 15:54:46
Is Running: True
Total Connections: 1
Maximum Allowed Connection Number: 1000
Total Handled Requests: 177
Request Handling Speed (#/second): 1
Avialable Sending Queue Items: 255
Total Sending Queue Items: 256

2018-01-04 17:16:23,802 Performance - ---------------------------------------------------
CPU Usage: 0.02%, Physical Memory Usage: 68,841,472.00, Total Thread Count: 36
AvailableWorkingThreads: 2046, AvailableCompletionPortThreads: 1000
MaxWorkingThreads: 2047, MaxCompletionPortThreads: 1000
LISTServer ----------------------------------
Started Time: 2018/1/4 15:54:46
Is Running: True
Total Connections: 3
Maximum Allowed Connection Number: 1000
Total Handled Requests: 202
Request Handling Speed (#/second): 0
Avialable Sending Queue Items: 253
Total Sending Queue Items: 256

2018-01-04 17:17:23,803 Performance - ---------------------------------------------------
CPU Usage: 0.01%, Physical Memory Usage: 69,455,872.00, Total Thread Count: 38
AvailableWorkingThreads: 2046, AvailableCompletionPortThreads: 1000
MaxWorkingThreads: 2047, MaxCompletionPortThreads: 1000
LISTServer ----------------------------------
Started Time: 2018/1/4 15:54:46
Is Running: True
Total Connections: 3
Maximum Allowed Connection Number: 1000
Total Handled Requests: 265
Request Handling Speed (#/second): 1
Avialable Sending Queue Items: 253
Total Sending Queue Items: 256

2018-01-04 17:18:23,804 Performance - ---------------------------------------------------
CPU Usage: 0.01%, Physical Memory Usage: 69,980,160.00, Total Thread Count: 34
AvailableWorkingThreads: 2046, AvailableCompletionPortThreads: 1000
MaxWorkingThreads: 2047, MaxCompletionPortThreads: 1000
LISTServer ----------------------------------
Started Time: 2018/1/4 15:54:46
Is Running: True
Total Connections: 1
Maximum Allowed Connection Number: 1000
Total Handled Requests: 270
Request Handling Speed (#/second): 0
Avialable Sending Queue Items: 255
Total Sending Queue Items: 256

2018-01-04 17:19:23,815 Performance - ---------------------------------------------------
CPU Usage: 0.01%, Physical Memory Usage: 70,569,984.00, Total Thread Count: 34
AvailableWorkingThreads: 2046, AvailableCompletionPortThreads: 1000
MaxWorkingThreads: 2047, MaxCompletionPortThreads: 1000
LISTServer ----------------------------------
Started Time: 2018/1/4 15:54:46
Is Running: True
Total Connections: 1
Maximum Allowed Connection Number: 1000
Total Handled Requests: 270
Request Handling Speed (#/second): 0
Avialable Sending Queue Items: 255
Total Sending Queue Items: 256

2018-01-04 17:20:23,816 Performance - ---------------------------------------------------
CPU Usage: 0.01%, Physical Memory Usage: 70,963,200.00, Total Thread Count: 34
AvailableWorkingThreads: 2046, AvailableCompletionPortThreads: 1000
MaxWorkingThreads: 2047, MaxCompletionPortThreads: 1000
LISTServer ----------------------------------
Started Time: 2018/1/4 15:54:46
Is Running: True
Total Connections: 1
Maximum Allowed Connection Number: 1000
Total Handled Requests: 270
Request Handling Speed (#/second): 0
Avialable Sending Queue Items: 255
Total Sending Queue Items: 256

2018-01-04 17:21:23,816 Performance - ---------------------------------------------------
CPU Usage: 0.01%, Physical Memory Usage: 71,413,760.00, Total Thread Count: 34
AvailableWorkingThreads: 2046, AvailableCompletionPortThreads: 1000
MaxWorkingThreads: 2047, MaxCompletionPortThreads: 1000
LISTServer ----------------------------------
Started Time: 2018/1/4 15:54:46
Is Running: True
Total Connections: 1
Maximum Allowed Connection Number: 1000
Total Handled Requests: 270
Request Handling Speed (#/second): 0
Avialable Sending Queue Items: 255
Total Sending Queue Items: 256

2018-01-04 17:22:23,831 Performance - ---------------------------------------------------
CPU Usage: 0.01%, Physical Memory Usage: 71,921,664.00, Total Thread Count: 33
AvailableWorkingThreads: 2046, AvailableCompletionPortThreads: 1000
MaxWorkingThreads: 2047, MaxCompletionPortThreads: 1000
LISTServer ----------------------------------
Started Time: 2018/1/4 15:54:46
Is Running: True
Total Connections: 1
Maximum Allowed Connection Number: 1000
Total Handled Requests: 270
Request Handling Speed (#/second): 0
Avialable Sending Queue Items: 255
Total Sending Queue Items: 256

2018-01-04 17:23:23,834 Performance - ---------------------------------------------------
CPU Usage: 0.01%, Physical Memory Usage: 72,847,360.00, Total Thread Count: 34
AvailableWorkingThreads: 2046, AvailableCompletionPortThreads: 1000
MaxWorkingThreads: 2047, MaxCompletionPortThreads: 1000
LISTServer ----------------------------------
Started Time: 2018/1/4 15:54:46
Is Running: True
Total Connections: 1
Maximum Allowed Connection Number: 1000
Total Handled Requests: 270
Request Handling Speed (#/second): 0
Avialable Sending Queue Items: 255
Total Sending Queue Items: 256

2018-01-04 17:24:23,842 Performance - ---------------------------------------------------
CPU Usage: 0.01%, Physical Memory Usage: 73,121,792.00, Total Thread Count: 34
AvailableWorkingThreads: 2046, AvailableCompletionPortThreads: 1000
MaxWorkingThreads: 2047, MaxCompletionPortThreads: 1000
LISTServer ----------------------------------
Started Time: 2018/1/4 15:54:46
Is Running: True
Total Connections: 1
Maximum Allowed Connection Number: 1000
Total Handled Requests: 270
Request Handling Speed (#/second): 0
Avialable Sending Queue Items: 255
Total Sending Queue Items: 256

2018-01-04 17:25:23,882 Performance - ---------------------------------------------------
CPU Usage: 0.04%, Physical Memory Usage: 68,505,600.00, Total Thread Count: 33
AvailableWorkingThreads: 2046, AvailableCompletionPortThreads: 1000
MaxWorkingThreads: 2047, MaxCompletionPortThreads: 1000
LISTServer ----------------------------------
Started Time: 2018/1/4 15:54:46
Is Running: True
Total Connections: 1
Maximum Allowed Connection Number: 1000
Total Handled Requests: 270
Request Handling Speed (#/second): 0
Avialable Sending Queue Items: 255
Total Sending Queue Items: 256

2018-01-04 17:26:23,852 Performance - ---------------------------------------------------
CPU Usage: 0.01%, Physical Memory Usage: 68,489,216.00, Total Thread Count: 34
AvailableWorkingThreads: 2046, AvailableCompletionPortThreads: 1000
MaxWorkingThreads: 2047, MaxCompletionPortThreads: 1000
LISTServer ----------------------------------
Started Time: 2018/1/4 15:54:46
Is Running: True
Total Connections: 1
Maximum Allowed Connection Number: 1000
Total Handled Requests: 270
Request Handling Speed (#/second): 0
Avialable Sending Queue Items: 255
Total Sending Queue Items: 256

2018-01-04 17:27:23,849 Performance - ---------------------------------------------------
CPU Usage: 0.00%, Physical Memory Usage: 69,070,848.00, Total Thread Count: 34
AvailableWorkingThreads: 2046, AvailableCompletionPortThreads: 1000
MaxWorkingThreads: 2047, MaxCompletionPortThreads: 1000
LISTServer ----------------------------------
Started Time: 2018/1/4 15:54:46
Is Running: True
Total Connections: 0
Maximum Allowed Connection Number: 1000
Total Handled Requests: 270
Request Handling Speed (#/second): 0
Avialable Sending Queue Items: 256
Total Sending Queue Items: 256

2018-01-04 17:28:23,848 Performance - ---------------------------------------------------
CPU Usage: 0.01%, Physical Memory Usage: 70,021,120.00, Total Thread Count: 33
AvailableWorkingThreads: 2046, AvailableCompletionPortThreads: 1000
MaxWorkingThreads: 2047, MaxCompletionPortThreads: 1000
LISTServer ----------------------------------
Started Time: 2018/1/4 15:54:46
Is Running: True
Total Connections: 0
Maximum Allowed Connection Number: 1000
Total Handled Requests: 270
Request Handling Speed (#/second): 0
Avialable Sending Queue Items: 256
Total Sending Queue Items: 256

2018-01-04 17:29:23,849 Performance - ---------------------------------------------------
CPU Usage: 0.01%, Physical Memory Usage: 71,090,176.00, Total Thread Count: 34
AvailableWorkingThreads: 2046, AvailableCompletionPortThreads: 1000
MaxWorkingThreads: 2047, MaxCompletionPortThreads: 1000
LISTServer ----------------------------------
Started Time: 2018/1/4 15:54:46
Is Running: True
Total Connections: 0
Maximum Allowed Connection Number: 1000
Total Handled Requests: 270
Request Handling Speed (#/second): 0
Avialable Sending Queue Items: 256
Total Sending Queue Items: 256

2018-01-04 17:30:23,857 Performance - ---------------------------------------------------
CPU Usage: 0.05%, Physical Memory Usage: 71,782,400.00, Total Thread Count: 36
AvailableWorkingThreads: 2046, AvailableCompletionPortThreads: 1000
MaxWorkingThreads: 2047, MaxCompletionPortThreads: 1000
LISTServer ----------------------------------
Started Time: 2018/1/4 15:54:46
Is Running: True
Total Connections: 2
Maximum Allowed Connection Number: 1000
Total Handled Requests: 290
Request Handling Speed (#/second): 0
Avialable Sending Queue Items: 254
Total Sending Queue Items: 256

2018-01-04 17:35:12,521 Performance - ---------------------------------------------------
CPU Usage: 0.00%, Physical Memory Usage: 72,589,312.00, Total Thread Count: 37
AvailableWorkingThreads: 2043, AvailableCompletionPortThreads: 996
MaxWorkingThreads: 2047, MaxCompletionPortThreads: 1000
LISTServer ----------------------------------
Started Time: 2018/1/4 15:54:46
Is Running: True
Total Connections: 4
Maximum Allowed Connection Number: 1000
Total Handled Requests: 331
Request Handling Speed (#/second): 0
Avialable Sending Queue Items: 251
Total Sending Queue Items: 256

2018-01-04 17:36:12,509 Performance - ---------------------------------------------------
CPU Usage: 0.04%, Physical Memory Usage: 73,809,920.00, Total Thread Count: 36
AvailableWorkingThreads: 2042, AvailableCompletionPortThreads: 1000
MaxWorkingThreads: 2047, MaxCompletionPortThreads: 1000
LISTServer ----------------------------------
Started Time: 2018/1/4 15:54:46
Is Running: True
Total Connections: 4
Maximum Allowed Connection Number: 1000
Total Handled Requests: 440
Request Handling Speed (#/second): 2
Avialable Sending Queue Items: 252
Total Sending Queue Items: 256

2018-01-04 17:37:12,521 Performance - ---------------------------------------------------
CPU Usage: 0.01%, Physical Memory Usage: 74,334,208.00, Total Thread Count: 34
AvailableWorkingThreads: 2046, AvailableCompletionPortThreads: 1000
MaxWorkingThreads: 2047, MaxCompletionPortThreads: 1000
LISTServer ----------------------------------
Started Time: 2018/1/4 15:54:46
Is Running: True
Total Connections: 4
Maximum Allowed Connection Number: 1000
Total Handled Requests: 440
Request Handling Speed (#/second): 0
Avialable Sending Queue Items: 252
Total Sending Queue Items: 256

2018-01-04 17:38:12,520 Performance - ---------------------------------------------------
CPU Usage: 0.01%, Physical Memory Usage: 74,887,168.00, Total Thread Count: 34
AvailableWorkingThreads: 2046, AvailableCompletionPortThreads: 1000
MaxWorkingThreads: 2047, MaxCompletionPortThreads: 1000
LISTServer ----------------------------------
Started Time: 2018/1/4 15:54:46
Is Running: True
Total Connections: 4
Maximum Allowed Connection Number: 1000
Total Handled Requests: 440
Request Handling Speed (#/second): 0
Avialable Sending Queue Items: 252
Total Sending Queue Items: 256

2018-01-04 17:39:12,525 Performance - ---------------------------------------------------
CPU Usage: 0.01%, Physical Memory Usage: 75,636,736.00, Total Thread Count: 35
AvailableWorkingThreads: 2046, AvailableCompletionPortThreads: 1000
MaxWorkingThreads: 2047, MaxCompletionPortThreads: 1000
LISTServer ----------------------------------
Started Time: 2018/1/4 15:54:46
Is Running: True
Total Connections: 4
Maximum Allowed Connection Number: 1000
Total Handled Requests: 440
Request Handling Speed (#/second): 0
Avialable Sending Queue Items: 252
Total Sending Queue Items: 256

2018-01-04 17:40:12,522 Performance - ---------------------------------------------------
CPU Usage: 0.01%, Physical Memory Usage: 68,726,784.00, Total Thread Count: 35
AvailableWorkingThreads: 2046, AvailableCompletionPortThreads: 1000
MaxWorkingThreads: 2047, MaxCompletionPortThreads: 1000
LISTServer ----------------------------------
Started Time: 2018/1/4 15:54:46
Is Running: True
Total Connections: 4
Maximum Allowed Connection Number: 1000
Total Handled Requests: 440
Request Handling Speed (#/second): 0
Avialable Sending Queue Items: 252
Total Sending Queue Items: 256

2018-01-04 17:41:12,538 Performance - ---------------------------------------------------
CPU Usage: 0.01%, Physical Memory Usage: 69,287,936.00, Total Thread Count: 35
AvailableWorkingThreads: 2046, AvailableCompletionPortThreads: 1000
MaxWorkingThreads: 2047, MaxCompletionPortThreads: 1000
LISTServer ----------------------------------
Started Time: 2018/1/4 15:54:46
Is Running: True
Total Connections: 2
Maximum Allowed Connection Number: 1000
Total Handled Requests: 440
Request Handling Speed (#/second): 0
Avialable Sending Queue Items: 254
Total Sending Queue Items: 256

2018-01-04 17:42:12,534 Performance - ---------------------------------------------------
CPU Usage: 0.02%, Physical Memory Usage: 69,877,760.00, Total Thread Count: 36
AvailableWorkingThreads: 2046, AvailableCompletionPortThreads: 1000
MaxWorkingThreads: 2047, MaxCompletionPortThreads: 1000
LISTServer ----------------------------------
Started Time: 2018/1/4 15:54:46
Is Running: True
Total Connections: 1
Maximum Allowed Connection Number: 1000
Total Handled Requests: 458
Request Handling Speed (#/second): 0
Avialable Sending Queue Items: 255
Total Sending Queue Items: 256

2018-01-04 17:43:12,538 Performance - ---------------------------------------------------
CPU Usage: 0.02%, Physical Memory Usage: 70,815,744.00, Total Thread Count: 37
AvailableWorkingThreads: 2045, AvailableCompletionPortThreads: 1000
MaxWorkingThreads: 2047, MaxCompletionPortThreads: 1000
LISTServer ----------------------------------
Started Time: 2018/1/4 15:54:46
Is Running: True
Total Connections: 2
Maximum Allowed Connection Number: 1000
Total Handled Requests: 476
Request Handling Speed (#/second): 0
Avialable Sending Queue Items: 254
Total Sending Queue Items: 256

2018-01-04 17:44:12,552 Performance - ---------------------------------------------------
CPU Usage: 0.01%, Physical Memory Usage: 71,020,544.00, Total Thread Count: 34
AvailableWorkingThreads: 2046, AvailableCompletionPortThreads: 1000
MaxWorkingThreads: 2047, MaxCompletionPortThreads: 1000
LISTServer ----------------------------------
Started Time: 2018/1/4 15:54:46
Is Running: True
Total Connections: 1
Maximum Allowed Connection Number: 1000
Total Handled Requests: 483
Request Handling Speed (#/second): 0
Avialable Sending Queue Items: 255
Total Sending Queue Items: 256

2018-01-04 17:45:12,554 Performance - ---------------------------------------------------
CPU Usage: 0.01%, Physical Memory Usage: 71,495,680.00, Total Thread Count: 35
AvailableWorkingThreads: 2046, AvailableCompletionPortThreads: 1000
MaxWorkingThreads: 2047, MaxCompletionPortThreads: 1000
LISTServer ----------------------------------
Started Time: 2018/1/4 15:54:46
Is Running: True
Total Connections: 1
Maximum Allowed Connection Number: 1000
Total Handled Requests: 483
Request Handling Speed (#/second): 0
Avialable Sending Queue Items: 255
Total Sending Queue Items: 256

2018-01-04 17:46:12,552 Performance - ---------------------------------------------------
CPU Usage: 0.01%, Physical Memory Usage: 72,126,464.00, Total Thread Count: 35
AvailableWorkingThreads: 2046, AvailableCompletionPortThreads: 1000
MaxWorkingThreads: 2047, MaxCompletionPortThreads: 1000
LISTServer ----------------------------------
Started Time: 2018/1/4 15:54:46
Is Running: True
Total Connections: 1
Maximum Allowed Connection Number: 1000
Total Handled Requests: 483
Request Handling Speed (#/second): 0
Avialable Sending Queue Items: 255
Total Sending Queue Items: 256

2018-01-04 17:47:12,571 Performance - ---------------------------------------------------
CPU Usage: 0.01%, Physical Memory Usage: 71,495,680.00, Total Thread Count: 35
AvailableWorkingThreads: 2046, AvailableCompletionPortThreads: 1000
MaxWorkingThreads: 2047, MaxCompletionPortThreads: 1000
LISTServer ----------------------------------
Started Time: 2018/1/4 15:54:46
Is Running: True
Total Connections: 0
Maximum Allowed Connection Number: 1000
Total Handled Requests: 483
Request Handling Speed (#/second): 0
Avialable Sending Queue Items: 256
Total Sending Queue Items: 256

2018-01-04 17:48:12,568 Performance - ---------------------------------------------------
CPU Usage: 0.07%, Physical Memory Usage: 71,753,728.00, Total Thread Count: 36
AvailableWorkingThreads: 2046, AvailableCompletionPortThreads: 1000
MaxWorkingThreads: 2047, MaxCompletionPortThreads: 1000
LISTServer ----------------------------------
Started Time: 2018/1/4 15:54:46
Is Running: True
Total Connections: 2
Maximum Allowed Connection Number: 1000
Total Handled Requests: 506
Request Handling Speed (#/second): 0
Avialable Sending Queue Items: 254
Total Sending Queue Items: 256

2018-01-04 17:49:12,581 Performance - ---------------------------------------------------
CPU Usage: 0.01%, Physical Memory Usage: 71,757,824.00, Total Thread Count: 34
AvailableWorkingThreads: 2046, AvailableCompletionPortThreads: 1000
MaxWorkingThreads: 2047, MaxCompletionPortThreads: 1000
LISTServer ----------------------------------
Started Time: 2018/1/4 15:54:46
Is Running: True
Total Connections: 0
Maximum Allowed Connection Number: 1000
Total Handled Requests: 511
Request Handling Speed (#/second): 0
Avialable Sending Queue Items: 256
Total Sending Queue Items: 256

2018-01-04 17:50:12,582 Performance - ---------------------------------------------------
CPU Usage: 0.01%, Physical Memory Usage: 71,974,912.00, Total Thread Count: 34
AvailableWorkingThreads: 2046, AvailableCompletionPortThreads: 1000
MaxWorkingThreads: 2047, MaxCompletionPortThreads: 1000
LISTServer ----------------------------------
Started Time: 2018/1/4 15:54:46
Is Running: True
Total Connections: 0
Maximum Allowed Connection Number: 1000
Total Handled Requests: 511
Request Handling Speed (#/second): 0
Avialable Sending Queue Items: 256
Total Sending Queue Items: 256

2018-01-04 17:51:12,583 Performance - ---------------------------------------------------
CPU Usage: 0.01%, Physical Memory Usage: 72,052,736.00, Total Thread Count: 35
AvailableWorkingThreads: 2046, AvailableCompletionPortThreads: 1000
MaxWorkingThreads: 2047, MaxCompletionPortThreads: 1000
LISTServer ----------------------------------
Started Time: 2018/1/4 15:54:46
Is Running: True
Total Connections: 0
Maximum Allowed Connection Number: 1000
Total Handled Requests: 511
Request Handling Speed (#/second): 0
Avialable Sending Queue Items: 256
Total Sending Queue Items: 256

2018-01-04 17:52:12,584 Performance - ---------------------------------------------------
CPU Usage: 0.01%, Physical Memory Usage: 72,249,344.00, Total Thread Count: 35
AvailableWorkingThreads: 2046, AvailableCompletionPortThreads: 1000
MaxWorkingThreads: 2047, MaxCompletionPortThreads: 1000
LISTServer ----------------------------------
Started Time: 2018/1/4 15:54:46
Is Running: True
Total Connections: 0
Maximum Allowed Connection Number: 1000
Total Handled Requests: 511
Request Handling Speed (#/second): 0
Avialable Sending Queue Items: 256
Total Sending Queue Items: 256

2018-01-04 17:53:12,587 Performance - ---------------------------------------------------
CPU Usage: 0.01%, Physical Memory Usage: 72,470,528.00, Total Thread Count: 35
AvailableWorkingThreads: 2046, AvailableCompletionPortThreads: 1000
MaxWorkingThreads: 2047, MaxCompletionPortThreads: 1000
LISTServer ----------------------------------
Started Time: 2018/1/4 15:54:46
Is Running: True
Total Connections: 0
Maximum Allowed Connection Number: 1000
Total Handled Requests: 511
Request Handling Speed (#/second): 0
Avialable Sending Queue Items: 256
Total Sending Queue Items: 256

2018-01-04 17:54:12,588 Performance - ---------------------------------------------------
CPU Usage: 0.01%, Physical Memory Usage: 72,626,176.00, Total Thread Count: 34
AvailableWorkingThreads: 2046, AvailableCompletionPortThreads: 1000
MaxWorkingThreads: 2047, MaxCompletionPortThreads: 1000
LISTServer ----------------------------------
Started Time: 2018/1/4 15:54:46
Is Running: True
Total Connections: 0
Maximum Allowed Connection Number: 1000
Total Handled Requests: 511
Request Handling Speed (#/second): 0
Avialable Sending Queue Items: 256
Total Sending Queue Items: 256

2018-01-04 17:55:12,589 Performance - ---------------------------------------------------
CPU Usage: 0.01%, Physical Memory Usage: 72,896,512.00, Total Thread Count: 35
AvailableWorkingThreads: 2046, AvailableCompletionPortThreads: 1000
MaxWorkingThreads: 2047, MaxCompletionPortThreads: 1000
LISTServer ----------------------------------
Started Time: 2018/1/4 15:54:46
Is Running: True
Total Connections: 0
Maximum Allowed Connection Number: 1000
Total Handled Requests: 511
Request Handling Speed (#/second): 0
Avialable Sending Queue Items: 256
Total Sending Queue Items: 256

2018-01-04 17:56:12,629 Performance - ---------------------------------------------------
CPU Usage: 0.04%, Physical Memory Usage: 73,162,752.00, Total Thread Count: 34
AvailableWorkingThreads: 2046, AvailableCompletionPortThreads: 1000
MaxWorkingThreads: 2047, MaxCompletionPortThreads: 1000
LISTServer ----------------------------------
Started Time: 2018/1/4 15:54:46
Is Running: True
Total Connections: 0
Maximum Allowed Connection Number: 1000
Total Handled Requests: 511
Request Handling Speed (#/second): 0
Avialable Sending Queue Items: 256
Total Sending Queue Items: 256

2018-01-04 17:57:12,599 Performance - ---------------------------------------------------
CPU Usage: 0.01%, Physical Memory Usage: 73,318,400.00, Total Thread Count: 33
AvailableWorkingThreads: 2046, AvailableCompletionPortThreads: 1000
MaxWorkingThreads: 2047, MaxCompletionPortThreads: 1000
LISTServer ----------------------------------
Started Time: 2018/1/4 15:54:46
Is Running: True
Total Connections: 0
Maximum Allowed Connection Number: 1000
Total Handled Requests: 511
Request Handling Speed (#/second): 0
Avialable Sending Queue Items: 256
Total Sending Queue Items: 256

2018-01-04 17:58:12,599 Performance - ---------------------------------------------------
CPU Usage: 0.01%, Physical Memory Usage: 73,510,912.00, Total Thread Count: 34
AvailableWorkingThreads: 2046, AvailableCompletionPortThreads: 1000
MaxWorkingThreads: 2047, MaxCompletionPortThreads: 1000
LISTServer ----------------------------------
Started Time: 2018/1/4 15:54:46
Is Running: True
Total Connections: 0
Maximum Allowed Connection Number: 1000
Total Handled Requests: 511
Request Handling Speed (#/second): 0
Avialable Sending Queue Items: 256
Total Sending Queue Items: 256

2018-01-04 17:59:12,616 Performance - ---------------------------------------------------
CPU Usage: 0.01%, Physical Memory Usage: 73,273,344.00, Total Thread Count: 34
AvailableWorkingThreads: 2046, AvailableCompletionPortThreads: 1000
MaxWorkingThreads: 2047, MaxCompletionPortThreads: 1000
LISTServer ----------------------------------
Started Time: 2018/1/4 15:54:46
Is Running: True
Total Connections: 0
Maximum Allowed Connection Number: 1000
Total Handled Requests: 511
Request Handling Speed (#/second): 0
Avialable Sending Queue Items: 256
Total Sending Queue Items: 256

2018-01-04 18:00:12,613 Performance - ---------------------------------------------------
CPU Usage: 0.02%, Physical Memory Usage: 73,498,624.00, Total Thread Count: 34
AvailableWorkingThreads: 2046, AvailableCompletionPortThreads: 1000
MaxWorkingThreads: 2047, MaxCompletionPortThreads: 1000
LISTServer ----------------------------------
Started Time: 2018/1/4 15:54:46
Is Running: True
Total Connections: 0
Maximum Allowed Connection Number: 1000
Total Handled Requests: 511
Request Handling Speed (#/second): 0
Avialable Sending Queue Items: 256
Total Sending Queue Items: 256

2018-01-04 18:01:12,619 Performance - ---------------------------------------------------
CPU Usage: 0.01%, Physical Memory Usage: 74,539,008.00, Total Thread Count: 35
AvailableWorkingThreads: 2046, AvailableCompletionPortThreads: 1000
MaxWorkingThreads: 2047, MaxCompletionPortThreads: 1000
LISTServer ----------------------------------
Started Time: 2018/1/4 15:54:46
Is Running: True
Total Connections: 0
Maximum Allowed Connection Number: 1000
Total Handled Requests: 530
Request Handling Speed (#/second): 0
Avialable Sending Queue Items: 256
Total Sending Queue Items: 256

2018-01-04 18:02:12,636 Performance - ---------------------------------------------------
CPU Usage: 0.01%, Physical Memory Usage: 68,734,976.00, Total Thread Count: 34
AvailableWorkingThreads: 2046, AvailableCompletionPortThreads: 1000
MaxWorkingThreads: 2047, MaxCompletionPortThreads: 1000
LISTServer ----------------------------------
Started Time: 2018/1/4 15:54:46
Is Running: True
Total Connections: 0
Maximum Allowed Connection Number: 1000
Total Handled Requests: 530
Request Handling Speed (#/second): 0
Avialable Sending Queue Items: 256
Total Sending Queue Items: 256

2018-01-04 18:03:12,629 Performance - ---------------------------------------------------
CPU Usage: 0.05%, Physical Memory Usage: 69,763,072.00, Total Thread Count: 34
AvailableWorkingThreads: 2046, AvailableCompletionPortThreads: 1000
MaxWorkingThreads: 2047, MaxCompletionPortThreads: 1000
LISTServer ----------------------------------
Started Time: 2018/1/4 15:54:46
Is Running: True
Total Connections: 0
Maximum Allowed Connection Number: 1000
Total Handled Requests: 530
Request Handling Speed (#/second): 0
Avialable Sending Queue Items: 256
Total Sending Queue Items: 256

2018-01-04 18:04:12,647 Performance - ---------------------------------------------------
CPU Usage: 0.01%, Physical Memory Usage: 67,837,952.00, Total Thread Count: 35
AvailableWorkingThreads: 2046, AvailableCompletionPortThreads: 1000
MaxWorkingThreads: 2047, MaxCompletionPortThreads: 1000
LISTServer ----------------------------------
Started Time: 2018/1/4 15:54:46
Is Running: True
Total Connections: 0
Maximum Allowed Connection Number: 1000
Total Handled Requests: 530
Request Handling Speed (#/second): 0
Avialable Sending Queue Items: 256
Total Sending Queue Items: 256

2018-01-04 18:05:12,660 Performance - ---------------------------------------------------
CPU Usage: 0.01%, Physical Memory Usage: 68,169,728.00, Total Thread Count: 35
AvailableWorkingThreads: 2044, AvailableCompletionPortThreads: 1000
MaxWorkingThreads: 2047, MaxCompletionPortThreads: 1000
LISTServer ----------------------------------
Started Time: 2018/1/4 15:54:46
Is Running: True
Total Connections: 0
Maximum Allowed Connection Number: 1000
Total Handled Requests: 530
Request Handling Speed (#/second): 0
Avialable Sending Queue Items: 256
Total Sending Queue Items: 256

2018-01-04 18:06:12,681 Performance - ---------------------------------------------------
CPU Usage: 0.02%, Physical Memory Usage: 65,593,344.00, Total Thread Count: 35
AvailableWorkingThreads: 2046, AvailableCompletionPortThreads: 1000
MaxWorkingThreads: 2047, MaxCompletionPortThreads: 1000
LISTServer ----------------------------------
Started Time: 2018/1/4 15:54:46
Is Running: True
Total Connections: 1
Maximum Allowed Connection Number: 1000
Total Handled Requests: 532
Request Handling Speed (#/second): 0
Avialable Sending Queue Items: 255
Total Sending Queue Items: 256

2018-01-04 18:07:12,677 Performance - ---------------------------------------------------
CPU Usage: 0.01%, Physical Memory Usage: 65,986,560.00, Total Thread Count: 35
AvailableWorkingThreads: 2046, AvailableCompletionPortThreads: 1000
MaxWorkingThreads: 2047, MaxCompletionPortThreads: 1000
LISTServer ----------------------------------
Started Time: 2018/1/4 15:54:46
Is Running: True
Total Connections: 2
Maximum Allowed Connection Number: 1000
Total Handled Requests: 591
Request Handling Speed (#/second): 1
Avialable Sending Queue Items: 254
Total Sending Queue Items: 256

2018-01-04 18:08:12,690 Performance - ---------------------------------------------------
CPU Usage: 0.02%, Physical Memory Usage: 66,248,704.00, Total Thread Count: 35
AvailableWorkingThreads: 2046, AvailableCompletionPortThreads: 1000
MaxWorkingThreads: 2047, MaxCompletionPortThreads: 1000
LISTServer ----------------------------------
Started Time: 2018/1/4 15:54:46
Is Running: True
Total Connections: 2
Maximum Allowed Connection Number: 1000
Total Handled Requests: 654
Request Handling Speed (#/second): 1
Avialable Sending Queue Items: 254
Total Sending Queue Items: 256

2018-01-04 18:09:12,690 Performance - ---------------------------------------------------
CPU Usage: 0.01%, Physical Memory Usage: 67,112,960.00, Total Thread Count: 36
AvailableWorkingThreads: 2046, AvailableCompletionPortThreads: 1000
MaxWorkingThreads: 2047, MaxCompletionPortThreads: 1000
LISTServer ----------------------------------
Started Time: 2018/1/4 15:54:46
Is Running: True
Total Connections: 0
Maximum Allowed Connection Number: 1000
Total Handled Requests: 687
Request Handling Speed (#/second): 1
Avialable Sending Queue Items: 256
Total Sending Queue Items: 256

2018-01-04 18:10:12,690 Performance - ---------------------------------------------------
CPU Usage: 0.01%, Physical Memory Usage: 67,686,400.00, Total Thread Count: 33
AvailableWorkingThreads: 2046, AvailableCompletionPortThreads: 1000
MaxWorkingThreads: 2047, MaxCompletionPortThreads: 1000
LISTServer ----------------------------------
Started Time: 2018/1/4 15:54:46
Is Running: True
Total Connections: 0
Maximum Allowed Connection Number: 1000
Total Handled Requests: 687
Request Handling Speed (#/second): 0
Avialable Sending Queue Items: 256
Total Sending Queue Items: 256

2018-01-04 18:11:12,707 Performance - ---------------------------------------------------
CPU Usage: 0.01%, Physical Memory Usage: 67,690,496.00, Total Thread Count: 35
AvailableWorkingThreads: 2046, AvailableCompletionPortThreads: 1000
MaxWorkingThreads: 2047, MaxCompletionPortThreads: 1000
LISTServer ----------------------------------
Started Time: 2018/1/4 15:54:46
Is Running: True
Total Connections: 0
Maximum Allowed Connection Number: 1000
Total Handled Requests: 687
Request Handling Speed (#/second): 0
Avialable Sending Queue Items: 256
Total Sending Queue Items: 256

