2017-07-20 09:12:07,944 Performance - ---------------------------------------------------
CPU Usage: 0.00%, Physical Memory Usage: 29,880,320.00, Total Thread Count: 21
AvailableWorkingThreads: 2046, AvailableCompletionPortThreads: 1000
MaxWorkingThreads: 2047, MaxCompletionPortThreads: 1000
DBServer ----------------------------------
Started Time: 2017/7/20 9:12:07
Is Running: True
Total Connections: 0
Maximum Allowed Connection Number: 1000
Total Handled Requests: 0
Request Handling Speed (#/second): 0
Avialable Sending Queue Items: 256
Total Sending Queue Items: 256

2017-07-20 09:13:07,966 Performance - ---------------------------------------------------
CPU Usage: 0.03%, Physical Memory Usage: 31,330,304.00, Total Thread Count: 26
AvailableWorkingThreads: 2046, AvailableCompletionPortThreads: 1000
MaxWorkingThreads: 2047, MaxCompletionPortThreads: 1000
DBServer ----------------------------------
Started Time: 2017/7/20 9:12:07
Is Running: True
Total Connections: 0
Maximum Allowed Connection Number: 1000
Total Handled Requests: 0
Request Handling Speed (#/second): 0
Avialable Sending Queue Items: 256
Total Sending Queue Items: 256

2017-07-20 09:14:07,963 Performance - ---------------------------------------------------
CPU Usage: 0.05%, Physical Memory Usage: 31,649,792.00, Total Thread Count: 25
AvailableWorkingThreads: 2046, AvailableCompletionPortThreads: 1000
MaxWorkingThreads: 2047, MaxCompletionPortThreads: 1000
DBServer ----------------------------------
Started Time: 2017/7/20 9:12:07
Is Running: True
Total Connections: 0
Maximum Allowed Connection Number: 1000
Total Handled Requests: 0
Request Handling Speed (#/second): 0
Avialable Sending Queue Items: 256
Total Sending Queue Items: 256

2017-07-20 09:15:07,969 Performance - ---------------------------------------------------
CPU Usage: 0.00%, Physical Memory Usage: 31,965,184.00, Total Thread Count: 23
AvailableWorkingThreads: 2046, AvailableCompletionPortThreads: 1000
MaxWorkingThreads: 2047, MaxCompletionPortThreads: 1000
DBServer ----------------------------------
Started Time: 2017/7/20 9:12:07
Is Running: True
Total Connections: 0
Maximum Allowed Connection Number: 1000
Total Handled Requests: 0
Request Handling Speed (#/second): 0
Avialable Sending Queue Items: 256
Total Sending Queue Items: 256

2017-07-20 09:16:15,754 Performance - ---------------------------------------------------
CPU Usage: 0.26%, Physical Memory Usage: 44,032,000.00, Total Thread Count: 32
AvailableWorkingThreads: 2043, AvailableCompletionPortThreads: 997
MaxWorkingThreads: 2047, MaxCompletionPortThreads: 1000
DBServer ----------------------------------
Started Time: 2017/7/20 9:12:07
Is Running: True
Total Connections: 0
Maximum Allowed Connection Number: 1000
Total Handled Requests: 0
Request Handling Speed (#/second): 0
Avialable Sending Queue Items: 256
Total Sending Queue Items: 256

2017-07-20 09:17:15,608 Performance - ---------------------------------------------------
CPU Usage: 0.00%, Physical Memory Usage: 43,991,040.00, Total Thread Count: 28
AvailableWorkingThreads: 2046, AvailableCompletionPortThreads: 1000
MaxWorkingThreads: 2047, MaxCompletionPortThreads: 1000
DBServer ----------------------------------
Started Time: 2017/7/20 9:12:07
Is Running: True
Total Connections: 0
Maximum Allowed Connection Number: 1000
Total Handled Requests: 0
Request Handling Speed (#/second): 0
Avialable Sending Queue Items: 256
Total Sending Queue Items: 256

2017-07-20 09:18:15,624 Performance - ---------------------------------------------------
CPU Usage: 0.12%, Physical Memory Usage: 47,935,488.00, Total Thread Count: 30
AvailableWorkingThreads: 2046, AvailableCompletionPortThreads: 1000
MaxWorkingThreads: 2047, MaxCompletionPortThreads: 1000
DBServer ----------------------------------
Started Time: 2017/7/20 9:12:07
Is Running: True
Total Connections: 0
Maximum Allowed Connection Number: 1000
Total Handled Requests: 2
Request Handling Speed (#/second): 0
Avialable Sending Queue Items: 256
Total Sending Queue Items: 256

2017-07-20 09:19:15,638 Performance - ---------------------------------------------------
CPU Usage: 0.00%, Physical Memory Usage: 48,222,208.00, Total Thread Count: 33
AvailableWorkingThreads: 2046, AvailableCompletionPortThreads: 1000
MaxWorkingThreads: 2047, MaxCompletionPortThreads: 1000
DBServer ----------------------------------
Started Time: 2017/7/20 9:12:07
Is Running: True
Total Connections: 1
Maximum Allowed Connection Number: 1000
Total Handled Requests: 4
Request Handling Speed (#/second): 0
Avialable Sending Queue Items: 255
Total Sending Queue Items: 256

2017-07-20 09:20:15,649 Performance - ---------------------------------------------------
CPU Usage: 0.01%, Physical Memory Usage: 48,652,288.00, Total Thread Count: 32
AvailableWorkingThreads: 2046, AvailableCompletionPortThreads: 1000
MaxWorkingThreads: 2047, MaxCompletionPortThreads: 1000
DBServer ----------------------------------
Started Time: 2017/7/20 9:12:07
Is Running: True
Total Connections: 1
Maximum Allowed Connection Number: 1000
Total Handled Requests: 6
Request Handling Speed (#/second): 0
Avialable Sending Queue Items: 255
Total Sending Queue Items: 256

2017-07-20 09:21:15,669 Performance - ---------------------------------------------------
CPU Usage: 0.09%, Physical Memory Usage: 49,872,896.00, Total Thread Count: 34
AvailableWorkingThreads: 2046, AvailableCompletionPortThreads: 1000
MaxWorkingThreads: 2047, MaxCompletionPortThreads: 1000
DBServer ----------------------------------
Started Time: 2017/7/20 9:12:07
Is Running: True
Total Connections: 1
Maximum Allowed Connection Number: 1000
Total Handled Requests: 20
Request Handling Speed (#/second): 0
Avialable Sending Queue Items: 255
Total Sending Queue Items: 256

2017-07-20 09:22:15,677 Performance - ---------------------------------------------------
CPU Usage: 0.25%, Physical Memory Usage: 51,634,176.00, Total Thread Count: 38
AvailableWorkingThreads: 2046, AvailableCompletionPortThreads: 1000
MaxWorkingThreads: 2047, MaxCompletionPortThreads: 1000
DBServer ----------------------------------
Started Time: 2017/7/20 9:12:07
Is Running: True
Total Connections: 2
Maximum Allowed Connection Number: 1000
Total Handled Requests: 38
Request Handling Speed (#/second): 0
Avialable Sending Queue Items: 254
Total Sending Queue Items: 256

2017-07-20 09:23:15,694 Performance - ---------------------------------------------------
CPU Usage: 0.06%, Physical Memory Usage: 52,195,328.00, Total Thread Count: 36
AvailableWorkingThreads: 2046, AvailableCompletionPortThreads: 1000
MaxWorkingThreads: 2047, MaxCompletionPortThreads: 1000
DBServer ----------------------------------
Started Time: 2017/7/20 9:12:07
Is Running: True
Total Connections: 2
Maximum Allowed Connection Number: 1000
Total Handled Requests: 88
Request Handling Speed (#/second): 1
Avialable Sending Queue Items: 254
Total Sending Queue Items: 256

2017-07-20 09:24:15,704 Performance - ---------------------------------------------------
CPU Usage: 0.03%, Physical Memory Usage: 52,846,592.00, Total Thread Count: 33
AvailableWorkingThreads: 2046, AvailableCompletionPortThreads: 1000
MaxWorkingThreads: 2047, MaxCompletionPortThreads: 1000
DBServer ----------------------------------
Started Time: 2017/7/20 9:12:07
Is Running: True
Total Connections: 2
Maximum Allowed Connection Number: 1000
Total Handled Requests: 134
Request Handling Speed (#/second): 1
Avialable Sending Queue Items: 254
Total Sending Queue Items: 256

2017-07-20 09:25:15,717 Performance - ---------------------------------------------------
CPU Usage: 0.05%, Physical Memory Usage: 53,600,256.00, Total Thread Count: 34
AvailableWorkingThreads: 2046, AvailableCompletionPortThreads: 1000
MaxWorkingThreads: 2047, MaxCompletionPortThreads: 1000
DBServer ----------------------------------
Started Time: 2017/7/20 9:12:07
Is Running: True
Total Connections: 2
Maximum Allowed Connection Number: 1000
Total Handled Requests: 200
Request Handling Speed (#/second): 1
Avialable Sending Queue Items: 254
Total Sending Queue Items: 256

2017-07-20 09:26:15,730 Performance - ---------------------------------------------------
CPU Usage: 0.06%, Physical Memory Usage: 54,669,312.00, Total Thread Count: 32
AvailableWorkingThreads: 2046, AvailableCompletionPortThreads: 1000
MaxWorkingThreads: 2047, MaxCompletionPortThreads: 1000
DBServer ----------------------------------
Started Time: 2017/7/20 9:12:07
Is Running: True
Total Connections: 2
Maximum Allowed Connection Number: 1000
Total Handled Requests: 260
Request Handling Speed (#/second): 1
Avialable Sending Queue Items: 254
Total Sending Queue Items: 256

2017-07-20 09:27:15,743 Performance - ---------------------------------------------------
CPU Usage: 0.00%, Physical Memory Usage: 54,812,672.00, Total Thread Count: 29
AvailableWorkingThreads: 2046, AvailableCompletionPortThreads: 1000
MaxWorkingThreads: 2047, MaxCompletionPortThreads: 1000
DBServer ----------------------------------
Started Time: 2017/7/20 9:12:07
Is Running: True
Total Connections: 0
Maximum Allowed Connection Number: 1000
Total Handled Requests: 267
Request Handling Speed (#/second): 0
Avialable Sending Queue Items: 256
Total Sending Queue Items: 256

2017-07-20 09:28:15,757 Performance - ---------------------------------------------------
CPU Usage: 0.04%, Physical Memory Usage: 55,898,112.00, Total Thread Count: 33
AvailableWorkingThreads: 2046, AvailableCompletionPortThreads: 1000
MaxWorkingThreads: 2047, MaxCompletionPortThreads: 1000
DBServer ----------------------------------
Started Time: 2017/7/20 9:12:07
Is Running: True
Total Connections: 4
Maximum Allowed Connection Number: 1000
Total Handled Requests: 278
Request Handling Speed (#/second): 0
Avialable Sending Queue Items: 252
Total Sending Queue Items: 256

2017-07-20 09:29:15,770 Performance - ---------------------------------------------------
CPU Usage: 0.00%, Physical Memory Usage: 56,336,384.00, Total Thread Count: 33
AvailableWorkingThreads: 2046, AvailableCompletionPortThreads: 1000
MaxWorkingThreads: 2047, MaxCompletionPortThreads: 1000
DBServer ----------------------------------
Started Time: 2017/7/20 9:12:07
Is Running: True
Total Connections: 4
Maximum Allowed Connection Number: 1000
Total Handled Requests: 301
Request Handling Speed (#/second): 0
Avialable Sending Queue Items: 252
Total Sending Queue Items: 256

2017-07-20 09:30:15,783 Performance - ---------------------------------------------------
CPU Usage: 0.02%, Physical Memory Usage: 56,754,176.00, Total Thread Count: 33
AvailableWorkingThreads: 2045, AvailableCompletionPortThreads: 1000
MaxWorkingThreads: 2047, MaxCompletionPortThreads: 1000
DBServer ----------------------------------
Started Time: 2017/7/20 9:12:07
Is Running: True
Total Connections: 6
Maximum Allowed Connection Number: 1000
Total Handled Requests: 323
Request Handling Speed (#/second): 0
Avialable Sending Queue Items: 250
Total Sending Queue Items: 256

2017-07-20 09:34:01,664 Performance - ---------------------------------------------------
CPU Usage: 0.03%, Physical Memory Usage: 55,967,744.00, Total Thread Count: 37
AvailableWorkingThreads: 2043, AvailableCompletionPortThreads: 995
MaxWorkingThreads: 2047, MaxCompletionPortThreads: 1000
DBServer ----------------------------------
Started Time: 2017/7/20 9:12:07
Is Running: True
Total Connections: 6
Maximum Allowed Connection Number: 1000
Total Handled Requests: 383
Request Handling Speed (#/second): 0
Avialable Sending Queue Items: 250
Total Sending Queue Items: 256

2017-07-20 09:35:01,641 Performance - ---------------------------------------------------
CPU Usage: 0.18%, Physical Memory Usage: 56,164,352.00, Total Thread Count: 35
AvailableWorkingThreads: 2046, AvailableCompletionPortThreads: 1000
MaxWorkingThreads: 2047, MaxCompletionPortThreads: 1000
DBServer ----------------------------------
Started Time: 2017/7/20 9:12:07
Is Running: True
Total Connections: 4
Maximum Allowed Connection Number: 1000
Total Handled Requests: 489
Request Handling Speed (#/second): 2
Avialable Sending Queue Items: 252
Total Sending Queue Items: 256

2017-07-20 09:36:01,656 Performance - ---------------------------------------------------
CPU Usage: 0.01%, Physical Memory Usage: 56,311,808.00, Total Thread Count: 33
AvailableWorkingThreads: 2046, AvailableCompletionPortThreads: 1000
MaxWorkingThreads: 2047, MaxCompletionPortThreads: 1000
DBServer ----------------------------------
Started Time: 2017/7/20 9:12:07
Is Running: True
Total Connections: 4
Maximum Allowed Connection Number: 1000
Total Handled Requests: 510
Request Handling Speed (#/second): 0
Avialable Sending Queue Items: 252
Total Sending Queue Items: 256

2017-07-20 09:37:01,669 Performance - ---------------------------------------------------
CPU Usage: 0.00%, Physical Memory Usage: 56,422,400.00, Total Thread Count: 34
AvailableWorkingThreads: 2046, AvailableCompletionPortThreads: 1000
MaxWorkingThreads: 2047, MaxCompletionPortThreads: 1000
DBServer ----------------------------------
Started Time: 2017/7/20 9:12:07
Is Running: True
Total Connections: 4
Maximum Allowed Connection Number: 1000
Total Handled Requests: 538
Request Handling Speed (#/second): 0
Avialable Sending Queue Items: 252
Total Sending Queue Items: 256

2017-07-20 09:38:01,682 Performance - ---------------------------------------------------
CPU Usage: 0.18%, Physical Memory Usage: 56,717,312.00, Total Thread Count: 38
AvailableWorkingThreads: 2046, AvailableCompletionPortThreads: 1000
MaxWorkingThreads: 2047, MaxCompletionPortThreads: 1000
DBServer ----------------------------------
Started Time: 2017/7/20 9:12:07
Is Running: True
Total Connections: 5
Maximum Allowed Connection Number: 1000
Total Handled Requests: 621
Request Handling Speed (#/second): 1
Avialable Sending Queue Items: 251
Total Sending Queue Items: 256

2017-07-20 09:39:01,695 Performance - ---------------------------------------------------
CPU Usage: 0.05%, Physical Memory Usage: 57,090,048.00, Total Thread Count: 37
AvailableWorkingThreads: 2046, AvailableCompletionPortThreads: 1000
MaxWorkingThreads: 2047, MaxCompletionPortThreads: 1000
DBServer ----------------------------------
Started Time: 2017/7/20 9:12:07
Is Running: True
Total Connections: 4
Maximum Allowed Connection Number: 1000
Total Handled Requests: 676
Request Handling Speed (#/second): 1
Avialable Sending Queue Items: 252
Total Sending Queue Items: 256

2017-07-20 09:40:01,709 Performance - ---------------------------------------------------
CPU Usage: 0.00%, Physical Memory Usage: 57,561,088.00, Total Thread Count: 35
AvailableWorkingThreads: 2046, AvailableCompletionPortThreads: 1000
MaxWorkingThreads: 2047, MaxCompletionPortThreads: 1000
DBServer ----------------------------------
Started Time: 2017/7/20 9:12:07
Is Running: True
Total Connections: 4
Maximum Allowed Connection Number: 1000
Total Handled Requests: 724
Request Handling Speed (#/second): 1
Avialable Sending Queue Items: 252
Total Sending Queue Items: 256

2017-07-20 09:41:01,722 Performance - ---------------------------------------------------
CPU Usage: 0.02%, Physical Memory Usage: 57,896,960.00, Total Thread Count: 34
AvailableWorkingThreads: 2046, AvailableCompletionPortThreads: 1000
MaxWorkingThreads: 2047, MaxCompletionPortThreads: 1000
DBServer ----------------------------------
Started Time: 2017/7/20 9:12:07
Is Running: True
Total Connections: 4
Maximum Allowed Connection Number: 1000
Total Handled Requests: 760
Request Handling Speed (#/second): 1
Avialable Sending Queue Items: 252
Total Sending Queue Items: 256

2017-07-20 09:42:01,735 Performance - ---------------------------------------------------
CPU Usage: 0.00%, Physical Memory Usage: 58,023,936.00, Total Thread Count: 34
AvailableWorkingThreads: 2046, AvailableCompletionPortThreads: 1000
MaxWorkingThreads: 2047, MaxCompletionPortThreads: 1000
DBServer ----------------------------------
Started Time: 2017/7/20 9:12:07
Is Running: True
Total Connections: 4
Maximum Allowed Connection Number: 1000
Total Handled Requests: 794
Request Handling Speed (#/second): 1
Avialable Sending Queue Items: 252
Total Sending Queue Items: 256

2017-07-20 09:43:01,764 Performance - ---------------------------------------------------
CPU Usage: 0.04%, Physical Memory Usage: 58,204,160.00, Total Thread Count: 35
AvailableWorkingThreads: 2046, AvailableCompletionPortThreads: 1000
MaxWorkingThreads: 2047, MaxCompletionPortThreads: 1000
DBServer ----------------------------------
Started Time: 2017/7/20 9:12:07
Is Running: True
Total Connections: 4
Maximum Allowed Connection Number: 1000
Total Handled Requests: 848
Request Handling Speed (#/second): 1
Avialable Sending Queue Items: 252
Total Sending Queue Items: 256

2017-07-20 09:44:01,761 Performance - ---------------------------------------------------
CPU Usage: 0.02%, Physical Memory Usage: 58,494,976.00, Total Thread Count: 34
AvailableWorkingThreads: 2046, AvailableCompletionPortThreads: 1000
MaxWorkingThreads: 2047, MaxCompletionPortThreads: 1000
DBServer ----------------------------------
Started Time: 2017/7/20 9:12:07
Is Running: True
Total Connections: 3
Maximum Allowed Connection Number: 1000
Total Handled Requests: 875
Request Handling Speed (#/second): 0
Avialable Sending Queue Items: 253
Total Sending Queue Items: 256

2017-07-20 09:45:01,775 Performance - ---------------------------------------------------
CPU Usage: 0.02%, Physical Memory Usage: 59,043,840.00, Total Thread Count: 35
AvailableWorkingThreads: 2046, AvailableCompletionPortThreads: 1000
MaxWorkingThreads: 2047, MaxCompletionPortThreads: 1000
DBServer ----------------------------------
Started Time: 2017/7/20 9:12:07
Is Running: True
Total Connections: 4
Maximum Allowed Connection Number: 1000
Total Handled Requests: 887
Request Handling Speed (#/second): 0
Avialable Sending Queue Items: 252
Total Sending Queue Items: 256

2017-07-20 09:46:01,788 Performance - ---------------------------------------------------
CPU Usage: 0.01%, Physical Memory Usage: 59,695,104.00, Total Thread Count: 36
AvailableWorkingThreads: 2046, AvailableCompletionPortThreads: 1000
MaxWorkingThreads: 2047, MaxCompletionPortThreads: 1000
DBServer ----------------------------------
Started Time: 2017/7/20 9:12:07
Is Running: True
Total Connections: 4
Maximum Allowed Connection Number: 1000
Total Handled Requests: 937
Request Handling Speed (#/second): 1
Avialable Sending Queue Items: 252
Total Sending Queue Items: 256

2017-07-20 09:47:01,801 Performance - ---------------------------------------------------
CPU Usage: 0.05%, Physical Memory Usage: 60,346,368.00, Total Thread Count: 37
AvailableWorkingThreads: 2046, AvailableCompletionPortThreads: 1000
MaxWorkingThreads: 2047, MaxCompletionPortThreads: 1000
DBServer ----------------------------------
Started Time: 2017/7/20 9:12:07
Is Running: True
Total Connections: 4
Maximum Allowed Connection Number: 1000
Total Handled Requests: 980
Request Handling Speed (#/second): 1
Avialable Sending Queue Items: 252
Total Sending Queue Items: 256

2017-07-20 09:48:01,830 Performance - ---------------------------------------------------
CPU Usage: 0.01%, Physical Memory Usage: 60,313,600.00, Total Thread Count: 32
AvailableWorkingThreads: 2046, AvailableCompletionPortThreads: 1000
MaxWorkingThreads: 2047, MaxCompletionPortThreads: 1000
DBServer ----------------------------------
Started Time: 2017/7/20 9:12:07
Is Running: True
Total Connections: 2
Maximum Allowed Connection Number: 1000
Total Handled Requests: 1,014
Request Handling Speed (#/second): 1
Avialable Sending Queue Items: 254
Total Sending Queue Items: 256

2017-07-20 09:49:01,843 Performance - ---------------------------------------------------
CPU Usage: 0.00%, Physical Memory Usage: 60,325,888.00, Total Thread Count: 31
AvailableWorkingThreads: 2046, AvailableCompletionPortThreads: 1000
MaxWorkingThreads: 2047, MaxCompletionPortThreads: 1000
DBServer ----------------------------------
Started Time: 2017/7/20 9:12:07
Is Running: True
Total Connections: 2
Maximum Allowed Connection Number: 1000
Total Handled Requests: 1,026
Request Handling Speed (#/second): 0
Avialable Sending Queue Items: 254
Total Sending Queue Items: 256

2017-07-20 09:50:01,856 Performance - ---------------------------------------------------
CPU Usage: 0.08%, Physical Memory Usage: 60,391,424.00, Total Thread Count: 31
AvailableWorkingThreads: 2046, AvailableCompletionPortThreads: 1000
MaxWorkingThreads: 2047, MaxCompletionPortThreads: 1000
DBServer ----------------------------------
Started Time: 2017/7/20 9:12:07
Is Running: True
Total Connections: 2
Maximum Allowed Connection Number: 1000
Total Handled Requests: 1,038
Request Handling Speed (#/second): 0
Avialable Sending Queue Items: 254
Total Sending Queue Items: 256

2017-07-20 09:51:01,869 Performance - ---------------------------------------------------
CPU Usage: 0.03%, Physical Memory Usage: 60,489,728.00, Total Thread Count: 32
AvailableWorkingThreads: 2046, AvailableCompletionPortThreads: 1000
MaxWorkingThreads: 2047, MaxCompletionPortThreads: 1000
DBServer ----------------------------------
Started Time: 2017/7/20 9:12:07
Is Running: True
Total Connections: 1
Maximum Allowed Connection Number: 1000
Total Handled Requests: 1,050
Request Handling Speed (#/second): 0
Avialable Sending Queue Items: 255
Total Sending Queue Items: 256

2017-07-20 09:52:01,883 Performance - ---------------------------------------------------
CPU Usage: 0.00%, Physical Memory Usage: 60,534,784.00, Total Thread Count: 31
AvailableWorkingThreads: 2046, AvailableCompletionPortThreads: 1000
MaxWorkingThreads: 2047, MaxCompletionPortThreads: 1000
DBServer ----------------------------------
Started Time: 2017/7/20 9:12:07
Is Running: True
Total Connections: 1
Maximum Allowed Connection Number: 1000
Total Handled Requests: 1,062
Request Handling Speed (#/second): 0
Avialable Sending Queue Items: 255
Total Sending Queue Items: 256

2017-07-20 09:53:01,896 Performance - ---------------------------------------------------
CPU Usage: 0.00%, Physical Memory Usage: 60,600,320.00, Total Thread Count: 31
AvailableWorkingThreads: 2046, AvailableCompletionPortThreads: 1000
MaxWorkingThreads: 2047, MaxCompletionPortThreads: 1000
DBServer ----------------------------------
Started Time: 2017/7/20 9:12:07
Is Running: True
Total Connections: 1
Maximum Allowed Connection Number: 1000
Total Handled Requests: 1,074
Request Handling Speed (#/second): 0
Avialable Sending Queue Items: 255
Total Sending Queue Items: 256

2017-07-20 09:54:01,909 Performance - ---------------------------------------------------
CPU Usage: 0.01%, Physical Memory Usage: 60,661,760.00, Total Thread Count: 31
AvailableWorkingThreads: 2046, AvailableCompletionPortThreads: 1000
MaxWorkingThreads: 2047, MaxCompletionPortThreads: 1000
DBServer ----------------------------------
Started Time: 2017/7/20 9:12:07
Is Running: True
Total Connections: 1
Maximum Allowed Connection Number: 1000
Total Handled Requests: 1,086
Request Handling Speed (#/second): 0
Avialable Sending Queue Items: 255
Total Sending Queue Items: 256

2017-07-20 09:55:01,922 Performance - ---------------------------------------------------
CPU Usage: 0.03%, Physical Memory Usage: 60,715,008.00, Total Thread Count: 31
AvailableWorkingThreads: 2046, AvailableCompletionPortThreads: 1000
MaxWorkingThreads: 2047, MaxCompletionPortThreads: 1000
DBServer ----------------------------------
Started Time: 2017/7/20 9:12:07
Is Running: True
Total Connections: 1
Maximum Allowed Connection Number: 1000
Total Handled Requests: 1,098
Request Handling Speed (#/second): 0
Avialable Sending Queue Items: 255
Total Sending Queue Items: 256

2017-07-20 09:56:01,935 Performance - ---------------------------------------------------
CPU Usage: 0.00%, Physical Memory Usage: 60,846,080.00, Total Thread Count: 32
AvailableWorkingThreads: 2046, AvailableCompletionPortThreads: 1000
MaxWorkingThreads: 2047, MaxCompletionPortThreads: 1000
DBServer ----------------------------------
Started Time: 2017/7/20 9:12:07
Is Running: True
Total Connections: 0
Maximum Allowed Connection Number: 1000
Total Handled Requests: 1,108
Request Handling Speed (#/second): 0
Avialable Sending Queue Items: 256
Total Sending Queue Items: 256

2017-07-20 09:57:01,949 Performance - ---------------------------------------------------
CPU Usage: 0.06%, Physical Memory Usage: 61,042,688.00, Total Thread Count: 35
AvailableWorkingThreads: 2046, AvailableCompletionPortThreads: 1000
MaxWorkingThreads: 2047, MaxCompletionPortThreads: 1000
DBServer ----------------------------------
Started Time: 2017/7/20 9:12:07
Is Running: True
Total Connections: 3
Maximum Allowed Connection Number: 1000
Total Handled Requests: 1,131
Request Handling Speed (#/second): 0
Avialable Sending Queue Items: 253
Total Sending Queue Items: 256

2017-07-20 09:58:01,962 Performance - ---------------------------------------------------
CPU Usage: 0.01%, Physical Memory Usage: 61,112,320.00, Total Thread Count: 33
AvailableWorkingThreads: 2046, AvailableCompletionPortThreads: 1000
MaxWorkingThreads: 2047, MaxCompletionPortThreads: 1000
DBServer ----------------------------------
Started Time: 2017/7/20 9:12:07
Is Running: True
Total Connections: 3
Maximum Allowed Connection Number: 1000
Total Handled Requests: 1,160
Request Handling Speed (#/second): 0
Avialable Sending Queue Items: 253
Total Sending Queue Items: 256

2017-07-20 09:59:01,974 Performance - ---------------------------------------------------
CPU Usage: 0.03%, Physical Memory Usage: 59,949,056.00, Total Thread Count: 32
AvailableWorkingThreads: 2046, AvailableCompletionPortThreads: 1000
MaxWorkingThreads: 2047, MaxCompletionPortThreads: 1000
DBServer ----------------------------------
Started Time: 2017/7/20 9:12:07
Is Running: True
Total Connections: 3
Maximum Allowed Connection Number: 1000
Total Handled Requests: 1,188
Request Handling Speed (#/second): 0
Avialable Sending Queue Items: 253
Total Sending Queue Items: 256

2017-07-20 10:00:01,986 Performance - ---------------------------------------------------
CPU Usage: 0.01%, Physical Memory Usage: 60,157,952.00, Total Thread Count: 32
AvailableWorkingThreads: 2046, AvailableCompletionPortThreads: 1000
MaxWorkingThreads: 2047, MaxCompletionPortThreads: 1000
DBServer ----------------------------------
Started Time: 2017/7/20 9:12:07
Is Running: True
Total Connections: 2
Maximum Allowed Connection Number: 1000
Total Handled Requests: 1,212
Request Handling Speed (#/second): 0
Avialable Sending Queue Items: 254
Total Sending Queue Items: 256

2017-07-20 10:01:01,999 Performance - ---------------------------------------------------
CPU Usage: 0.00%, Physical Memory Usage: 60,473,344.00, Total Thread Count: 32
AvailableWorkingThreads: 2046, AvailableCompletionPortThreads: 1000
MaxWorkingThreads: 2047, MaxCompletionPortThreads: 1000
DBServer ----------------------------------
Started Time: 2017/7/20 9:12:07
Is Running: True
Total Connections: 1
Maximum Allowed Connection Number: 1000
Total Handled Requests: 1,234
Request Handling Speed (#/second): 0
Avialable Sending Queue Items: 255
Total Sending Queue Items: 256

2017-07-20 10:02:02,013 Performance - ---------------------------------------------------
CPU Usage: 0.00%, Physical Memory Usage: 60,776,448.00, Total Thread Count: 32
AvailableWorkingThreads: 2046, AvailableCompletionPortThreads: 1000
MaxWorkingThreads: 2047, MaxCompletionPortThreads: 1000
DBServer ----------------------------------
Started Time: 2017/7/20 9:12:07
Is Running: True
Total Connections: 1
Maximum Allowed Connection Number: 1000
Total Handled Requests: 1,246
Request Handling Speed (#/second): 0
Avialable Sending Queue Items: 255
Total Sending Queue Items: 256

2017-07-20 10:03:02,057 Performance - ---------------------------------------------------
CPU Usage: 0.03%, Physical Memory Usage: 61,116,416.00, Total Thread Count: 32
AvailableWorkingThreads: 2046, AvailableCompletionPortThreads: 1000
MaxWorkingThreads: 2047, MaxCompletionPortThreads: 1000
DBServer ----------------------------------
Started Time: 2017/7/20 9:12:07
Is Running: True
Total Connections: 1
Maximum Allowed Connection Number: 1000
Total Handled Requests: 1,258
Request Handling Speed (#/second): 0
Avialable Sending Queue Items: 255
Total Sending Queue Items: 256

2017-07-20 10:04:02,039 Performance - ---------------------------------------------------
CPU Usage: 0.00%, Physical Memory Usage: 61,140,992.00, Total Thread Count: 30
AvailableWorkingThreads: 2046, AvailableCompletionPortThreads: 1000
MaxWorkingThreads: 2047, MaxCompletionPortThreads: 1000
DBServer ----------------------------------
Started Time: 2017/7/20 9:12:07
Is Running: True
Total Connections: 1
Maximum Allowed Connection Number: 1000
Total Handled Requests: 1,261
Request Handling Speed (#/second): 0
Avialable Sending Queue Items: 255
Total Sending Queue Items: 256

2017-07-20 10:05:02,054 Performance - ---------------------------------------------------
CPU Usage: 0.01%, Physical Memory Usage: 61,444,096.00, Total Thread Count: 29
AvailableWorkingThreads: 2046, AvailableCompletionPortThreads: 1000
MaxWorkingThreads: 2047, MaxCompletionPortThreads: 1000
DBServer ----------------------------------
Started Time: 2017/7/20 9:12:07
Is Running: True
Total Connections: 1
Maximum Allowed Connection Number: 1000
Total Handled Requests: 1,261
Request Handling Speed (#/second): 0
Avialable Sending Queue Items: 255
Total Sending Queue Items: 256

2017-07-20 10:06:02,062 Performance - ---------------------------------------------------
CPU Usage: 0.01%, Physical Memory Usage: 61,440,000.00, Total Thread Count: 29
AvailableWorkingThreads: 2046, AvailableCompletionPortThreads: 1000
MaxWorkingThreads: 2047, MaxCompletionPortThreads: 1000
DBServer ----------------------------------
Started Time: 2017/7/20 9:12:07
Is Running: True
Total Connections: 1
Maximum Allowed Connection Number: 1000
Total Handled Requests: 1,261
Request Handling Speed (#/second): 0
Avialable Sending Queue Items: 255
Total Sending Queue Items: 256

