2017-09-15 18:11:10,204 Performance - ---------------------------------------------------
CPU Usage: 0.00%, Physical Memory Usage: 36,356,096.00, Total Thread Count: 25
AvailableWorkingThreads: 2046, AvailableCompletionPortThreads: 1000
MaxWorkingThreads: 2047, MaxCompletionPortThreads: 1000
LISTServer ----------------------------------
Started Time: 2017/9/15 18:11:10
Is Running: True
Total Connections: 0
Maximum Allowed Connection Number: 1000
Total Handled Requests: 0
Request Handling Speed (#/second): 0
Avialable Sending Queue Items: 256
Total Sending Queue Items: 256

2017-09-15 18:12:10,206 Performance - ---------------------------------------------------
CPU Usage: 0.46%, Physical Memory Usage: 72,605,696.00, Total Thread Count: 39
AvailableWorkingThreads: 2046, AvailableCompletionPortThreads: 1000
MaxWorkingThreads: 2047, MaxCompletionPortThreads: 1000
LISTServer ----------------------------------
Started Time: 2017/9/15 18:11:10
Is Running: True
Total Connections: 1
Maximum Allowed Connection Number: 1000
Total Handled Requests: 3
Request Handling Speed (#/second): 0
Avialable Sending Queue Items: 255
Total Sending Queue Items: 256

2017-09-15 18:14:51,004 Performance - ---------------------------------------------------
CPU Usage: 0.08%, Physical Memory Usage: 74,973,184.00, Total Thread Count: 35
AvailableWorkingThreads: 2043, AvailableCompletionPortThreads: 1000
MaxWorkingThreads: 2047, MaxCompletionPortThreads: 1000
LISTServer ----------------------------------
Started Time: 2017/9/15 18:11:10
Is Running: True
Total Connections: 2
Maximum Allowed Connection Number: 1000
Total Handled Requests: 21
Request Handling Speed (#/second): 0
Avialable Sending Queue Items: 254
Total Sending Queue Items: 256

2017-09-15 18:15:47,269 Performance - ---------------------------------------------------
CPU Usage: 0.24%, Physical Memory Usage: 77,021,184.00, Total Thread Count: 35
AvailableWorkingThreads: 2043, AvailableCompletionPortThreads: 1000
MaxWorkingThreads: 2047, MaxCompletionPortThreads: 1000
LISTServer ----------------------------------
Started Time: 2017/9/15 18:11:10
Is Running: True
Total Connections: 3
Maximum Allowed Connection Number: 1000
Total Handled Requests: 49
Request Handling Speed (#/second): 0
Avialable Sending Queue Items: 253
Total Sending Queue Items: 256

2017-09-15 18:16:44,450 Performance - ---------------------------------------------------
CPU Usage: 0.21%, Physical Memory Usage: 82,137,088.00, Total Thread Count: 36
AvailableWorkingThreads: 2046, AvailableCompletionPortThreads: 1000
MaxWorkingThreads: 2047, MaxCompletionPortThreads: 1000
LISTServer ----------------------------------
Started Time: 2017/9/15 18:11:10
Is Running: True
Total Connections: 5
Maximum Allowed Connection Number: 1000
Total Handled Requests: 62
Request Handling Speed (#/second): 0
Avialable Sending Queue Items: 251
Total Sending Queue Items: 256

2017-09-15 18:17:44,449 Performance - ---------------------------------------------------
CPU Usage: 0.01%, Physical Memory Usage: 82,829,312.00, Total Thread Count: 34
AvailableWorkingThreads: 2046, AvailableCompletionPortThreads: 1000
MaxWorkingThreads: 2047, MaxCompletionPortThreads: 1000
LISTServer ----------------------------------
Started Time: 2017/9/15 18:11:10
Is Running: True
Total Connections: 5
Maximum Allowed Connection Number: 1000
Total Handled Requests: 69
Request Handling Speed (#/second): 0
Avialable Sending Queue Items: 251
Total Sending Queue Items: 256

2017-09-15 18:18:44,451 Performance - ---------------------------------------------------
CPU Usage: 0.03%, Physical Memory Usage: 83,566,592.00, Total Thread Count: 33
AvailableWorkingThreads: 2046, AvailableCompletionPortThreads: 1000
MaxWorkingThreads: 2047, MaxCompletionPortThreads: 1000
LISTServer ----------------------------------
Started Time: 2017/9/15 18:11:10
Is Running: True
Total Connections: 5
Maximum Allowed Connection Number: 1000
Total Handled Requests: 76
Request Handling Speed (#/second): 0
Avialable Sending Queue Items: 251
Total Sending Queue Items: 256

2017-09-15 18:19:44,459 Performance - ---------------------------------------------------
CPU Usage: 0.01%, Physical Memory Usage: 84,402,176.00, Total Thread Count: 33
AvailableWorkingThreads: 2046, AvailableCompletionPortThreads: 1000
MaxWorkingThreads: 2047, MaxCompletionPortThreads: 1000
LISTServer ----------------------------------
Started Time: 2017/9/15 18:11:10
Is Running: True
Total Connections: 4
Maximum Allowed Connection Number: 1000
Total Handled Requests: 79
Request Handling Speed (#/second): 0
Avialable Sending Queue Items: 252
Total Sending Queue Items: 256

2017-09-15 18:20:44,476 Performance - ---------------------------------------------------
CPU Usage: 0.08%, Physical Memory Usage: 85,237,760.00, Total Thread Count: 32
AvailableWorkingThreads: 2046, AvailableCompletionPortThreads: 1000
MaxWorkingThreads: 2047, MaxCompletionPortThreads: 1000
LISTServer ----------------------------------
Started Time: 2017/9/15 18:11:10
Is Running: True
Total Connections: 5
Maximum Allowed Connection Number: 1000
Total Handled Requests: 86
Request Handling Speed (#/second): 0
Avialable Sending Queue Items: 251
Total Sending Queue Items: 256

2017-09-15 18:21:44,490 Performance - ---------------------------------------------------
CPU Usage: 0.01%, Physical Memory Usage: 86,355,968.00, Total Thread Count: 32
AvailableWorkingThreads: 2046, AvailableCompletionPortThreads: 1000
MaxWorkingThreads: 2047, MaxCompletionPortThreads: 1000
LISTServer ----------------------------------
Started Time: 2017/9/15 18:11:10
Is Running: True
Total Connections: 5
Maximum Allowed Connection Number: 1000
Total Handled Requests: 86
Request Handling Speed (#/second): 0
Avialable Sending Queue Items: 251
Total Sending Queue Items: 256

2017-09-15 18:22:44,503 Performance - ---------------------------------------------------
CPU Usage: 0.00%, Physical Memory Usage: 86,900,736.00, Total Thread Count: 31
AvailableWorkingThreads: 2046, AvailableCompletionPortThreads: 1000
MaxWorkingThreads: 2047, MaxCompletionPortThreads: 1000
LISTServer ----------------------------------
Started Time: 2017/9/15 18:11:10
Is Running: True
Total Connections: 5
Maximum Allowed Connection Number: 1000
Total Handled Requests: 86
Request Handling Speed (#/second): 0
Avialable Sending Queue Items: 251
Total Sending Queue Items: 256

2017-09-15 18:23:44,502 Performance - ---------------------------------------------------
CPU Usage: 0.05%, Physical Memory Usage: 88,846,336.00, Total Thread Count: 36
AvailableWorkingThreads: 2046, AvailableCompletionPortThreads: 1000
MaxWorkingThreads: 2047, MaxCompletionPortThreads: 1000
LISTServer ----------------------------------
Started Time: 2017/9/15 18:11:10
Is Running: True
Total Connections: 5
Maximum Allowed Connection Number: 1000
Total Handled Requests: 91
Request Handling Speed (#/second): 0
Avialable Sending Queue Items: 251
Total Sending Queue Items: 256

2017-09-15 18:24:44,528 Performance - ---------------------------------------------------
CPU Usage: 0.01%, Physical Memory Usage: 87,728,128.00, Total Thread Count: 36
AvailableWorkingThreads: 2045, AvailableCompletionPortThreads: 1000
MaxWorkingThreads: 2047, MaxCompletionPortThreads: 1000
LISTServer ----------------------------------
Started Time: 2017/9/15 18:11:10
Is Running: True
Total Connections: 5
Maximum Allowed Connection Number: 1000
Total Handled Requests: 102
Request Handling Speed (#/second): 0
Avialable Sending Queue Items: 251
Total Sending Queue Items: 256

2017-09-15 18:25:44,520 Performance - ---------------------------------------------------
CPU Usage: 0.03%, Physical Memory Usage: 87,969,792.00, Total Thread Count: 35
AvailableWorkingThreads: 2046, AvailableCompletionPortThreads: 1000
MaxWorkingThreads: 2047, MaxCompletionPortThreads: 1000
LISTServer ----------------------------------
Started Time: 2017/9/15 18:11:10
Is Running: True
Total Connections: 4
Maximum Allowed Connection Number: 1000
Total Handled Requests: 113
Request Handling Speed (#/second): 0
Avialable Sending Queue Items: 252
Total Sending Queue Items: 256

2017-09-15 18:26:44,528 Performance - ---------------------------------------------------
CPU Usage: 0.05%, Physical Memory Usage: 89,403,392.00, Total Thread Count: 38
AvailableWorkingThreads: 2046, AvailableCompletionPortThreads: 1000
MaxWorkingThreads: 2047, MaxCompletionPortThreads: 1000
LISTServer ----------------------------------
Started Time: 2017/9/15 18:11:10
Is Running: True
Total Connections: 5
Maximum Allowed Connection Number: 1000
Total Handled Requests: 128
Request Handling Speed (#/second): 0
Avialable Sending Queue Items: 251
Total Sending Queue Items: 256

2017-09-15 18:27:44,521 Performance - ---------------------------------------------------
CPU Usage: 0.04%, Physical Memory Usage: 84,750,336.00, Total Thread Count: 41
AvailableWorkingThreads: 2046, AvailableCompletionPortThreads: 1000
MaxWorkingThreads: 2047, MaxCompletionPortThreads: 1000
LISTServer ----------------------------------
Started Time: 2017/9/15 18:11:10
Is Running: True
Total Connections: 1
Maximum Allowed Connection Number: 1000
Total Handled Requests: 145
Request Handling Speed (#/second): 0
Avialable Sending Queue Items: 255
Total Sending Queue Items: 256

2017-09-15 18:28:44,537 Performance - ---------------------------------------------------
CPU Usage: 0.05%, Physical Memory Usage: 85,176,320.00, Total Thread Count: 39
AvailableWorkingThreads: 2046, AvailableCompletionPortThreads: 1000
MaxWorkingThreads: 2047, MaxCompletionPortThreads: 1000
LISTServer ----------------------------------
Started Time: 2017/9/15 18:11:10
Is Running: True
Total Connections: 5
Maximum Allowed Connection Number: 1000
Total Handled Requests: 169
Request Handling Speed (#/second): 0
Avialable Sending Queue Items: 251
Total Sending Queue Items: 256

2017-09-15 18:29:44,534 Performance - ---------------------------------------------------
CPU Usage: 0.00%, Physical Memory Usage: 85,725,184.00, Total Thread Count: 34
AvailableWorkingThreads: 2046, AvailableCompletionPortThreads: 1000
MaxWorkingThreads: 2047, MaxCompletionPortThreads: 1000
LISTServer ----------------------------------
Started Time: 2017/9/15 18:11:10
Is Running: True
Total Connections: 4
Maximum Allowed Connection Number: 1000
Total Handled Requests: 175
Request Handling Speed (#/second): 0
Avialable Sending Queue Items: 252
Total Sending Queue Items: 256

2017-09-15 18:30:44,534 Performance - ---------------------------------------------------
CPU Usage: 0.01%, Physical Memory Usage: 86,204,416.00, Total Thread Count: 39
AvailableWorkingThreads: 2046, AvailableCompletionPortThreads: 1000
MaxWorkingThreads: 2047, MaxCompletionPortThreads: 1000
LISTServer ----------------------------------
Started Time: 2017/9/15 18:11:10
Is Running: True
Total Connections: 0
Maximum Allowed Connection Number: 1000
Total Handled Requests: 175
Request Handling Speed (#/second): 0
Avialable Sending Queue Items: 256
Total Sending Queue Items: 256

2017-09-15 18:31:44,534 Performance - ---------------------------------------------------
CPU Usage: 0.07%, Physical Memory Usage: 87,269,376.00, Total Thread Count: 37
AvailableWorkingThreads: 2046, AvailableCompletionPortThreads: 1000
MaxWorkingThreads: 2047, MaxCompletionPortThreads: 1000
LISTServer ----------------------------------
Started Time: 2017/9/15 18:11:10
Is Running: True
Total Connections: 4
Maximum Allowed Connection Number: 1000
Total Handled Requests: 189
Request Handling Speed (#/second): 0
Avialable Sending Queue Items: 252
Total Sending Queue Items: 256

2017-09-15 18:32:44,540 Performance - ---------------------------------------------------
CPU Usage: 0.01%, Physical Memory Usage: 86,716,416.00, Total Thread Count: 34
AvailableWorkingThreads: 2046, AvailableCompletionPortThreads: 1000
MaxWorkingThreads: 2047, MaxCompletionPortThreads: 1000
LISTServer ----------------------------------
Started Time: 2017/9/15 18:11:10
Is Running: True
Total Connections: 4
Maximum Allowed Connection Number: 1000
Total Handled Requests: 189
Request Handling Speed (#/second): 0
Avialable Sending Queue Items: 252
Total Sending Queue Items: 256

2017-09-15 18:33:44,534 Performance - ---------------------------------------------------
CPU Usage: 0.00%, Physical Memory Usage: 87,441,408.00, Total Thread Count: 33
AvailableWorkingThreads: 2046, AvailableCompletionPortThreads: 1000
MaxWorkingThreads: 2047, MaxCompletionPortThreads: 1000
LISTServer ----------------------------------
Started Time: 2017/9/15 18:11:10
Is Running: True
Total Connections: 4
Maximum Allowed Connection Number: 1000
Total Handled Requests: 189
Request Handling Speed (#/second): 0
Avialable Sending Queue Items: 252
Total Sending Queue Items: 256

2017-09-15 18:34:44,550 Performance - ---------------------------------------------------
CPU Usage: 0.01%, Physical Memory Usage: 87,855,104.00, Total Thread Count: 33
AvailableWorkingThreads: 2046, AvailableCompletionPortThreads: 1000
MaxWorkingThreads: 2047, MaxCompletionPortThreads: 1000
LISTServer ----------------------------------
Started Time: 2017/9/15 18:11:10
Is Running: True
Total Connections: 0
Maximum Allowed Connection Number: 1000
Total Handled Requests: 189
Request Handling Speed (#/second): 0
Avialable Sending Queue Items: 256
Total Sending Queue Items: 256

2017-09-15 18:35:44,555 Performance - ---------------------------------------------------
CPU Usage: 0.01%, Physical Memory Usage: 88,064,000.00, Total Thread Count: 33
AvailableWorkingThreads: 2046, AvailableCompletionPortThreads: 1000
MaxWorkingThreads: 2047, MaxCompletionPortThreads: 1000
LISTServer ----------------------------------
Started Time: 2017/9/15 18:11:10
Is Running: True
Total Connections: 0
Maximum Allowed Connection Number: 1000
Total Handled Requests: 189
Request Handling Speed (#/second): 0
Avialable Sending Queue Items: 256
Total Sending Queue Items: 256

2017-09-15 18:36:44,550 Performance - ---------------------------------------------------
CPU Usage: 0.01%, Physical Memory Usage: 88,600,576.00, Total Thread Count: 36
AvailableWorkingThreads: 2046, AvailableCompletionPortThreads: 1000
MaxWorkingThreads: 2047, MaxCompletionPortThreads: 1000
LISTServer ----------------------------------
Started Time: 2017/9/15 18:11:10
Is Running: True
Total Connections: 1
Maximum Allowed Connection Number: 1000
Total Handled Requests: 193
Request Handling Speed (#/second): 0
Avialable Sending Queue Items: 255
Total Sending Queue Items: 256

2017-09-15 18:37:44,550 Performance - ---------------------------------------------------
CPU Usage: 0.01%, Physical Memory Usage: 88,866,816.00, Total Thread Count: 35
AvailableWorkingThreads: 2046, AvailableCompletionPortThreads: 1000
MaxWorkingThreads: 2047, MaxCompletionPortThreads: 1000
LISTServer ----------------------------------
Started Time: 2017/9/15 18:11:10
Is Running: True
Total Connections: 0
Maximum Allowed Connection Number: 1000
Total Handled Requests: 197
Request Handling Speed (#/second): 0
Avialable Sending Queue Items: 256
Total Sending Queue Items: 256

2017-09-15 18:38:44,551 Performance - ---------------------------------------------------
CPU Usage: 0.01%, Physical Memory Usage: 89,387,008.00, Total Thread Count: 34
AvailableWorkingThreads: 2046, AvailableCompletionPortThreads: 1000
MaxWorkingThreads: 2047, MaxCompletionPortThreads: 1000
LISTServer ----------------------------------
Started Time: 2017/9/15 18:11:10
Is Running: True
Total Connections: 0
Maximum Allowed Connection Number: 1000
Total Handled Requests: 197
Request Handling Speed (#/second): 0
Avialable Sending Queue Items: 256
Total Sending Queue Items: 256

2017-09-15 18:39:44,551 Performance - ---------------------------------------------------
CPU Usage: 0.02%, Physical Memory Usage: 90,542,080.00, Total Thread Count: 36
AvailableWorkingThreads: 2046, AvailableCompletionPortThreads: 1000
MaxWorkingThreads: 2047, MaxCompletionPortThreads: 1000
LISTServer ----------------------------------
Started Time: 2017/9/15 18:11:10
Is Running: True
Total Connections: 1
Maximum Allowed Connection Number: 1000
Total Handled Requests: 213
Request Handling Speed (#/second): 0
Avialable Sending Queue Items: 255
Total Sending Queue Items: 256

2017-09-15 18:40:44,562 Performance - ---------------------------------------------------
CPU Usage: 0.00%, Physical Memory Usage: 91,185,152.00, Total Thread Count: 36
AvailableWorkingThreads: 2046, AvailableCompletionPortThreads: 1000
MaxWorkingThreads: 2047, MaxCompletionPortThreads: 1000
LISTServer ----------------------------------
Started Time: 2017/9/15 18:11:10
Is Running: True
Total Connections: 1
Maximum Allowed Connection Number: 1000
Total Handled Requests: 227
Request Handling Speed (#/second): 0
Avialable Sending Queue Items: 255
Total Sending Queue Items: 256

2017-09-15 18:41:44,587 Performance - ---------------------------------------------------
CPU Usage: 0.02%, Physical Memory Usage: 91,914,240.00, Total Thread Count: 32
AvailableWorkingThreads: 2046, AvailableCompletionPortThreads: 1000
MaxWorkingThreads: 2047, MaxCompletionPortThreads: 1000
LISTServer ----------------------------------
Started Time: 2017/9/15 18:11:10
Is Running: True
Total Connections: 0
Maximum Allowed Connection Number: 1000
Total Handled Requests: 230
Request Handling Speed (#/second): 0
Avialable Sending Queue Items: 256
Total Sending Queue Items: 256

2017-09-15 18:42:44,563 Performance - ---------------------------------------------------
CPU Usage: 0.03%, Physical Memory Usage: 89,812,992.00, Total Thread Count: 34
AvailableWorkingThreads: 2046, AvailableCompletionPortThreads: 1000
MaxWorkingThreads: 2047, MaxCompletionPortThreads: 1000
LISTServer ----------------------------------
Started Time: 2017/9/15 18:11:10
Is Running: True
Total Connections: 1
Maximum Allowed Connection Number: 1000
Total Handled Requests: 237
Request Handling Speed (#/second): 0
Avialable Sending Queue Items: 255
Total Sending Queue Items: 256

2017-09-15 18:43:44,568 Performance - ---------------------------------------------------
CPU Usage: 0.05%, Physical Memory Usage: 89,907,200.00, Total Thread Count: 35
AvailableWorkingThreads: 2046, AvailableCompletionPortThreads: 1000
MaxWorkingThreads: 2047, MaxCompletionPortThreads: 1000
LISTServer ----------------------------------
Started Time: 2017/9/15 18:11:10
Is Running: True
Total Connections: 1
Maximum Allowed Connection Number: 1000
Total Handled Requests: 253
Request Handling Speed (#/second): 0
Avialable Sending Queue Items: 255
Total Sending Queue Items: 256

2017-09-15 18:44:44,581 Performance - ---------------------------------------------------
CPU Usage: 0.01%, Physical Memory Usage: 90,189,824.00, Total Thread Count: 39
AvailableWorkingThreads: 2046, AvailableCompletionPortThreads: 1000
MaxWorkingThreads: 2047, MaxCompletionPortThreads: 1000
LISTServer ----------------------------------
Started Time: 2017/9/15 18:11:10
Is Running: True
Total Connections: 1
Maximum Allowed Connection Number: 1000
Total Handled Requests: 269
Request Handling Speed (#/second): 0
Avialable Sending Queue Items: 255
Total Sending Queue Items: 256

2017-09-15 18:45:44,579 Performance - ---------------------------------------------------
CPU Usage: 0.01%, Physical Memory Usage: 91,107,328.00, Total Thread Count: 37
AvailableWorkingThreads: 2046, AvailableCompletionPortThreads: 1000
MaxWorkingThreads: 2047, MaxCompletionPortThreads: 1000
LISTServer ----------------------------------
Started Time: 2017/9/15 18:11:10
Is Running: True
Total Connections: 1
Maximum Allowed Connection Number: 1000
Total Handled Requests: 281
Request Handling Speed (#/second): 0
Avialable Sending Queue Items: 255
Total Sending Queue Items: 256

2017-09-15 18:46:44,578 Performance - ---------------------------------------------------
CPU Usage: 0.01%, Physical Memory Usage: 85,258,240.00, Total Thread Count: 37
AvailableWorkingThreads: 2046, AvailableCompletionPortThreads: 1000
MaxWorkingThreads: 2047, MaxCompletionPortThreads: 1000
LISTServer ----------------------------------
Started Time: 2017/9/15 18:11:10
Is Running: True
Total Connections: 1
Maximum Allowed Connection Number: 1000
Total Handled Requests: 292
Request Handling Speed (#/second): 0
Avialable Sending Queue Items: 255
Total Sending Queue Items: 256

2017-09-15 18:47:44,578 Performance - ---------------------------------------------------
CPU Usage: 0.01%, Physical Memory Usage: 85,856,256.00, Total Thread Count: 37
AvailableWorkingThreads: 2046, AvailableCompletionPortThreads: 1000
MaxWorkingThreads: 2047, MaxCompletionPortThreads: 1000
LISTServer ----------------------------------
Started Time: 2017/9/15 18:11:10
Is Running: True
Total Connections: 1
Maximum Allowed Connection Number: 1000
Total Handled Requests: 304
Request Handling Speed (#/second): 0
Avialable Sending Queue Items: 255
Total Sending Queue Items: 256

2017-09-15 18:48:44,595 Performance - ---------------------------------------------------
CPU Usage: 0.02%, Physical Memory Usage: 86,708,224.00, Total Thread Count: 37
AvailableWorkingThreads: 2046, AvailableCompletionPortThreads: 1000
MaxWorkingThreads: 2047, MaxCompletionPortThreads: 1000
LISTServer ----------------------------------
Started Time: 2017/9/15 18:11:10
Is Running: True
Total Connections: 1
Maximum Allowed Connection Number: 1000
Total Handled Requests: 316
Request Handling Speed (#/second): 0
Avialable Sending Queue Items: 255
Total Sending Queue Items: 256

2017-09-15 18:49:44,595 Performance - ---------------------------------------------------
CPU Usage: 0.01%, Physical Memory Usage: 86,990,848.00, Total Thread Count: 32
AvailableWorkingThreads: 2046, AvailableCompletionPortThreads: 1000
MaxWorkingThreads: 2047, MaxCompletionPortThreads: 1000
LISTServer ----------------------------------
Started Time: 2017/9/15 18:11:10
Is Running: True
Total Connections: 0
Maximum Allowed Connection Number: 1000
Total Handled Requests: 319
Request Handling Speed (#/second): 0
Avialable Sending Queue Items: 256
Total Sending Queue Items: 256

2017-09-15 18:50:44,599 Performance - ---------------------------------------------------
CPU Usage: 0.01%, Physical Memory Usage: 87,937,024.00, Total Thread Count: 32
AvailableWorkingThreads: 2046, AvailableCompletionPortThreads: 1000
MaxWorkingThreads: 2047, MaxCompletionPortThreads: 1000
LISTServer ----------------------------------
Started Time: 2017/9/15 18:11:10
Is Running: True
Total Connections: 0
Maximum Allowed Connection Number: 1000
Total Handled Requests: 319
Request Handling Speed (#/second): 0
Avialable Sending Queue Items: 256
Total Sending Queue Items: 256

