2017-12-18 16:58:43,288 Performance - ---------------------------------------------------
CPU Usage: 0.00%, Physical Memory Usage: 44,679,168.00, Total Thread Count: 31
AvailableWorkingThreads: 2046, AvailableCompletionPortThreads: 1000
MaxWorkingThreads: 2047, MaxCompletionPortThreads: 1000
LISTServer ----------------------------------
Started Time: 2017/12/18 16:58:43
Is Running: True
Total Connections: 0
Maximum Allowed Connection Number: 1000
Total Handled Requests: 0
Request Handling Speed (#/second): 0
Avialable Sending Queue Items: 256
Total Sending Queue Items: 256

2017-12-18 16:59:43,233 Performance - ---------------------------------------------------
CPU Usage: 0.03%, Physical Memory Usage: 47,525,888.00, Total Thread Count: 32
AvailableWorkingThreads: 2046, AvailableCompletionPortThreads: 1000
MaxWorkingThreads: 2047, MaxCompletionPortThreads: 1000
LISTServer ----------------------------------
Started Time: 2017/12/18 16:58:43
Is Running: True
Total Connections: 0
Maximum Allowed Connection Number: 1000
Total Handled Requests: 0
Request Handling Speed (#/second): 0
Avialable Sending Queue Items: 256
Total Sending Queue Items: 256

2017-12-18 17:00:43,232 Performance - ---------------------------------------------------
CPU Usage: 0.00%, Physical Memory Usage: 48,357,376.00, Total Thread Count: 32
AvailableWorkingThreads: 2046, AvailableCompletionPortThreads: 1000
MaxWorkingThreads: 2047, MaxCompletionPortThreads: 1000
LISTServer ----------------------------------
Started Time: 2017/12/18 16:58:43
Is Running: True
Total Connections: 0
Maximum Allowed Connection Number: 1000
Total Handled Requests: 0
Request Handling Speed (#/second): 0
Avialable Sending Queue Items: 256
Total Sending Queue Items: 256

2017-12-18 17:01:43,230 Performance - ---------------------------------------------------
CPU Usage: 0.01%, Physical Memory Usage: 48,791,552.00, Total Thread Count: 31
AvailableWorkingThreads: 2046, AvailableCompletionPortThreads: 1000
MaxWorkingThreads: 2047, MaxCompletionPortThreads: 1000
LISTServer ----------------------------------
Started Time: 2017/12/18 16:58:43
Is Running: True
Total Connections: 0
Maximum Allowed Connection Number: 1000
Total Handled Requests: 0
Request Handling Speed (#/second): 0
Avialable Sending Queue Items: 256
Total Sending Queue Items: 256

2017-12-18 17:02:43,231 Performance - ---------------------------------------------------
CPU Usage: 0.01%, Physical Memory Usage: 49,934,336.00, Total Thread Count: 31
AvailableWorkingThreads: 2046, AvailableCompletionPortThreads: 1000
MaxWorkingThreads: 2047, MaxCompletionPortThreads: 1000
LISTServer ----------------------------------
Started Time: 2017/12/18 16:58:43
Is Running: True
Total Connections: 0
Maximum Allowed Connection Number: 1000
Total Handled Requests: 0
Request Handling Speed (#/second): 0
Avialable Sending Queue Items: 256
Total Sending Queue Items: 256

2017-12-18 17:03:43,233 Performance - ---------------------------------------------------
CPU Usage: 0.01%, Physical Memory Usage: 50,491,392.00, Total Thread Count: 31
AvailableWorkingThreads: 2046, AvailableCompletionPortThreads: 1000
MaxWorkingThreads: 2047, MaxCompletionPortThreads: 1000
LISTServer ----------------------------------
Started Time: 2017/12/18 16:58:43
Is Running: True
Total Connections: 0
Maximum Allowed Connection Number: 1000
Total Handled Requests: 0
Request Handling Speed (#/second): 0
Avialable Sending Queue Items: 256
Total Sending Queue Items: 256

2017-12-18 17:04:43,233 Performance - ---------------------------------------------------
CPU Usage: 0.01%, Physical Memory Usage: 51,638,272.00, Total Thread Count: 31
AvailableWorkingThreads: 2046, AvailableCompletionPortThreads: 1000
MaxWorkingThreads: 2047, MaxCompletionPortThreads: 1000
LISTServer ----------------------------------
Started Time: 2017/12/18 16:58:43
Is Running: True
Total Connections: 0
Maximum Allowed Connection Number: 1000
Total Handled Requests: 0
Request Handling Speed (#/second): 0
Avialable Sending Queue Items: 256
Total Sending Queue Items: 256

2017-12-18 17:05:43,232 Performance - ---------------------------------------------------
CPU Usage: 0.01%, Physical Memory Usage: 52,842,496.00, Total Thread Count: 31
AvailableWorkingThreads: 2046, AvailableCompletionPortThreads: 1000
MaxWorkingThreads: 2047, MaxCompletionPortThreads: 1000
LISTServer ----------------------------------
Started Time: 2017/12/18 16:58:43
Is Running: True
Total Connections: 0
Maximum Allowed Connection Number: 1000
Total Handled Requests: 0
Request Handling Speed (#/second): 0
Avialable Sending Queue Items: 256
Total Sending Queue Items: 256

2017-12-18 17:06:43,234 Performance - ---------------------------------------------------
CPU Usage: 0.01%, Physical Memory Usage: 53,850,112.00, Total Thread Count: 31
AvailableWorkingThreads: 2046, AvailableCompletionPortThreads: 1000
MaxWorkingThreads: 2047, MaxCompletionPortThreads: 1000
LISTServer ----------------------------------
Started Time: 2017/12/18 16:58:43
Is Running: True
Total Connections: 0
Maximum Allowed Connection Number: 1000
Total Handled Requests: 0
Request Handling Speed (#/second): 0
Avialable Sending Queue Items: 256
Total Sending Queue Items: 256

2017-12-18 17:07:43,232 Performance - ---------------------------------------------------
CPU Usage: 0.01%, Physical Memory Usage: 54,104,064.00, Total Thread Count: 31
AvailableWorkingThreads: 2046, AvailableCompletionPortThreads: 1000
MaxWorkingThreads: 2047, MaxCompletionPortThreads: 1000
LISTServer ----------------------------------
Started Time: 2017/12/18 16:58:43
Is Running: True
Total Connections: 0
Maximum Allowed Connection Number: 1000
Total Handled Requests: 0
Request Handling Speed (#/second): 0
Avialable Sending Queue Items: 256
Total Sending Queue Items: 256

2017-12-18 17:08:43,244 Performance - ---------------------------------------------------
CPU Usage: 0.00%, Physical Memory Usage: 55,087,104.00, Total Thread Count: 31
AvailableWorkingThreads: 2046, AvailableCompletionPortThreads: 1000
MaxWorkingThreads: 2047, MaxCompletionPortThreads: 1000
LISTServer ----------------------------------
Started Time: 2017/12/18 16:58:43
Is Running: True
Total Connections: 0
Maximum Allowed Connection Number: 1000
Total Handled Requests: 0
Request Handling Speed (#/second): 0
Avialable Sending Queue Items: 256
Total Sending Queue Items: 256

2017-12-18 17:09:43,244 Performance - ---------------------------------------------------
CPU Usage: 0.01%, Physical Memory Usage: 56,201,216.00, Total Thread Count: 31
AvailableWorkingThreads: 2046, AvailableCompletionPortThreads: 1000
MaxWorkingThreads: 2047, MaxCompletionPortThreads: 1000
LISTServer ----------------------------------
Started Time: 2017/12/18 16:58:43
Is Running: True
Total Connections: 0
Maximum Allowed Connection Number: 1000
Total Handled Requests: 0
Request Handling Speed (#/second): 0
Avialable Sending Queue Items: 256
Total Sending Queue Items: 256

2017-12-18 17:10:43,249 Performance - ---------------------------------------------------
CPU Usage: 0.01%, Physical Memory Usage: 55,910,400.00, Total Thread Count: 31
AvailableWorkingThreads: 2046, AvailableCompletionPortThreads: 1000
MaxWorkingThreads: 2047, MaxCompletionPortThreads: 1000
LISTServer ----------------------------------
Started Time: 2017/12/18 16:58:43
Is Running: True
Total Connections: 0
Maximum Allowed Connection Number: 1000
Total Handled Requests: 0
Request Handling Speed (#/second): 0
Avialable Sending Queue Items: 256
Total Sending Queue Items: 256

2017-12-18 17:11:43,247 Performance - ---------------------------------------------------
CPU Usage: 0.03%, Physical Memory Usage: 56,131,584.00, Total Thread Count: 31
AvailableWorkingThreads: 2046, AvailableCompletionPortThreads: 1000
MaxWorkingThreads: 2047, MaxCompletionPortThreads: 1000
LISTServer ----------------------------------
Started Time: 2017/12/18 16:58:43
Is Running: True
Total Connections: 0
Maximum Allowed Connection Number: 1000
Total Handled Requests: 0
Request Handling Speed (#/second): 0
Avialable Sending Queue Items: 256
Total Sending Queue Items: 256

2017-12-18 17:12:43,246 Performance - ---------------------------------------------------
CPU Usage: 0.01%, Physical Memory Usage: 56,901,632.00, Total Thread Count: 31
AvailableWorkingThreads: 2046, AvailableCompletionPortThreads: 1000
MaxWorkingThreads: 2047, MaxCompletionPortThreads: 1000
LISTServer ----------------------------------
Started Time: 2017/12/18 16:58:43
Is Running: True
Total Connections: 0
Maximum Allowed Connection Number: 1000
Total Handled Requests: 0
Request Handling Speed (#/second): 0
Avialable Sending Queue Items: 256
Total Sending Queue Items: 256

2017-12-18 17:13:43,260 Performance - ---------------------------------------------------
CPU Usage: 0.01%, Physical Memory Usage: 58,028,032.00, Total Thread Count: 31
AvailableWorkingThreads: 2046, AvailableCompletionPortThreads: 1000
MaxWorkingThreads: 2047, MaxCompletionPortThreads: 1000
LISTServer ----------------------------------
Started Time: 2017/12/18 16:58:43
Is Running: True
Total Connections: 0
Maximum Allowed Connection Number: 1000
Total Handled Requests: 0
Request Handling Speed (#/second): 0
Avialable Sending Queue Items: 256
Total Sending Queue Items: 256

2017-12-18 17:14:43,258 Performance - ---------------------------------------------------
CPU Usage: 0.01%, Physical Memory Usage: 59,162,624.00, Total Thread Count: 31
AvailableWorkingThreads: 2046, AvailableCompletionPortThreads: 1000
MaxWorkingThreads: 2047, MaxCompletionPortThreads: 1000
LISTServer ----------------------------------
Started Time: 2017/12/18 16:58:43
Is Running: True
Total Connections: 0
Maximum Allowed Connection Number: 1000
Total Handled Requests: 0
Request Handling Speed (#/second): 0
Avialable Sending Queue Items: 256
Total Sending Queue Items: 256

2017-12-18 17:15:43,264 Performance - ---------------------------------------------------
CPU Usage: 0.01%, Physical Memory Usage: 59,936,768.00, Total Thread Count: 31
AvailableWorkingThreads: 2046, AvailableCompletionPortThreads: 1000
MaxWorkingThreads: 2047, MaxCompletionPortThreads: 1000
LISTServer ----------------------------------
Started Time: 2017/12/18 16:58:43
Is Running: True
Total Connections: 0
Maximum Allowed Connection Number: 1000
Total Handled Requests: 0
Request Handling Speed (#/second): 0
Avialable Sending Queue Items: 256
Total Sending Queue Items: 256

2017-12-18 17:16:43,273 Performance - ---------------------------------------------------
CPU Usage: 0.00%, Physical Memory Usage: 60,301,312.00, Total Thread Count: 31
AvailableWorkingThreads: 2046, AvailableCompletionPortThreads: 1000
MaxWorkingThreads: 2047, MaxCompletionPortThreads: 1000
LISTServer ----------------------------------
Started Time: 2017/12/18 16:58:43
Is Running: True
Total Connections: 0
Maximum Allowed Connection Number: 1000
Total Handled Requests: 0
Request Handling Speed (#/second): 0
Avialable Sending Queue Items: 256
Total Sending Queue Items: 256

2017-12-18 17:17:43,274 Performance - ---------------------------------------------------
CPU Usage: 0.01%, Physical Memory Usage: 60,583,936.00, Total Thread Count: 31
AvailableWorkingThreads: 2046, AvailableCompletionPortThreads: 1000
MaxWorkingThreads: 2047, MaxCompletionPortThreads: 1000
LISTServer ----------------------------------
Started Time: 2017/12/18 16:58:43
Is Running: True
Total Connections: 0
Maximum Allowed Connection Number: 1000
Total Handled Requests: 0
Request Handling Speed (#/second): 0
Avialable Sending Queue Items: 256
Total Sending Queue Items: 256

2017-12-18 17:18:43,274 Performance - ---------------------------------------------------
CPU Usage: 0.01%, Physical Memory Usage: 61,128,704.00, Total Thread Count: 31
AvailableWorkingThreads: 2046, AvailableCompletionPortThreads: 1000
MaxWorkingThreads: 2047, MaxCompletionPortThreads: 1000
LISTServer ----------------------------------
Started Time: 2017/12/18 16:58:43
Is Running: True
Total Connections: 0
Maximum Allowed Connection Number: 1000
Total Handled Requests: 0
Request Handling Speed (#/second): 0
Avialable Sending Queue Items: 256
Total Sending Queue Items: 256

2017-12-18 17:19:43,276 Performance - ---------------------------------------------------
CPU Usage: 0.01%, Physical Memory Usage: 62,091,264.00, Total Thread Count: 31
AvailableWorkingThreads: 2046, AvailableCompletionPortThreads: 1000
MaxWorkingThreads: 2047, MaxCompletionPortThreads: 1000
LISTServer ----------------------------------
Started Time: 2017/12/18 16:58:43
Is Running: True
Total Connections: 0
Maximum Allowed Connection Number: 1000
Total Handled Requests: 0
Request Handling Speed (#/second): 0
Avialable Sending Queue Items: 256
Total Sending Queue Items: 256

2017-12-18 17:20:43,282 Performance - ---------------------------------------------------
CPU Usage: 0.01%, Physical Memory Usage: 58,359,808.00, Total Thread Count: 31
AvailableWorkingThreads: 2046, AvailableCompletionPortThreads: 1000
MaxWorkingThreads: 2047, MaxCompletionPortThreads: 1000
LISTServer ----------------------------------
Started Time: 2017/12/18 16:58:43
Is Running: True
Total Connections: 0
Maximum Allowed Connection Number: 1000
Total Handled Requests: 0
Request Handling Speed (#/second): 0
Avialable Sending Queue Items: 256
Total Sending Queue Items: 256

2017-12-18 17:21:43,282 Performance - ---------------------------------------------------
CPU Usage: 0.01%, Physical Memory Usage: 58,544,128.00, Total Thread Count: 31
AvailableWorkingThreads: 2046, AvailableCompletionPortThreads: 1000
MaxWorkingThreads: 2047, MaxCompletionPortThreads: 1000
LISTServer ----------------------------------
Started Time: 2017/12/18 16:58:43
Is Running: True
Total Connections: 0
Maximum Allowed Connection Number: 1000
Total Handled Requests: 0
Request Handling Speed (#/second): 0
Avialable Sending Queue Items: 256
Total Sending Queue Items: 256

2017-12-18 17:22:43,282 Performance - ---------------------------------------------------
CPU Usage: 0.01%, Physical Memory Usage: 58,597,376.00, Total Thread Count: 31
AvailableWorkingThreads: 2046, AvailableCompletionPortThreads: 1000
MaxWorkingThreads: 2047, MaxCompletionPortThreads: 1000
LISTServer ----------------------------------
Started Time: 2017/12/18 16:58:43
Is Running: True
Total Connections: 0
Maximum Allowed Connection Number: 1000
Total Handled Requests: 0
Request Handling Speed (#/second): 0
Avialable Sending Queue Items: 256
Total Sending Queue Items: 256

2017-12-18 17:23:43,282 Performance - ---------------------------------------------------
CPU Usage: 0.01%, Physical Memory Usage: 58,855,424.00, Total Thread Count: 31
AvailableWorkingThreads: 2046, AvailableCompletionPortThreads: 1000
MaxWorkingThreads: 2047, MaxCompletionPortThreads: 1000
LISTServer ----------------------------------
Started Time: 2017/12/18 16:58:43
Is Running: True
Total Connections: 0
Maximum Allowed Connection Number: 1000
Total Handled Requests: 0
Request Handling Speed (#/second): 0
Avialable Sending Queue Items: 256
Total Sending Queue Items: 256

2017-12-18 17:24:43,282 Performance - ---------------------------------------------------
CPU Usage: 0.01%, Physical Memory Usage: 58,753,024.00, Total Thread Count: 31
AvailableWorkingThreads: 2046, AvailableCompletionPortThreads: 1000
MaxWorkingThreads: 2047, MaxCompletionPortThreads: 1000
LISTServer ----------------------------------
Started Time: 2017/12/18 16:58:43
Is Running: True
Total Connections: 0
Maximum Allowed Connection Number: 1000
Total Handled Requests: 0
Request Handling Speed (#/second): 0
Avialable Sending Queue Items: 256
Total Sending Queue Items: 256

2017-12-18 17:25:43,283 Performance - ---------------------------------------------------
CPU Usage: 0.01%, Physical Memory Usage: 59,629,568.00, Total Thread Count: 31
AvailableWorkingThreads: 2046, AvailableCompletionPortThreads: 1000
MaxWorkingThreads: 2047, MaxCompletionPortThreads: 1000
LISTServer ----------------------------------
Started Time: 2017/12/18 16:58:43
Is Running: True
Total Connections: 0
Maximum Allowed Connection Number: 1000
Total Handled Requests: 0
Request Handling Speed (#/second): 0
Avialable Sending Queue Items: 256
Total Sending Queue Items: 256

2017-12-18 17:26:43,285 Performance - ---------------------------------------------------
CPU Usage: 0.01%, Physical Memory Usage: 60,149,760.00, Total Thread Count: 31
AvailableWorkingThreads: 2046, AvailableCompletionPortThreads: 1000
MaxWorkingThreads: 2047, MaxCompletionPortThreads: 1000
LISTServer ----------------------------------
Started Time: 2017/12/18 16:58:43
Is Running: True
Total Connections: 0
Maximum Allowed Connection Number: 1000
Total Handled Requests: 0
Request Handling Speed (#/second): 0
Avialable Sending Queue Items: 256
Total Sending Queue Items: 256

2017-12-18 17:27:43,285 Performance - ---------------------------------------------------
CPU Usage: 0.01%, Physical Memory Usage: 60,817,408.00, Total Thread Count: 31
AvailableWorkingThreads: 2046, AvailableCompletionPortThreads: 1000
MaxWorkingThreads: 2047, MaxCompletionPortThreads: 1000
LISTServer ----------------------------------
Started Time: 2017/12/18 16:58:43
Is Running: True
Total Connections: 0
Maximum Allowed Connection Number: 1000
Total Handled Requests: 0
Request Handling Speed (#/second): 0
Avialable Sending Queue Items: 256
Total Sending Queue Items: 256

2017-12-18 17:28:43,316 Performance - ---------------------------------------------------
CPU Usage: 0.02%, Physical Memory Usage: 61,083,648.00, Total Thread Count: 31
AvailableWorkingThreads: 2046, AvailableCompletionPortThreads: 1000
MaxWorkingThreads: 2047, MaxCompletionPortThreads: 1000
LISTServer ----------------------------------
Started Time: 2017/12/18 16:58:43
Is Running: True
Total Connections: 0
Maximum Allowed Connection Number: 1000
Total Handled Requests: 0
Request Handling Speed (#/second): 0
Avialable Sending Queue Items: 256
Total Sending Queue Items: 256

2017-12-18 17:29:43,283 Performance - ---------------------------------------------------
CPU Usage: 0.02%, Physical Memory Usage: 57,221,120.00, Total Thread Count: 31
AvailableWorkingThreads: 2046, AvailableCompletionPortThreads: 1000
MaxWorkingThreads: 2047, MaxCompletionPortThreads: 1000
LISTServer ----------------------------------
Started Time: 2017/12/18 16:58:43
Is Running: True
Total Connections: 0
Maximum Allowed Connection Number: 1000
Total Handled Requests: 0
Request Handling Speed (#/second): 0
Avialable Sending Queue Items: 256
Total Sending Queue Items: 256

2017-12-18 17:30:43,288 Performance - ---------------------------------------------------
CPU Usage: 0.00%, Physical Memory Usage: 57,708,544.00, Total Thread Count: 31
AvailableWorkingThreads: 2046, AvailableCompletionPortThreads: 1000
MaxWorkingThreads: 2047, MaxCompletionPortThreads: 1000
LISTServer ----------------------------------
Started Time: 2017/12/18 16:58:43
Is Running: True
Total Connections: 0
Maximum Allowed Connection Number: 1000
Total Handled Requests: 0
Request Handling Speed (#/second): 0
Avialable Sending Queue Items: 256
Total Sending Queue Items: 256

2017-12-18 17:31:43,290 Performance - ---------------------------------------------------
CPU Usage: 0.01%, Physical Memory Usage: 57,692,160.00, Total Thread Count: 31
AvailableWorkingThreads: 2046, AvailableCompletionPortThreads: 1000
MaxWorkingThreads: 2047, MaxCompletionPortThreads: 1000
LISTServer ----------------------------------
Started Time: 2017/12/18 16:58:43
Is Running: True
Total Connections: 0
Maximum Allowed Connection Number: 1000
Total Handled Requests: 0
Request Handling Speed (#/second): 0
Avialable Sending Queue Items: 256
Total Sending Queue Items: 256

2017-12-18 17:32:43,296 Performance - ---------------------------------------------------
CPU Usage: 0.03%, Physical Memory Usage: 53,813,248.00, Total Thread Count: 31
AvailableWorkingThreads: 2046, AvailableCompletionPortThreads: 1000
MaxWorkingThreads: 2047, MaxCompletionPortThreads: 1000
LISTServer ----------------------------------
Started Time: 2017/12/18 16:58:43
Is Running: True
Total Connections: 0
Maximum Allowed Connection Number: 1000
Total Handled Requests: 0
Request Handling Speed (#/second): 0
Avialable Sending Queue Items: 256
Total Sending Queue Items: 256

2017-12-18 17:33:43,292 Performance - ---------------------------------------------------
CPU Usage: 0.01%, Physical Memory Usage: 53,981,184.00, Total Thread Count: 31
AvailableWorkingThreads: 2046, AvailableCompletionPortThreads: 1000
MaxWorkingThreads: 2047, MaxCompletionPortThreads: 1000
LISTServer ----------------------------------
Started Time: 2017/12/18 16:58:43
Is Running: True
Total Connections: 0
Maximum Allowed Connection Number: 1000
Total Handled Requests: 0
Request Handling Speed (#/second): 0
Avialable Sending Queue Items: 256
Total Sending Queue Items: 256

2017-12-18 17:34:43,293 Performance - ---------------------------------------------------
CPU Usage: 0.01%, Physical Memory Usage: 52,609,024.00, Total Thread Count: 31
AvailableWorkingThreads: 2046, AvailableCompletionPortThreads: 1000
MaxWorkingThreads: 2047, MaxCompletionPortThreads: 1000
LISTServer ----------------------------------
Started Time: 2017/12/18 16:58:43
Is Running: True
Total Connections: 0
Maximum Allowed Connection Number: 1000
Total Handled Requests: 0
Request Handling Speed (#/second): 0
Avialable Sending Queue Items: 256
Total Sending Queue Items: 256

2017-12-18 17:35:43,294 Performance - ---------------------------------------------------
CPU Usage: 0.01%, Physical Memory Usage: 52,862,976.00, Total Thread Count: 31
AvailableWorkingThreads: 2046, AvailableCompletionPortThreads: 1000
MaxWorkingThreads: 2047, MaxCompletionPortThreads: 1000
LISTServer ----------------------------------
Started Time: 2017/12/18 16:58:43
Is Running: True
Total Connections: 0
Maximum Allowed Connection Number: 1000
Total Handled Requests: 0
Request Handling Speed (#/second): 0
Avialable Sending Queue Items: 256
Total Sending Queue Items: 256

2017-12-18 17:36:43,294 Performance - ---------------------------------------------------
CPU Usage: 0.01%, Physical Memory Usage: 53,108,736.00, Total Thread Count: 31
AvailableWorkingThreads: 2046, AvailableCompletionPortThreads: 1000
MaxWorkingThreads: 2047, MaxCompletionPortThreads: 1000
LISTServer ----------------------------------
Started Time: 2017/12/18 16:58:43
Is Running: True
Total Connections: 0
Maximum Allowed Connection Number: 1000
Total Handled Requests: 0
Request Handling Speed (#/second): 0
Avialable Sending Queue Items: 256
Total Sending Queue Items: 256

2017-12-18 17:37:43,295 Performance - ---------------------------------------------------
CPU Usage: 0.01%, Physical Memory Usage: 53,362,688.00, Total Thread Count: 31
AvailableWorkingThreads: 2046, AvailableCompletionPortThreads: 1000
MaxWorkingThreads: 2047, MaxCompletionPortThreads: 1000
LISTServer ----------------------------------
Started Time: 2017/12/18 16:58:43
Is Running: True
Total Connections: 0
Maximum Allowed Connection Number: 1000
Total Handled Requests: 0
Request Handling Speed (#/second): 0
Avialable Sending Queue Items: 256
Total Sending Queue Items: 256

2017-12-18 17:38:43,297 Performance - ---------------------------------------------------
CPU Usage: 0.01%, Physical Memory Usage: 53,604,352.00, Total Thread Count: 31
AvailableWorkingThreads: 2046, AvailableCompletionPortThreads: 1000
MaxWorkingThreads: 2047, MaxCompletionPortThreads: 1000
LISTServer ----------------------------------
Started Time: 2017/12/18 16:58:43
Is Running: True
Total Connections: 0
Maximum Allowed Connection Number: 1000
Total Handled Requests: 0
Request Handling Speed (#/second): 0
Avialable Sending Queue Items: 256
Total Sending Queue Items: 256

2017-12-18 17:39:43,300 Performance - ---------------------------------------------------
CPU Usage: 0.01%, Physical Memory Usage: 51,388,416.00, Total Thread Count: 31
AvailableWorkingThreads: 2046, AvailableCompletionPortThreads: 1000
MaxWorkingThreads: 2047, MaxCompletionPortThreads: 1000
LISTServer ----------------------------------
Started Time: 2017/12/18 16:58:43
Is Running: True
Total Connections: 0
Maximum Allowed Connection Number: 1000
Total Handled Requests: 0
Request Handling Speed (#/second): 0
Avialable Sending Queue Items: 256
Total Sending Queue Items: 256

2017-12-18 17:40:43,296 Performance - ---------------------------------------------------
CPU Usage: 0.01%, Physical Memory Usage: 51,433,472.00, Total Thread Count: 31
AvailableWorkingThreads: 2046, AvailableCompletionPortThreads: 1000
MaxWorkingThreads: 2047, MaxCompletionPortThreads: 1000
LISTServer ----------------------------------
Started Time: 2017/12/18 16:58:43
Is Running: True
Total Connections: 0
Maximum Allowed Connection Number: 1000
Total Handled Requests: 0
Request Handling Speed (#/second): 0
Avialable Sending Queue Items: 256
Total Sending Queue Items: 256

2017-12-18 17:41:43,298 Performance - ---------------------------------------------------
CPU Usage: 0.01%, Physical Memory Usage: 51,650,560.00, Total Thread Count: 31
AvailableWorkingThreads: 2046, AvailableCompletionPortThreads: 1000
MaxWorkingThreads: 2047, MaxCompletionPortThreads: 1000
LISTServer ----------------------------------
Started Time: 2017/12/18 16:58:43
Is Running: True
Total Connections: 0
Maximum Allowed Connection Number: 1000
Total Handled Requests: 0
Request Handling Speed (#/second): 0
Avialable Sending Queue Items: 256
Total Sending Queue Items: 256

2017-12-18 17:42:43,296 Performance - ---------------------------------------------------
CPU Usage: 0.01%, Physical Memory Usage: 51,941,376.00, Total Thread Count: 31
AvailableWorkingThreads: 2046, AvailableCompletionPortThreads: 1000
MaxWorkingThreads: 2047, MaxCompletionPortThreads: 1000
LISTServer ----------------------------------
Started Time: 2017/12/18 16:58:43
Is Running: True
Total Connections: 0
Maximum Allowed Connection Number: 1000
Total Handled Requests: 0
Request Handling Speed (#/second): 0
Avialable Sending Queue Items: 256
Total Sending Queue Items: 256

2017-12-18 17:43:43,315 Performance - ---------------------------------------------------
CPU Usage: 0.01%, Physical Memory Usage: 52,740,096.00, Total Thread Count: 31
AvailableWorkingThreads: 2046, AvailableCompletionPortThreads: 1000
MaxWorkingThreads: 2047, MaxCompletionPortThreads: 1000
LISTServer ----------------------------------
Started Time: 2017/12/18 16:58:43
Is Running: True
Total Connections: 0
Maximum Allowed Connection Number: 1000
Total Handled Requests: 0
Request Handling Speed (#/second): 0
Avialable Sending Queue Items: 256
Total Sending Queue Items: 256

2017-12-18 17:44:43,312 Performance - ---------------------------------------------------
CPU Usage: 0.01%, Physical Memory Usage: 52,834,304.00, Total Thread Count: 31
AvailableWorkingThreads: 2046, AvailableCompletionPortThreads: 1000
MaxWorkingThreads: 2047, MaxCompletionPortThreads: 1000
LISTServer ----------------------------------
Started Time: 2017/12/18 16:58:43
Is Running: True
Total Connections: 0
Maximum Allowed Connection Number: 1000
Total Handled Requests: 0
Request Handling Speed (#/second): 0
Avialable Sending Queue Items: 256
Total Sending Queue Items: 256

2017-12-18 17:45:43,312 Performance - ---------------------------------------------------
CPU Usage: 0.01%, Physical Memory Usage: 53,088,256.00, Total Thread Count: 31
AvailableWorkingThreads: 2046, AvailableCompletionPortThreads: 1000
MaxWorkingThreads: 2047, MaxCompletionPortThreads: 1000
LISTServer ----------------------------------
Started Time: 2017/12/18 16:58:43
Is Running: True
Total Connections: 0
Maximum Allowed Connection Number: 1000
Total Handled Requests: 0
Request Handling Speed (#/second): 0
Avialable Sending Queue Items: 256
Total Sending Queue Items: 256

2017-12-18 17:46:43,314 Performance - ---------------------------------------------------
CPU Usage: 0.01%, Physical Memory Usage: 53,342,208.00, Total Thread Count: 31
AvailableWorkingThreads: 2046, AvailableCompletionPortThreads: 1000
MaxWorkingThreads: 2047, MaxCompletionPortThreads: 1000
LISTServer ----------------------------------
Started Time: 2017/12/18 16:58:43
Is Running: True
Total Connections: 0
Maximum Allowed Connection Number: 1000
Total Handled Requests: 0
Request Handling Speed (#/second): 0
Avialable Sending Queue Items: 256
Total Sending Queue Items: 256

2017-12-18 17:47:43,314 Performance - ---------------------------------------------------
CPU Usage: 0.01%, Physical Memory Usage: 53,592,064.00, Total Thread Count: 31
AvailableWorkingThreads: 2046, AvailableCompletionPortThreads: 1000
MaxWorkingThreads: 2047, MaxCompletionPortThreads: 1000
LISTServer ----------------------------------
Started Time: 2017/12/18 16:58:43
Is Running: True
Total Connections: 0
Maximum Allowed Connection Number: 1000
Total Handled Requests: 0
Request Handling Speed (#/second): 0
Avialable Sending Queue Items: 256
Total Sending Queue Items: 256

2017-12-18 17:48:43,325 Performance - ---------------------------------------------------
CPU Usage: 0.01%, Physical Memory Usage: 53,846,016.00, Total Thread Count: 31
AvailableWorkingThreads: 2046, AvailableCompletionPortThreads: 1000
MaxWorkingThreads: 2047, MaxCompletionPortThreads: 1000
LISTServer ----------------------------------
Started Time: 2017/12/18 16:58:43
Is Running: True
Total Connections: 0
Maximum Allowed Connection Number: 1000
Total Handled Requests: 0
Request Handling Speed (#/second): 0
Avialable Sending Queue Items: 256
Total Sending Queue Items: 256

2017-12-18 17:49:43,332 Performance - ---------------------------------------------------
CPU Usage: 0.01%, Physical Memory Usage: 50,319,360.00, Total Thread Count: 31
AvailableWorkingThreads: 2046, AvailableCompletionPortThreads: 1000
MaxWorkingThreads: 2047, MaxCompletionPortThreads: 1000
LISTServer ----------------------------------
Started Time: 2017/12/18 16:58:43
Is Running: True
Total Connections: 0
Maximum Allowed Connection Number: 1000
Total Handled Requests: 0
Request Handling Speed (#/second): 0
Avialable Sending Queue Items: 256
Total Sending Queue Items: 256

2017-12-18 17:50:43,326 Performance - ---------------------------------------------------
CPU Usage: 0.00%, Physical Memory Usage: 50,561,024.00, Total Thread Count: 31
AvailableWorkingThreads: 2046, AvailableCompletionPortThreads: 1000
MaxWorkingThreads: 2047, MaxCompletionPortThreads: 1000
LISTServer ----------------------------------
Started Time: 2017/12/18 16:58:43
Is Running: True
Total Connections: 0
Maximum Allowed Connection Number: 1000
Total Handled Requests: 0
Request Handling Speed (#/second): 0
Avialable Sending Queue Items: 256
Total Sending Queue Items: 256

2017-12-18 17:51:43,326 Performance - ---------------------------------------------------
CPU Usage: 0.01%, Physical Memory Usage: 50,663,424.00, Total Thread Count: 31
AvailableWorkingThreads: 2046, AvailableCompletionPortThreads: 1000
MaxWorkingThreads: 2047, MaxCompletionPortThreads: 1000
LISTServer ----------------------------------
Started Time: 2017/12/18 16:58:43
Is Running: True
Total Connections: 0
Maximum Allowed Connection Number: 1000
Total Handled Requests: 0
Request Handling Speed (#/second): 0
Avialable Sending Queue Items: 256
Total Sending Queue Items: 256

2017-12-18 17:52:43,323 Performance - ---------------------------------------------------
CPU Usage: 0.01%, Physical Memory Usage: 50,888,704.00, Total Thread Count: 31
AvailableWorkingThreads: 2046, AvailableCompletionPortThreads: 1000
MaxWorkingThreads: 2047, MaxCompletionPortThreads: 1000
LISTServer ----------------------------------
Started Time: 2017/12/18 16:58:43
Is Running: True
Total Connections: 0
Maximum Allowed Connection Number: 1000
Total Handled Requests: 0
Request Handling Speed (#/second): 0
Avialable Sending Queue Items: 256
Total Sending Queue Items: 256

2017-12-18 17:53:43,328 Performance - ---------------------------------------------------
CPU Usage: 0.01%, Physical Memory Usage: 51,142,656.00, Total Thread Count: 31
AvailableWorkingThreads: 2046, AvailableCompletionPortThreads: 1000
MaxWorkingThreads: 2047, MaxCompletionPortThreads: 1000
LISTServer ----------------------------------
Started Time: 2017/12/18 16:58:43
Is Running: True
Total Connections: 0
Maximum Allowed Connection Number: 1000
Total Handled Requests: 0
Request Handling Speed (#/second): 0
Avialable Sending Queue Items: 256
Total Sending Queue Items: 256

2017-12-18 17:54:43,332 Performance - ---------------------------------------------------
CPU Usage: 0.04%, Physical Memory Usage: 48,914,432.00, Total Thread Count: 31
AvailableWorkingThreads: 2046, AvailableCompletionPortThreads: 1000
MaxWorkingThreads: 2047, MaxCompletionPortThreads: 1000
LISTServer ----------------------------------
Started Time: 2017/12/18 16:58:43
Is Running: True
Total Connections: 0
Maximum Allowed Connection Number: 1000
Total Handled Requests: 0
Request Handling Speed (#/second): 0
Avialable Sending Queue Items: 256
Total Sending Queue Items: 256

2017-12-18 17:55:43,329 Performance - ---------------------------------------------------
CPU Usage: 0.01%, Physical Memory Usage: 49,082,368.00, Total Thread Count: 31
AvailableWorkingThreads: 2046, AvailableCompletionPortThreads: 1000
MaxWorkingThreads: 2047, MaxCompletionPortThreads: 1000
LISTServer ----------------------------------
Started Time: 2017/12/18 16:58:43
Is Running: True
Total Connections: 0
Maximum Allowed Connection Number: 1000
Total Handled Requests: 0
Request Handling Speed (#/second): 0
Avialable Sending Queue Items: 256
Total Sending Queue Items: 256

2017-12-18 17:56:43,334 Performance - ---------------------------------------------------
CPU Usage: 0.01%, Physical Memory Usage: 48,943,104.00, Total Thread Count: 31
AvailableWorkingThreads: 2046, AvailableCompletionPortThreads: 1000
MaxWorkingThreads: 2047, MaxCompletionPortThreads: 1000
LISTServer ----------------------------------
Started Time: 2017/12/18 16:58:43
Is Running: True
Total Connections: 0
Maximum Allowed Connection Number: 1000
Total Handled Requests: 0
Request Handling Speed (#/second): 0
Avialable Sending Queue Items: 256
Total Sending Queue Items: 256

2017-12-18 17:57:43,335 Performance - ---------------------------------------------------
CPU Usage: 0.01%, Physical Memory Usage: 49,180,672.00, Total Thread Count: 31
AvailableWorkingThreads: 2046, AvailableCompletionPortThreads: 1000
MaxWorkingThreads: 2047, MaxCompletionPortThreads: 1000
LISTServer ----------------------------------
Started Time: 2017/12/18 16:58:43
Is Running: True
Total Connections: 0
Maximum Allowed Connection Number: 1000
Total Handled Requests: 0
Request Handling Speed (#/second): 0
Avialable Sending Queue Items: 256
Total Sending Queue Items: 256

2017-12-18 17:58:43,355 Performance - ---------------------------------------------------
CPU Usage: 0.02%, Physical Memory Usage: 49,414,144.00, Total Thread Count: 31
AvailableWorkingThreads: 2046, AvailableCompletionPortThreads: 1000
MaxWorkingThreads: 2047, MaxCompletionPortThreads: 1000
LISTServer ----------------------------------
Started Time: 2017/12/18 16:58:43
Is Running: True
Total Connections: 0
Maximum Allowed Connection Number: 1000
Total Handled Requests: 0
Request Handling Speed (#/second): 0
Avialable Sending Queue Items: 256
Total Sending Queue Items: 256

2017-12-18 17:59:43,331 Performance - ---------------------------------------------------
CPU Usage: 0.01%, Physical Memory Usage: 49,303,552.00, Total Thread Count: 31
AvailableWorkingThreads: 2046, AvailableCompletionPortThreads: 1000
MaxWorkingThreads: 2047, MaxCompletionPortThreads: 1000
LISTServer ----------------------------------
Started Time: 2017/12/18 16:58:43
Is Running: True
Total Connections: 0
Maximum Allowed Connection Number: 1000
Total Handled Requests: 0
Request Handling Speed (#/second): 0
Avialable Sending Queue Items: 256
Total Sending Queue Items: 256

2017-12-18 18:00:43,332 Performance - ---------------------------------------------------
CPU Usage: 0.01%, Physical Memory Usage: 48,758,784.00, Total Thread Count: 31
AvailableWorkingThreads: 2046, AvailableCompletionPortThreads: 1000
MaxWorkingThreads: 2047, MaxCompletionPortThreads: 1000
LISTServer ----------------------------------
Started Time: 2017/12/18 16:58:43
Is Running: True
Total Connections: 0
Maximum Allowed Connection Number: 1000
Total Handled Requests: 0
Request Handling Speed (#/second): 0
Avialable Sending Queue Items: 256
Total Sending Queue Items: 256

2017-12-18 18:01:43,330 Performance - ---------------------------------------------------
CPU Usage: 0.01%, Physical Memory Usage: 48,893,952.00, Total Thread Count: 31
AvailableWorkingThreads: 2046, AvailableCompletionPortThreads: 1000
MaxWorkingThreads: 2047, MaxCompletionPortThreads: 1000
LISTServer ----------------------------------
Started Time: 2017/12/18 16:58:43
Is Running: True
Total Connections: 0
Maximum Allowed Connection Number: 1000
Total Handled Requests: 0
Request Handling Speed (#/second): 0
Avialable Sending Queue Items: 256
Total Sending Queue Items: 256

2017-12-18 18:02:43,332 Performance - ---------------------------------------------------
CPU Usage: 0.01%, Physical Memory Usage: 45,895,680.00, Total Thread Count: 31
AvailableWorkingThreads: 2046, AvailableCompletionPortThreads: 1000
MaxWorkingThreads: 2047, MaxCompletionPortThreads: 1000
LISTServer ----------------------------------
Started Time: 2017/12/18 16:58:43
Is Running: True
Total Connections: 0
Maximum Allowed Connection Number: 1000
Total Handled Requests: 0
Request Handling Speed (#/second): 0
Avialable Sending Queue Items: 256
Total Sending Queue Items: 256

2017-12-18 18:03:43,336 Performance - ---------------------------------------------------
CPU Usage: 0.00%, Physical Memory Usage: 46,288,896.00, Total Thread Count: 31
AvailableWorkingThreads: 2046, AvailableCompletionPortThreads: 1000
MaxWorkingThreads: 2047, MaxCompletionPortThreads: 1000
LISTServer ----------------------------------
Started Time: 2017/12/18 16:58:43
Is Running: True
Total Connections: 0
Maximum Allowed Connection Number: 1000
Total Handled Requests: 0
Request Handling Speed (#/second): 0
Avialable Sending Queue Items: 256
Total Sending Queue Items: 256

2017-12-18 18:04:43,337 Performance - ---------------------------------------------------
CPU Usage: 0.01%, Physical Memory Usage: 46,583,808.00, Total Thread Count: 31
AvailableWorkingThreads: 2046, AvailableCompletionPortThreads: 1000
MaxWorkingThreads: 2047, MaxCompletionPortThreads: 1000
LISTServer ----------------------------------
Started Time: 2017/12/18 16:58:43
Is Running: True
Total Connections: 0
Maximum Allowed Connection Number: 1000
Total Handled Requests: 0
Request Handling Speed (#/second): 0
Avialable Sending Queue Items: 256
Total Sending Queue Items: 256

2017-12-18 18:05:43,358 Performance - ---------------------------------------------------
CPU Usage: 0.01%, Physical Memory Usage: 46,985,216.00, Total Thread Count: 31
AvailableWorkingThreads: 2046, AvailableCompletionPortThreads: 1000
MaxWorkingThreads: 2047, MaxCompletionPortThreads: 1000
LISTServer ----------------------------------
Started Time: 2017/12/18 16:58:43
Is Running: True
Total Connections: 0
Maximum Allowed Connection Number: 1000
Total Handled Requests: 0
Request Handling Speed (#/second): 0
Avialable Sending Queue Items: 256
Total Sending Queue Items: 256

2017-12-18 18:06:43,357 Performance - ---------------------------------------------------
CPU Usage: 0.01%, Physical Memory Usage: 47,333,376.00, Total Thread Count: 31
AvailableWorkingThreads: 2046, AvailableCompletionPortThreads: 1000
MaxWorkingThreads: 2047, MaxCompletionPortThreads: 1000
LISTServer ----------------------------------
Started Time: 2017/12/18 16:58:43
Is Running: True
Total Connections: 0
Maximum Allowed Connection Number: 1000
Total Handled Requests: 0
Request Handling Speed (#/second): 0
Avialable Sending Queue Items: 256
Total Sending Queue Items: 256

2017-12-18 18:07:43,357 Performance - ---------------------------------------------------
CPU Usage: 0.03%, Physical Memory Usage: 48,513,024.00, Total Thread Count: 31
AvailableWorkingThreads: 2046, AvailableCompletionPortThreads: 1000
MaxWorkingThreads: 2047, MaxCompletionPortThreads: 1000
LISTServer ----------------------------------
Started Time: 2017/12/18 16:58:43
Is Running: True
Total Connections: 0
Maximum Allowed Connection Number: 1000
Total Handled Requests: 0
Request Handling Speed (#/second): 0
Avialable Sending Queue Items: 256
Total Sending Queue Items: 256

2017-12-18 18:08:43,356 Performance - ---------------------------------------------------
CPU Usage: 0.00%, Physical Memory Usage: 48,844,800.00, Total Thread Count: 31
AvailableWorkingThreads: 2046, AvailableCompletionPortThreads: 1000
MaxWorkingThreads: 2047, MaxCompletionPortThreads: 1000
LISTServer ----------------------------------
Started Time: 2017/12/18 16:58:43
Is Running: True
Total Connections: 0
Maximum Allowed Connection Number: 1000
Total Handled Requests: 0
Request Handling Speed (#/second): 0
Avialable Sending Queue Items: 256
Total Sending Queue Items: 256

2017-12-18 18:09:43,360 Performance - ---------------------------------------------------
CPU Usage: 0.01%, Physical Memory Usage: 49,557,504.00, Total Thread Count: 31
AvailableWorkingThreads: 2046, AvailableCompletionPortThreads: 1000
MaxWorkingThreads: 2047, MaxCompletionPortThreads: 1000
LISTServer ----------------------------------
Started Time: 2017/12/18 16:58:43
Is Running: True
Total Connections: 0
Maximum Allowed Connection Number: 1000
Total Handled Requests: 0
Request Handling Speed (#/second): 0
Avialable Sending Queue Items: 256
Total Sending Queue Items: 256

2017-12-18 18:10:43,369 Performance - ---------------------------------------------------
CPU Usage: 0.00%, Physical Memory Usage: 50,368,512.00, Total Thread Count: 31
AvailableWorkingThreads: 2046, AvailableCompletionPortThreads: 1000
MaxWorkingThreads: 2047, MaxCompletionPortThreads: 1000
LISTServer ----------------------------------
Started Time: 2017/12/18 16:58:43
Is Running: True
Total Connections: 0
Maximum Allowed Connection Number: 1000
Total Handled Requests: 0
Request Handling Speed (#/second): 0
Avialable Sending Queue Items: 256
Total Sending Queue Items: 256

2017-12-18 18:11:43,373 Performance - ---------------------------------------------------
CPU Usage: 0.01%, Physical Memory Usage: 48,201,728.00, Total Thread Count: 31
AvailableWorkingThreads: 2046, AvailableCompletionPortThreads: 1000
MaxWorkingThreads: 2047, MaxCompletionPortThreads: 1000
LISTServer ----------------------------------
Started Time: 2017/12/18 16:58:43
Is Running: True
Total Connections: 0
Maximum Allowed Connection Number: 1000
Total Handled Requests: 0
Request Handling Speed (#/second): 0
Avialable Sending Queue Items: 256
Total Sending Queue Items: 256

2017-12-18 18:12:43,372 Performance - ---------------------------------------------------
CPU Usage: 0.03%, Physical Memory Usage: 48,680,960.00, Total Thread Count: 31
AvailableWorkingThreads: 2046, AvailableCompletionPortThreads: 1000
MaxWorkingThreads: 2047, MaxCompletionPortThreads: 1000
LISTServer ----------------------------------
Started Time: 2017/12/18 16:58:43
Is Running: True
Total Connections: 0
Maximum Allowed Connection Number: 1000
Total Handled Requests: 0
Request Handling Speed (#/second): 0
Avialable Sending Queue Items: 256
Total Sending Queue Items: 256

2017-12-18 18:13:43,387 Performance - ---------------------------------------------------
CPU Usage: 0.01%, Physical Memory Usage: 49,094,656.00, Total Thread Count: 31
AvailableWorkingThreads: 2046, AvailableCompletionPortThreads: 1000
MaxWorkingThreads: 2047, MaxCompletionPortThreads: 1000
LISTServer ----------------------------------
Started Time: 2017/12/18 16:58:43
Is Running: True
Total Connections: 0
Maximum Allowed Connection Number: 1000
Total Handled Requests: 0
Request Handling Speed (#/second): 0
Avialable Sending Queue Items: 256
Total Sending Queue Items: 256

2017-12-18 18:14:43,387 Performance - ---------------------------------------------------
CPU Usage: 0.01%, Physical Memory Usage: 49,467,392.00, Total Thread Count: 31
AvailableWorkingThreads: 2046, AvailableCompletionPortThreads: 1000
MaxWorkingThreads: 2047, MaxCompletionPortThreads: 1000
LISTServer ----------------------------------
Started Time: 2017/12/18 16:58:43
Is Running: True
Total Connections: 0
Maximum Allowed Connection Number: 1000
Total Handled Requests: 0
Request Handling Speed (#/second): 0
Avialable Sending Queue Items: 256
Total Sending Queue Items: 256

2017-12-18 18:15:43,389 Performance - ---------------------------------------------------
CPU Usage: 0.01%, Physical Memory Usage: 49,741,824.00, Total Thread Count: 31
AvailableWorkingThreads: 2046, AvailableCompletionPortThreads: 1000
MaxWorkingThreads: 2047, MaxCompletionPortThreads: 1000
LISTServer ----------------------------------
Started Time: 2017/12/18 16:58:43
Is Running: True
Total Connections: 0
Maximum Allowed Connection Number: 1000
Total Handled Requests: 0
Request Handling Speed (#/second): 0
Avialable Sending Queue Items: 256
Total Sending Queue Items: 256

2017-12-18 18:16:43,389 Performance - ---------------------------------------------------
CPU Usage: 0.01%, Physical Memory Usage: 50,069,504.00, Total Thread Count: 31
AvailableWorkingThreads: 2046, AvailableCompletionPortThreads: 1000
MaxWorkingThreads: 2047, MaxCompletionPortThreads: 1000
LISTServer ----------------------------------
Started Time: 2017/12/18 16:58:43
Is Running: True
Total Connections: 0
Maximum Allowed Connection Number: 1000
Total Handled Requests: 0
Request Handling Speed (#/second): 0
Avialable Sending Queue Items: 256
Total Sending Queue Items: 256

2017-12-18 18:17:43,395 Performance - ---------------------------------------------------
CPU Usage: 0.03%, Physical Memory Usage: 46,800,896.00, Total Thread Count: 31
AvailableWorkingThreads: 2046, AvailableCompletionPortThreads: 1000
MaxWorkingThreads: 2047, MaxCompletionPortThreads: 1000
LISTServer ----------------------------------
Started Time: 2017/12/18 16:58:43
Is Running: True
Total Connections: 0
Maximum Allowed Connection Number: 1000
Total Handled Requests: 0
Request Handling Speed (#/second): 0
Avialable Sending Queue Items: 256
Total Sending Queue Items: 256

2017-12-18 18:18:43,394 Performance - ---------------------------------------------------
CPU Usage: 0.01%, Physical Memory Usage: 47,349,760.00, Total Thread Count: 31
AvailableWorkingThreads: 2046, AvailableCompletionPortThreads: 1000
MaxWorkingThreads: 2047, MaxCompletionPortThreads: 1000
LISTServer ----------------------------------
Started Time: 2017/12/18 16:58:43
Is Running: True
Total Connections: 0
Maximum Allowed Connection Number: 1000
Total Handled Requests: 0
Request Handling Speed (#/second): 0
Avialable Sending Queue Items: 256
Total Sending Queue Items: 256

2017-12-18 18:19:43,406 Performance - ---------------------------------------------------
CPU Usage: 0.01%, Physical Memory Usage: 47,632,384.00, Total Thread Count: 31
AvailableWorkingThreads: 2046, AvailableCompletionPortThreads: 1000
MaxWorkingThreads: 2047, MaxCompletionPortThreads: 1000
LISTServer ----------------------------------
Started Time: 2017/12/18 16:58:43
Is Running: True
Total Connections: 0
Maximum Allowed Connection Number: 1000
Total Handled Requests: 0
Request Handling Speed (#/second): 0
Avialable Sending Queue Items: 256
Total Sending Queue Items: 256

2017-12-18 18:20:43,416 Performance - ---------------------------------------------------
CPU Usage: 0.01%, Physical Memory Usage: 48,021,504.00, Total Thread Count: 31
AvailableWorkingThreads: 2046, AvailableCompletionPortThreads: 1000
MaxWorkingThreads: 2047, MaxCompletionPortThreads: 1000
LISTServer ----------------------------------
Started Time: 2017/12/18 16:58:43
Is Running: True
Total Connections: 0
Maximum Allowed Connection Number: 1000
Total Handled Requests: 0
Request Handling Speed (#/second): 0
Avialable Sending Queue Items: 256
Total Sending Queue Items: 256

2017-12-18 18:21:43,409 Performance - ---------------------------------------------------
CPU Usage: 0.01%, Physical Memory Usage: 48,689,152.00, Total Thread Count: 31
AvailableWorkingThreads: 2046, AvailableCompletionPortThreads: 1000
MaxWorkingThreads: 2047, MaxCompletionPortThreads: 1000
LISTServer ----------------------------------
Started Time: 2017/12/18 16:58:43
Is Running: True
Total Connections: 0
Maximum Allowed Connection Number: 1000
Total Handled Requests: 0
Request Handling Speed (#/second): 0
Avialable Sending Queue Items: 256
Total Sending Queue Items: 256

2017-12-18 18:22:43,415 Performance - ---------------------------------------------------
CPU Usage: 0.01%, Physical Memory Usage: 49,315,840.00, Total Thread Count: 31
AvailableWorkingThreads: 2046, AvailableCompletionPortThreads: 1000
MaxWorkingThreads: 2047, MaxCompletionPortThreads: 1000
LISTServer ----------------------------------
Started Time: 2017/12/18 16:58:43
Is Running: True
Total Connections: 0
Maximum Allowed Connection Number: 1000
Total Handled Requests: 0
Request Handling Speed (#/second): 0
Avialable Sending Queue Items: 256
Total Sending Queue Items: 256

2017-12-18 18:23:43,417 Performance - ---------------------------------------------------
CPU Usage: 0.01%, Physical Memory Usage: 49,709,056.00, Total Thread Count: 31
AvailableWorkingThreads: 2046, AvailableCompletionPortThreads: 1000
MaxWorkingThreads: 2047, MaxCompletionPortThreads: 1000
LISTServer ----------------------------------
Started Time: 2017/12/18 16:58:43
Is Running: True
Total Connections: 0
Maximum Allowed Connection Number: 1000
Total Handled Requests: 0
Request Handling Speed (#/second): 0
Avialable Sending Queue Items: 256
Total Sending Queue Items: 256

2017-12-18 18:24:43,414 Performance - ---------------------------------------------------
CPU Usage: 0.01%, Physical Memory Usage: 50,151,424.00, Total Thread Count: 31
AvailableWorkingThreads: 2046, AvailableCompletionPortThreads: 1000
MaxWorkingThreads: 2047, MaxCompletionPortThreads: 1000
LISTServer ----------------------------------
Started Time: 2017/12/18 16:58:43
Is Running: True
Total Connections: 0
Maximum Allowed Connection Number: 1000
Total Handled Requests: 0
Request Handling Speed (#/second): 0
Avialable Sending Queue Items: 256
Total Sending Queue Items: 256

2017-12-18 18:25:43,419 Performance - ---------------------------------------------------
CPU Usage: 0.01%, Physical Memory Usage: 48,484,352.00, Total Thread Count: 31
AvailableWorkingThreads: 2046, AvailableCompletionPortThreads: 1000
MaxWorkingThreads: 2047, MaxCompletionPortThreads: 1000
LISTServer ----------------------------------
Started Time: 2017/12/18 16:58:43
Is Running: True
Total Connections: 0
Maximum Allowed Connection Number: 1000
Total Handled Requests: 0
Request Handling Speed (#/second): 0
Avialable Sending Queue Items: 256
Total Sending Queue Items: 256

2017-12-18 18:26:43,415 Performance - ---------------------------------------------------
CPU Usage: 0.03%, Physical Memory Usage: 49,176,576.00, Total Thread Count: 31
AvailableWorkingThreads: 2046, AvailableCompletionPortThreads: 1000
MaxWorkingThreads: 2047, MaxCompletionPortThreads: 1000
LISTServer ----------------------------------
Started Time: 2017/12/18 16:58:43
Is Running: True
Total Connections: 0
Maximum Allowed Connection Number: 1000
Total Handled Requests: 0
Request Handling Speed (#/second): 0
Avialable Sending Queue Items: 256
Total Sending Queue Items: 256

2017-12-18 18:27:43,416 Performance - ---------------------------------------------------
CPU Usage: 0.01%, Physical Memory Usage: 49,340,416.00, Total Thread Count: 31
AvailableWorkingThreads: 2046, AvailableCompletionPortThreads: 1000
MaxWorkingThreads: 2047, MaxCompletionPortThreads: 1000
LISTServer ----------------------------------
Started Time: 2017/12/18 16:58:43
Is Running: True
Total Connections: 0
Maximum Allowed Connection Number: 1000
Total Handled Requests: 0
Request Handling Speed (#/second): 0
Avialable Sending Queue Items: 256
Total Sending Queue Items: 256

2017-12-18 18:28:43,444 Performance - ---------------------------------------------------
CPU Usage: 0.02%, Physical Memory Usage: 49,573,888.00, Total Thread Count: 31
AvailableWorkingThreads: 2046, AvailableCompletionPortThreads: 1000
MaxWorkingThreads: 2047, MaxCompletionPortThreads: 1000
LISTServer ----------------------------------
Started Time: 2017/12/18 16:58:43
Is Running: True
Total Connections: 0
Maximum Allowed Connection Number: 1000
Total Handled Requests: 0
Request Handling Speed (#/second): 0
Avialable Sending Queue Items: 256
Total Sending Queue Items: 256

2017-12-18 18:29:43,419 Performance - ---------------------------------------------------
CPU Usage: 0.01%, Physical Memory Usage: 49,635,328.00, Total Thread Count: 31
AvailableWorkingThreads: 2046, AvailableCompletionPortThreads: 1000
MaxWorkingThreads: 2047, MaxCompletionPortThreads: 1000
LISTServer ----------------------------------
Started Time: 2017/12/18 16:58:43
Is Running: True
Total Connections: 0
Maximum Allowed Connection Number: 1000
Total Handled Requests: 0
Request Handling Speed (#/second): 0
Avialable Sending Queue Items: 256
Total Sending Queue Items: 256

2017-12-18 18:30:43,430 Performance - ---------------------------------------------------
CPU Usage: 0.01%, Physical Memory Usage: 49,942,528.00, Total Thread Count: 31
AvailableWorkingThreads: 2046, AvailableCompletionPortThreads: 1000
MaxWorkingThreads: 2047, MaxCompletionPortThreads: 1000
LISTServer ----------------------------------
Started Time: 2017/12/18 16:58:43
Is Running: True
Total Connections: 0
Maximum Allowed Connection Number: 1000
Total Handled Requests: 0
Request Handling Speed (#/second): 0
Avialable Sending Queue Items: 256
Total Sending Queue Items: 256

2017-12-18 18:31:43,432 Performance - ---------------------------------------------------
CPU Usage: 0.01%, Physical Memory Usage: 50,905,088.00, Total Thread Count: 31
AvailableWorkingThreads: 2046, AvailableCompletionPortThreads: 1000
MaxWorkingThreads: 2047, MaxCompletionPortThreads: 1000
LISTServer ----------------------------------
Started Time: 2017/12/18 16:58:43
Is Running: True
Total Connections: 0
Maximum Allowed Connection Number: 1000
Total Handled Requests: 0
Request Handling Speed (#/second): 0
Avialable Sending Queue Items: 256
Total Sending Queue Items: 256

2017-12-18 18:32:43,431 Performance - ---------------------------------------------------
CPU Usage: 0.01%, Physical Memory Usage: 47,616,000.00, Total Thread Count: 31
AvailableWorkingThreads: 2046, AvailableCompletionPortThreads: 1000
MaxWorkingThreads: 2047, MaxCompletionPortThreads: 1000
LISTServer ----------------------------------
Started Time: 2017/12/18 16:58:43
Is Running: True
Total Connections: 0
Maximum Allowed Connection Number: 1000
Total Handled Requests: 0
Request Handling Speed (#/second): 0
Avialable Sending Queue Items: 256
Total Sending Queue Items: 256

2017-12-18 18:33:43,432 Performance - ---------------------------------------------------
CPU Usage: 0.01%, Physical Memory Usage: 47,968,256.00, Total Thread Count: 31
AvailableWorkingThreads: 2046, AvailableCompletionPortThreads: 1000
MaxWorkingThreads: 2047, MaxCompletionPortThreads: 1000
LISTServer ----------------------------------
Started Time: 2017/12/18 16:58:43
Is Running: True
Total Connections: 0
Maximum Allowed Connection Number: 1000
Total Handled Requests: 0
Request Handling Speed (#/second): 0
Avialable Sending Queue Items: 256
Total Sending Queue Items: 256

2017-12-18 18:34:43,433 Performance - ---------------------------------------------------
CPU Usage: 0.01%, Physical Memory Usage: 48,357,376.00, Total Thread Count: 31
AvailableWorkingThreads: 2046, AvailableCompletionPortThreads: 1000
MaxWorkingThreads: 2047, MaxCompletionPortThreads: 1000
LISTServer ----------------------------------
Started Time: 2017/12/18 16:58:43
Is Running: True
Total Connections: 0
Maximum Allowed Connection Number: 1000
Total Handled Requests: 0
Request Handling Speed (#/second): 0
Avialable Sending Queue Items: 256
Total Sending Queue Items: 256

2017-12-18 18:35:43,440 Performance - ---------------------------------------------------
CPU Usage: 0.01%, Physical Memory Usage: 49,012,736.00, Total Thread Count: 31
AvailableWorkingThreads: 2046, AvailableCompletionPortThreads: 1000
MaxWorkingThreads: 2047, MaxCompletionPortThreads: 1000
LISTServer ----------------------------------
Started Time: 2017/12/18 16:58:43
Is Running: True
Total Connections: 0
Maximum Allowed Connection Number: 1000
Total Handled Requests: 0
Request Handling Speed (#/second): 0
Avialable Sending Queue Items: 256
Total Sending Queue Items: 256

2017-12-18 18:36:43,437 Performance - ---------------------------------------------------
CPU Usage: 0.00%, Physical Memory Usage: 47,390,720.00, Total Thread Count: 31
AvailableWorkingThreads: 2046, AvailableCompletionPortThreads: 1000
MaxWorkingThreads: 2047, MaxCompletionPortThreads: 1000
LISTServer ----------------------------------
Started Time: 2017/12/18 16:58:43
Is Running: True
Total Connections: 0
Maximum Allowed Connection Number: 1000
Total Handled Requests: 0
Request Handling Speed (#/second): 0
Avialable Sending Queue Items: 256
Total Sending Queue Items: 256

2017-12-18 18:37:43,446 Performance - ---------------------------------------------------
CPU Usage: 0.38%, Physical Memory Usage: 65,437,696.00, Total Thread Count: 32
AvailableWorkingThreads: 2046, AvailableCompletionPortThreads: 1000
MaxWorkingThreads: 2047, MaxCompletionPortThreads: 1000
LISTServer ----------------------------------
Started Time: 2017/12/18 16:58:43
Is Running: True
Total Connections: 0
Maximum Allowed Connection Number: 1000
Total Handled Requests: 1
Request Handling Speed (#/second): 0
Avialable Sending Queue Items: 256
Total Sending Queue Items: 256

2017-12-18 18:38:43,447 Performance - ---------------------------------------------------
CPU Usage: 0.01%, Physical Memory Usage: 65,703,936.00, Total Thread Count: 31
AvailableWorkingThreads: 2046, AvailableCompletionPortThreads: 1000
MaxWorkingThreads: 2047, MaxCompletionPortThreads: 1000
LISTServer ----------------------------------
Started Time: 2017/12/18 16:58:43
Is Running: True
Total Connections: 0
Maximum Allowed Connection Number: 1000
Total Handled Requests: 1
Request Handling Speed (#/second): 0
Avialable Sending Queue Items: 256
Total Sending Queue Items: 256

2017-12-18 18:39:43,463 Performance - ---------------------------------------------------
CPU Usage: 0.01%, Physical Memory Usage: 66,592,768.00, Total Thread Count: 31
AvailableWorkingThreads: 2046, AvailableCompletionPortThreads: 1000
MaxWorkingThreads: 2047, MaxCompletionPortThreads: 1000
LISTServer ----------------------------------
Started Time: 2017/12/18 16:58:43
Is Running: True
Total Connections: 0
Maximum Allowed Connection Number: 1000
Total Handled Requests: 1
Request Handling Speed (#/second): 0
Avialable Sending Queue Items: 256
Total Sending Queue Items: 256

2017-12-18 18:40:43,463 Performance - ---------------------------------------------------
CPU Usage: 0.01%, Physical Memory Usage: 67,215,360.00, Total Thread Count: 32
AvailableWorkingThreads: 2046, AvailableCompletionPortThreads: 1000
MaxWorkingThreads: 2047, MaxCompletionPortThreads: 1000
LISTServer ----------------------------------
Started Time: 2017/12/18 16:58:43
Is Running: True
Total Connections: 0
Maximum Allowed Connection Number: 1000
Total Handled Requests: 1
Request Handling Speed (#/second): 0
Avialable Sending Queue Items: 256
Total Sending Queue Items: 256

2017-12-18 18:41:43,470 Performance - ---------------------------------------------------
CPU Usage: 0.01%, Physical Memory Usage: 67,641,344.00, Total Thread Count: 32
AvailableWorkingThreads: 2046, AvailableCompletionPortThreads: 1000
MaxWorkingThreads: 2047, MaxCompletionPortThreads: 1000
LISTServer ----------------------------------
Started Time: 2017/12/18 16:58:43
Is Running: True
Total Connections: 0
Maximum Allowed Connection Number: 1000
Total Handled Requests: 1
Request Handling Speed (#/second): 0
Avialable Sending Queue Items: 256
Total Sending Queue Items: 256

2017-12-18 18:42:43,464 Performance - ---------------------------------------------------
CPU Usage: 0.01%, Physical Memory Usage: 65,929,216.00, Total Thread Count: 31
AvailableWorkingThreads: 2046, AvailableCompletionPortThreads: 1000
MaxWorkingThreads: 2047, MaxCompletionPortThreads: 1000
LISTServer ----------------------------------
Started Time: 2017/12/18 16:58:43
Is Running: True
Total Connections: 0
Maximum Allowed Connection Number: 1000
Total Handled Requests: 1
Request Handling Speed (#/second): 0
Avialable Sending Queue Items: 256
Total Sending Queue Items: 256

2017-12-18 18:43:43,463 Performance - ---------------------------------------------------
CPU Usage: 0.01%, Physical Memory Usage: 66,179,072.00, Total Thread Count: 31
AvailableWorkingThreads: 2046, AvailableCompletionPortThreads: 1000
MaxWorkingThreads: 2047, MaxCompletionPortThreads: 1000
LISTServer ----------------------------------
Started Time: 2017/12/18 16:58:43
Is Running: True
Total Connections: 0
Maximum Allowed Connection Number: 1000
Total Handled Requests: 1
Request Handling Speed (#/second): 0
Avialable Sending Queue Items: 256
Total Sending Queue Items: 256

2017-12-18 18:44:43,477 Performance - ---------------------------------------------------
CPU Usage: 0.03%, Physical Memory Usage: 66,998,272.00, Total Thread Count: 32
AvailableWorkingThreads: 2046, AvailableCompletionPortThreads: 1000
MaxWorkingThreads: 2047, MaxCompletionPortThreads: 1000
LISTServer ----------------------------------
Started Time: 2017/12/18 16:58:43
Is Running: True
Total Connections: 0
Maximum Allowed Connection Number: 1000
Total Handled Requests: 4
Request Handling Speed (#/second): 0
Avialable Sending Queue Items: 256
Total Sending Queue Items: 256

2017-12-18 18:45:43,476 Performance - ---------------------------------------------------
CPU Usage: 0.01%, Physical Memory Usage: 67,203,072.00, Total Thread Count: 31
AvailableWorkingThreads: 2046, AvailableCompletionPortThreads: 1000
MaxWorkingThreads: 2047, MaxCompletionPortThreads: 1000
LISTServer ----------------------------------
Started Time: 2017/12/18 16:58:43
Is Running: True
Total Connections: 0
Maximum Allowed Connection Number: 1000
Total Handled Requests: 4
Request Handling Speed (#/second): 0
Avialable Sending Queue Items: 256
Total Sending Queue Items: 256

2017-12-18 18:46:43,477 Performance - ---------------------------------------------------
CPU Usage: 0.01%, Physical Memory Usage: 67,461,120.00, Total Thread Count: 31
AvailableWorkingThreads: 2046, AvailableCompletionPortThreads: 1000
MaxWorkingThreads: 2047, MaxCompletionPortThreads: 1000
LISTServer ----------------------------------
Started Time: 2017/12/18 16:58:43
Is Running: True
Total Connections: 0
Maximum Allowed Connection Number: 1000
Total Handled Requests: 4
Request Handling Speed (#/second): 0
Avialable Sending Queue Items: 256
Total Sending Queue Items: 256

2017-12-18 18:47:43,477 Performance - ---------------------------------------------------
CPU Usage: 0.01%, Physical Memory Usage: 67,792,896.00, Total Thread Count: 31
AvailableWorkingThreads: 2046, AvailableCompletionPortThreads: 1000
MaxWorkingThreads: 2047, MaxCompletionPortThreads: 1000
LISTServer ----------------------------------
Started Time: 2017/12/18 16:58:43
Is Running: True
Total Connections: 0
Maximum Allowed Connection Number: 1000
Total Handled Requests: 4
Request Handling Speed (#/second): 0
Avialable Sending Queue Items: 256
Total Sending Queue Items: 256

2017-12-18 18:48:43,478 Performance - ---------------------------------------------------
CPU Usage: 0.01%, Physical Memory Usage: 68,153,344.00, Total Thread Count: 31
AvailableWorkingThreads: 2046, AvailableCompletionPortThreads: 1000
MaxWorkingThreads: 2047, MaxCompletionPortThreads: 1000
LISTServer ----------------------------------
Started Time: 2017/12/18 16:58:43
Is Running: True
Total Connections: 0
Maximum Allowed Connection Number: 1000
Total Handled Requests: 4
Request Handling Speed (#/second): 0
Avialable Sending Queue Items: 256
Total Sending Queue Items: 256

2017-12-18 18:49:43,494 Performance - ---------------------------------------------------
CPU Usage: 0.01%, Physical Memory Usage: 68,509,696.00, Total Thread Count: 31
AvailableWorkingThreads: 2046, AvailableCompletionPortThreads: 1000
MaxWorkingThreads: 2047, MaxCompletionPortThreads: 1000
LISTServer ----------------------------------
Started Time: 2017/12/18 16:58:43
Is Running: True
Total Connections: 0
Maximum Allowed Connection Number: 1000
Total Handled Requests: 4
Request Handling Speed (#/second): 0
Avialable Sending Queue Items: 256
Total Sending Queue Items: 256

2017-12-18 18:50:43,516 Performance - ---------------------------------------------------
CPU Usage: 0.01%, Physical Memory Usage: 66,916,352.00, Total Thread Count: 31
AvailableWorkingThreads: 2046, AvailableCompletionPortThreads: 1000
MaxWorkingThreads: 2047, MaxCompletionPortThreads: 1000
LISTServer ----------------------------------
Started Time: 2017/12/18 16:58:43
Is Running: True
Total Connections: 0
Maximum Allowed Connection Number: 1000
Total Handled Requests: 4
Request Handling Speed (#/second): 0
Avialable Sending Queue Items: 256
Total Sending Queue Items: 256

2017-12-18 18:51:43,509 Performance - ---------------------------------------------------
CPU Usage: 0.03%, Physical Memory Usage: 67,063,808.00, Total Thread Count: 31
AvailableWorkingThreads: 2046, AvailableCompletionPortThreads: 1000
MaxWorkingThreads: 2047, MaxCompletionPortThreads: 1000
LISTServer ----------------------------------
Started Time: 2017/12/18 16:58:43
Is Running: True
Total Connections: 0
Maximum Allowed Connection Number: 1000
Total Handled Requests: 4
Request Handling Speed (#/second): 0
Avialable Sending Queue Items: 256
Total Sending Queue Items: 256

2017-12-18 18:52:43,512 Performance - ---------------------------------------------------
CPU Usage: 0.01%, Physical Memory Usage: 67,182,592.00, Total Thread Count: 31
AvailableWorkingThreads: 2046, AvailableCompletionPortThreads: 1000
MaxWorkingThreads: 2047, MaxCompletionPortThreads: 1000
LISTServer ----------------------------------
Started Time: 2017/12/18 16:58:43
Is Running: True
Total Connections: 0
Maximum Allowed Connection Number: 1000
Total Handled Requests: 4
Request Handling Speed (#/second): 0
Avialable Sending Queue Items: 256
Total Sending Queue Items: 256

2017-12-18 18:53:43,522 Performance - ---------------------------------------------------
CPU Usage: 0.01%, Physical Memory Usage: 67,428,352.00, Total Thread Count: 32
AvailableWorkingThreads: 2046, AvailableCompletionPortThreads: 1000
MaxWorkingThreads: 2047, MaxCompletionPortThreads: 1000
LISTServer ----------------------------------
Started Time: 2017/12/18 16:58:43
Is Running: True
Total Connections: 0
Maximum Allowed Connection Number: 1000
Total Handled Requests: 4
Request Handling Speed (#/second): 0
Avialable Sending Queue Items: 256
Total Sending Queue Items: 256

2017-12-18 18:54:43,538 Performance - ---------------------------------------------------
CPU Usage: 0.01%, Physical Memory Usage: 67,518,464.00, Total Thread Count: 31
AvailableWorkingThreads: 2046, AvailableCompletionPortThreads: 1000
MaxWorkingThreads: 2047, MaxCompletionPortThreads: 1000
LISTServer ----------------------------------
Started Time: 2017/12/18 16:58:43
Is Running: True
Total Connections: 0
Maximum Allowed Connection Number: 1000
Total Handled Requests: 4
Request Handling Speed (#/second): 0
Avialable Sending Queue Items: 256
Total Sending Queue Items: 256

2017-12-18 18:55:43,555 Performance - ---------------------------------------------------
CPU Usage: 0.01%, Physical Memory Usage: 67,772,416.00, Total Thread Count: 31
AvailableWorkingThreads: 2046, AvailableCompletionPortThreads: 1000
MaxWorkingThreads: 2047, MaxCompletionPortThreads: 1000
LISTServer ----------------------------------
Started Time: 2017/12/18 16:58:43
Is Running: True
Total Connections: 0
Maximum Allowed Connection Number: 1000
Total Handled Requests: 4
Request Handling Speed (#/second): 0
Avialable Sending Queue Items: 256
Total Sending Queue Items: 256

2017-12-18 18:56:43,570 Performance - ---------------------------------------------------
CPU Usage: 0.01%, Physical Memory Usage: 68,018,176.00, Total Thread Count: 31
AvailableWorkingThreads: 2046, AvailableCompletionPortThreads: 1000
MaxWorkingThreads: 2047, MaxCompletionPortThreads: 1000
LISTServer ----------------------------------
Started Time: 2017/12/18 16:58:43
Is Running: True
Total Connections: 0
Maximum Allowed Connection Number: 1000
Total Handled Requests: 4
Request Handling Speed (#/second): 0
Avialable Sending Queue Items: 256
Total Sending Queue Items: 256

2017-12-18 18:57:43,571 Performance - ---------------------------------------------------
CPU Usage: 0.01%, Physical Memory Usage: 64,331,776.00, Total Thread Count: 31
AvailableWorkingThreads: 2046, AvailableCompletionPortThreads: 1000
MaxWorkingThreads: 2047, MaxCompletionPortThreads: 1000
LISTServer ----------------------------------
Started Time: 2017/12/18 16:58:43
Is Running: True
Total Connections: 0
Maximum Allowed Connection Number: 1000
Total Handled Requests: 4
Request Handling Speed (#/second): 0
Avialable Sending Queue Items: 256
Total Sending Queue Items: 256

2017-12-18 18:58:43,599 Performance - ---------------------------------------------------
CPU Usage: 0.02%, Physical Memory Usage: 64,684,032.00, Total Thread Count: 31
AvailableWorkingThreads: 2046, AvailableCompletionPortThreads: 1000
MaxWorkingThreads: 2047, MaxCompletionPortThreads: 1000
LISTServer ----------------------------------
Started Time: 2017/12/18 16:58:43
Is Running: True
Total Connections: 0
Maximum Allowed Connection Number: 1000
Total Handled Requests: 4
Request Handling Speed (#/second): 0
Avialable Sending Queue Items: 256
Total Sending Queue Items: 256

2017-12-18 18:59:43,571 Performance - ---------------------------------------------------
CPU Usage: 0.01%, Physical Memory Usage: 65,060,864.00, Total Thread Count: 32
AvailableWorkingThreads: 2046, AvailableCompletionPortThreads: 1000
MaxWorkingThreads: 2047, MaxCompletionPortThreads: 1000
LISTServer ----------------------------------
Started Time: 2017/12/18 16:58:43
Is Running: True
Total Connections: 0
Maximum Allowed Connection Number: 1000
Total Handled Requests: 4
Request Handling Speed (#/second): 0
Avialable Sending Queue Items: 256
Total Sending Queue Items: 256

2017-12-18 19:00:43,584 Performance - ---------------------------------------------------
CPU Usage: 0.01%, Physical Memory Usage: 65,499,136.00, Total Thread Count: 32
AvailableWorkingThreads: 2046, AvailableCompletionPortThreads: 1000
MaxWorkingThreads: 2047, MaxCompletionPortThreads: 1000
LISTServer ----------------------------------
Started Time: 2017/12/18 16:58:43
Is Running: True
Total Connections: 0
Maximum Allowed Connection Number: 1000
Total Handled Requests: 4
Request Handling Speed (#/second): 0
Avialable Sending Queue Items: 256
Total Sending Queue Items: 256

2017-12-18 19:01:43,585 Performance - ---------------------------------------------------
CPU Usage: 0.01%, Physical Memory Usage: 65,949,696.00, Total Thread Count: 32
AvailableWorkingThreads: 2046, AvailableCompletionPortThreads: 1000
MaxWorkingThreads: 2047, MaxCompletionPortThreads: 1000
LISTServer ----------------------------------
Started Time: 2017/12/18 16:58:43
Is Running: True
Total Connections: 0
Maximum Allowed Connection Number: 1000
Total Handled Requests: 4
Request Handling Speed (#/second): 0
Avialable Sending Queue Items: 256
Total Sending Queue Items: 256

2017-12-18 19:02:43,602 Performance - ---------------------------------------------------
CPU Usage: 0.01%, Physical Memory Usage: 66,998,272.00, Total Thread Count: 32
AvailableWorkingThreads: 2046, AvailableCompletionPortThreads: 1000
MaxWorkingThreads: 2047, MaxCompletionPortThreads: 1000
LISTServer ----------------------------------
Started Time: 2017/12/18 16:58:43
Is Running: True
Total Connections: 0
Maximum Allowed Connection Number: 1000
Total Handled Requests: 4
Request Handling Speed (#/second): 0
Avialable Sending Queue Items: 256
Total Sending Queue Items: 256

2017-12-18 19:03:43,608 Performance - ---------------------------------------------------
CPU Usage: 0.05%, Physical Memory Usage: 67,121,152.00, Total Thread Count: 36
AvailableWorkingThreads: 2046, AvailableCompletionPortThreads: 1000
MaxWorkingThreads: 2047, MaxCompletionPortThreads: 1000
LISTServer ----------------------------------
Started Time: 2017/12/18 16:58:43
Is Running: True
Total Connections: 1
Maximum Allowed Connection Number: 1000
Total Handled Requests: 11
Request Handling Speed (#/second): 0
Avialable Sending Queue Items: 255
Total Sending Queue Items: 256

2017-12-18 19:04:43,617 Performance - ---------------------------------------------------
CPU Usage: 0.00%, Physical Memory Usage: 67,530,752.00, Total Thread Count: 35
AvailableWorkingThreads: 2046, AvailableCompletionPortThreads: 1000
MaxWorkingThreads: 2047, MaxCompletionPortThreads: 1000
LISTServer ----------------------------------
Started Time: 2017/12/18 16:58:43
Is Running: True
Total Connections: 1
Maximum Allowed Connection Number: 1000
Total Handled Requests: 25
Request Handling Speed (#/second): 0
Avialable Sending Queue Items: 255
Total Sending Queue Items: 256

2017-12-18 19:05:43,633 Performance - ---------------------------------------------------
CPU Usage: 0.01%, Physical Memory Usage: 68,345,856.00, Total Thread Count: 34
AvailableWorkingThreads: 2046, AvailableCompletionPortThreads: 1000
MaxWorkingThreads: 2047, MaxCompletionPortThreads: 1000
LISTServer ----------------------------------
Started Time: 2017/12/18 16:58:43
Is Running: True
Total Connections: 1
Maximum Allowed Connection Number: 1000
Total Handled Requests: 26
Request Handling Speed (#/second): 0
Avialable Sending Queue Items: 255
Total Sending Queue Items: 256

2017-12-18 19:06:43,635 Performance - ---------------------------------------------------
CPU Usage: 0.01%, Physical Memory Usage: 69,406,720.00, Total Thread Count: 34
AvailableWorkingThreads: 2046, AvailableCompletionPortThreads: 1000
MaxWorkingThreads: 2047, MaxCompletionPortThreads: 1000
LISTServer ----------------------------------
Started Time: 2017/12/18 16:58:43
Is Running: True
Total Connections: 0
Maximum Allowed Connection Number: 1000
Total Handled Requests: 27
Request Handling Speed (#/second): 0
Avialable Sending Queue Items: 256
Total Sending Queue Items: 256

2017-12-18 19:07:43,633 Performance - ---------------------------------------------------
CPU Usage: 0.01%, Physical Memory Usage: 69,791,744.00, Total Thread Count: 31
AvailableWorkingThreads: 2046, AvailableCompletionPortThreads: 1000
MaxWorkingThreads: 2047, MaxCompletionPortThreads: 1000
LISTServer ----------------------------------
Started Time: 2017/12/18 16:58:43
Is Running: True
Total Connections: 0
Maximum Allowed Connection Number: 1000
Total Handled Requests: 27
Request Handling Speed (#/second): 0
Avialable Sending Queue Items: 256
Total Sending Queue Items: 256

2017-12-18 19:08:43,635 Performance - ---------------------------------------------------
CPU Usage: 0.01%, Physical Memory Usage: 70,135,808.00, Total Thread Count: 31
AvailableWorkingThreads: 2046, AvailableCompletionPortThreads: 1000
MaxWorkingThreads: 2047, MaxCompletionPortThreads: 1000
LISTServer ----------------------------------
Started Time: 2017/12/18 16:58:43
Is Running: True
Total Connections: 0
Maximum Allowed Connection Number: 1000
Total Handled Requests: 27
Request Handling Speed (#/second): 0
Avialable Sending Queue Items: 256
Total Sending Queue Items: 256

2017-12-18 19:09:43,651 Performance - ---------------------------------------------------
CPU Usage: 0.01%, Physical Memory Usage: 70,103,040.00, Total Thread Count: 31
AvailableWorkingThreads: 2046, AvailableCompletionPortThreads: 1000
MaxWorkingThreads: 2047, MaxCompletionPortThreads: 1000
LISTServer ----------------------------------
Started Time: 2017/12/18 16:58:43
Is Running: True
Total Connections: 0
Maximum Allowed Connection Number: 1000
Total Handled Requests: 27
Request Handling Speed (#/second): 0
Avialable Sending Queue Items: 256
Total Sending Queue Items: 256

2017-12-18 19:10:43,649 Performance - ---------------------------------------------------
CPU Usage: 0.01%, Physical Memory Usage: 70,356,992.00, Total Thread Count: 31
AvailableWorkingThreads: 2046, AvailableCompletionPortThreads: 1000
MaxWorkingThreads: 2047, MaxCompletionPortThreads: 1000
LISTServer ----------------------------------
Started Time: 2017/12/18 16:58:43
Is Running: True
Total Connections: 0
Maximum Allowed Connection Number: 1000
Total Handled Requests: 27
Request Handling Speed (#/second): 0
Avialable Sending Queue Items: 256
Total Sending Queue Items: 256

2017-12-18 19:11:43,652 Performance - ---------------------------------------------------
CPU Usage: 0.01%, Physical Memory Usage: 69,410,816.00, Total Thread Count: 31
AvailableWorkingThreads: 2046, AvailableCompletionPortThreads: 1000
MaxWorkingThreads: 2047, MaxCompletionPortThreads: 1000
LISTServer ----------------------------------
Started Time: 2017/12/18 16:58:43
Is Running: True
Total Connections: 0
Maximum Allowed Connection Number: 1000
Total Handled Requests: 27
Request Handling Speed (#/second): 0
Avialable Sending Queue Items: 256
Total Sending Queue Items: 256

2017-12-18 19:12:43,663 Performance - ---------------------------------------------------
CPU Usage: 0.00%, Physical Memory Usage: 64,638,976.00, Total Thread Count: 31
AvailableWorkingThreads: 2046, AvailableCompletionPortThreads: 1000
MaxWorkingThreads: 2047, MaxCompletionPortThreads: 1000
LISTServer ----------------------------------
Started Time: 2017/12/18 16:58:43
Is Running: True
Total Connections: 0
Maximum Allowed Connection Number: 1000
Total Handled Requests: 27
Request Handling Speed (#/second): 0
Avialable Sending Queue Items: 256
Total Sending Queue Items: 256

2017-12-18 19:13:43,666 Performance - ---------------------------------------------------
CPU Usage: 0.01%, Physical Memory Usage: 64,847,872.00, Total Thread Count: 31
AvailableWorkingThreads: 2046, AvailableCompletionPortThreads: 1000
MaxWorkingThreads: 2047, MaxCompletionPortThreads: 1000
LISTServer ----------------------------------
Started Time: 2017/12/18 16:58:43
Is Running: True
Total Connections: 0
Maximum Allowed Connection Number: 1000
Total Handled Requests: 27
Request Handling Speed (#/second): 0
Avialable Sending Queue Items: 256
Total Sending Queue Items: 256

2017-12-18 19:14:43,667 Performance - ---------------------------------------------------
CPU Usage: 0.01%, Physical Memory Usage: 65,519,616.00, Total Thread Count: 31
AvailableWorkingThreads: 2046, AvailableCompletionPortThreads: 1000
MaxWorkingThreads: 2047, MaxCompletionPortThreads: 1000
LISTServer ----------------------------------
Started Time: 2017/12/18 16:58:43
Is Running: True
Total Connections: 0
Maximum Allowed Connection Number: 1000
Total Handled Requests: 27
Request Handling Speed (#/second): 0
Avialable Sending Queue Items: 256
Total Sending Queue Items: 256

2017-12-18 19:15:43,679 Performance - ---------------------------------------------------
CPU Usage: 0.08%, Physical Memory Usage: 66,514,944.00, Total Thread Count: 35
AvailableWorkingThreads: 2046, AvailableCompletionPortThreads: 1000
MaxWorkingThreads: 2047, MaxCompletionPortThreads: 1000
LISTServer ----------------------------------
Started Time: 2017/12/18 16:58:43
Is Running: True
Total Connections: 1
Maximum Allowed Connection Number: 1000
Total Handled Requests: 29
Request Handling Speed (#/second): 0
Avialable Sending Queue Items: 255
Total Sending Queue Items: 256

2017-12-18 19:16:43,693 Performance - ---------------------------------------------------
CPU Usage: 0.07%, Physical Memory Usage: 67,416,064.00, Total Thread Count: 34
AvailableWorkingThreads: 2046, AvailableCompletionPortThreads: 1000
MaxWorkingThreads: 2047, MaxCompletionPortThreads: 1000
LISTServer ----------------------------------
Started Time: 2017/12/18 16:58:43
Is Running: True
Total Connections: 0
Maximum Allowed Connection Number: 1000
Total Handled Requests: 31
Request Handling Speed (#/second): 0
Avialable Sending Queue Items: 256
Total Sending Queue Items: 256

2017-12-18 19:17:43,719 Performance - ---------------------------------------------------
CPU Usage: 0.01%, Physical Memory Usage: 68,726,784.00, Total Thread Count: 34
AvailableWorkingThreads: 2046, AvailableCompletionPortThreads: 1000
MaxWorkingThreads: 2047, MaxCompletionPortThreads: 1000
LISTServer ----------------------------------
Started Time: 2017/12/18 16:58:43
Is Running: True
Total Connections: 0
Maximum Allowed Connection Number: 1000
Total Handled Requests: 31
Request Handling Speed (#/second): 0
Avialable Sending Queue Items: 256
Total Sending Queue Items: 256

2017-12-18 19:18:43,725 Performance - ---------------------------------------------------
CPU Usage: 0.04%, Physical Memory Usage: 66,875,392.00, Total Thread Count: 31
AvailableWorkingThreads: 2046, AvailableCompletionPortThreads: 1000
MaxWorkingThreads: 2047, MaxCompletionPortThreads: 1000
LISTServer ----------------------------------
Started Time: 2017/12/18 16:58:43
Is Running: True
Total Connections: 0
Maximum Allowed Connection Number: 1000
Total Handled Requests: 33
Request Handling Speed (#/second): 0
Avialable Sending Queue Items: 256
Total Sending Queue Items: 256

2017-12-18 19:19:43,715 Performance - ---------------------------------------------------
CPU Usage: 0.00%, Physical Memory Usage: 67,051,520.00, Total Thread Count: 31
AvailableWorkingThreads: 2046, AvailableCompletionPortThreads: 1000
MaxWorkingThreads: 2047, MaxCompletionPortThreads: 1000
LISTServer ----------------------------------
Started Time: 2017/12/18 16:58:43
Is Running: True
Total Connections: 0
Maximum Allowed Connection Number: 1000
Total Handled Requests: 33
Request Handling Speed (#/second): 0
Avialable Sending Queue Items: 256
Total Sending Queue Items: 256

2017-12-18 19:20:43,731 Performance - ---------------------------------------------------
CPU Usage: 0.01%, Physical Memory Usage: 67,674,112.00, Total Thread Count: 31
AvailableWorkingThreads: 2046, AvailableCompletionPortThreads: 1000
MaxWorkingThreads: 2047, MaxCompletionPortThreads: 1000
LISTServer ----------------------------------
Started Time: 2017/12/18 16:58:43
Is Running: True
Total Connections: 0
Maximum Allowed Connection Number: 1000
Total Handled Requests: 33
Request Handling Speed (#/second): 0
Avialable Sending Queue Items: 256
Total Sending Queue Items: 256

2017-12-18 19:21:43,751 Performance - ---------------------------------------------------
CPU Usage: 0.01%, Physical Memory Usage: 68,407,296.00, Total Thread Count: 31
AvailableWorkingThreads: 2046, AvailableCompletionPortThreads: 1000
MaxWorkingThreads: 2047, MaxCompletionPortThreads: 1000
LISTServer ----------------------------------
Started Time: 2017/12/18 16:58:43
Is Running: True
Total Connections: 0
Maximum Allowed Connection Number: 1000
Total Handled Requests: 33
Request Handling Speed (#/second): 0
Avialable Sending Queue Items: 256
Total Sending Queue Items: 256

