2018-01-03 17:46:24,830 Performance - ---------------------------------------------------
CPU Usage: 0.00%, Physical Memory Usage: 41,443,328.00, Total Thread Count: 26
AvailableWorkingThreads: 2046, AvailableCompletionPortThreads: 1000
MaxWorkingThreads: 2047, MaxCompletionPortThreads: 1000
LISTServer ----------------------------------
Started Time: 2018/1/3 17:46:24
Is Running: True
Total Connections: 0
Maximum Allowed Connection Number: 1000
Total Handled Requests: 0
Request Handling Speed (#/second): 0
Avialable Sending Queue Items: 256
Total Sending Queue Items: 256

2018-01-03 17:47:24,806 Performance - ---------------------------------------------------
CPU Usage: 0.46%, Physical Memory Usage: 69,341,184.00, Total Thread Count: 39
AvailableWorkingThreads: 2046, AvailableCompletionPortThreads: 1000
MaxWorkingThreads: 2047, MaxCompletionPortThreads: 1000
LISTServer ----------------------------------
Started Time: 2018/1/3 17:46:24
Is Running: True
Total Connections: 0
Maximum Allowed Connection Number: 1000
Total Handled Requests: 4
Request Handling Speed (#/second): 0
Avialable Sending Queue Items: 256
Total Sending Queue Items: 256

2018-01-03 17:48:24,811 Performance - ---------------------------------------------------
CPU Usage: 0.01%, Physical Memory Usage: 69,672,960.00, Total Thread Count: 36
AvailableWorkingThreads: 2046, AvailableCompletionPortThreads: 1000
MaxWorkingThreads: 2047, MaxCompletionPortThreads: 1000
LISTServer ----------------------------------
Started Time: 2018/1/3 17:46:24
Is Running: True
Total Connections: 0
Maximum Allowed Connection Number: 1000
Total Handled Requests: 4
Request Handling Speed (#/second): 0
Avialable Sending Queue Items: 256
Total Sending Queue Items: 256

2018-01-03 17:49:24,810 Performance - ---------------------------------------------------
CPU Usage: 0.02%, Physical Memory Usage: 69,378,048.00, Total Thread Count: 32
AvailableWorkingThreads: 2046, AvailableCompletionPortThreads: 1000
MaxWorkingThreads: 2047, MaxCompletionPortThreads: 1000
LISTServer ----------------------------------
Started Time: 2018/1/3 17:46:24
Is Running: True
Total Connections: 0
Maximum Allowed Connection Number: 1000
Total Handled Requests: 4
Request Handling Speed (#/second): 0
Avialable Sending Queue Items: 256
Total Sending Queue Items: 256

2018-01-03 17:50:24,809 Performance - ---------------------------------------------------
CPU Usage: 0.09%, Physical Memory Usage: 70,483,968.00, Total Thread Count: 37
AvailableWorkingThreads: 2046, AvailableCompletionPortThreads: 1000
MaxWorkingThreads: 2047, MaxCompletionPortThreads: 1000
LISTServer ----------------------------------
Started Time: 2018/1/3 17:46:24
Is Running: True
Total Connections: 0
Maximum Allowed Connection Number: 1000
Total Handled Requests: 8
Request Handling Speed (#/second): 0
Avialable Sending Queue Items: 256
Total Sending Queue Items: 256

2018-01-03 17:51:24,815 Performance - ---------------------------------------------------
CPU Usage: 0.07%, Physical Memory Usage: 71,753,728.00, Total Thread Count: 35
AvailableWorkingThreads: 2046, AvailableCompletionPortThreads: 1000
MaxWorkingThreads: 2047, MaxCompletionPortThreads: 1000
LISTServer ----------------------------------
Started Time: 2018/1/3 17:46:24
Is Running: True
Total Connections: 0
Maximum Allowed Connection Number: 1000
Total Handled Requests: 12
Request Handling Speed (#/second): 0
Avialable Sending Queue Items: 256
Total Sending Queue Items: 256

2018-01-03 17:52:24,855 Performance - ---------------------------------------------------
CPU Usage: 0.02%, Physical Memory Usage: 72,654,848.00, Total Thread Count: 32
AvailableWorkingThreads: 2046, AvailableCompletionPortThreads: 1000
MaxWorkingThreads: 2047, MaxCompletionPortThreads: 1000
LISTServer ----------------------------------
Started Time: 2018/1/3 17:46:24
Is Running: True
Total Connections: 0
Maximum Allowed Connection Number: 1000
Total Handled Requests: 12
Request Handling Speed (#/second): 0
Avialable Sending Queue Items: 256
Total Sending Queue Items: 256

2018-01-03 17:53:24,813 Performance - ---------------------------------------------------
CPU Usage: 0.16%, Physical Memory Usage: 71,065,600.00, Total Thread Count: 33
AvailableWorkingThreads: 2046, AvailableCompletionPortThreads: 1000
MaxWorkingThreads: 2047, MaxCompletionPortThreads: 1000
LISTServer ----------------------------------
Started Time: 2018/1/3 17:46:24
Is Running: True
Total Connections: 0
Maximum Allowed Connection Number: 1000
Total Handled Requests: 16
Request Handling Speed (#/second): 0
Avialable Sending Queue Items: 256
Total Sending Queue Items: 256

2018-01-03 17:54:24,811 Performance - ---------------------------------------------------
CPU Usage: 0.01%, Physical Memory Usage: 72,318,976.00, Total Thread Count: 32
AvailableWorkingThreads: 2046, AvailableCompletionPortThreads: 1000
MaxWorkingThreads: 2047, MaxCompletionPortThreads: 1000
LISTServer ----------------------------------
Started Time: 2018/1/3 17:46:24
Is Running: True
Total Connections: 0
Maximum Allowed Connection Number: 1000
Total Handled Requests: 16
Request Handling Speed (#/second): 0
Avialable Sending Queue Items: 256
Total Sending Queue Items: 256

2018-01-03 17:55:24,818 Performance - ---------------------------------------------------
CPU Usage: 0.01%, Physical Memory Usage: 71,802,880.00, Total Thread Count: 32
AvailableWorkingThreads: 2046, AvailableCompletionPortThreads: 1000
MaxWorkingThreads: 2047, MaxCompletionPortThreads: 1000
LISTServer ----------------------------------
Started Time: 2018/1/3 17:46:24
Is Running: True
Total Connections: 0
Maximum Allowed Connection Number: 1000
Total Handled Requests: 16
Request Handling Speed (#/second): 0
Avialable Sending Queue Items: 256
Total Sending Queue Items: 256

2018-01-03 17:56:24,809 Performance - ---------------------------------------------------
CPU Usage: 0.01%, Physical Memory Usage: 72,155,136.00, Total Thread Count: 32
AvailableWorkingThreads: 2046, AvailableCompletionPortThreads: 1000
MaxWorkingThreads: 2047, MaxCompletionPortThreads: 1000
LISTServer ----------------------------------
Started Time: 2018/1/3 17:46:24
Is Running: True
Total Connections: 0
Maximum Allowed Connection Number: 1000
Total Handled Requests: 16
Request Handling Speed (#/second): 0
Avialable Sending Queue Items: 256
Total Sending Queue Items: 256

2018-01-03 17:57:24,828 Performance - ---------------------------------------------------
CPU Usage: 0.01%, Physical Memory Usage: 72,859,648.00, Total Thread Count: 33
AvailableWorkingThreads: 2046, AvailableCompletionPortThreads: 1000
MaxWorkingThreads: 2047, MaxCompletionPortThreads: 1000
LISTServer ----------------------------------
Started Time: 2018/1/3 17:46:24
Is Running: True
Total Connections: 0
Maximum Allowed Connection Number: 1000
Total Handled Requests: 16
Request Handling Speed (#/second): 0
Avialable Sending Queue Items: 256
Total Sending Queue Items: 256

